
  # Process COVID TAB data
p1= 18747 il= 138
p1= 18729 il= 137
p1= 18869 il= 136
p1= 18869 il= 135
p1= 18869 il= 134
US_New_Jersey_Bergen=Confirmed nl = 139, n1= 5 s1= 18816.6 s2= 354068586.6 SD= 64.4285650940719 frac%= 0.342402799092673
US_New_Jersey_Bergen=Confirmed i:  50  50  -4  3/13/2020 p:     343   18816 e: -98.2 r:   0.1   
US_New_Jersey_Bergen=Confirmed i:  51  51  -3          . p:     343   18816 e: -98.2 r:   0.1   
US_New_Jersey_Bergen=Confirmed i:  52  52  -2  3/15/2020 p:     343   18816 e: -98.2 r:   0.1   
US_New_Jersey_Bergen=Confirmed i:  55  55   1          . p:       0   18816 e: -100.0 r:   0.6   
US_New_Jersey_Bergen=Confirmed i:  56   0   2  3/19/2020 p:   20242   18816 e:   7.6 r:   1.0 OK 1st
US_New_Jersey_Bergen=Confirmed i:  57   1   3          . p:    1029   18816 e: -94.5 r:   1.3   
US_New_Jersey_Bergen=Confirmed i:  58   2   4  3/21/2020 p:    2401   18816 e: -87.2 r:   1.9   
US_New_Jersey_Bergen=Confirmed i:  59   3   5          . p:    2401   18816 e: -87.2 r:   2.4   
US_New_Jersey_Bergen=Confirmed i:  60   4   6  3/23/2020 p:    3087   18816 e: -83.6 r:   3.2   
US_New_Jersey_Bergen=Confirmed i:  61   5   7          . p:    3087   18816 e: -83.6 r:   3.7   
US_New_Jersey_Bergen=Confirmed i:  62   6   8  3/25/2020 p:    1715   18816 e: -90.9 r:   4.4   
US_New_Jersey_Bergen=Confirmed i:  63   7   9          . p:    7891   18816 e: -58.1 r:   6.4   
US_New_Jersey_Bergen=Confirmed i:  64   8  10  3/27/2020 p:   12694   18816 e: -32.5 r:   8.0   
US_New_Jersey_Bergen=Confirmed i:  65   9  11          . p:   18183   18816 e:  -3.4 r:   9.8 OK
US_New_Jersey_Bergen=Confirmed i:  66  10  12  3/29/2020 p:    5832   18816 e: -69.0 r:  11.5   
US_New_Jersey_Bergen=Confirmed i:  67  11  13          . p:   37396   18816 e:  98.7 r:  13.2   
US_New_Jersey_Bergen=Confirmed i:  68  12  14  3/31/2020 p:    5832   18816 e: -69.0 r:  15.5   
US_New_Jersey_Bergen=Confirmed i:  69  13  15          . p:   32593   18816 e:  73.2 r:  18.6   
US_New_Jersey_Bergen=Confirmed i:  70  14  16   4/2/2020 p:   16125   18816 e: -14.3 r:  21.8 OK
US_New_Jersey_Bergen=Confirmed i:  71  15  17          . p:   30535   18816 e:  62.3 r:  25.9   
US_New_Jersey_Bergen=Confirmed i:  72  16  18   4/4/2020 p:       0   18816 e: -100.0 r:  30.6   
US_New_Jersey_Bergen=Confirmed i:  73  17  19          . p:   47689   18816 e: 153.4 r:  32.9   
US_New_Jersey_Bergen=Confirmed i:  74  18  20   4/6/2020 p:   52492   18816 e: 179.0 r:  36.5   
US_New_Jersey_Bergen=Confirmed i:  75  19  21          . p:   47689   18816 e: 153.4 r:  40.0   
US_New_Jersey_Bergen=Confirmed i:  76  20  22   4/8/2020 p:   10635   18816 e: -43.5 r:  41.8   
US_New_Jersey_Bergen=Confirmed i:  77  21  23          . p:   10709   18816 e: -43.1 r:  44.3   
US_New_Jersey_Bergen=Confirmed i:  78  22  24  4/10/2020 p:   11711   18816 e: -37.8 r:  47.4   
US_New_Jersey_Bergen=Confirmed i:  79  23  25          . p:   12113   18816 e: -35.6 r:  49.8   
US_New_Jersey_Bergen=Confirmed i:  80  24  26  4/12/2020 p:   12665   18816 e: -32.7 r:  52.0   
US_New_Jersey_Bergen=Confirmed i:  81  25  27          . p:   12592   18816 e: -33.1 r:  53.6   
US_New_Jersey_Bergen=Confirmed i:  82  26  28  4/14/2020 p:   13403   18816 e: -28.8 r:  55.4   
US_New_Jersey_Bergen=Confirmed i:  83  27  29          . p:   13033   18816 e: -30.7 r:  57.7   
US_New_Jersey_Bergen=Confirmed i:  84  28  30  4/16/2020 p:   14066   18816 e: -25.2 r:  60.6   
US_New_Jersey_Bergen=Confirmed i:  85  29  31          . p:   14752   18816 e: -21.6 r:  63.0   
US_New_Jersey_Bergen=Confirmed i:  86  30  32  4/18/2020 p:   15439   18816 e: -18.0 r:  64.6   
US_New_Jersey_Bergen=Confirmed i:  87  31  33          . p:   16125   18816 e: -14.3 r:  67.2 OK
US_New_Jersey_Bergen=Confirmed i:  88  32  34  4/20/2020 p:   16165   18816 e: -14.1 r:  69.1 OK
US_New_Jersey_Bergen=Confirmed i:  89  33  35          . p:   16321   18816 e: -13.3 r:  71.0 OK
US_New_Jersey_Bergen=Confirmed i:  90  34  36  4/22/2020 p:   16634   18816 e: -11.6 r:  72.7 OK
US_New_Jersey_Bergen=Confirmed i:  91  35  37          . p:   16984   18816 e:  -9.7 r:  74.7 OK
US_New_Jersey_Bergen=Confirmed i:  92  36  38  4/24/2020 p:   17122   18816 e:  -9.0 r:  76.3 OK
US_New_Jersey_Bergen=Confirmed i:  93  37  39          . p:   17731   18816 e:  -5.8 r:  78.3 OK
US_New_Jersey_Bergen=Confirmed i:  94  38  40  4/26/2020 p:   17621   18816 e:  -6.4 r:  79.5 OK
US_New_Jersey_Bergen=Confirmed i:  95  39  41          . p:   17851   18816 e:  -5.1 r:  80.3 OK
US_New_Jersey_Bergen=Confirmed i:  96  40  42  4/28/2020 p:   17678   18816 e:  -6.1 r:  81.1 OK
US_New_Jersey_Bergen=Confirmed i:  97  41  43          . p:   17638   18816 e:  -6.3 r:  82.1 OK
US_New_Jersey_Bergen=Confirmed i:  98  42  44  4/30/2020 p:   17713   18816 e:  -5.9 r:  83.0 OK
US_New_Jersey_Bergen=Confirmed i:  99  43  45          . p:   18183   18816 e:  -3.4 r:  84.1 OK
US_New_Jersey_Bergen=Confirmed i: 100  44  46   5/2/2020 p:   18183   18816 e:  -3.4 r:  84.9 OK
US_New_Jersey_Bergen=Confirmed i: 101  45  47          . p:   18183   18816 e:  -3.4 r:  86.0 OK
US_New_Jersey_Bergen=Confirmed i: 102  46  48   5/4/2020 p:   18183   18816 e:  -3.4 r:  86.5 OK
US_New_Jersey_Bergen=Confirmed i: 103  47  49          . p:   17903   18816 e:  -4.9 r:  87.5 OK
US_New_Jersey_Bergen=Confirmed i: 104  48  50   5/6/2020 p:   17806   18816 e:  -5.4 r:  87.8 OK
US_New_Jersey_Bergen=Confirmed i: 105  49  51          . p:   17867   18816 e:  -5.0 r:  88.3 OK
US_New_Jersey_Bergen=Confirmed i: 106  50  52   5/8/2020 p:   17882   18816 e:  -5.0 r:  88.8 OK
US_New_Jersey_Bergen=Confirmed i: 107  51  53          . p:   17882   18816 e:  -5.0 r:  89.3 OK
US_New_Jersey_Bergen=Confirmed i: 108  52  54  5/10/2020 p:   18183   18816 e:  -3.4 r:  90.0 OK
US_New_Jersey_Bergen=Confirmed i: 109  53  55          . p:   18183   18816 e:  -3.4 r:  90.5 OK
US_New_Jersey_Bergen=Confirmed i: 110  54  56  5/12/2020 p:   18183   18816 e:  -3.4 r:  90.8 OK
US_New_Jersey_Bergen=Confirmed i: 111  55  57          . p:   18071   18816 e:  -4.0 r:  91.1 OK
US_New_Jersey_Bergen=Confirmed i: 112  56  58  5/14/2020 p:   17867   18816 e:  -5.0 r:  90.8 OK
US_New_Jersey_Bergen=Confirmed i: 113  57  59          . p:   17888   18816 e:  -4.9 r:  91.4 OK
US_New_Jersey_Bergen=Confirmed i: 114  58  60  5/16/2020 p:   17888   18816 e:  -4.9 r:  91.7 OK
US_New_Jersey_Bergen=Confirmed i: 115  59  61          . p:   18183   18816 e:  -3.4 r:  92.3 OK
US_New_Jersey_Bergen=Confirmed i: 116  60  62  5/18/2020 p:   18183   18816 e:  -3.4 r:  92.8 OK
US_New_Jersey_Bergen=Confirmed i: 117  61  63          . p:   18183   18816 e:  -3.4 r:  92.9 OK
US_New_Jersey_Bergen=Confirmed i: 118  62  64  5/20/2020 p:   18183   18816 e:  -3.4 r:  93.1 OK
US_New_Jersey_Bergen=Confirmed i: 119  63  65          . p:   18183   18816 e:  -3.4 r:  93.4 OK
US_New_Jersey_Bergen=Confirmed i: 120  64  66  5/22/2020 p:   18183   18816 e:  -3.4 r:  93.8 OK
US_New_Jersey_Bergen=Confirmed i: 121  65  67          . p:   18183   18816 e:  -3.4 r:  93.9 OK
US_New_Jersey_Bergen=Confirmed i: 122  66  68  5/24/2020 p:   18183   18816 e:  -3.4 r:  94.6 OK
US_New_Jersey_Bergen=Confirmed i: 123  67  69          . p:   18183   18816 e:  -3.4 r:  95.1 OK
US_New_Jersey_Bergen=Confirmed i: 124  68  70  5/26/2020 p:   18183   18816 e:  -3.4 r:  95.5 OK
US_New_Jersey_Bergen=Confirmed i: 125  69  71          . p:   18183   18816 e:  -3.4 r:  95.8 OK
US_New_Jersey_Bergen=Confirmed i: 126  70  72  5/28/2020 p:   18869   18816 e:   0.3 r:  96.5 OK
US_New_Jersey_Bergen=Confirmed i: 127  71  73          . p:   18869   18816 e:   0.3 r:  96.6 OK
US_New_Jersey_Bergen=Confirmed i: 128  72  74  5/30/2020 p:   18869   18816 e:   0.3 r:  96.8 OK
US_New_Jersey_Bergen=Confirmed i: 129  73  75          . p:   18869   18816 e:   0.3 r:  97.1 OK
US_New_Jersey_Bergen=Confirmed i: 130  74  76   6/1/2020 p:   18869   18816 e:   0.3 r:  97.3 OK
US_New_Jersey_Bergen=Confirmed i: 131  75  77          . p:   18869   18816 e:   0.3 r:  97.4 OK
US_New_Jersey_Bergen=Confirmed i: 132  76  78   6/3/2020 p:   18869   18816 e:   0.3 r:  97.7 OK
US_New_Jersey_Bergen=Confirmed i: 133  77  79          . p:   18820   18816 e:   0.0 r:  97.8 OK
US_New_Jersey_Bergen=Confirmed i: 134  78  80   6/5/2020 p:   18869   18816 e:   0.3 r:  98.1 OK
US_New_Jersey_Bergen=Confirmed i: 135  79  81          . p:   18869   18816 e:   0.3 r:  98.3 OK
US_New_Jersey_Bergen=Confirmed i: 136  80  82   6/7/2020 p:   18869   18816 e:   0.3 r:  98.4 OK
US_New_Jersey_Bergen=Confirmed i: 137  81  83          . p:   18729   18816 e:  -0.5 r:  98.5 OK
US_New_Jersey_Bergen=Confirmed i: 138  82  84   6/9/2020 p:   18747   18816 e:  -0.4 r:  98.7 OK
