
  # Process COVID TAB data
p1= 16854 il= 138
p1= 16755 il= 137
p1= 16755 il= 136
p1= 16755 il= 135
p1= 16755 il= 134
US_New_Jersey_Passaic=Confirmed nl = 139, n1= 5 s1= 16774.8 s2= 281395483.2 SD= 39.6000000003311 frac%= 0.236068388298705
US_New_Jersey_Passaic=Confirmed i:  55  55  -4          . p:     304   16774 e: -98.2 r:   0.1   
US_New_Jersey_Passaic=Confirmed i:  56  56  -3  3/19/2020 p:   30769   16774 e:  83.4 r:   0.2   
US_New_Jersey_Passaic=Confirmed i:  57  57  -2          . p:     304   16774 e: -98.2 r:   0.3   
US_New_Jersey_Passaic=Confirmed i:  58  58  -1  3/21/2020 p:     304   16774 e: -98.2 r:   0.4   
US_New_Jersey_Passaic=Confirmed i:  59  59   0          . p:     304   16774 e: -98.2 r:   0.6   
US_New_Jersey_Passaic=Confirmed i:  60  60   1  3/23/2020 p:     913   16774 e: -94.6 r:   0.8   
US_New_Jersey_Passaic=Confirmed i:  61  61   2          . p:    2132   16774 e: -87.3 r:   1.3   
US_New_Jersey_Passaic=Confirmed i:  62  62   3  3/25/2020 p:   10662   16774 e: -36.4 r:   1.5   
US_New_Jersey_Passaic=Confirmed i:  63  63   4          . p:    5788   16774 e: -65.5 r:   2.4   
US_New_Jersey_Passaic=Confirmed i:  64  64   5  3/27/2020 p:    6397   16774 e: -61.9 r:   2.9   
US_New_Jersey_Passaic=Confirmed i:  65  65   6          . p:    3351   16774 e: -80.0 r:   3.6   
US_New_Jersey_Passaic=Confirmed i:  66  66   7  3/29/2020 p:   23458   16774 e:  39.8 r:   5.0   
US_New_Jersey_Passaic=Confirmed i:  67   0   8          . p:   16755   16774 e:  -0.1 r:   6.5 OK 1st
US_New_Jersey_Passaic=Confirmed i:  68   1   9  3/31/2020 p:   18583   16774 e:  10.8 r:   7.7 OK
US_New_Jersey_Passaic=Confirmed i:  69   2  10          . p:   19802   16774 e:  18.0 r:   8.9   
US_New_Jersey_Passaic=Confirmed i:  70   3  11   4/2/2020 p:    6208   16774 e: -63.0 r:  10.4   
US_New_Jersey_Passaic=Confirmed i:  71   4  12          . p:   18269   16774 e:   8.9 r:  13.2 OK
US_New_Jersey_Passaic=Confirmed i:  72   5  13   4/4/2020 p:   42346   16774 e: 152.4 r:  17.0   
US_New_Jersey_Passaic=Confirmed i:  73   6  14          . p:       0   16774 e: -100.0 r:  19.2   
US_New_Jersey_Passaic=Confirmed i:  74   7  15   4/6/2020 p:   46002   16774 e: 174.2 r:  22.4   
US_New_Jersey_Passaic=Confirmed i:  75   8  16          . p:   38081   16774 e: 127.0 r:  24.5   
US_New_Jersey_Passaic=Confirmed i:  76   9  17   4/8/2020 p:   27485   16774 e:  63.8 r:  26.1   
US_New_Jersey_Passaic=Confirmed i:  77  10  18          . p:    5602   16774 e: -66.6 r:  28.0   
US_New_Jersey_Passaic=Confirmed i:  78  11  19  4/10/2020 p:    6209   16774 e: -63.0 r:  29.9   
US_New_Jersey_Passaic=Confirmed i:  79  12  20          . p:    6601   16774 e: -60.6 r:  31.6   
US_New_Jersey_Passaic=Confirmed i:  80  13  21  4/12/2020 p:    7542   16774 e: -55.0 r:  33.3   
US_New_Jersey_Passaic=Confirmed i:  81  14  22          . p:   14892   16774 e: -11.2 r:  35.5 OK
US_New_Jersey_Passaic=Confirmed i:  82  15  23  4/14/2020 p:    8834   16774 e: -47.3 r:  38.4   
US_New_Jersey_Passaic=Confirmed i:  83  16  24          . p:    9444   16774 e: -43.7 r:  40.2   
US_New_Jersey_Passaic=Confirmed i:  84  17  25  4/16/2020 p:   10662   16774 e: -36.4 r:  43.6   
US_New_Jersey_Passaic=Confirmed i:  85  18  26          . p:   11272   16774 e: -32.8 r:  45.3   
US_New_Jersey_Passaic=Confirmed i:  86  19  27  4/18/2020 p:   11272   16774 e: -32.8 r:  47.3   
US_New_Jersey_Passaic=Confirmed i:  87  20  28          . p:   11944   16774 e: -28.8 r:  49.4   
US_New_Jersey_Passaic=Confirmed i:  88  21  29  4/20/2020 p:   11832   16774 e: -29.5 r:  50.5   
US_New_Jersey_Passaic=Confirmed i:  89  22  30          . p:   11513   16774 e: -31.4 r:  50.5   
US_New_Jersey_Passaic=Confirmed i:  90  23  31  4/22/2020 p:   12507   16774 e: -25.4 r:  56.0   
US_New_Jersey_Passaic=Confirmed i:  91  24  32          . p:   13709   16774 e: -18.3 r:  58.9   
US_New_Jersey_Passaic=Confirmed i:  92  25  33  4/24/2020 p:   14318   16774 e: -14.6 r:  61.3 OK
US_New_Jersey_Passaic=Confirmed i:  93  26  34          . p:   14927   16774 e: -11.0 r:  64.0 OK
US_New_Jersey_Passaic=Confirmed i:  94  27  35  4/26/2020 p:   14927   16774 e: -11.0 r:  66.4 OK
US_New_Jersey_Passaic=Confirmed i:  95  28  36          . p:   15537   16774 e:  -7.4 r:  67.7 OK
US_New_Jersey_Passaic=Confirmed i:  96  29  37  4/28/2020 p:   15537   16774 e:  -7.4 r:  70.1 OK
US_New_Jersey_Passaic=Confirmed i:  97  30  38          . p:   16184   16774 e:  -3.5 r:  72.6 OK
US_New_Jersey_Passaic=Confirmed i:  98  31  39  4/30/2020 p:   16146   16774 e:  -3.7 r:  74.2 OK
US_New_Jersey_Passaic=Confirmed i:  99  32  40          . p:   16554   16774 e:  -1.3 r:  76.4 OK
US_New_Jersey_Passaic=Confirmed i: 100  33  41   5/2/2020 p:   16590   16774 e:  -1.1 r:  78.0 OK
US_New_Jersey_Passaic=Confirmed i: 101  34  42          . p:   16795   16774 e:   0.1 r:  79.7 OK
US_New_Jersey_Passaic=Confirmed i: 102  35  43   5/4/2020 p:   16772   16774 e:  -0.0 r:  80.5 OK
US_New_Jersey_Passaic=Confirmed i: 103  36  44          . p:   17032   16774 e:   1.5 r:  82.2 OK
US_New_Jersey_Passaic=Confirmed i: 104  37  45   5/6/2020 p:   16965   16774 e:   1.1 r:  83.3 OK
US_New_Jersey_Passaic=Confirmed i: 105  38  46          . p:   17138   16774 e:   2.2 r:  84.3 OK
US_New_Jersey_Passaic=Confirmed i: 106  39  47   5/8/2020 p:   17171   16774 e:   2.4 r:  85.1 OK
US_New_Jersey_Passaic=Confirmed i: 107  40  48          . p:   17153   16774 e:   2.3 r:  86.0 OK
US_New_Jersey_Passaic=Confirmed i: 108  41  49  5/10/2020 p:   17025   16774 e:   1.5 r:  86.7 OK
US_New_Jersey_Passaic=Confirmed i: 109  42  50          . p:   16967   16774 e:   1.1 r:  87.3 OK
US_New_Jersey_Passaic=Confirmed i: 110  43  51  5/12/2020 p:   17007   16774 e:   1.4 r:  87.7 OK
US_New_Jersey_Passaic=Confirmed i: 111  44  52          . p:   16846   16774 e:   0.4 r:  88.0 OK
US_New_Jersey_Passaic=Confirmed i: 112  45  53  5/14/2020 p:   16854   16774 e:   0.5 r:  88.7 OK
US_New_Jersey_Passaic=Confirmed i: 113  46  54          . p:   16676   16774 e:  -0.6 r:  89.0 OK
US_New_Jersey_Passaic=Confirmed i: 114  47  55  5/16/2020 p:   16755   16774 e:  -0.1 r:  89.6 OK
US_New_Jersey_Passaic=Confirmed i: 115  48  56          . p:   16755   16774 e:  -0.1 r:  90.6 OK
US_New_Jersey_Passaic=Confirmed i: 116  49  57  5/18/2020 p:   16755   16774 e:  -0.1 r:  91.1 OK
US_New_Jersey_Passaic=Confirmed i: 117  50  58          . p:   16755   16774 e:  -0.1 r:  91.6 OK
US_New_Jersey_Passaic=Confirmed i: 118  51  59  5/20/2020 p:   16755   16774 e:  -0.1 r:  92.0 OK
US_New_Jersey_Passaic=Confirmed i: 119  52  60          . p:   16755   16774 e:  -0.1 r:  92.4 OK
US_New_Jersey_Passaic=Confirmed i: 120  53  61  5/22/2020 p:   16755   16774 e:  -0.1 r:  93.0 OK
US_New_Jersey_Passaic=Confirmed i: 121  54  62          . p:   16449   16774 e:  -1.9 r:  93.1 OK
US_New_Jersey_Passaic=Confirmed i: 122  55  63  5/24/2020 p:   16522   16774 e:  -1.5 r:  93.5 OK
US_New_Jersey_Passaic=Confirmed i: 123  56  64          . p:   16755   16774 e:  -0.1 r:  94.0 OK
US_New_Jersey_Passaic=Confirmed i: 124  57  65  5/26/2020 p:   16508   16774 e:  -1.6 r:  94.3 OK
US_New_Jersey_Passaic=Confirmed i: 125  58  66          . p:   16480   16774 e:  -1.8 r:  94.6 OK
US_New_Jersey_Passaic=Confirmed i: 126  59  67  5/28/2020 p:   16755   16774 e:  -0.1 r:  95.1 OK
US_New_Jersey_Passaic=Confirmed i: 127  60  68          . p:   16755   16774 e:  -0.1 r:  95.6 OK
US_New_Jersey_Passaic=Confirmed i: 128  61  69  5/30/2020 p:   16755   16774 e:  -0.1 r:  96.0 OK
US_New_Jersey_Passaic=Confirmed i: 129  62  70          . p:   16755   16774 e:  -0.1 r:  96.4 OK
US_New_Jersey_Passaic=Confirmed i: 130  63  71   6/1/2020 p:   16755   16774 e:  -0.1 r:  96.6 OK
US_New_Jersey_Passaic=Confirmed i: 131  64  72          . p:   16668   16774 e:  -0.6 r:  96.8 OK
US_New_Jersey_Passaic=Confirmed i: 132  65  73   6/3/2020 p:   16614   16774 e:  -1.0 r:  97.0 OK
US_New_Jersey_Passaic=Confirmed i: 133  66  74          . p:   16659   16774 e:  -0.7 r:  97.2 OK
US_New_Jersey_Passaic=Confirmed i: 134  67  75   6/5/2020 p:   16755   16774 e:  -0.1 r:  97.7 OK
US_New_Jersey_Passaic=Confirmed i: 135  68  76          . p:   16755   16774 e:  -0.1 r:  98.0 OK
US_New_Jersey_Passaic=Confirmed i: 136  69  77   6/7/2020 p:   16755   16774 e:  -0.1 r:  98.1 OK
US_New_Jersey_Passaic=Confirmed i: 137  70  78          . p:   16755   16774 e:  -0.1 r:  98.1 OK
US_New_Jersey_Passaic=Confirmed i: 138  71  79   6/9/2020 p:   16854   16774 e:   0.5 r:  98.3 OK
