
  # Process COVID TAB data
p1= 405 il= 138
p1= 405 il= 137
p1= 405 il= 136
p1= 405 il= 135
p1= 395 il= 134
US_Texas_Dallas=Deaths nl = 139, n1= 5 s1= 403 s2= 162425 SD= 4 frac%= 0.992555831265509
US_Texas_Dallas=Deaths i:  62  62 -14  3/25/2020 p:       9     403 e: -97.8 r:   1.5   
US_Texas_Dallas=Deaths i:  63  63 -13          . p:       8     403 e: -98.0 r:   1.7   
US_Texas_Dallas=Deaths i:  64  64 -12  3/27/2020 p:       7     403 e: -98.3 r:   1.7   
US_Texas_Dallas=Deaths i:  65  65 -11          . p:      12     403 e: -97.0 r:   2.2   
US_Texas_Dallas=Deaths i:  66  66 -10  3/29/2020 p:      15     403 e: -96.3 r:   2.5   
US_Texas_Dallas=Deaths i:  67  67  -9          . p:      14     403 e: -96.5 r:   2.7   
US_Texas_Dallas=Deaths i:  68  68  -8  3/31/2020 p:      15     403 e: -96.3 r:   3.2   
US_Texas_Dallas=Deaths i:  69  69  -7          . p:      25     403 e: -93.8 r:   3.7   
US_Texas_Dallas=Deaths i:  70  70  -6   4/2/2020 p:      25     403 e: -93.8 r:   4.2   
US_Texas_Dallas=Deaths i:  71  71  -5          . p:      30     403 e: -92.6 r:   4.2   
US_Texas_Dallas=Deaths i:  72  72  -4   4/4/2020 p:      18     403 e: -95.5 r:   4.5   
US_Texas_Dallas=Deaths i:  73  73  -3          . p:      17     403 e: -95.8 r:   4.5   
US_Texas_Dallas=Deaths i:  74  74  -2   4/6/2020 p:      18     403 e: -95.5 r:   4.5   
US_Texas_Dallas=Deaths i:  75  75  -1          . p:      15     403 e: -96.3 r:   4.7   
US_Texas_Dallas=Deaths i:  76  76   0   4/8/2020 p:      25     403 e: -93.8 r:   5.0   
US_Texas_Dallas=Deaths i:  77  77   1          . p:      25     403 e: -93.8 r:   5.5   
US_Texas_Dallas=Deaths i:  81  81   5          . p:     105     403 e: -73.9 r:   7.9   
US_Texas_Dallas=Deaths i:  85  85   9          . p:     105     403 e: -73.9 r:  13.6   
US_Texas_Dallas=Deaths i:  86  86  10  4/18/2020 p:      85     403 e: -78.9 r:  14.9   
US_Texas_Dallas=Deaths i:  87  87  11          . p:      75     403 e: -81.4 r:  14.9   
US_Texas_Dallas=Deaths i:  88  88  12  4/20/2020 p:      65     403 e: -83.9 r:  14.9   
US_Texas_Dallas=Deaths i:  89  89  13          . p:      65     403 e: -83.9 r:  14.9   
US_Texas_Dallas=Deaths i:  90  90  14  4/22/2020 p:      65     403 e: -83.9 r:  16.1   
US_Texas_Dallas=Deaths i:  91  91  15          . p:     115     403 e: -71.5 r:  17.9   
US_Texas_Dallas=Deaths i:  92  92  16  4/24/2020 p:     115     403 e: -71.5 r:  19.1   
US_Texas_Dallas=Deaths i:  93  93  17          . p:     125     403 e: -69.0 r:  20.1   
US_Texas_Dallas=Deaths i:  94  94  18  4/26/2020 p:     125     403 e: -69.0 r:  20.3   
US_Texas_Dallas=Deaths i:  95  95  19          . p:     115     403 e: -71.5 r:  20.3   
US_Texas_Dallas=Deaths i:  96  96  20  4/28/2020 p:     155     403 e: -61.5 r:  23.3   
US_Texas_Dallas=Deaths i:  97  97  21          . p:     155     403 e: -61.5 r:  23.3   
US_Texas_Dallas=Deaths i:  98  98  22  4/30/2020 p:     185     403 e: -54.1 r:  25.8   
US_Texas_Dallas=Deaths i:  99  99  23          . p:     195     403 e: -51.6 r:  26.3   
US_Texas_Dallas=Deaths i: 100 100  24   5/2/2020 p:     205     403 e: -49.1 r:  27.3   
US_Texas_Dallas=Deaths i: 101 101  25          . p:     205     403 e: -49.1 r:  27.5   
US_Texas_Dallas=Deaths i: 102 102  26   5/4/2020 p:     195     403 e: -51.6 r:  28.3   
US_Texas_Dallas=Deaths i: 103 103  27          . p:     204     403 e: -49.4 r:  30.0   
US_Texas_Dallas=Deaths i: 104 104  28   5/6/2020 p:     203     403 e: -49.6 r:  30.5   
US_Texas_Dallas=Deaths i: 105 105  29          . p:     205     403 e: -49.1 r:  31.0   
US_Texas_Dallas=Deaths i: 106 106  30   5/8/2020 p:     219     403 e: -45.7 r:  33.5   
US_Texas_Dallas=Deaths i: 107 107  31          . p:     245     403 e: -39.2 r:  35.5   
US_Texas_Dallas=Deaths i: 108 108  32  5/10/2020 p:     255     403 e: -36.7 r:  35.5   
US_Texas_Dallas=Deaths i: 109   0  33          . p:     415     403 e:   3.0 r:  36.0 OK 1st
US_Texas_Dallas=Deaths i: 110   1  34  5/12/2020 p:     245     403 e: -39.2 r:  36.0   
US_Texas_Dallas=Deaths i: 111   2  35          . p:     245     403 e: -39.2 r:  38.0   
US_Texas_Dallas=Deaths i: 112   3  36  5/14/2020 p:     295     403 e: -26.8 r:  39.5   
US_Texas_Dallas=Deaths i: 113   4  37          . p:     305     403 e: -24.3 r:  40.7   
US_Texas_Dallas=Deaths i: 114   5  38  5/16/2020 p:     355     403 e: -11.9 r:  42.2 OK
US_Texas_Dallas=Deaths i: 115   6  39          . p:     385     403 e:  -4.5 r:  43.7 OK
US_Texas_Dallas=Deaths i: 116   7  40  5/18/2020 p:     295     403 e: -26.8 r:  43.9   
US_Texas_Dallas=Deaths i: 117   8  41          . p:     325     403 e: -19.4 r:  47.4   
US_Texas_Dallas=Deaths i: 118   9  42  5/20/2020 p:     335     403 e: -16.9 r:  47.4   
US_Texas_Dallas=Deaths i: 119  10  43          . p:     425     403 e:   5.5 r:  50.4 OK
US_Texas_Dallas=Deaths i: 120  11  44  5/22/2020 p:     375     403 e:  -6.9 r:  51.4 OK
US_Texas_Dallas=Deaths i: 121  12  45          . p:     385     403 e:  -4.5 r:  52.1 OK
US_Texas_Dallas=Deaths i: 122  13  46  5/24/2020 p:     445     403 e:  10.4 r:  52.4 OK
US_Texas_Dallas=Deaths i: 123  14  47          . p:     215     403 e: -46.7 r:  52.4   
US_Texas_Dallas=Deaths i: 124  15  48  5/26/2020 p:     215     403 e: -46.7 r:  52.9   
US_Texas_Dallas=Deaths i: 125  16  49          . p:     427     403 e:   6.0 r:  54.8 OK
US_Texas_Dallas=Deaths i: 126  17  50  5/28/2020 p:     375     403 e:  -6.9 r:  55.1 OK
US_Texas_Dallas=Deaths i: 127  18  51          . p:     375     403 e:  -6.9 r:  55.3 OK
US_Texas_Dallas=Deaths i: 128  19  52  5/30/2020 p:     365     403 e:  -9.4 r:  55.3 OK
US_Texas_Dallas=Deaths i: 129  20  53          . p:     395     403 e:  -2.0 r:  56.8 OK
US_Texas_Dallas=Deaths i: 130  21  54   6/1/2020 p:     355     403 e: -11.9 r:  56.8 OK
US_Texas_Dallas=Deaths i: 131  22  55          . p:     387     403 e:  -4.0 r:  60.8 OK
US_Texas_Dallas=Deaths i: 132  23  56   6/3/2020 p:     395     403 e:  -2.0 r:  61.8 OK
US_Texas_Dallas=Deaths i: 133  24  57          . p:     395     403 e:  -2.0 r:  62.0 OK
US_Texas_Dallas=Deaths i: 134  25  58   6/5/2020 p:     395     403 e:  -2.0 r:  64.5 OK
US_Texas_Dallas=Deaths i: 135  26  59          . p:     405     403 e:   0.5 r:  65.0 OK
US_Texas_Dallas=Deaths i: 136  27  60   6/7/2020 p:     405     403 e:   0.5 r:  65.5 OK
US_Texas_Dallas=Deaths i: 137  28  61          . p:     405     403 e:   0.5 r:  65.5 OK
US_Texas_Dallas=Deaths i: 138  29  62   6/9/2020 p:     405     403 e:   0.5 r:  67.2 OK
