
  # Process COVID TAB data
p1= 6670 il= 138
p1= 6734 il= 137
p1= 6710 il= 136
p1= 6710 il= 135
p1= 6710 il= 134
US_New_Jersey_Morris=Confirmed nl = 139, n1= 5 s1= 6706.8 s2= 44981591.2 SD= 20.6145579627819 frac%= 0.307368013997464
US_New_Jersey_Morris=Confirmed i:  57  57  -1          . p:     366    6706 e: -94.5 r:   0.5   
US_New_Jersey_Morris=Confirmed i:  58  58   0  3/21/2020 p:    4758    6706 e: -29.1 r:   1.0   
US_New_Jersey_Morris=Confirmed i:  61  61   3          . p:     854    6706 e: -87.3 r:   3.0   
US_New_Jersey_Morris=Confirmed i:  62  62   4  3/25/2020 p:     366    6706 e: -94.5 r:   3.3   
US_New_Jersey_Morris=Confirmed i:  63  63   5          . p:    1098    6706 e: -83.6 r:   4.7   
US_New_Jersey_Morris=Confirmed i:  64  64   6  3/27/2020 p:    1342    6706 e: -80.0 r:   5.8   
US_New_Jersey_Morris=Confirmed i:  65  65   7          . p:    1098    6706 e: -83.6 r:   6.6   
US_New_Jersey_Morris=Confirmed i:  66  66   8  3/29/2020 p:    1586    6706 e: -76.4 r:   8.4   
US_New_Jersey_Morris=Confirmed i:  67  67   9          . p:    2318    6706 e: -65.4 r:  10.7   
US_New_Jersey_Morris=Confirmed i:  68  68  10  3/31/2020 p:    3294    6706 e: -50.9 r:  12.5   
US_New_Jersey_Morris=Confirmed i:  69  69  11          . p:    3050    6706 e: -54.5 r:  14.0   
US_New_Jersey_Morris=Confirmed i:  70  70  12   4/2/2020 p:    3294    6706 e: -50.9 r:  16.1   
US_New_Jersey_Morris=Confirmed i:  71  71  13          . p:    4178    6706 e: -37.7 r:  19.4   
US_New_Jersey_Morris=Confirmed i:  72   0  14   4/4/2020 p:    5734    6706 e: -14.5 r:  24.1 OK 1st
US_New_Jersey_Morris=Confirmed i:  73   1  15          . p:    6466    6706 e:  -3.6 r:  26.8 OK
US_New_Jersey_Morris=Confirmed i:  74   2  16   4/6/2020 p:    6710    6706 e:   0.0 r:  29.2 OK
US_New_Jersey_Morris=Confirmed i:  75   3  17          . p:    7442    6706 e:  11.0 r:  33.4 OK
US_New_Jersey_Morris=Confirmed i:  76   4  18   4/8/2020 p:    7698    6706 e:  14.8 r:  36.8 OK
US_New_Jersey_Morris=Confirmed i:  77   5  19          . p:    8856    6706 e:  32.0 r:  39.4   
US_New_Jersey_Morris=Confirmed i:  78   6  20  4/10/2020 p:    7434    6706 e:  10.8 r:  41.3 OK
US_New_Jersey_Morris=Confirmed i:  79   7  21          . p:    7101    6706 e:   5.9 r:  43.6 OK
US_New_Jersey_Morris=Confirmed i:  80   8  22  4/12/2020 p:    6821    6706 e:   1.7 r:  46.2 OK
US_New_Jersey_Morris=Confirmed i:  81   9  23          . p:    4039    6706 e: -39.8 r:  48.1   
US_New_Jersey_Morris=Confirmed i:  82  10  24  4/14/2020 p:    6466    6706 e:  -3.6 r:  51.1 OK
US_New_Jersey_Morris=Confirmed i:  83  11  25          . p:    6143    6706 e:  -8.4 r:  52.6 OK
US_New_Jersey_Morris=Confirmed i:  84  12  26  4/16/2020 p:    5974    6706 e: -10.9 r:  55.2 OK
US_New_Jersey_Morris=Confirmed i:  85  13  27          . p:    5864    6706 e: -12.6 r:  57.0 OK
US_New_Jersey_Morris=Confirmed i:  86  14  28  4/18/2020 p:    5812    6706 e: -13.3 r:  59.4 OK
US_New_Jersey_Morris=Confirmed i:  87  15  29          . p:    5246    6706 e: -21.8 r:  61.7   
US_New_Jersey_Morris=Confirmed i:  88  16  30  4/20/2020 p:    5814    6706 e: -13.3 r:  63.2 OK
US_New_Jersey_Morris=Confirmed i:  89  17  31          . p:    5675    6706 e: -15.4 r:  63.2   
US_New_Jersey_Morris=Confirmed i:  90  18  32  4/22/2020 p:    5978    6706 e: -10.9 r:  67.9 OK
US_New_Jersey_Morris=Confirmed i:  91  19  33          . p:    5978    6706 e: -10.9 r:  69.8 OK
US_New_Jersey_Morris=Confirmed i:  92  20  34  4/24/2020 p:    5978    6706 e: -10.9 r:  70.3 OK
US_New_Jersey_Morris=Confirmed i:  93  21  35          . p:    5982    6706 e: -10.8 r:  71.9 OK
US_New_Jersey_Morris=Confirmed i:  94  22  36  4/26/2020 p:    6049    6706 e:  -9.8 r:  74.2 OK
US_New_Jersey_Morris=Confirmed i:  95  23  37          . p:    5978    6706 e: -10.9 r:  75.0 OK
US_New_Jersey_Morris=Confirmed i:  96  24  38  4/28/2020 p:    6213    6706 e:  -7.4 r:  76.5 OK
US_New_Jersey_Morris=Confirmed i:  97  25  39          . p:    6112    6706 e:  -8.9 r:  77.7 OK
US_New_Jersey_Morris=Confirmed i:  98  26  40  4/30/2020 p:    6171    6706 e:  -8.0 r:  78.8 OK
US_New_Jersey_Morris=Confirmed i:  99  27  41          . p:    6161    6706 e:  -8.1 r:  79.8 OK
US_New_Jersey_Morris=Confirmed i: 100  28  42   5/2/2020 p:    6158    6706 e:  -8.2 r:  80.6 OK
US_New_Jersey_Morris=Confirmed i: 101  29  43          . p:    6193    6706 e:  -7.7 r:  82.3 OK
US_New_Jersey_Morris=Confirmed i: 102  30  44   5/4/2020 p:    6211    6706 e:  -7.4 r:  82.7 OK
US_New_Jersey_Morris=Confirmed i: 103  31  45          . p:    6224    6706 e:  -7.2 r:  83.9 OK
US_New_Jersey_Morris=Confirmed i: 104  32  46   5/6/2020 p:    6220    6706 e:  -7.3 r:  84.3 OK
US_New_Jersey_Morris=Confirmed i: 105  33  47          . p:    6231    6706 e:  -7.1 r:  85.0 OK
US_New_Jersey_Morris=Confirmed i: 106  34  48   5/8/2020 p:    6222    6706 e:  -7.2 r:  86.0 OK
US_New_Jersey_Morris=Confirmed i: 107  35  49          . p:    6466    6706 e:  -3.6 r:  87.0 OK
US_New_Jersey_Morris=Confirmed i: 108  36  50  5/10/2020 p:    6466    6706 e:  -3.6 r:  87.3 OK
US_New_Jersey_Morris=Confirmed i: 109  37  51          . p:    6283    6706 e:  -6.3 r:  87.6 OK
US_New_Jersey_Morris=Confirmed i: 110  38  52  5/12/2020 p:    6296    6706 e:  -6.1 r:  88.1 OK
US_New_Jersey_Morris=Confirmed i: 111  39  53          . p:    6296    6706 e:  -6.1 r:  88.4 OK
US_New_Jersey_Morris=Confirmed i: 112  40  54  5/14/2020 p:    6222    6706 e:  -7.2 r:  88.8 OK
US_New_Jersey_Morris=Confirmed i: 113  41  55          . p:    6222    6706 e:  -7.2 r:  89.3 OK
US_New_Jersey_Morris=Confirmed i: 114  42  56  5/16/2020 p:    6222    6706 e:  -7.2 r:  89.6 OK
US_New_Jersey_Morris=Confirmed i: 115  43  57          . p:    6222    6706 e:  -7.2 r:  90.0 OK
US_New_Jersey_Morris=Confirmed i: 116  44  58  5/18/2020 p:    6466    6706 e:  -3.6 r:  90.8 OK
US_New_Jersey_Morris=Confirmed i: 117  45  59          . p:    6466    6706 e:  -3.6 r:  91.0 OK
US_New_Jersey_Morris=Confirmed i: 118  46  60  5/20/2020 p:    6466    6706 e:  -3.6 r:  91.5 OK
US_New_Jersey_Morris=Confirmed i: 119  47  61          . p:    6466    6706 e:  -3.6 r:  91.8 OK
US_New_Jersey_Morris=Confirmed i: 120  48  62  5/22/2020 p:    6466    6706 e:  -3.6 r:  92.0 OK
US_New_Jersey_Morris=Confirmed i: 121  49  63          . p:    6431    6706 e:  -4.1 r:  92.3 OK
US_New_Jersey_Morris=Confirmed i: 122  50  64  5/24/2020 p:    6396    6706 e:  -4.6 r:  92.5 OK
US_New_Jersey_Morris=Confirmed i: 123  51  65          . p:    6466    6706 e:  -3.6 r:  93.3 OK
US_New_Jersey_Morris=Confirmed i: 124  52  66  5/26/2020 p:    6466    6706 e:  -3.6 r:  93.6 OK
US_New_Jersey_Morris=Confirmed i: 125  53  67          . p:    6466    6706 e:  -3.6 r:  93.8 OK
US_New_Jersey_Morris=Confirmed i: 126  54  68  5/28/2020 p:    6466    6706 e:  -3.6 r:  94.7 OK
US_New_Jersey_Morris=Confirmed i: 127  55  69          . p:    6466    6706 e:  -3.6 r:  94.9 OK
US_New_Jersey_Morris=Confirmed i: 128  56  70  5/30/2020 p:    6710    6706 e:   0.0 r:  95.2 OK
US_New_Jersey_Morris=Confirmed i: 129  57  71          . p:    6710    6706 e:   0.0 r:  96.4 OK
US_New_Jersey_Morris=Confirmed i: 130  58  72   6/1/2020 p:    6710    6706 e:   0.0 r:  97.0 OK
US_New_Jersey_Morris=Confirmed i: 131  59  73          . p:    6710    6706 e:   0.0 r:  97.1 OK
US_New_Jersey_Morris=Confirmed i: 132  60  74   6/3/2020 p:    6710    6706 e:   0.0 r:  97.5 OK
US_New_Jersey_Morris=Confirmed i: 133  61  75          . p:    6710    6706 e:   0.0 r:  97.6 OK
US_New_Jersey_Morris=Confirmed i: 134  62  76   6/5/2020 p:    6710    6706 e:   0.0 r:  98.0 OK
US_New_Jersey_Morris=Confirmed i: 135  63  77          . p:    6710    6706 e:   0.0 r:  98.2 OK
US_New_Jersey_Morris=Confirmed i: 136  64  78   6/7/2020 p:    6710    6706 e:   0.0 r:  98.3 OK
US_New_Jersey_Morris=Confirmed i: 137  65  79          . p:    6734    6706 e:   0.4 r:  98.4 OK
US_New_Jersey_Morris=Confirmed i: 138  66  80   6/9/2020 p:    6670    6706 e:  -0.5 r:  98.5 OK
