
  # Process COVID TAB data
p1= 218 il= 138
p1= 216 il= 137
p1= 209 il= 136
p1= 209 il= 135
p1= 216 il= 134
US_Maryland_Anne_Arundel=Deaths nl = 139, n1= 5 s1= 213.6 s2= 45639.6 SD= 3.82622529394172 frac%= 1.79130397656448
US_Maryland_Anne_Arundel=Deaths i:  74  74  -5   4/6/2020 p:       9     213 e: -95.8 r:   3.7   
US_Maryland_Anne_Arundel=Deaths i:  75  75  -4          . p:       8     213 e: -96.3 r:   3.7   
US_Maryland_Anne_Arundel=Deaths i:  76  76  -3   4/8/2020 p:       0     213 e: -100.0 r:   5.6   
US_Maryland_Anne_Arundel=Deaths i:  77  77  -2          . p:      79     213 e: -63.0 r:   5.6   
US_Maryland_Anne_Arundel=Deaths i:  78  78  -1  4/10/2020 p:      30     213 e: -86.0 r:   7.5   
US_Maryland_Anne_Arundel=Deaths i:  79  79   0          . p:      37     213 e: -82.7 r:   8.9   
US_Maryland_Anne_Arundel=Deaths i:  80  80   1  4/12/2020 p:     120     213 e: -43.8 r:  12.6   
US_Maryland_Anne_Arundel=Deaths i:  81  81   2          . p:     133     213 e: -37.7 r:  13.6   
US_Maryland_Anne_Arundel=Deaths i:  82  82   3  4/14/2020 p:     133     213 e: -37.7 r:  15.0   
US_Maryland_Anne_Arundel=Deaths i:  83  83   4          . p:      37     213 e: -82.7 r:  15.0   
US_Maryland_Anne_Arundel=Deaths i:  84  84   5  4/16/2020 p:      86     213 e: -59.7 r:  15.0   
US_Maryland_Anne_Arundel=Deaths i:  85  85   6          . p:      34     213 e: -84.1 r:  15.9   
US_Maryland_Anne_Arundel=Deaths i:  86  86   7  4/18/2020 p:      61     213 e: -71.4 r:  19.2   
US_Maryland_Anne_Arundel=Deaths i:  87  87   8          . p:      85     213 e: -60.2 r:  21.5   
US_Maryland_Anne_Arundel=Deaths i:  88  88   9  4/20/2020 p:      79     213 e: -63.0 r:  22.5   
US_Maryland_Anne_Arundel=Deaths i:  89  89  10          . p:      85     213 e: -60.2 r:  24.3   
US_Maryland_Anne_Arundel=Deaths i:  90  90  11  4/22/2020 p:      92     213 e: -56.9 r:  26.2   
US_Maryland_Anne_Arundel=Deaths i:  91  91  12          . p:     106     213 e: -50.4 r:  28.6   
US_Maryland_Anne_Arundel=Deaths i:  92  92  13  4/24/2020 p:     113     213 e: -47.1 r:  29.5   
US_Maryland_Anne_Arundel=Deaths i:  93  93  14          . p:     133     213 e: -37.7 r:  32.8   
US_Maryland_Anne_Arundel=Deaths i:  94  94  15  4/26/2020 p:     133     213 e: -37.7 r:  33.2   
US_Maryland_Anne_Arundel=Deaths i:  95  95  16          . p:     133     213 e: -37.7 r:  34.6   
US_Maryland_Anne_Arundel=Deaths i:  96  96  17  4/28/2020 p:     135     213 e: -36.8 r:  36.5   
US_Maryland_Anne_Arundel=Deaths i:  97  97  18          . p:     140     213 e: -34.5 r:  38.9   
US_Maryland_Anne_Arundel=Deaths i:  98  98  19  4/30/2020 p:     154     213 e: -27.9 r:  42.6   
US_Maryland_Anne_Arundel=Deaths i:  99  99  20          . p:     154     213 e: -27.9 r:  42.1   
US_Maryland_Anne_Arundel=Deaths i: 100 100  21   5/2/2020 p:     154     213 e: -27.9 r:  44.0   
US_Maryland_Anne_Arundel=Deaths i: 101 101  22          . p:     152     213 e: -28.8 r:  44.9   
US_Maryland_Anne_Arundel=Deaths i: 102 102  23   5/4/2020 p:     154     213 e: -27.9 r:  47.3   
US_Maryland_Anne_Arundel=Deaths i: 103 103  24          . p:     161     213 e: -24.6 r:  50.1   
US_Maryland_Anne_Arundel=Deaths i: 104 104  25   5/6/2020 p:     168     213 e: -21.3 r:  50.6   
US_Maryland_Anne_Arundel=Deaths i: 105   0  26          . p:     188     213 e: -12.0 r:  52.0 OK 1st
US_Maryland_Anne_Arundel=Deaths i: 106   1  27   5/8/2020 p:     168     213 e: -21.3 r:  53.8   
US_Maryland_Anne_Arundel=Deaths i: 107   2  28          . p:     169     213 e: -20.9 r:  54.8   
US_Maryland_Anne_Arundel=Deaths i: 108   3  29  5/10/2020 p:     168     213 e: -21.3 r:  56.6   
US_Maryland_Anne_Arundel=Deaths i: 109   4  30          . p:     175     213 e: -18.1 r:  58.1   
US_Maryland_Anne_Arundel=Deaths i: 110   5  31  5/12/2020 p:     175     213 e: -18.1 r:  59.5   
US_Maryland_Anne_Arundel=Deaths i: 111   6  32          . p:     202     213 e:  -5.4 r:  62.3 OK
US_Maryland_Anne_Arundel=Deaths i: 112   7  33  5/14/2020 p:     182     213 e: -14.8 r:  63.2 OK
US_Maryland_Anne_Arundel=Deaths i: 113   8  34          . p:     202     213 e:  -5.4 r:  63.7 OK
US_Maryland_Anne_Arundel=Deaths i: 114   9  35  5/16/2020 p:     202     213 e:  -5.4 r:  66.0 OK
US_Maryland_Anne_Arundel=Deaths i: 115  10  36          . p:     187     213 e: -12.5 r:  66.5 OK
US_Maryland_Anne_Arundel=Deaths i: 116  11  37  5/18/2020 p:     202     213 e:  -5.4 r:  66.5 OK
US_Maryland_Anne_Arundel=Deaths i: 117  12  38          . p:     197     213 e:  -7.8 r:  67.9 OK
US_Maryland_Anne_Arundel=Deaths i: 118  13  39  5/20/2020 p:     190     213 e: -11.0 r:  67.9 OK
US_Maryland_Anne_Arundel=Deaths i: 119  14  40          . p:     182     213 e: -14.8 r:  68.8 OK
US_Maryland_Anne_Arundel=Deaths i: 120  15  41  5/22/2020 p:     182     213 e: -14.8 r:  69.8 OK
US_Maryland_Anne_Arundel=Deaths i: 121  16  42          . p:     182     213 e: -14.8 r:  70.2 OK
US_Maryland_Anne_Arundel=Deaths i: 122  17  43  5/24/2020 p:     182     213 e: -14.8 r:  71.6 OK
US_Maryland_Anne_Arundel=Deaths i: 123  18  44          . p:     182     213 e: -14.8 r:  73.5 OK
US_Maryland_Anne_Arundel=Deaths i: 124  19  45  5/26/2020 p:     188     213 e: -12.0 r:  74.4 OK
US_Maryland_Anne_Arundel=Deaths i: 125  20  46          . p:     195     213 e:  -8.7 r:  76.3 OK
US_Maryland_Anne_Arundel=Deaths i: 126  21  47  5/28/2020 p:     195     213 e:  -8.7 r:  76.3 OK
US_Maryland_Anne_Arundel=Deaths i: 127  22  48          . p:     195     213 e:  -8.7 r:  78.2 OK
US_Maryland_Anne_Arundel=Deaths i: 128  23  49  5/30/2020 p:     202     213 e:  -5.4 r:  80.5 OK
US_Maryland_Anne_Arundel=Deaths i: 129  24  50          . p:     209     213 e:  -2.2 r:  81.5 OK
US_Maryland_Anne_Arundel=Deaths i: 130  25  51   6/1/2020 p:     209     213 e:  -2.2 r:  81.9 OK
US_Maryland_Anne_Arundel=Deaths i: 131  26  52          . p:     202     213 e:  -5.4 r:  83.3 OK
US_Maryland_Anne_Arundel=Deaths i: 132  27  53   6/3/2020 p:     216     213 e:   1.1 r:  83.3 OK
US_Maryland_Anne_Arundel=Deaths i: 133  28  54          . p:     209     213 e:  -2.2 r:  83.8 OK
US_Maryland_Anne_Arundel=Deaths i: 134  29  55   6/5/2020 p:     216     213 e:   1.1 r:  85.2 OK
US_Maryland_Anne_Arundel=Deaths i: 135  30  56          . p:     209     213 e:  -2.2 r:  86.6 OK
US_Maryland_Anne_Arundel=Deaths i: 136  31  57   6/7/2020 p:     209     213 e:  -2.2 r:  86.6 OK
US_Maryland_Anne_Arundel=Deaths i: 137  32  58          . p:     216     213 e:   1.1 r:  86.6 OK
US_Maryland_Anne_Arundel=Deaths i: 138  33  59   6/9/2020 p:     218     213 e:   2.1 r:  87.1 OK
