
  # Process COVID TAB data
p1= 432 il= 138
p1= 432 il= 137
p1= 432 il= 136
p1= 432 il= 133
p1= 416 il= 132
Italy_Campania=Deaths nl = 139, n1= 5 s1= 428.8 s2= 183910.4 SD= 6.39999999999936 frac%= 1.49253731343269
Italy_Campania=Deaths i:  54  54  -3  3/17/2020 p:       9     428 e: -97.9 r:   2.1   
Italy_Campania=Deaths i:  55  55  -2          . p:       9     428 e: -97.9 r:   2.1   
Italy_Campania=Deaths i:  56  56  -1  3/19/2020 p:      33     428 e: -92.3 r:   4.0   
Italy_Campania=Deaths i:  57  57   0          . p:      23     428 e: -94.6 r:   4.0   
Italy_Campania=Deaths i:  58  58   1  3/21/2020 p:      39     428 e: -90.9 r:   5.1   
Italy_Campania=Deaths i:  59  59   2          . p:      70     428 e: -83.7 r:   6.8   
Italy_Campania=Deaths i:  60  60   3  3/23/2020 p:       0     428 e: -100.0 r:  11.4   
Italy_Campania=Deaths i:  61  61   4          . p:     637     428 e:  48.6 r:  13.1   
Italy_Campania=Deaths i:  62  62   5  3/25/2020 p:    1235     428 e: 188.0 r:  17.3   
Italy_Campania=Deaths i:  63  63   6          . p:     133     428 e: -69.0 r:  19.4   
Italy_Campania=Deaths i:  64  64   7  3/27/2020 p:     149     428 e: -65.3 r:  22.9   
Italy_Campania=Deaths i:  65  65   8          . p:     149     428 e: -65.3 r:  25.4   
Italy_Campania=Deaths i:  66  66   9  3/29/2020 p:     165     428 e: -61.5 r:  27.3   
Italy_Campania=Deaths i:  67  67  10          . p:     149     428 e: -65.3 r:  29.2   
Italy_Campania=Deaths i:  68  68  11  3/31/2020 p:     166     428 e: -61.3 r:  31.0   
Italy_Campania=Deaths i:  69  69  12          . p:     196     428 e: -54.3 r:  34.5   
Italy_Campania=Deaths i:  70   0  13   4/2/2020 p:     425     428 e:  -0.9 r:  38.9 OK 1st
Italy_Campania=Deaths i:  71   1  14          . p:     275     428 e: -35.9 r:  42.2   
Italy_Campania=Deaths i:  72   2  15   4/4/2020 p:     275     428 e: -35.9 r:  43.4   
Italy_Campania=Deaths i:  73   3  16          . p:     267     428 e: -37.7 r:  44.1   
Italy_Campania=Deaths i:  74   4  17   4/6/2020 p:     273     428 e: -36.3 r:  47.6   
Italy_Campania=Deaths i:  75   5  18          . p:     281     428 e: -34.5 r:  50.4   
Italy_Campania=Deaths i:  76   6  19   4/8/2020 p:     291     428 e: -32.1 r:  51.5   
Italy_Campania=Deaths i:  77   7  20          . p:     324     428 e: -24.4 r:  52.9   
Italy_Campania=Deaths i:  78   8  21  4/10/2020 p:     284     428 e: -33.8 r:  53.9   
Italy_Campania=Deaths i:  79   9  22          . p:     282     428 e: -34.2 r:  55.5   
Italy_Campania=Deaths i:  80  10  23  4/12/2020 p:     282     428 e: -34.2 r:  56.4   
Italy_Campania=Deaths i:  81  11  24          . p:     286     428 e: -33.3 r:  57.8   
Italy_Campania=Deaths i:  82  12  25  4/14/2020 p:     306     428 e: -28.6 r:  60.6   
Italy_Campania=Deaths i:  83  13  26          . p:     322     428 e: -24.9 r:  64.8   
Italy_Campania=Deaths i:  84  14  27  4/16/2020 p:     338     428 e: -21.2 r:  66.7   
Italy_Campania=Deaths i:  85  15  28          . p:     354     428 e: -17.4 r:  68.3   
Italy_Campania=Deaths i:  86  16  29  4/18/2020 p:     354     428 e: -17.4 r:  70.0   
Italy_Campania=Deaths i:  87  17  30          . p:     354     428 e: -17.4 r:  70.9   
Italy_Campania=Deaths i:  88  18  31  4/20/2020 p:     369     428 e: -13.9 r:  72.1 OK
Italy_Campania=Deaths i:  89  19  32          . p:     369     428 e: -13.9 r:  73.9 OK
Italy_Campania=Deaths i:  90  20  33  4/22/2020 p:     369     428 e: -13.9 r:  76.3 OK
Italy_Campania=Deaths i:  91  21  34          . p:     385     428 e: -10.2 r:  77.4 OK
Italy_Campania=Deaths i:  92  22  35  4/24/2020 p:     385     428 e: -10.2 r:  78.4 OK
Italy_Campania=Deaths i:  93  23  36          . p:     389     428 e:  -9.3 r:  79.5 OK
Italy_Campania=Deaths i:  94  24  37  4/26/2020 p:     388     428 e:  -9.5 r:  80.5 OK
Italy_Campania=Deaths i:  95  25  38          . p:     401     428 e:  -6.5 r:  82.1 OK
Italy_Campania=Deaths i:  96  26  39  4/28/2020 p:     401     428 e:  -6.5 r:  83.5 OK
Italy_Campania=Deaths i:  97  27  40          . p:     401     428 e:  -6.5 r:  83.7 OK
Italy_Campania=Deaths i:  98  28  41  4/30/2020 p:     399     428 e:  -6.9 r:  83.7 OK
Italy_Campania=Deaths i:  99  29  42          . p:     397     428 e:  -7.4 r:  83.7 OK
Italy_Campania=Deaths i: 100  30  43   5/2/2020 p:     396     428 e:  -7.6 r:  84.4 OK
Italy_Campania=Deaths i: 101  31  44          . p:     397     428 e:  -7.4 r:  84.9 OK
Italy_Campania=Deaths i: 102  32  45   5/4/2020 p:     401     428 e:  -6.5 r:  85.4 OK
Italy_Campania=Deaths i: 103  33  46          . p:     401     428 e:  -6.5 r:  86.1 OK
Italy_Campania=Deaths i: 104  34  47   5/6/2020 p:     401     428 e:  -6.5 r:  87.7 OK
Italy_Campania=Deaths i: 105  35  48          . p:     401     428 e:  -6.5 r:  88.4 OK
Italy_Campania=Deaths i: 106  36  49   5/8/2020 p:     416     428 e:  -3.0 r:  90.0 OK
Italy_Campania=Deaths i: 107  37  50          . p:     416     428 e:  -3.0 r:  90.5 OK
Italy_Campania=Deaths i: 108  38  51  5/10/2020 p:     416     428 e:  -3.0 r:  91.2 OK
Italy_Campania=Deaths i: 109  39  52          . p:     432     428 e:   0.7 r:  91.4 OK
Italy_Campania=Deaths i: 110  40  53  5/12/2020 p:     432     428 e:   0.7 r:  91.7 OK
Italy_Campania=Deaths i: 111  41  54          . p:     432     428 e:   0.7 r:  91.9 OK
Italy_Campania=Deaths i: 112  42  55  5/14/2020 p:     416     428 e:  -3.0 r:  91.9 OK
Italy_Campania=Deaths i: 113  43  56          . p:     416     428 e:  -3.0 r:  92.4 OK
Italy_Campania=Deaths i: 114  44  57  5/16/2020 p:     416     428 e:  -3.0 r:  92.4 OK
Italy_Campania=Deaths i: 115  45  58          . p:     416     428 e:  -3.0 r:  92.4 OK
Italy_Campania=Deaths i: 116  46  59  5/18/2020 p:     416     428 e:  -3.0 r:  93.1 OK
Italy_Campania=Deaths i: 117  47  60          . p:     416     428 e:  -3.0 r:  93.1 OK
Italy_Campania=Deaths i: 118  48  61  5/20/2020 p:     416     428 e:  -3.0 r:  93.5 OK
Italy_Campania=Deaths i: 119  49  62          . p:     416     428 e:  -3.0 r:  94.0 OK
Italy_Campania=Deaths i: 120  50  63  5/22/2020 p:     416     428 e:  -3.0 r:  94.2 OK
Italy_Campania=Deaths i: 121  51  64          . p:     416     428 e:  -3.0 r:  94.2 OK
Italy_Campania=Deaths i: 122  52  65  5/24/2020 p:     416     428 e:  -3.0 r:  94.4 OK
Italy_Campania=Deaths i: 123  53  66          . p:     416     428 e:  -3.0 r:  94.4 OK
Italy_Campania=Deaths i: 124  54  67  5/26/2020 p:     416     428 e:  -3.0 r:  94.4 OK
Italy_Campania=Deaths i: 125  55  68          . p:     416     428 e:  -3.0 r:  94.7 OK
Italy_Campania=Deaths i: 126  56  69  5/28/2020 p:     416     428 e:  -3.0 r:  95.6 OK
Italy_Campania=Deaths i: 127  57  70          . p:     416     428 e:  -3.0 r:  95.8 OK
Italy_Campania=Deaths i: 128  58  71  5/30/2020 p:     416     428 e:  -3.0 r:  95.8 OK
Italy_Campania=Deaths i: 129  59  72          . p:     416     428 e:  -3.0 r:  96.1 OK
Italy_Campania=Deaths i: 130  60  73   6/1/2020 p:     416     428 e:  -3.0 r:  96.3 OK
Italy_Campania=Deaths i: 131  61  74          . p:     416     428 e:  -3.0 r:  96.8 OK
Italy_Campania=Deaths i: 132  62  75   6/3/2020 p:     416     428 e:  -3.0 r:  96.8 OK
Italy_Campania=Deaths i: 133  63  76          . p:     432     428 e:   0.7 r:  97.9 OK
Italy_Campania=Deaths i: 136  66  79   6/7/2020 p:     432     428 e:   0.7 r:  99.3 OK
Italy_Campania=Deaths i: 137  67  80          . p:     432     428 e:   0.7 r:  99.3 OK
Italy_Campania=Deaths i: 138  68  81   6/9/2020 p:     432     428 e:   0.7 r:  99.3 OK
