
  # Process COVID TAB data
p1= 8940 il= 133
p1= 8940 il= 132
p1= 8940 il= 131
p1= 8940 il= 130
p1= 8524 il= 129
US_Michigan_Oakland=Confirmed nl = 139, n1= 5 s1= 8856.8 s2= 78470595.2 SD= 166.40000000007 frac%= 1.87878240448096
US_Michigan_Oakland=Confirmed i:  58  58   3  3/21/2020 p:     623    8856 e: -93.0 r:   2.6   
US_Michigan_Oakland=Confirmed i:  59  59   4          . p:     623    8856 e: -93.0 r:   3.1   
US_Michigan_Oakland=Confirmed i:  60  60   5  3/23/2020 p:     623    8856 e: -93.0 r:   3.7   
US_Michigan_Oakland=Confirmed i:  61  61   6          . p:     782    8856 e: -91.2 r:   4.8   
US_Michigan_Oakland=Confirmed i:  62  62   7  3/25/2020 p:    1039    8856 e: -88.3 r:   6.1   
US_Michigan_Oakland=Confirmed i:  63  63   8          . p:    1871    8856 e: -78.9 r:   7.5   
US_Michigan_Oakland=Confirmed i:  64  64   9  3/27/2020 p:    2286    8856 e: -74.2 r:   9.3   
US_Michigan_Oakland=Confirmed i:  65  65  10          . p:    2702    8856 e: -69.5 r:  11.5   
US_Michigan_Oakland=Confirmed i:  66  66  11  3/29/2020 p:    2702    8856 e: -69.5 r:  13.2   
US_Michigan_Oakland=Confirmed i:  67  67  12          . p:    3118    8856 e: -64.8 r:  15.4   
US_Michigan_Oakland=Confirmed i:  68  68  13  3/31/2020 p:    3950    8856 e: -55.4 r:  18.0   
US_Michigan_Oakland=Confirmed i:  69  69  14          . p:    5197    8856 e: -41.3 r:  21.6   
US_Michigan_Oakland=Confirmed i:  70  70  15   4/2/2020 p:    5613    8856 e: -36.6 r:  24.6   
US_Michigan_Oakland=Confirmed i:  71  71  16          . p:    6860    8856 e: -22.5 r:  28.7   
US_Michigan_Oakland=Confirmed i:  72  72  17   4/4/2020 p:    7276    8856 e: -17.8 r:  31.4   
US_Michigan_Oakland=Confirmed i:  73   0  18          . p:    7562    8856 e: -14.6 r:  34.3 OK 1st
US_Michigan_Oakland=Confirmed i:  74   1  19   4/6/2020 p:    7873    8856 e: -11.1 r:  38.2 OK
US_Michigan_Oakland=Confirmed i:  75   2  20          . p:    8461    8856 e:  -4.5 r:  42.2 OK
US_Michigan_Oakland=Confirmed i:  76   3  21   4/8/2020 p:    8940    8856 e:   0.9 r:  45.2 OK
US_Michigan_Oakland=Confirmed i:  77   4  22          . p:    8962    8856 e:   1.2 r:  48.0 OK
US_Michigan_Oakland=Confirmed i:  78   5  23  4/10/2020 p:    8969    8856 e:   1.3 r:  50.9 OK
US_Michigan_Oakland=Confirmed i:  79   6  24          . p:    8951    8856 e:   1.1 r:  54.2 OK
US_Michigan_Oakland=Confirmed i:  80   7  25  4/12/2020 p:    8830    8856 e:  -0.3 r:  55.5 OK
US_Michigan_Oakland=Confirmed i:  81   8  26          . p:    8579    8856 e:  -3.1 r:  57.3 OK
US_Michigan_Oakland=Confirmed i:  82   9  27  4/14/2020 p:    7120    8856 e: -19.6 r:  60.6   
US_Michigan_Oakland=Confirmed i:  83  10  28          . p:    8399    8856 e:  -5.2 r:  63.0 OK
US_Michigan_Oakland=Confirmed i:  84  11  29  4/16/2020 p:    7692    8856 e: -13.2 r:  65.2 OK
US_Michigan_Oakland=Confirmed i:  85  12  30          . p:    8348    8856 e:  -5.7 r:  66.6 OK
US_Michigan_Oakland=Confirmed i:  86  13  31  4/18/2020 p:    7464    8856 e: -15.7 r:  68.0   
US_Michigan_Oakland=Confirmed i:  87  14  32          . p:    7315    8856 e: -17.4 r:  69.0   
US_Michigan_Oakland=Confirmed i:  88  15  33  4/20/2020 p:    7949    8856 e: -10.2 r:  69.8 OK
US_Michigan_Oakland=Confirmed i:  89  16  34          . p:    7118    8856 e: -19.6 r:  71.2   
US_Michigan_Oakland=Confirmed i:  90  17  35  4/22/2020 p:    7243    8856 e: -18.2 r:  73.0   
US_Michigan_Oakland=Confirmed i:  91  18  36          . p:    7692    8856 e: -13.2 r:  74.9 OK
US_Michigan_Oakland=Confirmed i:  92  19  37  4/24/2020 p:    7692    8856 e: -13.2 r:  76.8 OK
US_Michigan_Oakland=Confirmed i:  93  20  38          . p:    7692    8856 e: -13.2 r:  77.7 OK
US_Michigan_Oakland=Confirmed i:  94  21  39  4/26/2020 p:    7692    8856 e: -13.2 r:  77.9 OK
US_Michigan_Oakland=Confirmed i:  95  22  40          . p:    7706    8856 e: -13.0 r:  78.1 OK
US_Michigan_Oakland=Confirmed i:  96  23  41  4/28/2020 p:    7712    8856 e: -12.9 r:  79.2 OK
US_Michigan_Oakland=Confirmed i:  97  24  42          . p:    7868    8856 e: -11.2 r:  80.8 OK
US_Michigan_Oakland=Confirmed i:  98  25  43  4/30/2020 p:    7692    8856 e: -13.2 r:  82.0 OK
US_Michigan_Oakland=Confirmed i:  99  26  44          . p:    8108    8856 e:  -8.5 r:  83.8 OK
US_Michigan_Oakland=Confirmed i: 100  27  45   5/2/2020 p:    8108    8856 e:  -8.5 r:  84.4 OK
US_Michigan_Oakland=Confirmed i: 101  28  46          . p:    8108    8856 e:  -8.5 r:  84.5 OK
US_Michigan_Oakland=Confirmed i: 102  29  47   5/4/2020 p:    8108    8856 e:  -8.5 r:  84.7 OK
US_Michigan_Oakland=Confirmed i: 103  30  48          . p:    8005    8856 e:  -9.6 r:  84.9 OK
US_Michigan_Oakland=Confirmed i: 104  31  49   5/6/2020 p:    8024    8856 e:  -9.4 r:  85.5 OK
US_Michigan_Oakland=Confirmed i: 105  32  50          . p:    8108    8856 e:  -8.5 r:  86.1 OK
US_Michigan_Oakland=Confirmed i: 106  33  51   5/8/2020 p:    8108    8856 e:  -8.5 r:  86.5 OK
US_Michigan_Oakland=Confirmed i: 107  34  52          . p:    8108    8856 e:  -8.5 r:  86.8 OK
US_Michigan_Oakland=Confirmed i: 108  35  53  5/10/2020 p:    8108    8856 e:  -8.5 r:  87.3 OK
US_Michigan_Oakland=Confirmed i: 109  36  54          . p:    8108    8856 e:  -8.5 r:  87.5 OK
US_Michigan_Oakland=Confirmed i: 110  37  55  5/12/2020 p:    8108    8856 e:  -8.5 r:  87.9 OK
US_Michigan_Oakland=Confirmed i: 111  38  56          . p:    8108    8856 e:  -8.5 r:  88.4 OK
US_Michigan_Oakland=Confirmed i: 112  39  57  5/14/2020 p:    8108    8856 e:  -8.5 r:  89.8 OK
US_Michigan_Oakland=Confirmed i: 113  40  58          . p:    8108    8856 e:  -8.5 r:  90.3 OK
US_Michigan_Oakland=Confirmed i: 114  41  59  5/16/2020 p:    8108    8856 e:  -8.5 r:  90.6 OK
US_Michigan_Oakland=Confirmed i: 115  42  60          . p:    8524    8856 e:  -3.8 r:  90.8 OK
US_Michigan_Oakland=Confirmed i: 116  43  61  5/18/2020 p:    8524    8856 e:  -3.8 r:  90.9 OK
US_Michigan_Oakland=Confirmed i: 117  44  62          . p:    8524    8856 e:  -3.8 r:  91.2 OK
US_Michigan_Oakland=Confirmed i: 118  45  63  5/20/2020 p:    8524    8856 e:  -3.8 r:  91.6 OK
US_Michigan_Oakland=Confirmed i: 119  46  64          . p:    8524    8856 e:  -3.8 r:  91.7 OK
US_Michigan_Oakland=Confirmed i: 120  47  65  5/22/2020 p:    8524    8856 e:  -3.8 r:  91.8 OK
US_Michigan_Oakland=Confirmed i: 121  48  66          . p:    8524    8856 e:  -3.8 r:  92.5 OK
US_Michigan_Oakland=Confirmed i: 122  49  67  5/24/2020 p:    8524    8856 e:  -3.8 r:  92.8 OK
US_Michigan_Oakland=Confirmed i: 123  50  68          . p:    8524    8856 e:  -3.8 r:  92.9 OK
US_Michigan_Oakland=Confirmed i: 124  51  69  5/26/2020 p:    8524    8856 e:  -3.8 r:  93.0 OK
US_Michigan_Oakland=Confirmed i: 125  52  70          . p:    8524    8856 e:  -3.8 r:  93.3 OK
US_Michigan_Oakland=Confirmed i: 126  53  71  5/28/2020 p:    8524    8856 e:  -3.8 r:  93.5 OK
US_Michigan_Oakland=Confirmed i: 127  54  72          . p:    8524    8856 e:  -3.8 r:  93.8 OK
US_Michigan_Oakland=Confirmed i: 128  55  73  5/30/2020 p:    8524    8856 e:  -3.8 r:  93.9 OK
US_Michigan_Oakland=Confirmed i: 129  56  74          . p:    8524    8856 e:  -3.8 r:  94.8 OK
US_Michigan_Oakland=Confirmed i: 130  57  75   6/1/2020 p:    8940    8856 e:   0.9 r:  94.9 OK
US_Michigan_Oakland=Confirmed i: 131  58  76          . p:    8940    8856 e:   0.9 r:  95.0 OK
US_Michigan_Oakland=Confirmed i: 132  59  77   6/3/2020 p:    8940    8856 e:   0.9 r:  95.1 OK
US_Michigan_Oakland=Confirmed i: 133  60  78          . p:    8940    8856 e:   0.9 r:  95.3 OK
