
  # Process COVID TAB data
p1= 121010 il= 138
p1= 121197 il= 137
p1= 122060 il= 136
p1= 122060 il= 135
p1= 122060 il= 134
US=Deaths nl = 139, n1= 5 s1= 121677.4 s2= 14805612741.8 SD= 472.303969918648 frac%= 0.388160800541965
US=Deaths i:  46  46   2   3/9/2020 p:    2068  121677 e: -98.3 r:   0.0   
US=Deaths i:  47  47   3          . p:    2068  121677 e: -98.3 r:   0.0   
US=Deaths i:  48  48   4  3/11/2020 p:    2068  121677 e: -98.3 r:   0.0   
US=Deaths i:  49  49   5          . p:    2068  121677 e: -98.3 r:   0.0   
US=Deaths i:  50  50   6  3/13/2020 p:    2068  121677 e: -98.3 r:   0.0   
US=Deaths i:  51  51   7          . p:    2068  121677 e: -98.3 r:   0.0   
US=Deaths i:  52  52   8  3/15/2020 p:    2068  121677 e: -98.3 r:   0.1   
US=Deaths i:  53  53   9          . p:    2068  121677 e: -98.3 r:   0.1   
US=Deaths i:  54  54  10  3/17/2020 p:    2068  121677 e: -98.3 r:   0.1   
US=Deaths i:  55  55  11          . p:    2068  121677 e: -98.3 r:   0.2   
US=Deaths i:  56  56  12  3/19/2020 p:   14481  121677 e: -88.1 r:   0.2   
US=Deaths i:  57  57  13          . p:   97234  121677 e: -20.1 r:   0.3   
US=Deaths i:  58  58  14  3/21/2020 p:   14481  121677 e: -88.1 r:   0.4   
US=Deaths i:  59  59  15          . p:    6206  121677 e: -94.9 r:   0.5   
US=Deaths i:  60  60  16  3/23/2020 p:   43445  121677 e: -64.3 r:   0.6   
US=Deaths i:  61  61  17          . p:   59995  121677 e: -50.7 r:   0.8   
US=Deaths i:  62  62  18  3/25/2020 p:  287566  121677 e: 136.3 r:   1.1   
US=Deaths i:  66  66  22  3/29/2020 p:   80684  121677 e: -33.7 r:   2.9   
US=Deaths i:  67  67  23          . p:   31032  121677 e: -74.5 r:   3.6   
US=Deaths i:  68  68  24  3/31/2020 p:  287566  121677 e: 136.3 r:   4.5   
US=Deaths i:  69  69  25          . p:       0  121677 e: -100.0 r:   5.5   
US=Deaths i:  70  70  26   4/2/2020 p:       0  121677 e: -100.0 r:   6.8   
US=Deaths i:  71  71  27          . p:   64133  121677 e: -47.3 r:   7.9   
US=Deaths i:  72  72  28   4/4/2020 p:   22757  121677 e: -81.3 r:   8.9   
US=Deaths i:  73  73  29          . p:   22757  121677 e: -81.3 r:  10.1   
US=Deaths i:  74  74  30   4/6/2020 p:   31032  121677 e: -74.5 r:  11.4   
US=Deaths i:  75  75  31          . p:   76546  121677 e: -37.1 r:  13.3   
US=Deaths i:  76  76  32   4/8/2020 p:   72408  121677 e: -40.5 r:  15.1   
US=Deaths i:  77  77  33          . p:   88959  121677 e: -26.9 r:  16.7   
US=Deaths i:  78  78  34  4/10/2020 p:   84821  121677 e: -30.3 r:  18.4   
US=Deaths i:  79   0  35          . p:  117922  121677 e:  -3.1 r:  20.0 OK 1st
US=Deaths i:  80   1  36  4/12/2020 p:   72408  121677 e: -40.5 r:  21.4   
US=Deaths i:  81   2  37          . p:   72408  121677 e: -40.5 r:  22.9   
US=Deaths i:  82   3  38  4/14/2020 p:   72408  121677 e: -40.5 r:  24.9   
US=Deaths i:  83   4  39          . p:   76546  121677 e: -37.1 r:  26.9   
US=Deaths i:  84   5  40  4/16/2020 p:   76546  121677 e: -37.1 r:  28.7   
US=Deaths i:  85   6  41          . p:   80684  121677 e: -33.7 r:  30.8   
US=Deaths i:  86   7  42  4/18/2020 p:   84821  121677 e: -30.3 r:  32.7   
US=Deaths i:  87   8  43          . p:   80684  121677 e: -33.7 r:  33.7   
US=Deaths i:  88   9  44  4/20/2020 p:   80684  121677 e: -33.7 r:  35.1   
US=Deaths i:  89  10  45          . p:   80409  121677 e: -33.9 r:  37.0   
US=Deaths i:  90  11  46  4/22/2020 p:   80684  121677 e: -33.7 r:  39.0   
US=Deaths i:  91  12  47          . p:   84821  121677 e: -30.3 r:  40.9   
US=Deaths i:  92  13  48  4/24/2020 p:   88959  121677 e: -26.9 r:  42.3   
US=Deaths i:  93  14  49          . p:   88959  121677 e: -26.9 r:  44.2   
US=Deaths i:  94  15  50  4/26/2020 p:   88742  121677 e: -27.1 r:  45.1   
US=Deaths i:  95  16  51          . p:   86766  121677 e: -28.7 r:  46.2   
US=Deaths i:  96  17  52  4/28/2020 p:   87630  121677 e: -28.0 r:  48.0   
US=Deaths i:  97  18  53          . p:   88959  121677 e: -26.9 r:  49.9   
US=Deaths i:  98  19  54  4/30/2020 p:   93097  121677 e: -23.5 r:  51.8   
US=Deaths i:  99  20  55          . p:   93097  121677 e: -23.5 r:  53.4   
US=Deaths i: 100  21  56   5/2/2020 p:   93097  121677 e: -23.5 r:  54.5   
US=Deaths i: 101  22  57          . p:   92132  121677 e: -24.3 r:  55.6   
US=Deaths i: 102  23  58   5/4/2020 p:   92674  121677 e: -23.8 r:  56.6   
US=Deaths i: 103  24  59          . p:   93887  121677 e: -22.8 r:  58.4   
US=Deaths i: 104  25  60   5/6/2020 p:   97234  121677 e: -20.1 r:  60.4   
US=Deaths i: 105  26  61          . p:  101372  121677 e: -16.7 r:  62.0   
US=Deaths i: 106  27  62   5/8/2020 p:  101372  121677 e: -16.7 r:  63.4   
US=Deaths i: 107  28  63          . p:  101372  121677 e: -16.7 r:  64.6   
US=Deaths i: 108  29  64  5/10/2020 p:  101459  121677 e: -16.6 r:  65.4   
US=Deaths i: 109  30  65          . p:  102586  121677 e: -15.7 r:  66.3   
US=Deaths i: 110  31  66  5/12/2020 p:  102092  121677 e: -16.1 r:  67.7   
US=Deaths i: 111  32  67          . p:  101372  121677 e: -16.7 r:  69.1   
US=Deaths i: 112  33  68  5/14/2020 p:  105509  121677 e: -13.3 r:  70.6 OK
US=Deaths i: 113  34  69          . p:  105509  121677 e: -13.3 r:  71.9 OK
US=Deaths i: 114  35  70  5/16/2020 p:  109647  121677 e:  -9.9 r:  72.9 OK
US=Deaths i: 115  36  71          . p:  109647  121677 e:  -9.9 r:  73.6 OK
US=Deaths i: 116  37  72  5/18/2020 p:  107440  121677 e: -11.7 r:  74.3 OK
US=Deaths i: 117  38  73          . p:  108533  121677 e: -10.8 r:  75.5 OK
US=Deaths i: 118  39  74  5/20/2020 p:  109611  121677 e:  -9.9 r:  76.8 OK
US=Deaths i: 119  40  75          . p:  126198  121677 e:   3.7 r:  77.8 OK
US=Deaths i: 120  41  76  5/22/2020 p:  113785  121677 e:  -6.5 r:  78.9 OK
US=Deaths i: 121  42  77          . p:  113785  121677 e:  -6.5 r:  79.8 OK
US=Deaths i: 122  43  78  5/24/2020 p:  112930  121677 e:  -7.2 r:  80.3 OK
US=Deaths i: 123  44  79          . p:  113329  121677 e:  -6.9 r:  80.7 OK
US=Deaths i: 124  45  80  5/26/2020 p:  112941  121677 e:  -7.2 r:  81.3 OK
US=Deaths i: 125  46  81          . p:  112941  121677 e:  -7.2 r:  82.5 OK
US=Deaths i: 126  47  82  5/28/2020 p:  114179  121677 e:  -6.2 r:  83.5 OK
US=Deaths i: 127  48  83          . p:  122060  121677 e:   0.3 r:  84.5 OK
US=Deaths i: 128  49  84  5/30/2020 p:  126198  121677 e:   3.7 r:  85.3 OK
US=Deaths i: 129  50  85          . p:  117922  121677 e:  -3.1 r:  85.8 OK
US=Deaths i: 130  51  86   6/1/2020 p:  117922  121677 e:  -3.1 r:  86.4 OK
US=Deaths i: 131  52  87          . p:  117922  121677 e:  -3.1 r:  87.3 OK
US=Deaths i: 132  53  88   6/3/2020 p:  117922  121677 e:  -3.1 r:  88.1 OK
US=Deaths i: 133  54  89          . p:  126198  121677 e:   3.7 r:  88.9 OK
US=Deaths i: 134  55  90   6/5/2020 p:  122060  121677 e:   0.3 r:  89.9 OK
US=Deaths i: 135  56  91          . p:  122060  121677 e:   0.3 r:  90.5 OK
US=Deaths i: 136  57  92   6/7/2020 p:  122060  121677 e:   0.3 r:  90.8 OK
US=Deaths i: 137  58  93          . p:  121197  121677 e:  -0.4 r:  91.2 OK
US=Deaths i: 138  59  94   6/9/2020 p:  121010  121677 e:  -0.5 r:  92.0 OK
