
  # Process COVID TAB data
p1= 14249 il= 138
p1= 13766 il= 137
p1= 13283 il= 136
p1= 27290 il= 135
p1= 31637 il= 134
Kazakhstan=Confirmed nl = 139, n1= 5 s1= 20045 s2= 462923743 SD= 7818.03798916327 frac%= 39.0024344682627
Kazakhstan=Confirmed i:  56  56  -6  3/19/2020 p:     241   20045 e: -98.8 r:   0.2   
Kazakhstan=Confirmed i:  61  61  -1          . p:     241   20045 e: -98.8 r:   0.4   
Kazakhstan=Confirmed i:  62  62   0  3/25/2020 p:     241   20045 e: -98.8 r:   0.4   
Kazakhstan=Confirmed i:  63  63   1          . p:     241   20045 e: -98.8 r:   0.6   
Kazakhstan=Confirmed i:  64  64   2  3/27/2020 p:     241   20045 e: -98.8 r:   0.7   
Kazakhstan=Confirmed i:  65  65   3          . p:    2656   20045 e: -86.7 r:   1.1   
Kazakhstan=Confirmed i:  66  66   4  3/29/2020 p:    7969   20045 e: -60.2 r:   1.4   
Kazakhstan=Confirmed i:  67  67   5          . p:     724   20045 e: -96.4 r:   1.5   
Kazakhstan=Confirmed i:  68  68   6  3/31/2020 p:     241   20045 e: -98.8 r:   1.7   
Kazakhstan=Confirmed i:  69  69   7          . p:     724   20045 e: -96.4 r:   1.9   
Kazakhstan=Confirmed i:  70  70   8   4/2/2020 p:     724   20045 e: -96.4 r:   2.2   
Kazakhstan=Confirmed i:  71  71   9          . p:     724   20045 e: -96.4 r:   2.3   
Kazakhstan=Confirmed i:  72  72  10   4/4/2020 p:     724   20045 e: -96.4 r:   2.6   
Kazakhstan=Confirmed i:  73  73  11          . p:     724   20045 e: -96.4 r:   2.9   
Kazakhstan=Confirmed i:  74  74  12   4/6/2020 p:    1207   20045 e: -94.0 r:   3.3   
Kazakhstan=Confirmed i:  75  75  13          . p:    1207   20045 e: -94.0 r:   3.5   
Kazakhstan=Confirmed i:  76  76  14   4/8/2020 p:    1172   20045 e: -94.2 r:   3.6   
Kazakhstan=Confirmed i:  77  77  15          . p:    1221   20045 e: -93.9 r:   3.9   
Kazakhstan=Confirmed i:  78  78  16  4/10/2020 p:    2618   20045 e: -86.9 r:   4.1   
Kazakhstan=Confirmed i:  79  79  17          . p:    1207   20045 e: -94.0 r:   4.3   
Kazakhstan=Confirmed i:  80  80  18  4/12/2020 p:    1690   20045 e: -91.6 r:   4.7   
Kazakhstan=Confirmed i:  81  81  19          . p:    2672   20045 e: -86.7 r:   5.4   
Kazakhstan=Confirmed i:  82  82  20  4/14/2020 p:    3139   20045 e: -84.3 r:   6.1   
Kazakhstan=Confirmed i:  83  83  21          . p:    3622   20045 e: -81.9 r:   6.5   
Kazakhstan=Confirmed i:  84  84  22  4/16/2020 p:    3139   20045 e: -84.3 r:   7.0   
Kazakhstan=Confirmed i:  85  85  23          . p:    3622   20045 e: -81.9 r:   7.7   
Kazakhstan=Confirmed i:  86  86  24  4/18/2020 p:    4105   20045 e: -79.5 r:   8.1   
Kazakhstan=Confirmed i:  87  87  25          . p:    4105   20045 e: -79.5 r:   8.4   
Kazakhstan=Confirmed i:  88  88  26  4/20/2020 p:    5071   20045 e: -74.7 r:   9.2   
Kazakhstan=Confirmed i:  89  89  27          . p:    5071   20045 e: -74.7 r:  10.0   
Kazakhstan=Confirmed i:  90  90  28  4/22/2020 p:    5554   20045 e: -72.3 r:  10.7   
Kazakhstan=Confirmed i:  91  91  29          . p:    6520   20045 e: -67.5 r:  11.4   
Kazakhstan=Confirmed i:  92  92  30  4/24/2020 p:    7486   20045 e: -62.7 r:  12.4   
Kazakhstan=Confirmed i:  93  93  31          . p:    7486   20045 e: -62.7 r:  13.0   
Kazakhstan=Confirmed i:  94  94  32  4/26/2020 p:    7969   20045 e: -60.2 r:  13.6   
Kazakhstan=Confirmed i:  95  95  33          . p:    8452   20045 e: -57.8 r:  14.1   
Kazakhstan=Confirmed i:  96  96  34  4/28/2020 p:    8935   20045 e: -55.4 r:  15.1   
Kazakhstan=Confirmed i:  97  97  35          . p:    9418   20045 e: -53.0 r:  15.7   
Kazakhstan=Confirmed i:  98  98  36  4/30/2020 p:    9901   20045 e: -50.6 r:  17.0   
Kazakhstan=Confirmed i:  99  99  37          . p:   10384   20045 e: -48.2 r:  17.9   
Kazakhstan=Confirmed i: 100 100  38   5/2/2020 p:   11350   20045 e: -43.4 r:  19.2   
Kazakhstan=Confirmed i: 101 101  39          . p:   11833   20045 e: -41.0 r:  19.6   
Kazakhstan=Confirmed i: 102 102  40   5/4/2020 p:   11833   20045 e: -41.0 r:  20.2   
Kazakhstan=Confirmed i: 103 103  41          . p:   11981   20045 e: -40.2 r:  21.0   
Kazakhstan=Confirmed i: 104 104  42   5/6/2020 p:   14226   20045 e: -29.0 r:  22.1   
Kazakhstan=Confirmed i: 105 105  43          . p:   12800   20045 e: -36.1 r:  22.8   
Kazakhstan=Confirmed i: 106 106  44   5/8/2020 p:   12800   20045 e: -36.1 r:  24.1   
Kazakhstan=Confirmed i: 107 107  45          . p:   13283   20045 e: -33.7 r:  24.8   
Kazakhstan=Confirmed i: 108 108  46  5/10/2020 p:   13283   20045 e: -33.7 r:  25.4   
Kazakhstan=Confirmed i: 109 109  47          . p:   11732   20045 e: -41.5 r:  26.0   
Kazakhstan=Confirmed i: 110 110  48  5/12/2020 p:   12771   20045 e: -36.3 r:  26.3   
Kazakhstan=Confirmed i: 111 111  49          . p:    5959   20045 e: -70.3 r:  27.0   
Kazakhstan=Confirmed i: 112 112  50  5/14/2020 p:    7486   20045 e: -62.7 r:  27.8   
Kazakhstan=Confirmed i: 113 113  51          . p:    7486   20045 e: -62.7 r:  28.4   
Kazakhstan=Confirmed i: 114 114  52  5/16/2020 p:    7969   20045 e: -60.2 r:  29.2   
Kazakhstan=Confirmed i: 115 115  53          . p:   12317   20045 e: -38.6 r:  30.7   
Kazakhstan=Confirmed i: 116 116  54  5/18/2020 p:   13283   20045 e: -33.7 r:  33.7   
Kazakhstan=Confirmed i: 117 117  55          . p:   13766   20045 e: -31.3 r:  34.2   
Kazakhstan=Confirmed i: 118 118  56  5/20/2020 p:   15698   20045 e: -21.7 r:  34.8   
Kazakhstan=Confirmed i: 119 119  57          . p:   14249   20045 e: -28.9 r:  36.1   
Kazakhstan=Confirmed i: 120 120  58  5/22/2020 p:   15698   20045 e: -21.7 r:  39.5   
Kazakhstan=Confirmed i: 121 121  59          . p:   16664   20045 e: -16.9 r:  41.0   
Kazakhstan=Confirmed i: 122 122  60  5/24/2020 p:   24392   20045 e:  21.7 r:  42.6   
Kazakhstan=Confirmed i: 123 123  61          . p:   27290   20045 e:  36.1 r:  44.7   
Kazakhstan=Confirmed i: 124 124  62  5/26/2020 p:   28739   20045 e:  43.4 r:  45.6   
Kazakhstan=Confirmed i: 125 125  63          . p:   30188   20045 e:  50.6 r:  46.4   
Kazakhstan=Confirmed i: 126   0  64  5/28/2020 p:   21011   20045 e:   4.8 r:  47.8 OK 1st
Kazakhstan=Confirmed i: 127   1  65          . p:   21977   20045 e:   9.6 r:  49.5 OK
Kazakhstan=Confirmed i: 128   2  66  5/30/2020 p:   35018   20045 e:  74.7 r:  51.8   
Kazakhstan=Confirmed i: 129   3  67          . p:   37917   20045 e:  89.2 r:  54.2   
Kazakhstan=Confirmed i: 130   4  68   6/1/2020 p:   24875   20045 e:  24.1 r:  56.4   
Kazakhstan=Confirmed i: 131   5  69          . p:   25841   20045 e:  28.9 r:  57.7   
Kazakhstan=Confirmed i: 132   6  70   6/3/2020 p:       0   20045 e: -100.0 r:  60.2   
Kazakhstan=Confirmed i: 133   7  71          . p:   27773   20045 e:  38.6 r:  60.8   
Kazakhstan=Confirmed i: 134   8  72   6/5/2020 p:   31637   20045 e:  57.8 r:  61.4   
Kazakhstan=Confirmed i: 135   9  73          . p:   27290   20045 e:  36.1 r:  62.4   
Kazakhstan=Confirmed i: 136  10  74   6/7/2020 p:   13283   20045 e: -33.7 r:  63.3   
Kazakhstan=Confirmed i: 137  11  75          . p:   13766   20045 e: -31.3 r:  64.2   
Kazakhstan=Confirmed i: 138  12  76   6/9/2020 p:   14249   20045 e: -28.9 r:  65.2   
