
  # Process COVID TAB data
p1= 5935 il= 138
p1= 5944 il= 137
p1= 6038 il= 136
p1= 6038 il= 135
p1= 5852 il= 134
Canada_Quebec=Deaths nl = 139, n1= 5 s1= 5961.4 s2= 35543230.6 SD= 70.2896862989731 frac%= 1.17908018752261
Canada_Quebec=Deaths i:  64  64   0  3/27/2020 p:    1040    5961 e: -82.6 r:   0.3   
Canada_Quebec=Deaths i:  65  65   1          . p:    1021    5961 e: -82.9 r:   0.4   
Canada_Quebec=Deaths i:  66  66   2  3/29/2020 p:     278    5961 e: -95.3 r:   0.4   
Canada_Quebec=Deaths i:  67  67   3          . p:      92    5961 e: -98.5 r:   0.4   
Canada_Quebec=Deaths i:  68  68   4  3/31/2020 p:      91    5961 e: -98.5 r:   0.5   
Canada_Quebec=Deaths i:  69  69   5          . p:      92    5961 e: -98.5 r:   0.6   
Canada_Quebec=Deaths i:  70  70   6   4/2/2020 p:      92    5961 e: -98.5 r:   0.6   
Canada_Quebec=Deaths i:  71  71   7          . p:     464    5961 e: -92.2 r:   1.0   
Canada_Quebec=Deaths i:  72  72   8   4/4/2020 p:     278    5961 e: -95.3 r:   1.0   
Canada_Quebec=Deaths i:  73  73   9          . p:     464    5961 e: -92.2 r:   1.3   
Canada_Quebec=Deaths i:  74  74  10   4/6/2020 p:    3808    5961 e: -36.1 r:   2.0   
Canada_Quebec=Deaths i:  75  75  11          . p:   14213    5961 e: 138.4 r:   2.5   
Canada_Quebec=Deaths i:  76  76  12   4/8/2020 p:    4180    5961 e: -29.9 r:   2.9   
Canada_Quebec=Deaths i:  77  77  13          . p:     464    5961 e: -92.2 r:   3.6   
Canada_Quebec=Deaths i:  78  78  14  4/10/2020 p:     464    5961 e: -92.2 r:   4.0   
Canada_Quebec=Deaths i:  79  79  15          . p:     650    5961 e: -89.1 r:   4.8   
Canada_Quebec=Deaths i:  80  80  16  4/12/2020 p:     650    5961 e: -89.1 r:   5.5   
Canada_Quebec=Deaths i:  81  81  17          . p:     836    5961 e: -86.0 r:   6.0   
Canada_Quebec=Deaths i:  82  82  18  4/14/2020 p:    1393    5961 e: -76.6 r:   7.3   
Canada_Quebec=Deaths i:  83  83  19          . p:    1579    5961 e: -73.5 r:   8.2   
Canada_Quebec=Deaths i:  84  84  20  4/16/2020 p:    3623    5961 e: -39.2 r:  10.6   
Canada_Quebec=Deaths i:  85  85  21          . p:    4737    5961 e: -20.5 r:  11.5   
Canada_Quebec=Deaths i:  86  86  22  4/18/2020 p:    1207    5961 e: -79.8 r:  12.6   
Canada_Quebec=Deaths i:  87  87  23          . p:    1021    5961 e: -82.9 r:  13.8   
Canada_Quebec=Deaths i:  88  88  24  4/20/2020 p:    1765    5961 e: -70.4 r:  15.8   
Canada_Quebec=Deaths i:  89  89  25          . p:    2508    5961 e: -57.9 r:  17.5   
Canada_Quebec=Deaths i:  90  90  26  4/22/2020 p:       0    5961 e: -100.0 r:  19.0   
Canada_Quebec=Deaths i:  91  91  27          . p:    3251    5961 e: -45.5 r:  20.9   
Canada_Quebec=Deaths i:  92  92  28  4/24/2020 p:    3251    5961 e: -45.5 r:  22.5   
Canada_Quebec=Deaths i:  93   0  29          . p:    5454    5961 e:  -8.5 r:  24.3 OK 1st
Canada_Quebec=Deaths i:  94   1  30  4/26/2020 p:    3244    5961 e: -45.6 r:  25.4   
Canada_Quebec=Deaths i:  95   2  31          . p:    3077    5961 e: -48.4 r:  26.8   
Canada_Quebec=Deaths i:  96   3  32  4/28/2020 p:    2963    5961 e: -50.3 r:  28.2   
Canada_Quebec=Deaths i:  97   4  33          . p:    2500    5961 e: -58.1 r:  29.6   
Canada_Quebec=Deaths i:  98   5  34  4/30/2020 p:    2879    5961 e: -51.7 r:  31.2   
Canada_Quebec=Deaths i:  99   6  35          . p:    4366    5961 e: -26.8 r:  33.9   
Canada_Quebec=Deaths i: 100   7  36   5/2/2020 p:    4366    5961 e: -26.8 r:  35.8   
Canada_Quebec=Deaths i: 101   8  37          . p:    4551    5961 e: -23.7 r:  37.0   
Canada_Quebec=Deaths i: 102   9  38   5/4/2020 p:    4366    5961 e: -26.8 r:  38.3   
Canada_Quebec=Deaths i: 103  10  39          . p:    4470    5961 e: -25.0 r:  40.2   
Canada_Quebec=Deaths i: 104  11  40   5/6/2020 p:    4551    5961 e: -23.7 r:  42.1   
Canada_Quebec=Deaths i: 105  12  41          . p:    4551    5961 e: -23.7 r:  44.2   
Canada_Quebec=Deaths i: 106  13  42   5/8/2020 p:    4737    5961 e: -20.5 r:  45.7   
Canada_Quebec=Deaths i: 107  14  43          . p:    4750    5961 e: -20.3 r:  46.8   
Canada_Quebec=Deaths i: 108  15  44  5/10/2020 p:    4747    5961 e: -20.4 r:  49.1   
Canada_Quebec=Deaths i: 109  16  45          . p:    4878    5961 e: -18.2 r:  50.6   
Canada_Quebec=Deaths i: 110  17  46  5/12/2020 p:    4923    5961 e: -17.4 r:  52.5   
Canada_Quebec=Deaths i: 111  18  47          . p:    5109    5961 e: -14.3 r:  54.0 OK
Canada_Quebec=Deaths i: 112  19  48  5/14/2020 p:    5295    5961 e: -11.2 r:  56.2 OK
Canada_Quebec=Deaths i: 113  20  49          . p:    5274    5961 e: -11.5 r:  57.1 OK
Canada_Quebec=Deaths i: 114  21  50  5/16/2020 p:    5245    5961 e: -12.0 r:  58.4 OK
Canada_Quebec=Deaths i: 115  22  51          . p:    5331    5961 e: -10.6 r:  59.8 OK
Canada_Quebec=Deaths i: 116  23  52  5/18/2020 p:    5297    5961 e: -11.1 r:  60.3 OK
Canada_Quebec=Deaths i: 117  24  53          . p:    5220    5961 e: -12.4 r:  61.2 OK
Canada_Quebec=Deaths i: 118  25  54  5/20/2020 p:    5168    5961 e: -13.3 r:  62.4 OK
Canada_Quebec=Deaths i: 119  26  55          . p:    5109    5961 e: -14.3 r:  63.8 OK
Canada_Quebec=Deaths i: 120  27  56  5/22/2020 p:    5109    5961 e: -14.3 r:  64.9 OK
Canada_Quebec=Deaths i: 121  28  57          . p:    5109    5961 e: -14.3 r:  66.1 OK
Canada_Quebec=Deaths i: 122  29  58  5/24/2020 p:    5109    5961 e: -14.3 r:  66.8 OK
Canada_Quebec=Deaths i: 123  30  59          . p:    5109    5961 e: -14.3 r:  68.3 OK
Canada_Quebec=Deaths i: 124  31  60  5/26/2020 p:    5295    5961 e: -11.2 r:  69.4 OK
Canada_Quebec=Deaths i: 125  32  61          . p:    5295    5961 e: -11.2 r:  70.9 OK
Canada_Quebec=Deaths i: 126  33  62  5/28/2020 p:    5480    5961 e:  -8.1 r:  72.2 OK
Canada_Quebec=Deaths i: 127  34  63          . p:    5480    5961 e:  -8.1 r:  73.2 OK
Canada_Quebec=Deaths i: 128  35  64  5/30/2020 p:    5480    5961 e:  -8.1 r:  74.5 OK
Canada_Quebec=Deaths i: 129  36  65          . p:    5666    5961 e:  -5.0 r:  77.9 OK
Canada_Quebec=Deaths i: 130  37  66   6/1/2020 p:    5666    5961 e:  -5.0 r:  78.2 OK
Canada_Quebec=Deaths i: 131  38  67          . p:    5666    5961 e:  -5.0 r:  79.1 OK
Canada_Quebec=Deaths i: 132  39  68   6/3/2020 p:    5852    5961 e:  -1.8 r:  80.4 OK
Canada_Quebec=Deaths i: 133  40  69          . p:    5852    5961 e:  -1.8 r:  81.9 OK
Canada_Quebec=Deaths i: 134  41  70   6/5/2020 p:    5852    5961 e:  -1.8 r:  82.8 OK
Canada_Quebec=Deaths i: 135  42  71          . p:    6038    5961 e:   1.3 r:  83.4 OK
Canada_Quebec=Deaths i: 136  43  72   6/7/2020 p:    6038    5961 e:   1.3 r:  83.5 OK
Canada_Quebec=Deaths i: 137  44  73          . p:    5944    5961 e:  -0.3 r:  83.6 OK
Canada_Quebec=Deaths i: 138  45  74   6/9/2020 p:    5935    5961 e:  -0.4 r:  84.4 OK
