
  # Process COVID TAB data
p1= 3211 il= 138
p1= 5897 il= 137
p1= 5430 il= 136
p1= 3678 il= 135
p1= 3445 il= 134
US_Arizona_Pima=Confirmed nl = 139, n1= 5 s1= 4332.2 s2= 19993147.8 SD= 1106.88344463182 frac%= 25.5501464528835
US_Arizona_Pima=Confirmed i:  55  55  -8          . p:      58    4332 e: -98.7 r:   0.1   
US_Arizona_Pima=Confirmed i:  56  56  -7  3/19/2020 p:      58    4332 e: -98.7 r:   0.2   
US_Arizona_Pima=Confirmed i:  57  57  -6          . p:      58    4332 e: -98.7 r:   0.2   
US_Arizona_Pima=Confirmed i:  58  58  -5  3/21/2020 p:     175    4332 e: -96.0 r:   0.3   
US_Arizona_Pima=Confirmed i:  59  59  -4          . p:    6014    4332 e:  38.8 r:   0.4   
US_Arizona_Pima=Confirmed i:  64  64   1  3/27/2020 p:    5079    4332 e:  17.2 r:   2.4   
US_Arizona_Pima=Confirmed i:  65  65   2          . p:     408    4332 e: -90.6 r:   2.8   
US_Arizona_Pima=Confirmed i:  66  66   3  3/29/2020 p:     759    4332 e: -82.5 r:   3.5   
US_Arizona_Pima=Confirmed i:  67  67   4          . p:     642    4332 e: -85.2 r:   4.3   
US_Arizona_Pima=Confirmed i:  68  68   5  3/31/2020 p:     525    4332 e: -87.9 r:   4.7   
US_Arizona_Pima=Confirmed i:  69  69   6          . p:     291    4332 e: -93.3 r:   5.0   
US_Arizona_Pima=Confirmed i:  70  70   7   4/2/2020 p:     291    4332 e: -93.3 r:   5.5   
US_Arizona_Pima=Confirmed i:  71  71   8          . p:     408    4332 e: -90.6 r:   6.5   
US_Arizona_Pima=Confirmed i:  72  72   9   4/4/2020 p:     642    4332 e: -85.2 r:   7.5   
US_Arizona_Pima=Confirmed i:  73  73  10          . p:     759    4332 e: -82.5 r:   8.6   
US_Arizona_Pima=Confirmed i:  74  74  11   4/6/2020 p:     875    4332 e: -79.8 r:   9.6   
US_Arizona_Pima=Confirmed i:  75  75  12          . p:     875    4332 e: -79.8 r:   9.6   
US_Arizona_Pima=Confirmed i:  76  76  13   4/8/2020 p:     846    4332 e: -80.5 r:  10.7   
US_Arizona_Pima=Confirmed i:  77  77  14          . p:     917    4332 e: -78.8 r:  11.8   
US_Arizona_Pima=Confirmed i:  78  78  15  4/10/2020 p:     992    4332 e: -77.1 r:  12.5   
US_Arizona_Pima=Confirmed i:  79  79  16          . p:     992    4332 e: -77.1 r:  13.6   
US_Arizona_Pima=Confirmed i:  80  80  17  4/12/2020 p:    1072    4332 e: -75.3 r:  14.4   
US_Arizona_Pima=Confirmed i:  81  81  18          . p:    1086    4332 e: -74.9 r:  15.4   
US_Arizona_Pima=Confirmed i:  82  82  19  4/14/2020 p:    1460    4332 e: -66.3 r:  15.8   
US_Arizona_Pima=Confirmed i:  83  83  20          . p:    1084    4332 e: -75.0 r:  16.2   
US_Arizona_Pima=Confirmed i:  84  84  21  4/16/2020 p:    1161    4332 e: -73.2 r:  17.5   
US_Arizona_Pima=Confirmed i:  85  85  22          . p:    1198    4332 e: -72.3 r:  18.9   
US_Arizona_Pima=Confirmed i:  86  86  23  4/18/2020 p:    1342    4332 e: -69.0 r:  19.8   
US_Arizona_Pima=Confirmed i:  87  87  24          . p:    1342    4332 e: -69.0 r:  21.1   
US_Arizona_Pima=Confirmed i:  88  88  25  4/20/2020 p:    1459    4332 e: -66.3 r:  21.7   
US_Arizona_Pima=Confirmed i:  89  89  26          . p:    1409    4332 e: -67.5 r:  22.2   
US_Arizona_Pima=Confirmed i:  90  90  27  4/22/2020 p:    1389    4332 e: -67.9 r:  22.5   
US_Arizona_Pima=Confirmed i:  91  91  28          . p:    1421    4332 e: -67.2 r:  23.7   
US_Arizona_Pima=Confirmed i:  92  92  29  4/24/2020 p:    1437    4332 e: -66.8 r:  24.5   
US_Arizona_Pima=Confirmed i:  93  93  30          . p:    1693    4332 e: -60.9 r:  25.2   
US_Arizona_Pima=Confirmed i:  94  94  31  4/26/2020 p:    1576    4332 e: -63.6 r:  26.2   
US_Arizona_Pima=Confirmed i:  95  95  32          . p:    1576    4332 e: -63.6 r:  26.9   
US_Arizona_Pima=Confirmed i:  96  96  33  4/28/2020 p:    1591    4332 e: -63.3 r:  27.4   
US_Arizona_Pima=Confirmed i:  97  97  34          . p:    1557    4332 e: -64.1 r:  28.0   
US_Arizona_Pima=Confirmed i:  98  98  35  4/30/2020 p:    1568    4332 e: -63.8 r:  28.6   
US_Arizona_Pima=Confirmed i:  99  99  36          . p:    1581    4332 e: -63.5 r:  29.2   
US_Arizona_Pima=Confirmed i: 100 100  37   5/2/2020 p:    1810    4332 e: -58.2 r:  30.0   
US_Arizona_Pima=Confirmed i: 101 101  38          . p:    1810    4332 e: -58.2 r:  30.6   
US_Arizona_Pima=Confirmed i: 102 102  39   5/4/2020 p:    1630    4332 e: -62.4 r:  31.1   
US_Arizona_Pima=Confirmed i: 103 103  40          . p:    1837    4332 e: -57.6 r:  31.8   
US_Arizona_Pima=Confirmed i: 104 104  41   5/6/2020 p:    1693    4332 e: -60.9 r:  32.9   
US_Arizona_Pima=Confirmed i: 105 105  42          . p:    1926    4332 e: -55.5 r:  33.8   
US_Arizona_Pima=Confirmed i: 106 106  43   5/8/2020 p:    1810    4332 e: -58.2 r:  35.1   
US_Arizona_Pima=Confirmed i: 107 107  44          . p:    1810    4332 e: -58.2 r:  35.9   
US_Arizona_Pima=Confirmed i: 108 108  45  5/10/2020 p:    1926    4332 e: -55.5 r:  36.6   
US_Arizona_Pima=Confirmed i: 109 109  46          . p:    1926    4332 e: -55.5 r:  37.0   
US_Arizona_Pima=Confirmed i: 110 110  47  5/12/2020 p:    1926    4332 e: -55.5 r:  37.5   
US_Arizona_Pima=Confirmed i: 111 111  48          . p:    1926    4332 e: -55.5 r:  38.3   
US_Arizona_Pima=Confirmed i: 112 112  49  5/14/2020 p:    2043    4332 e: -52.8 r:  39.1   
US_Arizona_Pima=Confirmed i: 113 113  50          . p:    2043    4332 e: -52.8 r:  40.4   
US_Arizona_Pima=Confirmed i: 114 114  51  5/16/2020 p:    2043    4332 e: -52.8 r:  41.1   
US_Arizona_Pima=Confirmed i: 115 115  52          . p:    2160    4332 e: -50.1 r:  41.9   
US_Arizona_Pima=Confirmed i: 116 116  53  5/18/2020 p:    2160    4332 e: -50.1 r:  42.1   
US_Arizona_Pima=Confirmed i: 117 117  54          . p:    2160    4332 e: -50.1 r:  43.6   
US_Arizona_Pima=Confirmed i: 118 118  55  5/20/2020 p:    2277    4332 e: -47.4 r:  43.9   
US_Arizona_Pima=Confirmed i: 119 119  56          . p:    2277    4332 e: -47.4 r:  44.9   
US_Arizona_Pima=Confirmed i: 120 120  57  5/22/2020 p:    2277    4332 e: -47.4 r:  45.6   
US_Arizona_Pima=Confirmed i: 121 121  58          . p:    2332    4332 e: -46.2 r:  46.2   
US_Arizona_Pima=Confirmed i: 122 122  59  5/24/2020 p:    2328    4332 e: -46.3 r:  46.8   
US_Arizona_Pima=Confirmed i: 123 123  60          . p:    2366    4332 e: -45.4 r:  47.2   
US_Arizona_Pima=Confirmed i: 124 124  61  5/26/2020 p:    2390    4332 e: -44.8 r:  47.9   
US_Arizona_Pima=Confirmed i: 125 125  62          . p:    2393    4332 e: -44.8 r:  48.9   
US_Arizona_Pima=Confirmed i: 126 126  63  5/28/2020 p:    2510    4332 e: -42.1 r:  50.0   
US_Arizona_Pima=Confirmed i: 127 127  64          . p:    2510    4332 e: -42.1 r:  51.6   
US_Arizona_Pima=Confirmed i: 128 128  65  5/30/2020 p:    2627    4332 e: -39.4 r:  52.9   
US_Arizona_Pima=Confirmed i: 129 129  66          . p:    2744    4332 e: -36.7 r:  54.7   
US_Arizona_Pima=Confirmed i: 130 130  67   6/1/2020 p:    2744    4332 e: -36.7 r:  55.0   
US_Arizona_Pima=Confirmed i: 131 131  68          . p:    2861    4332 e: -34.0 r:  57.6   
US_Arizona_Pima=Confirmed i: 132 132  69   6/3/2020 p:    3094    4332 e: -28.6 r:  60.6   
US_Arizona_Pima=Confirmed i: 133 133  70          . p:    3094    4332 e: -28.6 r:  61.6   
US_Arizona_Pima=Confirmed i: 134 134  71   6/5/2020 p:    3445    4332 e: -20.5 r:  66.5   
US_Arizona_Pima=Confirmed i: 135 135  72          . p:    3678    4332 e: -15.1 r:  68.1   
US_Arizona_Pima=Confirmed i: 136 136  73   6/7/2020 p:    5430    4332 e:  25.3 r:  71.5   
US_Arizona_Pima=Confirmed i: 137 137  74          . p:    5897    4332 e:  36.1 r:  72.8   
US_Arizona_Pima=Confirmed i: 138 138  75   6/9/2020 p:    3211    4332 e: -25.9 r:  73.0   
