
  # Process COVID TAB data
p1= 280 il= 138
p1= 251 il= 137
p1= 229 il= 136
p1= 208 il= 135
p1= 193 il= 134
Azerbaijan=Deaths nl = 139, n1= 5 s1= 232.2 s2= 54871 SD= 30.8894804100037 frac%= 13.3029631395365
Azerbaijan=Deaths i:  65  65 -26          . p:       5     232 e: -97.8 r:   1.7   
Azerbaijan=Deaths i:  66  66 -25  3/29/2020 p:       5     232 e: -97.8 r:   1.7   
Azerbaijan=Deaths i:  67  67 -24          . p:       5     232 e: -97.8 r:   1.7   
Azerbaijan=Deaths i:  68  68 -23  3/31/2020 p:       5     232 e: -97.8 r:   2.2   
Azerbaijan=Deaths i:  69  69 -22          . p:       5     232 e: -97.8 r:   2.2   
Azerbaijan=Deaths i:  70  70 -21   4/2/2020 p:       6     232 e: -97.4 r:   2.2   
Azerbaijan=Deaths i:  71  71 -20          . p:       4     232 e: -98.3 r:   2.2   
Azerbaijan=Deaths i:  72  72 -19   4/4/2020 p:       4     232 e: -98.3 r:   2.2   
Azerbaijan=Deaths i:  73  73 -18          . p:      16     232 e: -93.1 r:   3.0   
Azerbaijan=Deaths i:  74  74 -17   4/6/2020 p:      12     232 e: -94.8 r:   3.0   
Azerbaijan=Deaths i:  75  75 -16          . p:      16     232 e: -93.1 r:   3.4   
Azerbaijan=Deaths i:  76  76 -15   4/8/2020 p:      12     232 e: -94.8 r:   3.4   
Azerbaijan=Deaths i:  77  77 -14          . p:      12     232 e: -94.8 r:   3.9   
Azerbaijan=Deaths i:  78  78 -13  4/10/2020 p:      16     232 e: -93.1 r:   4.3   
Azerbaijan=Deaths i:  79  79 -12          . p:      19     232 e: -91.8 r:   4.7   
Azerbaijan=Deaths i:  80  80 -11  4/12/2020 p:      23     232 e: -90.1 r:   4.7   
Azerbaijan=Deaths i:  81  81 -10          . p:      23     232 e: -90.1 r:   5.2   
Azerbaijan=Deaths i:  82  82  -9  4/14/2020 p:      23     232 e: -90.1 r:   5.6   
Azerbaijan=Deaths i:  83  83  -8          . p:      23     232 e: -90.1 r:   5.6   
Azerbaijan=Deaths i:  84  84  -7  4/16/2020 p:      30     232 e: -87.1 r:   6.5   
Azerbaijan=Deaths i:  85  85  -6          . p:      30     232 e: -87.1 r:   6.5   
Azerbaijan=Deaths i:  86  86  -5  4/18/2020 p:      41     232 e: -82.3 r:   7.8   
Azerbaijan=Deaths i:  87  87  -4          . p:      52     232 e: -77.6 r:   8.2   
Azerbaijan=Deaths i:  88  88  -3  4/20/2020 p:      52     232 e: -77.6 r:   8.2   
Azerbaijan=Deaths i:  89  89  -2          . p:      19     232 e: -91.8 r:   8.6   
Azerbaijan=Deaths i:  90  90  -1  4/22/2020 p:      19     232 e: -91.8 r:   8.6   
Azerbaijan=Deaths i:  91  91   0          . p:      21     232 e: -91.0 r:   8.6   
Azerbaijan=Deaths i:  92  92   1  4/24/2020 p:      23     232 e: -90.1 r:   9.0   
Azerbaijan=Deaths i:  93  93   2          . p:      21     232 e: -91.0 r:   9.0   
Azerbaijan=Deaths i:  94  94   3  4/26/2020 p:      20     232 e: -91.4 r:   9.0   
Azerbaijan=Deaths i:  95  95   4          . p:      23     232 e: -90.1 r:   9.5   
Azerbaijan=Deaths i:  96  96   5  4/28/2020 p:      23     232 e: -90.1 r:   9.5   
Azerbaijan=Deaths i:  97  97   6          . p:      27     232 e: -88.4 r:   9.9   
Azerbaijan=Deaths i:  98  98   7  4/30/2020 p:      30     232 e: -87.1 r:  10.3   
Azerbaijan=Deaths i:  99  99   8          . p:      30     232 e: -87.1 r:  10.8   
Azerbaijan=Deaths i: 100 100   9   5/2/2020 p:      30     232 e: -87.1 r:  10.8   
Azerbaijan=Deaths i: 101 101  10          . p:      30     232 e: -87.1 r:  10.8   
Azerbaijan=Deaths i: 102 102  11   5/4/2020 p:      30     232 e: -87.1 r:  11.2   
Azerbaijan=Deaths i: 103 103  12          . p:      30     232 e: -87.1 r:  11.2   
Azerbaijan=Deaths i: 104 104  13   5/6/2020 p:      34     232 e: -85.4 r:  12.1   
Azerbaijan=Deaths i: 105 105  14          . p:      34     232 e: -85.4 r:  12.1   
Azerbaijan=Deaths i: 106 106  15   5/8/2020 p:      34     232 e: -85.4 r:  12.1   
Azerbaijan=Deaths i: 107 107  16          . p:      41     232 e: -82.3 r:  13.4   
Azerbaijan=Deaths i: 108 108  17  5/10/2020 p:      45     232 e: -80.6 r:  13.8   
Azerbaijan=Deaths i: 109 109  18          . p:      45     232 e: -80.6 r:  13.8   
Azerbaijan=Deaths i: 110 110  19  5/12/2020 p:      45     232 e: -80.6 r:  14.2   
Azerbaijan=Deaths i: 111 111  20          . p:      52     232 e: -77.6 r:  15.1   
Azerbaijan=Deaths i: 112 112  21  5/14/2020 p:      52     232 e: -77.6 r:  15.1   
Azerbaijan=Deaths i: 113 113  22          . p:      52     232 e: -77.6 r:  15.5   
Azerbaijan=Deaths i: 114 114  23  5/16/2020 p:      56     232 e: -75.9 r:  15.5   
Azerbaijan=Deaths i: 115 115  24          . p:      59     232 e: -74.6 r:  16.8   
Azerbaijan=Deaths i: 116 116  25  5/18/2020 p:      63     232 e: -72.9 r:  17.2   
Azerbaijan=Deaths i: 117 117  26          . p:      59     232 e: -74.6 r:  17.7   
Azerbaijan=Deaths i: 118 118  27  5/20/2020 p:      74     232 e: -68.1 r:  18.5   
Azerbaijan=Deaths i: 119 119  28          . p:      77     232 e: -66.8 r:  18.9   
Azerbaijan=Deaths i: 120 120  29  5/22/2020 p:      70     232 e: -69.9 r:  19.8   
Azerbaijan=Deaths i: 121 121  30          . p:      77     232 e: -66.8 r:  21.1   
Azerbaijan=Deaths i: 122 122  31  5/24/2020 p:      81     232 e: -65.1 r:  21.1   
Azerbaijan=Deaths i: 123 123  32          . p:      85     232 e: -63.4 r:  22.0   
Azerbaijan=Deaths i: 124 124  33  5/26/2020 p:      88     232 e: -62.1 r:  22.4   
Azerbaijan=Deaths i: 125 125  34          . p:      92     232 e: -60.4 r:  23.3   
Azerbaijan=Deaths i: 126 126  35  5/28/2020 p:      95     232 e: -59.1 r:  24.1   
Azerbaijan=Deaths i: 127 127  36          . p:     103     232 e: -55.6 r:  25.0   
Azerbaijan=Deaths i: 128 128  37  5/30/2020 p:     110     232 e: -52.6 r:  26.3   
Azerbaijan=Deaths i: 129 129  38          . p:     117     232 e: -49.6 r:  27.1   
Azerbaijan=Deaths i: 130 130  39   6/1/2020 p:     128     232 e: -44.9 r:  29.3   
Azerbaijan=Deaths i: 131 131  40          . p:     139     232 e: -40.1 r:  30.6   
Azerbaijan=Deaths i: 132 132  41   6/3/2020 p:     157     232 e: -32.4 r:  32.7   
Azerbaijan=Deaths i: 133 133  42          . p:     175     232 e: -24.6 r:  33.6   
Azerbaijan=Deaths i: 134 134  43   6/5/2020 p:     193     232 e: -16.9 r:  35.3   
Azerbaijan=Deaths i: 135   0  44          . p:     208     232 e: -10.4 r:  36.2 OK 1st
Azerbaijan=Deaths i: 136   1  45   6/7/2020 p:     229     232 e:  -1.4 r:  37.9 OK
Azerbaijan=Deaths i: 137   2  46          . p:     251     232 e:   8.1 r:  40.1 OK
Azerbaijan=Deaths i: 138   3  47   6/9/2020 p:     280     232 e:  20.6 r:  42.2   
