
  # Process COVID TAB data
p1= 221 il= 138
p1= 365 il= 137
p1= 227 il= 136
p1= 283 il= 135
p1= 390 il= 134
US_Kentucky_Jefferson=Deaths nl = 139, n1= 5 s1= 297.2 s2= 93156.8 SD= 69.490718804744 frac%= 23.3818030971548
US_Kentucky_Jefferson=Deaths i:  66  66  -8  3/29/2020 p:       3     297 e: -99.0 r:   1.0   
US_Kentucky_Jefferson=Deaths i:  67  67  -7          . p:       3     297 e: -99.0 r:   1.0   
US_Kentucky_Jefferson=Deaths i:  68  68  -6  3/31/2020 p:       3     297 e: -99.0 r:   1.0   
US_Kentucky_Jefferson=Deaths i:  72  72  -2   4/4/2020 p:      15     297 e: -95.0 r:   3.7   
US_Kentucky_Jefferson=Deaths i:  73  73  -1          . p:      46     297 e: -84.5 r:   5.7   
US_Kentucky_Jefferson=Deaths i:  74  74   0   4/6/2020 p:      34     297 e: -88.6 r:   5.7   
US_Kentucky_Jefferson=Deaths i:  75  75   1          . p:      53     297 e: -82.2 r:   7.4   
US_Kentucky_Jefferson=Deaths i:  76  76   2   4/8/2020 p:      34     297 e: -88.6 r:   7.4   
US_Kentucky_Jefferson=Deaths i:  77  77   3          . p:      40     297 e: -86.5 r:   8.7   
US_Kentucky_Jefferson=Deaths i:  78  78   4  4/10/2020 p:      34     297 e: -88.6 r:   8.7   
US_Kentucky_Jefferson=Deaths i:  79  79   5          . p:      28     297 e: -90.6 r:   8.7   
US_Kentucky_Jefferson=Deaths i:  80  80   6  4/12/2020 p:      28     297 e: -90.6 r:   8.7   
US_Kentucky_Jefferson=Deaths i:  81  81   7          . p:     209     297 e: -29.7 r:  14.1   
US_Kentucky_Jefferson=Deaths i:  82  82   8  4/14/2020 p:     209     297 e: -29.7 r:  15.5   
US_Kentucky_Jefferson=Deaths i:  83  83   9          . p:      46     297 e: -84.5 r:  15.5   
US_Kentucky_Jefferson=Deaths i:  84  84  10  4/16/2020 p:      71     297 e: -76.1 r:  18.8   
US_Kentucky_Jefferson=Deaths i:  85  85  11          . p:      71     297 e: -76.1 r:  20.2   
US_Kentucky_Jefferson=Deaths i:  86  86  12  4/18/2020 p:      65     297 e: -78.1 r:  20.2   
US_Kentucky_Jefferson=Deaths i:  87  87  13          . p:      65     297 e: -78.1 r:  20.2   
US_Kentucky_Jefferson=Deaths i:  88  88  14  4/20/2020 p:      78     297 e: -73.8 r:  22.5   
US_Kentucky_Jefferson=Deaths i:  89  89  15          . p:      84     297 e: -71.7 r:  23.6   
US_Kentucky_Jefferson=Deaths i:  90  90  16  4/22/2020 p:     177     297 e: -40.4 r:  25.6   
US_Kentucky_Jefferson=Deaths i:  91  91  17          . p:      96     297 e: -67.7 r:  26.2   
US_Kentucky_Jefferson=Deaths i:  92  92  18  4/24/2020 p:     127     297 e: -57.3 r:  26.2   
US_Kentucky_Jefferson=Deaths i:  93  93  19          . p:      91     297 e: -69.4 r:  27.3   
US_Kentucky_Jefferson=Deaths i:  94  94  20  4/26/2020 p:      82     297 e: -72.4 r:  27.3   
US_Kentucky_Jefferson=Deaths i:  95  95  21          . p:      89     297 e: -70.1 r:  27.9   
US_Kentucky_Jefferson=Deaths i:  96  96  22  4/28/2020 p:      90     297 e: -69.7 r:  28.6   
US_Kentucky_Jefferson=Deaths i:  97  97  23          . p:     109     297 e: -63.3 r:  30.3   
US_Kentucky_Jefferson=Deaths i:  98  98  24  4/30/2020 p:     109     297 e: -63.3 r:  30.6   
US_Kentucky_Jefferson=Deaths i:  99  99  25          . p:     109     297 e: -63.3 r:  31.3   
US_Kentucky_Jefferson=Deaths i: 100 100  26   5/2/2020 p:     109     297 e: -63.3 r:  31.3   
US_Kentucky_Jefferson=Deaths i: 101 101  27          . p:     109     297 e: -63.3 r:  32.0   
US_Kentucky_Jefferson=Deaths i: 102 102  28   5/4/2020 p:     115     297 e: -61.3 r:  34.0   
US_Kentucky_Jefferson=Deaths i: 103 103  29          . p:     121     297 e: -59.3 r:  35.3   
US_Kentucky_Jefferson=Deaths i: 104 104  30   5/6/2020 p:     127     297 e: -57.3 r:  35.7   
US_Kentucky_Jefferson=Deaths i: 105 105  31          . p:     127     297 e: -57.3 r:  36.0   
US_Kentucky_Jefferson=Deaths i: 106 106  32   5/8/2020 p:     127     297 e: -57.3 r:  36.3   
US_Kentucky_Jefferson=Deaths i: 107 107  33          . p:     127     297 e: -57.3 r:  36.7   
US_Kentucky_Jefferson=Deaths i: 108 108  34  5/10/2020 p:     127     297 e: -57.3 r:  36.7   
US_Kentucky_Jefferson=Deaths i: 109 109  35          . p:     126     297 e: -57.6 r:  37.7   
US_Kentucky_Jefferson=Deaths i: 110 110  36  5/12/2020 p:     128     297 e: -56.9 r:  38.7   
US_Kentucky_Jefferson=Deaths i: 111 111  37          . p:     127     297 e: -57.3 r:  38.7   
US_Kentucky_Jefferson=Deaths i: 112 112  38  5/14/2020 p:     127     297 e: -57.3 r:  38.7   
US_Kentucky_Jefferson=Deaths i: 113 113  39          . p:     127     297 e: -57.3 r:  39.0   
US_Kentucky_Jefferson=Deaths i: 114 114  40  5/16/2020 p:     128     297 e: -56.9 r:  39.4   
US_Kentucky_Jefferson=Deaths i: 115 115  41          . p:     127     297 e: -57.3 r:  39.4   
US_Kentucky_Jefferson=Deaths i: 119 119  45          . p:     146     297 e: -50.9 r:  46.8   
US_Kentucky_Jefferson=Deaths i: 120 120  46  5/22/2020 p:     146     297 e: -50.9 r:  47.4   
US_Kentucky_Jefferson=Deaths i: 121 121  47          . p:     146     297 e: -50.9 r:  47.4   
US_Kentucky_Jefferson=Deaths i: 122 122  48  5/24/2020 p:     146     297 e: -50.9 r:  47.4   
US_Kentucky_Jefferson=Deaths i: 123 123  49          . p:     141     297 e: -52.6 r:  47.4   
US_Kentucky_Jefferson=Deaths i: 124 124  50  5/26/2020 p:     141     297 e: -52.6 r:  47.8   
US_Kentucky_Jefferson=Deaths i: 125 125  51          . p:     145     297 e: -51.2 r:  48.5   
US_Kentucky_Jefferson=Deaths i: 126 126  52  5/28/2020 p:     146     297 e: -50.9 r:  48.8   
US_Kentucky_Jefferson=Deaths i: 127 127  53          . p:     146     297 e: -50.9 r:  48.8   
US_Kentucky_Jefferson=Deaths i: 128 128  54  5/30/2020 p:     361     297 e:  21.5 r:  51.5   
US_Kentucky_Jefferson=Deaths i: 129 129  55          . p:     190     297 e: -36.1 r:  51.5   
US_Kentucky_Jefferson=Deaths i: 130 130  56   6/1/2020 p:     246     297 e: -17.2 r:  52.5   
US_Kentucky_Jefferson=Deaths i: 131 131  57          . p:     159     297 e: -46.5 r:  52.8   
US_Kentucky_Jefferson=Deaths i: 132 132  58   6/3/2020 p:     202     297 e: -32.0 r:  53.8   
US_Kentucky_Jefferson=Deaths i: 133   0  59          . p:     265     297 e: -10.8 r:  54.8 OK 1st
US_Kentucky_Jefferson=Deaths i: 134   1  60   6/5/2020 p:     390     297 e:  31.2 r:  56.2   
US_Kentucky_Jefferson=Deaths i: 135   2  61          . p:     283     297 e:  -4.8 r:  56.9 OK
US_Kentucky_Jefferson=Deaths i: 136   3  62   6/7/2020 p:     227     297 e: -23.6 r:  56.9   
US_Kentucky_Jefferson=Deaths i: 137   4  63          . p:     365     297 e:  22.8 r:  56.9   
US_Kentucky_Jefferson=Deaths i: 138   5  64   6/9/2020 p:     221     297 e: -25.6 r:  56.9   
