
  # Process COVID TAB data
p1= 19303 il= 138
p1= 19303 il= 137
p1= 19303 il= 136
p1= 19303 il= 135
p1= 19039 il= 134
US_New_Jersey_Hudson=Confirmed nl = 139, n1= 5 s1= 19250.2 s2= 370581351.4 SD= 105.599999999786 frac%= 0.548565729186115
US_New_Jersey_Hudson=Confirmed i:  54  54  -4  3/17/2020 p:    1754   19250 e: -90.9 r:   0.1   
US_New_Jersey_Hudson=Confirmed i:  55  55  -3          . p:     350   19250 e: -98.2 r:   0.2   
US_New_Jersey_Hudson=Confirmed i:  56  56  -2  3/19/2020 p:     350   19250 e: -98.2 r:   0.3   
US_New_Jersey_Hudson=Confirmed i:  57  57  -1          . p:     350   19250 e: -98.2 r:   0.3   
US_New_Jersey_Hudson=Confirmed i:  58  58   0  3/21/2020 p:     350   19250 e: -98.2 r:   0.5   
US_New_Jersey_Hudson=Confirmed i:  59  59   1          . p:    1052   19250 e: -94.5 r:   0.7   
US_New_Jersey_Hudson=Confirmed i:  60  60   2  3/23/2020 p:    1754   19250 e: -90.9 r:   1.0   
US_New_Jersey_Hudson=Confirmed i:  61  61   3          . p:    1754   19250 e: -90.9 r:   1.2   
US_New_Jersey_Hudson=Confirmed i:  62  62   4  3/25/2020 p:    2586   19250 e: -86.6 r:   1.4   
US_New_Jersey_Hudson=Confirmed i:  63  63   5          . p:    5966   19250 e: -69.0 r:   2.3   
US_New_Jersey_Hudson=Confirmed i:  64  64   6  3/27/2020 p:   13688   19250 e: -28.9 r:   3.1   
US_New_Jersey_Hudson=Confirmed i:  65  65   7          . p:   24217   19250 e:  25.8 r:   4.0   
US_New_Jersey_Hudson=Confirmed i:  66  66   8  3/29/2020 p:    5264   19250 e: -72.7 r:   5.1   
US_New_Jersey_Hudson=Confirmed i:  67  67   9          . p:    5966   19250 e: -69.0 r:   6.8   
US_New_Jersey_Hudson=Confirmed i:  68  68  10  3/31/2020 p:    7370   19250 e: -61.7 r:   8.3   
US_New_Jersey_Hudson=Confirmed i:  69  69  11          . p:   13688   19250 e: -28.9 r:   9.9   
US_New_Jersey_Hudson=Confirmed i:  70  70  12   4/2/2020 p:    6668   19250 e: -65.4 r:  11.8   
US_New_Jersey_Hudson=Confirmed i:  71  71  13          . p:   29833   19250 e:  55.0 r:  14.7   
US_New_Jersey_Hudson=Confirmed i:  72  72  14   4/4/2020 p:   22813   19250 e:  18.5 r:  18.1   
US_New_Jersey_Hudson=Confirmed i:  73  73  15          . p:   55805   19250 e: 189.9 r:  20.4   
US_New_Jersey_Hudson=Confirmed i:  74  74  16   4/6/2020 p:   24919   19250 e:  29.4 r:  22.8   
US_New_Jersey_Hudson=Confirmed i:  75   0  17          . p:   18601   19250 e:  -3.4 r:  25.7 OK 1st
US_New_Jersey_Hudson=Confirmed i:  76   1  18   4/8/2020 p:    9476   19250 e: -50.8 r:  28.2   
US_New_Jersey_Hudson=Confirmed i:  77   2  19          . p:    9364   19250 e: -51.4 r:  30.5   
US_New_Jersey_Hudson=Confirmed i:  78   3  20  4/10/2020 p:   12811   19250 e: -33.5 r:  33.3   
US_New_Jersey_Hudson=Confirmed i:  79   4  21          . p:   11909   19250 e: -38.1 r:  35.6   
US_New_Jersey_Hudson=Confirmed i:  80   5  22  4/12/2020 p:   12066   19250 e: -37.3 r:  38.8   
US_New_Jersey_Hudson=Confirmed i:  81   6  23          . p:   14018   19250 e: -27.2 r:  40.9   
US_New_Jersey_Hudson=Confirmed i:  82   7  24  4/14/2020 p:   13291   19250 e: -31.0 r:  42.8   
US_New_Jersey_Hudson=Confirmed i:  83   8  25          . p:   11920   19250 e: -38.1 r:  44.2   
US_New_Jersey_Hudson=Confirmed i:  84   9  26  4/16/2020 p:   14487   19250 e: -24.7 r:  47.6   
US_New_Jersey_Hudson=Confirmed i:  85  10  27          . p:   13817   19250 e: -28.2 r:  50.1   
US_New_Jersey_Hudson=Confirmed i:  86  11  28  4/18/2020 p:   14390   19250 e: -25.2 r:  51.7   
US_New_Jersey_Hudson=Confirmed i:  87  12  29          . p:   14390   19250 e: -25.2 r:  54.5   
US_New_Jersey_Hudson=Confirmed i:  88  13  30  4/20/2020 p:   15794   19250 e: -18.0 r:  57.9   
US_New_Jersey_Hudson=Confirmed i:  89  14  31          . p:   15794   19250 e: -18.0 r:  58.3   
US_New_Jersey_Hudson=Confirmed i:  90  15  32  4/22/2020 p:   16496   19250 e: -14.3 r:  62.8 OK
US_New_Jersey_Hudson=Confirmed i:  91  16  33          . p:   17198   19250 e: -10.7 r:  65.9 OK
US_New_Jersey_Hudson=Confirmed i:  92  17  34  4/24/2020 p:   18601   19250 e:  -3.4 r:  67.6 OK
US_New_Jersey_Hudson=Confirmed i:  93  18  35          . p:   17942   19250 e:  -6.8 r:  69.4 OK
US_New_Jersey_Hudson=Confirmed i:  94  19  36  4/26/2020 p:   18210   19250 e:  -5.4 r:  71.2 OK
US_New_Jersey_Hudson=Confirmed i:  95  20  37          . p:   18218   19250 e:  -5.4 r:  72.3 OK
US_New_Jersey_Hudson=Confirmed i:  96  21  38  4/28/2020 p:   18295   19250 e:  -5.0 r:  74.3 OK
US_New_Jersey_Hudson=Confirmed i:  97  22  39          . p:   18416   19250 e:  -4.3 r:  75.8 OK
US_New_Jersey_Hudson=Confirmed i:  98  23  40  4/30/2020 p:   19303   19250 e:   0.3 r:  77.5 OK
US_New_Jersey_Hudson=Confirmed i:  99  24  41          . p:   18644   19250 e:  -3.1 r:  78.7 OK
US_New_Jersey_Hudson=Confirmed i: 100  25  42   5/2/2020 p:   18658   19250 e:  -3.1 r:  80.0 OK
US_New_Jersey_Hudson=Confirmed i: 101  26  43          . p:   19303   19250 e:   0.3 r:  81.9 OK
US_New_Jersey_Hudson=Confirmed i: 102  27  44   5/4/2020 p:   18797   19250 e:  -2.4 r:  82.5 OK
US_New_Jersey_Hudson=Confirmed i: 103  28  45          . p:   18797   19250 e:  -2.4 r:  83.6 OK
US_New_Jersey_Hudson=Confirmed i: 104  29  46   5/6/2020 p:   18843   19250 e:  -2.1 r:  84.1 OK
US_New_Jersey_Hudson=Confirmed i: 105  30  47          . p:   19666   19250 e:   2.2 r:  89.0 OK
US_New_Jersey_Hudson=Confirmed i: 106  31  48   5/8/2020 p:   20033   19250 e:   4.1 r:  90.2 OK
US_New_Jersey_Hudson=Confirmed i: 107  32  49          . p:   19988   19250 e:   3.8 r:  90.6 OK
US_New_Jersey_Hudson=Confirmed i: 108  33  50  5/10/2020 p:   19998   19250 e:   3.9 r:  91.0 OK
US_New_Jersey_Hudson=Confirmed i: 109  34  51          . p:   19969   19250 e:   3.7 r:  91.4 OK
US_New_Jersey_Hudson=Confirmed i: 110  35  52  5/12/2020 p:   20019   19250 e:   4.0 r:  91.8 OK
US_New_Jersey_Hudson=Confirmed i: 111  36  53          . p:   19801   19250 e:   2.9 r:  90.7 OK
US_New_Jersey_Hudson=Confirmed i: 112  37  54  5/14/2020 p:   19816   19250 e:   2.9 r:  91.4 OK
US_New_Jersey_Hudson=Confirmed i: 113  38  55          . p:   20005   19250 e:   3.9 r:  93.8 OK
US_New_Jersey_Hudson=Confirmed i: 114  39  56  5/16/2020 p:   20005   19250 e:   3.9 r:  94.9 OK
US_New_Jersey_Hudson=Confirmed i: 115  40  57          . p:   20005   19250 e:   3.9 r:  96.1 OK
US_New_Jersey_Hudson=Confirmed i: 116  41  58  5/18/2020 p:   20005   19250 e:   3.9 r:  96.6 OK
US_New_Jersey_Hudson=Confirmed i: 117  42  59          . p:   20005   19250 e:   3.9 r:  97.0 OK
US_New_Jersey_Hudson=Confirmed i: 118  43  60  5/20/2020 p:   20707   19250 e:   7.6 r:  98.1 OK
US_New_Jersey_Hudson=Confirmed i: 119  44  61          . p:   20707   19250 e:   7.6 r:  98.1 OK
US_New_Jersey_Hudson=Confirmed i: 120  45  62  5/22/2020 p:   20005   19250 e:   3.9 r:  98.1 OK
US_New_Jersey_Hudson=Confirmed i: 121  46  63          . p:   20188   19250 e:   4.9 r:  98.5 OK
US_New_Jersey_Hudson=Confirmed i: 122  47  64  5/24/2020 p:   20142   19250 e:   4.6 r:  98.1 OK
US_New_Jersey_Hudson=Confirmed i: 123  48  65          . p:   19936   19250 e:   3.6 r:  98.1 OK
US_New_Jersey_Hudson=Confirmed i: 124  49  66  5/26/2020 p:   20022   19250 e:   4.0 r:  98.3 OK
US_New_Jersey_Hudson=Confirmed i: 125  50  67          . p:   20011   19250 e:   4.0 r:  96.7 OK
US_New_Jersey_Hudson=Confirmed i: 126  51  68  5/28/2020 p:   20005   19250 e:   3.9 r:  96.9 OK
US_New_Jersey_Hudson=Confirmed i: 127  52  69          . p:   19754   19250 e:   2.6 r:  98.3 OK
US_New_Jersey_Hudson=Confirmed i: 128  53  70  5/30/2020 p:   19761   19250 e:   2.7 r:  98.3 OK
US_New_Jersey_Hudson=Confirmed i: 129  54  71          . p:   18835   19250 e:  -2.2 r:  97.5 OK
US_New_Jersey_Hudson=Confirmed i: 130  55  72   6/1/2020 p:   18835   19250 e:  -2.2 r:  97.7 OK
US_New_Jersey_Hudson=Confirmed i: 131  56  73          . p:   19626   19250 e:   2.0 r:  97.8 OK
US_New_Jersey_Hudson=Confirmed i: 134  59  76   6/5/2020 p:   19039   19250 e:  -1.1 r:  98.1 OK
US_New_Jersey_Hudson=Confirmed i: 135  60  77          . p:   19303   19250 e:   0.3 r:  98.3 OK
US_New_Jersey_Hudson=Confirmed i: 136  61  78   6/7/2020 p:   19303   19250 e:   0.3 r:  98.5 OK
US_New_Jersey_Hudson=Confirmed i: 137  62  79          . p:   19303   19250 e:   0.3 r:  98.7 OK
US_New_Jersey_Hudson=Confirmed i: 138  63  80   6/9/2020 p:   19303   19250 e:   0.3 r:  98.7 OK
