
  # Process COVID TAB data
p1= 329 il= 138
p1= 329 il= 137
p1= 330 il= 136
p1= 329 il= 135
p1= 329 il= 134
Finland=Deaths nl = 139, n1= 5 s1= 329.2 s2= 108372.8 SD= 0.400000000004366 frac%= 0.121506682868884
Finland=Deaths i:  65  65  -6          . p:      15     329 e: -95.4 r:   2.7   
Finland=Deaths i:  66  66  -5  3/29/2020 p:      15     329 e: -95.4 r:   3.3   
Finland=Deaths i:  67  67  -4          . p:      17     329 e: -94.8 r:   3.9   
Finland=Deaths i:  68  68  -3  3/31/2020 p:      31     329 e: -90.6 r:   5.2   
Finland=Deaths i:  69  69  -2          . p:      27     329 e: -91.8 r:   5.2   
Finland=Deaths i:  70  70  -1   4/2/2020 p:      24     329 e: -92.7 r:   5.8   
Finland=Deaths i:  71  71   0          . p:      20     329 e: -93.9 r:   6.1   
Finland=Deaths i:  73  73   2          . p:      41     329 e: -87.5 r:   8.5   
Finland=Deaths i:  74  74   3   4/6/2020 p:      41     329 e: -87.5 r:   8.2   
Finland=Deaths i:  75  75   4          . p:      53     329 e: -83.9 r:  10.3   
Finland=Deaths i:  76  76   5   4/8/2020 p:      77     329 e: -76.6 r:  12.2   
Finland=Deaths i:  77  77   6          . p:      77     329 e: -76.6 r:  12.8   
Finland=Deaths i:  78  78   7  4/10/2020 p:      89     329 e: -73.0 r:  14.6   
Finland=Deaths i:  79  79   8          . p:      89     329 e: -73.0 r:  14.9   
Finland=Deaths i:  80  80   9  4/12/2020 p:     101     329 e: -69.3 r:  17.0   
Finland=Deaths i:  81  81  10          . p:     101     329 e: -69.3 r:  17.9   
Finland=Deaths i:  82  82  11  4/14/2020 p:     113     329 e: -65.7 r:  19.4   
Finland=Deaths i:  83  83  12          . p:     125     329 e: -62.0 r:  21.9   
Finland=Deaths i:  84  84  13  4/16/2020 p:     137     329 e: -58.4 r:  22.8   
Finland=Deaths i:  85  85  14          . p:     149     329 e: -54.7 r:  24.9   
Finland=Deaths i:  86  86  15  4/18/2020 p:     161     329 e: -51.1 r:  27.3   
Finland=Deaths i:  87  87  16          . p:     173     329 e: -47.4 r:  28.6   
Finland=Deaths i:  88  88  17  4/20/2020 p:     501     329 e:  52.2 r:  29.8   
Finland=Deaths i:  92  92  21  4/24/2020 p:     197     329 e: -40.2 r:  53.8   
Finland=Deaths i:  93  93  22          . p:     197     329 e: -40.2 r:  56.5   
Finland=Deaths i:  94  94  23  4/26/2020 p:     197     329 e: -40.2 r:  57.7   
Finland=Deaths i:  95  95  24          . p:     197     329 e: -40.2 r:  58.6   
Finland=Deaths i:  96  96  25  4/28/2020 p:     209     329 e: -36.5 r:  60.4   
Finland=Deaths i:  97  97  26          . p:     221     329 e: -32.9 r:  62.6   
Finland=Deaths i:  98  98  27  4/30/2020 p:     221     329 e: -32.9 r:  64.1   
Finland=Deaths i:  99  99  28          . p:     604     329 e:  83.5 r:  66.2   
Finland=Deaths i: 100 100  29   5/2/2020 p:     568     329 e:  72.5 r:  66.8   
Finland=Deaths i: 101 101  30          . p:     544     329 e:  65.2 r:  69.9   
Finland=Deaths i: 102 102  31   5/4/2020 p:     532     329 e:  61.6 r:  72.9   
Finland=Deaths i: 103 103  32          . p:     508     329 e:  54.3 r:  74.7   
Finland=Deaths i: 104   0  33   5/6/2020 p:     329     329 e:  -0.1 r:  76.5 OK 1st
Finland=Deaths i: 105   1  34          . p:     329     329 e:  -0.1 r:  77.5 OK
Finland=Deaths i: 106   2  35   5/8/2020 p:     281     329 e: -14.6 r:  79.0 OK
Finland=Deaths i: 107   3  36          . p:     324     329 e:  -1.6 r:  80.5 OK
Finland=Deaths i: 108   4  37  5/10/2020 p:     296     329 e: -10.1 r:  81.1 OK
Finland=Deaths i: 109   5  38          . p:     349     329 e:   6.0 r:  82.3 OK
Finland=Deaths i: 110   6  39  5/12/2020 p:     299     329 e:  -9.2 r:  83.5 OK
Finland=Deaths i: 111   7  40          . p:     341     329 e:   3.6 r:  86.3 OK
Finland=Deaths i: 112   8  41  5/14/2020 p:     341     329 e:   3.6 r:  87.2 OK
Finland=Deaths i: 113   9  42          . p:     377     329 e:  14.5 r:  89.0 OK
Finland=Deaths i: 114  10  43  5/16/2020 p:     377     329 e:  14.5 r:  90.2 OK
Finland=Deaths i: 115  11  44          . p:     377     329 e:  14.5 r:  90.5 OK
Finland=Deaths i: 116  12  45  5/18/2020 p:     363     329 e:  10.3 r:  91.1 OK
Finland=Deaths i: 117  13  46          . p:     330     329 e:   0.2 r:  91.4 OK
Finland=Deaths i: 118  14  47  5/20/2020 p:     358     329 e:   8.7 r:  92.3 OK
Finland=Deaths i: 119  15  48          . p:     341     329 e:   3.6 r:  93.0 OK
Finland=Deaths i: 120  16  49  5/22/2020 p:     329     329 e:  -0.1 r:  93.0 OK
Finland=Deaths i: 121  17  50          . p:     326     329 e:  -1.0 r:  93.0 OK
Finland=Deaths i: 122  18  51  5/24/2020 p:     326     329 e:  -1.0 r:  93.3 OK
Finland=Deaths i: 123  19  52          . p:     310     329 e:  -5.8 r:  93.6 OK
Finland=Deaths i: 124  20  53  5/26/2020 p:     327     329 e:  -0.7 r:  94.8 OK
Finland=Deaths i: 125  21  54          . p:     329     329 e:  -0.1 r:  95.1 OK
Finland=Deaths i: 126  22  55  5/28/2020 p:     329     329 e:  -0.1 r:  95.1 OK
Finland=Deaths i: 127  23  56          . p:     317     329 e:  -3.7 r:  95.4 OK
Finland=Deaths i: 128  24  57  5/30/2020 p:     329     329 e:  -0.1 r:  96.0 OK
Finland=Deaths i: 129  25  58          . p:     329     329 e:  -0.1 r:  96.3 OK
Finland=Deaths i: 130  26  59   6/1/2020 p:     329     329 e:  -0.1 r:  96.6 OK
Finland=Deaths i: 131  27  60          . p:     329     329 e:  -0.1 r:  97.2 OK
Finland=Deaths i: 132  28  61   6/3/2020 p:     329     329 e:  -0.1 r:  97.5 OK
Finland=Deaths i: 133  29  62          . p:     329     329 e:  -0.1 r:  97.8 OK
Finland=Deaths i: 134  30  63   6/5/2020 p:     329     329 e:  -0.1 r:  97.8 OK
Finland=Deaths i: 135  31  64          . p:     329     329 e:  -0.1 r:  97.8 OK
Finland=Deaths i: 136  32  65   6/7/2020 p:     330     329 e:   0.2 r:  98.1 OK
Finland=Deaths i: 137  33  66          . p:     329     329 e:  -0.1 r:  98.1 OK
Finland=Deaths i: 138  34  67   6/9/2020 p:     329     329 e:  -0.1 r:  98.4 OK
