
  # Process COVID TAB data
p1= 3769 il= 138
p1= 4248 il= 137
p1= - il= 136
p1= 2812 il= 131
p1= 2572 il= 130
North_Macedonia=Confirmed nl = 139, n1= 5 s1= 2680.2 s2= 9354678.6 SD= 1473.50146250352 frac%= 54.9772950713945
North_Macedonia=Confirmed i:  48  48 -10  3/11/2020 p:      59    2680 e: -97.8 r:   0.3   
North_Macedonia=Confirmed i:  49  49  -9          . p:      59    2680 e: -97.8 r:   0.3   
North_Macedonia=Confirmed i:  50  50  -8  3/13/2020 p:     897    2680 e: -66.5 r:   0.5   
North_Macedonia=Confirmed i:  51  51  -7          . p:     299    2680 e: -88.8 r:   0.5   
North_Macedonia=Confirmed i:  52  52  -6  3/15/2020 p:      59    2680 e: -97.8 r:   0.5   
North_Macedonia=Confirmed i:  53  53  -5          . p:      59    2680 e: -97.8 r:   0.7   
North_Macedonia=Confirmed i:  54  54  -4  3/17/2020 p:     179    2680 e: -93.3 r:   1.0   
North_Macedonia=Confirmed i:  55  55  -3          . p:     897    2680 e: -66.5 r:   1.3   
North_Macedonia=Confirmed i:  58  58   0  3/21/2020 p:    9393    2680 e: 250.5 r:   3.2   
North_Macedonia=Confirmed i:  60  60   2  3/23/2020 p:     777    2680 e: -71.0 r:   5.1   
North_Macedonia=Confirmed i:  61  61   3          . p:     179    2680 e: -93.3 r:   5.5   
North_Macedonia=Confirmed i:  62  62   4  3/25/2020 p:     299    2680 e: -88.8 r:   6.6   
North_Macedonia=Confirmed i:  63  63   5          . p:     418    2680 e: -84.4 r:   7.5   
North_Macedonia=Confirmed i:  64  64   6  3/27/2020 p:     418    2680 e: -84.4 r:   8.2   
North_Macedonia=Confirmed i:  65  65   7          . p:     418    2680 e: -84.4 r:   9.0   
North_Macedonia=Confirmed i:  66  66   8  3/29/2020 p:     418    2680 e: -84.4 r:   9.7   
North_Macedonia=Confirmed i:  67  67   9          . p:     418    2680 e: -84.4 r:  10.6   
North_Macedonia=Confirmed i:  68  68  10  3/31/2020 p:     538    2680 e: -79.9 r:  12.3   
North_Macedonia=Confirmed i:  69  69  11          . p:     658    2680 e: -75.4 r:  13.2   
North_Macedonia=Confirmed i:  70  70  12   4/2/2020 p:     658    2680 e: -75.4 r:  14.3   
North_Macedonia=Confirmed i:  71  71  13          . p:     777    2680 e: -71.0 r:  16.0   
North_Macedonia=Confirmed i:  72  72  14   4/4/2020 p:    1017    2680 e: -62.1 r:  18.0   
North_Macedonia=Confirmed i:  73  73  15          . p:    1256    2680 e: -53.1 r:  20.7   
North_Macedonia=Confirmed i:  74  74  16   4/6/2020 p:    1256    2680 e: -53.1 r:  21.3   
North_Macedonia=Confirmed i:  75  75  17          . p:    1495    2680 e: -44.2 r:  22.3   
North_Macedonia=Confirmed i:  76  76  18   4/8/2020 p:    1376    2680 e: -48.7 r:  23.0   
North_Macedonia=Confirmed i:  77  77  19          . p:    1411    2680 e: -47.4 r:  24.7   
North_Macedonia=Confirmed i:  78  78  20  4/10/2020 p:    1434    2680 e: -46.5 r:  26.5   
North_Macedonia=Confirmed i:  79  79  21          . p:    1376    2680 e: -48.7 r:  28.4   
North_Macedonia=Confirmed i:  80  80  22  4/12/2020 p:    1615    2680 e: -39.7 r:  30.9   
North_Macedonia=Confirmed i:  81  81  23          . p:    1615    2680 e: -39.7 r:  31.9   
North_Macedonia=Confirmed i:  82  82  24  4/14/2020 p:    2094    2680 e: -21.9 r:  33.9   
North_Macedonia=Confirmed i:  83  83  25          . p:    1854    2680 e: -30.8 r:  36.3   
North_Macedonia=Confirmed i:  84  84  26  4/16/2020 p:    2094    2680 e: -21.9 r:  40.3   
North_Macedonia=Confirmed i:  85  85  27          . p:    2213    2680 e: -17.4 r:  41.7   
North_Macedonia=Confirmed i:  86   0  28  4/18/2020 p:    2333    2680 e: -13.0 r:  43.7 OK 1st
North_Macedonia=Confirmed i:  87   1  29          . p:    2333    2680 e: -13.0 r:  45.0 OK
North_Macedonia=Confirmed i:  88   2  30  4/20/2020 p:    2333    2680 e: -13.0 r:  45.7 OK
North_Macedonia=Confirmed i:  89   3  31          . p:    1260    2680 e: -53.0 r:  45.9   
North_Macedonia=Confirmed i:  90   4  32  4/22/2020 p:    2266    2680 e: -15.5 r:  47.0   
North_Macedonia=Confirmed i:  91   5  33          . p:    2238    2680 e: -16.5 r:  48.5   
North_Macedonia=Confirmed i:  92   6  34  4/24/2020 p:    2213    2680 e: -17.4 r:  49.5   
North_Macedonia=Confirmed i:  93   7  35          . p:    2213    2680 e: -17.4 r:  51.0   
North_Macedonia=Confirmed i:  94   8  36  4/26/2020 p:    2094    2680 e: -21.9 r:  51.7   
North_Macedonia=Confirmed i:  95   9  37          . p:    2094    2680 e: -21.9 r:  52.2   
North_Macedonia=Confirmed i:  96  10  38  4/28/2020 p:    2082    2680 e: -22.3 r:  53.0   
North_Macedonia=Confirmed i:  97  11  39          . p:    2020    2680 e: -24.6 r:  53.8   
North_Macedonia=Confirmed i:  98  12  40  4/30/2020 p:    1974    2680 e: -26.3 r:  54.7   
North_Macedonia=Confirmed i:  99  13  41          . p:    1974    2680 e: -26.3 r:  55.7   
North_Macedonia=Confirmed i: 100  14  42   5/2/2020 p:    1974    2680 e: -26.3 r:  56.2   
North_Macedonia=Confirmed i: 101  15  43          . p:    1904    2680 e: -29.0 r:  56.4   
North_Macedonia=Confirmed i: 102  16  44   5/4/2020 p:    1638    2680 e: -38.9 r:  56.6   
North_Macedonia=Confirmed i: 103  17  45          . p:    1638    2680 e: -38.9 r:  56.9   
North_Macedonia=Confirmed i: 104  18  46   5/6/2020 p:    1615    2680 e: -39.7 r:  57.4   
North_Macedonia=Confirmed i: 105  19  47          . p:    1674    2680 e: -37.5 r:  58.7   
North_Macedonia=Confirmed i: 106  20  48   5/8/2020 p:    1735    2680 e: -35.3 r:  59.2   
North_Macedonia=Confirmed i: 107  21  49          . p:    1854    2680 e: -30.8 r:  60.5   
North_Macedonia=Confirmed i: 108  22  50  5/10/2020 p:    1854    2680 e: -30.8 r:  61.3   
North_Macedonia=Confirmed i: 109  23  51          . p:    1854    2680 e: -30.8 r:  62.1   
North_Macedonia=Confirmed i: 110  24  52  5/12/2020 p:    1854    2680 e: -30.8 r:  62.5   
North_Macedonia=Confirmed i: 111  25  53          . p:    1854    2680 e: -30.8 r:  63.2   
North_Macedonia=Confirmed i: 112  26  54  5/14/2020 p:    1854    2680 e: -30.8 r:  64.3   
North_Macedonia=Confirmed i: 113  27  55          . p:    1854    2680 e: -30.8 r:  64.9   
North_Macedonia=Confirmed i: 114  28  56  5/16/2020 p:    1974    2680 e: -26.3 r:  65.7   
North_Macedonia=Confirmed i: 115  29  57          . p:    1974    2680 e: -26.3 r:  66.9   
North_Macedonia=Confirmed i: 116  30  58  5/18/2020 p:    1974    2680 e: -26.3 r:  67.8   
North_Macedonia=Confirmed i: 117  31  59          . p:    1974    2680 e: -26.3 r:  68.6   
North_Macedonia=Confirmed i: 118  32  60  5/20/2020 p:    2094    2680 e: -21.9 r:  69.3   
North_Macedonia=Confirmed i: 119  33  61          . p:    2094    2680 e: -21.9 r:  70.8   
North_Macedonia=Confirmed i: 120  34  62  5/22/2020 p:    2094    2680 e: -21.9 r:  71.7   
North_Macedonia=Confirmed i: 121  35  63          . p:    2094    2680 e: -21.9 r:  72.4   
North_Macedonia=Confirmed i: 122  36  64  5/24/2020 p:    2213    2680 e: -17.4 r:  73.8   
North_Macedonia=Confirmed i: 123  37  65          . p:    2213    2680 e: -17.4 r:  74.6   
North_Macedonia=Confirmed i: 124  38  66  5/26/2020 p:    2213    2680 e: -17.4 r:  75.1   
North_Macedonia=Confirmed i: 125  39  67          . p:    2213    2680 e: -17.4 r:  76.1   
North_Macedonia=Confirmed i: 126  40  68  5/28/2020 p:    2213    2680 e: -17.4 r:  77.5   
North_Macedonia=Confirmed i: 127  41  69          . p:    2333    2680 e: -13.0 r:  79.4 OK
North_Macedonia=Confirmed i: 128  42  70  5/30/2020 p:    2333    2680 e: -13.0 r:  80.7 OK
North_Macedonia=Confirmed i: 129  43  71          . p:    2453    2680 e:  -8.5 r:  83.1 OK
North_Macedonia=Confirmed i: 130  44  72   6/1/2020 p:    2572    2680 e:  -4.0 r:  86.4 OK
North_Macedonia=Confirmed i: 131  45  73          . p:    2812    2680 e:   4.9 r:  89.2 OK
North_Macedonia=Confirmed i: 136  50  78   6/7/2020 p:       0    2680 e: -100.0 r: 112.9   
North_Macedonia=Confirmed i: 137  51  79          . p:    4248    2680 e:  58.5 r: 117.6   
North_Macedonia=Confirmed i: 138  52  80   6/9/2020 p:    3769    2680 e:  40.6 r: 120.8   
