
  # Process COVID TAB data
p1= 14383 il= 138
p1= 14383 il= 137
p1= 14383 il= 136
p1= 14262 il= 135
p1= 14235 il= 134
Algeria=Confirmed nl = 139, n1= 5 s1= 14329.2 s2= 205330387.2 SD= 66.4421552929507 frac%= 0.463683634068551
Algeria=Confirmed i:  42  42 -15   3/5/2020 p:    2876   14329 e: -79.9 r:   0.1   
Algeria=Confirmed i:  43  43 -14          . p:     191   14329 e: -98.7 r:   0.1   
Algeria=Confirmed i:  44  44 -13   3/7/2020 p:     191   14329 e: -98.7 r:   0.1   
Algeria=Confirmed i:  45  45 -12          . p:     190   14329 e: -98.7 r:   0.1   
Algeria=Confirmed i:  49  49  -8          . p:     191   14329 e: -98.7 r:   0.2   
Algeria=Confirmed i:  50  50  -7  3/13/2020 p:     191   14329 e: -98.7 r:   0.2   
Algeria=Confirmed i:  51  51  -6          . p:     191   14329 e: -98.7 r:   0.3   
Algeria=Confirmed i:  52  52  -5  3/15/2020 p:     191   14329 e: -98.7 r:   0.3   
Algeria=Confirmed i:  53  53  -4          . p:     191   14329 e: -98.7 r:   0.4   
Algeria=Confirmed i:  54  54  -3  3/17/2020 p:     191   14329 e: -98.7 r:   0.4   
Algeria=Confirmed i:  55  55  -2          . p:     191   14329 e: -98.7 r:   0.5   
Algeria=Confirmed i:  56  56  -1  3/19/2020 p:     191   14329 e: -98.7 r:   0.6   
Algeria=Confirmed i:  57  57   0          . p:     191   14329 e: -98.7 r:   0.6   
Algeria=Confirmed i:  58  58   1  3/21/2020 p:     575   14329 e: -96.0 r:   1.0   
Algeria=Confirmed i:  59  59   2          . p:    2876   14329 e: -79.9 r:   1.4   
Algeria=Confirmed i:  60  60   3  3/23/2020 p:   11315   14329 e: -21.0 r:   1.6   
Algeria=Confirmed i:  61  61   4          . p:   10548   14329 e: -26.4 r:   1.8   
Algeria=Confirmed i:  62  62   5  3/25/2020 p:     575   14329 e: -96.0 r:   2.1   
Algeria=Confirmed i:  63  63   6          . p:     575   14329 e: -96.0 r:   2.6   
Algeria=Confirmed i:  64  64   7  3/27/2020 p:     958   14329 e: -93.3 r:   2.9   
Algeria=Confirmed i:  65  65   8          . p:     958   14329 e: -93.3 r:   3.2   
Algeria=Confirmed i:  66  66   9  3/29/2020 p:     958   14329 e: -93.3 r:   3.6   
Algeria=Confirmed i:  67  67  10          . p:    1342   14329 e: -90.6 r:   4.1   
Algeria=Confirmed i:  68  68  11  3/31/2020 p:    2493   14329 e: -82.6 r:   5.0   
Algeria=Confirmed i:  69  69  12          . p:    4410   14329 e: -69.2 r:   5.9   
Algeria=Confirmed i:  70  70  13   4/2/2020 p:    8246   14329 e: -42.5 r:   6.9   
Algeria=Confirmed i:  71  71  14          . p:   18986   14329 e:  32.5 r:   8.2   
Algeria=Confirmed i:  72  72  15   4/4/2020 p:    2493   14329 e: -82.6 r:   8.7   
Algeria=Confirmed i:  73  73  16          . p:    1726   14329 e: -88.0 r:   9.2   
Algeria=Confirmed i:  74  74  17   4/6/2020 p:    1726   14329 e: -88.0 r:   9.9   
Algeria=Confirmed i:  75  75  18          . p:    1726   14329 e: -88.0 r:  10.2   
Algeria=Confirmed i:  76  76  19   4/8/2020 p:    2109   14329 e: -85.3 r:  11.0   
Algeria=Confirmed i:  77  77  20          . p:    2109   14329 e: -85.3 r:  11.6   
Algeria=Confirmed i:  78  78  21  4/10/2020 p:    2109   14329 e: -85.3 r:  12.3   
Algeria=Confirmed i:  79  79  22          . p:    2493   14329 e: -82.6 r:  12.7   
Algeria=Confirmed i:  80  80  23  4/12/2020 p:    2493   14329 e: -82.6 r:  13.4   
Algeria=Confirmed i:  81  81  24          . p:    2493   14329 e: -82.6 r:  13.8   
Algeria=Confirmed i:  82  82  25  4/14/2020 p:    2616   14329 e: -81.7 r:  14.4   
Algeria=Confirmed i:  83  83  26          . p:    2876   14329 e: -79.9 r:  15.1   
Algeria=Confirmed i:  84  84  27  4/16/2020 p:    2876   14329 e: -79.9 r:  15.8   
Algeria=Confirmed i:  85  85  28          . p:    3643   14329 e: -74.6 r:  16.9   
Algeria=Confirmed i:  86  86  29  4/18/2020 p:    3643   14329 e: -74.6 r:  17.7   
Algeria=Confirmed i:  87  87  30          . p:    4027   14329 e: -71.9 r:  18.3   
Algeria=Confirmed i:  88  88  31  4/20/2020 p:    4027   14329 e: -71.9 r:  19.0   
Algeria=Confirmed i:  89  89  32          . p:    4027   14329 e: -71.9 r:  19.6   
Algeria=Confirmed i:  90  90  33  4/22/2020 p:    4410   14329 e: -69.2 r:  20.3   
Algeria=Confirmed i:  91  91  34          . p:    4317   14329 e: -69.9 r:  21.0   
Algeria=Confirmed i:  92  92  35  4/24/2020 p:    4410   14329 e: -69.2 r:  21.8   
Algeria=Confirmed i:  93  93  36          . p:    4794   14329 e: -66.5 r:  22.7   
Algeria=Confirmed i:  94  94  37  4/26/2020 p:    4794   14329 e: -66.5 r:  23.6   
Algeria=Confirmed i:  95  95  38          . p:    5178   14329 e: -63.9 r:  24.5   
Algeria=Confirmed i:  96  96  39  4/28/2020 p:    5178   14329 e: -63.9 r:  25.5   
Algeria=Confirmed i:  97  97  40          . p:    5561   14329 e: -61.2 r:  26.9   
Algeria=Confirmed i:  98  98  41  4/30/2020 p:    5945   14329 e: -58.5 r:  28.0   
Algeria=Confirmed i:  99  99  42          . p:    6328   14329 e: -55.8 r:  29.0   
Algeria=Confirmed i: 100 100  43   5/2/2020 p:    6328   14329 e: -55.8 r:  30.0   
Algeria=Confirmed i: 101 101  44          . p:    6712   14329 e: -53.2 r:  31.2   
Algeria=Confirmed i: 102 102  45   5/4/2020 p:    7095   14329 e: -50.5 r:  32.4   
Algeria=Confirmed i: 103 103  46          . p:    7479   14329 e: -47.8 r:  33.8   
Algeria=Confirmed i: 104 104  47   5/6/2020 p:    8630   14329 e: -39.8 r:  34.9   
Algeria=Confirmed i: 105 105  48          . p:    7863   14329 e: -45.1 r:  36.2   
Algeria=Confirmed i: 106 106  49   5/8/2020 p:    8246   14329 e: -42.5 r:  37.5   
Algeria=Confirmed i: 107 107  50          . p:    8630   14329 e: -39.8 r:  38.8   
Algeria=Confirmed i: 108 108  51  5/10/2020 p:    9013   14329 e: -37.1 r:  39.9   
Algeria=Confirmed i: 109 109  52          . p:    9397   14329 e: -34.4 r:  41.1   
Algeria=Confirmed i: 110 110  53  5/12/2020 p:   10164   14329 e: -29.1 r:  42.3   
Algeria=Confirmed i: 111 111  54          . p:   10164   14329 e: -29.1 r:  43.6   
Algeria=Confirmed i: 112 112  55  5/14/2020 p:   10548   14329 e: -26.4 r:  45.0   
Algeria=Confirmed i: 113 113  56          . p:   10931   14329 e: -23.7 r:  46.3   
Algeria=Confirmed i: 114 114  57  5/16/2020 p:   10931   14329 e: -23.7 r:  47.6   
Algeria=Confirmed i: 115 115  58          . p:   11315   14329 e: -21.0 r:  49.0   
Algeria=Confirmed i: 116 116  59  5/18/2020 p:   11315   14329 e: -21.0 r:  50.3   
Algeria=Confirmed i: 117 117  60          . p:   11698   14329 e: -18.4 r:  51.5   
Algeria=Confirmed i: 118 118  61  5/20/2020 p:   12101   14329 e: -15.6 r:  52.6   
Algeria=Confirmed i: 119 119  62          . p:   12135   14329 e: -15.3 r:  53.9   
Algeria=Confirmed i: 120   0  63  5/22/2020 p:   12465   14329 e: -13.0 r:  55.3 OK 1st
Algeria=Confirmed i: 121   1  64          . p:   12849   14329 e: -10.3 r:  56.6 OK
Algeria=Confirmed i: 122   2  65  5/24/2020 p:   12849   14329 e: -10.3 r:  58.0 OK
Algeria=Confirmed i: 123   3  66          . p:   13232   14329 e:  -7.7 r:  59.3 OK
Algeria=Confirmed i: 124   4  67  5/26/2020 p:   13232   14329 e:  -7.7 r:  60.7 OK
Algeria=Confirmed i: 125   5  68          . p:   13463   14329 e:  -6.0 r:  61.8 OK
Algeria=Confirmed i: 126   6  69  5/28/2020 p:   13515   14329 e:  -5.7 r:  62.8 OK
Algeria=Confirmed i: 127   7  70          . p:   13671   14329 e:  -4.6 r:  63.7 OK
Algeria=Confirmed i: 128   8  71  5/30/2020 p:   13941   14329 e:  -2.7 r:  64.7 OK
Algeria=Confirmed i: 129   9  72          . p:   13965   14329 e:  -2.5 r:  65.6 OK
Algeria=Confirmed i: 130  10  73   6/1/2020 p:   14079   14329 e:  -1.7 r:  66.4 OK
Algeria=Confirmed i: 131  11  74          . p:   14158   14329 e:  -1.2 r:  67.2 OK
Algeria=Confirmed i: 132  12  75   6/3/2020 p:   14322   14329 e:  -0.1 r:  67.9 OK
Algeria=Confirmed i: 133  13  76          . p:   14294   14329 e:  -0.2 r:  68.6 OK
Algeria=Confirmed i: 134  14  77   6/5/2020 p:   14235   14329 e:  -0.7 r:  69.3 OK
Algeria=Confirmed i: 135  15  78          . p:   14262   14329 e:  -0.5 r:  70.1 OK
Algeria=Confirmed i: 136  16  79   6/7/2020 p:   14383   14329 e:   0.4 r:  70.9 OK
Algeria=Confirmed i: 137  17  80          . p:   14383   14329 e:   0.4 r:  71.6 OK
Algeria=Confirmed i: 138  18  81   6/9/2020 p:   14383   14329 e:   0.4 r:  72.5 OK
