
  # Process COVID TAB data
p1= 398207 il= 138
p1= - il= 137
p1= 356013 il= 136
p1= 382384 il= 135
p1= 319093 il= 134
Chile=Confirmed nl = 139, n1= 5 s1= 291139.4 s2= 106670387424.6 SD= 148014.314146436 frac%= 50.8396713555213
Chile=Confirmed i:  47  47  -5          . p:    2637  291139 e: -99.1 r:   0.0   
Chile=Confirmed i:  48  48  -4  3/11/2020 p:    2637  291139 e: -99.1 r:   0.0   
Chile=Confirmed i:  49  49  -3          . p:    2637  291139 e: -99.1 r:   0.0   
Chile=Confirmed i:  50  50  -2  3/13/2020 p:    2637  291139 e: -99.1 r:   0.0   
Chile=Confirmed i:  51  51  -1          . p:   60654  291139 e: -79.2 r:   0.0   
Chile=Confirmed i:  52  52   0  3/15/2020 p:    2637  291139 e: -99.1 r:   0.0   
Chile=Confirmed i:  55  55   3          . p:    2637  291139 e: -99.1 r:   0.1   
Chile=Confirmed i:  56  56   4  3/19/2020 p:    2637  291139 e: -99.1 r:   0.1   
Chile=Confirmed i:  57  57   5          . p:    7911  291139 e: -97.3 r:   0.1   
Chile=Confirmed i:  58  58   6  3/21/2020 p:   13185  291139 e: -95.5 r:   0.2   
Chile=Confirmed i:  59  59   7          . p:    7911  291139 e: -97.3 r:   0.2   
Chile=Confirmed i:  60  60   8  3/23/2020 p:    2637  291139 e: -99.1 r:   0.3   
Chile=Confirmed i:  61  61   9          . p:    2637  291139 e: -99.1 r:   0.3   
Chile=Confirmed i:  62  62  10  3/25/2020 p:    7911  291139 e: -97.3 r:   0.4   
Chile=Confirmed i:  63  63  11          . p:    7911  291139 e: -97.3 r:   0.4   
Chile=Confirmed i:  64  64  12  3/27/2020 p:    7911  291139 e: -97.3 r:   0.6   
Chile=Confirmed i:  65  65  13          . p:   13185  291139 e: -95.5 r:   0.7   
Chile=Confirmed i:  66  66  14  3/29/2020 p:   13185  291139 e: -95.5 r:   0.7   
Chile=Confirmed i:  67  67  15          . p:    9569  291139 e: -96.7 r:   0.8   
Chile=Confirmed i:  68  68  16  3/31/2020 p:   13606  291139 e: -95.3 r:   0.9   
Chile=Confirmed i:  69  69  17          . p:   14137  291139 e: -95.1 r:   1.0   
Chile=Confirmed i:  70  70  18   4/2/2020 p:    9680  291139 e: -96.7 r:   1.2   
Chile=Confirmed i:  71  71  19          . p:   10543  291139 e: -96.4 r:   1.3   
Chile=Confirmed i:  72  72  20   4/4/2020 p:   13185  291139 e: -95.5 r:   1.4   
Chile=Confirmed i:  73  73  21          . p:   12501  291139 e: -95.7 r:   1.5   
Chile=Confirmed i:  74  74  22   4/6/2020 p:   14265  291139 e: -95.1 r:   1.7   
Chile=Confirmed i:  75  75  23          . p:   13863  291139 e: -95.2 r:   1.8   
Chile=Confirmed i:  76  76  24   4/8/2020 p:   13916  291139 e: -95.2 r:   1.9   
Chile=Confirmed i:  77  77  25          . p:   13185  291139 e: -95.5 r:   2.1   
Chile=Confirmed i:  78  78  26  4/10/2020 p:   13185  291139 e: -95.5 r:   2.2   
Chile=Confirmed i:  79  79  27          . p:   18459  291139 e: -93.7 r:   2.4   
Chile=Confirmed i:  80  80  28  4/12/2020 p:   15224  291139 e: -94.8 r:   2.5   
Chile=Confirmed i:  81  81  29          . p:   15633  291139 e: -94.6 r:   2.6   
Chile=Confirmed i:  82  82  30  4/14/2020 p:   15514  291139 e: -94.7 r:   2.7   
Chile=Confirmed i:  83  83  31          . p:   15520  291139 e: -94.7 r:   2.8   
Chile=Confirmed i:  84  84  32  4/16/2020 p:   18459  291139 e: -93.7 r:   3.0   
Chile=Confirmed i:  85  85  33          . p:   18459  291139 e: -93.7 r:   3.2   
Chile=Confirmed i:  86  86  34  4/18/2020 p:   18459  291139 e: -93.7 r:   3.3   
Chile=Confirmed i:  87  87  35          . p:   18459  291139 e: -93.7 r:   3.5   
Chile=Confirmed i:  88  88  36  4/20/2020 p:   18459  291139 e: -93.7 r:   3.6   
Chile=Confirmed i:  89  89  37          . p:   17542  291139 e: -94.0 r:   3.7   
Chile=Confirmed i:  90  90  38  4/22/2020 p:   17838  291139 e: -93.9 r:   3.9   
Chile=Confirmed i:  91  91  39          . p:   18459  291139 e: -93.7 r:   4.1   
Chile=Confirmed i:  92  92  40  4/24/2020 p:   18459  291139 e: -93.7 r:   4.2   
Chile=Confirmed i:  93  93  41          . p:   18459  291139 e: -93.7 r:   4.4   
Chile=Confirmed i:  94  94  42  4/26/2020 p:   18459  291139 e: -93.7 r:   4.6   
Chile=Confirmed i:  95  95  43          . p:   23734  291139 e: -91.8 r:   4.7   
Chile=Confirmed i:  96  96  44  4/28/2020 p:   23734  291139 e: -91.8 r:   4.9   
Chile=Confirmed i:  97  97  45          . p:   23734  291139 e: -91.8 r:   5.1   
Chile=Confirmed i:  98  98  46  4/30/2020 p:   23734  291139 e: -91.8 r:   5.5   
Chile=Confirmed i:  99  99  47          . p:   23734  291139 e: -91.8 r:   5.8   
Chile=Confirmed i: 100 100  48   5/2/2020 p:   29008  291139 e: -90.0 r:   6.3   
Chile=Confirmed i: 101 101  49          . p:   29008  291139 e: -90.0 r:   6.8   
Chile=Confirmed i: 102 102  50   5/4/2020 p:   34282  291139 e: -88.2 r:   7.1   
Chile=Confirmed i: 103 103  51          . p:   34282  291139 e: -88.2 r:   7.6   
Chile=Confirmed i: 104 104  52   5/6/2020 p:   39557  291139 e: -86.4 r:   7.9   
Chile=Confirmed i: 105 105  53          . p:   39557  291139 e: -86.4 r:   8.4   
Chile=Confirmed i: 106 106  54   5/8/2020 p:   44831  291139 e: -84.6 r:   8.9   
Chile=Confirmed i: 107 107  55          . p:   44831  291139 e: -84.6 r:   9.3   
Chile=Confirmed i: 108 108  56  5/10/2020 p:   50105  291139 e: -82.8 r:   9.9   
Chile=Confirmed i: 109 109  57          . p:   50105  291139 e: -82.8 r:  10.3   
Chile=Confirmed i: 110 110  58  5/12/2020 p:   55379  291139 e: -81.0 r:  10.9   
Chile=Confirmed i: 111 111  59          . p:   60654  291139 e: -79.2 r:  11.8   
Chile=Confirmed i: 112 112  60  5/14/2020 p:   65928  291139 e: -77.4 r:  12.7   
Chile=Confirmed i: 113 113  61          . p:   71202  291139 e: -75.5 r:  13.6   
Chile=Confirmed i: 114 114  62  5/16/2020 p:   81751  291139 e: -71.9 r:  14.2   
Chile=Confirmed i: 115 115  63          . p:   81751  291139 e: -71.9 r:  15.0   
Chile=Confirmed i: 116 116  64  5/18/2020 p:   92299  291139 e: -68.3 r:  15.8   
Chile=Confirmed i: 117 117  65          . p:  102848  291139 e: -64.7 r:  17.0   
Chile=Confirmed i: 118 118  66  5/20/2020 p:  113396  291139 e: -61.1 r:  18.4   
Chile=Confirmed i: 119 119  67          . p:  118671  291139 e: -59.2 r:  19.8   
Chile=Confirmed i: 120 120  68  5/22/2020 p:  139768  291139 e: -52.0 r:  21.2   
Chile=Confirmed i: 121 121  69          . p:  145042  291139 e: -50.2 r:  22.5   
Chile=Confirmed i: 122 122  70  5/24/2020 p:  118671  291139 e: -59.2 r:  23.7   
Chile=Confirmed i: 123 123  71          . p:  208333  291139 e: -28.4 r:  25.4   
Chile=Confirmed i: 124 124  72  5/26/2020 p:  203059  291139 e: -30.3 r:  26.8   
Chile=Confirmed i: 125 125  73          . p:  239979  291139 e: -17.6 r:  28.3   
Chile=Confirmed i: 126   0  74  5/28/2020 p:  276899  291139 e:  -4.9 r:  29.9 OK 1st
Chile=Confirmed i: 127   1  75          . p:  245253  291139 e: -15.8 r:  31.1   
Chile=Confirmed i: 128   2  76  5/30/2020 p:  192510  291139 e: -33.9 r:  32.6   
Chile=Confirmed i: 129   3  77          . p:  292721  291139 e:   0.5 r:  34.2 OK
Chile=Confirmed i: 130   4  78   6/1/2020 p:  334916  291139 e:  15.0 r:  36.1   
Chile=Confirmed i: 131   5  79          . p:  313819  291139 e:   7.8 r:  37.3 OK
Chile=Confirmed i: 132   6  80   6/3/2020 p:  319093  291139 e:   9.6 r:  39.0 OK
Chile=Confirmed i: 133   7  81          . p:  329641  291139 e:  13.2 r:  40.6 OK
Chile=Confirmed i: 134   8  82   6/5/2020 p:  319093  291139 e:   9.6 r:  42.1 OK
Chile=Confirmed i: 135   9  83          . p:  382384  291139 e:  31.3 r:  43.9   
Chile=Confirmed i: 136  10  84   6/7/2020 p:  356013  291139 e:  22.3 r:  46.1   
Chile=Confirmed i: 137  11  85          . p:       0  291139 e: -100.0 r:  47.7   
Chile=Confirmed i: 138  12  86   6/9/2020 p:  398207  291139 e:  36.8 r:  49.0   
