
  # Process COVID TAB data
p1= 13325 il= 138
p1= 13584 il= 137
p1= 13736 il= 136
p1= 13736 il= 135
p1= 13736 il= 134
US_Massachusetts_Worcester=Confirmed nl = 139, n1= 5 s1= 13623.4 s2= 185622753.8 SD= 160.394014850959 frac%= 1.17734203540202
US_Massachusetts_Worcester=Confirmed i:  55  55  -6          . p:     218   13623 e: -98.4 r:   0.1   
US_Massachusetts_Worcester=Confirmed i:  56  56  -5  3/19/2020 p:     218   13623 e: -98.4 r:   0.1   
US_Massachusetts_Worcester=Confirmed i:  57  57  -4          . p:     218   13623 e: -98.4 r:   0.1   
US_Massachusetts_Worcester=Confirmed i:  58  58  -3  3/21/2020 p:     218   13623 e: -98.4 r:   0.2   
US_Massachusetts_Worcester=Confirmed i:  59  59  -2          . p:     218   13623 e: -98.4 r:   0.3   
US_Massachusetts_Worcester=Confirmed i:  60  60  -1  3/23/2020 p:     218   13623 e: -98.4 r:   0.3   
US_Massachusetts_Worcester=Confirmed i:  61  61   0          . p:    2834   13623 e: -79.2 r:   0.5   
US_Massachusetts_Worcester=Confirmed i:  64  64   3  3/27/2020 p:    1526   13623 e: -88.8 r:   1.6   
US_Massachusetts_Worcester=Confirmed i:  65  65   4          . p:     654   13623 e: -95.2 r:   2.1   
US_Massachusetts_Worcester=Confirmed i:  66  66   5  3/29/2020 p:     654   13623 e: -95.2 r:   2.5   
US_Massachusetts_Worcester=Confirmed i:  67  67   6          . p:     654   13623 e: -95.2 r:   2.9   
US_Massachusetts_Worcester=Confirmed i:  68  68   7  3/31/2020 p:     654   13623 e: -95.2 r:   3.2   
US_Massachusetts_Worcester=Confirmed i:  69  69   8          . p:    1090   13623 e: -92.0 r:   4.1   
US_Massachusetts_Worcester=Confirmed i:  70  70   9   4/2/2020 p:    1962   13623 e: -85.6 r:   4.9   
US_Massachusetts_Worcester=Confirmed i:  71  71  10          . p:    2834   13623 e: -79.2 r:   6.1   
US_Massachusetts_Worcester=Confirmed i:  72  72  11   4/4/2020 p:    2834   13623 e: -79.2 r:   6.7   
US_Massachusetts_Worcester=Confirmed i:  73  73  12          . p:    2834   13623 e: -79.2 r:   7.2   
US_Massachusetts_Worcester=Confirmed i:  74  74  13   4/6/2020 p:    1251   13623 e: -90.8 r:   7.9   
US_Massachusetts_Worcester=Confirmed i:  75  75  14          . p:    1619   13623 e: -88.1 r:   8.6   
US_Massachusetts_Worcester=Confirmed i:  76  76  15   4/8/2020 p:    2834   13623 e: -79.2 r:   9.5   
US_Massachusetts_Worcester=Confirmed i:  77  77  16          . p:    2834   13623 e: -79.2 r:  10.7   
US_Massachusetts_Worcester=Confirmed i:  78  78  17  4/10/2020 p:    3706   13623 e: -72.8 r:  12.3   
US_Massachusetts_Worcester=Confirmed i:  79  79  18          . p:    4142   13623 e: -69.6 r:  13.4   
US_Massachusetts_Worcester=Confirmed i:  80  80  19  4/12/2020 p:    4578   13623 e: -66.4 r:  14.9   
US_Massachusetts_Worcester=Confirmed i:  81  81  20          . p:    5886   13623 e: -56.8 r:  15.6   
US_Massachusetts_Worcester=Confirmed i:  82  82  21  4/14/2020 p:    5014   13623 e: -63.2 r:  16.5   
US_Massachusetts_Worcester=Confirmed i:  83  83  22          . p:    4700   13623 e: -65.5 r:  17.2   
US_Massachusetts_Worcester=Confirmed i:  84  84  23  4/16/2020 p:    3575   13623 e: -73.8 r:  18.4   
US_Massachusetts_Worcester=Confirmed i:  85  85  24          . p:    5014   13623 e: -63.2 r:  20.3   
US_Massachusetts_Worcester=Confirmed i:  86  86  25  4/18/2020 p:    5450   13623 e: -60.0 r:  21.7   
US_Massachusetts_Worcester=Confirmed i:  87  87  26          . p:    5886   13623 e: -56.8 r:  22.5   
US_Massachusetts_Worcester=Confirmed i:  88  88  27  4/20/2020 p:    5886   13623 e: -56.8 r:  23.5   
US_Massachusetts_Worcester=Confirmed i:  89  89  28          . p:    5967   13623 e: -56.2 r:  24.5   
US_Massachusetts_Worcester=Confirmed i:  90  90  29  4/22/2020 p:    5751   13623 e: -57.8 r:  25.4   
US_Massachusetts_Worcester=Confirmed i:  91  91  30          . p:    7369   13623 e: -45.9 r:  27.9   
US_Massachusetts_Worcester=Confirmed i:  92  92  31  4/24/2020 p:    7195   13623 e: -47.2 r:  31.0   
US_Massachusetts_Worcester=Confirmed i:  93  93  32          . p:    7631   13623 e: -44.0 r:  32.7   
US_Massachusetts_Worcester=Confirmed i:  94  94  33  4/26/2020 p:    8067   13623 e: -40.8 r:  33.6   
US_Massachusetts_Worcester=Confirmed i:  95  95  34          . p:    8067   13623 e: -40.8 r:  34.8   
US_Massachusetts_Worcester=Confirmed i:  96  96  35  4/28/2020 p:    8503   13623 e: -37.6 r:  36.7   
US_Massachusetts_Worcester=Confirmed i:  97  97  36          . p:    8939   13623 e: -34.4 r:  38.9   
US_Massachusetts_Worcester=Confirmed i:  98  98  37  4/30/2020 p:    9375   13623 e: -31.2 r:  40.7   
US_Massachusetts_Worcester=Confirmed i:  99  99  38          . p:    9375   13623 e: -31.2 r:  42.5   
US_Massachusetts_Worcester=Confirmed i: 100 100  39   5/2/2020 p:    9811   13623 e: -28.0 r:  45.0   
US_Massachusetts_Worcester=Confirmed i: 101 101  40          . p:   10247   13623 e: -24.8 r:  46.2   
US_Massachusetts_Worcester=Confirmed i: 102 102  41   5/4/2020 p:   10683   13623 e: -21.6 r:  47.5   
US_Massachusetts_Worcester=Confirmed i: 103 103  42          . p:   10636   13623 e: -21.9 r:  48.4   
US_Massachusetts_Worcester=Confirmed i: 104 104  43   5/6/2020 p:   10827   13623 e: -20.5 r:  51.3   
US_Massachusetts_Worcester=Confirmed i: 105 105  44          . p:   11069   13623 e: -18.8 r:  52.8   
US_Massachusetts_Worcester=Confirmed i: 106 106  45   5/8/2020 p:   11555   13623 e: -15.2 r:  54.4   
US_Massachusetts_Worcester=Confirmed i: 107 107  46          . p:   11457   13623 e: -15.9 r:  55.9   
US_Massachusetts_Worcester=Confirmed i: 108 108  47  5/10/2020 p:   11566   13623 e: -15.1 r:  56.8   
US_Massachusetts_Worcester=Confirmed i: 109   0  48          . p:   11704   13623 e: -14.1 r:  57.4 OK 1st
US_Massachusetts_Worcester=Confirmed i: 110   1  49  5/12/2020 p:   11723   13623 e: -13.9 r:  58.4 OK
US_Massachusetts_Worcester=Confirmed i: 111   2  50          . p:   11779   13623 e: -13.5 r:  60.5 OK
US_Massachusetts_Worcester=Confirmed i: 112   3  51  5/14/2020 p:   11906   13623 e: -12.6 r:  62.8 OK
US_Massachusetts_Worcester=Confirmed i: 113   4  52          . p:   12427   13623 e:  -8.8 r:  64.5 OK
US_Massachusetts_Worcester=Confirmed i: 114   5  53  5/16/2020 p:   12427   13623 e:  -8.8 r:  66.6 OK
US_Massachusetts_Worcester=Confirmed i: 115   6  54          . p:   16352   13623 e:  20.0 r:  67.9   
US_Massachusetts_Worcester=Confirmed i: 116   7  55  5/18/2020 p:   12863   13623 e:  -5.6 r:  69.3 OK
US_Massachusetts_Worcester=Confirmed i: 117   8  56          . p:   12863   13623 e:  -5.6 r:  70.3 OK
US_Massachusetts_Worcester=Confirmed i: 118   9  57  5/20/2020 p:   15916   13623 e:  16.8 r:  71.8   
US_Massachusetts_Worcester=Confirmed i: 119  10  58          . p:   16352   13623 e:  20.0 r:  73.4   
US_Massachusetts_Worcester=Confirmed i: 120  11  59  5/22/2020 p:   16168   13623 e:  18.7 r:  74.1   
US_Massachusetts_Worcester=Confirmed i: 121  12  60          . p:   16071   13623 e:  18.0 r:  75.2   
US_Massachusetts_Worcester=Confirmed i: 122  13  61  5/24/2020 p:   13423   13623 e:  -1.5 r:  76.6 OK
US_Massachusetts_Worcester=Confirmed i: 123  14  62          . p:   15960   13623 e:  17.2 r:  77.1   
US_Massachusetts_Worcester=Confirmed i: 124  15  63  5/26/2020 p:   15654   13623 e:  14.9 r:  77.5 OK
US_Massachusetts_Worcester=Confirmed i: 125  16  64          . p:   13412   13623 e:  -1.6 r:  78.2 OK
US_Massachusetts_Worcester=Confirmed i: 126  17  65  5/28/2020 p:   15039   13623 e:  10.4 r:  78.6 OK
US_Massachusetts_Worcester=Confirmed i: 127  18  66          . p:   13736   13623 e:   0.8 r:  79.4 OK
US_Massachusetts_Worcester=Confirmed i: 128  19  67  5/30/2020 p:   14608   13623 e:   7.2 r:  80.0 OK
US_Massachusetts_Worcester=Confirmed i: 129  20  68          . p:   13299   13623 e:  -2.4 r:  80.9 OK
US_Massachusetts_Worcester=Confirmed i: 130  21  69   6/1/2020 p:   13432   13623 e:  -1.4 r:  83.3 OK
US_Massachusetts_Worcester=Confirmed i: 131  22  70          . p:   13723   13623 e:   0.7 r:  84.0 OK
US_Massachusetts_Worcester=Confirmed i: 132  23  71   6/3/2020 p:   13736   13623 e:   0.8 r:  84.2 OK
US_Massachusetts_Worcester=Confirmed i: 133  24  72          . p:   13736   13623 e:   0.8 r:  84.6 OK
US_Massachusetts_Worcester=Confirmed i: 134  25  73   6/5/2020 p:   13736   13623 e:   0.8 r:  85.1 OK
US_Massachusetts_Worcester=Confirmed i: 135  26  74          . p:   13736   13623 e:   0.8 r:  85.9 OK
US_Massachusetts_Worcester=Confirmed i: 136  27  75   6/7/2020 p:   13736   13623 e:   0.8 r:  86.1 OK
US_Massachusetts_Worcester=Confirmed i: 137  28  76          . p:   13584   13623 e:  -0.3 r:  86.3 OK
US_Massachusetts_Worcester=Confirmed i: 138  29  77   6/9/2020 p:   13325   13623 e:  -2.2 r:  86.6 OK
