
  # Process COVID TAB data
p1= 5459 il= 138
p1= 5076 il= 137
p1= 5459 il= 136
p1= 13696 il= 135
p1= 10631 il= 134
US_Puerto_Rico=Confirmed nl = 139, n1= 5 s1= 8064.2 s2= 77193143 SD= 3487.38030045477 frac%= 43.2452109379079
US_Puerto_Rico=Confirmed i:  61  61  -4          . p:      94    8064 e: -98.8 r:   0.5   
US_Puerto_Rico=Confirmed i:  62  62  -3  3/25/2020 p:      96    8064 e: -98.8 r:   0.6   
US_Puerto_Rico=Confirmed i:  63  63  -2          . p:      95    8064 e: -98.8 r:   0.8   
US_Puerto_Rico=Confirmed i:  64  64  -1  3/27/2020 p:     287    8064 e: -96.4 r:   1.0   
US_Puerto_Rico=Confirmed i:  65  65   0          . p:     287    8064 e: -96.4 r:   1.2   
US_Puerto_Rico=Confirmed i:  66  66   1  3/29/2020 p:     478    8064 e: -94.1 r:   1.6   
US_Puerto_Rico=Confirmed i:  67  67   2          . p:    1628    8064 e: -79.8 r:   2.2   
US_Puerto_Rico=Confirmed i:  68   0   3  3/31/2020 p:    7375    8064 e:  -8.5 r:   3.0 OK 1st
US_Puerto_Rico=Confirmed i:  69   1   4          . p:   13888    8064 e:  72.2 r:   3.5   
US_Puerto_Rico=Confirmed i:  70   2   5   4/2/2020 p:     478    8064 e: -94.1 r:   3.9   
US_Puerto_Rico=Confirmed i:  71   3   6          . p:     287    8064 e: -96.4 r:   3.9   
US_Puerto_Rico=Confirmed i:  72   4   7   4/4/2020 p:    8332    8064 e:   3.3 r:   5.6 OK
US_Puerto_Rico=Confirmed i:  73   5   8          . p:    1436    8064 e: -82.2 r:   5.9   
US_Puerto_Rico=Confirmed i:  74   6   9   4/6/2020 p:    1053    8064 e: -86.9 r:   6.4   
US_Puerto_Rico=Confirmed i:  75   7  10          . p:    1024    8064 e: -87.3 r:   7.1   
US_Puerto_Rico=Confirmed i:  76   8  11   4/8/2020 p:    1114    8064 e: -86.2 r:   7.7   
US_Puerto_Rico=Confirmed i:  77   9  12          . p:    1245    8064 e: -84.6 r:   8.5   
US_Puerto_Rico=Confirmed i:  78  10  13  4/10/2020 p:    1245    8064 e: -84.6 r:   9.0   
US_Puerto_Rico=Confirmed i:  79  11  14          . p:    1245    8064 e: -84.6 r:   9.8   
US_Puerto_Rico=Confirmed i:  80  12  15  4/12/2020 p:    1628    8064 e: -79.8 r:  11.1   
US_Puerto_Rico=Confirmed i:  81  13  16          . p:    1628    8064 e: -79.8 r:  11.2   
US_Puerto_Rico=Confirmed i:  82  14  17  4/14/2020 p:    1505    8064 e: -81.3 r:  11.4   
US_Puerto_Rico=Confirmed i:  83  15  18          . p:    1574    8064 e: -80.5 r:  12.1   
US_Puerto_Rico=Confirmed i:  84  16  19  4/16/2020 p:    1695    8064 e: -79.0 r:  12.9   
US_Puerto_Rico=Confirmed i:  85  17  20          . p:    1436    8064 e: -82.2 r:  13.2   
US_Puerto_Rico=Confirmed i:  86  18  21  4/18/2020 p:    1628    8064 e: -79.8 r:  13.9   
US_Puerto_Rico=Confirmed i:  87  19  22          . p:    1819    8064 e: -77.4 r:  15.0   
US_Puerto_Rico=Confirmed i:  88  20  23  4/20/2020 p:    1819    8064 e: -77.4 r:  15.5   
US_Puerto_Rico=Confirmed i:  89  21  24          . p:    1819    8064 e: -77.4 r:  16.1   
US_Puerto_Rico=Confirmed i:  90  22  25  4/22/2020 p:    1819    8064 e: -77.4 r:  15.5   
US_Puerto_Rico=Confirmed i:  91  23  26          . p:    1800    8064 e: -77.7 r:  15.7   
US_Puerto_Rico=Confirmed i:  92  24  27  4/24/2020 p:    1292    8064 e: -84.0 r:  15.8   
US_Puerto_Rico=Confirmed i:  93  25  28          . p:    1606    8064 e: -80.1 r:  16.2   
US_Puerto_Rico=Confirmed i:  94  26  29  4/26/2020 p:    1625    8064 e: -79.8 r:  17.0   
US_Puerto_Rico=Confirmed i:  95  27  30          . p:    1628    8064 e: -79.8 r:  17.2   
US_Puerto_Rico=Confirmed i:  96  28  31  4/28/2020 p:    1628    8064 e: -79.8 r:  17.4   
US_Puerto_Rico=Confirmed i:  97  29  32          . p:    1628    8064 e: -79.8 r:  17.8   
US_Puerto_Rico=Confirmed i:  98  30  33  4/30/2020 p:    1819    8064 e: -77.4 r:  19.1   
US_Puerto_Rico=Confirmed i:  99  31  34          . p:    1819    8064 e: -77.4 r:  19.5   
US_Puerto_Rico=Confirmed i: 102  34  37   5/4/2020 p:    2011    8064 e: -75.1 r:  22.9   
US_Puerto_Rico=Confirmed i: 103  35  38          . p:    2202    8064 e: -72.7 r:  23.9   
US_Puerto_Rico=Confirmed i: 104  36  39   5/6/2020 p:    2202    8064 e: -72.7 r:  24.4   
US_Puerto_Rico=Confirmed i: 105  37  40          . p:    2394    8064 e: -70.3 r:  25.2   
US_Puerto_Rico=Confirmed i: 106  38  41   5/8/2020 p:    3160    8064 e: -60.8 r:  26.7   
US_Puerto_Rico=Confirmed i: 107  39  42          . p:    2969    8064 e: -63.2 r:  26.9   
US_Puerto_Rico=Confirmed i: 108  40  43  5/10/2020 p:    2777    8064 e: -65.6 r:  27.3   
US_Puerto_Rico=Confirmed i: 109  41  44          . p:    2777    8064 e: -65.6 r:  28.0   
US_Puerto_Rico=Confirmed i: 110  42  45  5/12/2020 p:    2777    8064 e: -65.6 r:  28.5   
US_Puerto_Rico=Confirmed i: 111  43  46          . p:    2586    8064 e: -67.9 r:  28.9   
US_Puerto_Rico=Confirmed i: 112  44  47  5/14/2020 p:    2969    8064 e: -63.2 r:  30.1   
US_Puerto_Rico=Confirmed i: 113  45  48          . p:    3543    8064 e: -56.1 r:  31.5   
US_Puerto_Rico=Confirmed i: 114  46  49  5/16/2020 p:    3735    8064 e: -53.7 r:  32.1   
US_Puerto_Rico=Confirmed i: 115  47  50          . p:    3926    8064 e: -51.3 r:  32.8   
US_Puerto_Rico=Confirmed i: 116  48  51  5/18/2020 p:    4118    8064 e: -48.9 r:  33.6   
US_Puerto_Rico=Confirmed i: 117  49  52          . p:    5267    8064 e: -34.7 r:  34.8   
US_Puerto_Rico=Confirmed i: 118  50  53  5/20/2020 p:    5076    8064 e: -37.1 r:  35.5   
US_Puerto_Rico=Confirmed i: 119  51  54          . p:    5076    8064 e: -37.1 r:  36.1   
US_Puerto_Rico=Confirmed i: 120  52  55  5/22/2020 p:    5651    8064 e: -29.9 r:  37.6   
US_Puerto_Rico=Confirmed i: 121  53  56          . p:    6225    8064 e: -22.8 r:  38.4   
US_Puerto_Rico=Confirmed i: 122  54  57  5/24/2020 p:    8715    8064 e:   8.1 r:  39.5 OK
US_Puerto_Rico=Confirmed i: 123  55  58          . p:    7183    8064 e: -10.9 r:  40.4 OK
US_Puerto_Rico=Confirmed i: 124  56  59  5/26/2020 p:    8715    8064 e:   8.1 r:  41.2 OK
US_Puerto_Rico=Confirmed i: 125  57  60          . p:    8141    8064 e:   1.0 r:  42.1 OK
US_Puerto_Rico=Confirmed i: 126  58  61  5/28/2020 p:    8715    8064 e:   8.1 r:  43.2 OK
US_Puerto_Rico=Confirmed i: 127  59  62          . p:    9673    8064 e:  19.9 r:  45.2   
US_Puerto_Rico=Confirmed i: 128  60  63  5/30/2020 p:   11014    8064 e:  36.6 r:  46.1   
US_Puerto_Rico=Confirmed i: 129  61  64          . p:   11589    8064 e:  43.7 r:  46.8   
US_Puerto_Rico=Confirmed i: 130  62  65   6/1/2020 p:    9482    8064 e:  17.6 r:  48.0   
US_Puerto_Rico=Confirmed i: 131  63  66          . p:   12738    8064 e:  58.0 r:  48.8   
US_Puerto_Rico=Confirmed i: 132  64  67   6/3/2020 p:   10056    8064 e:  24.7 r:  49.9   
US_Puerto_Rico=Confirmed i: 133  65  68          . p:       0    8064 e: -100.0 r:  55.9   
US_Puerto_Rico=Confirmed i: 134  66  69   6/5/2020 p:   10631    8064 e:  31.8 r:  57.3   
US_Puerto_Rico=Confirmed i: 135  67  70          . p:   13696    8064 e:  69.8 r:  60.9   
US_Puerto_Rico=Confirmed i: 136  68  71   6/7/2020 p:    5459    8064 e: -32.3 r:  61.8   
US_Puerto_Rico=Confirmed i: 137  69  72          . p:    5076    8064 e: -37.1 r:  62.6   
US_Puerto_Rico=Confirmed i: 138  70  73   6/9/2020 p:    5459    8064 e: -32.3 r:  64.3   
