
  # Process COVID TAB data
p1= 12532 il= 138
p1= 12532 il= 137
p1= 14730 il= 136
p1= 13851 il= 135
p1= 12971 il= 134
Korea_South=Confirmed nl = 139, n1= 5 s1= 13323.2 s2= 178234398 SD= 852.49032839088 frac%= 6.39854035360034
Korea_South=Confirmed i:  10  10 -17   2/2/2020 p:     219   13323 e: -98.4 r:   0.1   
Korea_South=Confirmed i:  11  11 -16          . p:     219   13323 e: -98.4 r:   0.1   
Korea_South=Confirmed i:  12  12 -15   2/4/2020 p:     219   13323 e: -98.4 r:   0.1   
Korea_South=Confirmed i:  13  13 -14          . p:     219   13323 e: -98.4 r:   0.1   
Korea_South=Confirmed i:  14  14 -13   2/6/2020 p:     219   13323 e: -98.4 r:   0.2   
Korea_South=Confirmed i:  15  15 -12          . p:     219   13323 e: -98.4 r:   0.2   
Korea_South=Confirmed i:  16  16 -11   2/8/2020 p:     219   13323 e: -98.4 r:   0.2   
Korea_South=Confirmed i:  19  19  -8          . p:     219   13323 e: -98.4 r:   0.2   
Korea_South=Confirmed i:  20  20  -7  2/12/2020 p:     219   13323 e: -98.4 r:   0.2   
Korea_South=Confirmed i:  21  21  -6          . p:     219   13323 e: -98.4 r:   0.2   
Korea_South=Confirmed i:  25  25  -2          . p:     219   13323 e: -98.4 r:   0.2   
Korea_South=Confirmed i:  26  26  -1  2/18/2020 p:     219   13323 e: -98.4 r:   0.2   
Korea_South=Confirmed i:  27  27   0          . p:     219   13323 e: -98.4 r:   0.2   
Korea_South=Confirmed i:  28  28   1  2/20/2020 p:    4177   13323 e: -68.6 r:   0.8   
Korea_South=Confirmed i:  31   0   4          . p:   11652   13323 e: -12.5 r:   4.5 OK 1st
Korea_South=Confirmed i:  32   1   5  2/24/2020 p:    1539   13323 e: -88.4 r:   6.3   
Korea_South=Confirmed i:  33   2   6          . p:    1539   13323 e: -88.4 r:   7.3   
Korea_South=Confirmed i:  34   3   7  2/26/2020 p:    1978   13323 e: -85.2 r:   9.5   
Korea_South=Confirmed i:  35   4   8          . p:    4177   13323 e: -68.6 r:  13.3   
Korea_South=Confirmed i:  36   5   9  2/28/2020 p:    6815   13323 e: -48.8 r:  17.5   
Korea_South=Confirmed i:  37   6  10          . p:   11652   13323 e: -12.5 r:  23.6 OK
Korea_South=Confirmed i:  38   7  11   3/1/2020 p:   13411   13323 e:   0.7 r:  28.0 OK
Korea_South=Confirmed i:  39   8  12          . p:    8134   13323 e: -38.9 r:  32.5   
Korea_South=Confirmed i:  40   9  13   3/3/2020 p:   11212   13323 e: -15.8 r:  38.9   
Korea_South=Confirmed i:  41  10  14          . p:    9014   13323 e: -32.3 r:  42.2   
Korea_South=Confirmed i:  42  11  15   3/5/2020 p:    8574   13323 e: -35.6 r:  45.7   
Korea_South=Confirmed i:  43  12  16          . p:    9014   13323 e: -32.3 r:  49.5   
Korea_South=Confirmed i:  44  13  17   3/7/2020 p:    9014   13323 e: -32.3 r:  52.8   
Korea_South=Confirmed i:  45  14  18          . p:    9014   13323 e: -32.3 r:  54.9   
Korea_South=Confirmed i:  46  15  19   3/9/2020 p:    8574   13323 e: -35.6 r:  56.1   
Korea_South=Confirmed i:  47  16  20          . p:    8134   13323 e: -38.9 r:  56.4   
Korea_South=Confirmed i:  48  17  21  3/11/2020 p:    8134   13323 e: -38.9 r:  58.2   
Korea_South=Confirmed i:  49  18  22          . p:    8134   13323 e: -38.9 r:  59.1   
Korea_South=Confirmed i:  50  19  23  3/13/2020 p:    8134   13323 e: -38.9 r:  59.9   
Korea_South=Confirmed i:  51  20  24          . p:    8574   13323 e: -35.6 r:  60.7   
Korea_South=Confirmed i:  52  21  25  3/15/2020 p:    8574   13323 e: -35.6 r:  61.3   
Korea_South=Confirmed i:  53  22  26          . p:    8574   13323 e: -35.6 r:  61.8   
Korea_South=Confirmed i:  54  23  27  3/17/2020 p:    8574   13323 e: -35.6 r:  62.4   
Korea_South=Confirmed i:  55  24  28          . p:    8574   13323 e: -35.6 r:  63.1   
Korea_South=Confirmed i:  56  25  29  3/19/2020 p:    9014   13323 e: -32.3 r:  64.3   
Korea_South=Confirmed i:  57  26  30          . p:    9014   13323 e: -32.3 r:  64.9   
Korea_South=Confirmed i:  58  27  31  3/21/2020 p:    9014   13323 e: -32.3 r:  66.0   
Korea_South=Confirmed i:  59  28  32          . p:    9453   13323 e: -29.0 r:  67.3   
Korea_South=Confirmed i:  60  29  33  3/23/2020 p:    9453   13323 e: -29.0 r:  67.5   
Korea_South=Confirmed i:  61  30  34          . p:    9453   13323 e: -29.0 r:  67.8   
Korea_South=Confirmed i:  62  31  35  3/25/2020 p:    9453   13323 e: -29.0 r:  68.6   
Korea_South=Confirmed i:  63  32  36          . p:    9563   13323 e: -28.2 r:  69.4   
Korea_South=Confirmed i:  64  33  37  3/27/2020 p:    9453   13323 e: -29.0 r:  70.0   
Korea_South=Confirmed i:  65  34  38          . p:    9893   13323 e: -25.7 r:  71.1   
Korea_South=Confirmed i:  66  35  39  3/29/2020 p:    9893   13323 e: -25.7 r:  71.9   
Korea_South=Confirmed i:  67  36  40          . p:    9893   13323 e: -25.7 r:  72.5   
Korea_South=Confirmed i:  68  37  41  3/31/2020 p:   10333   13323 e: -22.4 r:  73.5   
Korea_South=Confirmed i:  69  38  42          . p:   10333   13323 e: -22.4 r:  74.2   
Korea_South=Confirmed i:  70  39  43   4/2/2020 p:   10333   13323 e: -22.4 r:  74.9   
Korea_South=Confirmed i:  71  40  44          . p:   10333   13323 e: -22.4 r:  75.5   
Korea_South=Confirmed i:  72  41  45   4/4/2020 p:   10333   13323 e: -22.4 r:  76.2   
Korea_South=Confirmed i:  73  42  46          . p:   10773   13323 e: -19.1 r:  76.8   
Korea_South=Confirmed i:  74  43  47   4/6/2020 p:   10568   13323 e: -20.7 r:  77.2   
Korea_South=Confirmed i:  75  44  48          . p:   10659   13323 e: -20.0 r:  77.5   
Korea_South=Confirmed i:  76  45  49   4/8/2020 p:   10696   13323 e: -19.7 r:  77.9   
Korea_South=Confirmed i:  77  46  50          . p:   10640   13323 e: -20.1 r:  78.2   
Korea_South=Confirmed i:  78  47  51  4/10/2020 p:   10649   13323 e: -20.1 r:  78.4   
Korea_South=Confirmed i:  79  48  52          . p:   10661   13323 e: -20.0 r:  78.7   
Korea_South=Confirmed i:  80  49  53  4/12/2020 p:   10797   13323 e: -19.0 r:  78.9   
Korea_South=Confirmed i:  81  50  54          . p:   10791   13323 e: -19.0 r:  79.1   
Korea_South=Confirmed i:  82  51  55  4/14/2020 p:   10761   13323 e: -19.2 r:  79.3   
Korea_South=Confirmed i:  83  52  56          . p:   10788   13323 e: -19.0 r:  79.5   
Korea_South=Confirmed i:  84  53  57  4/16/2020 p:   10751   13323 e: -19.3 r:  79.7   
Korea_South=Confirmed i:  85  54  58          . p:   10761   13323 e: -19.2 r:  79.8   
Korea_South=Confirmed i:  86  55  59  4/18/2020 p:   10885   13323 e: -18.3 r:  80.0   
Korea_South=Confirmed i:  87  56  60          . p:   10777   13323 e: -19.1 r:  80.0   
Korea_South=Confirmed i:  88  57  61  4/20/2020 p:   10783   13323 e: -19.1 r:  80.1   
Korea_South=Confirmed i:  89  58  62          . p:   10787   13323 e: -19.0 r:  80.2   
Korea_South=Confirmed i:  90  59  63  4/22/2020 p:   10787   13323 e: -19.0 r:  80.3   
Korea_South=Confirmed i:  91  60  64          . p:   10773   13323 e: -19.1 r:  80.4   
Korea_South=Confirmed i:  92  61  65  4/24/2020 p:   10773   13323 e: -19.1 r:  80.4   
Korea_South=Confirmed i:  93  62  66          . p:   10773   13323 e: -19.1 r:  80.5   
Korea_South=Confirmed i:  94  63  67  4/26/2020 p:   10773   13323 e: -19.1 r:  80.6   
Korea_South=Confirmed i:  95  64  68          . p:   10773   13323 e: -19.1 r:  80.7   
Korea_South=Confirmed i:  96  65  69  4/28/2020 p:   10773   13323 e: -19.1 r:  80.8   
Korea_South=Confirmed i:  97  66  70          . p:   10891   13323 e: -18.3 r:  80.8   
Korea_South=Confirmed i:  98  67  71  4/30/2020 p:   10902   13323 e: -18.2 r:  80.9   
Korea_South=Confirmed i:  99  68  72          . p:   10903   13323 e: -18.2 r:  80.9   
Korea_South=Confirmed i: 100  69  73   5/2/2020 p:   10773   13323 e: -19.1 r:  81.0   
Korea_South=Confirmed i: 101  70  74          . p:   10773   13323 e: -19.1 r:  81.1   
Korea_South=Confirmed i: 102  71  75   5/4/2020 p:   10773   13323 e: -19.1 r:  81.1   
Korea_South=Confirmed i: 103  72  76          . p:   10903   13323 e: -18.2 r:  81.1   
Korea_South=Confirmed i: 104  73  77   5/6/2020 p:   10903   13323 e: -18.2 r:  81.1   
Korea_South=Confirmed i: 105  74  78          . p:   10773   13323 e: -19.1 r:  81.2   
Korea_South=Confirmed i: 106  75  79   5/8/2020 p:   10773   13323 e: -19.1 r:  81.4   
Korea_South=Confirmed i: 107  76  80          . p:   10773   13323 e: -19.1 r:  81.6   
Korea_South=Confirmed i: 108  77  81  5/10/2020 p:   10773   13323 e: -19.1 r:  81.9   
Korea_South=Confirmed i: 109  78  82          . p:   10773   13323 e: -19.1 r:  82.1   
Korea_South=Confirmed i: 110  79  83  5/12/2020 p:   11212   13323 e: -15.8 r:  82.3   
Korea_South=Confirmed i: 111  80  84          . p:   11212   13323 e: -15.8 r:  82.5   
Korea_South=Confirmed i: 112  81  85  5/14/2020 p:   11212   13323 e: -15.8 r:  82.7   
Korea_South=Confirmed i: 113  82  86          . p:   11212   13323 e: -15.8 r:  82.8   
Korea_South=Confirmed i: 114  83  87  5/16/2020 p:   11212   13323 e: -15.8 r:  82.9   
Korea_South=Confirmed i: 115  84  88          . p:   11212   13323 e: -15.8 r:  83.1   
Korea_South=Confirmed i: 116  85  89  5/18/2020 p:   11212   13323 e: -15.8 r:  83.1   
Korea_South=Confirmed i: 117  86  90          . p:   11212   13323 e: -15.8 r:  83.4   
Korea_South=Confirmed i: 118  87  91  5/20/2020 p:   11212   13323 e: -15.8 r:  83.5   
Korea_South=Confirmed i: 119  88  92          . p:   11652   13323 e: -12.5 r:  83.6 OK
Korea_South=Confirmed i: 120  89  93  5/22/2020 p:   11652   13323 e: -12.5 r:  83.8 OK
Korea_South=Confirmed i: 121  90  94          . p:   11652   13323 e: -12.5 r:  84.0 OK
Korea_South=Confirmed i: 122  91  95  5/24/2020 p:   11652   13323 e: -12.5 r:  84.1 OK
Korea_South=Confirmed i: 123  92  96          . p:   11652   13323 e: -12.5 r:  84.3 OK
Korea_South=Confirmed i: 124  93  97  5/26/2020 p:   11652   13323 e: -12.5 r:  84.6 OK
Korea_South=Confirmed i: 125  94  98          . p:   11652   13323 e: -12.5 r:  85.1 OK
Korea_South=Confirmed i: 126  95  99  5/28/2020 p:   12092   13323 e:  -9.2 r:  85.6 OK
Korea_South=Confirmed i: 127  96 100          . p:   12971   13323 e:  -2.6 r:  85.9 OK
Korea_South=Confirmed i: 128  97 101  5/30/2020 p:   11652   13323 e: -12.5 r:  86.1 OK
Korea_South=Confirmed i: 129  98 102          . p:   11652   13323 e: -12.5 r:  86.3 OK
Korea_South=Confirmed i: 130  99 103   6/1/2020 p:   11652   13323 e: -12.5 r:  86.6 OK
Korea_South=Confirmed i: 131 100 104          . p:   12092   13323 e:  -9.2 r:  87.0 OK
Korea_South=Confirmed i: 132 101 105   6/3/2020 p:   12092   13323 e:  -9.2 r:  87.3 OK
Korea_South=Confirmed i: 133 102 106          . p:   12532   13323 e:  -5.9 r:  87.6 OK
Korea_South=Confirmed i: 134 103 107   6/5/2020 p:   12971   13323 e:  -2.6 r:  88.0 OK
Korea_South=Confirmed i: 135 104 108          . p:   13851   13323 e:   4.0 r:  88.4 OK
Korea_South=Confirmed i: 136 105 109   6/7/2020 p:   14730   13323 e:  10.6 r:  88.7 OK
Korea_South=Confirmed i: 137 106 110          . p:   12532   13323 e:  -5.9 r:  89.0 OK
Korea_South=Confirmed i: 138 107 111   6/9/2020 p:   12532   13323 e:  -5.9 r:  89.3 OK
