
  # Process COVID TAB data
p1= 689334 il= 138
p1= 689334 il= 137
p1= 689334 il= 136
p1= 671429 il= 135
p1= 635619 il= 134
Russia=Confirmed nl = 139, n1= 5 s1= 675010 s2= 456074501174 SD= 20880.638735441 frac%= 3.09338213292263
Russia=Confirmed i:  45  45  -8          . p:    8952  675010 e: -98.7 r:   0.0   
Russia=Confirmed i:  46  46  -7   3/9/2020 p:    8952  675010 e: -98.7 r:   0.0   
Russia=Confirmed i:  47  47  -6          . p:    8952  675010 e: -98.7 r:   0.0   
Russia=Confirmed i:  48  48  -5  3/11/2020 p:    8952  675010 e: -98.7 r:   0.0   
Russia=Confirmed i:  49  49  -4          . p:    8952  675010 e: -98.7 r:   0.0   
Russia=Confirmed i:  50  50  -3  3/13/2020 p:    8952  675010 e: -98.7 r:   0.0   
Russia=Confirmed i:  51  51  -2          . p:    8952  675010 e: -98.7 r:   0.0   
Russia=Confirmed i:  52  52  -1  3/15/2020 p:    8952  675010 e: -98.7 r:   0.0   
Russia=Confirmed i:  53  53   0          . p:    8952  675010 e: -98.7 r:   0.0   
Russia=Confirmed i:  54  54   1  3/17/2020 p:    8952  675010 e: -98.7 r:   0.0   
Russia=Confirmed i:  55  55   2          . p:    8952  675010 e: -98.7 r:   0.0   
Russia=Confirmed i:  56  56   3  3/19/2020 p:   26857  675010 e: -96.0 r:   0.0   
Russia=Confirmed i:  57  57   4          . p:   62666  675010 e: -90.7 r:   0.0   
Russia=Confirmed i:  58  58   5  3/21/2020 p:    8952  675010 e: -98.7 r:   0.0   
Russia=Confirmed i:  59  59   6          . p:    8952  675010 e: -98.7 r:   0.1   
Russia=Confirmed i:  60  60   7  3/23/2020 p:    8952  675010 e: -98.7 r:   0.1   
Russia=Confirmed i:  61  61   8          . p:    8952  675010 e: -98.7 r:   0.1   
Russia=Confirmed i:  62  62   9  3/25/2020 p:   26857  675010 e: -96.0 r:   0.1   
Russia=Confirmed i:  63  63  10          . p:  205905  675010 e: -69.5 r:   0.1   
Russia=Confirmed i:  64  64  11  3/27/2020 p:  188000  675010 e: -72.1 r:   0.2   
Russia=Confirmed i:  65  65  12          . p:  402857  675010 e: -40.3 r:   0.2   
Russia=Confirmed i:  66   0  13  3/29/2020 p:  760953  675010 e:  12.7 r:   0.2 OK 1st
Russia=Confirmed i:  67   1  14          . p:    8952  675010 e: -98.7 r:   0.3   
Russia=Confirmed i:  68   2  15  3/31/2020 p:  152190  675010 e: -77.5 r:   0.4   
Russia=Confirmed i:  69   3  16          . p:  277524  675010 e: -58.9 r:   0.4   
Russia=Confirmed i:  72   6  19   4/4/2020 p:    8952  675010 e: -98.7 r:   0.7   
Russia=Confirmed i:  73   7  20          . p:    8952  675010 e: -98.7 r:   0.8   
Russia=Confirmed i:  74   8  21   4/6/2020 p:   26857  675010 e: -96.0 r:   1.0   
Russia=Confirmed i:  75   9  22          . p:   62666  675010 e: -90.7 r:   1.2   
Russia=Confirmed i:  76  10  23   4/8/2020 p:  223809  675010 e: -66.8 r:   1.4   
Russia=Confirmed i:  77  11  24          . p:  223809  675010 e: -66.8 r:   1.6   
Russia=Confirmed i:  78  12  25  4/10/2020 p:  546095  675010 e: -19.1 r:   1.9   
Russia=Confirmed i:  79  13  26          . p: 1065334  675010 e:  57.8 r:   2.1   
Russia=Confirmed i:  80  14  27  4/12/2020 p: 1351811  675010 e: 100.3 r:   2.5   
Russia=Confirmed i:  81  15  28          . p:       0  675010 e: -100.0 r:   2.9   
Russia=Confirmed i:  82  16  29  4/14/2020 p:       0  675010 e: -100.0 r:   3.3   
Russia=Confirmed i:  83  17  30          . p:       0  675010 e: -100.0 r:   3.8   
Russia=Confirmed i:  87  21  34          . p:  438667  675010 e: -35.0 r:   6.4   
Russia=Confirmed i:  88  22  35  4/20/2020 p:  134285  675010 e: -80.1 r:   7.0   
Russia=Confirmed i:  89  23  36          . p:  134285  675010 e: -80.1 r:   7.8   
Russia=Confirmed i:  90  24  37  4/22/2020 p:  188000  675010 e: -72.1 r:   8.6   
Russia=Confirmed i:  91  25  38          . p:  170095  675010 e: -74.8 r:   9.3   
Russia=Confirmed i:  92  26  39  4/24/2020 p:  205905  675010 e: -69.5 r:  10.2   
Russia=Confirmed i:  93  27  40          . p:  223809  675010 e: -66.8 r:  11.0   
Russia=Confirmed i:  94  28  41  4/26/2020 p:  277524  675010 e: -58.9 r:  12.0   
Russia=Confirmed i:  95  29  42          . p:  277524  675010 e: -58.9 r:  12.9   
Russia=Confirmed i:  96  30  43  4/28/2020 p:  313333  675010 e: -53.6 r:  13.9   
Russia=Confirmed i:  97  31  44          . p:  313333  675010 e: -53.6 r:  14.7   
Russia=Confirmed i:  98  32  45  4/30/2020 p:  313333  675010 e: -53.6 r:  15.8   
Russia=Confirmed i:  99  33  46          . p:  367048  675010 e: -45.6 r:  17.0   
Russia=Confirmed i: 100  34  47   5/2/2020 p:  402857  675010 e: -40.3 r:  18.4   
Russia=Confirmed i: 101  35  48          . p:  474476  675010 e: -29.7 r:  20.0   
Russia=Confirmed i: 102  36  49   5/4/2020 p:  546095  675010 e: -19.1 r:  21.5   
Russia=Confirmed i: 103  37  50          . p:  617715  675010 e:  -8.5 r:  23.0 OK
Russia=Confirmed i: 104  38  51   5/6/2020 p:  689334  675010 e:   2.1 r:  24.6 OK
Russia=Confirmed i: 105  39  52          . p:  760953  675010 e:  12.7 r:  26.2 OK
Russia=Confirmed i: 106  40  53   5/8/2020 p:  814667  675010 e:  20.7 r:  27.8   
Russia=Confirmed i: 107  41  54          . p:  850477  675010 e:  26.0 r:  29.4   
Russia=Confirmed i: 108  42  55  5/10/2020 p:  886286  675010 e:  31.3 r:  31.1   
Russia=Confirmed i: 109  43  56          . p:  904191  675010 e:  34.0 r:  32.8   
Russia=Confirmed i: 110  44  57  5/12/2020 p:  922096  675010 e:  36.6 r:  34.4   
Russia=Confirmed i: 111  45  58          . p:  546095  675010 e: -19.1 r:  35.9   
Russia=Confirmed i: 112  46  59  5/14/2020 p:  528191  675010 e: -21.8 r:  37.4   
Russia=Confirmed i: 113  47  60          . p:  922096  675010 e:  36.6 r:  38.9   
Russia=Confirmed i: 114  48  61  5/16/2020 p:  904191  675010 e:  34.0 r:  40.3   
Russia=Confirmed i: 115  49  62          . p:  886286  675010 e:  31.3 r:  41.7   
Russia=Confirmed i: 116  50  63  5/18/2020 p:  474476  675010 e: -29.7 r:  43.1   
Russia=Confirmed i: 117  51  64          . p:  474476  675010 e: -29.7 r:  44.4   
Russia=Confirmed i: 118  52  65  5/20/2020 p:  492381  675010 e: -27.1 r:  45.7   
Russia=Confirmed i: 119  53  66          . p:  796762  675010 e:  18.0 r:  47.0   
Russia=Confirmed i: 120  54  67  5/22/2020 p:  492381  675010 e: -27.1 r:  48.4   
Russia=Confirmed i: 121  55  68          . p:  510286  675010 e: -24.4 r:  49.8   
Russia=Confirmed i: 122  56  69  5/24/2020 p:  725143  675010 e:   7.4 r:  51.0 OK
Russia=Confirmed i: 123  57  70          . p:  528191  675010 e: -21.8 r:  52.4   
Russia=Confirmed i: 124  58  71  5/26/2020 p:  707239  675010 e:   4.8 r:  53.7 OK
Russia=Confirmed i: 125  59  72          . p:  689334  675010 e:   2.1 r:  54.9 OK
Russia=Confirmed i: 126  60  73  5/28/2020 p:  689334  675010 e:   2.1 r:  56.2 OK
Russia=Confirmed i: 127  61  74          . p:  671429  675010 e:  -0.5 r:  57.4 OK
Russia=Confirmed i: 128  62  75  5/30/2020 p:  671429  675010 e:  -0.5 r:  58.8 OK
Russia=Confirmed i: 129  63  76          . p:  581905  675010 e: -13.8 r:  60.1 OK
Russia=Confirmed i: 130  64  77   6/1/2020 p:  599810  675010 e: -11.1 r:  61.4 OK
Russia=Confirmed i: 131  65  78          . p:  599810  675010 e: -11.1 r:  62.7 OK
Russia=Confirmed i: 132  66  79   6/3/2020 p:  617715  675010 e:  -8.5 r:  64.0 OK
Russia=Confirmed i: 133  67  80          . p:  671429  675010 e:  -0.5 r:  65.3 OK
Russia=Confirmed i: 134  68  81   6/5/2020 p:  635619  675010 e:  -5.8 r:  66.6 OK
Russia=Confirmed i: 135  69  82          . p:  671429  675010 e:  -0.5 r:  67.9 OK
Russia=Confirmed i: 136  70  83   6/7/2020 p:  689334  675010 e:   2.1 r:  69.2 OK
Russia=Confirmed i: 137  71  84          . p:  689334  675010 e:   2.1 r:  70.5 OK
Russia=Confirmed i: 138  72  85   6/9/2020 p:  689334  675010 e:   2.1 r:  71.8 OK
