
  # Process COVID TAB data
p1= 7947 il= 138
p1= 7590 il= 137
p1= 7232 il= 136
p1= 7054 il= 135
p1= 5268 il= 134
US_Washington_Yakima=Confirmed nl = 139, n1= 5 s1= 7018.2 s2= 50115094.6 SD= 927.342094375105 frac%= 13.213389392937
US_Washington_Yakima=Confirmed i:  56  56  -9  3/19/2020 p:      89    7018 e: -98.7 r:   0.1   
US_Washington_Yakima=Confirmed i:  57  57  -8          . p:      89    7018 e: -98.7 r:   0.1   
US_Washington_Yakima=Confirmed i:  58  58  -7  3/21/2020 p:    1518    7018 e: -78.4 r:   0.2   
US_Washington_Yakima=Confirmed i:  60  60  -5  3/23/2020 p:      89    7018 e: -98.7 r:   0.2   
US_Washington_Yakima=Confirmed i:  64  64  -1  3/27/2020 p:      89    7018 e: -98.7 r:   0.9   
US_Washington_Yakima=Confirmed i:  65  65   0          . p:      89    7018 e: -98.7 r:   1.2   
US_Washington_Yakima=Confirmed i:  67  67   2          . p:    3839    7018 e: -45.3 r:   2.1   
US_Washington_Yakima=Confirmed i:  68  68   3  3/31/2020 p:     267    7018 e: -96.2 r:   2.3   
US_Washington_Yakima=Confirmed i:  69  69   4          . p:      89    7018 e: -98.7 r:   2.3   
US_Washington_Yakima=Confirmed i:  70  70   5   4/2/2020 p:     625    7018 e: -91.1 r:   3.2   
US_Washington_Yakima=Confirmed i:  71  71   6          . p:     625    7018 e: -91.1 r:   3.4   
US_Washington_Yakima=Confirmed i:  72  72   7   4/4/2020 p:     803    7018 e: -88.6 r:   4.1   
US_Washington_Yakima=Confirmed i:  73  73   8          . p:     803    7018 e: -88.6 r:   4.6   
US_Washington_Yakima=Confirmed i:  74  74   9   4/6/2020 p:     982    7018 e: -86.0 r:   5.2   
US_Washington_Yakima=Confirmed i:  75  75  10          . p:     982    7018 e: -86.0 r:   5.4   
US_Washington_Yakima=Confirmed i:  76  76  11   4/8/2020 p:     851    7018 e: -87.9 r:   5.7   
US_Washington_Yakima=Confirmed i:  77  77  12          . p:     775    7018 e: -89.0 r:   6.2   
US_Washington_Yakima=Confirmed i:  78  78  13  4/10/2020 p:     558    7018 e: -92.0 r:   6.4   
US_Washington_Yakima=Confirmed i:  79  79  14          . p:     842    7018 e: -88.0 r:   7.3   
US_Washington_Yakima=Confirmed i:  80  80  15  4/12/2020 p:     982    7018 e: -86.0 r:   7.6   
US_Washington_Yakima=Confirmed i:  81  81  16          . p:     840    7018 e: -88.0 r:   7.7   
US_Washington_Yakima=Confirmed i:  82  82  17  4/14/2020 p:     982    7018 e: -86.0 r:   8.7   
US_Washington_Yakima=Confirmed i:  83  83  18          . p:     982    7018 e: -86.0 r:   9.0   
US_Washington_Yakima=Confirmed i:  84  84  19  4/16/2020 p:    1160    7018 e: -83.5 r:   9.6   
US_Washington_Yakima=Confirmed i:  85  85  20          . p:    1160    7018 e: -83.5 r:  10.1   
US_Washington_Yakima=Confirmed i:  86  86  21  4/18/2020 p:    1160    7018 e: -83.5 r:  10.8   
US_Washington_Yakima=Confirmed i:  87  87  22          . p:    1339    7018 e: -80.9 r:  11.5   
US_Washington_Yakima=Confirmed i:  88  88  23  4/20/2020 p:    1339    7018 e: -80.9 r:  11.9   
US_Washington_Yakima=Confirmed i:  89  89  24          . p:    1305    7018 e: -81.4 r:  12.4   
US_Washington_Yakima=Confirmed i:  90  90  25  4/22/2020 p:    1298    7018 e: -81.5 r:  12.4   
US_Washington_Yakima=Confirmed i:  91  91  26          . p:    1467    7018 e: -79.1 r:  12.5   
US_Washington_Yakima=Confirmed i:  92  92  27  4/24/2020 p:    1292    7018 e: -81.6 r:  13.2   
US_Washington_Yakima=Confirmed i:  93  93  28          . p:    1328    7018 e: -81.1 r:  13.9   
US_Washington_Yakima=Confirmed i:  94  94  29  4/26/2020 p:    1518    7018 e: -78.4 r:  14.5   
US_Washington_Yakima=Confirmed i:  95  95  30          . p:    1518    7018 e: -78.4 r:  14.7   
US_Washington_Yakima=Confirmed i:  96  96  31  4/28/2020 p:    1394    7018 e: -80.1 r:  14.9   
US_Washington_Yakima=Confirmed i:  97  97  32          . p:    1518    7018 e: -78.4 r:  15.4   
US_Washington_Yakima=Confirmed i:  98  98  33  4/30/2020 p:    1696    7018 e: -75.8 r:  16.1   
US_Washington_Yakima=Confirmed i:  99  99  34          . p:    1518    7018 e: -78.4 r:  17.1   
US_Washington_Yakima=Confirmed i: 100 100  35   5/2/2020 p:    1696    7018 e: -75.8 r:  18.1   
US_Washington_Yakima=Confirmed i: 101 101  36          . p:    1696    7018 e: -75.8 r:  18.5   
US_Washington_Yakima=Confirmed i: 102 102  37   5/4/2020 p:    1875    7018 e: -73.3 r:  19.5   
US_Washington_Yakima=Confirmed i: 103 103  38          . p:    1875    7018 e: -73.3 r:  19.8   
US_Washington_Yakima=Confirmed i: 104 104  39   5/6/2020 p:    1875    7018 e: -73.3 r:  20.6   
US_Washington_Yakima=Confirmed i: 105 105  40          . p:    2053    7018 e: -70.7 r:  22.0   
US_Washington_Yakima=Confirmed i: 106 106  41   5/8/2020 p:    2232    7018 e: -68.2 r:  22.5   
US_Washington_Yakima=Confirmed i: 107 107  42          . p:    2232    7018 e: -68.2 r:  24.0   
US_Washington_Yakima=Confirmed i: 108 108  43  5/10/2020 p:    2410    7018 e: -65.7 r:  25.4   
US_Washington_Yakima=Confirmed i: 109 109  44          . p:    2589    7018 e: -63.1 r:  26.6   
US_Washington_Yakima=Confirmed i: 110 110  45  5/12/2020 p:    2768    7018 e: -60.6 r:  27.3   
US_Washington_Yakima=Confirmed i: 111 111  46          . p:    2946    7018 e: -58.0 r:  27.7   
US_Washington_Yakima=Confirmed i: 112 112  47  5/14/2020 p:    2946    7018 e: -58.0 r:  28.5   
US_Washington_Yakima=Confirmed i: 113 113  48          . p:    2946    7018 e: -58.0 r:  29.2   
US_Washington_Yakima=Confirmed i: 114 114  49  5/16/2020 p:    3125    7018 e: -55.5 r:  31.6   
US_Washington_Yakima=Confirmed i: 115 115  50          . p:    3303    7018 e: -52.9 r:  32.1   
US_Washington_Yakima=Confirmed i: 116 116  51  5/18/2020 p:    3482    7018 e: -50.4 r:  33.8   
US_Washington_Yakima=Confirmed i: 117 117  52          . p:    3661    7018 e: -47.8 r:  34.8   
US_Washington_Yakima=Confirmed i: 118 118  53  5/20/2020 p:    3839    7018 e: -45.3 r:  35.9   
US_Washington_Yakima=Confirmed i: 119 119  54          . p:    3839    7018 e: -45.3 r:  36.3   
US_Washington_Yakima=Confirmed i: 120 120  55  5/22/2020 p:    4018    7018 e: -42.7 r:  37.0   
US_Washington_Yakima=Confirmed i: 121 121  56          . p:    4018    7018 e: -42.7 r:  37.0   
US_Washington_Yakima=Confirmed i: 122 122  57  5/24/2020 p:    4196    7018 e: -40.2 r:  40.1   
US_Washington_Yakima=Confirmed i: 123 123  58          . p:    4375    7018 e: -37.7 r:  42.1   
US_Washington_Yakima=Confirmed i: 124 124  59  5/26/2020 p:    4554    7018 e: -35.1 r:  42.9   
US_Washington_Yakima=Confirmed i: 125 125  60          . p:    4732    7018 e: -32.6 r:  43.4   
US_Washington_Yakima=Confirmed i: 126 126  61  5/28/2020 p:    4911    7018 e: -30.0 r:  46.0   
US_Washington_Yakima=Confirmed i: 127 127  62          . p:    5089    7018 e: -27.5 r:  48.0   
US_Washington_Yakima=Confirmed i: 128 128  63  5/30/2020 p:    5268    7018 e: -24.9 r:  49.3   
US_Washington_Yakima=Confirmed i: 129 129  64          . p:    5625    7018 e: -19.9 r:  51.1   
US_Washington_Yakima=Confirmed i: 130 130  65   6/1/2020 p:    5804    7018 e: -17.3 r:  53.4   
US_Washington_Yakima=Confirmed i: 131   0  66          . p:    6161    7018 e: -12.2 r:  54.4 OK 1st
US_Washington_Yakima=Confirmed i: 132   1  67   6/3/2020 p:    6339    7018 e:  -9.7 r:  56.1 OK
US_Washington_Yakima=Confirmed i: 133   2  68          . p:    6518    7018 e:  -7.1 r:  57.4 OK
US_Washington_Yakima=Confirmed i: 134   3  69   6/5/2020 p:    5268    7018 e: -24.9 r:  59.0   
US_Washington_Yakima=Confirmed i: 135   4  70          . p:    7054    7018 e:   0.5 r:  62.2 OK
US_Washington_Yakima=Confirmed i: 136   5  71   6/7/2020 p:    7232    7018 e:   3.0 r:  64.2 OK
US_Washington_Yakima=Confirmed i: 137   6  72          . p:    7590    7018 e:   8.1 r:  66.5 OK
US_Washington_Yakima=Confirmed i: 138   7  73   6/9/2020 p:    7947    7018 e:  13.2 r:  68.9 OK
