
  # Process COVID TAB data
p1= 21348 il= 138
p1= - il= 137
p1= 38217 il= 136
p1= 30310 il= 135
p1= 24511 il= 134
Iraq=Confirmed nl = 139, n1= 5 s1= 22877.2 s2= 687152282.8 SD= 12797.8905668083 frac%= 55.9416824034771
Iraq=Confirmed i:  39  39 -10          . p:     263   22877 e: -98.9 r:   0.1   
Iraq=Confirmed i:  40  40  -9   3/3/2020 p:     263   22877 e: -98.9 r:   0.1   
Iraq=Confirmed i:  44  44  -5   3/7/2020 p:     263   22877 e: -98.9 r:   0.2   
Iraq=Confirmed i:  45  45  -4          . p:     263   22877 e: -98.9 r:   0.3   
Iraq=Confirmed i:  46  46  -3   3/9/2020 p:     263   22877 e: -98.9 r:   0.3   
Iraq=Confirmed i:  47  47  -2          . p:     263   22877 e: -98.9 r:   0.3   
Iraq=Confirmed i:  48  48  -1  3/11/2020 p:     261   22877 e: -98.9 r:   0.3   
Iraq=Confirmed i:  49  49   0          . p:     262   22877 e: -98.9 r:   0.3   
Iraq=Confirmed i:  50  50   1  3/13/2020 p:     263   22877 e: -98.9 r:   0.4   
Iraq=Confirmed i:  51  51   2          . p:     263   22877 e: -98.9 r:   0.5   
Iraq=Confirmed i:  52  52   3  3/15/2020 p:     263   22877 e: -98.9 r:   0.5   
Iraq=Confirmed i:  53  53   4          . p:     263   22877 e: -98.9 r:   0.5   
Iraq=Confirmed i:  54  54   5  3/17/2020 p:     263   22877 e: -98.9 r:   0.7   
Iraq=Confirmed i:  55  55   6          . p:     263   22877 e: -98.9 r:   0.7   
Iraq=Confirmed i:  56  56   7  3/19/2020 p:     790   22877 e: -96.5 r:   0.8   
Iraq=Confirmed i:  57  57   8          . p:     790   22877 e: -96.5 r:   0.9   
Iraq=Confirmed i:  58  58   9  3/21/2020 p:     263   22877 e: -98.9 r:   0.9   
Iraq=Confirmed i:  59  59  10          . p:     263   22877 e: -98.9 r:   1.0   
Iraq=Confirmed i:  60  60  11  3/23/2020 p:     790   22877 e: -96.5 r:   1.2   
Iraq=Confirmed i:  61  61  12          . p:     790   22877 e: -96.5 r:   1.4   
Iraq=Confirmed i:  62  62  13  3/25/2020 p:     790   22877 e: -96.5 r:   1.5   
Iraq=Confirmed i:  63  63  14          . p:    1317   22877 e: -94.2 r:   1.7   
Iraq=Confirmed i:  64  64  15  3/27/2020 p:    1317   22877 e: -94.2 r:   2.0   
Iraq=Confirmed i:  65  65  16          . p:    1844   22877 e: -91.9 r:   2.2   
Iraq=Confirmed i:  66  66  17  3/29/2020 p:    2372   22877 e: -89.6 r:   2.4   
Iraq=Confirmed i:  67  67  18          . p:    3426   22877 e: -85.0 r:   2.8   
Iraq=Confirmed i:  68  68  19  3/31/2020 p:    3426   22877 e: -85.0 r:   3.0   
Iraq=Confirmed i:  69  69  20          . p:    3426   22877 e: -85.0 r:   3.2   
Iraq=Confirmed i:  70  70  21   4/2/2020 p:    1317   22877 e: -94.2 r:   3.4   
Iraq=Confirmed i:  71  71  22          . p:    1317   22877 e: -94.2 r:   3.6   
Iraq=Confirmed i:  72  72  23   4/4/2020 p:    1317   22877 e: -94.2 r:   3.8   
Iraq=Confirmed i:  73  73  24          . p:    1844   22877 e: -91.9 r:   4.2   
Iraq=Confirmed i:  74  74  25   4/6/2020 p:    2372   22877 e: -89.6 r:   4.5   
Iraq=Confirmed i:  75  75  26          . p:    2899   22877 e: -87.3 r:   4.9   
Iraq=Confirmed i:  76  76  27   4/8/2020 p:    3426   22877 e: -85.0 r:   5.3   
Iraq=Confirmed i:  77  77  28          . p:    3426   22877 e: -85.0 r:   5.4   
Iraq=Confirmed i:  78  78  29  4/10/2020 p:    2899   22877 e: -87.3 r:   5.6   
Iraq=Confirmed i:  79  79  30          . p:    2899   22877 e: -87.3 r:   5.8   
Iraq=Confirmed i:  80  80  31  4/12/2020 p:    2325   22877 e: -89.8 r:   5.9   
Iraq=Confirmed i:  81  81  32          . p:    1513   22877 e: -93.4 r:   6.0   
Iraq=Confirmed i:  82  82  33  4/14/2020 p:    1523   22877 e: -93.3 r:   6.1   
Iraq=Confirmed i:  83  83  34          . p:    1497   22877 e: -93.5 r:   6.2   
Iraq=Confirmed i:  84  84  35  4/16/2020 p:    1491   22877 e: -93.5 r:   6.3   
Iraq=Confirmed i:  85  85  36          . p:    1590   22877 e: -93.0 r:   6.5   
Iraq=Confirmed i:  86  86  37  4/18/2020 p:    1658   22877 e: -92.8 r:   6.6   
Iraq=Confirmed i:  87  87  38          . p:    1844   22877 e: -91.9 r:   6.7   
Iraq=Confirmed i:  88  88  39  4/20/2020 p:    1844   22877 e: -91.9 r:   6.9   
Iraq=Confirmed i:  89  89  40          . p:    1844   22877 e: -91.9 r:   7.0   
Iraq=Confirmed i:  90  90  41  4/22/2020 p:    1844   22877 e: -91.9 r:   7.1   
Iraq=Confirmed i:  91  91  42          . p:    1844   22877 e: -91.9 r:   7.3   
Iraq=Confirmed i:  92  92  43  4/24/2020 p:    1844   22877 e: -91.9 r:   7.5   
Iraq=Confirmed i:  93  93  44          . p:    1844   22877 e: -91.9 r:   7.7   
Iraq=Confirmed i:  94  94  45  4/26/2020 p:    2372   22877 e: -89.6 r:   8.0   
Iraq=Confirmed i:  95  95  46          . p:    2372   22877 e: -89.6 r:   8.1   
Iraq=Confirmed i:  96  96  47  4/28/2020 p:    2372   22877 e: -89.6 r:   8.4   
Iraq=Confirmed i:  97  97  48          . p:    2372   22877 e: -89.6 r:   8.8   
Iraq=Confirmed i:  98  98  49  4/30/2020 p:    2899   22877 e: -87.3 r:   9.1   
Iraq=Confirmed i:  99  99  50          . p:    2899   22877 e: -87.3 r:   9.4   
Iraq=Confirmed i: 100 100  51   5/2/2020 p:    2899   22877 e: -87.3 r:   9.7   
Iraq=Confirmed i: 101 101  52          . p:    3426   22877 e: -85.0 r:  10.0   
Iraq=Confirmed i: 102 102  53   5/4/2020 p:    3426   22877 e: -85.0 r:  10.3   
Iraq=Confirmed i: 103 103  54          . p:    3426   22877 e: -85.0 r:  10.6   
Iraq=Confirmed i: 104 104  55   5/6/2020 p:    3426   22877 e: -85.0 r:  10.8   
Iraq=Confirmed i: 105 105  56          . p:    3426   22877 e: -85.0 r:  11.1   
Iraq=Confirmed i: 106 106  57   5/8/2020 p:    3953   22877 e: -82.7 r:  11.4   
Iraq=Confirmed i: 107 107  58          . p:    3953   22877 e: -82.7 r:  11.7   
Iraq=Confirmed i: 108 108  59  5/10/2020 p:    3953   22877 e: -82.7 r:  12.1   
Iraq=Confirmed i: 109 109  60          . p:    3953   22877 e: -82.7 r:  12.3   
Iraq=Confirmed i: 110 110  61  5/12/2020 p:    4480   22877 e: -80.4 r:  12.7   
Iraq=Confirmed i: 111 111  62          . p:    4480   22877 e: -80.4 r:  13.3   
Iraq=Confirmed i: 112 112  63  5/14/2020 p:    4480   22877 e: -80.4 r:  13.7   
Iraq=Confirmed i: 113 113  64          . p:    5007   22877 e: -78.1 r:  14.0   
Iraq=Confirmed i: 114 114  65  5/16/2020 p:    5007   22877 e: -78.1 r:  14.2   
Iraq=Confirmed i: 115 115  66          . p:    5007   22877 e: -78.1 r:  14.9   
Iraq=Confirmed i: 116 116  67  5/18/2020 p:    5534   22877 e: -75.8 r:  15.5   
Iraq=Confirmed i: 117 117  68          . p:    5534   22877 e: -75.8 r:  15.8   
Iraq=Confirmed i: 118 118  69  5/20/2020 p:    6062   22877 e: -73.5 r:  16.3   
Iraq=Confirmed i: 119 119  70          . p:    6062   22877 e: -73.5 r:  16.9   
Iraq=Confirmed i: 120 120  71  5/22/2020 p:    6589   22877 e: -71.2 r:  17.3   
Iraq=Confirmed i: 121 121  72          . p:    7116   22877 e: -68.9 r:  18.7   
Iraq=Confirmed i: 122 122  73  5/24/2020 p:    7643   22877 e: -66.6 r:  19.5   
Iraq=Confirmed i: 123 123  74          . p:    8170   22877 e: -64.3 r:  20.2   
Iraq=Confirmed i: 124 124  75  5/26/2020 p:    8697   22877 e: -62.0 r:  21.2   
Iraq=Confirmed i: 125 125  76          . p:    9751   22877 e: -57.4 r:  22.4   
Iraq=Confirmed i: 126 126  77  5/28/2020 p:   10806   22877 e: -52.8 r:  23.9   
Iraq=Confirmed i: 127 127  78          . p:   12387   22877 e: -45.9 r:  25.7   
Iraq=Confirmed i: 128 128  79  5/30/2020 p:   13969   22877 e: -38.9 r:  27.0   
Iraq=Confirmed i: 129 129  80          . p:   15550   22877 e: -32.0 r:  28.1   
Iraq=Confirmed i: 130 130  81   6/1/2020 p:   15550   22877 e: -32.0 r:  30.0   
Iraq=Confirmed i: 131   0  82          . p:   20294   22877 e: -11.3 r:  32.3 OK 1st
Iraq=Confirmed i: 132   1  83   6/3/2020 p:   17659   22877 e: -22.8 r:  35.7   
Iraq=Confirmed i: 133   2  84          . p:   20294   22877 e: -11.3 r:  38.6 OK
Iraq=Confirmed i: 134   3  85   6/5/2020 p:   24511   22877 e:   7.1 r:  43.0 OK
Iraq=Confirmed i: 135   4  86          . p:   30310   22877 e:  32.5 r:  48.5   
Iraq=Confirmed i: 136   5  87   6/7/2020 p:   38217   22877 e:  67.1 r:  54.1   
Iraq=Confirmed i: 137   6  88          . p:       0   22877 e: -100.0 r:  58.9   
Iraq=Confirmed i: 138   7  89   6/9/2020 p:   21348   22877 e:  -6.7 r:  62.4 OK
