
  # Process COVID TAB data
p1= 13885 il= 138
p1= 13209 il= 137
p1= 13885 il= 136
p1= 13899 il= 135
p1= 13857 il= 134
Peru=Deaths nl = 139, n1= 5 s1= 13747 s2= 189052556.2 SD= 269.345874295464 frac%= 1.9593065708552
Peru=Deaths i:  63  63  -3          . p:     105   13747 e: -99.2 r:   0.1   
Peru=Deaths i:  68  68   2  3/31/2020 p:    4769   13747 e: -65.3 r:   0.2   
Peru=Deaths i:  69  69   3          . p:    1801   13747 e: -86.9 r:   0.3   
Peru=Deaths i:  72  72   6   4/4/2020 p:     317   13747 e: -97.7 r:   0.5   
Peru=Deaths i:  73  73   7          . p:     105   13747 e: -99.2 r:   0.6   
Peru=Deaths i:  74  74   8   4/6/2020 p:     105   13747 e: -99.2 r:   0.7   
Peru=Deaths i:  75  75   9          . p:     105   13747 e: -99.2 r:   0.8   
Peru=Deaths i:  76  76  10   4/8/2020 p:     317   13747 e: -97.7 r:   0.9   
Peru=Deaths i:  77  77  11          . p:     317   13747 e: -97.7 r:   1.0   
Peru=Deaths i:  78  78  12  4/10/2020 p:     741   13747 e: -94.6 r:   1.2   
Peru=Deaths i:  79  79  13          . p:     741   13747 e: -94.6 r:   1.3   
Peru=Deaths i:  80  80  14  4/12/2020 p:     741   13747 e: -94.6 r:   1.4   
Peru=Deaths i:  81  81  15          . p:     749   13747 e: -94.6 r:   1.6   
Peru=Deaths i:  82  82  16  4/14/2020 p:     683   13747 e: -95.0 r:   1.7   
Peru=Deaths i:  83  83  17          . p:     741   13747 e: -94.6 r:   1.8   
Peru=Deaths i:  84  84  18  4/16/2020 p:     741   13747 e: -94.6 r:   2.0   
Peru=Deaths i:  85  85  19          . p:     741   13747 e: -94.6 r:   2.2   
Peru=Deaths i:  86  86  20  4/18/2020 p:     953   13747 e: -93.1 r:   2.5   
Peru=Deaths i:  87  87  21          . p:    1377   13747 e: -90.0 r:   2.9   
Peru=Deaths i:  88  88  22  4/20/2020 p:    2013   13747 e: -85.4 r:   3.2   
Peru=Deaths i:  89  89  23          . p:    2437   13747 e: -82.3 r:   3.5   
Peru=Deaths i:  90  90  24  4/22/2020 p:    2649   13747 e: -80.7 r:   3.9   
Peru=Deaths i:  91  91  25          . p:     953   13747 e: -93.1 r:   4.2   
Peru=Deaths i:  92  92  26  4/24/2020 p:    3073   13747 e: -77.6 r:   4.6   
Peru=Deaths i:  93  93  27          . p:    3921   13747 e: -71.5 r:   5.1   
Peru=Deaths i:  94  94  28  4/26/2020 p:    4133   13747 e: -69.9 r:   5.3   
Peru=Deaths i:  95  95  29          . p:    4345   13747 e: -68.4 r:   5.7   
Peru=Deaths i:  96  96  30  4/28/2020 p:    4345   13747 e: -68.4 r:   6.2   
Peru=Deaths i:  97  97  31          . p:    4981   13747 e: -63.8 r:   6.9   
Peru=Deaths i:  98  98  32  4/30/2020 p:    5829   13747 e: -57.6 r:   7.6   
Peru=Deaths i:  99  99  33          . p:    6465   13747 e: -53.0 r:   8.2   
Peru=Deaths i: 100 100  34   5/2/2020 p:    7101   13747 e: -48.3 r:   8.7   
Peru=Deaths i: 101 101  35          . p:    7737   13747 e: -43.7 r:   9.4   
Peru=Deaths i: 102 102  36   5/4/2020 p:    7949   13747 e: -42.2 r:   9.8   
Peru=Deaths i: 103 103  37          . p:    8373   13747 e: -39.1 r:  10.5   
Peru=Deaths i: 104 104  38   5/6/2020 p:    8585   13747 e: -37.6 r:  11.2   
Peru=Deaths i: 105 105  39          . p:    3285   13747 e: -76.1 r:  11.8   
Peru=Deaths i: 106 106  40   5/8/2020 p:    9009   13747 e: -34.5 r:  12.5   
Peru=Deaths i: 107 107  41          . p:    9120   13747 e: -33.7 r:  13.2   
Peru=Deaths i: 108 108  42  5/10/2020 p:    9723   13747 e: -29.3 r:  13.7   
Peru=Deaths i: 109 109  43          . p:    7842   13747 e: -43.0 r:  14.3   
Peru=Deaths i: 110 110  44  5/12/2020 p:    7780   13747 e: -43.4 r:  15.0   
Peru=Deaths i: 111 111  45          . p:    4557   13747 e: -66.9 r:  15.8   
Peru=Deaths i: 112 112  46  5/14/2020 p:    9009   13747 e: -34.5 r:  16.5   
Peru=Deaths i: 113 113  47          . p:    9221   13747 e: -32.9 r:  17.4   
Peru=Deaths i: 114 114  48  5/16/2020 p:    9221   13747 e: -32.9 r:  18.4   
Peru=Deaths i: 115 115  49          . p:    9645   13747 e: -29.8 r:  19.3   
Peru=Deaths i: 116 116  50  5/18/2020 p:    9645   13747 e: -29.8 r:  20.3   
Peru=Deaths i: 117 117  51          . p:   10069   13747 e: -26.8 r:  21.2   
Peru=Deaths i: 118 118  52  5/20/2020 p:   10069   13747 e: -26.8 r:  22.0   
Peru=Deaths i: 119 119  53          . p:   10281   13747 e: -25.2 r:  22.9   
Peru=Deaths i: 120 120  54  5/22/2020 p:   10917   13747 e: -20.6 r:  23.6   
Peru=Deaths i: 121 121  55          . p:   10493   13747 e: -23.7 r:  24.5   
Peru=Deaths i: 122 122  56  5/24/2020 p:   10296   13747 e: -25.1 r:  25.1   
Peru=Deaths i: 123 123  57          . p:   10493   13747 e: -23.7 r:  26.4   
Peru=Deaths i: 124 124  58  5/26/2020 p:   10705   13747 e: -22.1 r:  27.6   
Peru=Deaths i: 125 125  59          . p:   10917   13747 e: -20.6 r:  29.0   
Peru=Deaths i: 126   0  60  5/28/2020 p:   12825   13747 e:  -6.7 r:  29.8 OK 1st
Peru=Deaths i: 127   1  61          . p:   13249   13747 e:  -3.6 r:  30.8 OK
Peru=Deaths i: 128   2  62  5/30/2020 p:   13461   13747 e:  -2.1 r:  31.8 OK
Peru=Deaths i: 129   3  63          . p:   13885   13747 e:   1.0 r:  32.8 OK
Peru=Deaths i: 130   4  64   6/1/2020 p:   13885   13747 e:   1.0 r:  33.7 OK
Peru=Deaths i: 131   5  65          . p:   13858   13747 e:   0.8 r:  34.7 OK
Peru=Deaths i: 132   6  66   6/3/2020 p:   13847   13747 e:   0.7 r:  35.6 OK
Peru=Deaths i: 133   7  67          . p:   13589   13747 e:  -1.1 r:  36.6 OK
Peru=Deaths i: 134   8  68   6/5/2020 p:   13857   13747 e:   0.8 r:  37.6 OK
Peru=Deaths i: 135   9  69          . p:   13899   13747 e:   1.1 r:  38.6 OK
Peru=Deaths i: 136  10  70   6/7/2020 p:   13885   13747 e:   1.0 r:  39.8 OK
Peru=Deaths i: 137  11  71          . p:   13209   13747 e:  -3.9 r:  40.5 OK
Peru=Deaths i: 138  12  72   6/9/2020 p:   13885   13747 e:   1.0 r:  41.7 OK
