
  # Process COVID TAB data
p1= 297 il= 138
p1= 297 il= 137
p1= 294 il= 136
p1= 291 il= 135
p1= 291 il= 134
United_Arab_Emirates=Deaths nl = 139, n1= 5 s1= 294 s2= 86443.2 SD= 2.68328157299921 frac%= 0.912680807142587
United_Arab_Emirates=Deaths i:  69   0 -10          . p:     266     294 e:  -9.5 r:   2.7 OK 1st
United_Arab_Emirates=Deaths i:  70   1  -9   4/2/2020 p:      15     294 e: -94.9 r:   2.7   
United_Arab_Emirates=Deaths i:  71   2  -8          . p:      15     294 e: -94.9 r:   3.1   
United_Arab_Emirates=Deaths i:  72   3  -7   4/4/2020 p:      15     294 e: -94.9 r:   3.4   
United_Arab_Emirates=Deaths i:  73   4  -6          . p:      15     294 e: -94.9 r:   3.4   
United_Arab_Emirates=Deaths i:  74   5  -5   4/6/2020 p:      13     294 e: -95.6 r:   3.7   
United_Arab_Emirates=Deaths i:  75   6  -4          . p:      15     294 e: -94.9 r:   4.1   
United_Arab_Emirates=Deaths i:  76   7  -3   4/8/2020 p:      14     294 e: -95.2 r:   4.1   
United_Arab_Emirates=Deaths i:  77   8  -2          . p:      26     294 e: -91.2 r:   4.8   
United_Arab_Emirates=Deaths i:  78   9  -1  4/10/2020 p:      26     294 e: -91.2 r:   5.4   
United_Arab_Emirates=Deaths i:  79  10   0          . p:      57     294 e: -80.6 r:   6.8   
United_Arab_Emirates=Deaths i:  80  11   1  4/12/2020 p:      78     294 e: -73.5 r:   7.5   
United_Arab_Emirates=Deaths i:  81  12   2          . p:     109     294 e: -62.9 r:   8.5   
United_Arab_Emirates=Deaths i:  82  13   3  4/14/2020 p:      57     294 e: -80.6 r:   9.5   
United_Arab_Emirates=Deaths i:  83  14   4          . p:     224     294 e: -23.8 r:  11.2   
United_Arab_Emirates=Deaths i:  84  15   5  4/16/2020 p:     109     294 e: -62.9 r:  11.9   
United_Arab_Emirates=Deaths i:  85  16   6          . p:      67     294 e: -77.2 r:  12.6   
United_Arab_Emirates=Deaths i:  86  17   7  4/18/2020 p:      47     294 e: -84.0 r:  12.6   
United_Arab_Emirates=Deaths i:  87  18   8          . p:      57     294 e: -80.6 r:  13.9   
United_Arab_Emirates=Deaths i:  88  19   9  4/20/2020 p:      57     294 e: -80.6 r:  14.6   
United_Arab_Emirates=Deaths i:  89  20  10          . p:      67     294 e: -77.2 r:  15.6   
United_Arab_Emirates=Deaths i:  90  21  11  4/22/2020 p:      88     294 e: -70.1 r:  17.7   
United_Arab_Emirates=Deaths i:  91  22  12          . p:     120     294 e: -59.2 r:  19.0   
United_Arab_Emirates=Deaths i:  92  23  13  4/24/2020 p:     277     294 e:  -5.8 r:  21.8 OK
United_Arab_Emirates=Deaths i:  93  24  14          . p:     360     294 e:  22.4 r:  24.1   
United_Arab_Emirates=Deaths i:  94  25  15  4/26/2020 p:     433     294 e:  47.3 r:  25.9   
United_Arab_Emirates=Deaths i:  95  26  16          . p:     517     294 e:  75.9 r:  27.9   
United_Arab_Emirates=Deaths i:  96  27  17  4/28/2020 p:     141     294 e: -52.0 r:  30.3   
United_Arab_Emirates=Deaths i:  97  28  18          . p:     297     294 e:   1.0 r:  33.3 OK
United_Arab_Emirates=Deaths i:  98  29  19  4/30/2020 p:     360     294 e:  22.4 r:  35.7   
United_Arab_Emirates=Deaths i:  99  30  20          . p:     360     294 e:  22.4 r:  37.8   
United_Arab_Emirates=Deaths i: 100  31  21   5/2/2020 p:     360     294 e:  22.4 r:  40.5   
United_Arab_Emirates=Deaths i: 101  32  22          . p:     339     294 e:  15.3 r:  42.9   
United_Arab_Emirates=Deaths i: 102  33  23   5/4/2020 p:     444     294 e:  51.0 r:  46.6   
United_Arab_Emirates=Deaths i: 103  34  24          . p:       0     294 e: -100.0 r:  49.7   
United_Arab_Emirates=Deaths i: 104  35  25   5/6/2020 p:       0     294 e: -100.0 r:  53.4   
United_Arab_Emirates=Deaths i: 105  36  26          . p:       0     294 e: -100.0 r:  56.1   
United_Arab_Emirates=Deaths i: 106  37  27   5/8/2020 p:       0     294 e: -100.0 r:  59.2   
United_Arab_Emirates=Deaths i: 107  38  28          . p:     360     294 e:  22.4 r:  62.9   
United_Arab_Emirates=Deaths i: 108  39  29  5/10/2020 p:       0     294 e: -100.0 r:  67.3   
United_Arab_Emirates=Deaths i: 109  40  30          . p:     475     294 e:  61.6 r:  68.4   
United_Arab_Emirates=Deaths i: 110  41  31  5/12/2020 p:     632     294 e: 115.0 r:  69.0   
United_Arab_Emirates=Deaths i: 111  42  32          . p:     507     294 e:  72.4 r:  70.1   
United_Arab_Emirates=Deaths i: 112  43  33  5/14/2020 p:     214     294 e: -27.2 r:  70.7   
United_Arab_Emirates=Deaths i: 113  44  34          . p:     214     294 e: -27.2 r:  71.4   
United_Arab_Emirates=Deaths i: 114  45  35  5/16/2020 p:     224     294 e: -23.8 r:  72.8   
United_Arab_Emirates=Deaths i: 115  46  36          . p:     236     294 e: -19.7 r:  74.8   
United_Arab_Emirates=Deaths i: 116  47  37  5/18/2020 p:     245     294 e: -16.7 r:  76.2   
United_Arab_Emirates=Deaths i: 117  48  38          . p:     245     294 e: -16.7 r:  77.2   
United_Arab_Emirates=Deaths i: 118  49  39  5/20/2020 p:     256     294 e: -12.9 r:  79.3 OK
United_Arab_Emirates=Deaths i: 119  50  40          . p:     256     294 e: -12.9 r:  80.6 OK
United_Arab_Emirates=Deaths i: 120  51  41  5/22/2020 p:     266     294 e:  -9.5 r:  82.0 OK
United_Arab_Emirates=Deaths i: 121  52  42          . p:     266     294 e:  -9.5 r:  83.0 OK
United_Arab_Emirates=Deaths i: 122  53  43  5/24/2020 p:     266     294 e:  -9.5 r:  83.3 OK
United_Arab_Emirates=Deaths i: 123  54  44          . p:     266     294 e:  -9.5 r:  84.4 OK
United_Arab_Emirates=Deaths i: 124  55  45  5/26/2020 p:     277     294 e:  -5.8 r:  86.1 OK
United_Arab_Emirates=Deaths i: 125  56  46          . p:     277     294 e:  -5.8 r:  86.7 OK
United_Arab_Emirates=Deaths i: 126  57  47  5/28/2020 p:     277     294 e:  -5.8 r:  87.8 OK
United_Arab_Emirates=Deaths i: 127  58  48          . p:     297     294 e:   1.0 r:  88.4 OK
United_Arab_Emirates=Deaths i: 128  59  49  5/30/2020 p:     282     294 e:  -4.1 r:  89.1 OK
United_Arab_Emirates=Deaths i: 129  60  50          . p:     285     294 e:  -3.1 r:  89.8 OK
United_Arab_Emirates=Deaths i: 130  61  51   6/1/2020 p:     284     294 e:  -3.4 r:  90.5 OK
United_Arab_Emirates=Deaths i: 131  62  52          . p:     287     294 e:  -2.4 r:  91.5 OK
United_Arab_Emirates=Deaths i: 132  63  53   6/3/2020 p:     297     294 e:   1.0 r:  91.8 OK
United_Arab_Emirates=Deaths i: 133  64  54          . p:     297     294 e:   1.0 r:  92.9 OK
United_Arab_Emirates=Deaths i: 134  65  55   6/5/2020 p:     291     294 e:  -1.0 r:  93.2 OK
United_Arab_Emirates=Deaths i: 135  66  56          . p:     291     294 e:  -1.0 r:  93.5 OK
United_Arab_Emirates=Deaths i: 136  67  57   6/7/2020 p:     294     294 e:   0.0 r:  93.9 OK
United_Arab_Emirates=Deaths i: 137  68  58          . p:     297     294 e:   1.0 r:  95.6 OK
United_Arab_Emirates=Deaths i: 138  69  59   6/9/2020 p:     297     294 e:   1.0 r:  96.3 OK
