
  # Process COVID TAB data
p1= 68 il= 138
p1= 62 il= 137
p1= 62 il= 136
p1= 58 il= 135
p1= 56 il= 134
Senegal=Deaths nl = 139, n1= 5 s1= 61.2 s2= 3762.4 SD= 4.11825205639475 frac%= 6.72917002678881
Senegal=Deaths i:  90  90 -20  4/22/2020 p:       8      61 e: -86.9 r:   9.8   
Senegal=Deaths i:  91  91 -19          . p:       6      61 e: -90.2 r:   9.8   
Senegal=Deaths i:  92  92 -18  4/24/2020 p:       8      61 e: -86.9 r:  11.4   
Senegal=Deaths i:  93  93 -17          . p:       8      61 e: -86.9 r:  11.4   
Senegal=Deaths i:  94  94 -16  4/26/2020 p:      24      61 e: -60.8 r:  14.7   
Senegal=Deaths i:  95  95 -15          . p:      16      61 e: -73.9 r:  14.7   
Senegal=Deaths i:  96  96 -14  4/28/2020 p:      14      61 e: -77.1 r:  14.7   
Senegal=Deaths i:  97  97 -13          . p:      18      61 e: -70.6 r:  14.7   
Senegal=Deaths i:  98  98 -12  4/30/2020 p:      12      61 e: -80.4 r:  14.7   
Senegal=Deaths i:  99  99 -11          . p:      12      61 e: -80.4 r:  14.7   
Senegal=Deaths i: 100 100 -10   5/2/2020 p:      12      61 e: -80.4 r:  14.7   
Senegal=Deaths i: 101 101  -9          . p:      12      61 e: -80.4 r:  14.7   
Senegal=Deaths i: 102 102  -8   5/4/2020 p:      10      61 e: -83.7 r:  16.3   
Senegal=Deaths i: 103 103  -7          . p:      14      61 e: -77.1 r:  18.0   
Senegal=Deaths i: 104 104  -6   5/6/2020 p:      16      61 e: -73.9 r:  19.6   
Senegal=Deaths i: 105 105  -5          . p:      18      61 e: -70.6 r:  21.2   
Senegal=Deaths i: 106 106  -4   5/8/2020 p:      18      61 e: -70.6 r:  21.2   
Senegal=Deaths i: 107 107  -3          . p:      50      61 e: -18.3 r:  27.8   
Senegal=Deaths i: 108 108  -2  5/10/2020 p:     104      61 e:  69.9 r:  31.0   
Senegal=Deaths i: 109 109  -1          . p:      91      61 e:  48.7 r:  31.0   
Senegal=Deaths i: 110 110   0  5/12/2020 p:      18      61 e: -70.6 r:  31.0   
Senegal=Deaths i: 111 111   1          . p:      22      61 e: -64.1 r:  34.3   
Senegal=Deaths i: 112 112   2  5/14/2020 p:      27      61 e: -55.9 r:  37.6   
Senegal=Deaths i: 113 113   3          . p:     114      61 e:  86.3 r:  40.8   
Senegal=Deaths i: 114 114   4  5/16/2020 p:      31      61 e: -49.3 r:  40.8   
Senegal=Deaths i: 115 115   5          . p:      29      61 e: -52.6 r:  40.8   
Senegal=Deaths i: 116 116   6  5/18/2020 p:      25      61 e: -59.2 r:  42.5   
Senegal=Deaths i: 117   0   7          . p:      56      61 e:  -8.5 r:  49.0 OK 1st
Senegal=Deaths i: 118   1   8  5/20/2020 p:      50      61 e: -18.3 r:  49.0   
Senegal=Deaths i: 119   2   9          . p:      64      61 e:   4.6 r:  53.9 OK
Senegal=Deaths i: 120   3  10  5/22/2020 p:      64      61 e:   4.6 r:  53.9 OK
Senegal=Deaths i: 121   4  11          . p:      58      61 e:  -5.2 r:  55.6 OK
Senegal=Deaths i: 122   5  12  5/24/2020 p:      56      61 e:  -8.5 r:  57.2 OK
Senegal=Deaths i: 123   6  13          . p:      35      61 e: -42.8 r:  57.2   
Senegal=Deaths i: 124   7  14  5/26/2020 p:      37      61 e: -39.5 r:  58.8   
Senegal=Deaths i: 125   8  15          . p:      48      61 e: -21.6 r:  62.1   
Senegal=Deaths i: 126   9  16  5/28/2020 p:      52      61 e: -15.0 r:  63.7   
Senegal=Deaths i: 127  10  17          . p:      58      61 e:  -5.2 r:  67.0 OK
Senegal=Deaths i: 128  11  18  5/30/2020 p:      60      61 e:  -2.0 r:  68.6 OK
Senegal=Deaths i: 129  12  19          . p:      60      61 e:  -2.0 r:  68.6 OK
Senegal=Deaths i: 130  13  20   6/1/2020 p:      58      61 e:  -5.2 r:  68.6 OK
Senegal=Deaths i: 131  14  21          . p:      56      61 e:  -8.5 r:  70.3 OK
Senegal=Deaths i: 132  15  22   6/3/2020 p:      58      61 e:  -5.2 r:  73.5 OK
Senegal=Deaths i: 133  16  23          . p:      58      61 e:  -5.2 r:  73.5 OK
Senegal=Deaths i: 134  17  24   6/5/2020 p:      56      61 e:  -8.5 r:  73.5 OK
Senegal=Deaths i: 135  18  25          . p:      58      61 e:  -5.2 r:  76.8 OK
Senegal=Deaths i: 136  19  26   6/7/2020 p:      62      61 e:   1.3 r:  80.1 OK
Senegal=Deaths i: 137  20  27          . p:      62      61 e:   1.3 r:  80.1 OK
Senegal=Deaths i: 138  21  28   6/9/2020 p:      68      61 e:  11.1 r:  85.0 OK
