
  # Process COVID TAB data
p1= 1273 il= 138
p1= 886 il= 137
p1= 886 il= 136
p1= 1273 il= 134
p1= 854 il= 133
US_Michigan_Macomb=Deaths nl = 139, n1= 5 s1= 1034.4 s2= 1108073.2 SD= 195.166185595763 frac%= 18.8675740135115
US_Michigan_Macomb=Deaths i:  65  65  -1          . p:      25    1034 e: -97.6 r:   1.6   
US_Michigan_Macomb=Deaths i:  66  66   0  3/29/2020 p:      27    1034 e: -97.4 r:   1.9   
US_Michigan_Macomb=Deaths i:  71  71   5          . p:      94    1034 e: -90.9 r:   6.3   
US_Michigan_Macomb=Deaths i:  72  72   6   4/4/2020 p:     133    1034 e: -87.1 r:   7.5   
US_Michigan_Macomb=Deaths i:  73  73   7          . p:     119    1034 e: -88.5 r:   8.0   
US_Michigan_Macomb=Deaths i:  74  74   8   4/6/2020 p:     241    1034 e: -76.7 r:   9.7   
US_Michigan_Macomb=Deaths i:  75  75   9          . p:     306    1034 e: -70.4 r:  11.7   
US_Michigan_Macomb=Deaths i:  76  76  10   4/8/2020 p:     370    1034 e: -64.2 r:  13.6   
US_Michigan_Macomb=Deaths i:  77  77  11          . p:     467    1034 e: -54.9 r:  16.0   
US_Michigan_Macomb=Deaths i:  78  78  12  4/10/2020 p:     628    1034 e: -39.3 r:  19.0   
US_Michigan_Macomb=Deaths i:  79  79  13          . p:     532    1034 e: -48.6 r:  20.2   
US_Michigan_Macomb=Deaths i:  80  80  14  4/12/2020 p:     241    1034 e: -76.7 r:  21.0   
US_Michigan_Macomb=Deaths i:  81  81  15          . p:     323    1034 e: -68.8 r:  23.2   
US_Michigan_Macomb=Deaths i:  82  82  16  4/14/2020 p:    1435    1034 e:  38.7 r:  28.3   
US_Michigan_Macomb=Deaths i:  83   0  17          . p:     951    1034 e:  -8.1 r:  31.9 OK 1st
US_Michigan_Macomb=Deaths i:  84   1  18  4/16/2020 p:    1918    1034 e:  85.4 r:  34.2   
US_Michigan_Macomb=Deaths i:  85   2  19          . p:    1789    1034 e:  73.0 r:  36.1   
US_Michigan_Macomb=Deaths i:  86   3  20  4/18/2020 p:     400    1034 e: -61.3 r:  37.1   
US_Michigan_Macomb=Deaths i:  87   4  21          . p:     404    1034 e: -60.9 r:  37.8   
US_Michigan_Macomb=Deaths i:  88   5  22  4/20/2020 p:     892    1034 e: -13.8 r:  39.0 OK
US_Michigan_Macomb=Deaths i:  89   6  23          . p:     663    1034 e: -35.9 r:  43.0   
US_Michigan_Macomb=Deaths i:  90   7  24  4/22/2020 p:     716    1034 e: -30.8 r:  45.7   
US_Michigan_Macomb=Deaths i:  91   8  25          . p:     757    1034 e: -26.8 r:  47.7   
US_Michigan_Macomb=Deaths i:  92   9  26  4/24/2020 p:     737    1034 e: -28.8 r:  48.7   
US_Michigan_Macomb=Deaths i:  93  10  27          . p:     719    1034 e: -30.5 r:  50.0   
US_Michigan_Macomb=Deaths i:  94  11  28  4/26/2020 p:     686    1034 e: -33.7 r:  50.3   
US_Michigan_Macomb=Deaths i:  95  12  29          . p:     538    1034 e: -48.0 r:  50.9   
US_Michigan_Macomb=Deaths i:  96  13  30  4/28/2020 p:     721    1034 e: -30.3 r:  55.3   
US_Michigan_Macomb=Deaths i:  97  14  31          . p:     773    1034 e: -25.3 r:  57.7   
US_Michigan_Macomb=Deaths i:  98  15  32  4/30/2020 p:     790    1034 e: -23.6 r:  58.3   
US_Michigan_Macomb=Deaths i:  99  16  33          . p:     821    1034 e: -20.6 r:  59.4   
US_Michigan_Macomb=Deaths i: 100  17  34   5/2/2020 p:     788    1034 e: -23.8 r:  60.4   
US_Michigan_Macomb=Deaths i: 101  18  35          . p:     772    1034 e: -25.4 r:  60.7   
US_Michigan_Macomb=Deaths i: 102  19  36   5/4/2020 p:     790    1034 e: -23.6 r:  62.2   
US_Michigan_Macomb=Deaths i: 103  20  37          . p:     768    1034 e: -25.8 r:  62.5   
US_Michigan_Macomb=Deaths i: 104  21  38   5/6/2020 p:     790    1034 e: -23.6 r:  64.0   
US_Michigan_Macomb=Deaths i: 105  22  39          . p:     790    1034 e: -23.6 r:  65.5   
US_Michigan_Macomb=Deaths i: 106  23  40   5/8/2020 p:     790    1034 e: -23.6 r:  65.9   
US_Michigan_Macomb=Deaths i: 107  24  41          . p:     790    1034 e: -23.6 r:  67.4   
US_Michigan_Macomb=Deaths i: 108  25  42  5/10/2020 p:     790    1034 e: -23.6 r:  67.5   
US_Michigan_Macomb=Deaths i: 109  26  43          . p:     790    1034 e: -23.6 r:  67.6   
US_Michigan_Macomb=Deaths i: 110  27  44  5/12/2020 p:     788    1034 e: -23.8 r:  68.6   
US_Michigan_Macomb=Deaths i: 111  28  45          . p:     789    1034 e: -23.7 r:  69.3   
US_Michigan_Macomb=Deaths i: 112  29  46  5/14/2020 p:     790    1034 e: -23.6 r:  70.4   
US_Michigan_Macomb=Deaths i: 113  30  47          . p:     790    1034 e: -23.6 r:  70.5   
US_Michigan_Macomb=Deaths i: 114  31  48  5/16/2020 p:     790    1034 e: -23.6 r:  71.4   
US_Michigan_Macomb=Deaths i: 115  32  49          . p:     800    1034 e: -22.7 r:  71.5   
US_Michigan_Macomb=Deaths i: 116  33  50  5/18/2020 p:     798    1034 e: -22.9 r:  71.5   
US_Michigan_Macomb=Deaths i: 117  34  51          . p:     790    1034 e: -23.6 r:  72.8   
US_Michigan_Macomb=Deaths i: 118  35  52  5/20/2020 p:     790    1034 e: -23.6 r:  73.8   
US_Michigan_Macomb=Deaths i: 119  36  53          . p:     822    1034 e: -20.5 r:  74.6   
US_Michigan_Macomb=Deaths i: 120  37  54  5/22/2020 p:     822    1034 e: -20.5 r:  75.0   
US_Michigan_Macomb=Deaths i: 121  38  55          . p:     822    1034 e: -20.5 r:  75.2   
US_Michigan_Macomb=Deaths i: 122  39  56  5/24/2020 p:     822    1034 e: -20.5 r:  75.2   
US_Michigan_Macomb=Deaths i: 123  40  57          . p:     822    1034 e: -20.5 r:  75.2   
US_Michigan_Macomb=Deaths i: 124  41  58  5/26/2020 p:     821    1034 e: -20.6 r:  75.3   
US_Michigan_Macomb=Deaths i: 125  42  59          . p:     821    1034 e: -20.6 r:  75.8   
US_Michigan_Macomb=Deaths i: 126  43  60  5/28/2020 p:     822    1034 e: -20.5 r:  76.1   
US_Michigan_Macomb=Deaths i: 127  44  61          . p:     822    1034 e: -20.5 r:  76.7   
US_Michigan_Macomb=Deaths i: 128  45  62  5/30/2020 p:     822    1034 e: -20.5 r:  77.5   
US_Michigan_Macomb=Deaths i: 129  46  63          . p:     822    1034 e: -20.5 r:  78.3   
US_Michigan_Macomb=Deaths i: 130  47  64   6/1/2020 p:     822    1034 e: -20.5 r:  78.7   
US_Michigan_Macomb=Deaths i: 131  48  65          . p:     854    1034 e: -17.4 r:  79.1   
US_Michigan_Macomb=Deaths i: 132  49  66   6/3/2020 p:     854    1034 e: -17.4 r:  79.9   
US_Michigan_Macomb=Deaths i: 133  50  67          . p:     854    1034 e: -17.4 r:  80.0   
US_Michigan_Macomb=Deaths i: 134  51  68   6/5/2020 p:    1273    1034 e:  23.1 r:  83.7   
US_Michigan_Macomb=Deaths i: 136  53  70   6/7/2020 p:     886    1034 e: -14.3 r:  84.1 OK
US_Michigan_Macomb=Deaths i: 137  54  71          . p:     886    1034 e: -14.3 r:  84.1 OK
US_Michigan_Macomb=Deaths i: 138  55  72   6/9/2020 p:    1273    1034 e:  23.1 r:  84.4   
