
  # Process COVID TAB data
p1= 4631 il= 138
p1= 4631 il= 137
p1= 6038 il= 136
p1= 5921 il= 135
p1= 5804 il= 134
US_Virginia_Loudoun=Confirmed nl = 139, n1= 5 s1= 5405 s2= 29618884.6 SD= 636.285784848288 frac%= 11.7721699324383
US_Virginia_Loudoun=Confirmed i:  57  57 -11          . p:      58    5405 e: -98.9 r:   0.2   
US_Virginia_Loudoun=Confirmed i:  58  58 -10  3/21/2020 p:     410    5405 e: -92.4 r:   0.3   
US_Virginia_Loudoun=Confirmed i:  59  59  -9          . p:     410    5405 e: -92.4 r:   0.3   
US_Virginia_Loudoun=Confirmed i:  60  60  -8  3/23/2020 p:      58    5405 e: -98.9 r:   0.3   
US_Virginia_Loudoun=Confirmed i:  61  61  -7          . p:      58    5405 e: -98.9 r:   0.3   
US_Virginia_Loudoun=Confirmed i:  62  62  -6  3/25/2020 p:      58    5405 e: -98.9 r:   0.4   
US_Virginia_Loudoun=Confirmed i:  63  63  -5          . p:      58    5405 e: -98.9 r:   0.5   
US_Virginia_Loudoun=Confirmed i:  64   0  -4  3/27/2020 p:    4983    5405 e:  -7.8 r:   0.8 OK 1st
US_Virginia_Loudoun=Confirmed i:  66   2  -2  3/29/2020 p:     293    5405 e: -94.6 r:   1.1   
US_Virginia_Loudoun=Confirmed i:  67   3  -1          . p:      58    5405 e: -98.9 r:   1.1   
US_Virginia_Loudoun=Confirmed i:  68   4   0  3/31/2020 p:     410    5405 e: -92.4 r:   1.6   
US_Virginia_Loudoun=Confirmed i:  69   5   1          . p:     644    5405 e: -88.1 r:   1.9   
US_Virginia_Loudoun=Confirmed i:  70   6   2   4/2/2020 p:     410    5405 e: -92.4 r:   2.2   
US_Virginia_Loudoun=Confirmed i:  71   7   3          . p:     410    5405 e: -92.4 r:   2.4   
US_Virginia_Loudoun=Confirmed i:  72   8   4   4/4/2020 p:     410    5405 e: -92.4 r:   2.8   
US_Virginia_Loudoun=Confirmed i:  73   9   5          . p:     410    5405 e: -92.4 r:   3.1   
US_Virginia_Loudoun=Confirmed i:  74  10   6   4/6/2020 p:     527    5405 e: -90.2 r:   3.5   
US_Virginia_Loudoun=Confirmed i:  75  11   7          . p:     527    5405 e: -90.2 r:   3.9   
US_Virginia_Loudoun=Confirmed i:  76  12   8   4/8/2020 p:     644    5405 e: -88.1 r:   4.4   
US_Virginia_Loudoun=Confirmed i:  77  13   9          . p:     762    5405 e: -85.9 r:   4.8   
US_Virginia_Loudoun=Confirmed i:  78  14  10  4/10/2020 p:     644    5405 e: -88.1 r:   5.1   
US_Virginia_Loudoun=Confirmed i:  79  15  11          . p:     644    5405 e: -88.1 r:   5.5   
US_Virginia_Loudoun=Confirmed i:  80  16  12  4/12/2020 p:     655    5405 e: -87.9 r:   5.7   
US_Virginia_Loudoun=Confirmed i:  81  17  13          . p:     414    5405 e: -92.3 r:   6.0   
US_Virginia_Loudoun=Confirmed i:  82  18  14  4/14/2020 p:     470    5405 e: -91.3 r:   6.4   
US_Virginia_Loudoun=Confirmed i:  83  19  15          . p:     644    5405 e: -88.1 r:   6.8   
US_Virginia_Loudoun=Confirmed i:  84  20  16  4/16/2020 p:     644    5405 e: -88.1 r:   7.0   
US_Virginia_Loudoun=Confirmed i:  85  21  17          . p:     593    5405 e: -89.0 r:   7.1   
US_Virginia_Loudoun=Confirmed i:  86  22  18  4/18/2020 p:     576    5405 e: -89.3 r:   7.6   
US_Virginia_Loudoun=Confirmed i:  87  23  19          . p:     605    5405 e: -88.8 r:   7.9   
US_Virginia_Loudoun=Confirmed i:  88  24  20  4/20/2020 p:     644    5405 e: -88.1 r:   8.3   
US_Virginia_Loudoun=Confirmed i:  89  25  21          . p:     644    5405 e: -88.1 r:   8.7   
US_Virginia_Loudoun=Confirmed i:  90  26  22  4/22/2020 p:     644    5405 e: -88.1 r:   8.8   
US_Virginia_Loudoun=Confirmed i:  91  27  23          . p:     762    5405 e: -85.9 r:   9.2   
US_Virginia_Loudoun=Confirmed i:  92  28  24  4/24/2020 p:     762    5405 e: -85.9 r:   9.8   
US_Virginia_Loudoun=Confirmed i:  93  29  25          . p:     879    5405 e: -83.7 r:  10.4   
US_Virginia_Loudoun=Confirmed i:  94  30  26  4/26/2020 p:     879    5405 e: -83.7 r:  11.0   
US_Virginia_Loudoun=Confirmed i:  95  31  27          . p:     996    5405 e: -81.6 r:  11.6   
US_Virginia_Loudoun=Confirmed i:  96  32  28  4/28/2020 p:    1113    5405 e: -79.4 r:  12.7   
US_Virginia_Loudoun=Confirmed i:  97  33  29          . p:    1231    5405 e: -77.2 r:  13.5   
US_Virginia_Loudoun=Confirmed i:  98  34  30  4/30/2020 p:    1231    5405 e: -77.2 r:  13.8   
US_Virginia_Loudoun=Confirmed i:  99  35  31          . p:    1465    5405 e: -72.9 r:  15.4   
US_Virginia_Loudoun=Confirmed i: 100  36  32   5/2/2020 p:    1583    5405 e: -70.7 r:  16.3   
US_Virginia_Loudoun=Confirmed i: 101  37  33          . p:    1817    5405 e: -66.4 r:  17.2   
US_Virginia_Loudoun=Confirmed i: 102  38  34   5/4/2020 p:    1934    5405 e: -64.2 r:  17.8   
US_Virginia_Loudoun=Confirmed i: 103  39  35          . p:    2052    5405 e: -62.0 r:  18.5   
US_Virginia_Loudoun=Confirmed i: 104  40  36   5/6/2020 p:    2052    5405 e: -62.0 r:  19.0   
US_Virginia_Loudoun=Confirmed i: 105  41  37          . p:    2052    5405 e: -62.0 r:  19.3   
US_Virginia_Loudoun=Confirmed i: 106  42  38   5/8/2020 p:    2169    5405 e: -59.9 r:  19.8   
US_Virginia_Loudoun=Confirmed i: 107  43  39          . p:    2169    5405 e: -59.9 r:  20.9   
US_Virginia_Loudoun=Confirmed i: 108  44  40  5/10/2020 p:    2286    5405 e: -57.7 r:  21.4   
US_Virginia_Loudoun=Confirmed i: 109  45  41          . p:    2286    5405 e: -57.7 r:  22.1   
US_Virginia_Loudoun=Confirmed i: 110  46  42  5/12/2020 p:    2286    5405 e: -57.7 r:  22.4   
US_Virginia_Loudoun=Confirmed i: 111  47  43          . p:    2403    5405 e: -55.5 r:  23.7   
US_Virginia_Loudoun=Confirmed i: 112  48  44  5/14/2020 p:    2403    5405 e: -55.5 r:  24.8   
US_Virginia_Loudoun=Confirmed i: 113  49  45          . p:    2521    5405 e: -53.4 r:  25.4   
US_Virginia_Loudoun=Confirmed i: 114  50  46  5/16/2020 p:    2521    5405 e: -53.4 r:  26.5   
US_Virginia_Loudoun=Confirmed i: 115  51  47          . p:    2521    5405 e: -53.4 r:  26.8   
US_Virginia_Loudoun=Confirmed i: 116  52  48  5/18/2020 p:    2638    5405 e: -51.2 r:  27.5   
US_Virginia_Loudoun=Confirmed i: 117  53  49          . p:    2638    5405 e: -51.2 r:  28.3   
US_Virginia_Loudoun=Confirmed i: 118  54  50  5/20/2020 p:    2755    5405 e: -49.0 r:  29.2   
US_Virginia_Loudoun=Confirmed i: 119  55  51          . p:    2872    5405 e: -46.9 r:  31.5   
US_Virginia_Loudoun=Confirmed i: 120  56  52  5/22/2020 p:    3107    5405 e: -42.5 r:  33.4   
US_Virginia_Loudoun=Confirmed i: 121  57  53          . p:    3107    5405 e: -42.5 r:  33.6   
US_Virginia_Loudoun=Confirmed i: 122  58  54  5/24/2020 p:    3224    5405 e: -40.4 r:  33.7   
US_Virginia_Loudoun=Confirmed i: 123  59  55          . p:    3459    5405 e: -36.0 r:  37.9   
US_Virginia_Loudoun=Confirmed i: 124  60  56  5/26/2020 p:    3810    5405 e: -29.5 r:  40.4   
US_Virginia_Loudoun=Confirmed i: 125  61  57          . p:    4162    5405 e: -23.0 r:  42.1   
US_Virginia_Loudoun=Confirmed i: 126  62  58  5/28/2020 p:    4397    5405 e: -18.6 r:  42.9   
US_Virginia_Loudoun=Confirmed i: 127  63  59          . p:    4631    5405 e: -14.3 r:  44.9 OK
US_Virginia_Loudoun=Confirmed i: 128  64  60  5/30/2020 p:    4983    5405 e:  -7.8 r:  46.8 OK
US_Virginia_Loudoun=Confirmed i: 129  65  61          . p:    5218    5405 e:  -3.5 r:  47.6 OK
US_Virginia_Loudoun=Confirmed i: 130  66  62   6/1/2020 p:    5335    5405 e:  -1.3 r:  48.3 OK
US_Virginia_Loudoun=Confirmed i: 131  67  63          . p:    5452    5405 e:   0.9 r:  48.8 OK
US_Virginia_Loudoun=Confirmed i: 132  68  64   6/3/2020 p:    2755    5405 e: -49.0 r:  49.2   
US_Virginia_Loudoun=Confirmed i: 133  69  65          . p:    5687    5405 e:   5.2 r:  51.7 OK
US_Virginia_Loudoun=Confirmed i: 134  70  66   6/5/2020 p:    5804    5405 e:   7.4 r:  52.5 OK
US_Virginia_Loudoun=Confirmed i: 135  71  67          . p:    5921    5405 e:   9.5 r:  54.4 OK
US_Virginia_Loudoun=Confirmed i: 136  72  68   6/7/2020 p:    6038    5405 e:  11.7 r:  57.2 OK
US_Virginia_Loudoun=Confirmed i: 137  73  69          . p:    4631    5405 e: -14.3 r:  58.2 OK
US_Virginia_Loudoun=Confirmed i: 138  74  70   6/9/2020 p:    4631    5405 e: -14.3 r:  58.7 OK
