
  # Process COVID TAB data
p1= 786 il= 138
p1= 779 il= 137
p1= 772 il= 136
p1= 772 il= 135
p1= 772 il= 134
US_Pennsylvania_Montgomery=Deaths nl = 139, n1= 5 s1= 776.2 s2= 602517.8 SD= 5.59999999999875 frac%= 0.721463540324498
US_Pennsylvania_Montgomery=Deaths i:  65  65  -9          . p:     122     776 e: -84.3 r:   0.6   
US_Pennsylvania_Montgomery=Deaths i:  66  66  -8  3/29/2020 p:      12     776 e: -98.5 r:   0.6   
US_Pennsylvania_Montgomery=Deaths i:  67  67  -7          . p:      13     776 e: -98.3 r:   0.6   
US_Pennsylvania_Montgomery=Deaths i:  69  69  -5          . p:      14     776 e: -98.2 r:   1.0   
US_Pennsylvania_Montgomery=Deaths i:  70  70  -4   4/2/2020 p:      13     776 e: -98.3 r:   1.2   
US_Pennsylvania_Montgomery=Deaths i:  71  71  -3          . p:      40     776 e: -94.8 r:   1.4   
US_Pennsylvania_Montgomery=Deaths i:  72  72  -2   4/4/2020 p:     447     776 e: -42.4 r:   2.2   
US_Pennsylvania_Montgomery=Deaths i:  73  73  -1          . p:     528     776 e: -32.0 r:   2.3   
US_Pennsylvania_Montgomery=Deaths i:  74  74   0   4/6/2020 p:      13     776 e: -98.3 r:   2.3   
US_Pennsylvania_Montgomery=Deaths i:  77  77   3          . p:      67     776 e: -91.4 r:   4.8   
US_Pennsylvania_Montgomery=Deaths i:  78  78   4  4/10/2020 p:     122     776 e: -84.3 r:   6.4   
US_Pennsylvania_Montgomery=Deaths i:  79  79   5          . p:     122     776 e: -84.3 r:   7.7   
US_Pennsylvania_Montgomery=Deaths i:  80  80   6  4/12/2020 p:      94     776 e: -87.9 r:   8.1   
US_Pennsylvania_Montgomery=Deaths i:  81  81   7          . p:      67     776 e: -91.4 r:   8.4   
US_Pennsylvania_Montgomery=Deaths i:  82  82   8  4/14/2020 p:     122     776 e: -84.3 r:   9.8   
US_Pennsylvania_Montgomery=Deaths i:  83  83   9          . p:     122     776 e: -84.3 r:  10.6   
US_Pennsylvania_Montgomery=Deaths i:  84  84  10  4/16/2020 p:     149     776 e: -80.8 r:  11.5   
US_Pennsylvania_Montgomery=Deaths i:  85  85  11          . p:     149     776 e: -80.8 r:  12.5   
US_Pennsylvania_Montgomery=Deaths i:  86  86  12  4/18/2020 p:     203     776 e: -73.8 r:  13.7   
US_Pennsylvania_Montgomery=Deaths i:  87  87  13          . p:       0     776 e: -100.0 r:  21.1   
US_Pennsylvania_Montgomery=Deaths i:  90  90  16  4/22/2020 p:     284     776 e: -63.4 r:  29.6   
US_Pennsylvania_Montgomery=Deaths i:  91  91  17          . p:     230     776 e: -70.4 r:  29.6   
US_Pennsylvania_Montgomery=Deaths i:  92  92  18  4/24/2020 p:     203     776 e: -73.8 r:  26.8   
US_Pennsylvania_Montgomery=Deaths i:  93  93  19          . p:     230     776 e: -70.4 r:  27.6   
US_Pennsylvania_Montgomery=Deaths i:  94  94  20  4/26/2020 p:     230     776 e: -70.4 r:  28.0   
US_Pennsylvania_Montgomery=Deaths i:  95  95  21          . p:       0     776 e: -100.0 r:  29.9   
US_Pennsylvania_Montgomery=Deaths i:  96  96  22  4/28/2020 p:    1704     776 e: 119.5 r:  32.1   
US_Pennsylvania_Montgomery=Deaths i:  97  97  23          . p:    1808     776 e: 132.9 r:  42.4   
US_Pennsylvania_Montgomery=Deaths i:  98  98  24  4/30/2020 p:    1844     776 e: 137.6 r:  45.2   
US_Pennsylvania_Montgomery=Deaths i:  99  99  25          . p:    2047     776 e: 163.7 r:  46.6   
US_Pennsylvania_Montgomery=Deaths i: 100 100  26   5/2/2020 p:     366     776 e: -52.8 r:  47.5   
US_Pennsylvania_Montgomery=Deaths i: 101 101  27          . p:     396     776 e: -49.0 r:  49.1   
US_Pennsylvania_Montgomery=Deaths i: 102 102  28   5/4/2020 p:     392     776 e: -49.5 r:  49.2   
US_Pennsylvania_Montgomery=Deaths i: 103 103  29          . p:    1524     776 e:  96.3 r:  57.1   
US_Pennsylvania_Montgomery=Deaths i: 104 104  30   5/6/2020 p:    1535     776 e:  97.8 r:  60.7   
US_Pennsylvania_Montgomery=Deaths i: 105 105  31          . p:    1559     776 e: 100.9 r:  65.2   
US_Pennsylvania_Montgomery=Deaths i: 106 106  32   5/8/2020 p:    1584     776 e: 104.1 r:  66.3   
US_Pennsylvania_Montgomery=Deaths i: 107 107  33          . p:    1292     776 e:  66.5 r:  67.4   
US_Pennsylvania_Montgomery=Deaths i: 108 108  34  5/10/2020 p:     523     776 e: -32.6 r:  67.6   
US_Pennsylvania_Montgomery=Deaths i: 109 109  35          . p:     528     776 e: -32.0 r:  67.6   
US_Pennsylvania_Montgomery=Deaths i: 110 110  36  5/12/2020 p:     544     776 e: -29.9 r:  68.8   
US_Pennsylvania_Montgomery=Deaths i: 111 111  37          . p:     632     776 e: -18.6 r:  71.6   
US_Pennsylvania_Montgomery=Deaths i: 112 112  38  5/14/2020 p:    1038     776 e:  33.7 r:  75.6   
US_Pennsylvania_Montgomery=Deaths i: 113 113  39          . p:    1043     776 e:  34.4 r:  78.3   
US_Pennsylvania_Montgomery=Deaths i: 114 114  40  5/16/2020 p:    1016     776 e:  30.9 r:  79.1   
US_Pennsylvania_Montgomery=Deaths i: 115 115  41          . p:     989     776 e:  27.4 r:  79.9   
US_Pennsylvania_Montgomery=Deaths i: 116 116  42  5/18/2020 p:     571     776 e: -26.4 r:  72.9   
US_Pennsylvania_Montgomery=Deaths i: 117 117  43          . p:     581     776 e: -25.1 r:  74.1   
US_Pennsylvania_Montgomery=Deaths i: 118 118  44  5/20/2020 p:     982     776 e:  26.5 r:  76.8   
US_Pennsylvania_Montgomery=Deaths i: 119 119  45          . p:     614     776 e: -20.9 r:  78.2   
US_Pennsylvania_Montgomery=Deaths i: 120   0  46  5/22/2020 p:     732     776 e:  -5.7 r:  79.7 OK 1st
US_Pennsylvania_Montgomery=Deaths i: 121   1  47          . p:     710     776 e:  -8.5 r:  81.6 OK
US_Pennsylvania_Montgomery=Deaths i: 122   2  48  5/24/2020 p:     689     776 e: -11.2 r:  81.6 OK
US_Pennsylvania_Montgomery=Deaths i: 123   3  49          . p:     845     776 e:   8.9 r:  81.6 OK
US_Pennsylvania_Montgomery=Deaths i: 124   4  50  5/26/2020 p:     639     776 e: -17.7 r:  81.8   
US_Pennsylvania_Montgomery=Deaths i: 125   5  51          . p:     651     776 e: -16.1 r:  83.0   
US_Pennsylvania_Montgomery=Deaths i: 126   6  52  5/28/2020 p:     799     776 e:   2.9 r:  84.5 OK
US_Pennsylvania_Montgomery=Deaths i: 127   7  53          . p:     718     776 e:  -7.5 r:  86.8 OK
US_Pennsylvania_Montgomery=Deaths i: 128   8  54  5/30/2020 p:     772     776 e:  -0.5 r:  87.9 OK
US_Pennsylvania_Montgomery=Deaths i: 129   9  55          . p:     745     776 e:  -4.0 r:  88.1 OK
US_Pennsylvania_Montgomery=Deaths i: 130  10  56   6/1/2020 p:     772     776 e:  -0.5 r:  88.4 OK
US_Pennsylvania_Montgomery=Deaths i: 131  11  57          . p:     772     776 e:  -0.5 r:  89.7 OK
US_Pennsylvania_Montgomery=Deaths i: 132  12  58   6/3/2020 p:     772     776 e:  -0.5 r:  90.4 OK
US_Pennsylvania_Montgomery=Deaths i: 133  13  59          . p:     772     776 e:  -0.5 r:  91.9 OK
US_Pennsylvania_Montgomery=Deaths i: 134  14  60   6/5/2020 p:     772     776 e:  -0.5 r:  92.9 OK
US_Pennsylvania_Montgomery=Deaths i: 135  15  61          . p:     772     776 e:  -0.5 r:  93.3 OK
US_Pennsylvania_Montgomery=Deaths i: 136  16  62   6/7/2020 p:     772     776 e:  -0.5 r:  93.4 OK
US_Pennsylvania_Montgomery=Deaths i: 137  17  63          . p:     779     776 e:   0.4 r:  93.7 OK
US_Pennsylvania_Montgomery=Deaths i: 138  18  64   6/9/2020 p:     786     776 e:   1.3 r:  94.6 OK
