
  # Process COVID TAB data
p1= 602 il= 138
p1= 602 il= 137
p1= 602 il= 136
p1= 602 il= 135
p1= 602 il= 134
Denmark=Deaths nl = 139, n1= 5 s1= 602 s2= 362404 SD= 0 frac%= 0
Denmark=Deaths i:  57  57  -2          . p:      98     602 e: -83.7 r:   1.5   
Denmark=Deaths i:  58  58  -1  3/21/2020 p:    1412     602 e: 134.6 r:   2.2   
Denmark=Deaths i:  59  59   0          . p:     230     602 e: -61.8 r:   2.2   
Denmark=Deaths i:  62   0   3  3/25/2020 p:     514     602 e: -14.6 r:   5.6 OK 1st
Denmark=Deaths i:  63   1   4          . p:      54     602 e: -91.0 r:   6.8   
Denmark=Deaths i:  64   2   5  3/27/2020 p:      98     602 e: -83.7 r:   8.6   
Denmark=Deaths i:  65   3   6          . p:     230     602 e: -61.8 r:  10.8   
Denmark=Deaths i:  66   4   7  3/29/2020 p:     208     602 e: -65.4 r:  12.0   
Denmark=Deaths i:  67   5   8          . p:      93     602 e: -84.6 r:  12.8   
Denmark=Deaths i:  68   6   9  3/31/2020 p:     232     602 e: -61.5 r:  15.0   
Denmark=Deaths i:  69   7  10          . p:     236     602 e: -60.8 r:  17.3   
Denmark=Deaths i:  70   8  11   4/2/2020 p:     361     602 e: -40.0 r:  20.4   
Denmark=Deaths i:  71   9  12          . p:     449     602 e: -25.4 r:  23.1   
Denmark=Deaths i:  72  10  13   4/4/2020 p:     602     602 e:   0.0 r:  26.7 OK
Denmark=Deaths i:  73  11  14          . p:     624     602 e:   3.7 r:  29.7 OK
Denmark=Deaths i:  74  12  15   4/6/2020 p:     251     602 e: -58.3 r:  31.1   
Denmark=Deaths i:  75  13  16          . p:     264     602 e: -56.1 r:  33.7   
Denmark=Deaths i:  76  14  17   4/8/2020 p:     299     602 e: -50.3 r:  36.2   
Denmark=Deaths i:  77  15  18          . p:     580     602 e:  -3.7 r:  39.4 OK
Denmark=Deaths i:  78  16  19  4/10/2020 p:     558     602 e:  -7.3 r:  41.0 OK
Denmark=Deaths i:  79  17  20          . p:     532     602 e: -11.6 r:  43.2 OK
Denmark=Deaths i:  80  18  21  4/12/2020 p:     377     602 e: -37.4 r:  45.3   
Denmark=Deaths i:  81  19  22          . p:     387     602 e: -35.7 r:  47.3   
Denmark=Deaths i:  82  20  23  4/14/2020 p:     492     602 e: -18.3 r:  49.7   
Denmark=Deaths i:  83  21  24          . p:     474     602 e: -21.3 r:  51.3   
Denmark=Deaths i:  84  22  25  4/16/2020 p:     489     602 e: -18.8 r:  53.3   
Denmark=Deaths i:  85  23  26          . p:     486     602 e: -19.3 r:  55.8   
Denmark=Deaths i:  86  24  27  4/18/2020 p:     493     602 e: -18.1 r:  57.5   
Denmark=Deaths i:  87  25  28          . p:     494     602 e: -17.9 r:  59.0   
Denmark=Deaths i:  88  26  29  4/20/2020 p:     490     602 e: -18.6 r:  60.5   
Denmark=Deaths i:  89  27  30          . p:     490     602 e: -18.6 r:  61.5   
Denmark=Deaths i:  90  28  31  4/22/2020 p:     492     602 e: -18.3 r:  63.8   
Denmark=Deaths i:  91  29  32          . p:     492     602 e: -18.3 r:  65.4   
Denmark=Deaths i:  92  30  33  4/24/2020 p:     492     602 e: -18.3 r:  66.9   
Denmark=Deaths i:  93  31  34          . p:     514     602 e: -14.6 r:  69.4 OK
Denmark=Deaths i:  94  32  35  4/26/2020 p:     514     602 e: -14.6 r:  70.1 OK
Denmark=Deaths i:  95  33  36          . p:     521     602 e: -13.5 r:  70.9 OK
Denmark=Deaths i:  96  34  37  4/28/2020 p:     520     602 e: -13.6 r:  72.1 OK
Denmark=Deaths i:  97  35  38          . p:     525     602 e: -12.8 r:  73.6 OK
Denmark=Deaths i:  98  36  39  4/30/2020 p:     536     602 e: -11.0 r:  75.1 OK
Denmark=Deaths i:  99  37  40          . p:     536     602 e: -11.0 r:  76.4 OK
Denmark=Deaths i: 100  38  41   5/2/2020 p:     536     602 e: -11.0 r:  78.9 OK
Denmark=Deaths i: 101  39  42          . p:     558     602 e:  -7.3 r:  80.4 OK
Denmark=Deaths i: 102  40  43   5/4/2020 p:     558     602 e:  -7.3 r:  81.9 OK
Denmark=Deaths i: 103  41  44          . p:     580     602 e:  -3.7 r:  83.6 OK
Denmark=Deaths i: 104  42  45   5/6/2020 p:     580     602 e:  -3.7 r:  84.1 OK
Denmark=Deaths i: 105  43  46          . p:     580     602 e:  -3.7 r:  85.4 OK
Denmark=Deaths i: 106  44  47   5/8/2020 p:     583     602 e:  -3.2 r:  86.7 OK
Denmark=Deaths i: 107  45  48          . p:     593     602 e:  -1.5 r:  87.4 OK
Denmark=Deaths i: 108  46  49  5/10/2020 p:     592     602 e:  -1.7 r:  87.9 OK
Denmark=Deaths i: 109  47  50          . p:     599     602 e:  -0.5 r:  88.5 OK
Denmark=Deaths i: 110  48  51  5/12/2020 p:     592     602 e:  -1.7 r:  87.5 OK
Denmark=Deaths i: 111  49  52          . p:     593     602 e:  -1.5 r:  88.5 OK
Denmark=Deaths i: 112  50  53  5/14/2020 p:     592     602 e:  -1.7 r:  89.2 OK
Denmark=Deaths i: 113  51  54          . p:     545     602 e:  -9.5 r:  89.2 OK
Denmark=Deaths i: 114  52  55  5/16/2020 p:     602     602 e:   0.0 r:  90.2 OK
Denmark=Deaths i: 115  53  56          . p:     602     602 e:   0.0 r:  90.9 OK
Denmark=Deaths i: 116  54  57  5/18/2020 p:     602     602 e:   0.0 r:  91.0 OK
Denmark=Deaths i: 117  55  58          . p:     602     602 e:   0.0 r:  91.5 OK
Denmark=Deaths i: 118  56  59  5/20/2020 p:     580     602 e:  -3.7 r:  92.0 OK
Denmark=Deaths i: 119  57  60          . p:     602     602 e:   0.0 r:  93.2 OK
Denmark=Deaths i: 120  58  61  5/22/2020 p:     602     602 e:   0.0 r:  93.2 OK
Denmark=Deaths i: 121  59  62          . p:     602     602 e:   0.0 r:  93.2 OK
Denmark=Deaths i: 122  60  63  5/24/2020 p:     602     602 e:   0.0 r:  93.4 OK
Denmark=Deaths i: 123  61  64          . p:     593     602 e:  -1.5 r:  93.5 OK
Denmark=Deaths i: 124  62  65  5/26/2020 p:     580     602 e:  -3.7 r:  93.5 OK
Denmark=Deaths i: 125  63  66          . p:     580     602 e:  -3.7 r:  93.9 OK
Denmark=Deaths i: 126  64  67  5/28/2020 p:     587     602 e:  -2.5 r:  94.4 OK
Denmark=Deaths i: 127  65  68          . p:     580     602 e:  -3.7 r:  94.4 OK
Denmark=Deaths i: 128  66  69  5/30/2020 p:     580     602 e:  -3.7 r:  94.9 OK
Denmark=Deaths i: 129  67  70          . p:     580     602 e:  -3.7 r:  95.3 OK
Denmark=Deaths i: 130  68  71   6/1/2020 p:     602     602 e:   0.0 r:  95.7 OK
Denmark=Deaths i: 131  69  72          . p:     602     602 e:   0.0 r:  96.3 OK
Denmark=Deaths i: 132  70  73   6/3/2020 p:     602     602 e:   0.0 r:  96.3 OK
Denmark=Deaths i: 133  71  74          . p:     602     602 e:   0.0 r:  96.7 OK
Denmark=Deaths i: 134  72  75   6/5/2020 p:     602     602 e:   0.0 r:  97.3 OK
Denmark=Deaths i: 135  73  76          . p:     602     602 e:   0.0 r:  97.5 OK
Denmark=Deaths i: 136  74  77   6/7/2020 p:     602     602 e:   0.0 r:  97.8 OK
Denmark=Deaths i: 137  75  78          . p:     602     602 e:   0.0 r:  98.5 OK
Denmark=Deaths i: 138  76  79   6/9/2020 p:     602     602 e:   0.0 r:  98.5 OK
