
  # Process COVID TAB data
p1= 667 il= 138
p1= 667 il= 137
p1= 667 il= 136
p1= 667 il= 135
p1= 667 il= 134
US_New_York_Rockland=Deaths nl = 139, n1= 5 s1= 667 s2= 444889 SD= 0 frac%= 0
US_New_York_Rockland=Deaths i:  65  65  -5          . p:      11     667 e: -98.4 r:   1.2   
US_New_York_Rockland=Deaths i:  66  66  -4  3/29/2020 p:      12     667 e: -98.2 r:   1.2   
US_New_York_Rockland=Deaths i:  67  67  -3          . p:      12     667 e: -98.2 r:   1.2   
US_New_York_Rockland=Deaths i:  69  69  -1          . p:       0     667 e: -100.0 r:   2.7   
US_New_York_Rockland=Deaths i:  70  70   0   4/2/2020 p:      60     667 e: -91.0 r:   2.7   
US_New_York_Rockland=Deaths i:  73   0   3          . p:     667     667 e:   0.0 r:  10.3 OK 1st
US_New_York_Rockland=Deaths i:  74   1   4   4/6/2020 p:    1055     667 e:  58.2 r:  17.8   
US_New_York_Rockland=Deaths i:  75   2   5          . p:     230     667 e: -65.5 r:  20.2   
US_New_York_Rockland=Deaths i:  76   3   6   4/8/2020 p:     206     667 e: -69.1 r:  23.1   
US_New_York_Rockland=Deaths i:  77   4   7          . p:     230     667 e: -65.5 r:  25.8   
US_New_York_Rockland=Deaths i:  78   5   8  4/10/2020 p:     303     667 e: -54.6 r:  30.0   
US_New_York_Rockland=Deaths i:  79   6   9          . p:     254     667 e: -61.9 r:  30.0   
US_New_York_Rockland=Deaths i:  80   7  10  4/12/2020 p:     254     667 e: -61.9 r:  30.0   
US_New_York_Rockland=Deaths i:  81   8  11          . p:     327     667 e: -51.0 r:  36.1   
US_New_York_Rockland=Deaths i:  82   9  12  4/14/2020 p:     327     667 e: -51.0 r:  39.4   
US_New_York_Rockland=Deaths i:  83  10  13          . p:     400     667 e: -40.0 r:  44.7   
US_New_York_Rockland=Deaths i:  84  11  14  4/16/2020 p:     448     667 e: -32.8 r:  47.8   
US_New_York_Rockland=Deaths i:  85  12  15          . p:     424     667 e: -36.4 r:  47.8   
US_New_York_Rockland=Deaths i:  86  13  16  4/18/2020 p:     424     667 e: -36.4 r:  50.1   
US_New_York_Rockland=Deaths i:  87  14  17          . p:     351     667 e: -47.4 r:  50.1   
US_New_York_Rockland=Deaths i:  88  15  18  4/20/2020 p:     400     667 e: -40.0 r:  50.1   
US_New_York_Rockland=Deaths i:  89  16  19          . p:     521     667 e: -21.9 r:  60.1   
US_New_York_Rockland=Deaths i:  90  17  20  4/22/2020 p:     546     667 e: -18.1 r:  62.7   
US_New_York_Rockland=Deaths i:  91  18  21          . p:     570     667 e: -14.5 r:  65.4 OK
US_New_York_Rockland=Deaths i:  92  19  22  4/24/2020 p:     618     667 e:  -7.3 r:  67.9 OK
US_New_York_Rockland=Deaths i:  93  20  23          . p:     618     667 e:  -7.3 r:  67.9 OK
US_New_York_Rockland=Deaths i:  94  21  24  4/26/2020 p:     473     667 e: -29.1 r:  67.9   
US_New_York_Rockland=Deaths i:  95  22  25          . p:     570     667 e: -14.5 r:  72.1 OK
US_New_York_Rockland=Deaths i:  96  23  26  4/28/2020 p:     570     667 e: -14.5 r:  72.1 OK
US_New_York_Rockland=Deaths i:  97  24  27          . p:     570     667 e: -14.5 r:  75.0 OK
US_New_York_Rockland=Deaths i:  98  25  28  4/30/2020 p:     618     667 e:  -7.3 r:  76.6 OK
US_New_York_Rockland=Deaths i:  99  26  29          . p:     618     667 e:  -7.3 r:  77.8 OK
US_New_York_Rockland=Deaths i: 100  27  30   5/2/2020 p:     583     667 e: -12.6 r:  77.8 OK
US_New_York_Rockland=Deaths i: 101  28  31          . p:     588     667 e: -11.8 r:  77.8 OK
US_New_York_Rockland=Deaths i: 102  29  32   5/4/2020 p:     594     667 e: -10.9 r:  80.4 OK
US_New_York_Rockland=Deaths i: 103  30  33          . p:     618     667 e:  -7.3 r:  82.6 OK
US_New_York_Rockland=Deaths i: 104  31  34   5/6/2020 p:     618     667 e:  -7.3 r:  82.6 OK
US_New_York_Rockland=Deaths i: 105  32  35          . p:     618     667 e:  -7.3 r:  83.5 OK
US_New_York_Rockland=Deaths i: 106  33  36   5/8/2020 p:     619     667 e:  -7.2 r:  84.3 OK
US_New_York_Rockland=Deaths i: 107  34  37          . p:     612     667 e:  -8.2 r:  84.3 OK
US_New_York_Rockland=Deaths i: 108  35  38  5/10/2020 p:     606     667 e:  -9.1 r:  84.3 OK
US_New_York_Rockland=Deaths i: 109  36  39          . p:     606     667 e:  -9.1 r:  86.4 OK
US_New_York_Rockland=Deaths i: 110  37  40  5/12/2020 p:     618     667 e:  -7.3 r:  87.0 OK
US_New_York_Rockland=Deaths i: 111  38  41          . p:     618     667 e:  -7.3 r:  87.9 OK
US_New_York_Rockland=Deaths i: 112  39  42  5/14/2020 p:     618     667 e:  -7.3 r:  89.1 OK
US_New_York_Rockland=Deaths i: 113  40  43          . p:     643     667 e:  -3.6 r:  90.3 OK
US_New_York_Rockland=Deaths i: 114  41  44  5/16/2020 p:     643     667 e:  -3.6 r:  90.3 OK
US_New_York_Rockland=Deaths i: 115  42  45          . p:     643     667 e:  -3.6 r:  90.3 OK
US_New_York_Rockland=Deaths i: 116  43  46  5/18/2020 p:     643     667 e:  -3.6 r:  90.3 OK
US_New_York_Rockland=Deaths i: 117  44  47          . p:     644     667 e:  -3.4 r:  91.6 OK
US_New_York_Rockland=Deaths i: 118  45  48  5/20/2020 p:     644     667 e:  -3.4 r:  91.6 OK
US_New_York_Rockland=Deaths i: 119  46  49          . p:     641     667 e:  -3.9 r:  91.6 OK
US_New_York_Rockland=Deaths i: 120  47  50  5/22/2020 p:     630     667 e:  -5.5 r:  91.6 OK
US_New_York_Rockland=Deaths i: 121  48  51          . p:     643     667 e:  -3.6 r:  92.7 OK
US_New_York_Rockland=Deaths i: 122  49  52  5/24/2020 p:     643     667 e:  -3.6 r:  92.7 OK
US_New_York_Rockland=Deaths i: 123  50  53          . p:     638     667 e:  -4.3 r:  92.7 OK
US_New_York_Rockland=Deaths i: 124  51  54  5/26/2020 p:     643     667 e:  -3.6 r:  92.7 OK
US_New_York_Rockland=Deaths i: 125  52  55          . p:     643     667 e:  -3.6 r:  93.9 OK
US_New_York_Rockland=Deaths i: 126  53  56  5/28/2020 p:     643     667 e:  -3.6 r:  93.9 OK
US_New_York_Rockland=Deaths i: 127  54  57          . p:     643     667 e:  -3.6 r:  94.6 OK
US_New_York_Rockland=Deaths i: 128  55  58  5/30/2020 p:     643     667 e:  -3.6 r:  94.6 OK
US_New_York_Rockland=Deaths i: 129  56  59          . p:     643     667 e:  -3.6 r:  94.6 OK
US_New_York_Rockland=Deaths i: 132  59  62   6/3/2020 p:    1298     667 e:  94.6 r:  96.9   
US_New_York_Rockland=Deaths i: 133  60  63          . p:     691     667 e:   3.6 r:  98.2 OK
US_New_York_Rockland=Deaths i: 134  61  64   6/5/2020 p:     667     667 e:   0.0 r:  98.2 OK
US_New_York_Rockland=Deaths i: 135  62  65          . p:     667     667 e:   0.0 r:  98.2 OK
US_New_York_Rockland=Deaths i: 136  63  66   6/7/2020 p:     667     667 e:   0.0 r:  98.5 OK
US_New_York_Rockland=Deaths i: 137  64  67          . p:     667     667 e:   0.0 r:  98.5 OK
US_New_York_Rockland=Deaths i: 138  65  68   6/9/2020 p:     667     667 e:   0.0 r:  98.5 OK
