
  # Process COVID TAB data
p1= 3873 il= 138
p1= 3873 il= 137
p1= 3873 il= 136
p1= 3742 il= 135
p1= 3742 il= 134
US_Pennsylvania_Lancaster=Confirmed nl = 139, n1= 5 s1= 3820.6 s2= 14601103 SD= 64.1766312609239 frac%= 1.67975268965408
US_Pennsylvania_Lancaster=Confirmed i:  61  61  -6          . p:       0    3820 e: -100.0 r:   0.3   
US_Pennsylvania_Lancaster=Confirmed i:  62  62  -5  3/25/2020 p:      67    3820 e: -98.2 r:   0.3   
US_Pennsylvania_Lancaster=Confirmed i:  65  65  -2          . p:    2429    3820 e: -36.4 r:   1.2   
US_Pennsylvania_Lancaster=Confirmed i:  66  66  -1  3/29/2020 p:    7943    3820 e: 107.9 r:   1.8   
US_Pennsylvania_Lancaster=Confirmed i:  67  67   0          . p:    2822    3820 e: -26.1 r:   2.5   
US_Pennsylvania_Lancaster=Confirmed i:  68  68   1  3/31/2020 p:    1378    3820 e: -63.9 r:   3.2   
US_Pennsylvania_Lancaster=Confirmed i:  69  69   2          . p:     984    3820 e: -74.2 r:   4.1   
US_Pennsylvania_Lancaster=Confirmed i:  70  70   3   4/2/2020 p:    3216    3820 e: -15.8 r:   5.3   
US_Pennsylvania_Lancaster=Confirmed i:  71  71   4          . p:     590    3820 e: -84.6 r:   6.1   
US_Pennsylvania_Lancaster=Confirmed i:  72  72   5   4/4/2020 p:    1247    3820 e: -67.4 r:   7.6   
US_Pennsylvania_Lancaster=Confirmed i:  73  73   6          . p:    2429    3820 e: -36.4 r:   9.7   
US_Pennsylvania_Lancaster=Confirmed i:  74  74   7   4/6/2020 p:    1903    3820 e: -50.2 r:  10.7   
US_Pennsylvania_Lancaster=Confirmed i:  75  75   8          . p:    2255    3820 e: -41.0 r:  12.8   
US_Pennsylvania_Lancaster=Confirmed i:  76  76   9   4/8/2020 p:    2325    3820 e: -39.1 r:  14.7   
US_Pennsylvania_Lancaster=Confirmed i:  77  77  10          . p:    1842    3820 e: -51.8 r:  15.6   
US_Pennsylvania_Lancaster=Confirmed i:  78  78  11  4/10/2020 p:     887    3820 e: -76.8 r:  17.0   
US_Pennsylvania_Lancaster=Confirmed i:  79  79  12          . p:     952    3820 e: -75.1 r:  18.3   
US_Pennsylvania_Lancaster=Confirmed i:  80  80  13  4/12/2020 p:    1447    3820 e: -62.1 r:  20.2   
US_Pennsylvania_Lancaster=Confirmed i:  81  81  14          . p:    1509    3820 e: -60.5 r:  21.7   
US_Pennsylvania_Lancaster=Confirmed i:  82  82  15  4/14/2020 p:    1424    3820 e: -62.7 r:  22.6   
US_Pennsylvania_Lancaster=Confirmed i:  83  83  16          . p:    1399    3820 e: -63.4 r:  23.9   
US_Pennsylvania_Lancaster=Confirmed i:  84  84  17  4/16/2020 p:    1403    3820 e: -63.3 r:  25.4   
US_Pennsylvania_Lancaster=Confirmed i:  85  85  18          . p:    1509    3820 e: -60.5 r:  27.0   
US_Pennsylvania_Lancaster=Confirmed i:  86  86  19  4/18/2020 p:    1641    3820 e: -57.0 r:  29.1   
US_Pennsylvania_Lancaster=Confirmed i:  87  87  20          . p:    1772    3820 e: -53.6 r:  31.1   
US_Pennsylvania_Lancaster=Confirmed i:  88  88  21  4/20/2020 p:    1772    3820 e: -53.6 r:  32.4   
US_Pennsylvania_Lancaster=Confirmed i:  89  89  22          . p:    1903    3820 e: -50.2 r:  33.9   
US_Pennsylvania_Lancaster=Confirmed i:  90  90  23  4/22/2020 p:    1849    3820 e: -51.6 r:  34.7   
US_Pennsylvania_Lancaster=Confirmed i:  91  91  24          . p:    1854    3820 e: -51.5 r:  35.6   
US_Pennsylvania_Lancaster=Confirmed i:  92  92  25  4/24/2020 p:    1911    3820 e: -50.0 r:  38.0   
US_Pennsylvania_Lancaster=Confirmed i:  93  93  26          . p:    1971    3820 e: -48.4 r:  39.3   
US_Pennsylvania_Lancaster=Confirmed i:  94  94  27  4/26/2020 p:    2035    3820 e: -46.7 r:  41.3   
US_Pennsylvania_Lancaster=Confirmed i:  95  95  28          . p:    2166    3820 e: -43.3 r:  42.7   
US_Pennsylvania_Lancaster=Confirmed i:  96  96  29  4/28/2020 p:    2166    3820 e: -43.3 r:  43.9   
US_Pennsylvania_Lancaster=Confirmed i:  97  97  30          . p:    2176    3820 e: -43.0 r:  44.6   
US_Pennsylvania_Lancaster=Confirmed i:  98  98  31  4/30/2020 p:    2224    3820 e: -41.8 r:  46.2   
US_Pennsylvania_Lancaster=Confirmed i:  99  99  32          . p:    2263    3820 e: -40.8 r:  47.6   
US_Pennsylvania_Lancaster=Confirmed i: 100 100  33   5/2/2020 p:    3216    3820 e: -15.8 r:  49.8   
US_Pennsylvania_Lancaster=Confirmed i: 101 101  34          . p:    2429    3820 e: -36.4 r:  50.7   
US_Pennsylvania_Lancaster=Confirmed i: 102 102  35   5/4/2020 p:    2429    3820 e: -36.4 r:  52.1   
US_Pennsylvania_Lancaster=Confirmed i: 103 103  36          . p:    2449    3820 e: -35.9 r:  52.8   
US_Pennsylvania_Lancaster=Confirmed i: 104 104  37   5/6/2020 p:    2476    3820 e: -35.2 r:  53.4   
US_Pennsylvania_Lancaster=Confirmed i: 105 105  38          . p:    3035    3820 e: -20.6 r:  54.2   
US_Pennsylvania_Lancaster=Confirmed i: 106 106  39   5/8/2020 p:    2506    3820 e: -34.4 r:  55.5   
US_Pennsylvania_Lancaster=Confirmed i: 107 107  40          . p:    2560    3820 e: -33.0 r:  57.2   
US_Pennsylvania_Lancaster=Confirmed i: 108 108  41  5/10/2020 p:    3085    3820 e: -19.3 r:  58.2   
US_Pennsylvania_Lancaster=Confirmed i: 109 109  42          . p:    3085    3820 e: -19.3 r:  59.0   
US_Pennsylvania_Lancaster=Confirmed i: 110 110  43  5/12/2020 p:    3085    3820 e: -19.3 r:  60.1   
US_Pennsylvania_Lancaster=Confirmed i: 111 111  44          . p:    3085    3820 e: -19.3 r:  60.9   
US_Pennsylvania_Lancaster=Confirmed i: 112 112  45  5/14/2020 p:    3100    3820 e: -18.9 r:  61.9   
US_Pennsylvania_Lancaster=Confirmed i: 113 113  46          . p:    3216    3820 e: -15.8 r:  63.6   
US_Pennsylvania_Lancaster=Confirmed i: 114 114  47  5/16/2020 p:    3216    3820 e: -15.8 r:  64.6   
US_Pennsylvania_Lancaster=Confirmed i: 115 115  48          . p:    3216    3820 e: -15.8 r:  65.6   
US_Pennsylvania_Lancaster=Confirmed i: 116   0  49  5/18/2020 p:    3348    3820 e: -12.4 r:  66.8 OK 1st
US_Pennsylvania_Lancaster=Confirmed i: 117   1  50          . p:    2954    3820 e: -22.7 r:  67.9   
US_Pennsylvania_Lancaster=Confirmed i: 118   2  51  5/20/2020 p:    2919    3820 e: -23.6 r:  68.0   
US_Pennsylvania_Lancaster=Confirmed i: 119   3  52          . p:    3479    3820 e:  -8.9 r:  70.4 OK
US_Pennsylvania_Lancaster=Confirmed i: 120   4  53  5/22/2020 p:    3085    3820 e: -19.3 r:  71.6   
US_Pennsylvania_Lancaster=Confirmed i: 121   5  54          . p:    3085    3820 e: -19.3 r:  73.0   
US_Pennsylvania_Lancaster=Confirmed i: 122   6  55  5/24/2020 p:    3216    3820 e: -15.8 r:  74.7   
US_Pennsylvania_Lancaster=Confirmed i: 123   7  56          . p:    3216    3820 e: -15.8 r:  75.8   
US_Pennsylvania_Lancaster=Confirmed i: 124   8  57  5/26/2020 p:    3348    3820 e: -12.4 r:  78.1 OK
US_Pennsylvania_Lancaster=Confirmed i: 125   9  58          . p:    3479    3820 e:  -8.9 r:  79.3 OK
US_Pennsylvania_Lancaster=Confirmed i: 126  10  59  5/28/2020 p:    3479    3820 e:  -8.9 r:  80.0 OK
US_Pennsylvania_Lancaster=Confirmed i: 127  11  60          . p:    3479    3820 e:  -8.9 r:  81.3 OK
US_Pennsylvania_Lancaster=Confirmed i: 128  12  61  5/30/2020 p:    3610    3820 e:  -5.5 r:  82.0 OK
US_Pennsylvania_Lancaster=Confirmed i: 129  13  62          . p:    3610    3820 e:  -5.5 r:  82.7 OK
US_Pennsylvania_Lancaster=Confirmed i: 130  14  63   6/1/2020 p:    3610    3820 e:  -5.5 r:  83.5 OK
US_Pennsylvania_Lancaster=Confirmed i: 131  15  64          . p:    3610    3820 e:  -5.5 r:  84.2 OK
US_Pennsylvania_Lancaster=Confirmed i: 132  16  65   6/3/2020 p:    3610    3820 e:  -5.5 r:  85.5 OK
US_Pennsylvania_Lancaster=Confirmed i: 133  17  66          . p:    3610    3820 e:  -5.5 r:  86.4 OK
US_Pennsylvania_Lancaster=Confirmed i: 134  18  67   6/5/2020 p:    3742    3820 e:  -2.1 r:  87.3 OK
US_Pennsylvania_Lancaster=Confirmed i: 135  19  68          . p:    3742    3820 e:  -2.1 r:  89.1 OK
US_Pennsylvania_Lancaster=Confirmed i: 136  20  69   6/7/2020 p:    3873    3820 e:   1.4 r:  90.6 OK
US_Pennsylvania_Lancaster=Confirmed i: 137  21  70          . p:    3873    3820 e:   1.4 r:  91.7 OK
US_Pennsylvania_Lancaster=Confirmed i: 138  22  71   6/9/2020 p:    3873    3820 e:   1.4 r:  93.0 OK
