
  # Process COVID TAB data
p1= 43022 il= 138
p1= 42381 il= 137
p1= 43047 il= 136
p1= 43047 il= 135
p1= 41536 il= 134
United_Kingdom=Deaths nl = 139, n1= 5 s1= 42606.6 s2= 1815673871.8 SD= 592.881303466393 frac%= 1.39152456066993
United_Kingdom=Deaths i:  49  49  -1          . p:     748   42606 e: -98.2 r:   0.0   
United_Kingdom=Deaths i:  54  54   4  3/17/2020 p:     755   42606 e: -98.2 r:   0.2   
United_Kingdom=Deaths i:  55  55   5          . p:     755   42606 e: -98.2 r:   0.3   
United_Kingdom=Deaths i:  56  56   6  3/19/2020 p:     755   42606 e: -98.2 r:   0.4   
United_Kingdom=Deaths i:  57  57   7          . p:     755   42606 e: -98.2 r:   0.5   
United_Kingdom=Deaths i:  58  58   8  3/21/2020 p:     755   42606 e: -98.2 r:   0.6   
United_Kingdom=Deaths i:  59  59   9          . p:     755   42606 e: -98.2 r:   0.7   
United_Kingdom=Deaths i:  60  60  10  3/23/2020 p:    1815   42606 e: -95.7 r:   0.8   
United_Kingdom=Deaths i:  61  61  11          . p:    2265   42606 e: -94.7 r:   1.2   
United_Kingdom=Deaths i:  62  62  12  3/25/2020 p:    6796   42606 e: -84.0 r:   1.6   
United_Kingdom=Deaths i:  63  63  13          . p:   12838   42606 e: -69.9 r:   2.1   
United_Kingdom=Deaths i:  64  64  14  3/27/2020 p:   27942   42606 e: -34.4 r:   2.7   
United_Kingdom=Deaths i:  65  65  15          . p:   15859   42606 e: -62.8 r:   3.4   
United_Kingdom=Deaths i:  66  66  16  3/29/2020 p:    5286   42606 e: -87.6 r:   3.9   
United_Kingdom=Deaths i:  67  67  17          . p:    8307   42606 e: -80.5 r:   4.8   
United_Kingdom=Deaths i:  68  68  18  3/31/2020 p:    9817   42606 e: -77.0 r:   5.7   
United_Kingdom=Deaths i:  69  69  19          . p:   26432   42606 e: -38.0 r:   7.3   
United_Kingdom=Deaths i:  70  70  20   4/2/2020 p:   56641   42606 e:  32.9 r:   8.8   
United_Kingdom=Deaths i:  71  71  21          . p:   88360   42606 e: 107.4 r:  10.5   
United_Kingdom=Deaths i:  72  72  22   4/4/2020 p:       0   42606 e: -100.0 r:  12.3   
United_Kingdom=Deaths i:  73  73  23          . p:   12838   42606 e: -69.9 r:  13.8   
United_Kingdom=Deaths i:  74  74  24   4/6/2020 p:   91381   42606 e: 114.5 r:  15.1   
United_Kingdom=Deaths i:  75  75  25          . p:       0   42606 e: -100.0 r:  17.5   
United_Kingdom=Deaths i:  76  76  26   4/8/2020 p:   24922   42606 e: -41.5 r:  20.0   
United_Kingdom=Deaths i:  77  77  27          . p:   65703   42606 e:  54.2 r:  22.6   
United_Kingdom=Deaths i:  78  78  28  4/10/2020 p:   70234   42606 e:  64.8 r:  25.3   
United_Kingdom=Deaths i:  79   0  29          . p:   43047   42606 e:   1.0 r:  27.2 OK 1st
United_Kingdom=Deaths i:  80   1  30  4/12/2020 p:   35797   42606 e: -16.0 r:  28.8   
United_Kingdom=Deaths i:  81   2  31          . p:   16271   42606 e: -61.8 r:  30.6   
United_Kingdom=Deaths i:  82   3  32  4/14/2020 p:   20164   42606 e: -52.7 r:  33.0   
United_Kingdom=Deaths i:  83   4  33          . p:   29453   42606 e: -30.9 r:  35.0   
United_Kingdom=Deaths i:  84   5  34  4/16/2020 p:   29453   42606 e: -30.9 r:  37.4   
United_Kingdom=Deaths i:  85   6  35          . p:   29453   42606 e: -30.9 r:  39.6   
United_Kingdom=Deaths i:  86   7  36  4/18/2020 p:   32474   42606 e: -23.8 r:  42.2   
United_Kingdom=Deaths i:  87   8  37          . p:   32025   42606 e: -24.8 r:  43.4   
United_Kingdom=Deaths i:  88   9  38  4/20/2020 p:   30580   42606 e: -28.2 r:  44.7   
United_Kingdom=Deaths i:  89  10  39          . p:   31562   42606 e: -25.9 r:  47.5   
United_Kingdom=Deaths i:  90  11  40  4/22/2020 p:   31734   42606 e: -25.5 r:  49.4   
United_Kingdom=Deaths i:  91  12  41          . p:   32474   42606 e: -23.8 r:  51.1   
United_Kingdom=Deaths i:  92  13  42  4/24/2020 p:   33984   42606 e: -20.2 r:  53.5   
United_Kingdom=Deaths i:  93  14  43          . p:   35495   42606 e: -16.7 r:  55.5   
United_Kingdom=Deaths i:  94  15  44  4/26/2020 p:   35221   42606 e: -17.3 r:  56.5   
United_Kingdom=Deaths i:  95  16  45          . p:   34569   42606 e: -18.9 r:  57.3   
United_Kingdom=Deaths i:  96  17  46  4/28/2020 p:   34451   42606 e: -19.1 r:  59.4   
United_Kingdom=Deaths i:  97  18  47          . p:   35187   42606 e: -17.4 r:  61.3   
United_Kingdom=Deaths i:  98  19  48  4/30/2020 p:   35495   42606 e: -16.7 r:  62.8   
United_Kingdom=Deaths i:  99  20  49          . p:   35495   42606 e: -16.7 r:  64.6   
United_Kingdom=Deaths i: 100  21  50   5/2/2020 p:   37005   42606 e: -13.1 r:  66.0 OK
United_Kingdom=Deaths i: 101  22  51          . p:   36294   42606 e: -14.8 r:  66.8 OK
United_Kingdom=Deaths i: 102  23  52   5/4/2020 p:   36282   42606 e: -14.8 r:  67.4 OK
United_Kingdom=Deaths i: 103  24  53          . p:   36327   42606 e: -14.7 r:  69.1 OK
United_Kingdom=Deaths i: 104  25  54   5/6/2020 p:   36529   42606 e: -14.3 r:  70.6 OK
United_Kingdom=Deaths i: 105  26  55          . p:   37005   42606 e: -13.1 r:  71.9 OK
United_Kingdom=Deaths i: 106  27  56   5/8/2020 p:   37005   42606 e: -13.1 r:  73.3 OK
United_Kingdom=Deaths i: 107  28  57          . p:   40026   42606 e:  -6.1 r:  74.1 OK
United_Kingdom=Deaths i: 108  29  58  5/10/2020 p:   37405   42606 e: -12.2 r:  74.8 OK
United_Kingdom=Deaths i: 109  30  59          . p:   39376   42606 e:  -7.6 r:  75.3 OK
United_Kingdom=Deaths i: 110  31  60  5/12/2020 p:   37789   42606 e: -11.3 r:  76.7 OK
United_Kingdom=Deaths i: 111  32  61          . p:   38122   42606 e: -10.5 r:  77.9 OK
United_Kingdom=Deaths i: 112  33  62  5/14/2020 p:   38515   42606 e:  -9.6 r:  78.9 OK
United_Kingdom=Deaths i: 113  34  63          . p:   38515   42606 e:  -9.6 r:  79.8 OK
United_Kingdom=Deaths i: 114  35  64  5/16/2020 p:   40026   42606 e:  -6.1 r:  80.9 OK
United_Kingdom=Deaths i: 115  36  65          . p:   38977   42606 e:  -8.5 r:  81.3 OK
United_Kingdom=Deaths i: 116  37  66  5/18/2020 p:   38827   42606 e:  -8.9 r:  81.7 OK
United_Kingdom=Deaths i: 117  38  67          . p:   39178   42606 e:  -8.0 r:  82.9 OK
United_Kingdom=Deaths i: 118  39  68  5/20/2020 p:   39352   42606 e:  -7.6 r:  83.8 OK
United_Kingdom=Deaths i: 119  40  69          . p:   40026   42606 e:  -6.1 r:  84.6 OK
United_Kingdom=Deaths i: 120  41  70  5/22/2020 p:   40026   42606 e:  -6.1 r:  85.4 OK
United_Kingdom=Deaths i: 121  42  71          . p:   40026   42606 e:  -6.1 r:  86.1 OK
United_Kingdom=Deaths i: 122  43  72  5/24/2020 p:   40098   42606 e:  -5.9 r:  86.4 OK
United_Kingdom=Deaths i: 123  44  73          . p:   40046   42606 e:  -6.0 r:  86.6 OK
United_Kingdom=Deaths i: 124  45  74  5/26/2020 p:   40104   42606 e:  -5.9 r:  87.0 OK
United_Kingdom=Deaths i: 125  46  75          . p:   40104   42606 e:  -5.9 r:  87.9 OK
United_Kingdom=Deaths i: 126  47  76  5/28/2020 p:   40507   42606 e:  -4.9 r:  88.8 OK
United_Kingdom=Deaths i: 127  48  77          . p:   41536   42606 e:  -2.5 r:  89.6 OK
United_Kingdom=Deaths i: 128  49  78  5/30/2020 p:   41536   42606 e:  -2.5 r:  90.1 OK
United_Kingdom=Deaths i: 129  50  79          . p:   40778   42606 e:  -4.3 r:  90.3 OK
United_Kingdom=Deaths i: 130  51  80   6/1/2020 p:   41536   42606 e:  -2.5 r:  91.6 OK
United_Kingdom=Deaths i: 131  52  81          . p:   41536   42606 e:  -2.5 r:  92.4 OK
United_Kingdom=Deaths i: 132  53  82   6/3/2020 p:   41536   42606 e:  -2.5 r:  93.2 OK
United_Kingdom=Deaths i: 133  54  83          . p:   41536   42606 e:  -2.5 r:  93.7 OK
United_Kingdom=Deaths i: 134  55  84   6/5/2020 p:   41536   42606 e:  -2.5 r:  94.5 OK
United_Kingdom=Deaths i: 135  56  85          . p:   43047   42606 e:   1.0 r:  95.0 OK
United_Kingdom=Deaths i: 136  57  86   6/7/2020 p:   43047   42606 e:   1.0 r:  95.2 OK
United_Kingdom=Deaths i: 137  58  87          . p:   42381   42606 e:  -0.5 r:  95.3 OK
United_Kingdom=Deaths i: 138  59  88   6/9/2020 p:   43022   42606 e:   1.0 r:  96.0 OK
