
  # Process COVID TAB data
p1= 9843 il= 138
p1= 9617 il= 137
p1= 8938 il= 136
p1= 8938 il= 135
p1= 8938 il= 134
US_Tennessee_Davidson=Confirmed nl = 139, n1= 5 s1= 9254.8 s2= 85806974 SD= 394.526247542554 frac%= 4.26293650367975
US_Tennessee_Davidson=Confirmed i:  51  51  -5          . p:     565    9254 e: -93.9 r:   0.2   
US_Tennessee_Davidson=Confirmed i:  52  52  -4  3/15/2020 p:     111    9254 e: -98.8 r:   0.2   
US_Tennessee_Davidson=Confirmed i:  53  53  -3          . p:     112    9254 e: -98.8 r:   0.3   
US_Tennessee_Davidson=Confirmed i:  54  54  -2  3/17/2020 p:     339    9254 e: -96.3 r:   0.5   
US_Tennessee_Davidson=Confirmed i:  55  55  -1          . p:     565    9254 e: -93.9 r:   0.6   
US_Tennessee_Davidson=Confirmed i:  56  56   0  3/19/2020 p:     565    9254 e: -93.9 r:   0.8   
US_Tennessee_Davidson=Confirmed i:  57  57   1          . p:     791    9254 e: -91.5 r:   1.1   
US_Tennessee_Davidson=Confirmed i:  58  58   2  3/21/2020 p:    2375    9254 e: -74.3 r:   1.5   
US_Tennessee_Davidson=Confirmed i:  59  59   3          . p:    3498    9254 e: -62.2 r:   1.6   
US_Tennessee_Davidson=Confirmed i:  60  60   4  3/23/2020 p:     186    9254 e: -98.0 r:   1.8   
US_Tennessee_Davidson=Confirmed i:  61  61   5          . p:    1405    9254 e: -84.8 r:   2.7   
US_Tennessee_Davidson=Confirmed i:  62  62   6  3/25/2020 p:    1165    9254 e: -87.4 r:   2.8   
US_Tennessee_Davidson=Confirmed i:  63  63   7          . p:    1244    9254 e: -86.6 r:   3.2   
US_Tennessee_Davidson=Confirmed i:  64  64   8  3/27/2020 p:     907    9254 e: -90.2 r:   3.4   
US_Tennessee_Davidson=Confirmed i:  65  65   9          . p:     763    9254 e: -91.8 r:   4.1   
US_Tennessee_Davidson=Confirmed i:  66  66  10  3/29/2020 p:     791    9254 e: -91.5 r:   4.3   
US_Tennessee_Davidson=Confirmed i:  67  67  11          . p:     791    9254 e: -91.5 r:   4.8   
US_Tennessee_Davidson=Confirmed i:  68  68  12  3/31/2020 p:    1244    9254 e: -86.6 r:   5.8   
US_Tennessee_Davidson=Confirmed i:  69  69  13          . p:    1697    9254 e: -81.7 r:   7.3   
US_Tennessee_Davidson=Confirmed i:  70  70  14   4/2/2020 p:    1923    9254 e: -79.2 r:   7.3   
US_Tennessee_Davidson=Confirmed i:  71  71  15          . p:    1697    9254 e: -81.7 r:   7.4   
US_Tennessee_Davidson=Confirmed i:  72  72  16   4/4/2020 p:    1697    9254 e: -81.7 r:   8.0   
US_Tennessee_Davidson=Confirmed i:  73  73  17          . p:    1715    9254 e: -81.5 r:   8.7   
US_Tennessee_Davidson=Confirmed i:  74  74  18   4/6/2020 p:    1697    9254 e: -81.7 r:   8.8   
US_Tennessee_Davidson=Confirmed i:  75  75  19          . p:    1697    9254 e: -81.7 r:   9.6   
US_Tennessee_Davidson=Confirmed i:  76  76  20   4/8/2020 p:    1697    9254 e: -81.7 r:  10.2   
US_Tennessee_Davidson=Confirmed i:  77  77  21          . p:    1697    9254 e: -81.7 r:  10.8   
US_Tennessee_Davidson=Confirmed i:  78  78  22  4/10/2020 p:    1697    9254 e: -81.7 r:  11.3   
US_Tennessee_Davidson=Confirmed i:  79  79  23          . p:    1697    9254 e: -81.7 r:  12.0   
US_Tennessee_Davidson=Confirmed i:  80  80  24  4/12/2020 p:    1697    9254 e: -81.7 r:  12.5   
US_Tennessee_Davidson=Confirmed i:  81  81  25          . p:    1923    9254 e: -79.2 r:  13.0   
US_Tennessee_Davidson=Confirmed i:  82  82  26  4/14/2020 p:    1800    9254 e: -80.6 r:  13.4   
US_Tennessee_Davidson=Confirmed i:  83  83  27          . p:    1796    9254 e: -80.6 r:  13.4   
US_Tennessee_Davidson=Confirmed i:  84  84  28  4/16/2020 p:    1849    9254 e: -80.0 r:  13.9   
US_Tennessee_Davidson=Confirmed i:  85  85  29          . p:    1811    9254 e: -80.4 r:  14.1   
US_Tennessee_Davidson=Confirmed i:  86  86  30  4/18/2020 p:    2076    9254 e: -77.6 r:  15.8   
US_Tennessee_Davidson=Confirmed i:  87  87  31          . p:    2149    9254 e: -76.8 r:  17.7   
US_Tennessee_Davidson=Confirmed i:  88  88  32  4/20/2020 p:    2375    9254 e: -74.3 r:  18.1   
US_Tennessee_Davidson=Confirmed i:  89  89  33          . p:    2375    9254 e: -74.3 r:  18.6   
US_Tennessee_Davidson=Confirmed i:  90  90  34  4/22/2020 p:    2375    9254 e: -74.3 r:  18.6   
US_Tennessee_Davidson=Confirmed i:  91  91  35          . p:    2602    9254 e: -71.9 r:  20.9   
US_Tennessee_Davidson=Confirmed i:  92  92  36  4/24/2020 p:    3054    9254 e: -67.0 r:  21.7   
US_Tennessee_Davidson=Confirmed i:  93  93  37          . p:    3054    9254 e: -67.0 r:  23.1   
US_Tennessee_Davidson=Confirmed i:  94  94  38  4/26/2020 p:    3507    9254 e: -62.1 r:  24.2   
US_Tennessee_Davidson=Confirmed i:  95  95  39          . p:    6449    9254 e: -30.3 r:  25.3   
US_Tennessee_Davidson=Confirmed i:  96  96  40  4/28/2020 p:    3733    9254 e: -59.7 r:  25.7   
US_Tennessee_Davidson=Confirmed i:  97  97  41          . p:    2828    9254 e: -69.4 r:  26.5   
US_Tennessee_Davidson=Confirmed i:  98  98  42  4/30/2020 p:    3959    9254 e: -57.2 r:  28.2   
US_Tennessee_Davidson=Confirmed i:  99  99  43          . p:    4186    9254 e: -54.8 r:  28.7   
US_Tennessee_Davidson=Confirmed i: 100 100  44   5/2/2020 p:    5543    9254 e: -40.1 r:  30.0   
US_Tennessee_Davidson=Confirmed i: 101 101  45          . p:    5543    9254 e: -40.1 r:  31.4   
US_Tennessee_Davidson=Confirmed i: 102 102  46   5/4/2020 p:    5996    9254 e: -35.2 r:  32.4   
US_Tennessee_Davidson=Confirmed i: 103 103  47          . p:    4638    9254 e: -49.9 r:  32.8   
US_Tennessee_Davidson=Confirmed i: 104 104  48   5/6/2020 p:    5543    9254 e: -40.1 r:  33.8   
US_Tennessee_Davidson=Confirmed i: 105 105  49          . p:    4865    9254 e: -47.4 r:  34.1   
US_Tennessee_Davidson=Confirmed i: 106 106  50   5/8/2020 p:    5543    9254 e: -40.1 r:  35.7   
US_Tennessee_Davidson=Confirmed i: 107 107  51          . p:    5317    9254 e: -42.5 r:  36.3   
US_Tennessee_Davidson=Confirmed i: 108 108  52  5/10/2020 p:    5317    9254 e: -42.5 r:  36.7   
US_Tennessee_Davidson=Confirmed i: 109 109  53          . p:    4672    9254 e: -49.5 r:  37.4   
US_Tennessee_Davidson=Confirmed i: 110 110  54  5/12/2020 p:    5091    9254 e: -45.0 r:  38.7   
US_Tennessee_Davidson=Confirmed i: 111 111  55          . p:    5091    9254 e: -45.0 r:  39.1   
US_Tennessee_Davidson=Confirmed i: 112 112  56  5/14/2020 p:    5317    9254 e: -42.5 r:  40.5   
US_Tennessee_Davidson=Confirmed i: 113 113  57          . p:    5543    9254 e: -40.1 r:  41.0   
US_Tennessee_Davidson=Confirmed i: 114 114  58  5/16/2020 p:    5543    9254 e: -40.1 r:  41.8   
US_Tennessee_Davidson=Confirmed i: 115 115  59          . p:    5505    9254 e: -40.5 r:  42.1   
US_Tennessee_Davidson=Confirmed i: 116 116  60  5/18/2020 p:    5543    9254 e: -40.1 r:  43.9   
US_Tennessee_Davidson=Confirmed i: 117 117  61          . p:    5996    9254 e: -35.2 r:  45.1   
US_Tennessee_Davidson=Confirmed i: 118 118  62  5/20/2020 p:    6222    9254 e: -32.8 r:  45.7   
US_Tennessee_Davidson=Confirmed i: 119 119  63          . p:    6222    9254 e: -32.8 r:  46.4   
US_Tennessee_Davidson=Confirmed i: 120 120  64  5/22/2020 p:    6675    9254 e: -27.9 r:  47.5   
US_Tennessee_Davidson=Confirmed i: 121 121  65          . p:    6675    9254 e: -27.9 r:  48.2   
US_Tennessee_Davidson=Confirmed i: 122 122  66  5/24/2020 p:    6675    9254 e: -27.9 r:  48.8   
US_Tennessee_Davidson=Confirmed i: 123 123  67          . p:    6901    9254 e: -25.4 r:  50.0   
US_Tennessee_Davidson=Confirmed i: 124 124  68  5/26/2020 p:    6901    9254 e: -25.4 r:  51.0   
US_Tennessee_Davidson=Confirmed i: 125   0  69          . p:    8033    9254 e: -13.2 r:  52.1 OK 1st
US_Tennessee_Davidson=Confirmed i: 126   1  70  5/28/2020 p:    7580    9254 e: -18.1 r:  52.9   
US_Tennessee_Davidson=Confirmed i: 127   2  71          . p:    7806    9254 e: -15.7 r:  53.7   
US_Tennessee_Davidson=Confirmed i: 128   3  72  5/30/2020 p:    7806    9254 e: -15.7 r:  54.5   
US_Tennessee_Davidson=Confirmed i: 129   4  73          . p:    7800    9254 e: -15.7 r:  54.5   
US_Tennessee_Davidson=Confirmed i: 130   5  74   6/1/2020 p:    7706    9254 e: -16.7 r:  54.5   
US_Tennessee_Davidson=Confirmed i: 131   6  75          . p:    8033    9254 e: -13.2 r:  57.5 OK
US_Tennessee_Davidson=Confirmed i: 132   7  76   6/3/2020 p:    8259    9254 e: -10.8 r:  58.7 OK
US_Tennessee_Davidson=Confirmed i: 133   8  77          . p:    8711    9254 e:  -5.9 r:  59.6 OK
US_Tennessee_Davidson=Confirmed i: 134   9  78   6/5/2020 p:    8938    9254 e:  -3.4 r:  60.9 OK
US_Tennessee_Davidson=Confirmed i: 135  10  79          . p:    8938    9254 e:  -3.4 r:  62.0 OK
US_Tennessee_Davidson=Confirmed i: 136  11  80   6/7/2020 p:    8938    9254 e:  -3.4 r:  62.7 OK
US_Tennessee_Davidson=Confirmed i: 137  12  81          . p:    9617    9254 e:   3.9 r:  64.3 OK
US_Tennessee_Davidson=Confirmed i: 138  13  82   6/9/2020 p:    9843    9254 e:   6.4 r:  66.2 OK
