
  # Process COVID TAB data
p1= 336 il= 138
p1= 266 il= 137
p1= 256 il= 136
p1= 266 il= 135
p1= 266 il= 134
US_Georgia_Fulton=Deaths nl = 139, n1= 5 s1= 278 s2= 78140 SD= 29.2574776766556 frac%= 10.5242725455596
US_Georgia_Fulton=Deaths i:  68  68  -1  3/31/2020 p:      19     278 e: -93.2 r:   6.1   
US_Georgia_Fulton=Deaths i:  69  69   0          . p:      20     278 e: -92.8 r:   6.8   
US_Georgia_Fulton=Deaths i:  70  70   1   4/2/2020 p:      25     278 e: -91.0 r:   7.9   
US_Georgia_Fulton=Deaths i:  71  71   2          . p:      25     278 e: -91.0 r:   8.3   
US_Georgia_Fulton=Deaths i:  72  72   3   4/4/2020 p:      29     278 e: -89.6 r:   9.4   
US_Georgia_Fulton=Deaths i:  73  73   4          . p:      36     278 e: -87.1 r:   9.7   
US_Georgia_Fulton=Deaths i:  74  74   5   4/6/2020 p:      29     278 e: -89.6 r:  10.1   
US_Georgia_Fulton=Deaths i:  76  76   7   4/8/2020 p:      66     278 e: -76.3 r:  14.7   
US_Georgia_Fulton=Deaths i:  77  77   8          . p:      75     278 e: -73.0 r:  16.2   
US_Georgia_Fulton=Deaths i:  78  78   9  4/10/2020 p:      85     278 e: -69.4 r:  17.3   
US_Georgia_Fulton=Deaths i:  79  79  10          . p:      55     278 e: -80.2 r:  18.0   
US_Georgia_Fulton=Deaths i:  80  80  11  4/12/2020 p:      75     278 e: -73.0 r:  18.0   
US_Georgia_Fulton=Deaths i:  81  81  12          . p:      54     278 e: -80.6 r:  18.7   
US_Georgia_Fulton=Deaths i:  82  82  13  4/14/2020 p:      77     278 e: -72.3 r:  21.6   
US_Georgia_Fulton=Deaths i:  83  83  14          . p:      81     278 e: -70.9 r:  22.3   
US_Georgia_Fulton=Deaths i:  84  84  15  4/16/2020 p:      85     278 e: -69.4 r:  22.7   
US_Georgia_Fulton=Deaths i:  85  85  16          . p:     105     278 e: -62.2 r:  26.3   
US_Georgia_Fulton=Deaths i:  86  86  17  4/18/2020 p:     105     278 e: -62.2 r:  26.6   
US_Georgia_Fulton=Deaths i:  87  87  18          . p:     105     278 e: -62.2 r:  27.0   
US_Georgia_Fulton=Deaths i:  88  88  19  4/20/2020 p:     105     278 e: -62.2 r:  28.8   
US_Georgia_Fulton=Deaths i:  89  89  20          . p:     105     278 e: -62.2 r:  29.5   
US_Georgia_Fulton=Deaths i:  90  90  21  4/22/2020 p:     115     278 e: -58.6 r:  30.6   
US_Georgia_Fulton=Deaths i:  91  91  22          . p:     115     278 e: -58.6 r:  31.7   
US_Georgia_Fulton=Deaths i:  92  92  23  4/24/2020 p:     115     278 e: -58.6 r:  32.7   
US_Georgia_Fulton=Deaths i:  93  93  24          . p:     114     278 e: -59.0 r:  32.7   
US_Georgia_Fulton=Deaths i:  94  94  25  4/26/2020 p:     106     278 e: -61.9 r:  33.8   
US_Georgia_Fulton=Deaths i:  95  95  26          . p:     126     278 e: -54.7 r:  37.1   
US_Georgia_Fulton=Deaths i:  96  96  27  4/28/2020 p:     135     278 e: -51.4 r:  38.8   
US_Georgia_Fulton=Deaths i:  97  97  28          . p:     145     278 e: -47.8 r:  41.4   
US_Georgia_Fulton=Deaths i:  98  98  29  4/30/2020 p:     155     278 e: -44.2 r:  42.1   
US_Georgia_Fulton=Deaths i:  99  99  30          . p:     165     278 e: -40.6 r:  43.9   
US_Georgia_Fulton=Deaths i: 100 100  31   5/2/2020 p:     165     278 e: -40.6 r:  43.9   
US_Georgia_Fulton=Deaths i: 101 101  32          . p:     165     278 e: -40.6 r:  44.6   
US_Georgia_Fulton=Deaths i: 102 102  33   5/4/2020 p:     165     278 e: -40.6 r:  46.4   
US_Georgia_Fulton=Deaths i: 103 103  34          . p:     215     278 e: -22.7 r:  46.8   
US_Georgia_Fulton=Deaths i: 104 104  35   5/6/2020 p:     175     278 e: -37.1 r:  48.6   
US_Georgia_Fulton=Deaths i: 105 105  36          . p:     175     278 e: -37.1 r:  49.3   
US_Georgia_Fulton=Deaths i: 106 106  37   5/8/2020 p:     226     278 e: -18.7 r:  51.8   
US_Georgia_Fulton=Deaths i: 107 107  38          . p:     226     278 e: -18.7 r:  51.8   
US_Georgia_Fulton=Deaths i: 108 108  39  5/10/2020 p:     185     278 e: -33.5 r:  51.8   
US_Georgia_Fulton=Deaths i: 109 109  40          . p:     183     278 e: -34.2 r:  52.2   
US_Georgia_Fulton=Deaths i: 110 110  41  5/12/2020 p:     182     278 e: -34.5 r:  53.6   
US_Georgia_Fulton=Deaths i: 111 111  42          . p:     216     278 e: -22.3 r:  54.7   
US_Georgia_Fulton=Deaths i: 112 112  43  5/14/2020 p:     226     278 e: -18.7 r:  57.2   
US_Georgia_Fulton=Deaths i: 113 113  44          . p:     226     278 e: -18.7 r:  59.0   
US_Georgia_Fulton=Deaths i: 114   0  45  5/16/2020 p:     256     278 e:  -7.9 r:  59.4 OK 1st
US_Georgia_Fulton=Deaths i: 115   1  46          . p:     226     278 e: -18.7 r:  59.4   
US_Georgia_Fulton=Deaths i: 116   2  47  5/18/2020 p:     236     278 e: -15.1 r:  61.5   
US_Georgia_Fulton=Deaths i: 117   3  48          . p:     256     278 e:  -7.9 r:  62.6 OK
US_Georgia_Fulton=Deaths i: 118   4  49  5/20/2020 p:     256     278 e:  -7.9 r:  62.6 OK
US_Georgia_Fulton=Deaths i: 119   5  50          . p:     226     278 e: -18.7 r:  68.3   
US_Georgia_Fulton=Deaths i: 120   6  51  5/22/2020 p:     236     278 e: -15.1 r:  70.5   
US_Georgia_Fulton=Deaths i: 121   7  52          . p:     246     278 e: -11.5 r:  70.9 OK
US_Georgia_Fulton=Deaths i: 122   8  53  5/24/2020 p:     246     278 e: -11.5 r:  70.5 OK
US_Georgia_Fulton=Deaths i: 123   9  54          . p:     246     278 e: -11.5 r:  71.6 OK
US_Georgia_Fulton=Deaths i: 124  10  55  5/26/2020 p:     256     278 e:  -7.9 r:  75.2 OK
US_Georgia_Fulton=Deaths i: 125  11  56          . p:     256     278 e:  -7.9 r:  77.0 OK
US_Georgia_Fulton=Deaths i: 126  12  57  5/28/2020 p:     366     278 e:  31.7 r:  80.6   
US_Georgia_Fulton=Deaths i: 127  13  58          . p:     366     278 e:  31.7 r:  82.4   
US_Georgia_Fulton=Deaths i: 128  14  59  5/30/2020 p:     366     278 e:  31.7 r:  82.7   
US_Georgia_Fulton=Deaths i: 129  15  60          . p:     246     278 e: -11.5 r:  84.5 OK
US_Georgia_Fulton=Deaths i: 130  16  61   6/1/2020 p:     266     278 e:  -4.3 r:  86.7 OK
US_Georgia_Fulton=Deaths i: 131  17  62          . p:     316     278 e:  13.7 r:  87.1 OK
US_Georgia_Fulton=Deaths i: 132  18  63   6/3/2020 p:     256     278 e:  -7.9 r:  87.8 OK
US_Georgia_Fulton=Deaths i: 133  19  64          . p:     326     278 e:  17.3 r:  89.9   
US_Georgia_Fulton=Deaths i: 134  20  65   6/5/2020 p:     266     278 e:  -4.3 r:  89.9 OK
US_Georgia_Fulton=Deaths i: 135  21  66          . p:     266     278 e:  -4.3 r:  90.6 OK
US_Georgia_Fulton=Deaths i: 136  22  67   6/7/2020 p:     256     278 e:  -7.9 r:  90.6 OK
US_Georgia_Fulton=Deaths i: 137  23  68          . p:     266     278 e:  -4.3 r:  92.1 OK
US_Georgia_Fulton=Deaths i: 138  24  69   6/9/2020 p:     336     278 e:  20.9 r:  97.8   
