
  # Process COVID TAB data
p1= 7584 il= 138
p1= 7740 il= 137
p1= 7717 il= 136
p1= 7717 il= 135
p1= 7717 il= 134
US_New_Jersey_Camden=Confirmed nl = 139, n1= 5 s1= 7695 s2= 59216184.6 SD= 56.2103193373022 frac%= 0.730478483915558
US_New_Jersey_Camden=Confirmed i:  58  58  -6  3/21/2020 p:     126    7695 e: -98.4 r:   0.2   
US_New_Jersey_Camden=Confirmed i:  59  59  -5          . p:     126    7695 e: -98.4 r:   0.3   
US_New_Jersey_Camden=Confirmed i:  60  60  -4  3/23/2020 p:     126    7695 e: -98.4 r:   0.4   
US_New_Jersey_Camden=Confirmed i:  61  61  -3          . p:    1391    7695 e: -81.9 r:   0.7   
US_New_Jersey_Camden=Confirmed i:  62  62  -2  3/25/2020 p:    1391    7695 e: -81.9 r:   0.8   
US_New_Jersey_Camden=Confirmed i:  63  63  -1          . p:     126    7695 e: -98.4 r:   0.9   
US_New_Jersey_Camden=Confirmed i:  64  64   0  3/27/2020 p:     379    7695 e: -95.1 r:   1.2   
US_New_Jersey_Camden=Confirmed i:  65  65   1          . p:     632    7695 e: -91.8 r:   1.6   
US_New_Jersey_Camden=Confirmed i:  66  66   2  3/29/2020 p:    1897    7695 e: -75.3 r:   2.1   
US_New_Jersey_Camden=Confirmed i:  67  67   3          . p:    2909    7695 e: -62.2 r:   2.6   
US_New_Jersey_Camden=Confirmed i:  68  68   4  3/31/2020 p:     632    7695 e: -91.8 r:   3.0   
US_New_Jersey_Camden=Confirmed i:  69  69   5          . p:    1644    7695 e: -78.6 r:   3.8   
US_New_Jersey_Camden=Confirmed i:  70  70   6   4/2/2020 p:    2403    7695 e: -68.8 r:   4.5   
US_New_Jersey_Camden=Confirmed i:  71  71   7          . p:    3162    7695 e: -58.9 r:   5.3   
US_New_Jersey_Camden=Confirmed i:  72  72   8   4/4/2020 p:    4934    7695 e: -35.9 r:   6.3   
US_New_Jersey_Camden=Confirmed i:  73  73   9          . p:    5187    7695 e: -32.6 r:   7.2   
US_New_Jersey_Camden=Confirmed i:  74  74  10   4/6/2020 p:    5693    7695 e: -26.0 r:   8.4   
US_New_Jersey_Camden=Confirmed i:  75   0  11          . p:    8729    7695 e:  13.4 r:   9.6 OK 1st
US_New_Jersey_Camden=Confirmed i:  76   1  12   4/8/2020 p:    6199    7695 e: -19.4 r:  10.9   
US_New_Jersey_Camden=Confirmed i:  77   2  13          . p:    8982    7695 e:  16.7 r:  12.9   
US_New_Jersey_Camden=Confirmed i:  78   3  14  4/10/2020 p:    8804    7695 e:  14.4 r:  13.9 OK
US_New_Jersey_Camden=Confirmed i:  79   4  15          . p:    7074    7695 e:  -8.1 r:  15.3 OK
US_New_Jersey_Camden=Confirmed i:  80   5  16  4/12/2020 p:    1815    7695 e: -76.4 r:  16.5   
US_New_Jersey_Camden=Confirmed i:  81   6  17          . p:    6345    7695 e: -17.5 r:  18.2   
US_New_Jersey_Camden=Confirmed i:  82   7  18  4/14/2020 p:    2339    7695 e: -69.6 r:  19.2   
US_New_Jersey_Camden=Confirmed i:  83   8  19          . p:    5520    7695 e: -28.3 r:  20.6   
US_New_Jersey_Camden=Confirmed i:  84   9  20  4/16/2020 p:    3415    7695 e: -55.6 r:  22.5   
US_New_Jersey_Camden=Confirmed i:  85  10  21          . p:    3276    7695 e: -57.4 r:  23.5   
US_New_Jersey_Camden=Confirmed i:  86  11  22  4/18/2020 p:    3363    7695 e: -56.3 r:  24.9   
US_New_Jersey_Camden=Confirmed i:  87  12  23          . p:    4428    7695 e: -42.5 r:  27.7   
US_New_Jersey_Camden=Confirmed i:  88  13  24  4/20/2020 p:    4934    7695 e: -35.9 r:  29.3   
US_New_Jersey_Camden=Confirmed i:  89  14  25          . p:    5187    7695 e: -32.6 r:  30.9   
US_New_Jersey_Camden=Confirmed i:  90  15  26  4/22/2020 p:    5440    7695 e: -29.3 r:  32.9   
US_New_Jersey_Camden=Confirmed i:  91  16  27          . p:    5693    7695 e: -26.0 r:  34.9   
US_New_Jersey_Camden=Confirmed i:  92  17  28  4/24/2020 p:    5618    7695 e: -27.0 r:  35.7   
US_New_Jersey_Camden=Confirmed i:  93  18  29          . p:    5533    7695 e: -28.1 r:  37.3   
US_New_Jersey_Camden=Confirmed i:  94  19  30  4/26/2020 p:    5569    7695 e: -27.6 r:  38.8   
US_New_Jersey_Camden=Confirmed i:  95  20  31          . p:    5625    7695 e: -26.9 r:  40.6   
US_New_Jersey_Camden=Confirmed i:  96  21  32  4/28/2020 p:    5693    7695 e: -26.0 r:  42.7   
US_New_Jersey_Camden=Confirmed i:  97  22  33          . p:    5946    7695 e: -22.7 r:  44.0   
US_New_Jersey_Camden=Confirmed i:  98  23  34  4/30/2020 p:    5946    7695 e: -22.7 r:  45.7   
US_New_Jersey_Camden=Confirmed i:  99  24  35          . p:    5946    7695 e: -22.7 r:  47.4   
US_New_Jersey_Camden=Confirmed i: 100  25  36   5/2/2020 p:    6050    7695 e: -21.4 r:  49.0   
US_New_Jersey_Camden=Confirmed i: 101  26  37          . p:    6199    7695 e: -19.4 r:  51.6   
US_New_Jersey_Camden=Confirmed i: 102  27  38   5/4/2020 p:    6199    7695 e: -19.4 r:  52.9   
US_New_Jersey_Camden=Confirmed i: 103  28  39          . p:    6452    7695 e: -16.2 r:  55.2   
US_New_Jersey_Camden=Confirmed i: 104  29  40   5/6/2020 p:    6458    7695 e: -16.1 r:  56.0   
US_New_Jersey_Camden=Confirmed i: 105  30  41          . p:    6681    7695 e: -13.2 r:  58.2 OK
US_New_Jersey_Camden=Confirmed i: 106  31  42   5/8/2020 p:    6705    7695 e: -12.9 r:  60.0 OK
US_New_Jersey_Camden=Confirmed i: 107  32  43          . p:    6958    7695 e:  -9.6 r:  61.8 OK
US_New_Jersey_Camden=Confirmed i: 108  33  44  5/10/2020 p:    7009    7695 e:  -8.9 r:  63.3 OK
US_New_Jersey_Camden=Confirmed i: 109  34  45          . p:    7080    7695 e:  -8.0 r:  64.4 OK
US_New_Jersey_Camden=Confirmed i: 110  35  46  5/12/2020 p:    7043    7695 e:  -8.5 r:  65.5 OK
US_New_Jersey_Camden=Confirmed i: 111  36  47          . p:    8528    7695 e:  10.8 r:  66.3 OK
US_New_Jersey_Camden=Confirmed i: 112  37  48  5/14/2020 p:    7061    7695 e:  -8.2 r:  67.2 OK
US_New_Jersey_Camden=Confirmed i: 113  38  49          . p:    7042    7695 e:  -8.5 r:  68.3 OK
US_New_Jersey_Camden=Confirmed i: 114  39  50  5/16/2020 p:    7211    7695 e:  -6.3 r:  69.9 OK
US_New_Jersey_Camden=Confirmed i: 115  40  51          . p:    7211    7695 e:  -6.3 r:  70.9 OK
US_New_Jersey_Camden=Confirmed i: 116  41  52  5/18/2020 p:    7211    7695 e:  -6.3 r:  72.4 OK
US_New_Jersey_Camden=Confirmed i: 117  42  53          . p:    7211    7695 e:  -6.3 r:  73.3 OK
US_New_Jersey_Camden=Confirmed i: 118  43  54  5/20/2020 p:    7211    7695 e:  -6.3 r:  74.6 OK
US_New_Jersey_Camden=Confirmed i: 119  44  55          . p:    7211    7695 e:  -6.3 r:  75.6 OK
US_New_Jersey_Camden=Confirmed i: 120  45  56  5/22/2020 p:    7464    7695 e:  -3.0 r:  77.0 OK
US_New_Jersey_Camden=Confirmed i: 121  46  57          . p:    7717    7695 e:   0.3 r:  77.4 OK
US_New_Jersey_Camden=Confirmed i: 122  47  58  5/24/2020 p:    7356    7695 e:  -4.4 r:  78.3 OK
US_New_Jersey_Camden=Confirmed i: 123  48  59          . p:    7436    7695 e:  -3.4 r:  79.3 OK
US_New_Jersey_Camden=Confirmed i: 124  49  60  5/26/2020 p:    7326    7695 e:  -4.8 r:  80.2 OK
US_New_Jersey_Camden=Confirmed i: 125  50  61          . p:    7464    7695 e:  -3.0 r:  80.9 OK
US_New_Jersey_Camden=Confirmed i: 126  51  62  5/28/2020 p:    7464    7695 e:  -3.0 r:  81.8 OK
US_New_Jersey_Camden=Confirmed i: 127  52  63          . p:    7650    7695 e:  -0.6 r:  82.5 OK
US_New_Jersey_Camden=Confirmed i: 128  53  64  5/30/2020 p:    7464    7695 e:  -3.0 r:  83.5 OK
US_New_Jersey_Camden=Confirmed i: 129  54  65          . p:    7717    7695 e:   0.3 r:  84.6 OK
US_New_Jersey_Camden=Confirmed i: 130  55  66   6/1/2020 p:    7717    7695 e:   0.3 r:  85.0 OK
US_New_Jersey_Camden=Confirmed i: 131  56  67          . p:    7695    7695 e:   0.0 r:  85.8 OK
US_New_Jersey_Camden=Confirmed i: 132  57  68   6/3/2020 p:    7709    7695 e:   0.2 r:  86.4 OK
US_New_Jersey_Camden=Confirmed i: 133  58  69          . p:    7732    7695 e:   0.5 r:  86.6 OK
US_New_Jersey_Camden=Confirmed i: 134  59  70   6/5/2020 p:    7717    7695 e:   0.3 r:  87.5 OK
US_New_Jersey_Camden=Confirmed i: 135  60  71          . p:    7717    7695 e:   0.3 r:  88.2 OK
US_New_Jersey_Camden=Confirmed i: 136  61  72   6/7/2020 p:    7717    7695 e:   0.3 r:  88.4 OK
US_New_Jersey_Camden=Confirmed i: 137  62  73          . p:    7740    7695 e:   0.6 r:  88.7 OK
US_New_Jersey_Camden=Confirmed i: 138  63  74   6/9/2020 p:    7584    7695 e:  -1.4 r:  89.0 OK
