
  # Process COVID TAB data
p1= 4615 il= 138
p1= 5572 il= 137
p1= 6732 il= 136
p1= 5696 il= 135
p1= 4512 il= 134
US_Indiana_Lake=Confirmed nl = 139, n1= 5 s1= 5425.4 s2= 30093558.6 SD= 811.537700911058 frac%= 14.9581173906266
US_Indiana_Lake=Confirmed i:  62  62  -5  3/25/2020 p:    2589    5425 e: -52.3 r:   0.4   
US_Indiana_Lake=Confirmed i:  67  67   0          . p:     221    5425 e: -95.9 r:   1.8   
US_Indiana_Lake=Confirmed i:  68  68   1  3/31/2020 p:    3625    5425 e: -33.2 r:   2.7   
US_Indiana_Lake=Confirmed i:  69  69   2          . p:    3921    5425 e: -27.7 r:   3.3   
US_Indiana_Lake=Confirmed i:  70  70   3   4/2/2020 p:    2589    5425 e: -52.3 r:   4.0   
US_Indiana_Lake=Confirmed i:  71  71   4          . p:     369    5425 e: -93.2 r:   4.5   
US_Indiana_Lake=Confirmed i:  72  72   5   4/4/2020 p:    1405    5425 e: -74.1 r:   5.8   
US_Indiana_Lake=Confirmed i:  73  73   6          . p:     813    5425 e: -85.0 r:   6.2   
US_Indiana_Lake=Confirmed i:  74  74   7   4/6/2020 p:     517    5425 e: -90.5 r:   6.8   
US_Indiana_Lake=Confirmed i:  75  75   8          . p:     736    5425 e: -86.4 r:   7.7   
US_Indiana_Lake=Confirmed i:  76  76   9   4/8/2020 p:     851    5425 e: -84.3 r:   8.5   
US_Indiana_Lake=Confirmed i:  77  77  10          . p:    1109    5425 e: -79.6 r:   9.7   
US_Indiana_Lake=Confirmed i:  78  78  11  4/10/2020 p:    1257    5425 e: -76.8 r:  10.6   
US_Indiana_Lake=Confirmed i:  79  79  12          . p:    1849    5425 e: -65.9 r:  12.5   
US_Indiana_Lake=Confirmed i:  80  80  13  4/12/2020 p:    2293    5425 e: -57.7 r:  13.7   
US_Indiana_Lake=Confirmed i:  81  81  14          . p:    1849    5425 e: -65.9 r:  14.7   
US_Indiana_Lake=Confirmed i:  82  82  15  4/14/2020 p:    1997    5425 e: -63.2 r:  15.1   
US_Indiana_Lake=Confirmed i:  83  83  16          . p:    1799    5425 e: -66.8 r:  16.1   
US_Indiana_Lake=Confirmed i:  84  84  17  4/16/2020 p:    2168    5425 e: -60.0 r:  18.0   
US_Indiana_Lake=Confirmed i:  85  85  18          . p:    1997    5425 e: -63.2 r:  18.9   
US_Indiana_Lake=Confirmed i:  86  86  19  4/18/2020 p:    1997    5425 e: -63.2 r:  20.2   
US_Indiana_Lake=Confirmed i:  87  87  20          . p:    1964    5425 e: -63.8 r:  20.4   
US_Indiana_Lake=Confirmed i:  88  88  21  4/20/2020 p:    1990    5425 e: -63.3 r:  21.8   
US_Indiana_Lake=Confirmed i:  89  89  22          . p:    2100    5425 e: -61.3 r:  22.6   
US_Indiana_Lake=Confirmed i:  90  90  23  4/22/2020 p:    1997    5425 e: -63.2 r:  23.8   
US_Indiana_Lake=Confirmed i:  91  91  24          . p:    1997    5425 e: -63.2 r:  24.8   
US_Indiana_Lake=Confirmed i:  92  92  25  4/24/2020 p:    2293    5425 e: -57.7 r:  26.6   
US_Indiana_Lake=Confirmed i:  93  93  26          . p:    2589    5425 e: -52.3 r:  27.9   
US_Indiana_Lake=Confirmed i:  94  94  27  4/26/2020 p:    2589    5425 e: -52.3 r:  28.3   
US_Indiana_Lake=Confirmed i:  95  95  28          . p:    2589    5425 e: -52.3 r:  29.2   
US_Indiana_Lake=Confirmed i:  96  96  29  4/28/2020 p:    2885    5425 e: -46.8 r:  31.6   
US_Indiana_Lake=Confirmed i:  97  97  30          . p:    2589    5425 e: -52.3 r:  32.9   
US_Indiana_Lake=Confirmed i:  98  98  31  4/30/2020 p:    2589    5425 e: -52.3 r:  34.0   
US_Indiana_Lake=Confirmed i:  99  99  32          . p:    2737    5425 e: -49.6 r:  35.6   
US_Indiana_Lake=Confirmed i: 100 100  33   5/2/2020 p:    2885    5425 e: -46.8 r:  36.7   
US_Indiana_Lake=Confirmed i: 101 101  34          . p:    2865    5425 e: -47.2 r:  37.5   
US_Indiana_Lake=Confirmed i: 102 102  35   5/4/2020 p:    2915    5425 e: -46.3 r:  38.7   
US_Indiana_Lake=Confirmed i: 103 103  36          . p:    2988    5425 e: -44.9 r:  39.8   
US_Indiana_Lake=Confirmed i: 104 104  37   5/6/2020 p:    3033    5425 e: -44.1 r:  41.2   
US_Indiana_Lake=Confirmed i: 105 105  38          . p:    3033    5425 e: -44.1 r:  42.2   
US_Indiana_Lake=Confirmed i: 106 106  39   5/8/2020 p:    3181    5425 e: -41.4 r:  43.5   
US_Indiana_Lake=Confirmed i: 107 107  40          . p:    3210    5425 e: -40.8 r:  44.1   
US_Indiana_Lake=Confirmed i: 108 108  41  5/10/2020 p:    3247    5425 e: -40.2 r:  45.1   
US_Indiana_Lake=Confirmed i: 109 109  42          . p:    3235    5425 e: -40.4 r:  46.0   
US_Indiana_Lake=Confirmed i: 110 110  43  5/12/2020 p:    3286    5425 e: -39.4 r:  46.7   
US_Indiana_Lake=Confirmed i: 111 111  44          . p:    3329    5425 e: -38.6 r:  47.7   
US_Indiana_Lake=Confirmed i: 112 112  45  5/14/2020 p:    3773    5425 e: -30.5 r:  49.5   
US_Indiana_Lake=Confirmed i: 113 113  46          . p:    4069    5425 e: -25.0 r:  50.6   
US_Indiana_Lake=Confirmed i: 114 114  47  5/16/2020 p:    4217    5425 e: -22.3 r:  51.8   
US_Indiana_Lake=Confirmed i: 115 115  48          . p:    4217    5425 e: -22.3 r:  52.4   
US_Indiana_Lake=Confirmed i: 116 116  49  5/18/2020 p:    4217    5425 e: -22.3 r:  53.2   
US_Indiana_Lake=Confirmed i: 117 117  50          . p:    4364    5425 e: -19.6 r:  54.3   
US_Indiana_Lake=Confirmed i: 118 118  51  5/20/2020 p:    4512    5425 e: -16.8 r:  55.7   
US_Indiana_Lake=Confirmed i: 119   0  52          . p:    4660    5425 e: -14.1 r:  56.9 OK 1st
US_Indiana_Lake=Confirmed i: 120   1  53  5/22/2020 p:    4660    5425 e: -14.1 r:  57.7 OK
US_Indiana_Lake=Confirmed i: 121   2  54          . p:    4808    5425 e: -11.4 r:  58.8 OK
US_Indiana_Lake=Confirmed i: 122   3  55  5/24/2020 p:    4956    5425 e:  -8.7 r:  60.1 OK
US_Indiana_Lake=Confirmed i: 123   4  56          . p:    4956    5425 e:  -8.7 r:  60.8 OK
US_Indiana_Lake=Confirmed i: 124   5  57  5/26/2020 p:    4890    5425 e:  -9.9 r:  61.2 OK
US_Indiana_Lake=Confirmed i: 125   6  58          . p:    4900    5425 e:  -9.7 r:  61.7 OK
US_Indiana_Lake=Confirmed i: 126   7  59  5/28/2020 p:    5002    5425 e:  -7.8 r:  64.4 OK
US_Indiana_Lake=Confirmed i: 127   8  60          . p:    5252    5425 e:  -3.2 r:  65.2 OK
US_Indiana_Lake=Confirmed i: 128   9  61  5/30/2020 p:    4264    5425 e: -21.4 r:  65.9   
US_Indiana_Lake=Confirmed i: 129  10  62          . p:    4268    5425 e: -21.3 r:  66.6   
US_Indiana_Lake=Confirmed i: 130  11  63   6/1/2020 p:    5288    5425 e:  -2.5 r:  67.1 OK
US_Indiana_Lake=Confirmed i: 131  12  64          . p:    5290    5425 e:  -2.5 r:  68.0 OK
US_Indiana_Lake=Confirmed i: 132  13  65   6/3/2020 p:    5470    5425 e:   0.8 r:  70.2 OK
US_Indiana_Lake=Confirmed i: 133  14  66          . p:    4512    5425 e: -16.8 r:  70.6   
US_Indiana_Lake=Confirmed i: 134  15  67   6/5/2020 p:    4512    5425 e: -16.8 r:  71.4   
US_Indiana_Lake=Confirmed i: 135  16  68          . p:    5696    5425 e:   5.0 r:  72.2 OK
US_Indiana_Lake=Confirmed i: 136  17  69   6/7/2020 p:    6732    5425 e:  24.1 r:  72.6   
US_Indiana_Lake=Confirmed i: 137  18  70          . p:    5572    5425 e:   2.7 r:  73.0 OK
US_Indiana_Lake=Confirmed i: 138  19  71   6/9/2020 p:    4615    5425 e: -14.9 r:  73.8 OK
