
  # Process COVID TAB data
p1= 9487 il= 138
p1= 12358 il= 137
p1= 9657 il= 136
p1= 9657 il= 135
p1= 9657 il= 134
US_Illinois_Lake=Confirmed nl = 139, n1= 5 s1= 10163.2 s2= 104499256 SD= 1099.37334877647 frac%= 10.8171968354108
US_Illinois_Lake=Confirmed i:  54  54  -6  3/17/2020 p:     491   10163 e: -95.2 r:   0.1   
US_Illinois_Lake=Confirmed i:  58  58  -2  3/21/2020 p:     163   10163 e: -98.4 r:   0.6   
US_Illinois_Lake=Confirmed i:  59  59  -1          . p:     163   10163 e: -98.4 r:   0.7   
US_Illinois_Lake=Confirmed i:  60  60   0  3/23/2020 p:     163   10163 e: -98.4 r:   0.9   
US_Illinois_Lake=Confirmed i:  61  61   1          . p:     163   10163 e: -98.4 r:   1.1   
US_Illinois_Lake=Confirmed i:  62  62   2  3/25/2020 p:     250   10163 e: -97.5 r:   1.4   
US_Illinois_Lake=Confirmed i:  63  63   3          . p:     221   10163 e: -97.8 r:   1.4   
US_Illinois_Lake=Confirmed i:  64  64   4  3/27/2020 p:    1129   10163 e: -88.9 r:   2.3   
US_Illinois_Lake=Confirmed i:  65  65   5          . p:     818   10163 e: -92.0 r:   2.4   
US_Illinois_Lake=Confirmed i:  66  66   6  3/29/2020 p:    1145   10163 e: -88.7 r:   3.0   
US_Illinois_Lake=Confirmed i:  67  67   7          . p:    1145   10163 e: -88.7 r:   3.4   
US_Illinois_Lake=Confirmed i:  68  68   8  3/31/2020 p:    1145   10163 e: -88.7 r:   3.8   
US_Illinois_Lake=Confirmed i:  69  69   9          . p:    1473   10163 e: -85.5 r:   4.7   
US_Illinois_Lake=Confirmed i:  70  70  10   4/2/2020 p:    1800   10163 e: -82.3 r:   5.3   
US_Illinois_Lake=Confirmed i:  71  71  11          . p:    2127   10163 e: -79.1 r:   6.0   
US_Illinois_Lake=Confirmed i:  72  72  12   4/4/2020 p:    1777   10163 e: -82.5 r:   6.7   
US_Illinois_Lake=Confirmed i:  73  73  13          . p:    2135   10163 e: -79.0 r:   7.3   
US_Illinois_Lake=Confirmed i:  74  74  14   4/6/2020 p:    2033   10163 e: -80.0 r:   8.0   
US_Illinois_Lake=Confirmed i:  75  75  15          . p:    2455   10163 e: -75.8 r:   9.1   
US_Illinois_Lake=Confirmed i:  76  76  16   4/8/2020 p:    4419   10163 e: -56.5 r:  10.2   
US_Illinois_Lake=Confirmed i:  77  77  17          . p:    2782   10163 e: -72.6 r:  11.1   
US_Illinois_Lake=Confirmed i:  78  78  18  4/10/2020 p:    3110   10163 e: -69.4 r:  12.1   
US_Illinois_Lake=Confirmed i:  79  79  19          . p:    3133   10163 e: -69.2 r:  13.1   
US_Illinois_Lake=Confirmed i:  80  80  20  4/12/2020 p:    3401   10163 e: -66.5 r:  14.2   
US_Illinois_Lake=Confirmed i:  81  81  21          . p:    4877   10163 e: -52.0 r:  14.9   
US_Illinois_Lake=Confirmed i:  82  82  22  4/14/2020 p:    4827   10163 e: -52.5 r:  15.9   
US_Illinois_Lake=Confirmed i:  83  83  23          . p:    3595   10163 e: -64.6 r:  16.8   
US_Illinois_Lake=Confirmed i:  84  84  24  4/16/2020 p:    4099   10163 e: -59.7 r:  17.4   
US_Illinois_Lake=Confirmed i:  85  85  25          . p:    4092   10163 e: -59.7 r:  18.8   
US_Illinois_Lake=Confirmed i:  86  86  26  4/18/2020 p:    4746   10163 e: -53.3 r:  20.4   
US_Illinois_Lake=Confirmed i:  87  87  27          . p:    4746   10163 e: -53.3 r:  21.3   
US_Illinois_Lake=Confirmed i:  88  88  28  4/20/2020 p:    4746   10163 e: -53.3 r:  21.8   
US_Illinois_Lake=Confirmed i:  89  89  29          . p:    4544   10163 e: -55.3 r:  22.5   
US_Illinois_Lake=Confirmed i:  90  90  30  4/22/2020 p:    3989   10163 e: -60.8 r:  23.4   
US_Illinois_Lake=Confirmed i:  91  91  31          . p:    4571   10163 e: -55.0 r:  25.0   
US_Illinois_Lake=Confirmed i:  92  92  32  4/24/2020 p:    4419   10163 e: -56.5 r:  26.7   
US_Illinois_Lake=Confirmed i:  93  93  33          . p:    5074   10163 e: -50.1 r:  28.3   
US_Illinois_Lake=Confirmed i:  94  94  34  4/26/2020 p:    5401   10163 e: -46.9 r:  29.4   
US_Illinois_Lake=Confirmed i:  95  95  35          . p:    5728   10163 e: -43.6 r:  30.3   
US_Illinois_Lake=Confirmed i:  96  96  36  4/28/2020 p:    5728   10163 e: -43.6 r:  31.4   
US_Illinois_Lake=Confirmed i:  97  97  37          . p:    5074   10163 e: -50.1 r:  33.3   
US_Illinois_Lake=Confirmed i:  98  98  38  4/30/2020 p:    5401   10163 e: -46.9 r:  34.5   
US_Illinois_Lake=Confirmed i:  99  99  39          . p:    5728   10163 e: -43.6 r:  37.1   
US_Illinois_Lake=Confirmed i: 100 100  40   5/2/2020 p:    6056   10163 e: -40.4 r:  39.1   
US_Illinois_Lake=Confirmed i: 101 101  41          . p:    6383   10163 e: -37.2 r:  40.9   
US_Illinois_Lake=Confirmed i: 102 102  42   5/4/2020 p:    6383   10163 e: -37.2 r:  41.8   
US_Illinois_Lake=Confirmed i: 103 103  43          . p:    6711   10163 e: -34.0 r:  43.0   
US_Illinois_Lake=Confirmed i: 104 104  44   5/6/2020 p:    7038   10163 e: -30.8 r:  44.6   
US_Illinois_Lake=Confirmed i: 105 105  45          . p:    7038   10163 e: -30.8 r:  46.9   
US_Illinois_Lake=Confirmed i: 106 106  46   5/8/2020 p:    7693   10163 e: -24.3 r:  49.0   
US_Illinois_Lake=Confirmed i: 107 107  47          . p:    8020   10163 e: -21.1 r:  51.2   
US_Illinois_Lake=Confirmed i: 108 108  48  5/10/2020 p:    8020   10163 e: -21.1 r:  51.6   
US_Illinois_Lake=Confirmed i: 109   0  49          . p:    8881   10163 e: -12.6 r:  52.4 OK 1st
US_Illinois_Lake=Confirmed i: 110   1  50  5/12/2020 p:    8347   10163 e: -17.9 r:  55.7   
US_Illinois_Lake=Confirmed i: 111   2  51          . p:    8423   10163 e: -17.1 r:  56.7   
US_Illinois_Lake=Confirmed i: 112   3  52  5/14/2020 p:    9002   10163 e: -11.4 r:  59.0 OK
US_Illinois_Lake=Confirmed i: 113   4  53          . p:    9002   10163 e: -11.4 r:  60.6 OK
US_Illinois_Lake=Confirmed i: 114   5  54  5/16/2020 p:    9330   10163 e:  -8.2 r:  62.8 OK
US_Illinois_Lake=Confirmed i: 115   6  55          . p:   16859   10163 e:  65.9 r:  63.8   
US_Illinois_Lake=Confirmed i: 116   7  56  5/18/2020 p:   14245   10163 e:  40.2 r:  65.4   
US_Illinois_Lake=Confirmed i: 117   8  57          . p:   14752   10163 e:  45.2 r:  66.0   
US_Illinois_Lake=Confirmed i: 118   9  58  5/20/2020 p:   13618   10163 e:  34.0 r:  67.9   
US_Illinois_Lake=Confirmed i: 119  10  59          . p:   12443   10163 e:  22.4 r:  70.1   
US_Illinois_Lake=Confirmed i: 120  11  60  5/22/2020 p:   12931   10163 e:  27.2 r:  71.7   
US_Illinois_Lake=Confirmed i: 121  12  61          . p:   14895   10163 e:  46.6 r:  73.5   
US_Illinois_Lake=Confirmed i: 122  13  62  5/24/2020 p:   14895   10163 e:  46.6 r:  74.9   
US_Illinois_Lake=Confirmed i: 123  14  63          . p:   14240   10163 e:  40.1 r:  76.0   
US_Illinois_Lake=Confirmed i: 124  15  64  5/26/2020 p:   12970   10163 e:  27.6 r:  76.4   
US_Illinois_Lake=Confirmed i: 125  16  65          . p:   12337   10163 e:  21.4 r:  77.2   
US_Illinois_Lake=Confirmed i: 126  17  66  5/28/2020 p:    8276   10163 e: -18.6 r:  78.1   
US_Illinois_Lake=Confirmed i: 127  18  67          . p:   11621   10163 e:  14.3 r:  79.3 OK
US_Illinois_Lake=Confirmed i: 128  19  68  5/30/2020 p:   11294   10163 e:  11.1 r:  81.1 OK
US_Illinois_Lake=Confirmed i: 129  20  69          . p:   11294   10163 e:  11.1 r:  82.0 OK
US_Illinois_Lake=Confirmed i: 130  21  70   6/1/2020 p:   11294   10163 e:  11.1 r:  82.7 OK
US_Illinois_Lake=Confirmed i: 131  22  71          . p:   13913   10163 e:  36.9 r:  83.1   
US_Illinois_Lake=Confirmed i: 132  23  72   6/3/2020 p:   13759   10163 e:  35.4 r:  83.7   
US_Illinois_Lake=Confirmed i: 133  24  73          . p:    9811   10163 e:  -3.5 r:  84.5 OK
US_Illinois_Lake=Confirmed i: 134  25  74   6/5/2020 p:    9657   10163 e:  -5.0 r:  85.1 OK
US_Illinois_Lake=Confirmed i: 135  26  75          . p:    9657   10163 e:  -5.0 r:  85.5 OK
US_Illinois_Lake=Confirmed i: 136  27  76   6/7/2020 p:    9657   10163 e:  -5.0 r:  86.3 OK
US_Illinois_Lake=Confirmed i: 137  28  77          . p:   12358   10163 e:  21.6 r:  86.7   
US_Illinois_Lake=Confirmed i: 138  29  78   6/9/2020 p:    9487   10163 e:  -6.7 r:  87.2 OK
