
  # Process COVID TAB data
p1= 10667 il= 138
p1= 10667 il= 137
p1= 10348 il= 136
p1= 12577 il= 135
p1= 11304 il= 134
US_California_San_Diego=Confirmed nl = 139, n1= 5 s1= 11112.6 s2= 124122445.4 SD= 795.3405811349 frac%= 7.15710617798625
US_California_San_Diego=Confirmed i:  46  46 -10   3/9/2020 p:     159   11112 e: -98.6 r:   0.0   
US_California_San_Diego=Confirmed i:  47  47  -9          . p:       0   11112 e: -100.0 r:   0.0   
US_California_San_Diego=Confirmed i:  48  48  -8  3/11/2020 p:       0   11112 e: -100.0 r:   0.0   
US_California_San_Diego=Confirmed i:  49  49  -7          . p:     796   11112 e: -92.8 r:   0.0   
US_California_San_Diego=Confirmed i:  56  56   0  3/19/2020 p:     159   11112 e: -98.6 r:   0.7   
US_California_San_Diego=Confirmed i:  57  57   1          . p:     159   11112 e: -98.6 r:   1.1   
US_California_San_Diego=Confirmed i:  58  58   2  3/21/2020 p:     159   11112 e: -98.6 r:   1.1   
US_California_San_Diego=Confirmed i:  59  59   3          . p:     159   11112 e: -98.6 r:   1.4   
US_California_San_Diego=Confirmed i:  60  60   4  3/23/2020 p:     477   11112 e: -95.7 r:   1.8   
US_California_San_Diego=Confirmed i:  61  61   5          . p:     477   11112 e: -95.7 r:   2.0   
US_California_San_Diego=Confirmed i:  62  62   6  3/25/2020 p:     477   11112 e: -95.7 r:   2.1   
US_California_San_Diego=Confirmed i:  63  63   7          . p:     477   11112 e: -95.7 r:   2.6   
US_California_San_Diego=Confirmed i:  64  64   8  3/27/2020 p:     796   11112 e: -92.8 r:   3.1   
US_California_San_Diego=Confirmed i:  65  65   9          . p:    1114   11112 e: -90.0 r:   3.7   
US_California_San_Diego=Confirmed i:  66  66  10  3/29/2020 p:    1114   11112 e: -90.0 r:   4.4   
US_California_San_Diego=Confirmed i:  67  67  11          . p:    1432   11112 e: -87.1 r:   4.6   
US_California_San_Diego=Confirmed i:  68  68  12  3/31/2020 p:    1751   11112 e: -84.2 r:   5.4   
US_California_San_Diego=Confirmed i:  69  69  13          . p:    2069   11112 e: -81.4 r:   6.6   
US_California_San_Diego=Confirmed i:  70  70  14   4/2/2020 p:    2706   11112 e: -75.6 r:   7.6   
US_California_San_Diego=Confirmed i:  71  71  15          . p:    3343   11112 e: -69.9 r:   8.7   
US_California_San_Diego=Confirmed i:  72  72  16   4/4/2020 p:    3980   11112 e: -64.2 r:  10.0   
US_California_San_Diego=Confirmed i:  73  73  17          . p:    4617   11112 e: -58.5 r:  10.9   
US_California_San_Diego=Confirmed i:  74  74  18   4/6/2020 p:    4935   11112 e: -55.6 r:  11.9   
US_California_San_Diego=Confirmed i:  75  75  19          . p:    2069   11112 e: -81.4 r:  12.6   
US_California_San_Diego=Confirmed i:  76  76  20   4/8/2020 p:    1751   11112 e: -84.2 r:  13.1   
US_California_San_Diego=Confirmed i:  77  77  21          . p:    1751   11112 e: -84.2 r:  13.8   
US_California_San_Diego=Confirmed i:  78  78  22  4/10/2020 p:    2069   11112 e: -81.4 r:  14.7   
US_California_San_Diego=Confirmed i:  79  79  23          . p:    2069   11112 e: -81.4 r:  15.2   
US_California_San_Diego=Confirmed i:  80  80  24  4/12/2020 p:    2069   11112 e: -81.4 r:  15.8   
US_California_San_Diego=Confirmed i:  81  81  25          . p:    2388   11112 e: -78.5 r:  16.2   
US_California_San_Diego=Confirmed i:  82  82  26  4/14/2020 p:    2069   11112 e: -81.4 r:  16.6   
US_California_San_Diego=Confirmed i:  83  83  27          . p:    2388   11112 e: -78.5 r:  17.4   
US_California_San_Diego=Confirmed i:  84  84  28  4/16/2020 p:    2388   11112 e: -78.5 r:  18.1   
US_California_San_Diego=Confirmed i:  85  85  29          . p:    3343   11112 e: -69.9 r:  18.8   
US_California_San_Diego=Confirmed i:  86  86  30  4/18/2020 p:    2706   11112 e: -75.6 r:  19.4   
US_California_San_Diego=Confirmed i:  87  87  31          . p:    2706   11112 e: -75.6 r:  19.9   
US_California_San_Diego=Confirmed i:  88  88  32  4/20/2020 p:    3025   11112 e: -72.8 r:  20.4   
US_California_San_Diego=Confirmed i:  89  89  33          . p:    3025   11112 e: -72.8 r:  20.9   
US_California_San_Diego=Confirmed i:  90  90  34  4/22/2020 p:    3343   11112 e: -69.9 r:  22.4   
US_California_San_Diego=Confirmed i:  91  91  35          . p:    3661   11112 e: -67.1 r:  23.8   
US_California_San_Diego=Confirmed i:  92  92  36  4/24/2020 p:    3980   11112 e: -64.2 r:  25.4   
US_California_San_Diego=Confirmed i:  93  93  37          . p:    4298   11112 e: -61.3 r:  26.5   
US_California_San_Diego=Confirmed i:  94  94  38  4/26/2020 p:    4298   11112 e: -61.3 r:  26.9   
US_California_San_Diego=Confirmed i:  95  95  39          . p:    4298   11112 e: -61.3 r:  27.4   
US_California_San_Diego=Confirmed i:  96  96  40  4/28/2020 p:    4298   11112 e: -61.3 r:  28.3   
US_California_San_Diego=Confirmed i:  97  97  41          . p:    4935   11112 e: -55.6 r:  30.9   
US_California_San_Diego=Confirmed i:  98  98  42  4/30/2020 p:    4935   11112 e: -55.6 r:  31.5   
US_California_San_Diego=Confirmed i:  99  99  43          . p:    5254   11112 e: -52.7 r:  32.1   
US_California_San_Diego=Confirmed i: 100 100  44   5/2/2020 p:    5572   11112 e: -49.9 r:  33.4   
US_California_San_Diego=Confirmed i: 101 101  45          . p:    5254   11112 e: -52.7 r:  35.3   
US_California_San_Diego=Confirmed i: 102 102  46   5/4/2020 p:    5572   11112 e: -49.9 r:  35.8   
US_California_San_Diego=Confirmed i: 103 103  47          . p:    5572   11112 e: -49.9 r:  36.2   
US_California_San_Diego=Confirmed i: 104 104  48   5/6/2020 p:    5890   11112 e: -47.0 r:  38.9   
US_California_San_Diego=Confirmed i: 105 105  49          . p:    5890   11112 e: -47.0 r:  39.4   
US_California_San_Diego=Confirmed i: 106 106  50   5/8/2020 p:    6209   11112 e: -44.1 r:  39.9   
US_California_San_Diego=Confirmed i: 107 107  51          . p:    6209   11112 e: -44.1 r:  42.0   
US_California_San_Diego=Confirmed i: 108 108  52  5/10/2020 p:    6527   11112 e: -41.3 r:  43.0   
US_California_San_Diego=Confirmed i: 109 109  53          . p:    6846   11112 e: -38.4 r:  45.6   
US_California_San_Diego=Confirmed i: 110 110  54  5/12/2020 p:    7164   11112 e: -35.5 r:  46.4   
US_California_San_Diego=Confirmed i: 111 111  55          . p:    7164   11112 e: -35.5 r:  47.5   
US_California_San_Diego=Confirmed i: 112 112  56  5/14/2020 p:    7483   11112 e: -32.7 r:  48.5   
US_California_San_Diego=Confirmed i: 113 113  57          . p:    7483   11112 e: -32.7 r:  49.7   
US_California_San_Diego=Confirmed i: 114 114  58  5/16/2020 p:    7801   11112 e: -29.8 r:  51.0   
US_California_San_Diego=Confirmed i: 115 115  59          . p:    7801   11112 e: -29.8 r:  52.5   
US_California_San_Diego=Confirmed i: 116 116  60  5/18/2020 p:    8119   11112 e: -26.9 r:  53.4   
US_California_San_Diego=Confirmed i: 117 117  61          . p:    8119   11112 e: -26.9 r:  54.2   
US_California_San_Diego=Confirmed i: 118 118  62  5/20/2020 p:    8193   11112 e: -26.3 r:  55.3   
US_California_San_Diego=Confirmed i: 119 119  63          . p:    8383   11112 e: -24.6 r:  56.0   
US_California_San_Diego=Confirmed i: 120 120  64  5/22/2020 p:    8373   11112 e: -24.7 r:  56.8   
US_California_San_Diego=Confirmed i: 121 121  65          . p:    8756   11112 e: -21.2 r:  59.0   
US_California_San_Diego=Confirmed i: 122 122  66  5/24/2020 p:    8756   11112 e: -21.2 r:  59.7   
US_California_San_Diego=Confirmed i: 123 123  67          . p:    8756   11112 e: -21.2 r:  60.3   
US_California_San_Diego=Confirmed i: 124 124  68  5/26/2020 p:    9393   11112 e: -15.5 r:  61.2   
US_California_San_Diego=Confirmed i: 125 125  69          . p:    8921   11112 e: -19.7 r:  61.9   
US_California_San_Diego=Confirmed i: 126 126  70  5/28/2020 p:    9075   11112 e: -18.3 r:  63.9   
US_California_San_Diego=Confirmed i: 127 127  71          . p:    9393   11112 e: -15.5 r:  65.2   
US_California_San_Diego=Confirmed i: 128 128  72  5/30/2020 p:    9393   11112 e: -15.5 r:  66.5   
US_California_San_Diego=Confirmed i: 129   0  73          . p:   11622   11112 e:   4.6 r:  67.3 OK 1st
US_California_San_Diego=Confirmed i: 130   1  74   6/1/2020 p:    9712   11112 e: -12.6 r:  67.6 OK
US_California_San_Diego=Confirmed i: 131   2  75          . p:    9657   11112 e: -13.1 r:  68.0 OK
US_California_San_Diego=Confirmed i: 132   3  76   6/3/2020 p:    9699   11112 e: -12.7 r:  69.1 OK
US_California_San_Diego=Confirmed i: 133   4  77          . p:    9750   11112 e: -12.3 r:  70.2 OK
US_California_San_Diego=Confirmed i: 134   5  78   6/5/2020 p:   11304   11112 e:   1.7 r:  71.5 OK
US_California_San_Diego=Confirmed i: 135   6  79          . p:   12577   11112 e:  13.2 r:  75.1 OK
US_California_San_Diego=Confirmed i: 136   7  80   6/7/2020 p:   10348   11112 e:  -6.9 r:  76.3 OK
US_California_San_Diego=Confirmed i: 137   8  81          . p:   10667   11112 e:  -4.0 r:  77.6 OK
US_California_San_Diego=Confirmed i: 138   9  82   6/9/2020 p:   10667   11112 e:  -4.0 r:  77.6 OK
