
  # Process COVID TAB data
p1= 8407 il= 138
p1= 8227 il= 137
p1= 11264 il= 136
p1= 11264 il= 135
p1= 7974 il= 134
US_Maryland_Baltimore=Confirmed nl = 139, n1= 5 s1= 9427.2 s2= 91140249.2 SD= 1506.03763565191 frac%= 15.975450140571
US_Maryland_Baltimore=Confirmed i:  57  57  -6          . p:     126    9427 e: -98.7 r:   0.1   
US_Maryland_Baltimore=Confirmed i:  58  58  -5  3/21/2020 p:     132    9427 e: -98.6 r:   0.2   
US_Maryland_Baltimore=Confirmed i:  59  59  -4          . p:    3670    9427 e: -61.1 r:   0.3   
US_Maryland_Baltimore=Confirmed i:  60  60  -3  3/23/2020 p:    5442    9427 e: -42.3 r:   0.4   
US_Maryland_Baltimore=Confirmed i:  61  61  -2          . p:     379    9427 e: -96.0 r:   0.4   
US_Maryland_Baltimore=Confirmed i:  62  62  -1  3/25/2020 p:     126    9427 e: -98.7 r:   0.5   
US_Maryland_Baltimore=Confirmed i:  66  66   3  3/29/2020 p:     632    9427 e: -93.3 r:   1.7   
US_Maryland_Baltimore=Confirmed i:  67  67   4          . p:     379    9427 e: -96.0 r:   2.0   
US_Maryland_Baltimore=Confirmed i:  68  68   5  3/31/2020 p:     632    9427 e: -93.3 r:   2.4   
US_Maryland_Baltimore=Confirmed i:  69  69   6          . p:    1139    9427 e: -87.9 r:   3.1   
US_Maryland_Baltimore=Confirmed i:  70  70   7   4/2/2020 p:    2404    9427 e: -74.5 r:   3.7   
US_Maryland_Baltimore=Confirmed i:  71  71   8          . p:    4176    9427 e: -55.7 r:   4.5   
US_Maryland_Baltimore=Confirmed i:  72  72   9   4/4/2020 p:    4683    9427 e: -50.3 r:   5.2   
US_Maryland_Baltimore=Confirmed i:  73  73  10          . p:    2911    9427 e: -69.1 r:   6.3   
US_Maryland_Baltimore=Confirmed i:  74  74  11   4/6/2020 p:    1645    9427 e: -82.6 r:   6.9   
US_Maryland_Baltimore=Confirmed i:  75  75  12          . p:     747    9427 e: -92.1 r:   6.9   
US_Maryland_Baltimore=Confirmed i:  76   0  13   4/8/2020 p:    8599    9427 e:  -8.8 r:   9.2 OK 1st
US_Maryland_Baltimore=Confirmed i:  77   1  14          . p:    9492    9427 e:   0.7 r:  10.4 OK
US_Maryland_Baltimore=Confirmed i:  78   2  15  4/10/2020 p:    6708    9427 e: -28.8 r:  11.4   
US_Maryland_Baltimore=Confirmed i:  79   3  16          . p:    6961    9427 e: -26.2 r:  12.4   
US_Maryland_Baltimore=Confirmed i:  80   4  17  4/12/2020 p:    7457    9427 e: -20.9 r:  13.3   
US_Maryland_Baltimore=Confirmed i:  81   5  18          . p:    5303    9427 e: -43.7 r:  14.4   
US_Maryland_Baltimore=Confirmed i:  82   6  19  4/14/2020 p:    1699    9427 e: -82.0 r:  14.6   
US_Maryland_Baltimore=Confirmed i:  83   7  20          . p:    2099    9427 e: -77.7 r:  15.8   
US_Maryland_Baltimore=Confirmed i:  84   8  21  4/16/2020 p:    1884    9427 e: -80.0 r:  16.1   
US_Maryland_Baltimore=Confirmed i:  85   9  22          . p:    1816    9427 e: -80.7 r:  16.6   
US_Maryland_Baltimore=Confirmed i:  86  10  23  4/18/2020 p:    2151    9427 e: -77.2 r:  17.7   
US_Maryland_Baltimore=Confirmed i:  87  11  24          . p:    2151    9427 e: -77.2 r:  18.4   
US_Maryland_Baltimore=Confirmed i:  88  12  25  4/20/2020 p:    2658    9427 e: -71.8 r:  19.9   
US_Maryland_Baltimore=Confirmed i:  89  13  26          . p:    2658    9427 e: -71.8 r:  20.4   
US_Maryland_Baltimore=Confirmed i:  90  14  27  4/22/2020 p:    2658    9427 e: -71.8 r:  21.3   
US_Maryland_Baltimore=Confirmed i:  91  15  28          . p:    3164    9427 e: -66.4 r:  22.6   
US_Maryland_Baltimore=Confirmed i:  92  16  29  4/24/2020 p:    3164    9427 e: -66.4 r:  23.7   
US_Maryland_Baltimore=Confirmed i:  93  17  30          . p:    3417    9427 e: -63.8 r:  25.3   
US_Maryland_Baltimore=Confirmed i:  94  18  31  4/26/2020 p:    3670    9427 e: -61.1 r:  26.6   
US_Maryland_Baltimore=Confirmed i:  95  19  32          . p:    3923    9427 e: -58.4 r:  27.0   
US_Maryland_Baltimore=Confirmed i:  96  20  33  4/28/2020 p:    3923    9427 e: -58.4 r:  27.9   
US_Maryland_Baltimore=Confirmed i:  97  21  34          . p:    3923    9427 e: -58.4 r:  29.1   
US_Maryland_Baltimore=Confirmed i:  98  22  35  4/30/2020 p:    4176    9427 e: -55.7 r:  30.0   
US_Maryland_Baltimore=Confirmed i:  99  23  36          . p:    4430    9427 e: -53.0 r:  32.0   
US_Maryland_Baltimore=Confirmed i: 100  24  37   5/2/2020 p:    4683    9427 e: -50.3 r:  33.8   
US_Maryland_Baltimore=Confirmed i: 101  25  38          . p:    4683    9427 e: -50.3 r:  35.0   
US_Maryland_Baltimore=Confirmed i: 102  26  39   5/4/2020 p:    4936    9427 e: -47.6 r:  35.7   
US_Maryland_Baltimore=Confirmed i: 103  27  40          . p:    4936    9427 e: -47.6 r:  36.4   
US_Maryland_Baltimore=Confirmed i: 104  28  41   5/6/2020 p:    5033    9427 e: -46.6 r:  37.4   
US_Maryland_Baltimore=Confirmed i: 105  29  42          . p:    5142    9427 e: -45.5 r:  38.8   
US_Maryland_Baltimore=Confirmed i: 106  30  43   5/8/2020 p:    5189    9427 e: -45.0 r:  39.2   
US_Maryland_Baltimore=Confirmed i: 107  31  44          . p:    5255    9427 e: -44.3 r:  39.6   
US_Maryland_Baltimore=Confirmed i: 108  32  45  5/10/2020 p:    5281    9427 e: -44.0 r:  41.0   
US_Maryland_Baltimore=Confirmed i: 109  33  46          . p:    5319    9427 e: -43.6 r:  41.9   
US_Maryland_Baltimore=Confirmed i: 110  34  47  5/12/2020 p:    5442    9427 e: -42.3 r:  43.0   
US_Maryland_Baltimore=Confirmed i: 111  35  48          . p:    5442    9427 e: -42.3 r:  44.1   
US_Maryland_Baltimore=Confirmed i: 112  36  49  5/14/2020 p:    5695    9427 e: -39.6 r:  45.5   
US_Maryland_Baltimore=Confirmed i: 113  37  50          . p:    5695    9427 e: -39.6 r:  46.7   
US_Maryland_Baltimore=Confirmed i: 114  38  51  5/16/2020 p:    5948    9427 e: -36.9 r:  48.3   
US_Maryland_Baltimore=Confirmed i: 115  39  52          . p:    5948    9427 e: -36.9 r:  49.0   
US_Maryland_Baltimore=Confirmed i: 116  40  53  5/18/2020 p:    6202    9427 e: -34.2 r:  50.4   
US_Maryland_Baltimore=Confirmed i: 117  41  54          . p:    6202    9427 e: -34.2 r:  52.2   
US_Maryland_Baltimore=Confirmed i: 118  42  55  5/20/2020 p:    6455    9427 e: -31.5 r:  53.3   
US_Maryland_Baltimore=Confirmed i: 119  43  56          . p:    6708    9427 e: -28.8 r:  54.5   
US_Maryland_Baltimore=Confirmed i: 120  44  57  5/22/2020 p:    6708    9427 e: -28.8 r:  54.8   
US_Maryland_Baltimore=Confirmed i: 121  45  58          . p:    6708    9427 e: -28.8 r:  56.1   
US_Maryland_Baltimore=Confirmed i: 122  46  59  5/24/2020 p:    6961    9427 e: -26.2 r:  57.0   
US_Maryland_Baltimore=Confirmed i: 123  47  60          . p:    6961    9427 e: -26.2 r:  58.1   
US_Maryland_Baltimore=Confirmed i: 124  48  61  5/26/2020 p:    7079    9427 e: -24.9 r:  58.3   
US_Maryland_Baltimore=Confirmed i: 125  49  62          . p:    7097    9427 e: -24.7 r:  59.0   
US_Maryland_Baltimore=Confirmed i: 126  50  63  5/28/2020 p:    6998    9427 e: -25.8 r:  60.2   
US_Maryland_Baltimore=Confirmed i: 127  51  64          . p:    7214    9427 e: -23.5 r:  61.7   
US_Maryland_Baltimore=Confirmed i: 128  52  65  5/30/2020 p:    9746    9427 e:   3.4 r:  63.2 OK
US_Maryland_Baltimore=Confirmed i: 129  53  66          . p:    9999    9427 e:   6.1 r:  64.3 OK
US_Maryland_Baltimore=Confirmed i: 130  54  67   6/1/2020 p:    7720    9427 e: -18.1 r:  66.8   
US_Maryland_Baltimore=Confirmed i: 131  55  68          . p:    7720    9427 e: -18.1 r:  67.7   
US_Maryland_Baltimore=Confirmed i: 132  56  69   6/3/2020 p:   11011    9427 e:  16.8 r:  68.5   
US_Maryland_Baltimore=Confirmed i: 133  57  70          . p:    7974    9427 e: -15.4 r:  68.7   
US_Maryland_Baltimore=Confirmed i: 134  58  71   6/5/2020 p:    7974    9427 e: -15.4 r:  69.9   
US_Maryland_Baltimore=Confirmed i: 135  59  72          . p:   11264    9427 e:  19.5 r:  71.0   
US_Maryland_Baltimore=Confirmed i: 136  60  73   6/7/2020 p:   11264    9427 e:  19.5 r:  71.6   
US_Maryland_Baltimore=Confirmed i: 137  61  74          . p:    8227    9427 e: -12.7 r:  72.3 OK
US_Maryland_Baltimore=Confirmed i: 138  62  75   6/9/2020 p:    8407    9427 e: -10.8 r:  72.7 OK
