
  # Process COVID TAB data
p1= 447 il= 416
p1= 447 il= 415
p1= 447 il= 414
p1= 447 il= 413
p1= 447 il= 412
Australia=Confirmed nl = 417, n1= 5 s1= 447 s2= 199809 SD= 0 frac%= 0
Australia=Confirmed i:  10  10 -36   2/2/2020 p:     134     447 e: -70.0 r:   2.7   
Australia=Confirmed i:  14  14 -32   2/6/2020 p:     134     447 e: -70.0 r:   3.1   
Australia=Confirmed i:  15  15 -31          . p:     134     447 e: -70.0 r:   3.4   
Australia=Confirmed i:  16  16 -30   2/8/2020 p:     134     447 e: -70.0 r:   3.4   
Australia=Confirmed i:  17  17 -29          . p:     134     447 e: -70.0 r:   3.4   
Australia=Confirmed i:  18  18 -28  2/10/2020 p:     132     447 e: -70.5 r:   3.4   
Australia=Confirmed i:  37  37  -9          . p:     134     447 e: -70.0 r:   5.6   
Australia=Confirmed i:  38  38  -8   3/1/2020 p:     134     447 e: -70.0 r:   6.0   
Australia=Confirmed i:  39  39  -7          . p:     134     447 e: -70.0 r:   6.7   
Australia=Confirmed i:  40  40  -6   3/3/2020 p:     134     447 e: -70.0 r:   8.7   
Australia=Confirmed i:  41   0  -5          . p:     403     447 e:  -9.8 r:  11.6 OK 1st
Australia=Confirmed i:  42   1  -4   3/5/2020 p:     134     447 e: -70.0 r:  12.3   
Australia=Confirmed i:  43   2  -3          . p:     134     447 e: -70.0 r:  13.4   
Australia=Confirmed i:  44   3  -2   3/7/2020 p:     134     447 e: -70.0 r:  14.1   
Australia=Confirmed i:  45   4  -1          . p:     134     447 e: -70.0 r:  17.0   
Australia=Confirmed i:  46   5   0   3/9/2020 p:     403     447 e:  -9.8 r:  20.4 OK
Australia=Confirmed i:  47   6   1          . p:    1209     447 e: 170.5 r:  23.9   
Australia=Confirmed i:  48   7   2  3/11/2020 p:    1478     447 e: 230.6 r:  28.6   
Australia=Confirmed i:  49   8   3          . p:    3627     447 e: 711.4 r:  28.6   
Australia=Confirmed i:  53  12   7          . p:    2015     447 e: 350.8 r:  84.3   
Australia=Confirmed i:  54  13   8  3/17/2020 p:    2821     447 e: 531.1 r: 101.1   
Australia=Confirmed i:  55  14   9          . p:   10615     447 e: 2274.7 r: 127.1   
Australia=Confirmed i:  56  15  10  3/19/2020 p:   17602     447 e: 3837.8 r: 152.3   
Australia=Confirmed i:  57  16  11          . p:    5240     447 e: 1072.3 r: 177.0   
Australia=Confirmed i:  61  20  15          . p:    4165     447 e: 831.8 r: 457.3   
Australia=Confirmed i:  62  21  16  3/25/2020 p:    3627     447 e: 711.4 r: 536.0   
Australia=Confirmed i:  63  22  17          . p:    4971     447 e: 1012.1 r: 628.6   
Australia=Confirmed i:  64  23  18  3/27/2020 p:    5777     447 e: 1192.4 r: 708.3   
Australia=Confirmed i:  65  24  19          . p:    7390     447 e: 1553.2 r: 814.3   
Australia=Confirmed i:  66  25  20  3/29/2020 p:    7927     447 e: 1673.4 r: 891.3   
Australia=Confirmed i:  67  26  21          . p:    8733     447 e: 1853.7 r: 975.6   
Australia=Confirmed i:  68  27  22  3/31/2020 p:    8465     447 e: 1793.7 r: 1036.7   
Australia=Confirmed i:  69  28  23          . p:    7390     447 e: 1553.2 r: 1087.7   
Australia=Confirmed i:  70  29  24   4/2/2020 p:    6315     447 e: 1312.8 r: 1144.5   
Australia=Confirmed i:  71  30  25          . p:    6584     447 e: 1372.9 r: 1192.4   
Australia=Confirmed i:  72  31  26   4/4/2020 p:    7121     447 e: 1493.1 r: 1241.6   
Australia=Confirmed i:  73  32  27          . p:    6852     447 e: 1432.9 r: 1272.3   
Australia=Confirmed i:  74  33  28   4/6/2020 p:    6584     447 e: 1372.9 r: 1296.9   
Australia=Confirmed i:  75  34  29          . p:    6584     447 e: 1372.9 r: 1318.8   
Australia=Confirmed i:  76  35  30   4/8/2020 p:    6584     447 e: 1372.9 r: 1344.5   
Australia=Confirmed i:  77  36  31          . p:    6584     447 e: 1372.9 r: 1366.4   
Australia=Confirmed i:  78  37  32  4/10/2020 p:    6584     447 e: 1372.9 r: 1390.4   
Australia=Confirmed i:  79  38  33          . p:    6584     447 e: 1372.9 r: 1410.1   
Australia=Confirmed i:  80  39  34  4/12/2020 p:    6584     447 e: 1372.9 r: 1412.8   
Australia=Confirmed i:  81  40  35          . p:    6584     447 e: 1372.9 r: 1420.8   
Australia=Confirmed i:  82  41  36  4/14/2020 p:    6584     447 e: 1372.9 r: 1435.1   
Australia=Confirmed i:  83  42  37          . p:    6584     447 e: 1372.9 r: 1440.7   
Australia=Confirmed i:  84  43  38  4/16/2020 p:    6584     447 e: 1372.9 r: 1445.6   
Australia=Confirmed i:  85  44  39          . p:    6584     447 e: 1372.9 r: 1459.1   
Australia=Confirmed i:  86  45  40  4/18/2020 p:    6584     447 e: 1372.9 r: 1469.4   
Australia=Confirmed i:  87  46  41          . p:    6852     447 e: 1432.9 r: 1478.7   
Australia=Confirmed i:  88  47  42  4/20/2020 p:    6852     447 e: 1432.9 r: 1481.7   
Australia=Confirmed i:  89  48  43          . p:    6852     447 e: 1432.9 r: 1486.6   
Australia=Confirmed i:  90  49  44  4/22/2020 p:    6852     447 e: 1432.9 r: 1488.1   
Australia=Confirmed i:  91  50  45          . p:    6852     447 e: 1432.9 r: 1490.4   
Australia=Confirmed i:  92  51  46  4/24/2020 p:    6852     447 e: 1432.9 r: 1493.7   
Australia=Confirmed i:  93  52  47          . p:    6852     447 e: 1432.9 r: 1497.5   
Australia=Confirmed i:  94  53  48  4/26/2020 p:    6852     447 e: 1432.9 r: 1502.0   
Australia=Confirmed i:  95  54  49          . p:    6852     447 e: 1432.9 r: 1503.6   
Australia=Confirmed i:  96  55  50  4/28/2020 p:    6852     447 e: 1432.9 r: 1508.7   
Australia=Confirmed i:  97  56  51          . p:    6852     447 e: 1432.9 r: 1510.5   
Australia=Confirmed i:  98  57  52  4/30/2020 p:    6852     447 e: 1432.9 r: 1513.6   
Australia=Confirmed i:  99  58  53          . p:    6852     447 e: 1432.9 r: 1516.3   
Australia=Confirmed i: 100  59  54   5/2/2020 p:    6852     447 e: 1432.9 r: 1520.1   
Australia=Confirmed i: 101  60  55          . p:    6852     447 e: 1432.9 r: 1526.2   
Australia=Confirmed i: 102  61  56   5/4/2020 p:    6852     447 e: 1432.9 r: 1531.8   
Australia=Confirmed i: 103  62  57          . p:    6852     447 e: 1432.9 r: 1538.0   
Australia=Confirmed i: 104  63  58   5/6/2020 p:    7121     447 e: 1493.1 r: 1542.3   
Australia=Confirmed i: 105  64  59          . p:    7121     447 e: 1493.1 r: 1546.5   
Australia=Confirmed i: 106  65  60   5/8/2020 p:    7121     447 e: 1493.1 r: 1547.7   
Australia=Confirmed i: 107  66  61          . p:    7121     447 e: 1493.1 r: 1552.3   
Australia=Confirmed i: 108  67  62  5/10/2020 p:    7121     447 e: 1493.1 r: 1554.4   
Australia=Confirmed i: 109  68  63          . p:    7121     447 e: 1493.1 r: 1559.3   
Australia=Confirmed i: 110  69  64  5/12/2020 p:    7121     447 e: 1493.1 r: 1561.5   
Australia=Confirmed i: 111  70  65          . p:    7121     447 e: 1493.1 r: 1563.5   
Australia=Confirmed i: 112  71  66  5/14/2020 p:    7121     447 e: 1493.1 r: 1570.2   
Australia=Confirmed i: 113  72  67          . p:    7121     447 e: 1493.1 r: 1573.8   
Australia=Confirmed i: 114  73  68  5/16/2020 p:    7121     447 e: 1493.1 r: 1575.8   
Australia=Confirmed i: 115  74  69          . p:    7121     447 e: 1493.1 r: 1578.1   
Australia=Confirmed i: 116  75  70  5/18/2020 p:    7121     447 e: 1493.1 r: 1581.2   
Australia=Confirmed i: 117  76  71          . p:    7157     447 e: 1501.1 r: 1582.1   
Australia=Confirmed i: 118  77  72  5/20/2020 p:    7152     447 e: 1500.0 r: 1584.1   
Australia=Confirmed i: 119  78  73          . p:    7121     447 e: 1493.1 r: 1587.2   
Australia=Confirmed i: 120  79  74  5/22/2020 p:    7119     447 e: 1492.6 r: 1588.1   
Australia=Confirmed i: 121  80  75          . p:    7121     447 e: 1493.1 r: 1591.5   
Australia=Confirmed i: 122  81  76  5/24/2020 p:    7121     447 e: 1493.1 r: 1591.5   
Australia=Confirmed i: 123  82  77          . p:    7204     447 e: 1511.6 r: 1594.2   
Australia=Confirmed i: 124  83  78  5/26/2020 p:    7390     447 e: 1553.2 r: 1597.1   
Australia=Confirmed i: 125  84  79          . p:    7390     447 e: 1553.2 r: 1599.6   
Australia=Confirmed i: 126  85  80  5/28/2020 p:    7390     447 e: 1553.2 r: 1602.9   
Australia=Confirmed i: 127  86  81          . p:    7390     447 e: 1553.2 r: 1607.2   
Australia=Confirmed i: 128  87  82  5/30/2020 p:    7390     447 e: 1553.2 r: 1608.9   
Australia=Confirmed i: 129  88  83          . p:    7390     447 e: 1553.2 r: 1611.2   
Australia=Confirmed i: 130  89  84   6/1/2020 p:    7390     447 e: 1553.2 r: 1615.4   
Australia=Confirmed i: 131  90  85          . p:    7390     447 e: 1553.2 r: 1617.2   
Australia=Confirmed i: 132  91  86   6/3/2020 p:    7390     447 e: 1553.2 r: 1619.7   
Australia=Confirmed i: 133  92  87          . p:    7390     447 e: 1553.2 r: 1621.3   
Australia=Confirmed i: 134  93  88   6/5/2020 p:    7390     447 e: 1553.2 r: 1622.4   
Australia=Confirmed i: 135  94  89          . p:    7390     447 e: 1553.2 r: 1623.9   
Australia=Confirmed i: 136  95  90   6/7/2020 p:    7390     447 e: 1553.2 r: 1625.3   
Australia=Confirmed i: 137  96  91          . p:    7390     447 e: 1553.2 r: 1625.7   
Australia=Confirmed i: 138  97  92   6/9/2020 p:    7338     447 e: 1541.6 r: 1627.3   
Australia=Confirmed i: 185 144 139   3/9/2020 p:      33     447 e: -92.6 r:   0.9   
Australia=Confirmed i: 189 148 143  3/13/2020 p:       0     447 e: -100.0 r:   3.1   
Australia=Confirmed i: 190 149 144          . p:     121     447 e: -72.9 r:   3.8   
Australia=Confirmed i: 191 150 145  3/15/2020 p:      33     447 e: -92.6 r:   3.8   
Australia=Confirmed i: 192 151 146          . p:       0     447 e: -100.0 r:   6.3   
Australia=Confirmed i: 193 152 147  3/17/2020 p:     741     447 e:  65.8 r:   6.9   
Australia=Confirmed i: 194 153 148          . p:      55     447 e: -87.7 r:   7.8   
Australia=Confirmed i: 199 158 153  3/23/2020 p:     807     447 e:  80.5 r:  31.3   
Australia=Confirmed i: 200 159 154          . p:     874     447 e:  95.5 r:  39.1   
Australia=Confirmed i: 201 160 155  3/25/2020 p:     320     447 e: -28.4 r:  39.1   
Australia=Confirmed i: 202 161 156          . p:     674     447 e:  50.8 r:  51.7   
Australia=Confirmed i: 203 162 157  3/27/2020 p:     630     447 e:  40.9 r:  56.8   
Australia=Confirmed i: 204 163 158          . p:     586     447 e:  31.1 r:  62.2   
Australia=Confirmed i: 205 164 159  3/29/2020 p:     608     447 e:  36.0 r:  69.6   
Australia=Confirmed i: 206 165 160          . p:     962     447 e: 115.2 r:  79.4   
Australia=Confirmed i: 207 166 161  3/31/2020 p:     674     447 e:  50.8 r:  81.4   
Australia=Confirmed i: 208 167 162          . p:     652     447 e:  45.9 r:  87.7   
Australia=Confirmed i: 209 168 163   4/2/2020 p:     608     447 e:  36.0 r:  89.5   
Australia=Confirmed i: 210 169 164          . p:     431     447 e:  -3.6 r:  89.5 OK
Australia=Confirmed i: 211 170 165   4/4/2020 p:     520     447 e:  16.3 r:  97.5   
Australia=Confirmed i: 212 171 166          . p:     564     447 e:  26.2 r: 101.3   
Australia=Confirmed i: 213 172 167   4/6/2020 p:     542     447 e:  21.3 r: 102.9   
Australia=Confirmed i: 214 173 168          . p:     520     447 e:  16.3 r: 102.9   
Australia=Confirmed i: 215 174 169   4/8/2020 p:     542     447 e:  21.3 r: 107.6   
Australia=Confirmed i: 216 175 170          . p:     564     447 e:  26.2 r: 110.7   
Australia=Confirmed i: 217 176 171  4/10/2020 p:     564     447 e:  26.2 r: 113.2   
Australia=Confirmed i: 218 177 172          . p:     564     447 e:  26.2 r: 115.0   
Australia=Confirmed i: 219 178 173  4/12/2020 p:     565     447 e:  26.4 r: 115.0   
Australia=Confirmed i: 220 179 174          . p:     565     447 e:  26.4 r: 115.7   
Australia=Confirmed i: 221 180 175  4/14/2020 p:     558     447 e:  24.8 r: 117.9   
Australia=Confirmed i: 222 181 176          . p:     564     447 e:  26.2 r: 117.9   
Australia=Confirmed i: 223 182 177  4/16/2020 p:     564     447 e:  26.2 r: 119.0   
Australia=Confirmed i: 224 183 178          . p:     564     447 e:  26.2 r: 121.0   
Australia=Confirmed i: 225 184 179  4/18/2020 p:     564     447 e:  26.2 r: 121.7   
Australia=Confirmed i: 226 185 180          . p:     564     447 e:  26.2 r: 121.9   
Australia=Confirmed i: 227 186 181  4/20/2020 p:     565     447 e:  26.4 r: 121.9   
Australia=Confirmed i: 228 187 182          . p:     564     447 e:  26.2 r: 122.1   
Australia=Confirmed i: 229 188 183  4/22/2020 p:     558     447 e:  24.8 r: 122.1   
Australia=Confirmed i: 230 189 184          . p:     559     447 e:  25.1 r: 122.1   
Australia=Confirmed i: 231 190 185  4/24/2020 p:     559     447 e:  25.1 r: 122.6   
Australia=Confirmed i: 232 191 186          . p:     564     447 e:  26.2 r: 122.8   
Australia=Confirmed i: 233 192 187  4/26/2020 p:     542     447 e:  21.3 r: 122.8   
Australia=Confirmed i: 234 193 188          . p:     542     447 e:  21.3 r: 122.8   
Australia=Confirmed i: 235 194 189  4/28/2020 p:     542     447 e:  21.3 r: 123.0   
Australia=Confirmed i: 236 195 190          . p:     542     447 e:  21.3 r: 123.3   
Australia=Confirmed i: 237 196 191  4/30/2020 p:     542     447 e:  21.3 r: 123.3   
Australia=Confirmed i: 238 197 192          . p:     554     447 e:  23.9 r: 123.3   
Australia=Confirmed i: 239 198 193   5/2/2020 p:     551     447 e:  23.3 r: 123.3   
Australia=Confirmed i: 240 199 194          . p:     551     447 e:  23.3 r: 123.3   
Australia=Confirmed i: 241 200 195   5/4/2020 p:     551     447 e:  23.3 r: 123.3   
Australia=Confirmed i: 242 201 196          . p:     551     447 e:  23.3 r: 123.3   
Australia=Confirmed i: 243 202 197   5/6/2020 p:     551     447 e:  23.3 r: 123.3   
Australia=Confirmed i: 244 203 198          . p:     551     447 e:  23.3 r: 123.5   
Australia=Confirmed i: 245 204 199   5/8/2020 p:     551     447 e:  23.3 r: 123.5   
Australia=Confirmed i: 246 205 200          . p:     551     447 e:  23.3 r: 123.5   
Australia=Confirmed i: 247 206 201  5/10/2020 p:     542     447 e:  21.3 r: 123.5   
Australia=Confirmed i: 248 207 202          . p:     564     447 e:  26.2 r: 123.7   
Australia=Confirmed i: 249 208 203  5/12/2020 p:     564     447 e:  26.2 r: 123.7   
Australia=Confirmed i: 250 209 204          . p:     542     447 e:  21.3 r: 123.5   
Australia=Confirmed i: 257 216 211  5/20/2020 p:     564     447 e:  26.2 r: 124.6   
Australia=Confirmed i: 258 217 212          . p:     564     447 e:  26.2 r: 124.6   
Australia=Confirmed i: 259 218 213  5/22/2020 p:     564     447 e:  26.2 r: 124.6   
Australia=Confirmed i: 260 219 214          . p:    1515     447 e: 238.9 r: 125.3   
Australia=Confirmed i: 261 220 215  5/24/2020 p:     586     447 e:  31.1 r: 125.3   
Australia=Confirmed i: 268 227 222          . p:     608     447 e:  36.0 r: 131.8   
Australia=Confirmed i: 269 228 223   6/1/2020 p:     608     447 e:  36.0 r: 132.2   
Australia=Confirmed i: 270 229 224          . p:     608     447 e:  36.0 r: 132.4   
Australia=Confirmed i: 271 230 225   6/3/2020 p:     586     447 e:  31.1 r: 132.4   
Australia=Confirmed i: 272 231 226          . p:     586     447 e:  31.1 r: 132.4   
Australia=Confirmed i: 273 232 227   6/5/2020 p:     608     447 e:  36.0 r: 133.3   
Australia=Confirmed i: 274 233 228          . p:     608     447 e:  36.0 r: 134.0   
Australia=Confirmed i: 275 234 229   6/7/2020 p:     608     447 e:  36.0 r: 134.0   
Australia=Confirmed i: 276 235 230          . p:     608     447 e:  36.0 r: 134.0   
Australia=Confirmed i: 277 236 231   6/9/2020 p:     608     447 e:  36.0 r: 134.0   
Australia=Confirmed i: 322 281 276   3/7/2020 p:       8     447 e: -98.2 r:   1.6   
Australia=Confirmed i: 323 282 277          . p:       8     447 e: -98.2 r:   1.6   
Australia=Confirmed i: 324 283 278   3/9/2020 p:       8     447 e: -98.2 r:   1.6   
Australia=Confirmed i: 325 284 279          . p:       8     447 e: -98.2 r:   1.6   
Australia=Confirmed i: 326 285 280  3/11/2020 p:       8     447 e: -98.2 r:   2.0   
Australia=Confirmed i: 327 286 281          . p:       8     447 e: -98.2 r:   2.0   
Australia=Confirmed i: 330 289 284  3/15/2020 p:      24     447 e: -94.6 r:   4.5   
Australia=Confirmed i: 332 291 286  3/17/2020 p:     154     447 e: -65.5 r:   6.5   
Australia=Confirmed i: 333 292 287          . p:     105     447 e: -76.5 r:   8.3   
Australia=Confirmed i: 334 293 288  3/19/2020 p:     105     447 e: -76.5 r:   9.4   
Australia=Confirmed i: 335 294 289          . p:     121     447 e: -72.9 r:  11.2   
Australia=Confirmed i: 336 295 290  3/21/2020 p:       0     447 e: -100.0 r:  15.0   
Australia=Confirmed i: 340 299 294  3/25/2020 p:     528     447 e:  18.1 r:  45.2   
Australia=Confirmed i: 341 300 295          . p:     381     447 e: -14.8 r:  52.6 OK
Australia=Confirmed i: 342 301 296  3/27/2020 p:     349     447 e: -21.9 r:  57.5   
Australia=Confirmed i: 343 302 297          . p:     398     447 e: -11.0 r:  64.2 OK
Australia=Confirmed i: 344 303 298  3/29/2020 p:     381     447 e: -14.8 r:  66.9 OK
Australia=Confirmed i: 345 304 299          . p:     349     447 e: -21.9 r:  68.2   
Australia=Confirmed i: 346 305 300  3/31/2020 p:     398     447 e: -11.0 r:  75.4 OK
Australia=Confirmed i: 347 306 301          . p:     463     447 e:   3.6 r:  82.1 OK
Australia=Confirmed i: 348 307 302   4/2/2020 p:     447     447 e:   0.0 r:  82.1 OK
Australia=Confirmed i: 349 308 303          . p:     658     447 e:  47.2 r:  88.6   
Australia=Confirmed i: 350 309 304   4/4/2020 p:     479     447 e:   7.2 r:  91.1 OK
Australia=Confirmed i: 351 310 305          . p:     430     447 e:  -3.8 r:  91.1 OK
Australia=Confirmed i: 352 311 306   4/6/2020 p:     414     447 e:  -7.4 r:  91.9 OK
Australia=Confirmed i: 353 312 307          . p:     414     447 e:  -7.4 r:  91.9 OK
Australia=Confirmed i: 354 313 308   4/8/2020 p:     414     447 e:  -7.4 r:  92.8 OK
Australia=Confirmed i: 355 314 309          . p:     447     447 e:   0.0 r:  94.0 OK
Australia=Confirmed i: 356 315 310  4/10/2020 p:     447     447 e:   0.0 r:  95.7 OK
Australia=Confirmed i: 357 316 311          . p:     447     447 e:   0.0 r:  96.0 OK
Australia=Confirmed i: 358 317 312  4/12/2020 p:     447     447 e:   0.0 r:  96.0 OK
Australia=Confirmed i: 359 318 313          . p:     447     447 e:   0.0 r:  96.0 OK
Australia=Confirmed i: 360 319 314  4/14/2020 p:     447     447 e:   0.0 r:  96.9 OK
Australia=Confirmed i: 361 320 315          . p:     447     447 e:   0.0 r:  96.9 OK
Australia=Confirmed i: 362 321 316  4/16/2020 p:     447     447 e:   0.0 r:  96.9 OK
Australia=Confirmed i: 363 322 317          . p:     447     447 e:   0.0 r:  97.3 OK
Australia=Confirmed i: 364 323 318  4/18/2020 p:     447     447 e:   0.0 r:  97.3 OK
Australia=Confirmed i: 365 324 319          . p:     447     447 e:   0.0 r:  97.3 OK
Australia=Confirmed i: 366 325 320  4/20/2020 p:     447     447 e:   0.0 r:  97.3 OK
Australia=Confirmed i: 367 326 321          . p:     447     447 e:   0.0 r:  97.8 OK
Australia=Confirmed i: 368 327 322  4/22/2020 p:     447     447 e:   0.0 r:  98.0 OK
Australia=Confirmed i: 369 328 323          . p:     447     447 e:   0.0 r:  98.0 OK
Australia=Confirmed i: 370 329 324  4/24/2020 p:     447     447 e:   0.0 r:  98.0 OK
Australia=Confirmed i: 371 330 325          . p:     447     447 e:   0.0 r:  98.0 OK
Australia=Confirmed i: 372 331 326  4/26/2020 p:     447     447 e:   0.0 r:  98.0 OK
Australia=Confirmed i: 373 332 327          . p:     447     447 e:   0.0 r:  98.0 OK
Australia=Confirmed i: 374 333 328  4/28/2020 p:     447     447 e:   0.0 r:  98.0 OK
Australia=Confirmed i: 375 334 329          . p:     447     447 e:   0.0 r:  98.0 OK
Australia=Confirmed i: 376 335 330  4/30/2020 p:     447     447 e:   0.0 r:  98.0 OK
Australia=Confirmed i: 377 336 331          . p:     447     447 e:   0.0 r:  98.0 OK
Australia=Confirmed i: 378 337 332   5/2/2020 p:     447     447 e:   0.0 r:  98.0 OK
Australia=Confirmed i: 379 338 333          . p:     447     447 e:   0.0 r:  98.0 OK
Australia=Confirmed i: 380 339 334   5/4/2020 p:     447     447 e:   0.0 r:  98.0 OK
Australia=Confirmed i: 381 340 335          . p:     447     447 e:   0.0 r:  98.0 OK
Australia=Confirmed i: 382 341 336   5/6/2020 p:     447     447 e:   0.0 r:  98.0 OK
Australia=Confirmed i: 383 342 337          . p:     447     447 e:   0.0 r:  98.2 OK
Australia=Confirmed i: 384 343 338   5/8/2020 p:     439     447 e:  -1.8 r:  98.2 OK
Australia=Confirmed i: 385 344 339          . p:     437     447 e:  -2.2 r:  98.2 OK
Australia=Confirmed i: 386 345 340  5/10/2020 p:     442     447 e:  -1.1 r:  98.2 OK
Australia=Confirmed i: 387 346 341          . p:     447     447 e:   0.0 r:  98.2 OK
Australia=Confirmed i: 388 347 342  5/12/2020 p:     442     447 e:  -1.1 r:  98.2 OK
Australia=Confirmed i: 389 348 343          . p:     442     447 e:  -1.1 r:  98.2 OK
Australia=Confirmed i: 390 349 344  5/14/2020 p:     442     447 e:  -1.1 r:  98.2 OK
Australia=Confirmed i: 391 350 345          . p:     442     447 e:  -1.1 r:  98.2 OK
Australia=Confirmed i: 392 351 346  5/16/2020 p:     442     447 e:  -1.1 r:  98.2 OK
Australia=Confirmed i: 393 352 347          . p:     442     447 e:  -1.1 r:  98.2 OK
Australia=Confirmed i: 394 353 348  5/18/2020 p:     442     447 e:  -1.1 r:  98.2 OK
Australia=Confirmed i: 395 354 349          . p:     442     447 e:  -1.1 r:  98.2 OK
Australia=Confirmed i: 396 355 350  5/20/2020 p:     442     447 e:  -1.1 r:  98.2 OK
Australia=Confirmed i: 397 356 351          . p:     442     447 e:  -1.1 r:  98.2 OK
Australia=Confirmed i: 398 357 352  5/22/2020 p:     442     447 e:  -1.1 r:  98.2 OK
Australia=Confirmed i: 399 358 353          . p:     442     447 e:  -1.1 r:  98.2 OK
Australia=Confirmed i: 400 359 354  5/24/2020 p:     442     447 e:  -1.1 r:  98.2 OK
Australia=Confirmed i: 401 360 355          . p:     442     447 e:  -1.1 r:  98.2 OK
Australia=Confirmed i: 404 363 358  5/28/2020 p:     463     447 e:   3.6 r:  98.4 OK
Australia=Confirmed i: 405 364 359          . p:       0     447 e: -100.0 r:  98.4   
Australia=Confirmed i: 406 365 360  5/30/2020 p:     447     447 e:   0.0 r:  98.4 OK
Australia=Confirmed i: 407 366 361          . p:     447     447 e:   0.0 r:  98.4 OK
Australia=Confirmed i: 408 367 362   6/1/2020 p:     447     447 e:   0.0 r:  98.4 OK
Australia=Confirmed i: 409 368 363          . p:     447     447 e:   0.0 r:  98.4 OK
Australia=Confirmed i: 410 369 364   6/3/2020 p:     447     447 e:   0.0 r:  98.4 OK
Australia=Confirmed i: 411 370 365          . p:     447     447 e:   0.0 r:  98.4 OK
Australia=Confirmed i: 412 371 366   6/5/2020 p:     447     447 e:   0.0 r:  98.4 OK
Australia=Confirmed i: 413 372 367          . p:     447     447 e:   0.0 r:  98.4 OK
Australia=Confirmed i: 414 373 368   6/7/2020 p:     447     447 e:   0.0 r:  98.4 OK
Australia=Confirmed i: 415 374 369          . p:     447     447 e:   0.0 r:  98.4 OK
Australia=Confirmed i: 416 375 370   6/9/2020 p:     447     447 e:   0.0 r:  98.4 OK
