
  # Process COVID TAB data
p1= 3744 il= 138
p1= 3654 il= 137
p1= 3654 il= 136
p1= 3654 il= 135
p1= 3534 il= 134
US_New_York_Monroe=Confirmed nl = 139, n1= 5 s1= 3648 s2= 13312368 SD= 66.8131723539603 frac%= 1.83150143514145
US_New_York_Monroe=Confirmed i:  56  56  -4  3/19/2020 p:      59    3648 e: -98.4 r:   0.8   
US_New_York_Monroe=Confirmed i:  57  57  -3          . p:      58    3648 e: -98.4 r:   1.0   
US_New_York_Monroe=Confirmed i:  58  58  -2  3/21/2020 p:      65    3648 e: -98.2 r:   1.3   
US_New_York_Monroe=Confirmed i:  59  59  -1          . p:     179    3648 e: -95.1 r:   1.9   
US_New_York_Monroe=Confirmed i:  60  60   0  3/23/2020 p:     179    3648 e: -95.1 r:   2.2   
US_New_York_Monroe=Confirmed i:  61  61   1          . p:     299    3648 e: -91.8 r:   2.9   
US_New_York_Monroe=Confirmed i:  62  62   2  3/25/2020 p:     258    3648 e: -92.9 r:   3.2   
US_New_York_Monroe=Confirmed i:  63  63   3          . p:     345    3648 e: -90.5 r:   4.1   
US_New_York_Monroe=Confirmed i:  64  64   4  3/27/2020 p:     367    3648 e: -89.9 r:   4.6   
US_New_York_Monroe=Confirmed i:  65  65   5          . p:     461    3648 e: -87.4 r:   5.5   
US_New_York_Monroe=Confirmed i:  66  66   6  3/29/2020 p:     560    3648 e: -84.6 r:   6.0   
US_New_York_Monroe=Confirmed i:  67  67   7          . p:     507    3648 e: -86.1 r:   6.7   
US_New_York_Monroe=Confirmed i:  68  68   8  3/31/2020 p:     490    3648 e: -86.6 r:   7.0   
US_New_York_Monroe=Confirmed i:  69  69   9          . p:     753    3648 e: -79.4 r:   9.6   
US_New_York_Monroe=Confirmed i:  70  70  10   4/2/2020 p:    2349    3648 e: -35.6 r:  11.5   
US_New_York_Monroe=Confirmed i:  71  71  11          . p:    1258    3648 e: -65.5 r:  12.7   
US_New_York_Monroe=Confirmed i:  72  72  12   4/4/2020 p:    1497    3648 e: -59.0 r:  14.0   
US_New_York_Monroe=Confirmed i:  73  73  13          . p:    1497    3648 e: -59.0 r:  15.0   
US_New_York_Monroe=Confirmed i:  74  74  14   4/6/2020 p:     666    3648 e: -81.7 r:  15.7   
US_New_York_Monroe=Confirmed i:  75  75  15          . p:     669    3648 e: -81.7 r:  16.3   
US_New_York_Monroe=Confirmed i:  76  76  16   4/8/2020 p:    1988    3648 e: -45.5 r:  17.8   
US_New_York_Monroe=Confirmed i:  77  77  17          . p:    1812    3648 e: -50.3 r:  19.1   
US_New_York_Monroe=Confirmed i:  78  78  18  4/10/2020 p:    1737    3648 e: -52.4 r:  20.3   
US_New_York_Monroe=Confirmed i:  79  79  19          . p:    1617    3648 e: -55.7 r:  21.0   
US_New_York_Monroe=Confirmed i:  80  80  20  4/12/2020 p:    1456    3648 e: -60.1 r:  21.9   
US_New_York_Monroe=Confirmed i:  81  81  21          . p:    1348    3648 e: -63.0 r:  22.6   
US_New_York_Monroe=Confirmed i:  82  82  22  4/14/2020 p:    1038    3648 e: -71.5 r:  23.3   
US_New_York_Monroe=Confirmed i:  83  83  23          . p:    1258    3648 e: -65.5 r:  24.2   
US_New_York_Monroe=Confirmed i:  84  84  24  4/16/2020 p:    1258    3648 e: -65.5 r:  25.5   
US_New_York_Monroe=Confirmed i:  85  85  25          . p:    1377    3648 e: -62.3 r:  26.7   
US_New_York_Monroe=Confirmed i:  86  86  26  4/18/2020 p:    1377    3648 e: -62.3 r:  27.6   
US_New_York_Monroe=Confirmed i:  87  87  27          . p:    1377    3648 e: -62.3 r:  28.3   
US_New_York_Monroe=Confirmed i:  88  88  28  4/20/2020 p:    1377    3648 e: -62.3 r:  28.9   
US_New_York_Monroe=Confirmed i:  89  89  29          . p:    1345    3648 e: -63.1 r:  29.3   
US_New_York_Monroe=Confirmed i:  90  90  30  4/22/2020 p:    1383    3648 e: -62.1 r:  30.5   
US_New_York_Monroe=Confirmed i:  91  91  31          . p:    1432    3648 e: -60.7 r:  31.6   
US_New_York_Monroe=Confirmed i:  92  92  32  4/24/2020 p:    1497    3648 e: -59.0 r:  32.9   
US_New_York_Monroe=Confirmed i:  93  93  33          . p:    1617    3648 e: -55.7 r:  35.2   
US_New_York_Monroe=Confirmed i:  94  94  34  4/26/2020 p:    1737    3648 e: -52.4 r:  36.1   
US_New_York_Monroe=Confirmed i:  95  95  35          . p:    1737    3648 e: -52.4 r:  36.5   
US_New_York_Monroe=Confirmed i:  96  96  36  4/28/2020 p:    1737    3648 e: -52.4 r:  37.6   
US_New_York_Monroe=Confirmed i:  97  97  37          . p:    1857    3648 e: -49.1 r:  38.5   
US_New_York_Monroe=Confirmed i:  98  98  38  4/30/2020 p:    1857    3648 e: -49.1 r:  39.5   
US_New_York_Monroe=Confirmed i:  99  99  39          . p:    1857    3648 e: -49.1 r:  40.5   
US_New_York_Monroe=Confirmed i: 100 100  40   5/2/2020 p:    1976    3648 e: -45.8 r:  42.1   
US_New_York_Monroe=Confirmed i: 101 101  41          . p:    1976    3648 e: -45.8 r:  42.9   
US_New_York_Monroe=Confirmed i: 102 102  42   5/4/2020 p:    1976    3648 e: -45.8 r:  43.7   
US_New_York_Monroe=Confirmed i: 103 103  43          . p:    2096    3648 e: -42.5 r:  44.5   
US_New_York_Monroe=Confirmed i: 104 104  44   5/6/2020 p:    2245    3648 e: -38.5 r:  45.4   
US_New_York_Monroe=Confirmed i: 105 105  45          . p:    2096    3648 e: -42.5 r:  46.3   
US_New_York_Monroe=Confirmed i: 106 106  46   5/8/2020 p:    2096    3648 e: -42.5 r:  47.6   
US_New_York_Monroe=Confirmed i: 107 107  47          . p:    2216    3648 e: -39.3 r:  48.7   
US_New_York_Monroe=Confirmed i: 108 108  48  5/10/2020 p:    2216    3648 e: -39.3 r:  49.9   
US_New_York_Monroe=Confirmed i: 109 109  49          . p:    2216    3648 e: -39.3 r:  50.7   
US_New_York_Monroe=Confirmed i: 110 110  50  5/12/2020 p:    2336    3648 e: -36.0 r:  51.8   
US_New_York_Monroe=Confirmed i: 111 111  51          . p:    2336    3648 e: -36.0 r:  53.7   
US_New_York_Monroe=Confirmed i: 112 112  52  5/14/2020 p:    2456    3648 e: -32.7 r:  55.3   
US_New_York_Monroe=Confirmed i: 113 113  53          . p:    2575    3648 e: -29.4 r:  57.3   
US_New_York_Monroe=Confirmed i: 114 114  54  5/16/2020 p:    2695    3648 e: -26.1 r:  60.1   
US_New_York_Monroe=Confirmed i: 115 115  55          . p:    2815    3648 e: -22.8 r:  61.9   
US_New_York_Monroe=Confirmed i: 116 116  56  5/18/2020 p:    2935    3648 e: -19.5 r:  63.1   
US_New_York_Monroe=Confirmed i: 117   0  57          . p:    3893    3648 e:   6.7 r:  65.1 OK 1st
US_New_York_Monroe=Confirmed i: 118   1  58  5/20/2020 p:    4013    3648 e:  10.0 r:  67.6 OK
US_New_York_Monroe=Confirmed i: 119   2  59          . p:    4253    3648 e:  16.6 r:  69.4   
US_New_York_Monroe=Confirmed i: 120   3  60  5/22/2020 p:    4732    3648 e:  29.7 r:  71.3   
US_New_York_Monroe=Confirmed i: 121   4  61          . p:    3294    3648 e:  -9.7 r:  72.9 OK
US_New_York_Monroe=Confirmed i: 122   5  62  5/24/2020 p:    5211    3648 e:  42.8 r:  73.9   
US_New_York_Monroe=Confirmed i: 123   6  63          . p:    2935    3648 e: -19.5 r:  74.9   
US_New_York_Monroe=Confirmed i: 124   7  64  5/26/2020 p:    2935    3648 e: -19.5 r:  75.7   
US_New_York_Monroe=Confirmed i: 125   8  65          . p:    2935    3648 e: -19.5 r:  76.5   
US_New_York_Monroe=Confirmed i: 126   9  66  5/28/2020 p:    2935    3648 e: -19.5 r:  77.4   
US_New_York_Monroe=Confirmed i: 127  10  67          . p:    3055    3648 e: -16.3 r:  78.4   
US_New_York_Monroe=Confirmed i: 128  11  68  5/30/2020 p:    3174    3648 e: -13.0 r:  79.7 OK
US_New_York_Monroe=Confirmed i: 129  12  69          . p:    3294    3648 e:  -9.7 r:  80.6 OK
US_New_York_Monroe=Confirmed i: 130  13  70   6/1/2020 p:    3294    3648 e:  -9.7 r:  81.2 OK
US_New_York_Monroe=Confirmed i: 131  14  71          . p:    3294    3648 e:  -9.7 r:  81.9 OK
US_New_York_Monroe=Confirmed i: 132  15  72   6/3/2020 p:    3414    3648 e:  -6.4 r:  83.6 OK
US_New_York_Monroe=Confirmed i: 133  16  73          . p:    3534    3648 e:  -3.1 r:  84.5 OK
US_New_York_Monroe=Confirmed i: 134  17  74   6/5/2020 p:    3534    3648 e:  -3.1 r:  85.4 OK
US_New_York_Monroe=Confirmed i: 135  18  75          . p:    3654    3648 e:   0.2 r:  86.8 OK
US_New_York_Monroe=Confirmed i: 136  19  76   6/7/2020 p:    3654    3648 e:   0.2 r:  87.4 OK
US_New_York_Monroe=Confirmed i: 137  20  77          . p:    3654    3648 e:   0.2 r:  87.8 OK
US_New_York_Monroe=Confirmed i: 138  21  78   6/9/2020 p:    3744    3648 e:   2.6 r:  88.9 OK
