
  # Process COVID TAB data
p1= 3170 il= 138
p1= 3170 il= 137
p1= 3170 il= 136
p1= 3170 il= 135
p1= 3170 il= 134
Thailand=Confirmed nl = 139, n1= 5 s1= 3170 s2= 10048900 SD= 0 frac%= 0
Thailand=Confirmed i:   6   6 -45  1/29/2020 p:      57    3170 e: -98.2 r:   0.4   
Thailand=Confirmed i:   7   7 -44          . p:      57    3170 e: -98.2 r:   0.4   
Thailand=Confirmed i:   8   8 -43  1/31/2020 p:      57    3170 e: -98.2 r:   0.6   
Thailand=Confirmed i:  12  12 -39   2/4/2020 p:      57    3170 e: -98.2 r:   0.8   
Thailand=Confirmed i:  13  13 -38          . p:      57    3170 e: -98.2 r:   0.8   
Thailand=Confirmed i:  14  14 -37   2/6/2020 p:      57    3170 e: -98.2 r:   0.8   
Thailand=Confirmed i:  15  15 -36          . p:      42    3170 e: -98.7 r:   0.8   
Thailand=Confirmed i:  16  16 -35   2/8/2020 p:      57    3170 e: -98.2 r:   1.0   
Thailand=Confirmed i:  17  17 -34          . p:      57    3170 e: -98.2 r:   1.0   
Thailand=Confirmed i:  18  18 -33  2/10/2020 p:      57    3170 e: -98.2 r:   1.0   
Thailand=Confirmed i:  19  19 -32          . p:      57    3170 e: -98.2 r:   1.0   
Thailand=Confirmed i:  20  20 -31  2/12/2020 p:      56    3170 e: -98.2 r:   1.0   
Thailand=Confirmed i:  24  24 -27  2/16/2020 p:      57    3170 e: -98.2 r:   1.1   
Thailand=Confirmed i:  25  25 -26          . p:      57    3170 e: -98.2 r:   1.1   
Thailand=Confirmed i:  26  26 -25  2/18/2020 p:      57    3170 e: -98.2 r:   1.1   
Thailand=Confirmed i:  27  27 -24          . p:      57    3170 e: -98.2 r:   1.1   
Thailand=Confirmed i:  28  28 -23  2/20/2020 p:      57    3170 e: -98.2 r:   1.1   
Thailand=Confirmed i:  29  29 -22          . p:      57    3170 e: -98.2 r:   1.1   
Thailand=Confirmed i:  30  30 -21  2/22/2020 p:      57    3170 e: -98.2 r:   1.1   
Thailand=Confirmed i:  31  31 -20          . p:      57    3170 e: -98.2 r:   1.1   
Thailand=Confirmed i:  32  32 -19  2/24/2020 p:      56    3170 e: -98.2 r:   1.1   
Thailand=Confirmed i:  33  33 -18          . p:      57    3170 e: -98.2 r:   1.2   
Thailand=Confirmed i:  34  34 -17  2/26/2020 p:      57    3170 e: -98.2 r:   1.3   
Thailand=Confirmed i:  35  35 -16          . p:      57    3170 e: -98.2 r:   1.3   
Thailand=Confirmed i:  36  36 -15  2/28/2020 p:      57    3170 e: -98.2 r:   1.3   
Thailand=Confirmed i:  37  37 -14          . p:      57    3170 e: -98.2 r:   1.3   
Thailand=Confirmed i:  38  38 -13   3/1/2020 p:      57    3170 e: -98.2 r:   1.3   
Thailand=Confirmed i:  39  39 -12          . p:      57    3170 e: -98.2 r:   1.4   
Thailand=Confirmed i:  40  40 -11   3/3/2020 p:      57    3170 e: -98.2 r:   1.4   
Thailand=Confirmed i:  41  41 -10          . p:      57    3170 e: -98.2 r:   1.4   
Thailand=Confirmed i:  42  42  -9   3/5/2020 p:      57    3170 e: -98.2 r:   1.5   
Thailand=Confirmed i:  43  43  -8          . p:      57    3170 e: -98.2 r:   1.5   
Thailand=Confirmed i:  44  44  -7   3/7/2020 p:      57    3170 e: -98.2 r:   1.6   
Thailand=Confirmed i:  45  45  -6          . p:      57    3170 e: -98.2 r:   1.6   
Thailand=Confirmed i:  46  46  -5   3/9/2020 p:      57    3170 e: -98.2 r:   1.6   
Thailand=Confirmed i:  47  47  -4          . p:      57    3170 e: -98.2 r:   1.7   
Thailand=Confirmed i:  48  48  -3  3/11/2020 p:     172    3170 e: -94.6 r:   1.9   
Thailand=Confirmed i:  49  49  -2          . p:     864    3170 e: -72.7 r:   2.2   
Thailand=Confirmed i:  51  51   0          . p:    6399    3170 e: 101.9 r:   2.6   
Thailand=Confirmed i:  55  55   4          . p:    2017    3170 e: -36.4 r:   6.7   
Thailand=Confirmed i:  56  56   5  3/19/2020 p:    2017    3170 e: -36.4 r:   8.6   
Thailand=Confirmed i:  57  57   6          . p:    2479    3170 e: -21.8 r:  10.2   
Thailand=Confirmed i:  58  58   7  3/21/2020 p:       0    3170 e: -100.0 r:  13.0   
Thailand=Confirmed i:  61  61  10          . p:    5822    3170 e:  83.7 r:  26.1   
Thailand=Confirmed i:  62  62  11  3/25/2020 p:    1326    3170 e: -58.2 r:  29.5   
Thailand=Confirmed i:  63  63  12          . p:    1326    3170 e: -58.2 r:  33.0   
Thailand=Confirmed i:  64  64  13  3/27/2020 p:    1441    3170 e: -54.5 r:  35.8   
Thailand=Confirmed i:  65  65  14          . p:    1671    3170 e: -47.3 r:  39.3   
Thailand=Confirmed i:  66  66  15  3/29/2020 p:    2017    3170 e: -36.4 r:  43.8   
Thailand=Confirmed i:  67  67  16          . p:    2363    3170 e: -25.5 r:  48.1   
Thailand=Confirmed i:  68  68  17  3/31/2020 p:    2594    3170 e: -18.2 r:  52.1   
Thailand=Confirmed i:  69   0  18          . p:    2824    3170 e: -10.9 r:  55.9 OK 1st
Thailand=Confirmed i:  70   1  19   4/2/2020 p:    3055    3170 e:  -3.6 r:  59.1 OK
Thailand=Confirmed i:  71   2  20          . p:    2940    3170 e:  -7.3 r:  62.4 OK
Thailand=Confirmed i:  72   3  21   4/4/2020 p:    2709    3170 e: -14.5 r:  65.2 OK
Thailand=Confirmed i:  73   4  22          . p:    3055    3170 e:  -3.6 r:  68.4 OK
Thailand=Confirmed i:  74   5  23   4/6/2020 p:    2824    3170 e: -10.9 r:  70.0 OK
Thailand=Confirmed i:  75   6  24          . p:    2940    3170 e:  -7.3 r:  71.2 OK
Thailand=Confirmed i:  76   7  25   4/8/2020 p:    2940    3170 e:  -7.3 r:  74.7 OK
Thailand=Confirmed i:  77   8  26          . p:    3055    3170 e:  -3.6 r:  76.4 OK
Thailand=Confirmed i:  78   9  27  4/10/2020 p:    2940    3170 e:  -7.3 r:  78.0 OK
Thailand=Confirmed i:  79  10  28          . p:    2940    3170 e:  -7.3 r:  79.4 OK
Thailand=Confirmed i:  80  11  29  4/12/2020 p:    2940    3170 e:  -7.3 r:  80.5 OK
Thailand=Confirmed i:  81  12  30          . p:    2824    3170 e: -10.9 r:  81.4 OK
Thailand=Confirmed i:  82  13  31  4/14/2020 p:    2824    3170 e: -10.9 r:  82.4 OK
Thailand=Confirmed i:  83  14  32          . p:    2824    3170 e: -10.9 r:  83.4 OK
Thailand=Confirmed i:  84  15  33  4/16/2020 p:    2824    3170 e: -10.9 r:  84.3 OK
Thailand=Confirmed i:  85  16  34          . p:    2824    3170 e: -10.9 r:  85.2 OK
Thailand=Confirmed i:  86  17  35  4/18/2020 p:    2940    3170 e:  -7.3 r:  86.2 OK
Thailand=Confirmed i:  87  18  36          . p:    2940    3170 e:  -7.3 r:  87.2 OK
Thailand=Confirmed i:  88  19  37  4/20/2020 p:    2940    3170 e:  -7.3 r:  88.1 OK
Thailand=Confirmed i:  89  20  38          . p:    2940    3170 e:  -7.3 r:  88.7 OK
Thailand=Confirmed i:  90  21  39  4/22/2020 p:    2940    3170 e:  -7.3 r:  89.1 OK
Thailand=Confirmed i:  91  22  40          . p:    2940    3170 e:  -7.3 r:  89.6 OK
Thailand=Confirmed i:  92  23  41  4/24/2020 p:    3055    3170 e:  -3.6 r:  91.7 OK
Thailand=Confirmed i:  93  24  42          . p:    3055    3170 e:  -3.6 r:  91.7 OK
Thailand=Confirmed i:  94  25  43  4/26/2020 p:    3055    3170 e:  -3.6 r:  92.2 OK
Thailand=Confirmed i:  95  26  44          . p:    3055    3170 e:  -3.6 r:  92.5 OK
Thailand=Confirmed i:  96  27  45  4/28/2020 p:    3055    3170 e:  -3.6 r:  92.7 OK
Thailand=Confirmed i:  97  28  46          . p:    3055    3170 e:  -3.6 r:  93.0 OK
Thailand=Confirmed i:  98  29  47  4/30/2020 p:    3055    3170 e:  -3.6 r:  93.2 OK
Thailand=Confirmed i:  99  30  48          . p:    3055    3170 e:  -3.6 r:  93.4 OK
Thailand=Confirmed i: 100  31  49   5/2/2020 p:    3055    3170 e:  -3.6 r:  93.6 OK
Thailand=Confirmed i: 101  32  50          . p:    3055    3170 e:  -3.6 r:  93.7 OK
Thailand=Confirmed i: 102  33  51   5/4/2020 p:    3055    3170 e:  -3.6 r:  94.2 OK
Thailand=Confirmed i: 103  34  52          . p:    3055    3170 e:  -3.6 r:  94.3 OK
Thailand=Confirmed i: 104  35  53   5/6/2020 p:    3055    3170 e:  -3.6 r:  94.3 OK
Thailand=Confirmed i: 105  36  54          . p:    3055    3170 e:  -3.6 r:  94.4 OK
Thailand=Confirmed i: 106  37  55   5/8/2020 p:    3032    3170 e:  -4.4 r:  94.6 OK
Thailand=Confirmed i: 107  38  56          . p:    3055    3170 e:  -3.6 r:  94.8 OK
Thailand=Confirmed i: 108  39  57  5/10/2020 p:    3055    3170 e:  -3.6 r:  94.9 OK
Thailand=Confirmed i: 109  40  58          . p:    3055    3170 e:  -3.6 r:  95.1 OK
Thailand=Confirmed i: 110  41  59  5/12/2020 p:    3055    3170 e:  -3.6 r:  95.2 OK
Thailand=Confirmed i: 111  42  60          . p:    3055    3170 e:  -3.6 r:  95.2 OK
Thailand=Confirmed i: 112  43  61  5/14/2020 p:    3056    3170 e:  -3.6 r:  95.2 OK
Thailand=Confirmed i: 113  44  62          . p:    3055    3170 e:  -3.6 r:  95.4 OK
Thailand=Confirmed i: 114  45  63  5/16/2020 p:    3055    3170 e:  -3.6 r:  95.4 OK
Thailand=Confirmed i: 115  46  64          . p:    3055    3170 e:  -3.6 r:  95.5 OK
Thailand=Confirmed i: 116  47  65  5/18/2020 p:    3055    3170 e:  -3.6 r:  95.6 OK
Thailand=Confirmed i: 117  48  66          . p:    3055    3170 e:  -3.6 r:  95.7 OK
Thailand=Confirmed i: 118  49  67  5/20/2020 p:    3063    3170 e:  -3.4 r:  95.7 OK
Thailand=Confirmed i: 119  50  68          . p:    3064    3170 e:  -3.3 r:  95.8 OK
Thailand=Confirmed i: 120  51  69  5/22/2020 p:    3064    3170 e:  -3.3 r:  95.8 OK
Thailand=Confirmed i: 121  52  70          . p:    3055    3170 e:  -3.6 r:  95.9 OK
Thailand=Confirmed i: 122  53  71  5/24/2020 p:    3065    3170 e:  -3.3 r:  95.9 OK
Thailand=Confirmed i: 123  54  72          . p:    3065    3170 e:  -3.3 r:  96.0 OK
Thailand=Confirmed i: 124  55  73  5/26/2020 p:    3055    3170 e:  -3.6 r:  96.1 OK
Thailand=Confirmed i: 125  56  74          . p:    3055    3170 e:  -3.6 r:  96.3 OK
Thailand=Confirmed i: 126  57  75  5/28/2020 p:    3055    3170 e:  -3.6 r:  96.7 OK
Thailand=Confirmed i: 127  58  76          . p:    3055    3170 e:  -3.6 r:  97.0 OK
Thailand=Confirmed i: 128  59  77  5/30/2020 p:    3055    3170 e:  -3.6 r:  97.1 OK
Thailand=Confirmed i: 129  60  78          . p:    3170    3170 e:   0.0 r:  97.2 OK
Thailand=Confirmed i: 130  61  79   6/1/2020 p:    3170    3170 e:   0.0 r:  97.2 OK
Thailand=Confirmed i: 131  62  80          . p:    3170    3170 e:   0.0 r:  97.3 OK
Thailand=Confirmed i: 132  63  81   6/3/2020 p:    3170    3170 e:   0.0 r:  97.3 OK
Thailand=Confirmed i: 133  64  82          . p:    3170    3170 e:   0.0 r:  97.8 OK
Thailand=Confirmed i: 134  65  83   6/5/2020 p:    3170    3170 e:   0.0 r:  97.9 OK
Thailand=Confirmed i: 135  66  84          . p:    3170    3170 e:   0.0 r:  97.9 OK
Thailand=Confirmed i: 136  67  85   6/7/2020 p:    3170    3170 e:   0.0 r:  98.2 OK
Thailand=Confirmed i: 137  68  86          . p:    3170    3170 e:   0.0 r:  98.4 OK
Thailand=Confirmed i: 138  69  87   6/9/2020 p:    3170    3170 e:   0.0 r:  98.5 OK
