
  # Process COVID TAB data
p1= 336 il= 138
p1= 293 il= 137
p1= 410 il= 136
p1= - il= 133
p1= - il= 132
Guatemala=Deaths nl = 139, n1= 5 s1= 207.8 s2= 73369 SD= 173.747402858287 frac%= 83.6128021454703
Guatemala=Deaths i:  75  75 -28          . p:       5     207 e: -97.6 r:   1.4   
Guatemala=Deaths i:  76  76 -27   4/8/2020 p:       5     207 e: -97.6 r:   1.4   
Guatemala=Deaths i:  77  77 -26          . p:       5     207 e: -97.6 r:   1.4   
Guatemala=Deaths i:  78  78 -25  4/10/2020 p:       5     207 e: -97.6 r:   1.4   
Guatemala=Deaths i:  79  79 -24          . p:       5     207 e: -97.6 r:   1.4   
Guatemala=Deaths i:  80  80 -23  4/12/2020 p:      16     207 e: -92.3 r:   2.4   
Guatemala=Deaths i:  81  81 -22          . p:      16     207 e: -92.3 r:   2.4   
Guatemala=Deaths i:  82  82 -21  4/14/2020 p:      16     207 e: -92.3 r:   2.4   
Guatemala=Deaths i:  83  83 -20          . p:       5     207 e: -97.6 r:   2.4   
Guatemala=Deaths i:  84  84 -19  4/16/2020 p:       5     207 e: -97.6 r:   2.4   
Guatemala=Deaths i:  85  85 -18          . p:      16     207 e: -92.3 r:   3.4   
Guatemala=Deaths i:  86  86 -17  4/18/2020 p:      16     207 e: -92.3 r:   3.4   
Guatemala=Deaths i:  87  87 -16          . p:      16     207 e: -92.3 r:   3.4   
Guatemala=Deaths i:  88  88 -15  4/20/2020 p:      16     207 e: -92.3 r:   3.4   
Guatemala=Deaths i:  89  89 -14          . p:      16     207 e: -92.3 r:   3.4   
Guatemala=Deaths i:  90  90 -13  4/22/2020 p:      16     207 e: -92.3 r:   3.8   
Guatemala=Deaths i:  91  91 -12          . p:      48     207 e: -76.9 r:   5.3   
Guatemala=Deaths i:  92   0 -11  4/24/2020 p:     197     207 e:  -5.2 r:   5.3 OK 1st
Guatemala=Deaths i:  93   1 -10          . p:      80     207 e: -61.5 r:   6.3   
Guatemala=Deaths i:  94   2  -9  4/26/2020 p:     336     207 e:  61.7 r:   7.2   
Guatemala=Deaths i:  95   3  -8          . p:      16     207 e: -92.3 r:   7.2   
Guatemala=Deaths i:  96   4  -7  4/28/2020 p:      16     207 e: -92.3 r:   7.2   
Guatemala=Deaths i:  97   5  -6          . p:      16     207 e: -92.3 r:   7.7   
Guatemala=Deaths i:  98   6  -5  4/30/2020 p:      16     207 e: -92.3 r:   7.7   
Guatemala=Deaths i:  99   7  -4          . p:      16     207 e: -92.3 r:   7.7   
Guatemala=Deaths i: 100   8  -3   5/2/2020 p:      16     207 e: -92.3 r:   8.2   
Guatemala=Deaths i: 101   9  -2          . p:      16     207 e: -92.3 r:   8.2   
Guatemala=Deaths i: 102  10  -1   5/4/2020 p:      26     207 e: -87.5 r:   9.1   
Guatemala=Deaths i: 103  11   0          . p:      26     207 e: -87.5 r:   9.1   
Guatemala=Deaths i: 104  12   1   5/6/2020 p:      26     207 e: -87.5 r:  10.1   
Guatemala=Deaths i: 105  13   2          . p:      48     207 e: -76.9 r:  11.1   
Guatemala=Deaths i: 106  14   3   5/8/2020 p:      80     207 e: -61.5 r:  11.5   
Guatemala=Deaths i: 107  15   4          . p:      58     207 e: -72.1 r:  11.5   
Guatemala=Deaths i: 108  16   5  5/10/2020 p:      80     207 e: -61.5 r:  12.5   
Guatemala=Deaths i: 109  17   6          . p:      48     207 e: -76.9 r:  12.5   
Guatemala=Deaths i: 110  18   7  5/12/2020 p:      48     207 e: -76.9 r:  13.0   
Guatemala=Deaths i: 111  19   8          . p:      58     207 e: -72.1 r:  14.0   
Guatemala=Deaths i: 112  20   9  5/14/2020 p:      48     207 e: -76.9 r:  14.0   
Guatemala=Deaths i: 113  21  10          . p:      80     207 e: -61.5 r:  14.4   
Guatemala=Deaths i: 114  22  11  5/16/2020 p:      69     207 e: -66.8 r:  15.9   
Guatemala=Deaths i: 115  23  12          . p:      80     207 e: -61.5 r:  15.9   
Guatemala=Deaths i: 116  24  13  5/18/2020 p:      90     207 e: -56.7 r:  16.8   
Guatemala=Deaths i: 117  25  14          . p:     154     207 e: -25.9 r:  20.7   
Guatemala=Deaths i: 118  26  15  5/20/2020 p:     250     207 e:  20.3 r:  21.7   
Guatemala=Deaths i: 119  27  16          . p:     197     207 e:  -5.2 r:  23.1 OK
Guatemala=Deaths i: 120  28  17  5/22/2020 p:     250     207 e:  20.3 r:  24.5   
Guatemala=Deaths i: 121  29  18          . p:     304     207 e:  46.3 r:  26.5   
Guatemala=Deaths i: 122  30  19  5/24/2020 p:       0     207 e: -100.0 r:  27.9   
Guatemala=Deaths i: 123  31  20          . p:      69     207 e: -66.8 r:  28.4   
Guatemala=Deaths i: 124  32  21  5/26/2020 p:      80     207 e: -61.5 r:  30.3   
Guatemala=Deaths i: 125  33  22          . p:     101     207 e: -51.4 r:  32.7   
Guatemala=Deaths i: 126  34  23  5/28/2020 p:       0     207 e: -100.0 r:  38.5   
Guatemala=Deaths i: 127  35  24          . p:       0     207 e: -100.0 r:  43.3   
Guatemala=Deaths i: 129  37  26          . p:     250     207 e:  20.3 r:  52.0   
Guatemala=Deaths i: 130  38  27   6/1/2020 p:     144     207 e: -30.7 r:  55.8   
Guatemala=Deaths i: 131  39  28          . p:     154     207 e: -25.9 r:  59.2   
Guatemala=Deaths i: 132  40  29   6/3/2020 p:       0     207 e: -100.0 r:  68.8   
Guatemala=Deaths i: 133  41  30          . p:       0     207 e: -100.0 r:  76.0   
Guatemala=Deaths i: 136  44  33   6/7/2020 p:     410     207 e:  97.3 r: 121.3   
Guatemala=Deaths i: 137  45  34          . p:     293     207 e:  41.0 r: 128.5   
Guatemala=Deaths i: 138  46  35   6/9/2020 p:     336     207 e:  61.7 r: 139.1   
