
  # Process COVID TAB data
p1= 486 il= 138
p1= 486 il= 137
p1= 469 il= 136
p1= 469 il= 135
p1= 469 il= 134
US_Louisiana_Jefferson=Deaths nl = 139, n1= 5 s1= 475.8 s2= 226455 SD= 8.32826512546197 frac%= 1.75037098055106
US_Louisiana_Jefferson=Deaths i:  62  62  -1  3/25/2020 p:      13     475 e: -97.3 r:   1.5   
US_Louisiana_Jefferson=Deaths i:  66  66   3  3/29/2020 p:      25     475 e: -94.7 r:   5.9   
US_Louisiana_Jefferson=Deaths i:  67  67   4          . p:      59     475 e: -87.6 r:   7.8   
US_Louisiana_Jefferson=Deaths i:  68   0   5  3/31/2020 p:     503     475 e:   5.7 r:  12.0 OK 1st
US_Louisiana_Jefferson=Deaths i:  69   1   6          . p:     349     475 e: -26.6 r:  13.5   
US_Louisiana_Jefferson=Deaths i:  70   2   7   4/2/2020 p:     127     475 e: -73.3 r:  15.3   
US_Louisiana_Jefferson=Deaths i:  71   3   8          . p:     110     475 e: -76.9 r:  17.9   
US_Louisiana_Jefferson=Deaths i:  72   4   9   4/4/2020 p:     124     475 e: -73.9 r:  20.0   
US_Louisiana_Jefferson=Deaths i:  73   5  10          . p:     196     475 e: -58.8 r:  23.7   
US_Louisiana_Jefferson=Deaths i:  74   6  11   4/6/2020 p:     230     475 e: -51.7 r:  25.4   
US_Louisiana_Jefferson=Deaths i:  75   7  12          . p:     264     475 e: -44.5 r:  28.8   
US_Louisiana_Jefferson=Deaths i:  76   8  13   4/8/2020 p:     278     475 e: -41.6 r:  31.3   
US_Louisiana_Jefferson=Deaths i:  77   9  14          . p:     270     475 e: -43.3 r:  33.2   
US_Louisiana_Jefferson=Deaths i:  78  10  15  4/10/2020 p:     282     475 e: -40.7 r:  34.7   
US_Louisiana_Jefferson=Deaths i:  79  11  16          . p:     248     475 e: -47.9 r:  34.9   
US_Louisiana_Jefferson=Deaths i:  80  12  17  4/12/2020 p:     231     475 e: -51.5 r:  36.4   
US_Louisiana_Jefferson=Deaths i:  81  13  18          . p:     227     475 e: -52.3 r:  39.1   
US_Louisiana_Jefferson=Deaths i:  82  14  19  4/14/2020 p:     282     475 e: -40.7 r:  44.1   
US_Louisiana_Jefferson=Deaths i:  83  15  20          . p:     401     475 e: -15.7 r:  51.9   
US_Louisiana_Jefferson=Deaths i:  84  16  21  4/16/2020 p:     435     475 e:  -8.6 r:  54.9 OK
US_Louisiana_Jefferson=Deaths i:  85  17  22          . p:     452     475 e:  -5.0 r:  56.5 OK
US_Louisiana_Jefferson=Deaths i:  86  18  23  4/18/2020 p:     452     475 e:  -5.0 r:  57.8 OK
US_Louisiana_Jefferson=Deaths i:  87  19  24          . p:     298     475 e: -37.4 r:  59.3   
US_Louisiana_Jefferson=Deaths i:  88  20  25  4/20/2020 p:     430     475 e:  -9.6 r:  60.1 OK
US_Louisiana_Jefferson=Deaths i:  89  21  26          . p:     293     475 e: -38.4 r:  60.5   
US_Louisiana_Jefferson=Deaths i:  90  22  27  4/22/2020 p:     404     475 e: -15.1 r:  62.4   
US_Louisiana_Jefferson=Deaths i:  91  23  28          . p:     401     475 e: -15.7 r:  64.3   
US_Louisiana_Jefferson=Deaths i:  92  24  29  4/24/2020 p:     401     475 e: -15.7 r:  67.9   
US_Louisiana_Jefferson=Deaths i:  93  25  30          . p:     401     475 e: -15.7 r:  68.3   
US_Louisiana_Jefferson=Deaths i:  94  26  31  4/26/2020 p:     401     475 e: -15.7 r:  69.1   
US_Louisiana_Jefferson=Deaths i:  95  27  32          . p:     398     475 e: -16.4 r:  69.6   
US_Louisiana_Jefferson=Deaths i:  96  28  33  4/28/2020 p:     401     475 e: -15.7 r:  71.5   
US_Louisiana_Jefferson=Deaths i:  97  29  34          . p:     397     475 e: -16.6 r:  71.5   
US_Louisiana_Jefferson=Deaths i:  98  30  35  4/30/2020 p:     401     475 e: -15.7 r:  72.7   
US_Louisiana_Jefferson=Deaths i:  99  31  36          . p:     412     475 e: -13.4 r:  77.3 OK
US_Louisiana_Jefferson=Deaths i: 100  32  37   5/2/2020 p:     418     475 e: -12.1 r:  77.6 OK
US_Louisiana_Jefferson=Deaths i: 101  33  38          . p:     418     475 e: -12.1 r:  78.0 OK
US_Louisiana_Jefferson=Deaths i: 102  34  39   5/4/2020 p:     418     475 e: -12.1 r:  79.2 OK
US_Louisiana_Jefferson=Deaths i: 103  35  40          . p:     435     475 e:  -8.6 r:  80.1 OK
US_Louisiana_Jefferson=Deaths i: 104  36  41   5/6/2020 p:     435     475 e:  -8.6 r:  81.3 OK
US_Louisiana_Jefferson=Deaths i: 105  37  42          . p:     435     475 e:  -8.6 r:  82.2 OK
US_Louisiana_Jefferson=Deaths i: 106  38  43   5/8/2020 p:     435     475 e:  -8.6 r:  82.4 OK
US_Louisiana_Jefferson=Deaths i: 107  39  44          . p:     430     475 e:  -9.6 r:  83.2 OK
US_Louisiana_Jefferson=Deaths i: 108  40  45  5/10/2020 p:     434     475 e:  -8.8 r:  83.4 OK
US_Louisiana_Jefferson=Deaths i: 109  41  46          . p:     435     475 e:  -8.6 r:  84.5 OK
US_Louisiana_Jefferson=Deaths i: 110  42  47  5/12/2020 p:     435     475 e:  -8.6 r:  85.1 OK
US_Louisiana_Jefferson=Deaths i: 111  43  48          . p:     435     475 e:  -8.6 r:  85.8 OK
US_Louisiana_Jefferson=Deaths i: 112  44  49  5/14/2020 p:     456     475 e:  -4.2 r:  88.9 OK
US_Louisiana_Jefferson=Deaths i: 113  45  50          . p:     461     475 e:  -3.1 r:  89.1 OK
US_Louisiana_Jefferson=Deaths i: 114  46  51  5/16/2020 p:     469     475 e:  -1.4 r:  89.7 OK
US_Louisiana_Jefferson=Deaths i: 115  47  52          . p:     469     475 e:  -1.4 r:  90.4 OK
US_Louisiana_Jefferson=Deaths i: 116  48  53  5/18/2020 p:     469     475 e:  -1.4 r:  90.4 OK
US_Louisiana_Jefferson=Deaths i: 117  49  54          . p:     469     475 e:  -1.4 r:  90.2 OK
US_Louisiana_Jefferson=Deaths i: 118  50  55  5/20/2020 p:     465     475 e:  -2.3 r:  90.6 OK
US_Louisiana_Jefferson=Deaths i: 119  51  56          . p:     466     475 e:  -2.1 r:  90.8 OK
US_Louisiana_Jefferson=Deaths i: 120  52  57  5/22/2020 p:     462     475 e:  -2.9 r:  90.8 OK
US_Louisiana_Jefferson=Deaths i: 121  53  58          . p:     460     475 e:  -3.3 r:  90.8 OK
US_Louisiana_Jefferson=Deaths i: 122  54  59  5/24/2020 p:     434     475 e:  -8.8 r:  91.0 OK
US_Louisiana_Jefferson=Deaths i: 123  55  60          . p:     457     475 e:  -4.0 r:  91.8 OK
US_Louisiana_Jefferson=Deaths i: 124  56  61  5/26/2020 p:     452     475 e:  -5.0 r:  92.1 OK
US_Louisiana_Jefferson=Deaths i: 125  57  62          . p:     452     475 e:  -5.0 r:  92.1 OK
US_Louisiana_Jefferson=Deaths i: 126  58  63  5/28/2020 p:     452     475 e:  -5.0 r:  92.7 OK
US_Louisiana_Jefferson=Deaths i: 127  59  64          . p:     469     475 e:  -1.4 r:  93.7 OK
US_Louisiana_Jefferson=Deaths i: 128  60  65  5/30/2020 p:     469     475 e:  -1.4 r:  93.9 OK
US_Louisiana_Jefferson=Deaths i: 129  61  66          . p:     469     475 e:  -1.4 r:  94.6 OK
US_Louisiana_Jefferson=Deaths i: 130  62  67   6/1/2020 p:     469     475 e:  -1.4 r:  94.8 OK
US_Louisiana_Jefferson=Deaths i: 131  63  68          . p:     469     475 e:  -1.4 r:  95.2 OK
US_Louisiana_Jefferson=Deaths i: 132  64  69   6/3/2020 p:     469     475 e:  -1.4 r:  95.4 OK
US_Louisiana_Jefferson=Deaths i: 133  65  70          . p:     469     475 e:  -1.4 r:  95.6 OK
US_Louisiana_Jefferson=Deaths i: 134  66  71   6/5/2020 p:     469     475 e:  -1.4 r:  96.0 OK
US_Louisiana_Jefferson=Deaths i: 135  67  72          . p:     469     475 e:  -1.4 r:  96.3 OK
US_Louisiana_Jefferson=Deaths i: 136  68  73   6/7/2020 p:     469     475 e:  -1.4 r:  96.5 OK
US_Louisiana_Jefferson=Deaths i: 137  69  74          . p:     486     475 e:   2.1 r:  97.1 OK
US_Louisiana_Jefferson=Deaths i: 138  70  75   6/9/2020 p:     486     475 e:   2.1 r:  97.1 OK
