
  # Process COVID TAB data
p1= 316 il= 138
p1= 310 il= 137
p1= 313 il= 136
p1= 312 il= 135
p1= 315 il= 134
US_Illinois_Will=Deaths nl = 139, n1= 5 s1= 313.2 s2= 98098.8 SD= 2.13541565040912 frac%= 0.681805763221304
US_Illinois_Will=Deaths i:  65  65  -9          . p:       5     313 e: -98.4 r:   1.3   
US_Illinois_Will=Deaths i:  66  66  -8  3/29/2020 p:       4     313 e: -98.7 r:   1.3   
US_Illinois_Will=Deaths i:  67  67  -7          . p:       6     313 e: -98.1 r:   1.6   
US_Illinois_Will=Deaths i:  69  69  -5          . p:     604     313 e:  92.8 r:   2.9   
US_Illinois_Will=Deaths i:  70  70  -4   4/2/2020 p:       5     313 e: -98.4 r:   2.9   
US_Illinois_Will=Deaths i:  71  71  -3          . p:      16     313 e: -94.9 r:   3.2   
US_Illinois_Will=Deaths i:  72  72  -2   4/4/2020 p:      10     313 e: -96.8 r:   3.5   
US_Illinois_Will=Deaths i:  73  73  -1          . p:      27     313 e: -91.4 r:   4.2   
US_Illinois_Will=Deaths i:  74  74   0   4/6/2020 p:     212     313 e: -32.3 r:   6.1   
US_Illinois_Will=Deaths i:  77  77   3          . p:     397     313 e:  26.8 r:  14.7   
US_Illinois_Will=Deaths i:  78  78   4  4/10/2020 p:      70     313 e: -77.7 r:  16.6   
US_Illinois_Will=Deaths i:  79  79   5          . p:      70     313 e: -77.7 r:  18.2   
US_Illinois_Will=Deaths i:  80  80   6  4/12/2020 p:      70     313 e: -77.7 r:  19.2   
US_Illinois_Will=Deaths i:  81  81   7          . p:      70     313 e: -77.7 r:  20.1   
US_Illinois_Will=Deaths i:  82  82   8  4/14/2020 p:     136     313 e: -56.6 r:  24.6   
US_Illinois_Will=Deaths i:  83  83   9          . p:     136     313 e: -56.6 r:  25.9   
US_Illinois_Will=Deaths i:  84  84  10  4/16/2020 p:     125     313 e: -60.1 r:  28.1   
US_Illinois_Will=Deaths i:  85  85  11          . p:      92     313 e: -70.6 r:  28.7   
US_Illinois_Will=Deaths i:  86  86  12  4/18/2020 p:     103     313 e: -67.1 r:  30.0   
US_Illinois_Will=Deaths i:  87  87  13          . p:     136     313 e: -56.6 r:  32.2   
US_Illinois_Will=Deaths i:  88  88  14  4/20/2020 p:     125     313 e: -60.1 r:  32.6   
US_Illinois_Will=Deaths i:  89  89  15          . p:     125     313 e: -60.1 r:  33.5   
US_Illinois_Will=Deaths i:  90  90  16  4/22/2020 p:     125     313 e: -60.1 r:  35.1   
US_Illinois_Will=Deaths i:  91  91  17          . p:     147     313 e: -53.1 r:  38.0   
US_Illinois_Will=Deaths i:  92  92  18  4/24/2020 p:     157     313 e: -49.9 r:  39.9   
US_Illinois_Will=Deaths i:  93  93  19          . p:     168     313 e: -46.4 r:  41.8   
US_Illinois_Will=Deaths i:  94  94  20  4/26/2020 p:     168     313 e: -46.4 r:  42.5   
US_Illinois_Will=Deaths i:  95  95  21          . p:     168     313 e: -46.4 r:  43.4   
US_Illinois_Will=Deaths i:  96  96  22  4/28/2020 p:     179     313 e: -42.8 r:  46.3   
US_Illinois_Will=Deaths i:  97  97  23          . p:     179     313 e: -42.8 r:  47.3   
US_Illinois_Will=Deaths i:  98  98  24  4/30/2020 p:     190     313 e: -39.3 r:  48.2   
US_Illinois_Will=Deaths i:  99  99  25          . p:     190     313 e: -39.3 r:  50.4   
US_Illinois_Will=Deaths i: 100 100  26   5/2/2020 p:     195     313 e: -37.7 r:  51.1   
US_Illinois_Will=Deaths i: 101 101  27          . p:     196     313 e: -37.4 r:  51.7   
US_Illinois_Will=Deaths i: 102 102  28   5/4/2020 p:     201     313 e: -35.8 r:  54.0   
US_Illinois_Will=Deaths i: 103 103  29          . p:     212     313 e: -32.3 r:  56.8   
US_Illinois_Will=Deaths i: 104 104  30   5/6/2020 p:     234     313 e: -25.3 r:  60.3   
US_Illinois_Will=Deaths i: 105 105  31          . p:     245     313 e: -21.8 r:  61.9   
US_Illinois_Will=Deaths i: 106 106  32   5/8/2020 p:     256     313 e: -18.3 r:  63.5   
US_Illinois_Will=Deaths i: 107 107  33          . p:     256     313 e: -18.3 r:  64.5   
US_Illinois_Will=Deaths i: 108 108  34  5/10/2020 p:     256     313 e: -18.3 r:  64.5   
US_Illinois_Will=Deaths i: 109 109  35          . p:     256     313 e: -18.3 r:  64.5   
US_Illinois_Will=Deaths i: 110 110  36  5/12/2020 p:     256     313 e: -18.3 r:  67.0   
US_Illinois_Will=Deaths i: 111 111  37          . p:     256     313 e: -18.3 r:  68.3   
US_Illinois_Will=Deaths i: 112   0  38  5/14/2020 p:     277     313 e: -11.6 r:  73.8 OK 1st
US_Illinois_Will=Deaths i: 113   1  39          . p:     288     313 e:  -8.0 r:  75.7 OK
US_Illinois_Will=Deaths i: 114   2  40  5/16/2020 p:     299     313 e:  -4.5 r:  76.6 OK
US_Illinois_Will=Deaths i: 115   3  41          . p:     299     313 e:  -4.5 r:  76.6 OK
US_Illinois_Will=Deaths i: 116   4  42  5/18/2020 p:     299     313 e:  -4.5 r:  76.6 OK
US_Illinois_Will=Deaths i: 117   5  43          . p:     299     313 e:  -4.5 r:  77.9 OK
US_Illinois_Will=Deaths i: 118   6  44  5/20/2020 p:     299     313 e:  -4.5 r:  78.9 OK
US_Illinois_Will=Deaths i: 119   7  45          . p:     299     313 e:  -4.5 r:  79.8 OK
US_Illinois_Will=Deaths i: 120   8  46  5/22/2020 p:     299     313 e:  -4.5 r:  80.8 OK
US_Illinois_Will=Deaths i: 121   9  47          . p:     299     313 e:  -4.5 r:  82.1 OK
US_Illinois_Will=Deaths i: 122  10  48  5/24/2020 p:     299     313 e:  -4.5 r:  82.1 OK
US_Illinois_Will=Deaths i: 123  11  49          . p:     299     313 e:  -4.5 r:  82.4 OK
US_Illinois_Will=Deaths i: 124  12  50  5/26/2020 p:     300     313 e:  -4.2 r:  82.4 OK
US_Illinois_Will=Deaths i: 125  13  51          . p:     299     313 e:  -4.5 r:  84.3 OK
US_Illinois_Will=Deaths i: 126  14  52  5/28/2020 p:     299     313 e:  -4.5 r:  85.6 OK
US_Illinois_Will=Deaths i: 127  15  53          . p:     299     313 e:  -4.5 r:  85.9 OK
US_Illinois_Will=Deaths i: 128  16  54  5/30/2020 p:     299     313 e:  -4.5 r:  87.2 OK
US_Illinois_Will=Deaths i: 129  17  55          . p:     310     313 e:  -1.0 r:  88.1 OK
US_Illinois_Will=Deaths i: 130  18  56   6/1/2020 p:     310     313 e:  -1.0 r:  88.4 OK
US_Illinois_Will=Deaths i: 131  19  57          . p:     310     313 e:  -1.0 r:  89.4 OK
US_Illinois_Will=Deaths i: 132  20  58   6/3/2020 p:     310     313 e:  -1.0 r:  90.0 OK
US_Illinois_Will=Deaths i: 133  21  59          . p:     310     313 e:  -1.0 r:  90.7 OK
US_Illinois_Will=Deaths i: 134  22  60   6/5/2020 p:     315     313 e:   0.6 r:  91.0 OK
US_Illinois_Will=Deaths i: 135  23  61          . p:     312     313 e:  -0.4 r:  91.0 OK
US_Illinois_Will=Deaths i: 136  24  62   6/7/2020 p:     313     313 e:  -0.1 r:  92.0 OK
US_Illinois_Will=Deaths i: 137  25  63          . p:     310     313 e:  -1.0 r:  92.0 OK
US_Illinois_Will=Deaths i: 138  26  64   6/9/2020 p:     316     313 e:   0.9 r:  94.2 OK
