
  # Process COVID TAB data
p1= 716 il= 138
p1= 514 il= 134
p1= 571 il= 128
p1= 267 il= 127
p1= 238 il= 126
Iraq=Deaths nl = 139, n1= 5 s1= 461.2 s2= 246165.2 SD= 182.920091843406 frac%= 39.6617718654392
Iraq=Deaths i:  47  47 -12          . p:       8     461 e: -98.3 r:   1.5   
Iraq=Deaths i:  48  48 -11  3/11/2020 p:       7     461 e: -98.5 r:   1.5   
Iraq=Deaths i:  50  50  -9  3/13/2020 p:       7     461 e: -98.5 r:   2.0   
Iraq=Deaths i:  51  51  -8          . p:       7     461 e: -98.5 r:   2.2   
Iraq=Deaths i:  52  52  -7  3/15/2020 p:       7     461 e: -98.5 r:   2.2   
Iraq=Deaths i:  53  53  -6          . p:      12     461 e: -97.4 r:   2.2   
Iraq=Deaths i:  54  54  -5  3/17/2020 p:      13     461 e: -97.2 r:   2.4   
Iraq=Deaths i:  55  55  -4          . p:      21     461 e: -95.4 r:   2.6   
Iraq=Deaths i:  56  56  -3  3/19/2020 p:      21     461 e: -95.4 r:   2.8   
Iraq=Deaths i:  60  60   1  3/23/2020 p:     166     461 e: -64.0 r:   5.0   
Iraq=Deaths i:  61   0   2          . p:     398     461 e: -13.7 r:   5.9 OK 1st
Iraq=Deaths i:  62   1   3  3/25/2020 p:     123     461 e: -73.3 r:   6.3   
Iraq=Deaths i:  65   4   6          . p:      79     461 e: -82.9 r:   9.1   
Iraq=Deaths i:  66   5   7  3/29/2020 p:      36     461 e: -92.2 r:   9.1   
Iraq=Deaths i:  67   6   8          . p:      50     461 e: -89.2 r:  10.0   
Iraq=Deaths i:  68   7   9  3/31/2020 p:      65     461 e: -85.9 r:  10.8   
Iraq=Deaths i:  69   8  10          . p:      65     461 e: -85.9 r:  11.3   
Iraq=Deaths i:  70   9  11   4/2/2020 p:      65     461 e: -85.9 r:  11.7   
Iraq=Deaths i:  71  10  12          . p:      65     461 e: -85.9 r:  11.7   
Iraq=Deaths i:  72  11  13   4/4/2020 p:      65     461 e: -85.9 r:  12.1   
Iraq=Deaths i:  73  12  14          . p:      79     461 e: -82.9 r:  13.2   
Iraq=Deaths i:  74  13  15   4/6/2020 p:      79     461 e: -82.9 r:  13.9   
Iraq=Deaths i:  75  14  16          . p:      79     461 e: -82.9 r:  14.1   
Iraq=Deaths i:  76  15  17   4/8/2020 p:      94     461 e: -79.6 r:  15.0   
Iraq=Deaths i:  77  16  18          . p:      94     461 e: -79.6 r:  15.0   
Iraq=Deaths i:  78  17  19  4/10/2020 p:      91     461 e: -80.3 r:  15.2   
Iraq=Deaths i:  79  18  20          . p:      78     461 e: -83.1 r:  15.6   
Iraq=Deaths i:  80  19  21  4/12/2020 p:      94     461 e: -79.6 r:  16.5   
Iraq=Deaths i:  81  20  22          . p:      94     461 e: -79.6 r:  16.9   
Iraq=Deaths i:  82  21  23  4/14/2020 p:      94     461 e: -79.6 r:  16.9   
Iraq=Deaths i:  83  22  24          . p:      95     461 e: -79.4 r:  17.1   
Iraq=Deaths i:  84  23  25  4/16/2020 p:      94     461 e: -79.6 r:  17.3   
Iraq=Deaths i:  85  24  26          . p:      94     461 e: -79.6 r:  17.6   
Iraq=Deaths i:  86  25  27  4/18/2020 p:      94     461 e: -79.6 r:  17.8   
Iraq=Deaths i:  87  26  28          . p:      92     461 e: -80.1 r:  17.8   
Iraq=Deaths i:  88  27  29  4/20/2020 p:      91     461 e: -80.3 r:  17.8   
Iraq=Deaths i:  89  28  30          . p:      90     461 e: -80.5 r:  18.0   
Iraq=Deaths i:  90  29  31  4/22/2020 p:      83     461 e: -82.0 r:  18.0   
Iraq=Deaths i:  91  30  32          . p:      84     461 e: -81.8 r:  18.0   
Iraq=Deaths i:  92  31  33  4/24/2020 p:      91     461 e: -80.3 r:  18.6   
Iraq=Deaths i:  93  32  34          . p:      94     461 e: -79.6 r:  18.6   
Iraq=Deaths i:  94  33  35  4/26/2020 p:      94     461 e: -79.6 r:  18.9   
Iraq=Deaths i:  95  34  36          . p:      94     461 e: -79.6 r:  19.1   
Iraq=Deaths i:  96  35  37  4/28/2020 p:      94     461 e: -79.6 r:  19.5   
Iraq=Deaths i:  97  36  38          . p:      94     461 e: -79.6 r:  19.9   
Iraq=Deaths i:  98  37  39  4/30/2020 p:      94     461 e: -79.6 r:  20.2   
Iraq=Deaths i:  99  38  40          . p:      94     461 e: -79.6 r:  20.4   
Iraq=Deaths i: 100  39  41   5/2/2020 p:     108     461 e: -76.6 r:  20.6   
Iraq=Deaths i: 101  40  42          . p:     108     461 e: -76.6 r:  21.0   
Iraq=Deaths i: 102  41  43   5/4/2020 p:     108     461 e: -76.6 r:  21.2   
Iraq=Deaths i: 103  42  44          . p:     108     461 e: -76.6 r:  22.1   
Iraq=Deaths i: 104  43  45   5/6/2020 p:     108     461 e: -76.6 r:  22.1   
Iraq=Deaths i: 105  44  46          . p:     108     461 e: -76.6 r:  22.1   
Iraq=Deaths i: 106  45  47   5/8/2020 p:     108     461 e: -76.6 r:  22.5   
Iraq=Deaths i: 107  46  48          . p:     123     461 e: -73.3 r:  23.2   
Iraq=Deaths i: 108  47  49  5/10/2020 p:     123     461 e: -73.3 r:  23.6   
Iraq=Deaths i: 109  48  50          . p:     123     461 e: -73.3 r:  23.9   
Iraq=Deaths i: 110  49  51  5/12/2020 p:     123     461 e: -73.3 r:  24.3   
Iraq=Deaths i: 111  50  52          . p:     209     461 e: -54.7 r:  24.9   
Iraq=Deaths i: 112  51  53  5/14/2020 p:     137     461 e: -70.3 r:  24.9   
Iraq=Deaths i: 113  52  54          . p:     152     461 e: -67.0 r:  25.4   
Iraq=Deaths i: 114  53  55  5/16/2020 p:     600     461 e:  30.1 r:  26.2   
Iraq=Deaths i: 123  62  64          . p:     224     461 e: -51.4 r:  35.3   
Iraq=Deaths i: 124  63  65  5/26/2020 p:     209     461 e: -54.7 r:  36.6   
Iraq=Deaths i: 125  64  66          . p:     253     461 e: -45.1 r:  37.9   
Iraq=Deaths i: 126  65  67  5/28/2020 p:     238     461 e: -48.4 r:  38.8   
Iraq=Deaths i: 127  66  68          . p:     267     461 e: -42.1 r:  40.1   
Iraq=Deaths i: 128  67  69  5/30/2020 p:     571     461 e:  23.8 r:  42.3   
Iraq=Deaths i: 134  73  75   6/5/2020 p:     514     461 e:  11.4 r:  61.8 OK
Iraq=Deaths i: 138  77  79   6/9/2020 p:     716     461 e:  55.2 r:  85.0   
