
  # Process COVID TAB data
p1= 100 il= 138
p1= 68 il= 137
p1= 68 il= 136
p1= 68 il= 135
p1= 68 il= 134
US_Virginia_Loudoun=Deaths nl = 139, n1= 5 s1= 74.4 s2= 5699.2 SD= 12.8 frac%= 17.2043010752688
US_Virginia_Loudoun=Deaths i:  82  82 -20  4/14/2020 p:       0      74 e: -100.0 r:   6.7   
US_Virginia_Loudoun=Deaths i:  83  83 -19          . p:       8      74 e: -89.2 r:   9.4   
US_Virginia_Loudoun=Deaths i:  84  84 -18  4/16/2020 p:       6      74 e: -91.9 r:   9.4   
US_Virginia_Loudoun=Deaths i:  85  85 -17          . p:       9      74 e: -87.9 r:  10.8   
US_Virginia_Loudoun=Deaths i:  86  86 -16  4/18/2020 p:       8      74 e: -89.2 r:  10.8   
US_Virginia_Loudoun=Deaths i:  87  87 -15          . p:       7      74 e: -90.6 r:  10.8   
US_Virginia_Loudoun=Deaths i:  88  88 -14  4/20/2020 p:       8      74 e: -89.2 r:  10.8   
US_Virginia_Loudoun=Deaths i:  89  89 -13          . p:       8      74 e: -89.2 r:  10.8   
US_Virginia_Loudoun=Deaths i:  90  90 -12  4/22/2020 p:      11      74 e: -85.2 r:  12.1   
US_Virginia_Loudoun=Deaths i:  91  91 -11          . p:      13      74 e: -82.5 r:  13.4   
US_Virginia_Loudoun=Deaths i:  92  92 -10  4/24/2020 p:      11      74 e: -85.2 r:  13.4   
US_Virginia_Loudoun=Deaths i:  93  93  -9          . p:      13      74 e: -82.5 r:  14.8   
US_Virginia_Loudoun=Deaths i:  94  94  -8  4/26/2020 p:      11      74 e: -85.2 r:  14.8   
US_Virginia_Loudoun=Deaths i:  95  95  -7          . p:      13      74 e: -82.5 r:  16.1   
US_Virginia_Loudoun=Deaths i:  96  96  -6  4/28/2020 p:      13      74 e: -82.5 r:  16.1   
US_Virginia_Loudoun=Deaths i:  97  97  -5          . p:      18      74 e: -75.8 r:  18.8   
US_Virginia_Loudoun=Deaths i:  98  98  -4  4/30/2020 p:      21      74 e: -71.8 r:  20.2   
US_Virginia_Loudoun=Deaths i:  99  99  -3          . p:      21      74 e: -71.8 r:  20.2   
US_Virginia_Loudoun=Deaths i: 100 100  -2   5/2/2020 p:      21      74 e: -71.8 r:  21.5   
US_Virginia_Loudoun=Deaths i: 101 101  -1          . p:      21      74 e: -71.8 r:  21.5   
US_Virginia_Loudoun=Deaths i: 102 102   0   5/4/2020 p:      23      74 e: -69.1 r:  24.2   
US_Virginia_Loudoun=Deaths i: 104   0   2   5/6/2020 p:      77      74 e:   3.5 r:  33.6 OK 1st
US_Virginia_Loudoun=Deaths i: 105   1   3          . p:      25      74 e: -66.4 r:  34.9   
US_Virginia_Loudoun=Deaths i: 106   2   4   5/8/2020 p:      38      74 e: -48.9 r:  39.0   
US_Virginia_Loudoun=Deaths i: 107   3   5          . p:      33      74 e: -55.6 r:  40.3   
US_Virginia_Loudoun=Deaths i: 108   4   6  5/10/2020 p:      33      74 e: -55.6 r:  40.3   
US_Virginia_Loudoun=Deaths i: 109   5   7          . p:      30      74 e: -59.7 r:  40.3   
US_Virginia_Loudoun=Deaths i: 110   6   8  5/12/2020 p:      55      74 e: -26.1 r:  47.0   
US_Virginia_Loudoun=Deaths i: 111   7   9          . p:     100      74 e:  34.4 r:  51.1   
US_Virginia_Loudoun=Deaths i: 112   8  10  5/14/2020 p:     132      74 e:  77.4 r:  59.1   
US_Virginia_Loudoun=Deaths i: 113   9  11          . p:     172      74 e: 131.2 r:  64.5   
US_Virginia_Loudoun=Deaths i: 114  10  12  5/16/2020 p:     191      74 e: 156.7 r:  64.5   
US_Virginia_Loudoun=Deaths i: 115  11  13          . p:       0      74 e: -100.0 r:  64.5   
US_Virginia_Loudoun=Deaths i: 116  12  14  5/18/2020 p:      48      74 e: -35.5 r:  64.5   
US_Virginia_Loudoun=Deaths i: 117  13  15          . p:     191      74 e: 156.7 r:  64.5   
US_Virginia_Loudoun=Deaths i: 118  14  16  5/20/2020 p:      48      74 e: -35.5 r:  65.9   
US_Virginia_Loudoun=Deaths i: 119  15  17          . p:      48      74 e: -35.5 r:  65.9   
US_Virginia_Loudoun=Deaths i: 120  16  18  5/22/2020 p:      53      74 e: -28.8 r:  68.5   
US_Virginia_Loudoun=Deaths i: 121  17  19          . p:      53      74 e: -28.8 r:  69.9   
US_Virginia_Loudoun=Deaths i: 122  18  20  5/24/2020 p:      53      74 e: -28.8 r:  69.9   
US_Virginia_Loudoun=Deaths i: 123  19  21          . p:      53      74 e: -28.8 r:  69.9   
US_Virginia_Loudoun=Deaths i: 124  20  22  5/26/2020 p:      53      74 e: -28.8 r:  69.9   
US_Virginia_Loudoun=Deaths i: 125  21  23          . p:      53      74 e: -28.8 r:  71.2   
US_Virginia_Loudoun=Deaths i: 126  22  24  5/28/2020 p:     129      74 e:  73.4 r:  84.7   
US_Virginia_Loudoun=Deaths i: 127  23  25          . p:     129      74 e:  73.4 r:  83.3   
US_Virginia_Loudoun=Deaths i: 128  24  26  5/30/2020 p:      63      74 e: -15.3 r:  83.3   
US_Virginia_Loudoun=Deaths i: 129  25  27          . p:      63      74 e: -15.3 r:  83.3   
US_Virginia_Loudoun=Deaths i: 130  26  28   6/1/2020 p:     122      74 e:  64.0 r:  88.7   
US_Virginia_Loudoun=Deaths i: 131  27  29          . p:     120      74 e:  61.3 r:  90.1   
US_Virginia_Loudoun=Deaths i: 132  28  30   6/3/2020 p:      68      74 e:  -8.6 r:  90.1 OK
US_Virginia_Loudoun=Deaths i: 133  29  31          . p:      68      74 e:  -8.6 r:  90.1 OK
US_Virginia_Loudoun=Deaths i: 134  30  32   6/5/2020 p:      68      74 e:  -8.6 r:  90.1 OK
US_Virginia_Loudoun=Deaths i: 135  31  33          . p:      68      74 e:  -8.6 r:  90.1 OK
US_Virginia_Loudoun=Deaths i: 136  32  34   6/7/2020 p:      68      74 e:  -8.6 r:  90.1 OK
US_Virginia_Loudoun=Deaths i: 137  33  35          . p:      68      74 e:  -8.6 r:  90.1 OK
US_Virginia_Loudoun=Deaths i: 138  34  36   6/9/2020 p:     100      74 e:  34.4 r:  90.1   
