
  # Process COVID TAB data
p1= 37389 il= 138
p1= 36822 il= 137
p1= 36822 il= 136
p1= 36584 il= 135
p1= 35615 il= 134
Canada_Ontario=Confirmed nl = 139, n1= 5 s1= 36646.4 s2= 1343294794 SD= 579.79396340421 frac%= 1.58213075064456
Canada_Ontario=Confirmed i:  12  12 -39   2/4/2020 p:       0   36646 e: -100.0 r:   0.0   
Canada_Ontario=Confirmed i:  13  13 -38          . p:       0   36646 e: -100.0 r:   0.0   
Canada_Ontario=Confirmed i:  14  14 -37   2/6/2020 p:       0   36646 e: -100.0 r:   0.0   
Canada_Ontario=Confirmed i:  15   0 -36          . p:   35514   36646 e:  -3.1 r:   0.0 OK 1st
Canada_Ontario=Confirmed i:  16   1 -35   2/8/2020 p:       0   36646 e: -100.0 r:   0.0   
Canada_Ontario=Confirmed i:  17   2 -34          . p:       0   36646 e: -100.0 r:   0.0   
Canada_Ontario=Confirmed i:  18   3 -33  2/10/2020 p:   88084   36646 e: 140.4 r:   0.0   
Canada_Ontario=Confirmed i:  19   4 -32          . p:   88084   36646 e: 140.4 r:   0.0   
Canada_Ontario=Confirmed i:  35  20 -16          . p:     603   36646 e: -98.4 r:   0.0   
Canada_Ontario=Confirmed i:  36  21 -15  2/28/2020 p:     603   36646 e: -98.4 r:   0.0   
Canada_Ontario=Confirmed i:  37  22 -14          . p:       0   36646 e: -100.0 r:   0.0   
Canada_Ontario=Confirmed i:  39  24 -12          . p:   10262   36646 e: -72.0 r:   0.0   
Canada_Ontario=Confirmed i:  40  25 -11   3/3/2020 p:     603   36646 e: -98.4 r:   0.1   
Canada_Ontario=Confirmed i:  41  26 -10          . p:     603   36646 e: -98.4 r:   0.1   
Canada_Ontario=Confirmed i:  42  27  -9   3/5/2020 p:     603   36646 e: -98.4 r:   0.1   
Canada_Ontario=Confirmed i:  43  28  -8          . p:     603   36646 e: -98.4 r:   0.1   
Canada_Ontario=Confirmed i:  44  29  -7   3/7/2020 p:     603   36646 e: -98.4 r:   0.1   
Canada_Ontario=Confirmed i:  45  30  -6          . p:     603   36646 e: -98.4 r:   0.1   
Canada_Ontario=Confirmed i:  46  31  -5   3/9/2020 p:     603   36646 e: -98.4 r:   0.1   
Canada_Ontario=Confirmed i:  47  32  -4          . p:     603   36646 e: -98.4 r:   0.1   
Canada_Ontario=Confirmed i:  48  33  -3  3/11/2020 p:     603   36646 e: -98.4 r:   0.1   
Canada_Ontario=Confirmed i:  49  34  -2          . p:     603   36646 e: -98.4 r:   0.1   
Canada_Ontario=Confirmed i:  50  35  -1  3/13/2020 p:     603   36646 e: -98.4 r:   0.2   
Canada_Ontario=Confirmed i:  51  36   0          . p:    1810   36646 e: -95.1 r:   0.2   
Canada_Ontario=Confirmed i:  52  37   1  3/15/2020 p:   16298   36646 e: -55.5 r:   0.3   
Canada_Ontario=Confirmed i:  54  39   3  3/17/2020 p:   18713   36646 e: -48.9 r:   0.5   
Canada_Ontario=Confirmed i:  55  40   4          . p:     603   36646 e: -98.4 r:   0.6   
Canada_Ontario=Confirmed i:  56  41   5  3/19/2020 p:     603   36646 e: -98.4 r:   0.7   
Canada_Ontario=Confirmed i:  57  42   6          . p:     603   36646 e: -98.4 r:   0.8   
Canada_Ontario=Confirmed i:  58  43   7  3/21/2020 p:     603   36646 e: -98.4 r:   1.0   
Canada_Ontario=Confirmed i:  59  44   8          . p:    1810   36646 e: -95.1 r:   1.2   
Canada_Ontario=Confirmed i:  60  45   9  3/23/2020 p:    1810   36646 e: -95.1 r:   1.4   
Canada_Ontario=Confirmed i:  61  46  10          . p:    3018   36646 e: -91.8 r:   1.6   
Canada_Ontario=Confirmed i:  62  47  11  3/25/2020 p:    3018   36646 e: -91.8 r:   1.9   
Canada_Ontario=Confirmed i:  63  48  12          . p:    6640   36646 e: -81.9 r:   2.3   
Canada_Ontario=Confirmed i:  64  49  13  3/27/2020 p:   10262   36646 e: -72.0 r:   2.7   
Canada_Ontario=Confirmed i:  65  50  14          . p:   15091   36646 e: -58.8 r:   3.1   
Canada_Ontario=Confirmed i:  66  51  15  3/29/2020 p:   17505   36646 e: -52.2 r:   3.7   
Canada_Ontario=Confirmed i:  67  52  16          . p:   67004   36646 e:  82.8 r:   4.7   
Canada_Ontario=Confirmed i:  68  53  17  3/31/2020 p:       0   36646 e: -100.0 r:   5.4   
Canada_Ontario=Confirmed i:  70  55  19   4/2/2020 p:       0   36646 e: -100.0 r:   7.6   
Canada_Ontario=Confirmed i:  71  56  20          . p:   24749   36646 e: -32.5 r:   8.9   
Canada_Ontario=Confirmed i:  72  57  21   4/4/2020 p:   12676   36646 e: -65.4 r:   9.9   
Canada_Ontario=Confirmed i:  73  58  22          . p:    9054   36646 e: -75.3 r:  10.9   
Canada_Ontario=Confirmed i:  74  59  23   4/6/2020 p:    6640   36646 e: -81.9 r:  11.9   
Canada_Ontario=Confirmed i:  75  60  24          . p:    7847   36646 e: -78.6 r:  12.9   
Canada_Ontario=Confirmed i:  76  61  25   4/8/2020 p:   10262   36646 e: -72.0 r:  14.4   
Canada_Ontario=Confirmed i:  77  62  26          . p:   12676   36646 e: -65.4 r:  15.7   
Canada_Ontario=Confirmed i:  78  63  27  4/10/2020 p:   13883   36646 e: -62.1 r:  17.0   
Canada_Ontario=Confirmed i:  79  64  28          . p:   13883   36646 e: -62.1 r:  18.1   
Canada_Ontario=Confirmed i:  80  65  29  4/12/2020 p:   13883   36646 e: -62.1 r:  19.2   
Canada_Ontario=Confirmed i:  81  66  30          . p:   13883   36646 e: -62.1 r:  20.4   
Canada_Ontario=Confirmed i:  82  67  31  4/14/2020 p:   15091   36646 e: -58.8 r:  21.7   
Canada_Ontario=Confirmed i:  83  68  32          . p:   15091   36646 e: -58.8 r:  23.1   
Canada_Ontario=Confirmed i:  84  69  33  4/16/2020 p:   22334   36646 e: -39.1 r:  26.9   
Canada_Ontario=Confirmed i:  85  70  34          . p:   25956   36646 e: -29.2 r:  28.5   
Canada_Ontario=Confirmed i:  86  71  35  4/18/2020 p:   28371   36646 e: -22.6 r:  30.1   
Canada_Ontario=Confirmed i:  87  72  36          . p:   29578   36646 e: -19.3 r:  31.5   
Canada_Ontario=Confirmed i:  88  73  37  4/20/2020 p:   29578   36646 e: -19.3 r:  32.9   
Canada_Ontario=Confirmed i:  89  74  38          . p:   30786   36646 e: -16.0 r:  34.7   
Canada_Ontario=Confirmed i:  90  75  39  4/22/2020 p:   33200   36646 e:  -9.4 r:  37.4 OK
Canada_Ontario=Confirmed i:  91  76  40          . p:   33200   36646 e:  -9.4 r:  38.4 OK
Canada_Ontario=Confirmed i:  92  77  41  4/24/2020 p:   31993   36646 e: -12.7 r:  39.7 OK
Canada_Ontario=Confirmed i:  93  78  42          . p:   31993   36646 e: -12.7 r:  41.0 OK
Canada_Ontario=Confirmed i:  94  79  43  4/26/2020 p:   31993   36646 e: -12.7 r:  42.5 OK
Canada_Ontario=Confirmed i:  95  80  44          . p:   30786   36646 e: -16.0 r:  43.6   
Canada_Ontario=Confirmed i:  96  81  45  4/28/2020 p:   21127   36646 e: -42.3 r:  45.0   
Canada_Ontario=Confirmed i:  97  82  46          . p:   29578   36646 e: -19.3 r:  46.3   
Canada_Ontario=Confirmed i:  98  83  47  4/30/2020 p:   29578   36646 e: -19.3 r:  47.5   
Canada_Ontario=Confirmed i:  99  84  48          . p:   29578   36646 e: -19.3 r:  48.8   
Canada_Ontario=Confirmed i: 100  85  49   5/2/2020 p:   29578   36646 e: -19.3 r:  50.0   
Canada_Ontario=Confirmed i: 101  86  50          . p:   28371   36646 e: -22.6 r:  50.7   
Canada_Ontario=Confirmed i: 102  87  51   5/4/2020 p:   28371   36646 e: -22.6 r:  52.1   
Canada_Ontario=Confirmed i: 103  88  52          . p:   28371   36646 e: -22.6 r:  53.1   
Canada_Ontario=Confirmed i: 104  89  53   5/6/2020 p:   28371   36646 e: -22.6 r:  54.3   
Canada_Ontario=Confirmed i: 105  90  54          . p:   28371   36646 e: -22.6 r:  55.6   
Canada_Ontario=Confirmed i: 106  91  55   5/8/2020 p:   28371   36646 e: -22.6 r:  56.8   
Canada_Ontario=Confirmed i: 107  92  56          . p:   28371   36646 e: -22.6 r:  57.7   
Canada_Ontario=Confirmed i: 108  93  57  5/10/2020 p:   28371   36646 e: -22.6 r:  58.6   
Canada_Ontario=Confirmed i: 109  94  58          . p:   28371   36646 e: -22.6 r:  59.5   
Canada_Ontario=Confirmed i: 110  95  59  5/12/2020 p:   28371   36646 e: -22.6 r:  60.5   
Canada_Ontario=Confirmed i: 111  96  60          . p:   28371   36646 e: -22.6 r:  61.4   
Canada_Ontario=Confirmed i: 112  97  61  5/14/2020 p:   28371   36646 e: -22.6 r:  62.4   
Canada_Ontario=Confirmed i: 113  98  62          . p:   28371   36646 e: -22.6 r:  63.5   
Canada_Ontario=Confirmed i: 114  99  63  5/16/2020 p:   29578   36646 e: -19.3 r:  64.5   
Canada_Ontario=Confirmed i: 115 100  64          . p:   29578   36646 e: -19.3 r:  65.4   
Canada_Ontario=Confirmed i: 116 101  65  5/18/2020 p:   29578   36646 e: -19.3 r:  66.3   
Canada_Ontario=Confirmed i: 117 102  66          . p:   29578   36646 e: -19.3 r:  67.6   
Canada_Ontario=Confirmed i: 118 103  67  5/20/2020 p:   29578   36646 e: -19.3 r:  68.8   
Canada_Ontario=Confirmed i: 119 104  68          . p:   30786   36646 e: -16.0 r:  69.8   
Canada_Ontario=Confirmed i: 120 105  69  5/22/2020 p:   31993   36646 e: -12.7 r:  71.2 OK
Canada_Ontario=Confirmed i: 121 106  70          . p:   31993   36646 e: -12.7 r:  72.5 OK
Canada_Ontario=Confirmed i: 122 107  71  5/24/2020 p:   31993   36646 e: -12.7 r:  73.4 OK
Canada_Ontario=Confirmed i: 123 108  72          . p:   33200   36646 e:  -9.4 r:  74.5 OK
Canada_Ontario=Confirmed i: 124 109  73  5/26/2020 p:   33200   36646 e:  -9.4 r:  75.4 OK
Canada_Ontario=Confirmed i: 125 110  74          . p:   33200   36646 e:  -9.4 r:  76.3 OK
Canada_Ontario=Confirmed i: 126 111  75  5/28/2020 p:   33200   36646 e:  -9.4 r:  77.3 OK
Canada_Ontario=Confirmed i: 127 112  76          . p:   33200   36646 e:  -9.4 r:  78.3 OK
Canada_Ontario=Confirmed i: 128 113  77  5/30/2020 p:   35615   36646 e:  -2.8 r:  79.2 OK
Canada_Ontario=Confirmed i: 129 114  78          . p:   34407   36646 e:  -6.1 r:  80.2 OK
Canada_Ontario=Confirmed i: 130 115  79   6/1/2020 p:   34407   36646 e:  -6.1 r:  81.4 OK
Canada_Ontario=Confirmed i: 131 116  80          . p:   35615   36646 e:  -2.8 r:  82.6 OK
Canada_Ontario=Confirmed i: 132 117  81   6/3/2020 p:   35615   36646 e:  -2.8 r:  83.5 OK
Canada_Ontario=Confirmed i: 133 118  82          . p:   35615   36646 e:  -2.8 r:  84.4 OK
Canada_Ontario=Confirmed i: 134 119  83   6/5/2020 p:   35615   36646 e:  -2.8 r:  85.6 OK
Canada_Ontario=Confirmed i: 135 120  84          . p:   36584   36646 e:  -0.2 r:  86.3 OK
Canada_Ontario=Confirmed i: 136 121  85   6/7/2020 p:   36822   36646 e:   0.5 r:  87.6 OK
Canada_Ontario=Confirmed i: 137 122  86          . p:   36822   36646 e:   0.5 r:  88.4 OK
Canada_Ontario=Confirmed i: 138 123  87   6/9/2020 p:   37389   36646 e:   2.0 r:  89.2 OK
