
  # Process COVID TAB data
p1= 4532 il= 138
p1= 8861 il= 137
p1= 8996 il= 136
p1= 5885 il= 135
p1= 3314 il= 134
Haiti=Confirmed nl = 139, n1= 5 s1= 6317.6 s2= 45120036.4 SD= 2282.09698303994 frac%= 36.1228470153213
Haiti=Confirmed i:  67  67 -35          . p:      67    6317 e: -98.9 r:   0.2   
Haiti=Confirmed i:  68  68 -34  3/31/2020 p:      67    6317 e: -98.9 r:   0.2   
Haiti=Confirmed i:  69  69 -33          . p:      67    6317 e: -98.9 r:   0.3   
Haiti=Confirmed i:  70  70 -32   4/2/2020 p:      67    6317 e: -98.9 r:   0.3   
Haiti=Confirmed i:  72  72 -30   4/4/2020 p:      67    6317 e: -98.9 r:   0.3   
Haiti=Confirmed i:  73  73 -29          . p:      67    6317 e: -98.9 r:   0.3   
Haiti=Confirmed i:  74  74 -28   4/6/2020 p:      67    6317 e: -98.9 r:   0.4   
Haiti=Confirmed i:  75  75 -27          . p:      67    6317 e: -98.9 r:   0.4   
Haiti=Confirmed i:  76  76 -26   4/8/2020 p:      67    6317 e: -98.9 r:   0.4   
Haiti=Confirmed i:  77  77 -25          . p:      67    6317 e: -98.9 r:   0.5   
Haiti=Confirmed i:  78  78 -24  4/10/2020 p:      67    6317 e: -98.9 r:   0.5   
Haiti=Confirmed i:  79  79 -23          . p:      67    6317 e: -98.9 r:   0.5   
Haiti=Confirmed i:  80  80 -22  4/12/2020 p:      67    6317 e: -98.9 r:   0.5   
Haiti=Confirmed i:  81  81 -21          . p:      67    6317 e: -98.9 r:   0.6   
Haiti=Confirmed i:  82  82 -20  4/14/2020 p:      67    6317 e: -98.9 r:   0.6   
Haiti=Confirmed i:  83  83 -19          . p:      67    6317 e: -98.9 r:   0.6   
Haiti=Confirmed i:  84  84 -18  4/16/2020 p:      67    6317 e: -98.9 r:   0.6   
Haiti=Confirmed i:  85  85 -17          . p:      66    6317 e: -99.0 r:   0.7   
Haiti=Confirmed i:  86  86 -16  4/18/2020 p:      67    6317 e: -98.9 r:   0.7   
Haiti=Confirmed i:  87  87 -15          . p:      67    6317 e: -98.9 r:   0.7   
Haiti=Confirmed i:  88  88 -14  4/20/2020 p:     202    6317 e: -96.8 r:   0.9   
Haiti=Confirmed i:  89  89 -13          . p:     202    6317 e: -96.8 r:   0.9   
Haiti=Confirmed i:  90  90 -12  4/22/2020 p:     202    6317 e: -96.8 r:   1.0   
Haiti=Confirmed i:  91  91 -11          . p:     338    6317 e: -94.6 r:   1.1   
Haiti=Confirmed i:  92  92 -10  4/24/2020 p:     473    6317 e: -92.5 r:   1.1   
Haiti=Confirmed i:  93  93  -9          . p:     473    6317 e: -92.5 r:   1.1   
Haiti=Confirmed i:  94  94  -8  4/26/2020 p:      67    6317 e: -98.9 r:   1.2   
Haiti=Confirmed i:  95  95  -7          . p:      67    6317 e: -98.9 r:   1.2   
Haiti=Confirmed i:  96  96  -6  4/28/2020 p:      67    6317 e: -98.9 r:   1.2   
Haiti=Confirmed i:  97  97  -5          . p:      67    6317 e: -98.9 r:   1.2   
Haiti=Confirmed i:  98  98  -4  4/30/2020 p:     202    6317 e: -96.8 r:   1.3   
Haiti=Confirmed i:  99  99  -3          . p:     202    6317 e: -96.8 r:   1.3   
Haiti=Confirmed i: 100 100  -2   5/2/2020 p:     202    6317 e: -96.8 r:   1.3   
Haiti=Confirmed i: 101 101  -1          . p:     202    6317 e: -96.8 r:   1.4   
Haiti=Confirmed i: 102 102   0   5/4/2020 p:     256    6317 e: -95.9 r:   1.6   
Haiti=Confirmed i: 103 103   1          . p:     338    6317 e: -94.6 r:   1.6   
Haiti=Confirmed i: 104 104   2   5/6/2020 p:     202    6317 e: -96.8 r:   1.6   
Haiti=Confirmed i: 105 105   3          . p:     464    6317 e: -92.7 r:   2.0   
Haiti=Confirmed i: 106 106   4   5/8/2020 p:     879    6317 e: -86.1 r:   2.3   
Haiti=Confirmed i: 107 107   5          . p:     473    6317 e: -92.5 r:   2.4   
Haiti=Confirmed i: 108 108   6  5/10/2020 p:    1014    6317 e: -83.9 r:   2.9   
Haiti=Confirmed i: 109 109   7          . p:       0    6317 e: -100.0 r:   3.3   
Haiti=Confirmed i: 110 110   8  5/12/2020 p:     879    6317 e: -86.1 r:   3.3   
Haiti=Confirmed i: 111 111   9          . p:     608    6317 e: -90.4 r:   3.7   
Haiti=Confirmed i: 112 112  10  5/14/2020 p:    1285    6317 e: -79.7 r:   4.3   
Haiti=Confirmed i: 113 113  11          . p:       0    6317 e: -100.0 r:   4.9   
Haiti=Confirmed i: 117   0  15          . p:    5479    6317 e: -13.3 r:   8.9 OK 1st
Haiti=Confirmed i: 118   1  16  5/20/2020 p:     608    6317 e: -90.4 r:   9.4   
Haiti=Confirmed i: 119   2  17          . p:    6561    6317 e:   3.9 r:  11.6 OK
Haiti=Confirmed i: 120   3  18  5/22/2020 p:    4126    6317 e: -34.7 r:  12.9   
Haiti=Confirmed i: 121   4  19          . p:    2773    6317 e: -56.1 r:  13.7   
Haiti=Confirmed i: 122   5  20  5/24/2020 p:    1014    6317 e: -83.9 r:  14.4   
Haiti=Confirmed i: 123   6  21          . p:    1014    6317 e: -83.9 r:  15.2   
Haiti=Confirmed i: 124   7  22  5/26/2020 p:    4126    6317 e: -34.7 r:  18.6   
Haiti=Confirmed i: 125   8  23          . p:    8455    6317 e:  33.8 r:  20.9   
Haiti=Confirmed i: 126   9  24  5/28/2020 p:       0    6317 e: -100.0 r:  23.0   
Haiti=Confirmed i: 127  10  25          . p:    2638    6317 e: -58.2 r:  25.1   
Haiti=Confirmed i: 131  14  29          . p:    2367    6317 e: -62.5 r:  35.2   
Haiti=Confirmed i: 132  15  30   6/3/2020 p:    3449    6317 e: -45.4 r:  39.7   
Haiti=Confirmed i: 133  16  31          . p:    3449    6317 e: -45.4 r:  41.8   
Haiti=Confirmed i: 134  17  32   6/5/2020 p:    3314    6317 e: -47.5 r:  43.4   
Haiti=Confirmed i: 135  18  33          . p:    5885    6317 e:  -6.8 r:  48.6 OK
Haiti=Confirmed i: 136  19  34   6/7/2020 p:    8996    6317 e:  42.4 r:  52.8   
Haiti=Confirmed i: 137  20  35          . p:    8861    6317 e:  40.3 r:  56.0   
Haiti=Confirmed i: 138  21  36   6/9/2020 p:    4532    6317 e: -28.3 r:  58.0   
