
  # Process COVID TAB data
p1= 2142922 il= 138
p1= 2126796 il= 137
p1= 2103594 il= 136
p1= 2085312 il= 135
p1= 2061940 il= 134
US=Confirmed nl = 139, n1= 5 s1= 2104112.8 s2= 4428121268296 SD= 28820.0133962691 frac%= 1.36969906728713
US=Confirmed i:  32  32  -8  2/24/2020 p:       0 2104112 e: -100.0 r:   0.0   
US=Confirmed i:  33  33  -7          . p:       0 2104112 e: -100.0 r:   0.0   
US=Confirmed i:  34  34  -6  2/26/2020 p:       0 2104112 e: -100.0 r:   0.0   
US=Confirmed i:  38  38  -2   3/1/2020 p:   36231 2104112 e: -98.3 r:   0.0   
US=Confirmed i:  39  39  -1          . p:   36230 2104112 e: -98.3 r:   0.0   
US=Confirmed i:  45  45   5          . p:   36388 2104112 e: -98.3 r:   0.0   
US=Confirmed i:  46  46   6   3/9/2020 p:   35772 2104112 e: -98.3 r:   0.0   
US=Confirmed i:  47  47   7          . p:   36296 2104112 e: -98.3 r:   0.0   
US=Confirmed i:  48  48   8  3/11/2020 p:  248744 2104112 e: -88.2 r:   0.1   
US=Confirmed i:  49  49   9          . p: 5740922 2104112 e: 172.8 r:   0.1   
US=Confirmed i:  52  52  12  3/15/2020 p:   36214 2104112 e: -98.3 r:   0.1   
US=Confirmed i:  53  53  13          . p:   36108 2104112 e: -98.3 r:   0.2   
US=Confirmed i:  54  54  14  3/17/2020 p:  245163 2104112 e: -88.3 r:   0.3   
US=Confirmed i:  59  59  19          . p:  253569 2104112 e: -87.9 r:   2.2   
US=Confirmed i:  60  60  20  3/23/2020 p:  595091 2104112 e: -71.7 r:   3.1   
US=Confirmed i:  61  61  21          . p: 1108031 2104112 e: -47.3 r:   4.2   
US=Confirmed i:  62  62  22  3/25/2020 p: 4643930 2104112 e: 120.7 r:   5.5   
US=Confirmed i:  63  63  23          . p: 5740922 2104112 e: 172.8 r:   7.7   
US=Confirmed i:  64  64  24  3/27/2020 p:       0 2104112 e: -100.0 r:   9.8   
US=Confirmed i:  65  65  25          . p: 4723181 2104112 e: 124.5 r:  12.0   
US=Confirmed i:  66  66  26  3/29/2020 p:       0 2104112 e: -100.0 r:  14.2   
US=Confirmed i:  67   0  27          . p: 2224281 2104112 e:   5.7 r:  16.0 OK 1st
US=Confirmed i:  68   1  28  3/31/2020 p:  591839 2104112 e: -71.9 r:  18.0   
US=Confirmed i:  69   2  29          . p:  908487 2104112 e: -56.8 r:  21.2   
US=Confirmed i:  70   3  30   4/2/2020 p:  905581 2104112 e: -57.0 r:  23.0   
US=Confirmed i:  71   4  31          . p:  883650 2104112 e: -58.0 r:  24.9   
US=Confirmed i:  72   5  32   4/4/2020 p:  517799 2104112 e: -75.4 r:  24.3   
US=Confirmed i:  73   6  33          . p: 5135468 2104112 e: 144.1 r:  25.4   
US=Confirmed i:  74   7  34   4/6/2020 p:  567337 2104112 e: -73.0 r:  26.0   
US=Confirmed i:  75   8  35          . p:  514831 2104112 e: -75.5 r:  24.3   
US=Confirmed i:  76   9  36   4/8/2020 p:  511047 2104112 e: -75.7 r:  23.8   
US=Confirmed i:  77  10  37          . p: 4762848 2104112 e: 126.4 r:  24.5   
US=Confirmed i:  78  11  38  4/10/2020 p: 5810861 2104112 e: 176.2 r:  25.3   
US=Confirmed i:  79  12  39          . p:       0 2104112 e: -100.0 r:  27.4   
US=Confirmed i:  80  13  40  4/12/2020 p:  671550 2104112 e: -68.1 r:  29.1   
US=Confirmed i:  81  14  41          . p:       0 2104112 e: -100.0 r:  30.7   
US=Confirmed i:  82  15  42  4/14/2020 p:  805713 2104112 e: -61.7 r:  33.2   
US=Confirmed i:  83  16  43          . p:  807595 2104112 e: -61.6 r:  33.3   
US=Confirmed i:  84  17  44  4/16/2020 p:  837137 2104112 e: -60.2 r:  34.5   
US=Confirmed i:  85  18  45          . p:  832021 2104112 e: -60.5 r:  35.2   
US=Confirmed i:  86  19  46  4/18/2020 p:  865976 2104112 e: -58.8 r:  36.6   
US=Confirmed i:  87  20  47          . p:  883816 2104112 e: -58.0 r:  37.5   
US=Confirmed i:  88  21  48  4/20/2020 p:  910121 2104112 e: -56.7 r:  38.8   
US=Confirmed i:  89  22  49          . p:  929274 2104112 e: -55.8 r:  38.7   
US=Confirmed i:  90  23  50  4/22/2020 p:  937302 2104112 e: -55.5 r:  40.1   
US=Confirmed i:  91  24  51          . p:  975554 2104112 e: -53.6 r:  41.7   
US=Confirmed i:  92  25  52  4/24/2020 p: 1013207 2104112 e: -51.8 r:  43.3   
US=Confirmed i:  93  26  53          . p: 1046290 2104112 e: -50.3 r:  44.9   
US=Confirmed i:  94  27  54  4/26/2020 p: 1086239 2104112 e: -48.4 r:  46.2   
US=Confirmed i:  95  28  55          . p: 1123724 2104112 e: -46.6 r:  47.3   
US=Confirmed i:  96  29  56  4/28/2020 p: 1174094 2104112 e: -44.2 r:  48.4   
US=Confirmed i:  97  30  57          . p: 1169494 2104112 e: -44.4 r:  49.7   
US=Confirmed i:  98  31  58  4/30/2020 p: 1222010 2104112 e: -41.9 r:  51.1   
US=Confirmed i:  99  32  59          . p: 1251538 2104112 e: -40.5 r:  52.7   
US=Confirmed i: 100  33  60   5/2/2020 p: 1282436 2104112 e: -39.1 r:  54.1   
US=Confirmed i: 101  34  61          . p: 1314620 2104112 e: -37.5 r:  55.3   
US=Confirmed i: 102  35  62   5/4/2020 p: 1342718 2104112 e: -36.2 r:  56.3   
US=Confirmed i: 103  36  63          . p: 1367268 2104112 e: -35.0 r:  57.5   
US=Confirmed i: 104  37  64   5/6/2020 p: 1399126 2104112 e: -33.5 r:  58.7   
US=Confirmed i: 105  38  65          . p: 1421515 2104112 e: -32.4 r:  59.8   
US=Confirmed i: 106  39  66   5/8/2020 p: 1441735 2104112 e: -31.5 r:  61.1   
US=Confirmed i: 107  40  67          . p: 1471925 2104112 e: -30.0 r:  62.3   
US=Confirmed i: 108  41  68  5/10/2020 p: 1498131 2104112 e: -28.8 r:  63.3   
US=Confirmed i: 109  42  69          . p: 1531589 2104112 e: -27.2 r:  64.1   
US=Confirmed i: 110  43  70  5/12/2020 p: 1530448 2104112 e: -27.3 r:  65.2   
US=Confirmed i: 111  44  71          . p: 1559271 2104112 e: -25.9 r:  66.2   
US=Confirmed i: 112  45  72  5/14/2020 p: 1591694 2104112 e: -24.4 r:  67.5   
US=Confirmed i: 113  46  73          . p: 1611748 2104112 e: -23.4 r:  68.7   
US=Confirmed i: 114  47  74  5/16/2020 p: 1642402 2104112 e: -21.9 r:  69.9   
US=Confirmed i: 115  48  75          . p: 1650820 2104112 e: -21.5 r:  70.7   
US=Confirmed i: 116  49  76  5/18/2020 p: 1694730 2104112 e: -19.5 r:  71.8   
US=Confirmed i: 117  50  77          . p: 1706899 2104112 e: -18.9 r:  72.7   
US=Confirmed i: 118  51  78  5/20/2020 p: 1721227 2104112 e: -18.2 r:  73.8   
US=Confirmed i: 119  52  79          . p: 1742918 2104112 e: -17.2 r:  75.0   
US=Confirmed i: 120  53  80  5/22/2020 p: 1763893 2104112 e: -16.2 r:  76.2   
US=Confirmed i: 121  54  81          . p: 1799526 2104112 e: -14.5 r:  77.2 OK
US=Confirmed i: 122  55  82  5/24/2020 p: 1809007 2104112 e: -14.0 r:  78.2 OK
US=Confirmed i: 123  56  83          . p: 1833397 2104112 e: -12.9 r:  79.1 OK
US=Confirmed i: 124  57  84  5/26/2020 p: 1847269 2104112 e: -12.2 r:  80.0 OK
US=Confirmed i: 125  58  85          . p: 1860712 2104112 e: -11.6 r:  80.9 OK
US=Confirmed i: 126  59  86  5/28/2020 p: 1876548 2104112 e: -10.8 r:  81.9 OK
US=Confirmed i: 127  60  87          . p: 1901061 2104112 e:  -9.7 r:  83.1 OK
US=Confirmed i: 128  61  88  5/30/2020 p: 1917977 2104112 e:  -8.8 r:  84.2 OK
US=Confirmed i: 129  62  89          . p: 1963402 2104112 e:  -6.7 r:  85.1 OK
US=Confirmed i: 130  63  90   6/1/2020 p: 1981916 2104112 e:  -5.8 r:  86.1 OK
US=Confirmed i: 131  64  91          . p: 2002863 2104112 e:  -4.8 r:  87.1 OK
US=Confirmed i: 132  65  92   6/3/2020 p: 2022011 2104112 e:  -3.9 r:  88.0 OK
US=Confirmed i: 133  66  93          . p: 2040575 2104112 e:  -3.0 r:  89.0 OK
US=Confirmed i: 134  67  94   6/5/2020 p: 2061940 2104112 e:  -2.0 r:  90.4 OK
US=Confirmed i: 135  68  95          . p: 2085312 2104112 e:  -0.9 r:  91.5 OK
US=Confirmed i: 136  69  96   6/7/2020 p: 2103594 2104112 e:  -0.0 r:  92.4 OK
US=Confirmed i: 137  70  97          . p: 2126796 2104112 e:   1.1 r:  93.2 OK
US=Confirmed i: 138  71  98   6/9/2020 p: 2142922 2104112 e:   1.8 r:  94.1 OK
