
  # Process COVID TAB data
p1= 10 il= 274
p1= 10 il= 273
p1= 10 il= 272
p1= 10 il= 271
p1= 10 il= 270
Sudan=Deaths nl = 278, n1= 5 s1= 10 s2= 100 SD= 0 frac%= 0
Sudan=Deaths i:  71  71 -22          . p:       0      10 e: -100.0 r:  20.0   
Sudan=Deaths i:  72  72 -21   4/4/2020 p:       0      10 e: -100.0 r:  20.0   
Sudan=Deaths i:  73  73 -20          . p:       0      10 e: -100.0 r:  20.0   
Sudan=Deaths i:  74  74 -19   4/6/2020 p:       0      10 e: -100.0 r:  20.0   
Sudan=Deaths i:  75  75 -18          . p:       0      10 e: -100.0 r:  20.0   
Sudan=Deaths i:  76  76 -17   4/8/2020 p:       0      10 e: -100.0 r:  20.0   
Sudan=Deaths i:  77  77 -16          . p:       0      10 e: -100.0 r:  20.0   
Sudan=Deaths i:  78  78 -15  4/10/2020 p:       0      10 e: -100.0 r:  20.0   
Sudan=Deaths i:  79  79 -14          . p:       0      10 e: -100.0 r:  20.0   
Sudan=Deaths i:  80  80 -13  4/12/2020 p:       0      10 e: -100.0 r:  20.0   
Sudan=Deaths i:  83  83 -10          . p:       7      10 e: -30.0 r:  50.0   
Sudan=Deaths i:  84  84  -9  4/16/2020 p:       7      10 e: -30.0 r:  50.0   
Sudan=Deaths i:  85  85  -8          . p:       7      10 e: -30.0 r:  60.0   
Sudan=Deaths i:  87  87  -6          . p:      50      10 e: 400.0 r: 100.0   
Sudan=Deaths i:  88  88  -5  4/20/2020 p:      21      10 e: 110.0 r: 120.0   
Sudan=Deaths i:  89  89  -4          . p:       7      10 e: -30.0 r: 120.0   
Sudan=Deaths i:  90  90  -3  4/22/2020 p:      21      10 e: 110.0 r: 130.0   
Sudan=Deaths i:  91  91  -2          . p:      35      10 e: 250.0 r: 160.0   
Sudan=Deaths i:  92  92  -1  4/24/2020 p:      21      10 e: 110.0 r: 160.0   
Sudan=Deaths i:  93  93   0          . p:      21      10 e: 110.0 r: 170.0   
Sudan=Deaths i:  94  94   1  4/26/2020 p:      50      10 e: 400.0 r: 210.0   
Sudan=Deaths i:  95  95   2          . p:      50      10 e: 400.0 r: 220.0   
Sudan=Deaths i:  96  96   3  4/28/2020 p:      64      10 e: 540.0 r: 250.0   
Sudan=Deaths i:  97  97   4          . p:      79      10 e: 690.0 r: 280.0   
Sudan=Deaths i:  98  98   5  4/30/2020 p:     107      10 e: 970.0 r: 310.0   
Sudan=Deaths i:  99  99   6          . p:     150      10 e: 1400.0 r: 360.0   
Sudan=Deaths i: 100 100   7   5/2/2020 p:     237      10 e: 2270.0 r: 410.0   
Sudan=Deaths i: 101 101   8          . p:     237      10 e: 2270.0 r: 410.0   
Sudan=Deaths i: 102 102   9   5/4/2020 p:     193      10 e: 1830.0 r: 410.0   
Sudan=Deaths i: 103 103  10          . p:      50      10 e: 400.0 r: 450.0   
Sudan=Deaths i: 104 104  11   5/6/2020 p:     179      10 e: 1690.0 r: 490.0   
Sudan=Deaths i: 105 105  12          . p:      79      10 e: 690.0 r: 520.0   
Sudan=Deaths i: 106 106  13   5/8/2020 p:     208      10 e: 1980.0 r: 590.0   
Sudan=Deaths i: 107 107  14          . p:     237      10 e: 2270.0 r: 640.0   
Sudan=Deaths i: 108 108  15  5/10/2020 p:     280      10 e: 2700.0 r: 700.0   
Sudan=Deaths i: 109 109  16          . p:     438      10 e: 4280.0 r: 740.0   
Sudan=Deaths i: 110 110  17  5/12/2020 p:     366      10 e: 3560.0 r: 800.0   
Sudan=Deaths i: 111 111  18          . p:     423      10 e: 4130.0 r: 900.0   
Sudan=Deaths i: 112 112  19  5/14/2020 p:     438      10 e: 4280.0 r: 900.0   
Sudan=Deaths i: 113 113  20          . p:     423      10 e: 4130.0 r: 910.0   
Sudan=Deaths i: 114 114  21  5/16/2020 p:     653      10 e: 6430.0 r: 970.0   
Sudan=Deaths i: 115 115  22          . p:     380      10 e: 3700.0 r: 970.0   
Sudan=Deaths i: 116 116  23  5/18/2020 p:     136      10 e: 1260.0 r: 1050.0   
Sudan=Deaths i: 117 117  24          . p:     323      10 e: 3130.0 r: 1110.0   
Sudan=Deaths i: 118 118  25  5/20/2020 p:     150      10 e: 1400.0 r: 1110.0   
Sudan=Deaths i: 119 119  26          . p:     280      10 e: 2700.0 r: 1210.0   
Sudan=Deaths i: 120 120  27  5/22/2020 p:     467      10 e: 4570.0 r: 1370.0   
Sudan=Deaths i: 121 121  28          . p:     567      10 e: 5570.0 r: 1460.0   
Sudan=Deaths i: 122 122  29  5/24/2020 p:     567      10 e: 5570.0 r: 1650.0   
Sudan=Deaths i: 123 123  30          . p:     653      10 e: 6430.0 r: 1700.0   
Sudan=Deaths i: 124 124  31  5/26/2020 p:     668      10 e: 6580.0 r: 1700.0   
Sudan=Deaths i: 125 125  32          . p:    1084      10 e: 10740.0 r: 1950.0   
Sudan=Deaths i: 126 126  33  5/28/2020 p:     826      10 e: 8160.0 r: 1950.0   
Sudan=Deaths i: 127 127  34          . p:       0      10 e: -100.0 r: 2330.0   
Sudan=Deaths i: 128 128  35  5/30/2020 p:       0      10 e: -100.0 r: 2620.0   
Sudan=Deaths i: 129 129  36          . p:       0      10 e: -100.0 r: 2860.0   
Sudan=Deaths i: 130 130  37   6/1/2020 p:     366      10 e: 3560.0 r: 2980.0   
Sudan=Deaths i: 131 131  38          . p:     323      10 e: 3130.0 r: 3070.0   
Sudan=Deaths i: 132 132  39   6/3/2020 p:     323      10 e: 3130.0 r: 3140.0   
Sudan=Deaths i: 133 133  40          . p:     380      10 e: 3700.0 r: 3330.0   
Sudan=Deaths i: 134 134  41   6/5/2020 p:     409      10 e: 3990.0 r: 3470.0   
Sudan=Deaths i: 135 135  42          . p:     423      10 e: 4130.0 r: 3590.0   
Sudan=Deaths i: 136 136  43   6/7/2020 p:     409      10 e: 3990.0 r: 3590.0   
Sudan=Deaths i: 137 137  44          . p:     409      10 e: 3990.0 r: 3720.0   
Sudan=Deaths i: 138 138  45   6/9/2020 p:     452      10 e: 4420.0 r: 3890.0   
Sudan=Deaths i: 262   0 169          . p:      10      10 e:   0.0 r:  80.0 OK 1st
Sudan=Deaths i: 263   1 170  5/26/2020 p:       8      10 e: -20.0 r:  80.0   
Sudan=Deaths i: 264   2 171          . p:      12      10 e:  20.0 r: 100.0   
Sudan=Deaths i: 265   3 172  5/28/2020 p:      14      10 e:  40.0 r: 100.0   
Sudan=Deaths i: 266   4 173          . p:      12      10 e:  20.0 r: 100.0   
Sudan=Deaths i: 267   5 174  5/30/2020 p:      10      10 e:   0.0 r: 100.0 OK
Sudan=Deaths i: 268   6 175          . p:      10      10 e:   0.0 r: 100.0 OK
Sudan=Deaths i: 269   7 176   6/1/2020 p:       9      10 e: -10.0 r: 100.0 OK
Sudan=Deaths i: 270   8 177          . p:      10      10 e:   0.0 r: 100.0 OK
Sudan=Deaths i: 271   9 178   6/3/2020 p:      10      10 e:   0.0 r: 100.0 OK
Sudan=Deaths i: 272  10 179          . p:      10      10 e:   0.0 r: 100.0 OK
Sudan=Deaths i: 273  11 180   6/5/2020 p:      10      10 e:   0.0 r: 100.0 OK
Sudan=Deaths i: 274  12 181          . p:      10      10 e:   0.0 r: 100.0 OK
