
  # Process COVID TAB data
p1= 9364 il= 138
p1= 9432 il= 137
p1= 9564 il= 136
p1= 9564 il= 135
p1= 9564 il= 134
US_Massachusetts_Bristol=Confirmed nl = 139, n1= 5 s1= 9497.6 s2= 90211481.6 SD= 84.1180123397401 frac%= 0.885676511326442
US_Massachusetts_Bristol=Confirmed i:  58  58  -5  3/21/2020 p:     366    9497 e: -96.1 r:   0.1   
US_Massachusetts_Bristol=Confirmed i:  60  60  -3  3/23/2020 p:    5852    9497 e: -38.4 r:   0.3   
US_Massachusetts_Bristol=Confirmed i:  61  61  -2          . p:     142    9497 e: -98.5 r:   0.3   
US_Massachusetts_Bristol=Confirmed i:  62  62  -1  3/25/2020 p:   11277    9497 e:  18.7 r:   0.7   
US_Massachusetts_Bristol=Confirmed i:  63  63   0          . p:   11277    9497 e:  18.7 r:   0.9   
US_Massachusetts_Bristol=Confirmed i:  64  64   1  3/27/2020 p:   18129    9497 e:  90.9 r:   1.4   
US_Massachusetts_Bristol=Confirmed i:  65  65   2          . p:     999    9497 e: -89.5 r:   1.9   
US_Massachusetts_Bristol=Confirmed i:  66  66   3  3/29/2020 p:     428    9497 e: -95.5 r:   2.2   
US_Massachusetts_Bristol=Confirmed i:  67  67   4          . p:     713    9497 e: -92.5 r:   2.8   
US_Massachusetts_Bristol=Confirmed i:  68  68   5  3/31/2020 p:     713    9497 e: -92.5 r:   3.2   
US_Massachusetts_Bristol=Confirmed i:  69  69   6          . p:     713    9497 e: -92.5 r:   3.9   
US_Massachusetts_Bristol=Confirmed i:  70  70   7   4/2/2020 p:     999    9497 e: -89.5 r:   4.5   
US_Massachusetts_Bristol=Confirmed i:  71  71   8          . p:    1855    9497 e: -80.5 r:   5.4   
US_Massachusetts_Bristol=Confirmed i:  72  72   9   4/4/2020 p:    1570    9497 e: -83.5 r:   6.3   
US_Massachusetts_Bristol=Confirmed i:  73  73  10          . p:    2256    9497 e: -76.2 r:   6.9   
US_Massachusetts_Bristol=Confirmed i:  74  74  11   4/6/2020 p:    2113    9497 e: -77.8 r:   7.6   
US_Massachusetts_Bristol=Confirmed i:  75  75  12          . p:    1769    9497 e: -81.4 r:   8.1   
US_Massachusetts_Bristol=Confirmed i:  76  76  13   4/8/2020 p:    1649    9497 e: -82.6 r:   8.8   
US_Massachusetts_Bristol=Confirmed i:  77  77  14          . p:    2871    9497 e: -69.8 r:  10.5   
US_Massachusetts_Bristol=Confirmed i:  78  78  15  4/10/2020 p:    2209    9497 e: -76.7 r:  11.4   
US_Massachusetts_Bristol=Confirmed i:  79  79  16          . p:    2426    9497 e: -74.5 r:  12.5   
US_Massachusetts_Bristol=Confirmed i:  80  80  17  4/12/2020 p:    2712    9497 e: -71.4 r:  14.0   
US_Massachusetts_Bristol=Confirmed i:  81  81  18          . p:    2712    9497 e: -71.4 r:  14.7   
US_Massachusetts_Bristol=Confirmed i:  82  82  19  4/14/2020 p:    2839    9497 e: -70.1 r:  15.1   
US_Massachusetts_Bristol=Confirmed i:  83  83  20          . p:    1728    9497 e: -81.8 r:  15.9   
US_Massachusetts_Bristol=Confirmed i:  84  84  21  4/16/2020 p:    2758    9497 e: -71.0 r:  16.9   
US_Massachusetts_Bristol=Confirmed i:  85  85  22          . p:    2997    9497 e: -68.4 r:  17.5   
US_Massachusetts_Bristol=Confirmed i:  86  86  23  4/18/2020 p:    2685    9497 e: -71.7 r:  17.9   
US_Massachusetts_Bristol=Confirmed i:  87  87  24          . p:    2570    9497 e: -72.9 r:  18.2   
US_Massachusetts_Bristol=Confirmed i:  88  88  25  4/20/2020 p:    2539    9497 e: -73.3 r:  18.2   
US_Massachusetts_Bristol=Confirmed i:  89  89  26          . p:    2447    9497 e: -74.2 r:  19.5   
US_Massachusetts_Bristol=Confirmed i:  90  90  27  4/22/2020 p:    2426    9497 e: -74.5 r:  20.1   
US_Massachusetts_Bristol=Confirmed i:  91  91  28          . p:    2897    9497 e: -69.5 r:  23.0   
US_Massachusetts_Bristol=Confirmed i:  94  94  31  4/26/2020 p:    2997    9497 e: -68.4 r:  30.8   
US_Massachusetts_Bristol=Confirmed i:  95  95  32          . p:    3283    9497 e: -65.4 r:  32.3   
US_Massachusetts_Bristol=Confirmed i:  96  96  33  4/28/2020 p:    3854    9497 e: -59.4 r:  34.4   
US_Massachusetts_Bristol=Confirmed i:  97  97  34          . p:    4139    9497 e: -56.4 r:  36.1   
US_Massachusetts_Bristol=Confirmed i:  98  98  35  4/30/2020 p:    4139    9497 e: -56.4 r:  37.7   
US_Massachusetts_Bristol=Confirmed i:  99  99  36          . p:    4710    9497 e: -50.4 r:  39.9   
US_Massachusetts_Bristol=Confirmed i: 100 100  37   5/2/2020 p:    4996    9497 e: -47.4 r:  41.2   
US_Massachusetts_Bristol=Confirmed i: 101 101  38          . p:    4842    9497 e: -49.0 r:  42.3   
US_Massachusetts_Bristol=Confirmed i: 102 102  39   5/4/2020 p:    5678    9497 e: -40.2 r:  43.2   
US_Massachusetts_Bristol=Confirmed i: 103 103  40          . p:    5071    9497 e: -46.6 r:  44.6   
US_Massachusetts_Bristol=Confirmed i: 104 104  41   5/6/2020 p:    5281    9497 e: -44.4 r:  46.1   
US_Massachusetts_Bristol=Confirmed i: 105 105  42          . p:    6138    9497 e: -35.4 r:  47.7   
US_Massachusetts_Bristol=Confirmed i: 106 106  43   5/8/2020 p:    5852    9497 e: -38.4 r:  49.2   
US_Massachusetts_Bristol=Confirmed i: 107 107  44          . p:    6138    9497 e: -35.4 r:  51.0   
US_Massachusetts_Bristol=Confirmed i: 108 108  45  5/10/2020 p:    6138    9497 e: -35.4 r:  51.9   
US_Massachusetts_Bristol=Confirmed i: 109 109  46          . p:    6138    9497 e: -35.4 r:  52.6   
US_Massachusetts_Bristol=Confirmed i: 110 110  47  5/12/2020 p:    6245    9497 e: -34.2 r:  54.0   
US_Massachusetts_Bristol=Confirmed i: 111 111  48          . p:    6466    9497 e: -31.9 r:  55.3   
US_Massachusetts_Bristol=Confirmed i: 112 112  49  5/14/2020 p:    6709    9497 e: -29.4 r:  57.3   
US_Massachusetts_Bristol=Confirmed i: 113 113  50          . p:    6994    9497 e: -26.4 r:  58.9   
US_Massachusetts_Bristol=Confirmed i: 114   0  51  5/16/2020 p:    8422    9497 e: -11.3 r:  60.5 OK 1st
US_Massachusetts_Bristol=Confirmed i: 115   1  52          . p:    7851    9497 e: -17.3 r:  61.8   
US_Massachusetts_Bristol=Confirmed i: 116   2  53  5/18/2020 p:   10135    9497 e:   6.7 r:  63.1 OK
US_Massachusetts_Bristol=Confirmed i: 117   3  54          . p:    8137    9497 e: -14.3 r:  64.0 OK
US_Massachusetts_Bristol=Confirmed i: 118   4  55  5/20/2020 p:    8219    9497 e: -13.5 r:  64.9 OK
US_Massachusetts_Bristol=Confirmed i: 119   5  56          . p:    8315    9497 e: -12.5 r:  66.2 OK
US_Massachusetts_Bristol=Confirmed i: 120   6  57  5/22/2020 p:    8271    9497 e: -12.9 r:  67.0 OK
US_Massachusetts_Bristol=Confirmed i: 121   7  58          . p:   10238    9497 e:   7.8 r:  67.7 OK
US_Massachusetts_Bristol=Confirmed i: 122   8  59  5/24/2020 p:    8422    9497 e: -11.3 r:  69.4 OK
US_Massachusetts_Bristol=Confirmed i: 123   9  60          . p:    8422    9497 e: -11.3 r:  70.3 OK
US_Massachusetts_Bristol=Confirmed i: 124  10  61  5/26/2020 p:    9850    9497 e:   3.7 r:  70.9 OK
US_Massachusetts_Bristol=Confirmed i: 125  11  62          . p:    8522    9497 e: -10.3 r:  71.4 OK
US_Massachusetts_Bristol=Confirmed i: 126  12  63  5/28/2020 p:    8388    9497 e: -11.7 r:  72.1 OK
US_Massachusetts_Bristol=Confirmed i: 127  13  64          . p:    8422    9497 e: -11.3 r:  73.0 OK
US_Massachusetts_Bristol=Confirmed i: 128  14  65  5/30/2020 p:    8708    9497 e:  -8.3 r:  74.6 OK
US_Massachusetts_Bristol=Confirmed i: 129  15  66          . p:    8708    9497 e:  -8.3 r:  75.4 OK
US_Massachusetts_Bristol=Confirmed i: 130  16  67   6/1/2020 p:    9564    9497 e:   0.7 r:  77.4 OK
US_Massachusetts_Bristol=Confirmed i: 131  17  68          . p:    9564    9497 e:   0.7 r:  77.7 OK
US_Massachusetts_Bristol=Confirmed i: 132  18  69   6/3/2020 p:    9564    9497 e:   0.7 r:  78.5 OK
US_Massachusetts_Bristol=Confirmed i: 133  19  70          . p:    9564    9497 e:   0.7 r:  79.1 OK
US_Massachusetts_Bristol=Confirmed i: 134  20  71   6/5/2020 p:    9564    9497 e:   0.7 r:  79.7 OK
US_Massachusetts_Bristol=Confirmed i: 135  21  72          . p:    9564    9497 e:   0.7 r:  80.4 OK
US_Massachusetts_Bristol=Confirmed i: 136  22  73   6/7/2020 p:    9564    9497 e:   0.7 r:  80.9 OK
US_Massachusetts_Bristol=Confirmed i: 137  23  74          . p:    9432    9497 e:  -0.7 r:  81.1 OK
US_Massachusetts_Bristol=Confirmed i: 138  24  75   6/9/2020 p:    9364    9497 e:  -1.4 r:  81.4 OK
