
  # Process COVID TAB data
p1= 5267 il= 138
p1= 5261 il= 137
p1= 5247 il= 136
p1= 5240 il= 135
p1= 5274 il= 134
US_New_Jersey_Burlington=Confirmed nl = 139, n1= 5 s1= 5257.8 s2= 27644619 SD= 12.5761679376678 frac%= 0.239190686934988
US_New_Jersey_Burlington=Confirmed i:  57  57  -7          . p:     266    5257 e: -94.9 r:   0.3   
US_New_Jersey_Burlington=Confirmed i:  58  58  -6  3/21/2020 p:      88    5257 e: -98.3 r:   0.4   
US_New_Jersey_Burlington=Confirmed i:  59  59  -5          . p:      88    5257 e: -98.3 r:   0.5   
US_New_Jersey_Burlington=Confirmed i:  60  60  -4  3/23/2020 p:     266    5257 e: -94.9 r:   0.7   
US_New_Jersey_Burlington=Confirmed i:  61  61  -3          . p:     266    5257 e: -94.9 r:   0.8   
US_New_Jersey_Burlington=Confirmed i:  62  62  -2  3/25/2020 p:      88    5257 e: -98.3 r:   0.9   
US_New_Jersey_Burlington=Confirmed i:  63  63  -1          . p:     444    5257 e: -91.6 r:   1.2   
US_New_Jersey_Burlington=Confirmed i:  64  64   0  3/27/2020 p:    1509    5257 e: -71.3 r:   1.7   
US_New_Jersey_Burlington=Confirmed i:  65  65   1          . p:    9325    5257 e:  77.4 r:   2.2   
US_New_Jersey_Burlington=Confirmed i:  66  66   2  3/29/2020 p:       0    5257 e: -100.0 r:   2.7   
US_New_Jersey_Burlington=Confirmed i:  67  67   3          . p:    1332    5257 e: -74.7 r:   3.4   
US_New_Jersey_Burlington=Confirmed i:  68  68   4  3/31/2020 p:     444    5257 e: -91.6 r:   3.8   
US_New_Jersey_Burlington=Confirmed i:  69  69   5          . p:    1154    5257 e: -78.1 r:   4.8   
US_New_Jersey_Burlington=Confirmed i:  70  70   6   4/2/2020 p:    1332    5257 e: -74.7 r:   5.6   
US_New_Jersey_Burlington=Confirmed i:  71  71   7          . p:    2930    5257 e: -44.3 r:   7.0   
US_New_Jersey_Burlington=Confirmed i:  72  72   8   4/4/2020 p:       0    5257 e: -100.0 r:   8.9   
US_New_Jersey_Burlington=Confirmed i:  73  73   9          . p:       0    5257 e: -100.0 r:  10.4   
US_New_Jersey_Burlington=Confirmed i:  74  74  10   4/6/2020 p:       0    5257 e: -100.0 r:  12.3   
US_New_Jersey_Burlington=Confirmed i:  75  75  11          . p:    1509    5257 e: -71.3 r:  13.9   
US_New_Jersey_Burlington=Confirmed i:  76  76  12   4/8/2020 p:    1154    5257 e: -78.1 r:  15.2   
US_New_Jersey_Burlington=Confirmed i:  77  77  13          . p:    1332    5257 e: -74.7 r:  16.8   
US_New_Jersey_Burlington=Confirmed i:  78  78  14  4/10/2020 p:    1332    5257 e: -74.7 r:  18.1   
US_New_Jersey_Burlington=Confirmed i:  79  79  15          . p:    1509    5257 e: -71.3 r:  19.6   
US_New_Jersey_Burlington=Confirmed i:  80  80  16  4/12/2020 p:    1687    5257 e: -67.9 r:  20.8   
US_New_Jersey_Burlington=Confirmed i:  81  81  17          . p:    1687    5257 e: -67.9 r:  22.0   
US_New_Jersey_Burlington=Confirmed i:  82  82  18  4/14/2020 p:    1687    5257 e: -67.9 r:  23.0   
US_New_Jersey_Burlington=Confirmed i:  83  83  19          . p:    1678    5257 e: -68.1 r:  24.0   
US_New_Jersey_Burlington=Confirmed i:  84  84  20  4/16/2020 p:    1754    5257 e: -66.6 r:  25.2   
US_New_Jersey_Burlington=Confirmed i:  85  85  21          . p:    1726    5257 e: -67.2 r:  26.0   
US_New_Jersey_Burlington=Confirmed i:  86  86  22  4/18/2020 p:    1865    5257 e: -64.5 r:  27.7   
US_New_Jersey_Burlington=Confirmed i:  87  87  23          . p:    2220    5257 e: -57.8 r:  30.2   
US_New_Jersey_Burlington=Confirmed i:  88  88  24  4/20/2020 p:    2398    5257 e: -54.4 r:  31.6   
US_New_Jersey_Burlington=Confirmed i:  89  89  25          . p:    2575    5257 e: -51.0 r:  33.6   
US_New_Jersey_Burlington=Confirmed i:  90  90  26  4/22/2020 p:    2753    5257 e: -47.6 r:  35.7   
US_New_Jersey_Burlington=Confirmed i:  91  91  27          . p:    2930    5257 e: -44.3 r:  37.4   
US_New_Jersey_Burlington=Confirmed i:  92  92  28  4/24/2020 p:    3108    5257 e: -40.9 r:  39.1   
US_New_Jersey_Burlington=Confirmed i:  93  93  29          . p:    3286    5257 e: -37.5 r:  40.9   
US_New_Jersey_Burlington=Confirmed i:  94  94  30  4/26/2020 p:    3641    5257 e: -30.8 r:  44.4   
US_New_Jersey_Burlington=Confirmed i:  95  95  31          . p:    3819    5257 e: -27.4 r:  45.8   
US_New_Jersey_Burlington=Confirmed i:  96  96  32  4/28/2020 p:    3996    5257 e: -24.0 r:  48.4   
US_New_Jersey_Burlington=Confirmed i:  97  97  33          . p:    4174    5257 e: -20.6 r:  49.6   
US_New_Jersey_Burlington=Confirmed i:  98  98  34  4/30/2020 p:    4351    5257 e: -17.2 r:  51.2   
US_New_Jersey_Burlington=Confirmed i:  99  99  35          . p:    4351    5257 e: -17.2 r:  52.7   
US_New_Jersey_Burlington=Confirmed i: 100 100  36   5/2/2020 p:    4351    5257 e: -17.2 r:  54.8   
US_New_Jersey_Burlington=Confirmed i: 101   0  37          . p:    4707    5257 e: -10.5 r:  57.9 OK 1st
US_New_Jersey_Burlington=Confirmed i: 102   1  38   5/4/2020 p:    4707    5257 e: -10.5 r:  59.0 OK
US_New_Jersey_Burlington=Confirmed i: 103   2  39          . p:    4884    5257 e:  -7.1 r:  61.0 OK
US_New_Jersey_Burlington=Confirmed i: 104   3  40   5/6/2020 p:    4830    5257 e:  -8.1 r:  61.5 OK
US_New_Jersey_Burlington=Confirmed i: 105   4  41          . p:    4890    5257 e:  -7.0 r:  64.0 OK
US_New_Jersey_Burlington=Confirmed i: 106   5  42   5/8/2020 p:    4884    5257 e:  -7.1 r:  65.3 OK
US_New_Jersey_Burlington=Confirmed i: 107   6  43          . p:    5062    5257 e:  -3.7 r:  67.2 OK
US_New_Jersey_Burlington=Confirmed i: 108   7  44  5/10/2020 p:    5071    5257 e:  -3.6 r:  68.0 OK
US_New_Jersey_Burlington=Confirmed i: 109   8  45          . p:    5069    5257 e:  -3.6 r:  69.7 OK
US_New_Jersey_Burlington=Confirmed i: 110   9  46  5/12/2020 p:    5088    5257 e:  -3.2 r:  70.3 OK
US_New_Jersey_Burlington=Confirmed i: 111  10  47          . p:    5048    5257 e:  -4.0 r:  70.9 OK
US_New_Jersey_Burlington=Confirmed i: 112  11  48  5/14/2020 p:    5059    5257 e:  -3.8 r:  71.9 OK
US_New_Jersey_Burlington=Confirmed i: 113  12  49          . p:    5046    5257 e:  -4.0 r:  73.2 OK
US_New_Jersey_Burlington=Confirmed i: 114  13  50  5/16/2020 p:    5062    5257 e:  -3.7 r:  73.7 OK
US_New_Jersey_Burlington=Confirmed i: 115  14  51          . p:    5062    5257 e:  -3.7 r:  74.9 OK
US_New_Jersey_Burlington=Confirmed i: 116  15  52  5/18/2020 p:    5062    5257 e:  -3.7 r:  75.8 OK
US_New_Jersey_Burlington=Confirmed i: 117  16  53          . p:    5019    5257 e:  -4.5 r:  76.1 OK
US_New_Jersey_Burlington=Confirmed i: 118  17  54  5/20/2020 p:    4966    5257 e:  -5.5 r:  77.2 OK
US_New_Jersey_Burlington=Confirmed i: 119  18  55          . p:    4966    5257 e:  -5.5 r:  77.9 OK
US_New_Jersey_Burlington=Confirmed i: 120  19  56  5/22/2020 p:    5062    5257 e:  -3.7 r:  80.2 OK
US_New_Jersey_Burlington=Confirmed i: 121  20  57          . p:    5062    5257 e:  -3.7 r:  80.9 OK
US_New_Jersey_Burlington=Confirmed i: 122  21  58  5/24/2020 p:    5062    5257 e:  -3.7 r:  81.9 OK
US_New_Jersey_Burlington=Confirmed i: 123  22  59          . p:    5062    5257 e:  -3.7 r:  82.8 OK
US_New_Jersey_Burlington=Confirmed i: 124  23  60  5/26/2020 p:    5062    5257 e:  -3.7 r:  83.3 OK
US_New_Jersey_Burlington=Confirmed i: 125  24  61          . p:    5062    5257 e:  -3.7 r:  84.3 OK
US_New_Jersey_Burlington=Confirmed i: 126  25  62  5/28/2020 p:    5240    5257 e:  -0.3 r:  85.1 OK
US_New_Jersey_Burlington=Confirmed i: 127  26  63          . p:    5240    5257 e:  -0.3 r:  85.9 OK
US_New_Jersey_Burlington=Confirmed i: 128  27  64  5/30/2020 p:    5240    5257 e:  -0.3 r:  86.9 OK
US_New_Jersey_Burlington=Confirmed i: 129  28  65          . p:    5240    5257 e:  -0.3 r:  88.0 OK
US_New_Jersey_Burlington=Confirmed i: 130  29  66   6/1/2020 p:    5240    5257 e:  -0.3 r:  88.6 OK
US_New_Jersey_Burlington=Confirmed i: 131  30  67          . p:    5305    5257 e:   0.9 r:  89.0 OK
US_New_Jersey_Burlington=Confirmed i: 132  31  68   6/3/2020 p:    5323    5257 e:   1.2 r:  89.4 OK
US_New_Jersey_Burlington=Confirmed i: 133  32  69          . p:    5251    5257 e:  -0.1 r:  89.9 OK
US_New_Jersey_Burlington=Confirmed i: 134  33  70   6/5/2020 p:    5274    5257 e:   0.3 r:  90.3 OK
US_New_Jersey_Burlington=Confirmed i: 135  34  71          . p:    5240    5257 e:  -0.3 r:  90.7 OK
US_New_Jersey_Burlington=Confirmed i: 136  35  72   6/7/2020 p:    5247    5257 e:  -0.2 r:  91.0 OK
US_New_Jersey_Burlington=Confirmed i: 137  36  73          . p:    5261    5257 e:   0.1 r:  91.3 OK
US_New_Jersey_Burlington=Confirmed i: 138  37  74   6/9/2020 p:    5267    5257 e:   0.2 r:  91.4 OK
