
  # Process COVID TAB data
p1= 2595 il= 133
p1= 2599 il= 132
p1= 2606 il= 131
p1= 2595 il= 130
p1= 2595 il= 129
US_Michigan_Wayne=Deaths nl = 139, n1= 5 s1= 2598 s2= 6749622.4 SD= 4.28952211794887 frac%= 0.165108626556923
US_Michigan_Wayne=Deaths i:  62  62   1  3/25/2020 p:      69    2598 e: -97.3 r:   0.8   
US_Michigan_Wayne=Deaths i:  63  63   2          . p:      48    2598 e: -98.2 r:   1.0   
US_Michigan_Wayne=Deaths i:  64  64   3  3/27/2020 p:      72    2598 e: -97.2 r:   1.4   
US_Michigan_Wayne=Deaths i:  65  65   4          . p:      85    2598 e: -96.7 r:   1.8   
US_Michigan_Wayne=Deaths i:  66  66   5  3/29/2020 p:     100    2598 e: -96.2 r:   2.2   
US_Michigan_Wayne=Deaths i:  67  67   6          . p:     244    2598 e: -90.6 r:   3.2   
US_Michigan_Wayne=Deaths i:  68  68   7  3/31/2020 p:     734    2598 e: -71.7 r:   4.6   
US_Michigan_Wayne=Deaths i:  69  69   8          . p:     734    2598 e: -71.7 r:   5.6   
US_Michigan_Wayne=Deaths i:  70  70   9   4/2/2020 p:    1126    2598 e: -56.7 r:   7.5   
US_Michigan_Wayne=Deaths i:  71  71  10          . p:     440    2598 e: -83.1 r:   8.6   
US_Michigan_Wayne=Deaths i:  72  72  11   4/4/2020 p:    1126    2598 e: -56.7 r:   9.7   
US_Michigan_Wayne=Deaths i:  73  73  12          . p:     494    2598 e: -81.0 r:  11.3   
US_Michigan_Wayne=Deaths i:  74  74  13   4/6/2020 p:     762    2598 e: -70.7 r:  13.3   
US_Michigan_Wayne=Deaths i:  75   0  14          . p:    2301    2598 e: -11.4 r:  15.5 OK 1st
US_Michigan_Wayne=Deaths i:  76   1  15   4/8/2020 p:    2007    2598 e: -22.7 r:  17.2   
US_Michigan_Wayne=Deaths i:  77   2  16          . p:    1322    2598 e: -49.1 r:  19.4   
US_Michigan_Wayne=Deaths i:  78   3  17  4/10/2020 p:    1811    2598 e: -30.3 r:  23.4   
US_Michigan_Wayne=Deaths i:  79   4  18          . p:    1909    2598 e: -26.5 r:  25.1   
US_Michigan_Wayne=Deaths i:  80   5  19  4/12/2020 p:    1887    2598 e: -27.4 r:  27.1   
US_Michigan_Wayne=Deaths i:  81   6  20          . p:    2239    2598 e: -13.8 r:  29.3 OK
US_Michigan_Wayne=Deaths i:  82   7  21  4/14/2020 p:    1831    2598 e: -29.5 r:  31.6   
US_Michigan_Wayne=Deaths i:  83   8  22          . p:    1811    2598 e: -30.3 r:  34.0   
US_Michigan_Wayne=Deaths i:  84   9  23  4/16/2020 p:    1909    2598 e: -26.5 r:  37.1   
US_Michigan_Wayne=Deaths i:  85  10  24          . p:    2105    2598 e: -19.0 r:  40.2   
US_Michigan_Wayne=Deaths i:  86  11  25  4/18/2020 p:    2105    2598 e: -19.0 r:  41.2   
US_Michigan_Wayne=Deaths i:  87  12  26          . p:    2123    2598 e: -18.3 r:  43.1   
US_Michigan_Wayne=Deaths i:  88  13  27  4/20/2020 p:    1924    2598 e: -25.9 r:  44.2   
US_Michigan_Wayne=Deaths i:  89  14  28          . p:    1851    2598 e: -28.8 r:  44.2   
US_Michigan_Wayne=Deaths i:  90  15  29  4/22/2020 p:    2068    2598 e: -20.4 r:  50.8   
US_Michigan_Wayne=Deaths i:  91  16  30          . p:    2192    2598 e: -15.6 r:  53.7   
US_Michigan_Wayne=Deaths i:  92  17  31  4/24/2020 p:    2203    2598 e: -15.2 r:  55.5   
US_Michigan_Wayne=Deaths i:  93  18  32          . p:    2203    2598 e: -15.2 r:  55.5   
US_Michigan_Wayne=Deaths i:  94  19  33  4/26/2020 p:    2399    2598 e:  -7.7 r:  60.8 OK
US_Michigan_Wayne=Deaths i:  95  20  34          . p:    2399    2598 e:  -7.7 r:  62.4 OK
US_Michigan_Wayne=Deaths i:  96  21  35  4/28/2020 p:    2399    2598 e:  -7.7 r:  64.7 OK
US_Michigan_Wayne=Deaths i:  97  22  36          . p:    2377    2598 e:  -8.5 r:  66.5 OK
US_Michigan_Wayne=Deaths i:  98  23  37  4/30/2020 p:    2749    2598 e:   5.8 r:  68.6 OK
US_Michigan_Wayne=Deaths i:  99  24  38          . p:    2519    2598 e:  -3.0 r:  69.4 OK
US_Michigan_Wayne=Deaths i: 100  25  39   5/2/2020 p:    2595    2598 e:  -0.1 r:  72.5 OK
US_Michigan_Wayne=Deaths i: 101  26  40          . p:    2542    2598 e:  -2.2 r:  72.9 OK
US_Michigan_Wayne=Deaths i: 102  27  41   5/4/2020 p:    2522    2598 e:  -2.9 r:  74.1 OK
US_Michigan_Wayne=Deaths i: 103  28  42          . p:    2625    2598 e:   1.0 r:  74.9 OK
US_Michigan_Wayne=Deaths i: 104  29  43   5/6/2020 p:    2496    2598 e:  -3.9 r:  75.9 OK
US_Michigan_Wayne=Deaths i: 105  30  44          . p:    2595    2598 e:  -0.1 r:  77.4 OK
US_Michigan_Wayne=Deaths i: 106  31  45   5/8/2020 p:    2497    2598 e:  -3.9 r:  78.1 OK
US_Michigan_Wayne=Deaths i: 107  32  46          . p:    2497    2598 e:  -3.9 r:  80.1 OK
US_Michigan_Wayne=Deaths i: 108  33  47  5/10/2020 p:    2497    2598 e:  -3.9 r:  80.7 OK
US_Michigan_Wayne=Deaths i: 109  34  48          . p:    2497    2598 e:  -3.9 r:  81.0 OK
US_Michigan_Wayne=Deaths i: 110  35  49  5/12/2020 p:    2497    2598 e:  -3.9 r:  82.4 OK
US_Michigan_Wayne=Deaths i: 111  36  50          . p:    2477    2598 e:  -4.7 r:  83.0 OK
US_Michigan_Wayne=Deaths i: 112  37  51  5/14/2020 p:    2399    2598 e:  -7.7 r:  84.0 OK
US_Michigan_Wayne=Deaths i: 113  38  52          . p:    2399    2598 e:  -7.7 r:  84.4 OK
US_Michigan_Wayne=Deaths i: 114  39  53  5/16/2020 p:    2440    2598 e:  -6.1 r:  85.1 OK
US_Michigan_Wayne=Deaths i: 115  40  54          . p:    2416    2598 e:  -7.0 r:  85.2 OK
US_Michigan_Wayne=Deaths i: 116  41  55  5/18/2020 p:    2391    2598 e:  -8.0 r:  85.7 OK
US_Michigan_Wayne=Deaths i: 117  42  56          . p:    2448    2598 e:  -5.8 r:  87.6 OK
US_Michigan_Wayne=Deaths i: 118  43  57  5/20/2020 p:    2399    2598 e:  -7.7 r:  87.9 OK
US_Michigan_Wayne=Deaths i: 119  44  58          . p:    2497    2598 e:  -3.9 r:  89.0 OK
US_Michigan_Wayne=Deaths i: 120  45  59  5/22/2020 p:    2497    2598 e:  -3.9 r:  89.4 OK
US_Michigan_Wayne=Deaths i: 121  46  60          . p:    2497    2598 e:  -3.9 r:  90.1 OK
US_Michigan_Wayne=Deaths i: 122  47  61  5/24/2020 p:    2497    2598 e:  -3.9 r:  90.8 OK
US_Michigan_Wayne=Deaths i: 123  48  62          . p:    2497    2598 e:  -3.9 r:  91.0 OK
US_Michigan_Wayne=Deaths i: 124  49  63  5/26/2020 p:    2526    2598 e:  -2.8 r:  91.1 OK
US_Michigan_Wayne=Deaths i: 125  50  64          . p:    2538    2598 e:  -2.3 r:  92.6 OK
US_Michigan_Wayne=Deaths i: 126  51  65  5/28/2020 p:    2549    2598 e:  -1.9 r:  92.8 OK
US_Michigan_Wayne=Deaths i: 127  52  66          . p:    2595    2598 e:  -0.1 r:  93.3 OK
US_Michigan_Wayne=Deaths i: 128  53  67  5/30/2020 p:    2595    2598 e:  -0.1 r:  94.4 OK
US_Michigan_Wayne=Deaths i: 129  54  68          . p:    2595    2598 e:  -0.1 r:  94.7 OK
US_Michigan_Wayne=Deaths i: 130  55  69   6/1/2020 p:    2595    2598 e:  -0.1 r:  94.8 OK
US_Michigan_Wayne=Deaths i: 131  56  70          . p:    2606    2598 e:   0.3 r:  95.3 OK
US_Michigan_Wayne=Deaths i: 132  57  71   6/3/2020 p:    2599    2598 e:   0.0 r:  95.4 OK
US_Michigan_Wayne=Deaths i: 133  58  72          . p:    2595    2598 e:  -0.1 r:  95.9 OK
