
  # Process COVID TAB data
p1= 35247 il= 138
p1= 35247 il= 137
p1= 34195 il= 136
p1= 36299 il= 135
p1= 33143 il= 134
Ukraine=Confirmed nl = 139, n1= 5 s1= 34826.2 s2= 1214015178.6 SD= 1072.83370565996 frac%= 3.08053622175248
Ukraine=Confirmed i:  55  55  -6          . p:    6839   34826 e: -80.4 r:   0.0   
Ukraine=Confirmed i:  56  56  -5  3/19/2020 p:     526   34826 e: -98.5 r:   0.0   
Ukraine=Confirmed i:  57  57  -4          . p:     526   34826 e: -98.5 r:   0.1   
Ukraine=Confirmed i:  58  58  -3  3/21/2020 p:    1578   34826 e: -95.5 r:   0.1   
Ukraine=Confirmed i:  59  59  -2          . p:   26830   34826 e: -23.0 r:   0.2   
Ukraine=Confirmed i:  60  60  -1  3/23/2020 p:    1578   34826 e: -95.5 r:   0.2   
Ukraine=Confirmed i:  61  61   0          . p:     526   34826 e: -98.5 r:   0.3   
Ukraine=Confirmed i:  62  62   1  3/25/2020 p:    2630   34826 e: -92.4 r:   0.4   
Ukraine=Confirmed i:  63  63   2          . p:    1578   34826 e: -95.5 r:   0.6   
Ukraine=Confirmed i:  64  64   3  3/27/2020 p:       0   34826 e: -100.0 r:   0.9   
Ukraine=Confirmed i:  65  65   4          . p:   66812   34826 e:  91.8 r:   1.0   
Ukraine=Confirmed i:  66  66   5  3/29/2020 p:    2630   34826 e: -92.4 r:   1.4   
Ukraine=Confirmed i:  67  67   6          . p:    1578   34826 e: -95.5 r:   1.6   
Ukraine=Confirmed i:  68  68   7  3/31/2020 p:    1578   34826 e: -95.5 r:   1.9   
Ukraine=Confirmed i:  69  69   8          . p:    2630   34826 e: -92.4 r:   2.3   
Ukraine=Confirmed i:  70  70   9   4/2/2020 p:    2630   34826 e: -92.4 r:   2.6   
Ukraine=Confirmed i:  71  71  10          . p:    6839   34826 e: -80.4 r:   3.1   
Ukraine=Confirmed i:  72  72  11   4/4/2020 p:    3682   34826 e: -89.4 r:   3.5   
Ukraine=Confirmed i:  73  73  12          . p:    3682   34826 e: -89.4 r:   3.8   
Ukraine=Confirmed i:  74  74  13   4/6/2020 p:    2630   34826 e: -92.4 r:   3.8   
Ukraine=Confirmed i:  75  75  14          . p:    2630   34826 e: -92.4 r:   4.2   
Ukraine=Confirmed i:  76  76  15   4/8/2020 p:    2630   34826 e: -92.4 r:   4.8   
Ukraine=Confirmed i:  77  77  16          . p:    3682   34826 e: -89.4 r:   5.4   
Ukraine=Confirmed i:  78  78  17  4/10/2020 p:    4734   34826 e: -86.4 r:   6.3   
Ukraine=Confirmed i:  79  79  18          . p:    6839   34826 e: -80.4 r:   7.2   
Ukraine=Confirmed i:  80  80  19  4/12/2020 p:    7891   34826 e: -77.3 r:   8.0   
Ukraine=Confirmed i:  81  81  20          . p:    8943   34826 e: -74.3 r:   8.9   
Ukraine=Confirmed i:  82  82  21  4/14/2020 p:    9995   34826 e: -71.3 r:   9.7   
Ukraine=Confirmed i:  83  83  22          . p:   12099   34826 e: -65.3 r:  10.8   
Ukraine=Confirmed i:  84  84  23  4/16/2020 p:   13152   34826 e: -62.2 r:  11.9   
Ukraine=Confirmed i:  85  85  24          . p:   15256   34826 e: -56.2 r:  13.4   
Ukraine=Confirmed i:  86  86  25  4/18/2020 p:   16308   34826 e: -53.2 r:  14.7   
Ukraine=Confirmed i:  87  87  26          . p:   17360   34826 e: -50.2 r:  15.6   
Ukraine=Confirmed i:  88  88  27  4/20/2020 p:   18412   34826 e: -47.1 r:  16.4   
Ukraine=Confirmed i:  89  89  28          . p:   18412   34826 e: -47.1 r:  17.6   
Ukraine=Confirmed i:  90  90  29  4/22/2020 p:   19464   34826 e: -44.1 r:  18.9   
Ukraine=Confirmed i:  91  91  30          . p:   20517   34826 e: -41.1 r:  20.6   
Ukraine=Confirmed i:  92  92  31  4/24/2020 p:   21569   34826 e: -38.1 r:  22.0   
Ukraine=Confirmed i:  93  93  32          . p:   24725   34826 e: -29.0 r:  23.3   
Ukraine=Confirmed i:  94  94  33  4/26/2020 p:   22621   34826 e: -35.0 r:  24.7   
Ukraine=Confirmed i:  95  95  34          . p:   25777   34826 e: -26.0 r:  25.9   
Ukraine=Confirmed i:  96  96  35  4/28/2020 p:   22957   34826 e: -34.1 r:  27.0   
Ukraine=Confirmed i:  97  97  36          . p:   23569   34826 e: -32.3 r:  28.3   
Ukraine=Confirmed i:  98  98  37  4/30/2020 p:   23673   34826 e: -32.0 r:  29.9   
Ukraine=Confirmed i:  99  99  38          . p:   24725   34826 e: -29.0 r:  31.2   
Ukraine=Confirmed i: 100 100  39   5/2/2020 p:   24725   34826 e: -29.0 r:  32.8   
Ukraine=Confirmed i: 101 101  40          . p:   25777   34826 e: -26.0 r:  34.2   
Ukraine=Confirmed i: 102 102  41   5/4/2020 p:   26111   34826 e: -25.0 r:  35.4   
Ukraine=Confirmed i: 103 103  42          . p:   25717   34826 e: -26.2 r:  36.5   
Ukraine=Confirmed i: 104 104  43   5/6/2020 p:   25479   34826 e: -26.8 r:  37.9   
Ukraine=Confirmed i: 105 105  44          . p:   25836   34826 e: -25.8 r:  39.3   
Ukraine=Confirmed i: 106 106  45   5/8/2020 p:   26830   34826 e: -23.0 r:  40.8   
Ukraine=Confirmed i: 107 107  46          . p:   26830   34826 e: -23.0 r:  42.2   
Ukraine=Confirmed i: 108 108  47  5/10/2020 p:   27882   34826 e: -19.9 r:  43.7   
Ukraine=Confirmed i: 109 109  48          . p:   27882   34826 e: -19.9 r:  44.9   
Ukraine=Confirmed i: 110 110  49  5/12/2020 p:   27614   34826 e: -20.7 r:  46.0   
Ukraine=Confirmed i: 111 111  50          . p:   27914   34826 e: -19.8 r:  47.2   
Ukraine=Confirmed i: 112 112  51  5/14/2020 p:   27895   34826 e: -19.9 r:  48.4   
Ukraine=Confirmed i: 113 113  52          . p:   27882   34826 e: -19.9 r:  49.8   
Ukraine=Confirmed i: 114 114  53  5/16/2020 p:   28934   34826 e: -16.9 r:  51.3   
Ukraine=Confirmed i: 115 115  54          . p:   28934   34826 e: -16.9 r:  52.5   
Ukraine=Confirmed i: 116   0  55  5/18/2020 p:   31038   34826 e: -10.9 r:  53.5 OK 1st
Ukraine=Confirmed i: 117   1  56          . p:   29702   34826 e: -14.7 r:  54.2 OK
Ukraine=Confirmed i: 118   2  57  5/20/2020 p:   29991   34826 e: -13.9 r:  55.2 OK
Ukraine=Confirmed i: 119   3  58          . p:   29986   34826 e: -13.9 r:  56.6 OK
Ukraine=Confirmed i: 120   4  59  5/22/2020 p:   28934   34826 e: -16.9 r:  57.9   
Ukraine=Confirmed i: 121   5  60          . p:   31038   34826 e: -10.9 r:  59.1 OK
Ukraine=Confirmed i: 122   6  61  5/24/2020 p:   31038   34826 e: -10.9 r:  60.3 OK
Ukraine=Confirmed i: 123   7  62          . p:   31038   34826 e: -10.9 r:  61.0 OK
Ukraine=Confirmed i: 124   8  63  5/26/2020 p:   30778   34826 e: -11.6 r:  62.0 OK
Ukraine=Confirmed i: 125   9  64          . p:   30145   34826 e: -13.4 r:  62.9 OK
Ukraine=Confirmed i: 126  10  65  5/28/2020 p:   31038   34826 e: -10.9 r:  64.3 OK
Ukraine=Confirmed i: 127  11  66          . p:   31038   34826 e: -10.9 r:  65.5 OK
Ukraine=Confirmed i: 128  12  67  5/30/2020 p:   31038   34826 e: -10.9 r:  66.6 OK
Ukraine=Confirmed i: 129  13  68          . p:   31038   34826 e: -10.9 r:  68.0 OK
Ukraine=Confirmed i: 130  14  69   6/1/2020 p:   31038   34826 e: -10.9 r:  70.5 OK
Ukraine=Confirmed i: 131  15  70          . p:   33143   34826 e:  -4.8 r:  71.5 OK
Ukraine=Confirmed i: 132  16  71   6/3/2020 p:   32090   34826 e:  -7.9 r:  72.9 OK
Ukraine=Confirmed i: 133  17  72          . p:   34195   34826 e:  -1.8 r:  74.6 OK
Ukraine=Confirmed i: 134  18  73   6/5/2020 p:   33143   34826 e:  -4.8 r:  76.2 OK
Ukraine=Confirmed i: 135  19  74          . p:   36299   34826 e:   4.2 r:  77.8 OK
Ukraine=Confirmed i: 136  20  75   6/7/2020 p:   34195   34826 e:  -1.8 r:  79.2 OK
Ukraine=Confirmed i: 137  21  76          . p:   35247   34826 e:   1.2 r:  80.6 OK
Ukraine=Confirmed i: 138  22  77   6/9/2020 p:   35247   34826 e:   1.2 r:  81.8 OK
