
  # Process COVID TAB data
p1= 1099 il= 138
p1= 1046 il= 137
p1= 1019 il= 136
p1= 966 il= 135
p1= 940 il= 134
Argentina=Deaths nl = 139, n1= 5 s1= 1014 s2= 1031406.8 SD= 56.6639215021344 frac%= 5.58815793906651
Argentina=Deaths i:  54  54 -12  3/17/2020 p:       0    1014 e: -100.0 r:   0.2   
Argentina=Deaths i:  55  55 -11          . p:       0    1014 e: -100.0 r:   0.2   
Argentina=Deaths i:  56  56 -10  3/19/2020 p:      15    1014 e: -98.5 r:   0.3   
Argentina=Deaths i:  57  57  -9          . p:      13    1014 e: -98.7 r:   0.3   
Argentina=Deaths i:  58  58  -8  3/21/2020 p:      13    1014 e: -98.7 r:   0.4   
Argentina=Deaths i:  59  59  -7          . p:      13    1014 e: -98.7 r:   0.4   
Argentina=Deaths i:  60  60  -6  3/23/2020 p:      13    1014 e: -98.7 r:   0.4   
Argentina=Deaths i:  61  61  -5          . p:     463    1014 e: -54.3 r:   0.6   
Argentina=Deaths i:  63  63  -3          . p:       0    1014 e: -100.0 r:   0.9   
Argentina=Deaths i:  66  66   0  3/29/2020 p:     357    1014 e: -64.8 r:   1.9   
Argentina=Deaths i:  67  67   1          . p:      92    1014 e: -90.9 r:   2.3   
Argentina=Deaths i:  68  68   2  3/31/2020 p:      92    1014 e: -90.9 r:   2.7   
Argentina=Deaths i:  69  69   3          . p:      39    1014 e: -96.2 r:   2.8   
Argentina=Deaths i:  70  70   4   4/2/2020 p:      92    1014 e: -90.9 r:   3.6   
Argentina=Deaths i:  71  71   5          . p:      92    1014 e: -90.9 r:   3.8   
Argentina=Deaths i:  72  72   6   4/4/2020 p:      92    1014 e: -90.9 r:   4.2   
Argentina=Deaths i:  73  73   7          . p:      92    1014 e: -90.9 r:   4.3   
Argentina=Deaths i:  74  74   8   4/6/2020 p:      66    1014 e: -93.5 r:   4.7   
Argentina=Deaths i:  75  75   9          . p:     119    1014 e: -88.3 r:   5.5   
Argentina=Deaths i:  76  76  10   4/8/2020 p:     145    1014 e: -85.7 r:   6.2   
Argentina=Deaths i:  77  77  11          . p:     198    1014 e: -80.5 r:   7.1   
Argentina=Deaths i:  78  78  12  4/10/2020 p:     278    1014 e: -72.6 r:   8.1   
Argentina=Deaths i:  79  79  13          . p:     304    1014 e: -70.0 r:   8.2   
Argentina=Deaths i:  80  80  14  4/12/2020 p:     119    1014 e: -88.3 r:   8.9   
Argentina=Deaths i:  81  81  15          . p:     119    1014 e: -88.3 r:   9.6   
Argentina=Deaths i:  82  82  16  4/14/2020 p:     145    1014 e: -85.7 r:  10.1   
Argentina=Deaths i:  83  83  17          . p:     278    1014 e: -72.6 r:  10.9   
Argentina=Deaths i:  84  84  18  4/16/2020 p:     304    1014 e: -70.0 r:  11.3   
Argentina=Deaths i:  85  85  19          . p:     304    1014 e: -70.0 r:  12.1   
Argentina=Deaths i:  86  86  20  4/18/2020 p:     304    1014 e: -70.0 r:  12.7   
Argentina=Deaths i:  87  87  21          . p:     267    1014 e: -73.7 r:  13.0   
Argentina=Deaths i:  88  88  22  4/20/2020 p:     269    1014 e: -73.5 r:  13.4   
Argentina=Deaths i:  89  89  23          . p:     271    1014 e: -73.3 r:  14.5   
Argentina=Deaths i:  90  90  24  4/22/2020 p:     259    1014 e: -74.5 r:  15.0   
Argentina=Deaths i:  91  91  25          . p:     304    1014 e: -70.0 r:  16.3   
Argentina=Deaths i:  92  92  26  4/24/2020 p:     357    1014 e: -64.8 r:  17.4   
Argentina=Deaths i:  93  93  27          . p:     410    1014 e: -59.6 r:  18.2   
Argentina=Deaths i:  94  94  28  4/26/2020 p:     357    1014 e: -64.8 r:  18.9   
Argentina=Deaths i:  95  95  29          . p:     437    1014 e: -56.9 r:  19.4   
Argentina=Deaths i:  96  96  30  4/28/2020 p:     463    1014 e: -54.3 r:  20.4   
Argentina=Deaths i:  97  97  31          . p:     463    1014 e: -54.3 r:  21.1   
Argentina=Deaths i:  98  98  32  4/30/2020 p:     453    1014 e: -55.3 r:  21.5   
Argentina=Deaths i:  99  99  33          . p:     452    1014 e: -55.4 r:  22.2   
Argentina=Deaths i: 100 100  34   5/2/2020 p:     463    1014 e: -54.3 r:  23.4   
Argentina=Deaths i: 101 101  35          . p:     410    1014 e: -59.6 r:  24.3   
Argentina=Deaths i: 102 102  36   5/4/2020 p:     516    1014 e: -49.1 r:  25.6   
Argentina=Deaths i: 103 103  37          . p:     437    1014 e: -56.9 r:  26.0   
Argentina=Deaths i: 104 104  38   5/6/2020 p:     542    1014 e: -46.5 r:  26.9   
Argentina=Deaths i: 105 105  39          . p:     463    1014 e: -54.3 r:  27.8   
Argentina=Deaths i: 106 106  40   5/8/2020 p:     463    1014 e: -54.3 r:  28.9   
Argentina=Deaths i: 107 107  41          . p:     489    1014 e: -51.8 r:  29.6   
Argentina=Deaths i: 108 108  42  5/10/2020 p:     483    1014 e: -52.4 r:  30.1   
Argentina=Deaths i: 109 109  43          . p:     487    1014 e: -52.0 r:  31.0   
Argentina=Deaths i: 110 110  44  5/12/2020 p:     494    1014 e: -51.3 r:  31.5   
Argentina=Deaths i: 111 111  45          . p:     516    1014 e: -49.1 r:  32.4   
Argentina=Deaths i: 112 112  46  5/14/2020 p:     542    1014 e: -46.5 r:  34.8   
Argentina=Deaths i: 113 113  47          . p:     542    1014 e: -46.5 r:  35.1   
Argentina=Deaths i: 114 114  48  5/16/2020 p:     542    1014 e: -46.5 r:  35.8   
Argentina=Deaths i: 115 115  49          . p:     569    1014 e: -43.9 r:  36.8   
Argentina=Deaths i: 116 116  50  5/18/2020 p:     569    1014 e: -43.9 r:  37.7   
Argentina=Deaths i: 117 117  51          . p:     595    1014 e: -41.3 r:  38.8   
Argentina=Deaths i: 118 118  52  5/20/2020 p:     595    1014 e: -41.3 r:  39.7   
Argentina=Deaths i: 119 119  53          . p:     622    1014 e: -38.7 r:  41.0   
Argentina=Deaths i: 120 120  54  5/22/2020 p:     648    1014 e: -36.1 r:  42.7   
Argentina=Deaths i: 121 121  55          . p:     648    1014 e: -36.1 r:  43.9   
Argentina=Deaths i: 122 122  56  5/24/2020 p:     675    1014 e: -33.4 r:  44.6   
Argentina=Deaths i: 123 123  57          . p:     701    1014 e: -30.9 r:  46.1   
Argentina=Deaths i: 124 124  58  5/26/2020 p:     728    1014 e: -28.2 r:  47.7   
Argentina=Deaths i: 125 125  59          . p:     754    1014 e: -25.6 r:  49.3   
Argentina=Deaths i: 126 126  60  5/28/2020 p:     754    1014 e: -25.6 r:  50.1   
Argentina=Deaths i: 127 127  61          . p:     781    1014 e: -23.0 r:  51.3   
Argentina=Deaths i: 128 128  62  5/30/2020 p:     807    1014 e: -20.4 r:  52.1   
Argentina=Deaths i: 129 129  63          . p:     807    1014 e: -20.4 r:  53.2   
Argentina=Deaths i: 130 130  64   6/1/2020 p:     834    1014 e: -17.8 r:  54.8   
Argentina=Deaths i: 131 131  65          . p:     860    1014 e: -15.2 r:  56.1   
Argentina=Deaths i: 132   0  66   6/3/2020 p:     887    1014 e: -12.5 r:  57.5 OK 1st
Argentina=Deaths i: 133   1  67          . p:     913    1014 e: -10.0 r:  60.0 OK
Argentina=Deaths i: 134   2  68   6/5/2020 p:     940    1014 e:  -7.3 r:  62.3 OK
Argentina=Deaths i: 135   3  69          . p:     966    1014 e:  -4.7 r:  63.9 OK
Argentina=Deaths i: 136   4  70   6/7/2020 p:    1019    1014 e:   0.5 r:  65.5 OK
Argentina=Deaths i: 137   5  71          . p:    1046    1014 e:   3.2 r:  68.3 OK
Argentina=Deaths i: 138   6  72   6/9/2020 p:    1099    1014 e:   8.4 r:  70.7 OK
