
  # Process COVID TAB data
p1= 5953 il= 138
p1= 6071 il= 137
p1= 6071 il= 136
p1= 6189 il= 135
p1= 6307 il= 134
El_Salvador=Confirmed nl = 139, n1= 5 s1= 6118.2 s2= 37446852.2 SD= 120.336860520824 frac%= 1.96686706091374
El_Salvador=Confirmed i:  62  62 -14  3/25/2020 p:     176    6118 e: -97.1 r:   0.1   
El_Salvador=Confirmed i:  63  63 -13          . p:    1237    6118 e: -79.8 r:   0.2   
El_Salvador=Confirmed i:  64  64 -12  3/27/2020 p:      58    6118 e: -99.1 r:   0.2   
El_Salvador=Confirmed i:  65  65 -11          . p:      63    6118 e: -99.0 r:   0.3   
El_Salvador=Confirmed i:  66  66 -10  3/29/2020 p:      58    6118 e: -99.1 r:   0.4   
El_Salvador=Confirmed i:  67  67  -9          . p:      58    6118 e: -99.1 r:   0.5   
El_Salvador=Confirmed i:  68  68  -8  3/31/2020 p:      58    6118 e: -99.1 r:   0.5   
El_Salvador=Confirmed i:  69  69  -7          . p:      58    6118 e: -99.1 r:   0.5   
El_Salvador=Confirmed i:  70  70  -6   4/2/2020 p:      96    6118 e: -98.4 r:   0.7   
El_Salvador=Confirmed i:  71  71  -5          . p:      58    6118 e: -99.1 r:   0.8   
El_Salvador=Confirmed i:  72  72  -4   4/4/2020 p:     176    6118 e: -97.1 r:   0.9   
El_Salvador=Confirmed i:  73  73  -3          . p:     176    6118 e: -97.1 r:   1.0   
El_Salvador=Confirmed i:  74  74  -2   4/6/2020 p:     176    6118 e: -97.1 r:   1.1   
El_Salvador=Confirmed i:  75  75  -1          . p:     176    6118 e: -97.1 r:   1.3   
El_Salvador=Confirmed i:  76  76   0   4/8/2020 p:     294    6118 e: -95.2 r:   1.5   
El_Salvador=Confirmed i:  77  77   1          . p:     294    6118 e: -95.2 r:   1.7   
El_Salvador=Confirmed i:  78  78   2  4/10/2020 p:     412    6118 e: -93.3 r:   1.9   
El_Salvador=Confirmed i:  79  79   3          . p:     294    6118 e: -95.2 r:   1.9   
El_Salvador=Confirmed i:  80  80   4  4/12/2020 p:     323    6118 e: -94.7 r:   2.0   
El_Salvador=Confirmed i:  81  81   5          . p:     217    6118 e: -96.5 r:   2.2   
El_Salvador=Confirmed i:  82  82   6  4/14/2020 p:     294    6118 e: -95.2 r:   2.4   
El_Salvador=Confirmed i:  83  83   7          . p:     294    6118 e: -95.2 r:   2.6   
El_Salvador=Confirmed i:  84  84   8  4/16/2020 p:     294    6118 e: -95.2 r:   2.7   
El_Salvador=Confirmed i:  85  85   9          . p:     294    6118 e: -95.2 r:   2.9   
El_Salvador=Confirmed i:  86  86  10  4/18/2020 p:     412    6118 e: -93.3 r:   3.1   
El_Salvador=Confirmed i:  87  87  11          . p:     412    6118 e: -93.3 r:   3.3   
El_Salvador=Confirmed i:  88  88  12  4/20/2020 p:     412    6118 e: -93.3 r:   3.6   
El_Salvador=Confirmed i:  89  89  13          . p:     412    6118 e: -93.3 r:   3.7   
El_Salvador=Confirmed i:  90  90  14  4/22/2020 p:     528    6118 e: -91.4 r:   3.9   
El_Salvador=Confirmed i:  91  91  15          . p:     430    6118 e: -93.0 r:   4.1   
El_Salvador=Confirmed i:  92  92  16  4/24/2020 p:     530    6118 e: -91.3 r:   4.5   
El_Salvador=Confirmed i:  93  93  17          . p:     530    6118 e: -91.3 r:   4.5   
El_Salvador=Confirmed i:  94  94  18  4/26/2020 p:     648    6118 e: -89.4 r:   4.9   
El_Salvador=Confirmed i:  95  95  19          . p:     766    6118 e: -87.5 r:   5.3   
El_Salvador=Confirmed i:  96  96  20  4/28/2020 p:     648    6118 e: -89.4 r:   5.6   
El_Salvador=Confirmed i:  97  97  21          . p:     766    6118 e: -87.5 r:   6.2   
El_Salvador=Confirmed i:  98  98  22  4/30/2020 p:     766    6118 e: -87.5 r:   6.5   
El_Salvador=Confirmed i:  99  99  23          . p:    1473    6118 e: -75.9 r:   6.9   
El_Salvador=Confirmed i: 100 100  24   5/2/2020 p:     884    6118 e: -85.6 r:   7.3   
El_Salvador=Confirmed i: 101 101  25          . p:    1119    6118 e: -81.7 r:   8.0   
El_Salvador=Confirmed i: 102 102  26   5/4/2020 p:    1237    6118 e: -79.8 r:   9.1   
El_Salvador=Confirmed i: 103 103  27          . p:    1355    6118 e: -77.9 r:   9.6   
El_Salvador=Confirmed i: 104 104  28   5/6/2020 p:    1709    6118 e: -72.1 r:  10.3   
El_Salvador=Confirmed i: 105 105  29          . p:    1827    6118 e: -70.1 r:  11.4   
El_Salvador=Confirmed i: 106 106  30   5/8/2020 p:    1945    6118 e: -68.2 r:  12.1   
El_Salvador=Confirmed i: 107 107  31          . p:    1591    6118 e: -74.0 r:  12.8   
El_Salvador=Confirmed i: 108 108  32  5/10/2020 p:    2652    6118 e: -56.7 r:  14.5   
El_Salvador=Confirmed i: 109 109  33          . p:    3006    6118 e: -50.9 r:  15.7   
El_Salvador=Confirmed i: 110 110  34  5/12/2020 p:    3477    6118 e: -43.2 r:  16.3   
El_Salvador=Confirmed i: 111 111  35          . p:    1119    6118 e: -81.7 r:  16.9   
El_Salvador=Confirmed i: 112 112  36  5/14/2020 p:    1709    6118 e: -72.1 r:  18.2   
El_Salvador=Confirmed i: 113 113  37          . p:    3831    6118 e: -37.4 r:  19.8   
El_Salvador=Confirmed i: 114 114  38  5/16/2020 p:    7368    6118 e:  20.4 r:  20.7   
El_Salvador=Confirmed i: 115   0  39          . p:    5481    6118 e: -10.4 r:  21.9 OK 1st
El_Salvador=Confirmed i: 116   1  40  5/18/2020 p:    2180    6118 e: -64.4 r:  23.1   
El_Salvador=Confirmed i: 117   2  41          . p:    3006    6118 e: -50.9 r:  24.5   
El_Salvador=Confirmed i: 118   3  42  5/20/2020 p:    6071    6118 e:  -0.8 r:  25.7 OK
El_Salvador=Confirmed i: 119   4  43          . p:    3124    6118 e: -48.9 r:  26.8   
El_Salvador=Confirmed i: 120   5  44  5/22/2020 p:    5599    6118 e:  -8.5 r:  28.2 OK
El_Salvador=Confirmed i: 121   6  45          . p:    6307    6118 e:   3.1 r:  29.7 OK
El_Salvador=Confirmed i: 122   7  46  5/24/2020 p:    6778    6118 e:  10.8 r:  31.3 OK
El_Salvador=Confirmed i: 123   8  47          . p:    7132    6118 e:  16.6 r:  32.4   
El_Salvador=Confirmed i: 124   9  48  5/26/2020 p:    6307    6118 e:   3.1 r:  33.4 OK
El_Salvador=Confirmed i: 125  10  49          . p:    5128    6118 e: -16.2 r:  34.5   
El_Salvador=Confirmed i: 126  11  50  5/28/2020 p:    5717    6118 e:  -6.6 r:  35.9 OK
El_Salvador=Confirmed i: 127  12  51          . p:    5599    6118 e:  -8.5 r:  37.2 OK
El_Salvador=Confirmed i: 128  13  52  5/30/2020 p:    5953    6118 e:  -2.7 r:  39.1 OK
El_Salvador=Confirmed i: 129  14  53          . p:    6660    6118 e:   8.9 r:  41.1 OK
El_Salvador=Confirmed i: 130  15  54   6/1/2020 p:    6896    6118 e:  12.7 r:  42.2 OK
El_Salvador=Confirmed i: 131  16  55          . p:    7014    6118 e:  14.6 r:  43.4 OK
El_Salvador=Confirmed i: 132  17  56   6/3/2020 p:    6778    6118 e:  10.8 r:  44.2 OK
El_Salvador=Confirmed i: 133  18  57          . p:    6542    6118 e:   6.9 r:  45.5 OK
El_Salvador=Confirmed i: 134  19  58   6/5/2020 p:    6307    6118 e:   3.1 r:  46.6 OK
El_Salvador=Confirmed i: 135  20  59          . p:    6189    6118 e:   1.2 r:  48.0 OK
El_Salvador=Confirmed i: 136  21  60   6/7/2020 p:    6071    6118 e:  -0.8 r:  49.3 OK
El_Salvador=Confirmed i: 137  22  61          . p:    6071    6118 e:  -0.8 r:  50.7 OK
El_Salvador=Confirmed i: 138  23  62   6/9/2020 p:    5953    6118 e:  -2.7 r:  52.2 OK
