
  # Process COVID TAB data
p1= 26085 il= 138
p1= 26068 il= 137
p1= 26024 il= 136
p1= 26081 il= 135
p1= 26119 il= 134
US_Pennsylvania_Philadelphia=Confirmed nl = 139, n1= 5 s1= 26075.4 s2= 679927429.4 SD= 30.7284884088093 frac%= 0.117844744122082
US_Pennsylvania_Philadelphia=Confirmed i:  56  56  -3  3/19/2020 p:     440   26075 e: -98.3 r:   0.2   
US_Pennsylvania_Philadelphia=Confirmed i:  57  57  -2          . p:     440   26075 e: -98.3 r:   0.3   
US_Pennsylvania_Philadelphia=Confirmed i:  58  58  -1  3/21/2020 p:     440   26075 e: -98.3 r:   0.3   
US_Pennsylvania_Philadelphia=Confirmed i:  59  59   0          . p:     440   26075 e: -98.3 r:   0.4   
US_Pennsylvania_Philadelphia=Confirmed i:  60  60   1  3/23/2020 p:    4840   26075 e: -81.4 r:   0.7   
US_Pennsylvania_Philadelphia=Confirmed i:  61  61   2          . p:    3960   26075 e: -84.8 r:   1.0   
US_Pennsylvania_Philadelphia=Confirmed i:  62  62   3  3/25/2020 p:    8361   26075 e: -67.9 r:   1.3   
US_Pennsylvania_Philadelphia=Confirmed i:  63  63   4          . p:   17162   26075 e: -34.2 r:   1.8   
US_Pennsylvania_Philadelphia=Confirmed i:  64  64   5  3/27/2020 p:    3080   26075 e: -88.2 r:   2.4   
US_Pennsylvania_Philadelphia=Confirmed i:  65  65   6          . p:    3960   26075 e: -84.8 r:   3.1   
US_Pennsylvania_Philadelphia=Confirmed i:  66  66   7  3/29/2020 p:    2200   26075 e: -91.6 r:   3.4   
US_Pennsylvania_Philadelphia=Confirmed i:  67  67   8          . p:    2423   26075 e: -90.7 r:   4.1   
US_Pennsylvania_Philadelphia=Confirmed i:  68  68   9  3/31/2020 p:    3871   26075 e: -85.2 r:   5.0   
US_Pennsylvania_Philadelphia=Confirmed i:  69   0  10          . p:   26843   26075 e:   2.9 r:   6.4 OK 1st
US_Pennsylvania_Philadelphia=Confirmed i:  70   1  11   4/2/2020 p:   24203   26075 e:  -7.2 r:   8.1 OK
US_Pennsylvania_Philadelphia=Confirmed i:  71   2  12          . p:   14521   26075 e: -44.3 r:   9.3   
US_Pennsylvania_Philadelphia=Confirmed i:  72   3  13   4/4/2020 p:   22442   26075 e: -13.9 r:  11.5 OK
US_Pennsylvania_Philadelphia=Confirmed i:  73   4  14          . p:   30363   26075 e:  16.4 r:  12.2   
US_Pennsylvania_Philadelphia=Confirmed i:  74   5  15   4/6/2020 p:   29483   26075 e:  13.1 r:  14.3 OK
US_Pennsylvania_Philadelphia=Confirmed i:  75   6  16          . p:   31979   26075 e:  22.6 r:  16.4   
US_Pennsylvania_Philadelphia=Confirmed i:  76   7  17   4/8/2020 p:   22688   26075 e: -13.0 r:  18.3 OK
US_Pennsylvania_Philadelphia=Confirmed i:  77   8  18          . p:   28860   26075 e:  10.7 r:  19.3 OK
US_Pennsylvania_Philadelphia=Confirmed i:  78   9  19  4/10/2020 p:   17821   26075 e: -31.7 r:  21.2   
US_Pennsylvania_Philadelphia=Confirmed i:  79  10  20          . p:   11431   26075 e: -56.2 r:  23.1   
US_Pennsylvania_Philadelphia=Confirmed i:  80  11  21  4/12/2020 p:   11139   26075 e: -57.3 r:  24.5   
US_Pennsylvania_Philadelphia=Confirmed i:  81  12  22          . p:   11445   26075 e: -56.1 r:  26.1   
US_Pennsylvania_Philadelphia=Confirmed i:  82  13  23  4/14/2020 p:   11153   26075 e: -57.2 r:  27.3   
US_Pennsylvania_Philadelphia=Confirmed i:  83  14  24          . p:   11039   26075 e: -57.7 r:  28.5   
US_Pennsylvania_Philadelphia=Confirmed i:  84  15  25  4/16/2020 p:   11881   26075 e: -54.4 r:  30.9   
US_Pennsylvania_Philadelphia=Confirmed i:  85  16  26          . p:   14521   26075 e: -44.3 r:  32.8   
US_Pennsylvania_Philadelphia=Confirmed i:  86  17  27  4/18/2020 p:   14521   26075 e: -44.3 r:  34.6   
US_Pennsylvania_Philadelphia=Confirmed i:  87  18  28          . p:   14523   26075 e: -44.3 r:  35.3   
US_Pennsylvania_Philadelphia=Confirmed i:  88  19  29  4/20/2020 p:   14589   26075 e: -44.1 r:  36.6   
US_Pennsylvania_Philadelphia=Confirmed i:  89  20  30          . p:   14773   26075 e: -43.3 r:  38.5   
US_Pennsylvania_Philadelphia=Confirmed i:  90  21  31  4/22/2020 p:   14454   26075 e: -44.6 r:  38.5   
US_Pennsylvania_Philadelphia=Confirmed i:  91  22  32          . p:   16029   26075 e: -38.5 r:  43.1   
US_Pennsylvania_Philadelphia=Confirmed i:  92  23  33  4/24/2020 p:   17162   26075 e: -34.2 r:  45.5   
US_Pennsylvania_Philadelphia=Confirmed i:  93  24  34          . p:   18042   26075 e: -30.8 r:  46.9   
US_Pennsylvania_Philadelphia=Confirmed i:  94  25  35  4/26/2020 p:   18042   26075 e: -30.8 r:  48.2   
US_Pennsylvania_Philadelphia=Confirmed i:  95  26  36          . p:   18042   26075 e: -30.8 r:  49.3   
US_Pennsylvania_Philadelphia=Confirmed i:  96  27  37  4/28/2020 p:   18922   26075 e: -27.4 r:  51.6   
US_Pennsylvania_Philadelphia=Confirmed i:  97  28  38          . p:   18922   26075 e: -27.4 r:  52.9   
US_Pennsylvania_Philadelphia=Confirmed i:  98  29  39  4/30/2020 p:   19802   26075 e: -24.1 r:  55.5   
US_Pennsylvania_Philadelphia=Confirmed i:  99  30  40          . p:   20682   26075 e: -20.7 r:  58.1   
US_Pennsylvania_Philadelphia=Confirmed i: 100  31  41   5/2/2020 p:   20682   26075 e: -20.7 r:  58.1   
US_Pennsylvania_Philadelphia=Confirmed i: 101  32  42          . p:   20394   26075 e: -21.8 r:  58.1   
US_Pennsylvania_Philadelphia=Confirmed i: 102  33  43   5/4/2020 p:   20686   26075 e: -20.7 r:  61.5   
US_Pennsylvania_Philadelphia=Confirmed i: 103  34  44          . p:   21562   26075 e: -17.3 r:  62.9   
US_Pennsylvania_Philadelphia=Confirmed i: 104  35  45   5/6/2020 p:   21562   26075 e: -17.3 r:  64.0   
US_Pennsylvania_Philadelphia=Confirmed i: 105  36  46          . p:   21512   26075 e: -17.5 r:  65.4   
US_Pennsylvania_Philadelphia=Confirmed i: 106  37  47   5/8/2020 p:   21811   26075 e: -16.4 r:  67.2   
US_Pennsylvania_Philadelphia=Confirmed i: 107  38  48          . p:   22442   26075 e: -13.9 r:  68.6 OK
US_Pennsylvania_Philadelphia=Confirmed i: 108  39  49  5/10/2020 p:   22442   26075 e: -13.9 r:  69.8 OK
US_Pennsylvania_Philadelphia=Confirmed i: 109  40  50          . p:   22459   26075 e: -13.9 r:  70.2 OK
US_Pennsylvania_Philadelphia=Confirmed i: 110  41  51  5/12/2020 p:   22487   26075 e: -13.8 r:  71.1 OK
US_Pennsylvania_Philadelphia=Confirmed i: 111  42  52          . p:   22720   26075 e: -12.9 r:  72.0 OK
US_Pennsylvania_Philadelphia=Confirmed i: 112  43  53  5/14/2020 p:   23322   26075 e: -10.6 r:  73.2 OK
US_Pennsylvania_Philadelphia=Confirmed i: 113  44  54          . p:   23322   26075 e: -10.6 r:  74.2 OK
US_Pennsylvania_Philadelphia=Confirmed i: 114  45  55  5/16/2020 p:   23322   26075 e: -10.6 r:  75.2 OK
US_Pennsylvania_Philadelphia=Confirmed i: 115  46  56          . p:   23322   26075 e: -10.6 r:  75.9 OK
US_Pennsylvania_Philadelphia=Confirmed i: 116  47  57  5/18/2020 p:   22964   26075 e: -11.9 r:  76.5 OK
US_Pennsylvania_Philadelphia=Confirmed i: 117  48  58          . p:   23101   26075 e: -11.4 r:  77.2 OK
US_Pennsylvania_Philadelphia=Confirmed i: 118  49  59  5/20/2020 p:   23127   26075 e: -11.3 r:  78.1 OK
US_Pennsylvania_Philadelphia=Confirmed i: 119  50  60          . p:   24203   26075 e:  -7.2 r:  79.4 OK
US_Pennsylvania_Philadelphia=Confirmed i: 120  51  61  5/22/2020 p:   24203   26075 e:  -7.2 r:  80.6 OK
US_Pennsylvania_Philadelphia=Confirmed i: 121  52  62          . p:   25083   26075 e:  -3.8 r:  81.4 OK
US_Pennsylvania_Philadelphia=Confirmed i: 122  53  63  5/24/2020 p:   25083   26075 e:  -3.8 r:  81.4 OK
US_Pennsylvania_Philadelphia=Confirmed i: 123  54  64          . p:   24585   26075 e:  -5.7 r:  81.4 OK
US_Pennsylvania_Philadelphia=Confirmed i: 124  55  65  5/26/2020 p:   25083   26075 e:  -3.8 r:  83.4 OK
US_Pennsylvania_Philadelphia=Confirmed i: 125  56  66          . p:   25083   26075 e:  -3.8 r:  84.3 OK
US_Pennsylvania_Philadelphia=Confirmed i: 126  57  67  5/28/2020 p:   25083   26075 e:  -3.8 r:  84.9 OK
US_Pennsylvania_Philadelphia=Confirmed i: 127  58  68          . p:   25963   26075 e:  -0.4 r:  85.9 OK
US_Pennsylvania_Philadelphia=Confirmed i: 128  59  69  5/30/2020 p:   25963   26075 e:  -0.4 r:  86.8 OK
US_Pennsylvania_Philadelphia=Confirmed i: 129  60  70          . p:   25963   26075 e:  -0.4 r:  87.3 OK
US_Pennsylvania_Philadelphia=Confirmed i: 130  61  71   6/1/2020 p:   26115   26075 e:   0.2 r:  87.7 OK
US_Pennsylvania_Philadelphia=Confirmed i: 131  62  72          . p:   26124   26075 e:   0.2 r:  88.3 OK
US_Pennsylvania_Philadelphia=Confirmed i: 132  63  73   6/3/2020 p:   25997   26075 e:  -0.3 r:  88.8 OK
US_Pennsylvania_Philadelphia=Confirmed i: 133  64  74          . p:   26113   26075 e:   0.1 r:  89.3 OK
US_Pennsylvania_Philadelphia=Confirmed i: 134  65  75   6/5/2020 p:   26119   26075 e:   0.2 r:  89.8 OK
US_Pennsylvania_Philadelphia=Confirmed i: 135  66  76          . p:   26081   26075 e:   0.0 r:  90.2 OK
US_Pennsylvania_Philadelphia=Confirmed i: 136  67  77   6/7/2020 p:   26024   26075 e:  -0.2 r:  90.5 OK
US_Pennsylvania_Philadelphia=Confirmed i: 137  68  78          . p:   26068   26075 e:  -0.0 r:  90.9 OK
US_Pennsylvania_Philadelphia=Confirmed i: 138  69  79   6/9/2020 p:   26085   26075 e:   0.0 r:  91.4 OK
