
  # Process COVID TAB data
p1= 47864 il= 138
p1= 62467 il= 137
p1= 46241 il= 136
p1= 46241 il= 135
p1= 44619 il= 134
Ecuador=Confirmed nl = 139, n1= 5 s1= 49486.4 s2= 2492080781.6 SD= 6570.92053216289 frac%= 13.2782350952239
Ecuador=Confirmed i:  47  47  -6          . p:     811   49486 e: -98.4 r:   0.1   
Ecuador=Confirmed i:  48  48  -5  3/11/2020 p:     811   49486 e: -98.4 r:   0.1   
Ecuador=Confirmed i:  49  49  -4          . p:     811   49486 e: -98.4 r:   0.1   
Ecuador=Confirmed i:  50  50  -3  3/13/2020 p:     811   49486 e: -98.4 r:   0.1   
Ecuador=Confirmed i:  51  51  -2          . p:    2433   49486 e: -95.1 r:   0.1   
Ecuador=Confirmed i:  52  52  -1  3/15/2020 p:    4056   49486 e: -91.8 r:   0.1   
Ecuador=Confirmed i:  59  59   6          . p:   20281   49486 e: -59.0 r:   3.2   
Ecuador=Confirmed i:  60  60   7  3/23/2020 p:    7301   49486 e: -85.2 r:   4.0   
Ecuador=Confirmed i:  61  61   8          . p:    4056   49486 e: -91.8 r:   4.4   
Ecuador=Confirmed i:  62  62   9  3/25/2020 p:    2433   49486 e: -95.1 r:   4.8   
Ecuador=Confirmed i:  63  63  10          . p:    4056   49486 e: -91.8 r:   5.8   
Ecuador=Confirmed i:  64  64  11  3/27/2020 p:    4056   49486 e: -91.8 r:   6.5   
Ecuador=Confirmed i:  65  65  12          . p:    5678   49486 e: -88.5 r:   7.5   
Ecuador=Confirmed i:  66  66  13  3/29/2020 p:    5678   49486 e: -88.5 r:   7.9   
Ecuador=Confirmed i:  67  67  14          . p:    5678   49486 e: -88.5 r:   8.1   
Ecuador=Confirmed i:  68  68  15  3/31/2020 p:    5678   49486 e: -88.5 r:   9.2   
Ecuador=Confirmed i:  69  69  16          . p:    8923   49486 e: -82.0 r:  11.3   
Ecuador=Confirmed i:  70  70  17   4/2/2020 p:   12168   49486 e: -75.4 r:  13.0   
Ecuador=Confirmed i:  71  71  18          . p:   12168   49486 e: -75.4 r:  13.8   
Ecuador=Confirmed i:  72  72  19   4/4/2020 p:   12168   49486 e: -75.4 r:  14.2   
Ecuador=Confirmed i:  73  73  20          . p:   12168   49486 e: -75.4 r:  15.0   
Ecuador=Confirmed i:  74  74  21   4/6/2020 p:   12168   49486 e: -75.4 r:  15.4   
Ecuador=Confirmed i:  75  75  22          . p:    8315   49486 e: -83.2 r:  15.4   
Ecuador=Confirmed i:  76  76  23   4/8/2020 p:   12347   49486 e: -75.0 r:  18.3   
Ecuador=Confirmed i:  77  77  24          . p:   14284   49486 e: -71.1 r:  20.4   
Ecuador=Confirmed i:  78  78  25  4/10/2020 p:   41410   49486 e: -16.3 r:  29.4   
Ecuador=Confirmed i:  79   0  26          . p:   42996   49486 e: -13.1 r:  29.8 OK 1st
Ecuador=Confirmed i:  80   1  27  4/12/2020 p:   15413   49486 e: -68.9 r:  30.6   
Ecuador=Confirmed i:  81   2  28          . p:   15413   49486 e: -68.9 r:  30.9   
Ecuador=Confirmed i:  82   3  29  4/14/2020 p:   15413   49486 e: -68.9 r:  31.2   
Ecuador=Confirmed i:  83   4  30          . p:   17036   49486 e: -65.6 r:  32.3   
Ecuador=Confirmed i:  84   5  31  4/16/2020 p:   17036   49486 e: -65.6 r:  33.8   
Ecuador=Confirmed i:  85   6  32          . p:   18659   49486 e: -62.3 r:  34.7   
Ecuador=Confirmed i:  86   7  33  4/18/2020 p:   20281   49486 e: -59.0 r:  37.0   
Ecuador=Confirmed i:  87   8  34          . p:   33261   49486 e: -32.8 r:  38.9   
Ecuador=Confirmed i:  88   9  35  4/20/2020 p:   25149   49486 e: -49.2 r:  41.6   
Ecuador=Confirmed i:  89  10  36          . p:   33261   49486 e: -32.8 r:  42.7   
Ecuador=Confirmed i:  90  11  37  4/22/2020 p:   28394   49486 e: -42.6 r:  44.5   
Ecuador=Confirmed i:  91  12  38          . p:   33261   49486 e: -32.8 r:  45.9   
Ecuador=Confirmed i:  92  13  39  4/24/2020 p:   33261   49486 e: -32.8 r:  45.9   
Ecuador=Confirmed i:  93  14  40          . p:   33261   49486 e: -32.8 r:  45.9   
Ecuador=Confirmed i:  94  15  41  4/26/2020 p:   32156   49486 e: -35.0 r:  45.9   
Ecuador=Confirmed i:  95  16  42          . p:   31607   49486 e: -36.1 r:  47.0   
Ecuador=Confirmed i:  96  17  43  4/28/2020 p:   27510   49486 e: -44.4 r:  49.0   
Ecuador=Confirmed i:  97  18  44          . p:   28394   49486 e: -42.6 r:  49.9   
Ecuador=Confirmed i:  98  19  45  4/30/2020 p:   28394   49486 e: -42.6 r:  50.4   
Ecuador=Confirmed i:  99  20  46          . p:   31639   49486 e: -36.1 r:  53.2   
Ecuador=Confirmed i: 100  21  47   5/2/2020 p:   33261   49486 e: -32.8 r:  55.5   
Ecuador=Confirmed i: 101  22  48          . p:   36506   49486 e: -26.2 r:  59.7   
Ecuador=Confirmed i: 102  23  49   5/4/2020 p:   39751   49486 e: -19.7 r:  64.4   
Ecuador=Confirmed i: 103  24  50          . p:   41374   49486 e: -16.4 r:  64.4   
Ecuador=Confirmed i: 104  25  51   5/6/2020 p:   42996   49486 e: -13.1 r:  64.4 OK
Ecuador=Confirmed i: 105  26  52          . p:   41374   49486 e: -16.4 r:  61.2   
Ecuador=Confirmed i: 106  27  53   5/8/2020 p:   41374   49486 e: -16.4 r:  58.2   
Ecuador=Confirmed i: 107  28  54          . p:   29494   49486 e: -40.4 r:  58.7   
Ecuador=Confirmed i: 108  29  55  5/10/2020 p:   29528   49486 e: -40.3 r:  59.2   
Ecuador=Confirmed i: 109  30  56          . p:   30052   49486 e: -39.3 r:  59.6   
Ecuador=Confirmed i: 110  31  57  5/12/2020 p:   39240   49486 e: -20.7 r:  61.5   
Ecuador=Confirmed i: 111  32  58          . p:   38889   49486 e: -21.4 r:  61.6   
Ecuador=Confirmed i: 112  33  59  5/14/2020 p:   39751   49486 e: -19.7 r:  61.6   
Ecuador=Confirmed i: 113  34  60          . p:   38129   49486 e: -23.0 r:  63.6   
Ecuador=Confirmed i: 114  35  61  5/16/2020 p:   38129   49486 e: -23.0 r:  66.2   
Ecuador=Confirmed i: 115  36  62          . p:   38129   49486 e: -23.0 r:  67.1   
Ecuador=Confirmed i: 116  37  63  5/18/2020 p:   38129   49486 e: -23.0 r:  67.9   
Ecuador=Confirmed i: 117  38  64          . p:   39751   49486 e: -19.7 r:  69.0   
Ecuador=Confirmed i: 118  39  65  5/20/2020 p:   39751   49486 e: -19.7 r:  70.4   
Ecuador=Confirmed i: 119  40  66          . p:   39751   49486 e: -19.7 r:  71.3   
Ecuador=Confirmed i: 120  41  67  5/22/2020 p:   39751   49486 e: -19.7 r:  72.4   
Ecuador=Confirmed i: 121  42  68          . p:   39751   49486 e: -19.7 r:  73.3   
Ecuador=Confirmed i: 122  43  69  5/24/2020 p:   40461   49486 e: -18.2 r:  74.3   
Ecuador=Confirmed i: 123  44  70          . p:   41374   49486 e: -16.4 r:  75.5   
Ecuador=Confirmed i: 124  45  71  5/26/2020 p:   41374   49486 e: -16.4 r:  76.2   
Ecuador=Confirmed i: 125  46  72          . p:   41691   49486 e: -15.8 r:  77.0   
Ecuador=Confirmed i: 126  47  73  5/28/2020 p:   42151   49486 e: -14.8 r:  77.7 OK
Ecuador=Confirmed i: 127  48  74          . p:   42290   49486 e: -14.5 r:  77.9 OK
Ecuador=Confirmed i: 128  49  75  5/30/2020 p:   42665   49486 e: -13.8 r:  77.9 OK
Ecuador=Confirmed i: 129  50  76          . p:   42509   49486 e: -14.1 r:  79.0 OK
Ecuador=Confirmed i: 130  51  77   6/1/2020 p:   44619   49486 e:  -9.8 r:  80.3 OK
Ecuador=Confirmed i: 131  52  78          . p:   46241   49486 e:  -6.6 r:  81.7 OK
Ecuador=Confirmed i: 132  53  79   6/3/2020 p:   44619   49486 e:  -9.8 r:  82.8 OK
Ecuador=Confirmed i: 133  54  80          . p:   44619   49486 e:  -9.8 r:  83.4 OK
Ecuador=Confirmed i: 134  55  81   6/5/2020 p:   44619   49486 e:  -9.8 r:  84.0 OK
Ecuador=Confirmed i: 135  56  82          . p:   46241   49486 e:  -6.6 r:  86.3 OK
Ecuador=Confirmed i: 136  57  83   6/7/2020 p:   46241   49486 e:  -6.6 r:  87.1 OK
Ecuador=Confirmed i: 137  58  84          . p:   62467   49486 e:  26.2 r:  87.7   
Ecuador=Confirmed i: 138  59  85   6/9/2020 p:   47864   49486 e:  -3.3 r:  88.7 OK
