
  # Process COVID TAB data
p1= 26021 il= 138
p1= 26021 il= 137
p1= 25266 il= 136
p1= 24512 il= 135
p1= 24512 il= 134
Dominican_Republic=Confirmed nl = 139, n1= 5 s1= 25266.4 s2= 638846385.2 SD= 674.845345245864 frac%= 2.67092005685758
Dominican_Republic=Confirmed i:  47  47 -10          . p:     377   25266 e: -98.5 r:   0.0   
Dominican_Republic=Confirmed i:  48  48  -9  3/11/2020 p:     377   25266 e: -98.5 r:   0.0   
Dominican_Republic=Confirmed i:  49  49  -8          . p:     377   25266 e: -98.5 r:   0.0   
Dominican_Republic=Confirmed i:  50  50  -7  3/13/2020 p:     377   25266 e: -98.5 r:   0.0   
Dominican_Republic=Confirmed i:  51  51  -6          . p:     377   25266 e: -98.5 r:   0.0   
Dominican_Republic=Confirmed i:  52  52  -5  3/15/2020 p:     377   25266 e: -98.5 r:   0.0   
Dominican_Republic=Confirmed i:  53  53  -4          . p:     376   25266 e: -98.5 r:   0.0   
Dominican_Republic=Confirmed i:  54  54  -3  3/17/2020 p:    4148   25266 e: -83.6 r:   0.1   
Dominican_Republic=Confirmed i:  55  55  -2          . p:     377   25266 e: -98.5 r:   0.1   
Dominican_Republic=Confirmed i:  56  56  -1  3/19/2020 p:    1131   25266 e: -95.5 r:   0.1   
Dominican_Republic=Confirmed i:  60  60   3  3/23/2020 p:    1885   25266 e: -92.5 r:   1.0   
Dominican_Republic=Confirmed i:  61  61   4          . p:     377   25266 e: -98.5 r:   1.2   
Dominican_Republic=Confirmed i:  62  62   5  3/25/2020 p:     377   25266 e: -98.5 r:   1.6   
Dominican_Republic=Confirmed i:  63  63   6          . p:    1131   25266 e: -95.5 r:   1.9   
Dominican_Republic=Confirmed i:  64  64   7  3/27/2020 p:    1131   25266 e: -95.5 r:   2.3   
Dominican_Republic=Confirmed i:  65  65   8          . p:    1885   25266 e: -92.5 r:   2.8   
Dominican_Republic=Confirmed i:  66  66   9  3/29/2020 p:    2639   25266 e: -89.6 r:   3.4   
Dominican_Republic=Confirmed i:  67  67  10          . p:    1885   25266 e: -92.5 r:   3.6   
Dominican_Republic=Confirmed i:  68  68  11  3/31/2020 p:    2639   25266 e: -89.6 r:   4.4   
Dominican_Republic=Confirmed i:  69  69  12          . p:    2639   25266 e: -89.6 r:   5.1   
Dominican_Republic=Confirmed i:  70  70  13   4/2/2020 p:    4902   25266 e: -80.6 r:   5.5   
Dominican_Republic=Confirmed i:  71  71  14          . p:    3394   25266 e: -86.6 r:   5.9   
Dominican_Republic=Confirmed i:  72  72  15   4/4/2020 p:    3394   25266 e: -86.6 r:   6.4   
Dominican_Republic=Confirmed i:  73  73  16          . p:    3394   25266 e: -86.6 r:   6.9   
Dominican_Republic=Confirmed i:  74  74  17   4/6/2020 p:    2639   25266 e: -89.6 r:   7.2   
Dominican_Republic=Confirmed i:  75  75  18          . p:    3394   25266 e: -86.6 r:   7.7   
Dominican_Republic=Confirmed i:  76  76  19   4/8/2020 p:    3394   25266 e: -86.6 r:   8.4   
Dominican_Republic=Confirmed i:  77  77  20          . p:    4148   25266 e: -83.6 r:   9.3   
Dominican_Republic=Confirmed i:  78  78  21  4/10/2020 p:    4148   25266 e: -83.6 r:  10.4   
Dominican_Republic=Confirmed i:  79  79  22          . p:    4148   25266 e: -83.6 r:  10.9   
Dominican_Republic=Confirmed i:  80  80  23  4/12/2020 p:    4902   25266 e: -80.6 r:  11.7   
Dominican_Republic=Confirmed i:  81  81  24          . p:    4902   25266 e: -80.6 r:  12.5   
Dominican_Republic=Confirmed i:  82  82  25  4/14/2020 p:    5656   25266 e: -77.6 r:  13.0   
Dominican_Republic=Confirmed i:  83  83  26          . p:    5656   25266 e: -77.6 r:  14.3   
Dominican_Republic=Confirmed i:  84  84  27  4/16/2020 p:    5656   25266 e: -77.6 r:  14.9   
Dominican_Republic=Confirmed i:  85  85  28          . p:    6410   25266 e: -74.6 r:  16.3   
Dominican_Republic=Confirmed i:  86  86  29  4/18/2020 p:    7165   25266 e: -71.6 r:  17.2   
Dominican_Republic=Confirmed i:  87  87  30          . p:    7165   25266 e: -71.6 r:  18.5   
Dominican_Republic=Confirmed i:  88  88  31  4/20/2020 p:    7919   25266 e: -68.7 r:  19.6   
Dominican_Republic=Confirmed i:  89  89  32          . p:    7919   25266 e: -68.7 r:  20.0   
Dominican_Republic=Confirmed i:  90  90  33  4/22/2020 p:    8317   25266 e: -67.1 r:  21.0   
Dominican_Republic=Confirmed i:  91  91  34          . p:    8580   25266 e: -66.0 r:  21.9   
Dominican_Republic=Confirmed i:  92  92  35  4/24/2020 p:    8866   25266 e: -64.9 r:  22.8   
Dominican_Republic=Confirmed i:  93  93  36          . p:    9020   25266 e: -64.3 r:  23.5   
Dominican_Republic=Confirmed i:  94  94  37  4/26/2020 p:    9172   25266 e: -63.7 r:  24.3   
Dominican_Republic=Confirmed i:  95  95  38          . p:    9272   25266 e: -63.3 r:  24.9   
Dominican_Republic=Confirmed i:  96  96  39  4/28/2020 p:    9318   25266 e: -63.1 r:  25.4   
Dominican_Republic=Confirmed i:  97  97  40          . p:    9429   25266 e: -62.7 r:  26.3   
Dominican_Republic=Confirmed i:  98  98  41  4/30/2020 p:   10182   25266 e: -59.7 r:  27.6   
Dominican_Republic=Confirmed i:  99  99  42          . p:   11690   25266 e: -53.7 r:  28.8   
Dominican_Republic=Confirmed i: 100 100  43   5/2/2020 p:   10936   25266 e: -56.7 r:  30.0   
Dominican_Republic=Confirmed i: 101 101  44          . p:   10936   25266 e: -56.7 r:  31.5   
Dominican_Republic=Confirmed i: 102 102  45   5/4/2020 p:   11690   25266 e: -53.7 r:  32.6   
Dominican_Republic=Confirmed i: 103 103  46          . p:   11690   25266 e: -53.7 r:  33.6   
Dominican_Republic=Confirmed i: 104 104  47   5/6/2020 p:   12444   25266 e: -50.7 r:  34.9   
Dominican_Republic=Confirmed i: 105 105  48          . p:   12444   25266 e: -50.7 r:  36.0   
Dominican_Republic=Confirmed i: 106 106  49   5/8/2020 p:   13199   25266 e: -47.8 r:  37.1   
Dominican_Republic=Confirmed i: 107 107  50          . p:   13953   25266 e: -44.8 r:  39.1   
Dominican_Republic=Confirmed i: 108 108  51  5/10/2020 p:   14707   25266 e: -41.8 r:  41.0   
Dominican_Republic=Confirmed i: 109 109  52          . p:   14707   25266 e: -41.8 r:  42.1   
Dominican_Republic=Confirmed i: 110 110  53  5/12/2020 p:   15461   25266 e: -38.8 r:  43.1   
Dominican_Republic=Confirmed i: 111 111  54          . p:   15461   25266 e: -38.8 r:  44.3   
Dominican_Republic=Confirmed i: 112 112  55  5/14/2020 p:   16216   25266 e: -35.8 r:  44.8   
Dominican_Republic=Confirmed i: 113 113  56          . p:   16216   25266 e: -35.8 r:  46.5   
Dominican_Republic=Confirmed i: 114 114  57  5/16/2020 p:   16970   25266 e: -32.8 r:  47.9   
Dominican_Republic=Confirmed i: 115 115  58          . p:   16970   25266 e: -32.8 r:  48.7   
Dominican_Republic=Confirmed i: 116 116  59  5/18/2020 p:   17724   25266 e: -29.9 r:  50.4   
Dominican_Republic=Confirmed i: 117 117  60          . p:   17724   25266 e: -29.9 r:  52.3   
Dominican_Republic=Confirmed i: 118 118  61  5/20/2020 p:   18478   25266 e: -26.9 r:  53.3   
Dominican_Republic=Confirmed i: 119 119  62          . p:   18478   25266 e: -26.9 r:  54.1   
Dominican_Republic=Confirmed i: 120 120  63  5/22/2020 p:   19232   25266 e: -23.9 r:  55.4   
Dominican_Republic=Confirmed i: 121 121  64          . p:   19232   25266 e: -23.9 r:  57.1   
Dominican_Republic=Confirmed i: 122 122  65  5/24/2020 p:   19987   25266 e: -20.9 r:  58.6   
Dominican_Republic=Confirmed i: 123 123  66          . p:   19987   25266 e: -20.9 r:  59.7   
Dominican_Republic=Confirmed i: 124 124  67  5/26/2020 p:   20741   25266 e: -17.9 r:  60.4   
Dominican_Republic=Confirmed i: 125 125  68          . p:   20741   25266 e: -17.9 r:  62.2   
Dominican_Republic=Confirmed i: 126   0  69  5/28/2020 p:   21495   25266 e: -14.9 r:  63.6 OK 1st
Dominican_Republic=Confirmed i: 127   1  70          . p:   21495   25266 e: -14.9 r:  65.4 OK
Dominican_Republic=Confirmed i: 128   2  71  5/30/2020 p:   22249   25266 e: -11.9 r:  66.9 OK
Dominican_Republic=Confirmed i: 129   3  72          . p:   22249   25266 e: -11.9 r:  68.4 OK
Dominican_Republic=Confirmed i: 130   4  73   6/1/2020 p:   23004   25266 e:  -9.0 r:  69.5 OK
Dominican_Republic=Confirmed i: 131   5  74          . p:   23004   25266 e:  -9.0 r:  70.3 OK
Dominican_Republic=Confirmed i: 132   6  75   6/3/2020 p:   23654   25266 e:  -6.4 r:  71.4 OK
Dominican_Republic=Confirmed i: 133   7  76          . p:   23886   25266 e:  -5.5 r:  72.5 OK
Dominican_Republic=Confirmed i: 134   8  77   6/5/2020 p:   24512   25266 e:  -3.0 r:  74.0 OK
Dominican_Republic=Confirmed i: 135   9  78          . p:   24512   25266 e:  -3.0 r:  76.0 OK
Dominican_Republic=Confirmed i: 136  10  79   6/7/2020 p:   25266   25266 e:  -0.0 r:  77.6 OK
Dominican_Republic=Confirmed i: 137  11  80          . p:   26021   25266 e:   3.0 r:  79.7 OK
Dominican_Republic=Confirmed i: 138  12  81   6/9/2020 p:   26021   25266 e:   3.0 r:  80.8 OK
