
  # Process COVID TAB data
p1= 5252 il= 138
p1= 5240 il= 137
p1= 5333 il= 136
p1= 5173 il= 135
p1= 5173 il= 134
US_Maryland_Anne_Arundel=Confirmed nl = 139, n1= 5 s1= 5234.2 s2= 27400370.2 SD= 59.3343071081342 frac%= 1.13358884085694
US_Maryland_Anne_Arundel=Confirmed i:  57  57  -9          . p:      74    5234 e: -98.6 r:   0.2   
US_Maryland_Anne_Arundel=Confirmed i:  58  58  -8  3/21/2020 p:     238    5234 e: -95.5 r:   0.3   
US_Maryland_Anne_Arundel=Confirmed i:  59  59  -7          . p:      79    5234 e: -98.5 r:   0.3   
US_Maryland_Anne_Arundel=Confirmed i:  60  60  -6  3/23/2020 p:      79    5234 e: -98.5 r:   0.4   
US_Maryland_Anne_Arundel=Confirmed i:  61  61  -5          . p:      76    5234 e: -98.5 r:   0.5   
US_Maryland_Anne_Arundel=Confirmed i:  62  62  -4  3/25/2020 p:      78    5234 e: -98.5 r:   0.6   
US_Maryland_Anne_Arundel=Confirmed i:  63  63  -3          . p:      79    5234 e: -98.5 r:   0.8   
US_Maryland_Anne_Arundel=Confirmed i:  64  64  -2  3/27/2020 p:     557    5234 e: -89.4 r:   1.2   
US_Maryland_Anne_Arundel=Confirmed i:  65  65  -1          . p:    2149    5234 e: -58.9 r:   1.7   
US_Maryland_Anne_Arundel=Confirmed i:  66  66   0  3/29/2020 p:    2467    5234 e: -52.9 r:   1.9   
US_Maryland_Anne_Arundel=Confirmed i:  67  67   1          . p:      79    5234 e: -98.5 r:   2.1   
US_Maryland_Anne_Arundel=Confirmed i:  68  68   2  3/31/2020 p:     238    5234 e: -95.5 r:   2.4   
US_Maryland_Anne_Arundel=Confirmed i:  69  69   3          . p:     397    5234 e: -92.4 r:   3.0   
US_Maryland_Anne_Arundel=Confirmed i:  70   0   4   4/2/2020 p:    4855    5234 e:  -7.2 r:   3.9 OK 1st
US_Maryland_Anne_Arundel=Confirmed i:  71   1   5          . p:    3104    5234 e: -40.7 r:   4.8   
US_Maryland_Anne_Arundel=Confirmed i:  72   2   6   4/4/2020 p:    2626    5234 e: -49.8 r:   5.5   
US_Maryland_Anne_Arundel=Confirmed i:  73   3   7          . p:    2149    5234 e: -58.9 r:   6.1   
US_Maryland_Anne_Arundel=Confirmed i:  74   4   8   4/6/2020 p:     397    5234 e: -92.4 r:   6.6   
US_Maryland_Anne_Arundel=Confirmed i:  75   5   9          . p:     460    5234 e: -91.2 r:   7.1   
US_Maryland_Anne_Arundel=Confirmed i:  76   6  10   4/8/2020 p:    1793    5234 e: -65.7 r:   8.9   
US_Maryland_Anne_Arundel=Confirmed i:  77   7  11          . p:    2125    5234 e: -59.4 r:   9.6   
US_Maryland_Anne_Arundel=Confirmed i:  78   8  12  4/10/2020 p:    3263    5234 e: -37.7 r:  10.6   
US_Maryland_Anne_Arundel=Confirmed i:  79   9  13          . p:    2206    5234 e: -57.9 r:  11.7   
US_Maryland_Anne_Arundel=Confirmed i:  80  10  14  4/12/2020 p:    2075    5234 e: -60.4 r:  12.6   
US_Maryland_Anne_Arundel=Confirmed i:  81  11  15          . p:    2149    5234 e: -58.9 r:  13.8   
US_Maryland_Anne_Arundel=Confirmed i:  82  12  16  4/14/2020 p:    2149    5234 e: -58.9 r:  15.0   
US_Maryland_Anne_Arundel=Confirmed i:  83  13  17          . p:    2886    5234 e: -44.9 r:  16.1   
US_Maryland_Anne_Arundel=Confirmed i:  84  14  18  4/16/2020 p:    2269    5234 e: -56.7 r:  17.1   
US_Maryland_Anne_Arundel=Confirmed i:  85  15  19          . p:    2740    5234 e: -47.7 r:  18.5   
US_Maryland_Anne_Arundel=Confirmed i:  86  16  20  4/18/2020 p:    2077    5234 e: -60.3 r:  19.2   
US_Maryland_Anne_Arundel=Confirmed i:  87  17  21          . p:    2209    5234 e: -57.8 r:  20.0   
US_Maryland_Anne_Arundel=Confirmed i:  88  18  22  4/20/2020 p:    1506    5234 e: -71.2 r:  21.0   
US_Maryland_Anne_Arundel=Confirmed i:  89  19  23          . p:    2414    5234 e: -53.9 r:  22.1   
US_Maryland_Anne_Arundel=Confirmed i:  90  20  24  4/22/2020 p:    2149    5234 e: -58.9 r:  22.7   
US_Maryland_Anne_Arundel=Confirmed i:  91  21  25          . p:    2467    5234 e: -52.9 r:  24.7   
US_Maryland_Anne_Arundel=Confirmed i:  92  22  26  4/24/2020 p:    2467    5234 e: -52.9 r:  26.2   
US_Maryland_Anne_Arundel=Confirmed i:  93  23  27          . p:    2467    5234 e: -52.9 r:  27.3   
US_Maryland_Anne_Arundel=Confirmed i:  94  24  28  4/26/2020 p:    2626    5234 e: -49.8 r:  28.8   
US_Maryland_Anne_Arundel=Confirmed i:  95  25  29          . p:    2626    5234 e: -49.8 r:  29.5   
US_Maryland_Anne_Arundel=Confirmed i:  96  26  30  4/28/2020 p:    2626    5234 e: -49.8 r:  30.0   
US_Maryland_Anne_Arundel=Confirmed i:  97  27  31          . p:    2703    5234 e: -48.4 r:  31.8   
US_Maryland_Anne_Arundel=Confirmed i:  98  28  32  4/30/2020 p:    2756    5234 e: -47.3 r:  33.0   
US_Maryland_Anne_Arundel=Confirmed i:  99  29  33          . p:    2785    5234 e: -46.8 r:  34.5   
US_Maryland_Anne_Arundel=Confirmed i: 100  30  34   5/2/2020 p:    2945    5234 e: -43.7 r:  36.0   
US_Maryland_Anne_Arundel=Confirmed i: 101  31  35          . p:    2945    5234 e: -43.7 r:  37.4   
US_Maryland_Anne_Arundel=Confirmed i: 102  32  36   5/4/2020 p:    3104    5234 e: -40.7 r:  38.6   
US_Maryland_Anne_Arundel=Confirmed i: 103  33  37          . p:    3104    5234 e: -40.7 r:  39.1   
US_Maryland_Anne_Arundel=Confirmed i: 104  34  38   5/6/2020 p:    3127    5234 e: -40.3 r:  39.8   
US_Maryland_Anne_Arundel=Confirmed i: 105  35  39          . p:    3192    5234 e: -39.0 r:  41.9   
US_Maryland_Anne_Arundel=Confirmed i: 106  36  40   5/8/2020 p:    3303    5234 e: -36.9 r:  43.8   
US_Maryland_Anne_Arundel=Confirmed i: 107  37  41          . p:    3422    5234 e: -34.6 r:  45.3   
US_Maryland_Anne_Arundel=Confirmed i: 108  38  42  5/10/2020 p:    3581    5234 e: -31.6 r:  47.1   
US_Maryland_Anne_Arundel=Confirmed i: 109  39  43          . p:    3581    5234 e: -31.6 r:  47.6   
US_Maryland_Anne_Arundel=Confirmed i: 110  40  44  5/12/2020 p:    3609    5234 e: -31.0 r:  48.1   
US_Maryland_Anne_Arundel=Confirmed i: 111  41  45          . p:    3591    5234 e: -31.4 r:  49.6   
US_Maryland_Anne_Arundel=Confirmed i: 112  42  46  5/14/2020 p:    3631    5234 e: -30.6 r:  50.8   
US_Maryland_Anne_Arundel=Confirmed i: 113  43  47          . p:    3900    5234 e: -25.5 r:  52.6   
US_Maryland_Anne_Arundel=Confirmed i: 114  44  48  5/16/2020 p:    3900    5234 e: -25.5 r:  53.5   
US_Maryland_Anne_Arundel=Confirmed i: 115  45  49          . p:    3900    5234 e: -25.5 r:  54.6   
US_Maryland_Anne_Arundel=Confirmed i: 116  46  50  5/18/2020 p:    3900    5234 e: -25.5 r:  55.3   
US_Maryland_Anne_Arundel=Confirmed i: 117  47  51          . p:    3900    5234 e: -25.5 r:  57.0   
US_Maryland_Anne_Arundel=Confirmed i: 118  48  52  5/20/2020 p:    4123    5234 e: -21.2 r:  57.9   
US_Maryland_Anne_Arundel=Confirmed i: 119  49  53          . p:    5492    5234 e:   4.9 r:  59.8 OK
US_Maryland_Anne_Arundel=Confirmed i: 120  50  54  5/22/2020 p:    5810    5234 e:  11.0 r:  61.3 OK
US_Maryland_Anne_Arundel=Confirmed i: 121  51  55          . p:    4218    5234 e: -19.4 r:  62.7   
US_Maryland_Anne_Arundel=Confirmed i: 122  52  56  5/24/2020 p:    5969    5234 e:  14.0 r:  63.2 OK
US_Maryland_Anne_Arundel=Confirmed i: 123  53  57          . p:    5969    5234 e:  14.0 r:  64.1 OK
US_Maryland_Anne_Arundel=Confirmed i: 124  54  58  5/26/2020 p:    5860    5234 e:  12.0 r:  64.8 OK
US_Maryland_Anne_Arundel=Confirmed i: 125  55  59          . p:    5711    5234 e:   9.1 r:  65.9 OK
US_Maryland_Anne_Arundel=Confirmed i: 126  56  60  5/28/2020 p:    5810    5234 e:  11.0 r:  67.9 OK
US_Maryland_Anne_Arundel=Confirmed i: 127  57  61          . p:    6129    5234 e:  17.1 r:  69.6   
US_Maryland_Anne_Arundel=Confirmed i: 128  58  62  5/30/2020 p:    6288    5234 e:  20.1 r:  71.5   
US_Maryland_Anne_Arundel=Confirmed i: 129  59  63          . p:    4696    5234 e: -10.3 r:  72.3 OK
US_Maryland_Anne_Arundel=Confirmed i: 130  60  64   6/1/2020 p:    6447    5234 e:  23.2 r:  73.4   
US_Maryland_Anne_Arundel=Confirmed i: 131  61  65          . p:    4855    5234 e:  -7.2 r:  75.0 OK
US_Maryland_Anne_Arundel=Confirmed i: 132  62  66   6/3/2020 p:    5014    5234 e:  -4.2 r:  76.6 OK
US_Maryland_Anne_Arundel=Confirmed i: 133  63  67          . p:    5014    5234 e:  -4.2 r:  77.9 OK
US_Maryland_Anne_Arundel=Confirmed i: 134  64  68   6/5/2020 p:    5173    5234 e:  -1.2 r:  79.3 OK
US_Maryland_Anne_Arundel=Confirmed i: 135  65  69          . p:    5173    5234 e:  -1.2 r:  80.4 OK
US_Maryland_Anne_Arundel=Confirmed i: 136  66  70   6/7/2020 p:    5333    5234 e:   1.9 r:  80.9 OK
US_Maryland_Anne_Arundel=Confirmed i: 137  67  71          . p:    5240    5234 e:   0.1 r:  81.5 OK
US_Maryland_Anne_Arundel=Confirmed i: 138  68  72   6/9/2020 p:    5252    5234 e:   0.3 r:  82.3 OK
