
  # Process COVID TAB data
p1= 4 il= 359
p1= 9 il= 277
p1= 9 il= 276
p1= 9 il= 275
p1= 9 il= 274
Australia=Deaths nl = 368, n1= 5 s1= 8 s2= 68 SD= 2 frac%= 25
Australia=Deaths i:  46  46 -23   3/9/2020 p:       4       8 e: -50.0 r:  37.5   
Australia=Deaths i:  47  47 -22          . p:       3       8 e: -62.5 r:  37.5   
Australia=Deaths i:  48  48 -21  3/11/2020 p:       1       8 e: -87.5 r:  37.5   
Australia=Deaths i:  49  49 -20          . p:       1       8 e: -87.5 r:  37.5   
Australia=Deaths i:  50  50 -19  3/13/2020 p:       1       8 e: -87.5 r:  37.5   
Australia=Deaths i:  51  51 -18          . p:       1       8 e: -87.5 r:  37.5   
Australia=Deaths i:  52  52 -17  3/15/2020 p:       1       8 e: -87.5 r:  37.5   
Australia=Deaths i:  53  53 -16          . p:       1       8 e: -87.5 r:  37.5   
Australia=Deaths i:  55  55 -14          . p:     114       8 e: 1325.0 r:  75.0   
Australia=Deaths i:  56  56 -13  3/19/2020 p:       5       8 e: -37.5 r:  75.0   
Australia=Deaths i:  57   0 -12          . p:       9       8 e:  12.5 r:  87.5 OK 1st
Australia=Deaths i:  58   1 -11  3/21/2020 p:       9       8 e:  12.5 r:  87.5 OK
Australia=Deaths i:  59   2 -10          . p:       5       8 e: -37.5 r:  87.5   
Australia=Deaths i:  60   3  -9  3/23/2020 p:       5       8 e: -37.5 r:  87.5   
Australia=Deaths i:  61   4  -8          . p:       9       8 e:  12.5 r: 100.0 OK
Australia=Deaths i:  62   5  -7  3/25/2020 p:       9       8 e:  12.5 r: 100.0 OK
Australia=Deaths i:  65   8  -4          . p:      13       8 e:  62.5 r: 175.0   
Australia=Deaths i:  66   9  -3  3/29/2020 p:      16       8 e: 100.0 r: 200.0   
Australia=Deaths i:  67  10  -2          . p:      20       8 e: 150.0 r: 212.5   
Australia=Deaths i:  68  11  -1  3/31/2020 p:      20       8 e: 150.0 r: 225.0   
Australia=Deaths i:  69  12   0          . p:      24       8 e: 200.0 r: 250.0   
Australia=Deaths i:  70  13   1   4/2/2020 p:      80       8 e: 900.0 r: 300.0   
Australia=Deaths i:  71  14   2          . p:     182       8 e: 2175.0 r: 350.0   
Australia=Deaths i:  72  15   3   4/4/2020 p:     193       8 e: 2312.5 r: 375.0   
Australia=Deaths i:  73  16   4          . p:     276       8 e: 3350.0 r: 437.5   
Australia=Deaths i:  76  19   7   4/8/2020 p:       0       8 e: -100.0 r: 625.0   
Australia=Deaths i:  77  20   8          . p:      62       8 e: 675.0 r: 637.5   
Australia=Deaths i:  78  21   9  4/10/2020 p:      58       8 e: 625.0 r: 675.0   
Australia=Deaths i:  79  22  10          . p:      65       8 e: 712.5 r: 712.5   
Australia=Deaths i:  80  23  11  4/12/2020 p:      69       8 e: 762.5 r: 750.0   
Australia=Deaths i:  81  24  12          . p:      69       8 e: 762.5 r: 762.5   
Australia=Deaths i:  82  25  13  4/14/2020 p:      65       8 e: 712.5 r: 775.0   
Australia=Deaths i:  83  26  14          . p:      65       8 e: 712.5 r: 787.5   
Australia=Deaths i:  84  27  15  4/16/2020 p:      65       8 e: 712.5 r: 787.5   
Australia=Deaths i:  85  28  16          . p:      69       8 e: 762.5 r: 825.0   
Australia=Deaths i:  86  29  17  4/18/2020 p:      73       8 e: 812.5 r: 837.5   
Australia=Deaths i:  87  30  18          . p:      69       8 e: 762.5 r: 837.5   
Australia=Deaths i:  88  31  19  4/20/2020 p:      69       8 e: 762.5 r: 837.5   
Australia=Deaths i:  89  32  20          . p:      69       8 e: 762.5 r: 837.5   
Australia=Deaths i:  90  33  21  4/22/2020 p:      69       8 e: 762.5 r: 837.5   
Australia=Deaths i:  91  34  22          . p:      88       8 e: 1000.0 r: 937.5   
Australia=Deaths i:  92  35  23  4/24/2020 p:      96       8 e: 1100.0 r: 987.5   
Australia=Deaths i:  93  36  24          . p:      99       8 e: 1137.5 r: 1000.0   
Australia=Deaths i:  94  37  25  4/26/2020 p:      99       8 e: 1137.5 r: 1037.5   
Australia=Deaths i:  95  38  26          . p:      99       8 e: 1137.5 r: 1037.5   
Australia=Deaths i:  96  39  27  4/28/2020 p:     107       8 e: 1237.5 r: 1112.5   
Australia=Deaths i:  97  40  28          . p:     114       8 e: 1325.0 r: 1137.5   
Australia=Deaths i:  98  41  29  4/30/2020 p:     118       8 e: 1375.0 r: 1162.5   
Australia=Deaths i:  99  42  30          . p:     118       8 e: 1375.0 r: 1162.5   
Australia=Deaths i: 100  43  31   5/2/2020 p:     118       8 e: 1375.0 r: 1175.0   
Australia=Deaths i: 101  44  32          . p:      96       8 e: 1100.0 r: 1187.5   
Australia=Deaths i: 102  45  33   5/4/2020 p:      99       8 e: 1137.5 r: 1200.0   
Australia=Deaths i: 103  46  34          . p:      99       8 e: 1137.5 r: 1212.5   
Australia=Deaths i: 104  47  35   5/6/2020 p:      99       8 e: 1137.5 r: 1212.5   
Australia=Deaths i: 105  48  36          . p:      97       8 e: 1112.5 r: 1212.5   
Australia=Deaths i: 106  49  37   5/8/2020 p:      98       8 e: 1125.0 r: 1212.5   
Australia=Deaths i: 107  50  38          . p:      97       8 e: 1112.5 r: 1212.5   
Australia=Deaths i: 108  51  39  5/10/2020 p:      98       8 e: 1125.0 r: 1212.5   
Australia=Deaths i: 109  52  40          . p:      98       8 e: 1125.0 r: 1212.5   
Australia=Deaths i: 110  53  41  5/12/2020 p:      98       8 e: 1125.0 r: 1225.0   
Australia=Deaths i: 111  54  42          . p:      98       8 e: 1125.0 r: 1225.0   
Australia=Deaths i: 112  55  43  5/14/2020 p:      97       8 e: 1112.5 r: 1225.0   
Australia=Deaths i: 113  56  44          . p:      96       8 e: 1100.0 r: 1225.0   
Australia=Deaths i: 114  57  45  5/16/2020 p:      96       8 e: 1100.0 r: 1225.0   
Australia=Deaths i: 115  58  46          . p:     107       8 e: 1237.5 r: 1237.5   
Australia=Deaths i: 116  59  47  5/18/2020 p:     103       8 e: 1187.5 r: 1237.5   
Australia=Deaths i: 117  60  48          . p:     103       8 e: 1187.5 r: 1250.0   
Australia=Deaths i: 118  61  49  5/20/2020 p:     103       8 e: 1187.5 r: 1250.0   
Australia=Deaths i: 119  62  50          . p:     103       8 e: 1187.5 r: 1262.5   
Australia=Deaths i: 120  63  51  5/22/2020 p:     103       8 e: 1187.5 r: 1262.5   
Australia=Deaths i: 121  64  52          . p:     103       8 e: 1187.5 r: 1275.0   
Australia=Deaths i: 122  65  53  5/24/2020 p:     103       8 e: 1187.5 r: 1275.0   
Australia=Deaths i: 123  66  54          . p:     103       8 e: 1187.5 r: 1275.0   
Australia=Deaths i: 124  67  55  5/26/2020 p:     103       8 e: 1187.5 r: 1287.5   
Australia=Deaths i: 125  68  56          . p:     107       8 e: 1237.5 r: 1287.5   
Australia=Deaths i: 126  69  57  5/28/2020 p:     107       8 e: 1237.5 r: 1287.5   
Australia=Deaths i: 127  70  58          . p:     103       8 e: 1187.5 r: 1287.5   
Australia=Deaths i: 128  71  59  5/30/2020 p:     103       8 e: 1187.5 r: 1287.5   
Australia=Deaths i: 129  72  60          . p:     103       8 e: 1187.5 r: 1287.5   
Australia=Deaths i: 130  73  61   6/1/2020 p:     103       8 e: 1187.5 r: 1275.0   
Australia=Deaths i: 131  74  62          . p:     103       8 e: 1187.5 r: 1275.0   
Australia=Deaths i: 132  75  63   6/3/2020 p:     103       8 e: 1187.5 r: 1275.0   
Australia=Deaths i: 133  76  64          . p:     103       8 e: 1187.5 r: 1275.0   
Australia=Deaths i: 134  77  65   6/5/2020 p:     103       8 e: 1187.5 r: 1275.0   
Australia=Deaths i: 135  78  66          . p:     103       8 e: 1187.5 r: 1275.0   
Australia=Deaths i: 136  79  67   6/7/2020 p:     103       8 e: 1187.5 r: 1275.0   
Australia=Deaths i: 137  80  68          . p:     103       8 e: 1187.5 r: 1275.0   
Australia=Deaths i: 138  81  69   6/9/2020 p:     103       8 e: 1187.5 r: 1275.0   
Australia=Deaths i: 206 149 137          . p:       0       8 e: -100.0 r:  25.0   
Australia=Deaths i: 207 150 138  3/31/2020 p:       0       8 e: -100.0 r:  25.0   
Australia=Deaths i: 208 151 139          . p:       0       8 e: -100.0 r:  25.0   
Australia=Deaths i: 209 152 140   4/2/2020 p:       0       8 e: -100.0 r:  25.0   
Australia=Deaths i: 210 153 141          . p:       0       8 e: -100.0 r:  25.0   
Australia=Deaths i: 211 154 142   4/4/2020 p:       0       8 e: -100.0 r:  25.0   
Australia=Deaths i: 212 155 143          . p:       8       8 e:   0.0 r:  37.5 OK
Australia=Deaths i: 214 157 145          . p:       0       8 e: -100.0 r:  50.0   
Australia=Deaths i: 216 159 147          . p:      16       8 e: 100.0 r:  75.0   
Australia=Deaths i: 217 160 148  4/10/2020 p:      10       8 e:  25.0 r:  75.0   
Australia=Deaths i: 218 161 149          . p:      10       8 e:  25.0 r:  75.0   
Australia=Deaths i: 219 162 150  4/12/2020 p:       8       8 e:   0.0 r:  75.0 OK
Australia=Deaths i: 220 163 151          . p:       7       8 e: -12.5 r:  75.0 OK
Australia=Deaths i: 221 164 152  4/14/2020 p:       9       8 e:  12.5 r:  75.0 OK
Australia=Deaths i: 222 165 153          . p:       8       8 e:   0.0 r:  75.0 OK
Australia=Deaths i: 223 166 154  4/16/2020 p:       7       8 e: -12.5 r:  75.0 OK
Australia=Deaths i: 224 167 155          . p:       7       8 e: -12.5 r:  87.5 OK
Australia=Deaths i: 225 168 156  4/18/2020 p:       7       8 e: -12.5 r:  87.5 OK
Australia=Deaths i: 226 169 157          . p:       7       8 e: -12.5 r:  87.5 OK
Australia=Deaths i: 227 170 158  4/20/2020 p:       7       8 e: -12.5 r:  87.5 OK
Australia=Deaths i: 228 171 159          . p:       7       8 e: -12.5 r:  87.5 OK
Australia=Deaths i: 229 172 160  4/22/2020 p:       7       8 e: -12.5 r:  87.5 OK
Australia=Deaths i: 230 173 161          . p:       7       8 e: -12.5 r:  87.5 OK
Australia=Deaths i: 231 174 162  4/24/2020 p:       9       8 e:  12.5 r: 100.0 OK
Australia=Deaths i: 232 175 163          . p:       9       8 e:  12.5 r: 100.0 OK
Australia=Deaths i: 233 176 164  4/26/2020 p:       9       8 e:  12.5 r: 100.0 OK
Australia=Deaths i: 234 177 165          . p:       9       8 e:  12.5 r: 100.0 OK
Australia=Deaths i: 235 178 166  4/28/2020 p:       9       8 e:  12.5 r: 100.0 OK
Australia=Deaths i: 236 179 167          . p:       9       8 e:  12.5 r: 100.0 OK
Australia=Deaths i: 237 180 168  4/30/2020 p:       8       8 e:   0.0 r: 100.0 OK
Australia=Deaths i: 238 181 169          . p:       8       8 e:   0.0 r: 100.0 OK
Australia=Deaths i: 239 182 170   5/2/2020 p:       8       8 e:   0.0 r: 100.0 OK
Australia=Deaths i: 240 183 171          . p:      10       8 e:  25.0 r: 112.5   
Australia=Deaths i: 241 184 172   5/4/2020 p:      10       8 e:  25.0 r: 112.5   
Australia=Deaths i: 242 185 173          . p:      10       8 e:  25.0 r: 112.5   
Australia=Deaths i: 243 186 174   5/6/2020 p:      10       8 e:  25.0 r: 112.5   
Australia=Deaths i: 244 187 175          . p:      10       8 e:  25.0 r: 112.5   
Australia=Deaths i: 245 188 176   5/8/2020 p:      10       8 e:  25.0 r: 112.5   
Australia=Deaths i: 246 189 177          . p:      10       8 e:  25.0 r: 112.5   
Australia=Deaths i: 247 190 178  5/10/2020 p:       9       8 e:  12.5 r: 112.5 OK
Australia=Deaths i: 248 191 179          . p:       9       8 e:  12.5 r: 112.5 OK
Australia=Deaths i: 249 192 180  5/12/2020 p:      10       8 e:  25.0 r: 112.5   
Australia=Deaths i: 250 193 181          . p:      10       8 e:  25.0 r: 112.5   
Australia=Deaths i: 251 194 182  5/14/2020 p:       9       8 e:  12.5 r: 112.5 OK
Australia=Deaths i: 252 195 183          . p:       9       8 e:  12.5 r: 112.5 OK
Australia=Deaths i: 253 196 184  5/16/2020 p:       9       8 e:  12.5 r: 112.5 OK
Australia=Deaths i: 254 197 185          . p:       9       8 e:  12.5 r: 112.5 OK
Australia=Deaths i: 255 198 186  5/18/2020 p:       9       8 e:  12.5 r: 112.5 OK
Australia=Deaths i: 256 199 187          . p:       9       8 e:  12.5 r: 112.5 OK
Australia=Deaths i: 257 200 188  5/20/2020 p:       8       8 e:   0.0 r: 112.5 OK
Australia=Deaths i: 258 201 189          . p:       8       8 e:   0.0 r: 112.5 OK
Australia=Deaths i: 259 202 190  5/22/2020 p:       8       8 e:   0.0 r: 112.5 OK
Australia=Deaths i: 260 203 191          . p:       8       8 e:   0.0 r: 112.5 OK
Australia=Deaths i: 261 204 192  5/24/2020 p:       9       8 e:  12.5 r: 112.5 OK
Australia=Deaths i: 262 205 193          . p:       9       8 e:  12.5 r: 112.5 OK
Australia=Deaths i: 263 206 194  5/26/2020 p:       9       8 e:  12.5 r: 112.5 OK
Australia=Deaths i: 264 207 195          . p:       9       8 e:  12.5 r: 112.5 OK
Australia=Deaths i: 265 208 196  5/28/2020 p:       9       8 e:  12.5 r: 112.5 OK
Australia=Deaths i: 266 209 197          . p:       9       8 e:  12.5 r: 112.5 OK
Australia=Deaths i: 267 210 198  5/30/2020 p:       9       8 e:  12.5 r: 112.5 OK
Australia=Deaths i: 268 211 199          . p:       9       8 e:  12.5 r: 112.5 OK
Australia=Deaths i: 269 212 200   6/1/2020 p:       9       8 e:  12.5 r: 112.5 OK
Australia=Deaths i: 270 213 201          . p:       9       8 e:  12.5 r: 112.5 OK
Australia=Deaths i: 271 214 202   6/3/2020 p:       9       8 e:  12.5 r: 112.5 OK
Australia=Deaths i: 272 215 203          . p:       9       8 e:  12.5 r: 112.5 OK
Australia=Deaths i: 273 216 204   6/5/2020 p:       9       8 e:  12.5 r: 112.5 OK
Australia=Deaths i: 274 217 205          . p:       9       8 e:  12.5 r: 112.5 OK
Australia=Deaths i: 275 218 206   6/7/2020 p:       9       8 e:  12.5 r: 112.5 OK
Australia=Deaths i: 276 219 207          . p:       9       8 e:  12.5 r: 112.5 OK
Australia=Deaths i: 277 220 208   6/9/2020 p:       9       8 e:  12.5 r: 112.5 OK
Australia=Deaths i: 359 302 290          . p:       4       8 e: -50.0 r:  50.0   
