
  # Process COVID TAB data
p1= 283 il= 138
p1= 283 il= 137
p1= 274 il= 136
p1= 274 il= 135
p1= 274 il= 134
US_New_York_Monroe=Deaths nl = 139, n1= 5 s1= 277.6 s2= 77081.2 SD= 4.40908153700833 frac%= 1.58828585627101
US_New_York_Monroe=Deaths i:  63  63 -10          . p:       4     277 e: -98.6 r:   1.4   
US_New_York_Monroe=Deaths i:  64  64  -9  3/27/2020 p:       4     277 e: -98.6 r:   1.4   
US_New_York_Monroe=Deaths i:  65  65  -8          . p:       6     277 e: -97.8 r:   1.8   
US_New_York_Monroe=Deaths i:  66  66  -7  3/29/2020 p:       6     277 e: -97.8 r:   1.8   
US_New_York_Monroe=Deaths i:  67  67  -6          . p:       8     277 e: -97.1 r:   2.2   
US_New_York_Monroe=Deaths i:  68  68  -5  3/31/2020 p:      30     277 e: -89.2 r:   2.9   
US_New_York_Monroe=Deaths i:  69  69  -4          . p:      30     277 e: -89.2 r:   3.2   
US_New_York_Monroe=Deaths i:  70  70  -3   4/2/2020 p:      21     277 e: -92.4 r:   3.2   
US_New_York_Monroe=Deaths i:  71  71  -2          . p:      13     277 e: -95.3 r:   3.6   
US_New_York_Monroe=Deaths i:  72  72  -1   4/4/2020 p:      56     277 e: -79.8 r:   5.0   
US_New_York_Monroe=Deaths i:  73  73   0          . p:     588     277 e: 111.8 r:   6.8   
US_New_York_Monroe=Deaths i:  76  76   3   4/8/2020 p:      47     277 e: -83.1 r:  12.2   
US_New_York_Monroe=Deaths i:  77  77   4          . p:      65     277 e: -76.6 r:  14.4   
US_New_York_Monroe=Deaths i:  78  78   5  4/10/2020 p:      56     277 e: -79.8 r:  14.4   
US_New_York_Monroe=Deaths i:  79  79   6          . p:      47     277 e: -83.1 r:  14.4   
US_New_York_Monroe=Deaths i:  80  80   7  4/12/2020 p:      47     277 e: -83.1 r:  14.4   
US_New_York_Monroe=Deaths i:  81  81   8          . p:      74     277 e: -73.3 r:  18.0   
US_New_York_Monroe=Deaths i:  82  82   9  4/14/2020 p:      82     277 e: -70.5 r:  20.2   
US_New_York_Monroe=Deaths i:  83  83  10          . p:      74     277 e: -73.3 r:  20.2   
US_New_York_Monroe=Deaths i:  84  84  11  4/16/2020 p:      91     277 e: -67.2 r:  22.3   
US_New_York_Monroe=Deaths i:  85  85  12          . p:      82     277 e: -70.5 r:  22.3   
US_New_York_Monroe=Deaths i:  86  86  13  4/18/2020 p:      65     277 e: -76.6 r:  22.3   
US_New_York_Monroe=Deaths i:  87  87  14          . p:      82     277 e: -70.5 r:  24.5   
US_New_York_Monroe=Deaths i:  88  88  15  4/20/2020 p:      91     277 e: -67.2 r:  25.6   
US_New_York_Monroe=Deaths i:  89  89  16          . p:     117     277 e: -57.9 r:  29.2   
US_New_York_Monroe=Deaths i:  90  90  17  4/22/2020 p:     117     277 e: -57.9 r:  29.2   
US_New_York_Monroe=Deaths i:  91  91  18          . p:     135     277 e: -51.4 r:  32.8   
US_New_York_Monroe=Deaths i:  92  92  19  4/24/2020 p:     152     277 e: -45.2 r:  34.6   
US_New_York_Monroe=Deaths i:  93  93  20          . p:     152     277 e: -45.2 r:  34.6   
US_New_York_Monroe=Deaths i:  94  94  21  4/26/2020 p:     169     277 e: -39.1 r:  38.2   
US_New_York_Monroe=Deaths i:  95  95  22          . p:     169     277 e: -39.1 r:  38.9   
US_New_York_Monroe=Deaths i:  96  96  23  4/28/2020 p:     169     277 e: -39.1 r:  38.9   
US_New_York_Monroe=Deaths i:  97  97  24          . p:     169     277 e: -39.1 r:  40.7   
US_New_York_Monroe=Deaths i:  98  98  25  4/30/2020 p:     170     277 e: -38.8 r:  41.4   
US_New_York_Monroe=Deaths i:  99  99  26          . p:     169     277 e: -39.1 r:  43.6   
US_New_York_Monroe=Deaths i: 100 100  27   5/2/2020 p:     143     277 e: -48.5 r:  43.6   
US_New_York_Monroe=Deaths i: 101 101  28          . p:     169     277 e: -39.1 r:  43.6   
US_New_York_Monroe=Deaths i: 102 102  29   5/4/2020 p:     169     277 e: -39.1 r:  46.1   
US_New_York_Monroe=Deaths i: 103 103  30          . p:     169     277 e: -39.1 r:  46.1   
US_New_York_Monroe=Deaths i: 104 104  31   5/6/2020 p:     178     277 e: -35.9 r:  49.4   
US_New_York_Monroe=Deaths i: 105 105  32          . p:     178     277 e: -35.9 r:  49.4   
US_New_York_Monroe=Deaths i: 106 106  33   5/8/2020 p:     187     277 e: -32.6 r:  51.5   
US_New_York_Monroe=Deaths i: 107 107  34          . p:     196     277 e: -29.4 r:  53.0   
US_New_York_Monroe=Deaths i: 108 108  35  5/10/2020 p:     196     277 e: -29.4 r:  53.0   
US_New_York_Monroe=Deaths i: 109 109  36          . p:     196     277 e: -29.4 r:  53.0   
US_New_York_Monroe=Deaths i: 110 110  37  5/12/2020 p:     196     277 e: -29.4 r:  56.2   
US_New_York_Monroe=Deaths i: 111 111  38          . p:     204     277 e: -26.5 r:  56.2   
US_New_York_Monroe=Deaths i: 112 112  39  5/14/2020 p:     204     277 e: -26.5 r:  58.7   
US_New_York_Monroe=Deaths i: 113 113  40          . p:     204     277 e: -26.5 r:  60.2   
US_New_York_Monroe=Deaths i: 114 114  41  5/16/2020 p:     213     277 e: -23.3 r:  60.2   
US_New_York_Monroe=Deaths i: 115 115  42          . p:     230     277 e: -17.1 r:  60.2   
US_New_York_Monroe=Deaths i: 116 116  43  5/18/2020 p:     209     277 e: -24.7 r:  60.2   
US_New_York_Monroe=Deaths i: 117 117  44          . p:     211     277 e: -24.0 r:  62.7   
US_New_York_Monroe=Deaths i: 118 118  45  5/20/2020 p:     213     277 e: -23.3 r:  62.7   
US_New_York_Monroe=Deaths i: 119 119  46          . p:     222     277 e: -20.0 r:  62.7   
US_New_York_Monroe=Deaths i: 120 120  47  5/22/2020 p:     213     277 e: -23.3 r:  62.7   
US_New_York_Monroe=Deaths i: 121 121  48          . p:     216     277 e: -22.2 r:  67.7   
US_New_York_Monroe=Deaths i: 122 122  49  5/24/2020 p:     222     277 e: -20.0 r:  67.7   
US_New_York_Monroe=Deaths i: 123 123  50          . p:     222     277 e: -20.0 r:  69.9   
US_New_York_Monroe=Deaths i: 124 124  51  5/26/2020 p:     230     277 e: -17.1 r:  69.9   
US_New_York_Monroe=Deaths i: 125 125  52          . p:     230     277 e: -17.1 r:  71.3   
US_New_York_Monroe=Deaths i: 126 126  53  5/28/2020 p:     230     277 e: -17.1 r:  71.3   
US_New_York_Monroe=Deaths i: 127   0  54          . p:     248     277 e: -10.7 r:  77.8 OK 1st
US_New_York_Monroe=Deaths i: 128   1  55  5/30/2020 p:     257     277 e:  -7.4 r:  77.8 OK
US_New_York_Monroe=Deaths i: 129   2  56          . p:     257     277 e:  -7.4 r:  77.8 OK
US_New_York_Monroe=Deaths i: 130   3  57   6/1/2020 p:     265     277 e:  -4.5 r:  77.8 OK
US_New_York_Monroe=Deaths i: 131   4  58          . p:     265     277 e:  -4.5 r:  77.8 OK
US_New_York_Monroe=Deaths i: 132   5  59   6/3/2020 p:     265     277 e:  -4.5 r:  77.8 OK
US_New_York_Monroe=Deaths i: 133   6  60          . p:     265     277 e:  -4.5 r:  82.9 OK
US_New_York_Monroe=Deaths i: 134   7  61   6/5/2020 p:     274     277 e:  -1.3 r:  82.9 OK
US_New_York_Monroe=Deaths i: 135   8  62          . p:     274     277 e:  -1.3 r:  82.9 OK
US_New_York_Monroe=Deaths i: 136   9  63   6/7/2020 p:     274     277 e:  -1.3 r:  85.0 OK
US_New_York_Monroe=Deaths i: 137  10  64          . p:     283     277 e:   1.9 r:  85.0 OK
US_New_York_Monroe=Deaths i: 138  11  65   6/9/2020 p:     283     277 e:   1.9 r:  85.0 OK
