
  # Process COVID TAB data
p1= 79 il= 138
p1= 79 il= 137
p1= 102 il= 136
p1= 110 il= 135
p1= 79 il= 134
US_Texas_Bexar=Deaths nl = 139, n1= 5 s1= 89.8 s2= 8245.4 SD= 13.466996695626 frac%= 14.9966555630579
US_Texas_Bexar=Deaths i:  65  65 -12          . p:      64      89 e: -28.7 r:   5.6   
US_Texas_Bexar=Deaths i:  66  66 -11  3/29/2020 p:       6      89 e: -93.3 r:   5.6   
US_Texas_Bexar=Deaths i:  67  67 -10          . p:       6      89 e: -93.3 r:   6.7   
US_Texas_Bexar=Deaths i:  68  68  -9  3/31/2020 p:       6      89 e: -93.3 r:   6.7   
US_Texas_Bexar=Deaths i:  70  70  -7   4/2/2020 p:      18      89 e: -80.0 r:  10.0   
US_Texas_Bexar=Deaths i:  71  71  -6          . p:      15      89 e: -83.3 r:  10.0   
US_Texas_Bexar=Deaths i:  72  72  -5   4/4/2020 p:      12      89 e: -86.6 r:  10.0   
US_Texas_Bexar=Deaths i:  73  73  -4          . p:      15      89 e: -83.3 r:  12.2   
US_Texas_Bexar=Deaths i:  74  74  -3   4/6/2020 p:      15      89 e: -83.3 r:  13.4   
US_Texas_Bexar=Deaths i:  75  75  -2          . p:      16      89 e: -82.2 r:  13.4   
US_Texas_Bexar=Deaths i:  78  78   1  4/10/2020 p:      33      89 e: -63.3 r:  24.5   
US_Texas_Bexar=Deaths i:  79  79   2          . p:      27      89 e: -69.9 r:  26.7   
US_Texas_Bexar=Deaths i:  80  80   3  4/12/2020 p:      36      89 e: -59.9 r:  30.1   
US_Texas_Bexar=Deaths i:  81  81   4          . p:      44      89 e: -51.0 r:  33.4   
US_Texas_Bexar=Deaths i:  82  82   5  4/14/2020 p:      53      89 e: -41.0 r:  36.7   
US_Texas_Bexar=Deaths i:  83  83   6          . p:      47      89 e: -47.7 r:  36.7   
US_Texas_Bexar=Deaths i:  84  84   7  4/16/2020 p:      53      89 e: -41.0 r:  41.2   
US_Texas_Bexar=Deaths i:  85  85   8          . p:      50      89 e: -44.3 r:  41.2   
US_Texas_Bexar=Deaths i:  86  86   9  4/18/2020 p:      44      89 e: -51.0 r:  41.2   
US_Texas_Bexar=Deaths i:  87  87  10          . p:      38      89 e: -57.7 r:  42.3   
US_Texas_Bexar=Deaths i:  88  88  11  4/20/2020 p:      40      89 e: -55.5 r:  43.4   
US_Texas_Bexar=Deaths i:  89  89  12          . p:      38      89 e: -57.7 r:  43.4   
US_Texas_Bexar=Deaths i:  90  90  13  4/22/2020 p:      38      89 e: -57.7 r:  43.4   
US_Texas_Bexar=Deaths i:  91  91  14          . p:      67      89 e: -25.4 r:  47.9   
US_Texas_Bexar=Deaths i:  92  92  15  4/24/2020 p:      50      89 e: -44.3 r:  47.9   
US_Texas_Bexar=Deaths i:  93  93  16          . p:      59      89 e: -34.3 r:  47.9   
US_Texas_Bexar=Deaths i:  94  94  17  4/26/2020 p:      47      89 e: -47.7 r:  47.9   
US_Texas_Bexar=Deaths i:  95  95  18          . p:      47      89 e: -47.7 r:  47.9   
US_Texas_Bexar=Deaths i:  96  96  19  4/28/2020 p:      50      89 e: -44.3 r:  49.0   
US_Texas_Bexar=Deaths i:  97  97  20          . p:      46      89 e: -48.8 r:  49.0   
US_Texas_Bexar=Deaths i:  98  98  21  4/30/2020 p:      53      89 e: -41.0 r:  53.5   
US_Texas_Bexar=Deaths i:  99  99  22          . p:      53      89 e: -41.0 r:  53.5   
US_Texas_Bexar=Deaths i: 100 100  23   5/2/2020 p:      53      89 e: -41.0 r:  53.5   
US_Texas_Bexar=Deaths i: 101 101  24          . p:      53      89 e: -41.0 r:  53.5   
US_Texas_Bexar=Deaths i: 102 102  25   5/4/2020 p:      53      89 e: -41.0 r:  53.5   
US_Texas_Bexar=Deaths i: 103 103  26          . p:      53      89 e: -41.0 r:  53.5   
US_Texas_Bexar=Deaths i: 104 104  27   5/6/2020 p:      53      89 e: -41.0 r:  53.5   
US_Texas_Bexar=Deaths i: 105   0  28          . p:     102      89 e:  13.6 r:  59.0 OK 1st
US_Texas_Bexar=Deaths i: 106   1  29   5/8/2020 p:      93      89 e:   3.6 r:  60.1 OK
US_Texas_Bexar=Deaths i: 107   2  30          . p:      53      89 e: -41.0 r:  60.1   
US_Texas_Bexar=Deaths i: 108   3  31  5/10/2020 p:      59      89 e: -34.3 r:  62.4   
US_Texas_Bexar=Deaths i: 109   4  32          . p:      56      89 e: -37.6 r:  62.4   
US_Texas_Bexar=Deaths i: 110   5  33  5/12/2020 p:      56      89 e: -37.6 r:  62.4   
US_Texas_Bexar=Deaths i: 111   6  34          . p:      59      89 e: -34.3 r:  63.5   
US_Texas_Bexar=Deaths i: 112   7  35  5/14/2020 p:      59      89 e: -34.3 r:  64.6   
US_Texas_Bexar=Deaths i: 113   8  36          . p:      59      89 e: -34.3 r:  64.6   
US_Texas_Bexar=Deaths i: 114   9  37  5/16/2020 p:     102      89 e:  13.6 r:  69.0 OK
US_Texas_Bexar=Deaths i: 115  10  38          . p:     108      89 e:  20.3 r:  69.0   
US_Texas_Bexar=Deaths i: 116  11  39  5/18/2020 p:      90      89 e:   0.2 r:  69.0 OK
US_Texas_Bexar=Deaths i: 117  12  40          . p:     148      89 e:  64.8 r:  69.0   
US_Texas_Bexar=Deaths i: 118  13  41  5/20/2020 p:      93      89 e:   3.6 r:  69.0 OK
US_Texas_Bexar=Deaths i: 119  14  42          . p:      61      89 e: -32.1 r:  70.2   
US_Texas_Bexar=Deaths i: 120  15  43  5/22/2020 p:      69      89 e: -23.2 r:  71.3   
US_Texas_Bexar=Deaths i: 121  16  44          . p:      79      89 e: -12.0 r:  73.5 OK
US_Texas_Bexar=Deaths i: 122  17  45  5/24/2020 p:      79      89 e: -12.0 r:  73.5 OK
US_Texas_Bexar=Deaths i: 123  18  46          . p:      76      89 e: -15.4 r:  73.5   
US_Texas_Bexar=Deaths i: 124  19  47  5/26/2020 p:      87      89 e:  -3.1 r:  76.8 OK
US_Texas_Bexar=Deaths i: 125  20  48          . p:      87      89 e:  -3.1 r:  76.8 OK
US_Texas_Bexar=Deaths i: 126  21  49  5/28/2020 p:      99      89 e:  10.2 r:  79.1 OK
US_Texas_Bexar=Deaths i: 127  22  50          . p:     102      89 e:  13.6 r:  79.1 OK
US_Texas_Bexar=Deaths i: 128  23  51  5/30/2020 p:      73      89 e: -18.7 r:  80.2   
US_Texas_Bexar=Deaths i: 129  24  52          . p:      76      89 e: -15.4 r:  81.3   
US_Texas_Bexar=Deaths i: 130  25  53   6/1/2020 p:      79      89 e: -12.0 r:  82.4 OK
US_Texas_Bexar=Deaths i: 131  26  54          . p:      90      89 e:   0.2 r:  83.5 OK
US_Texas_Bexar=Deaths i: 132  27  55   6/3/2020 p:     116      89 e:  29.2 r:  83.5   
US_Texas_Bexar=Deaths i: 133  28  56          . p:      79      89 e: -12.0 r:  83.5 OK
US_Texas_Bexar=Deaths i: 134  29  57   6/5/2020 p:      79      89 e: -12.0 r:  86.9 OK
US_Texas_Bexar=Deaths i: 135  30  58          . p:     110      89 e:  22.5 r:  86.9   
US_Texas_Bexar=Deaths i: 136  31  59   6/7/2020 p:     102      89 e:  13.6 r:  86.9 OK
US_Texas_Bexar=Deaths i: 137  32  60          . p:      79      89 e: -12.0 r:  86.9 OK
US_Texas_Bexar=Deaths i: 138  33  61   6/9/2020 p:      79      89 e: -12.0 r:  86.9 OK
