
  # Process COVID TAB data
p1= 534 il= 138
p1= 534 il= 137
p1= 534 il= 136
p1= 534 il= 135
p1= 534 il= 134
Italy_Puglia=Deaths nl = 139, n1= 5 s1= 534 s2= 285156 SD= 0 frac%= 0
Italy_Puglia=Deaths i:  48  48  -7  3/11/2020 p:      14     534 e: -97.4 r:   0.9   
Italy_Puglia=Deaths i:  49  49  -6          . p:       9     534 e: -98.3 r:   0.9   
Italy_Puglia=Deaths i:  50  50  -5  3/13/2020 p:       8     534 e: -98.5 r:   0.9   
Italy_Puglia=Deaths i:  51  51  -4          . p:      29     534 e: -94.6 r:   1.5   
Italy_Puglia=Deaths i:  54  54  -1  3/17/2020 p:       9     534 e: -98.3 r:   3.4   
Italy_Puglia=Deaths i:  55  55   0          . p:       9     534 e: -98.3 r:   3.6   
Italy_Puglia=Deaths i:  56  56   1  3/19/2020 p:      48     534 e: -91.0 r:   4.7   
Italy_Puglia=Deaths i:  57  57   2          . p:      48     534 e: -91.0 r:   4.9   
Italy_Puglia=Deaths i:  58  58   3  3/21/2020 p:      29     534 e: -94.6 r:   5.4   
Italy_Puglia=Deaths i:  59  59   4          . p:      48     534 e: -91.0 r:   5.8   
Italy_Puglia=Deaths i:  60  60   5  3/23/2020 p:      68     534 e: -87.3 r:   6.9   
Italy_Puglia=Deaths i:  61  61   6          . p:      87     534 e: -83.7 r:   8.2   
Italy_Puglia=Deaths i:  62  62   7  3/25/2020 p:     106     534 e: -80.1 r:   9.0   
Italy_Puglia=Deaths i:  63   0   8          . p:     495     534 e:  -7.3 r:  12.2 OK 1st
Italy_Puglia=Deaths i:  64   1   9  3/27/2020 p:     378     534 e: -29.2 r:  12.9   
Italy_Puglia=Deaths i:  65   2  10          . p:      68     534 e: -87.3 r:  13.3   
Italy_Puglia=Deaths i:  66   3  11  3/29/2020 p:     262     534 e: -50.9 r:  16.1   
Italy_Puglia=Deaths i:  67   4  12          . p:     417     534 e: -21.9 r:  17.0   
Italy_Puglia=Deaths i:  68   5  13  3/31/2020 p:     748     534 e:  40.1 r:  20.6   
Italy_Puglia=Deaths i:  69   6  14          . p:    1039     534 e:  94.6 r:  24.2   
Italy_Puglia=Deaths i:  70   7  15   4/2/2020 p:    1447     534 e: 171.0 r:  27.0   
Italy_Puglia=Deaths i:  71   8  16          . p:       0     534 e: -100.0 r:  30.7   
Italy_Puglia=Deaths i:  72   9  17   4/4/2020 p:       0     534 e: -100.0 r:  32.4   
Italy_Puglia=Deaths i:  73  10  18          . p:       0     534 e: -100.0 r:  34.1   
Italy_Puglia=Deaths i:  74  11  19   4/6/2020 p:     242     534 e: -54.7 r:  36.5   
Italy_Puglia=Deaths i:  75  12  20          . p:     281     534 e: -47.4 r:  39.1   
Italy_Puglia=Deaths i:  76  13  21   4/8/2020 p:     301     534 e: -43.6 r:  41.0   
Italy_Puglia=Deaths i:  77  14  22          . p:     281     534 e: -47.4 r:  42.1   
Italy_Puglia=Deaths i:  78  15  23  4/10/2020 p:     295     534 e: -44.8 r:  44.6   
Italy_Puglia=Deaths i:  79  16  24          . p:     329     534 e: -38.4 r:  47.4   
Italy_Puglia=Deaths i:  80  17  25  4/12/2020 p:     340     534 e: -36.3 r:  48.7   
Italy_Puglia=Deaths i:  81  18  26          . p:     339     534 e: -36.5 r:  50.0   
Italy_Puglia=Deaths i:  82  19  27  4/14/2020 p:     347     534 e: -35.0 r:  52.1   
Italy_Puglia=Deaths i:  83  20  28          . p:     360     534 e: -32.6 r:  53.9   
Italy_Puglia=Deaths i:  84  21  29  4/16/2020 p:     398     534 e: -25.5 r:  56.0   
Italy_Puglia=Deaths i:  85  22  30          . p:     398     534 e: -25.5 r:  57.5   
Italy_Puglia=Deaths i:  86  23  31  4/18/2020 p:     464     534 e: -13.1 r:  58.8 OK
Italy_Puglia=Deaths i:  87  24  32          . p:     388     534 e: -27.3 r:  59.2   
Italy_Puglia=Deaths i:  88  25  33  4/20/2020 p:     394     534 e: -26.2 r:  61.0   
Italy_Puglia=Deaths i:  89  26  34          . p:     438     534 e: -18.0 r:  65.7   
Italy_Puglia=Deaths i:  90  27  35  4/22/2020 p:     456     534 e: -14.6 r:  67.8 OK
Italy_Puglia=Deaths i:  91  28  36          . p:     476     534 e: -10.9 r:  69.7 OK
Italy_Puglia=Deaths i:  92  29  37  4/24/2020 p:     495     534 e:  -7.3 r:  71.7 OK
Italy_Puglia=Deaths i:  93  30  38          . p:     514     534 e:  -3.7 r:  73.2 OK
Italy_Puglia=Deaths i:  94  31  39  4/26/2020 p:     534     534 e:   0.0 r:  74.7 OK
Italy_Puglia=Deaths i:  95  32  40          . p:     534     534 e:   0.0 r:  75.8 OK
Italy_Puglia=Deaths i:  96  33  41  4/28/2020 p:     555     534 e:   3.9 r:  76.2 OK
Italy_Puglia=Deaths i:  97  34  42          . p:     521     534 e:  -2.4 r:  76.8 OK
Italy_Puglia=Deaths i:  98  35  43  4/30/2020 p:     514     534 e:  -3.7 r:  77.7 OK
Italy_Puglia=Deaths i:  99  36  44          . p:     515     534 e:  -3.6 r:  78.8 OK
Italy_Puglia=Deaths i: 100  37  45   5/2/2020 p:     514     534 e:  -3.7 r:  79.0 OK
Italy_Puglia=Deaths i: 101  38  46          . p:     503     534 e:  -5.8 r:  79.4 OK
Italy_Puglia=Deaths i: 102  39  47   5/4/2020 p:     500     534 e:  -6.4 r:  80.3 OK
Italy_Puglia=Deaths i: 103  40  48          . p:     495     534 e:  -7.3 r:  81.1 OK
Italy_Puglia=Deaths i: 104  41  49   5/6/2020 p:     495     534 e:  -7.3 r:  82.0 OK
Italy_Puglia=Deaths i: 105  42  50          . p:     495     534 e:  -7.3 r:  82.6 OK
Italy_Puglia=Deaths i: 106  43  51   5/8/2020 p:     495     534 e:  -7.3 r:  83.0 OK
Italy_Puglia=Deaths i: 107  44  52          . p:     489     534 e:  -8.4 r:  83.0 OK
Italy_Puglia=Deaths i: 108  45  53  5/10/2020 p:     483     534 e:  -9.6 r:  83.9 OK
Italy_Puglia=Deaths i: 109  46  54          . p:     476     534 e: -10.9 r:  84.5 OK
Italy_Puglia=Deaths i: 110  47  55  5/12/2020 p:     476     534 e: -10.9 r:  85.4 OK
Italy_Puglia=Deaths i: 111  48  56          . p:     495     534 e:  -7.3 r:  86.1 OK
Italy_Puglia=Deaths i: 112  49  57  5/14/2020 p:     495     534 e:  -7.3 r:  86.3 OK
Italy_Puglia=Deaths i: 113  50  58          . p:     495     534 e:  -7.3 r:  86.3 OK
Italy_Puglia=Deaths i: 114  51  59  5/16/2020 p:     490     534 e:  -8.2 r:  86.7 OK
Italy_Puglia=Deaths i: 115  52  60          . p:     495     534 e:  -7.3 r:  88.0 OK
Italy_Puglia=Deaths i: 116  53  61  5/18/2020 p:     495     534 e:  -7.3 r:  88.2 OK
Italy_Puglia=Deaths i: 117  54  62          . p:     495     534 e:  -7.3 r:  88.6 OK
Italy_Puglia=Deaths i: 118  55  63  5/20/2020 p:     495     534 e:  -7.3 r:  89.5 OK
Italy_Puglia=Deaths i: 119  56  64          . p:     495     534 e:  -7.3 r:  89.5 OK
Italy_Puglia=Deaths i: 120  57  65  5/22/2020 p:     495     534 e:  -7.3 r:  90.3 OK
Italy_Puglia=Deaths i: 121  58  66          . p:     495     534 e:  -7.3 r:  91.0 OK
Italy_Puglia=Deaths i: 122  59  67  5/24/2020 p:     514     534 e:  -3.7 r:  91.2 OK
Italy_Puglia=Deaths i: 123  60  68          . p:     514     534 e:  -3.7 r:  91.9 OK
Italy_Puglia=Deaths i: 124  61  69  5/26/2020 p:     514     534 e:  -3.7 r:  92.5 OK
Italy_Puglia=Deaths i: 125  62  70          . p:     514     534 e:  -3.7 r:  92.7 OK
Italy_Puglia=Deaths i: 126  63  71  5/28/2020 p:     515     534 e:  -3.6 r:  92.9 OK
Italy_Puglia=Deaths i: 127  64  72          . p:     516     534 e:  -3.4 r:  93.6 OK
Italy_Puglia=Deaths i: 128  65  73  5/30/2020 p:     514     534 e:  -3.7 r:  93.6 OK
Italy_Puglia=Deaths i: 129  66  74          . p:     514     534 e:  -3.7 r:  94.4 OK
Italy_Puglia=Deaths i: 130  67  75   6/1/2020 p:     514     534 e:  -3.7 r:  94.8 OK
Italy_Puglia=Deaths i: 131  68  76          . p:     534     534 e:   0.0 r:  95.1 OK
Italy_Puglia=Deaths i: 132  69  77   6/3/2020 p:     534     534 e:   0.0 r:  95.7 OK
Italy_Puglia=Deaths i: 133  70  78          . p:     534     534 e:   0.0 r:  96.3 OK
Italy_Puglia=Deaths i: 134  71  79   6/5/2020 p:     534     534 e:   0.0 r:  97.6 OK
Italy_Puglia=Deaths i: 135  72  80          . p:     534     534 e:   0.0 r:  97.8 OK
Italy_Puglia=Deaths i: 136  73  81   6/7/2020 p:     534     534 e:   0.0 r:  98.3 OK
Italy_Puglia=Deaths i: 137  74  82          . p:     534     534 e:   0.0 r:  98.3 OK
Italy_Puglia=Deaths i: 138  75  83   6/9/2020 p:     534     534 e:   0.0 r:  98.5 OK
