
  # Process COVID TAB data
p1= 465 il= 138
p1= 464 il= 137
p1= 465 il= 136
p1= 465 il= 135
p1= 465 il= 134
US_California_Riverside=Deaths nl = 139, n1= 5 s1= 464.8 s2= 216039.2 SD= 0.400000000004366 frac%= 0.0860585197943988
US_California_Riverside=Deaths i:  61  61 -12          . p:      33     464 e: -92.9 r:   1.3   
US_California_Riverside=Deaths i:  62  62 -11  3/25/2020 p:       6     464 e: -98.7 r:   1.5   
US_California_Riverside=Deaths i:  63  63 -10          . p:      11     464 e: -97.6 r:   1.7   
US_California_Riverside=Deaths i:  64  64  -9  3/27/2020 p:       6     464 e: -98.7 r:   1.7   
US_California_Riverside=Deaths i:  65  65  -8          . p:       9     464 e: -98.1 r:   1.7   
US_California_Riverside=Deaths i:  66  66  -7  3/29/2020 p:       9     464 e: -98.1 r:   1.7   
US_California_Riverside=Deaths i:  67  67  -6          . p:       9     464 e: -98.1 r:   1.9   
US_California_Riverside=Deaths i:  70  70  -3   4/2/2020 p:      20     464 e: -95.7 r:   3.0   
US_California_Riverside=Deaths i:  71  71  -2          . p:      20     464 e: -95.7 r:   3.0   
US_California_Riverside=Deaths i:  72  72  -1   4/4/2020 p:      20     464 e: -95.7 r:   3.2   
US_California_Riverside=Deaths i:  73  73   0          . p:     559     464 e:  20.3 r:   4.1   
US_California_Riverside=Deaths i:  76  76   3   4/8/2020 p:     101     464 e: -78.3 r:   6.9   
US_California_Riverside=Deaths i:  77  77   4          . p:      33     464 e: -92.9 r:   7.1   
US_California_Riverside=Deaths i:  78  78   5  4/10/2020 p:      74     464 e: -84.1 r:   8.4   
US_California_Riverside=Deaths i:  79  79   6          . p:      60     464 e: -87.1 r:   8.8   
US_California_Riverside=Deaths i:  80  80   7  4/12/2020 p:      60     464 e: -87.1 r:   8.8   
US_California_Riverside=Deaths i:  81  81   8          . p:      47     464 e: -89.9 r:   8.8   
US_California_Riverside=Deaths i:  82  82   9  4/14/2020 p:      87     464 e: -81.3 r:  10.8   
US_California_Riverside=Deaths i:  83  83  10          . p:      74     464 e: -84.1 r:  10.8   
US_California_Riverside=Deaths i:  84  84  11  4/16/2020 p:      74     464 e: -84.1 r:  11.6   
US_California_Riverside=Deaths i:  85   0  12          . p:     411     464 e: -11.6 r:  14.8 OK 1st
US_California_Riverside=Deaths i:  86   1  13  4/18/2020 p:     424     464 e:  -8.8 r:  14.8 OK
US_California_Riverside=Deaths i:  87   2  14          . p:     330     464 e: -29.0 r:  16.1   
US_California_Riverside=Deaths i:  88   3  15  4/20/2020 p:     667     464 e:  43.5 r:  18.3   
US_California_Riverside=Deaths i:  89   4  16          . p:     586     464 e:  26.1 r:  18.3   
US_California_Riverside=Deaths i:  90   5  17  4/22/2020 p:     114     464 e: -75.5 r:  20.0   
US_California_Riverside=Deaths i:  91   6  18          . p:     141     464 e: -69.7 r:  21.5   
US_California_Riverside=Deaths i:  92   7  19  4/24/2020 p:     276     464 e: -40.6 r:  24.1   
US_California_Riverside=Deaths i:  93   8  20          . p:     222     464 e: -52.2 r:  24.1   
US_California_Riverside=Deaths i:  94   9  21  4/26/2020 p:     195     464 e: -58.0 r:  25.4   
US_California_Riverside=Deaths i:  95  10  22          . p:     842     464 e:  81.2 r:  30.3   
US_California_Riverside=Deaths i:  96  11  23  4/28/2020 p:       0     464 e: -100.0 r:  30.3   
US_California_Riverside=Deaths i:  97  12  24          . p:     694     464 e:  49.3 r:  30.8   
US_California_Riverside=Deaths i:  98  13  25  4/30/2020 p:     155     464 e: -66.7 r:  32.1   
US_California_Riverside=Deaths i:  99  14  26          . p:     168     464 e: -63.9 r:  33.6   
US_California_Riverside=Deaths i: 100  15  27   5/2/2020 p:     168     464 e: -63.9 r:  33.6   
US_California_Riverside=Deaths i: 101  16  28          . p:     168     464 e: -63.9 r:  34.6   
US_California_Riverside=Deaths i: 102  17  29   5/4/2020 p:     343     464 e: -26.2 r:  38.9   
US_California_Riverside=Deaths i: 103  18  30          . p:     357     464 e: -23.2 r:  39.6   
US_California_Riverside=Deaths i: 104  19  31   5/6/2020 p:     330     464 e: -29.0 r:  40.0   
US_California_Riverside=Deaths i: 105  20  32          . p:     316     464 e: -32.0 r:  41.3   
US_California_Riverside=Deaths i: 106  21  33   5/8/2020 p:     276     464 e: -40.6 r:  41.3   
US_California_Riverside=Deaths i: 107  22  34          . p:     303     464 e: -34.8 r:  43.9   
US_California_Riverside=Deaths i: 108  23  35  5/10/2020 p:     276     464 e: -40.6 r:  43.9   
US_California_Riverside=Deaths i: 109  24  36          . p:     316     464 e: -32.0 r:  46.7   
US_California_Riverside=Deaths i: 110  25  37  5/12/2020 p:     343     464 e: -26.2 r:  48.4   
US_California_Riverside=Deaths i: 111  26  38          . p:     343     464 e: -26.2 r:  48.4   
US_California_Riverside=Deaths i: 112  27  39  5/14/2020 p:     357     464 e: -23.2 r:  50.6   
US_California_Riverside=Deaths i: 113  28  40          . p:     411     464 e: -11.6 r:  52.1 OK
US_California_Riverside=Deaths i: 114  29  41  5/16/2020 p:     357     464 e: -23.2 r:  52.1   
US_California_Riverside=Deaths i: 115  30  42          . p:     357     464 e: -23.2 r:  52.1   
US_California_Riverside=Deaths i: 116  31  43  5/18/2020 p:     384     464 e: -17.4 r:  56.2   
US_California_Riverside=Deaths i: 117  32  44          . p:     424     464 e:  -8.8 r:  58.1 OK
US_California_Riverside=Deaths i: 118  33  45  5/20/2020 p:     424     464 e:  -8.8 r:  58.1 OK
US_California_Riverside=Deaths i: 119  34  46          . p:     438     464 e:  -5.8 r:  61.1 OK
US_California_Riverside=Deaths i: 120  35  47  5/22/2020 p:     465     464 e:   0.0 r:  62.4 OK
US_California_Riverside=Deaths i: 121  36  48          . p:     451     464 e:  -3.0 r:  62.4 OK
US_California_Riverside=Deaths i: 122  37  49  5/24/2020 p:     438     464 e:  -5.8 r:  62.4 OK
US_California_Riverside=Deaths i: 123  38  50          . p:     443     464 e:  -4.7 r:  62.8 OK
US_California_Riverside=Deaths i: 124  39  51  5/26/2020 p:     450     464 e:  -3.2 r:  65.2 OK
US_California_Riverside=Deaths i: 125  40  52          . p:     438     464 e:  -5.8 r:  65.2 OK
US_California_Riverside=Deaths i: 126  41  53  5/28/2020 p:     438     464 e:  -5.8 r:  67.3 OK
US_California_Riverside=Deaths i: 127  42  54          . p:     451     464 e:  -3.0 r:  69.5 OK
US_California_Riverside=Deaths i: 128  43  55  5/30/2020 p:     451     464 e:  -3.0 r:  69.5 OK
US_California_Riverside=Deaths i: 129  44  56          . p:     451     464 e:  -3.0 r:  69.5 OK
US_California_Riverside=Deaths i: 130  45  57   6/1/2020 p:     451     464 e:  -3.0 r:  71.2 OK
US_California_Riverside=Deaths i: 131  46  58          . p:     465     464 e:   0.0 r:  73.6 OK
US_California_Riverside=Deaths i: 132  47  59   6/3/2020 p:     465     464 e:   0.0 r:  73.6 OK
US_California_Riverside=Deaths i: 133  48  60          . p:     465     464 e:   0.0 r:  74.2 OK
US_California_Riverside=Deaths i: 134  49  61   6/5/2020 p:     465     464 e:   0.0 r:  76.4 OK
US_California_Riverside=Deaths i: 135  50  62          . p:     465     464 e:   0.0 r:  76.4 OK
US_California_Riverside=Deaths i: 136  51  63   6/7/2020 p:     465     464 e:   0.0 r:  76.4 OK
US_California_Riverside=Deaths i: 137  52  64          . p:     464     464 e:  -0.2 r:  76.6 OK
US_California_Riverside=Deaths i: 138  53  65   6/9/2020 p:     465     464 e:   0.0 r:  78.5 OK
