
  # Process COVID TAB data
p1= 211239 il= 138
p1= 230738 il= 137
p1= 230738 il= 136
p1= 224238 il= 135
p1= 217738 il= 134
Iran=Confirmed nl = 139, n1= 5 s1= 222938.2 s2= 49758896339.4 SD= 7579.92877011361 frac%= 3.40001344323835
Iran=Confirmed i:  34  34   1  2/26/2020 p:    3249  222938 e: -98.5 r:   0.1   
Iran=Confirmed i:  35  35   2          . p:    3249  222938 e: -98.5 r:   0.1   
Iran=Confirmed i:  36  36   3  2/28/2020 p:    9749  222938 e: -95.6 r:   0.2   
Iran=Confirmed i:  37  37   4          . p:   29248  222938 e: -86.9 r:   0.3   
Iran=Confirmed i:  38  38   5   3/1/2020 p:  139742  222938 e: -37.3 r:   0.4   
Iran=Confirmed i:  39  39   6          . p:       0  222938 e: -100.0 r:   0.7   
Iran=Confirmed i:  41  41   8          . p:   48747  222938 e: -78.1 r:   1.3   
Iran=Confirmed i:  42  42   9   3/5/2020 p:    9749  222938 e: -95.6 r:   1.6   
Iran=Confirmed i:  43  43  10          . p:   16249  222938 e: -92.7 r:   2.1   
Iran=Confirmed i:  44  44  11   3/7/2020 p:   16249  222938 e: -92.7 r:   2.6   
Iran=Confirmed i:  45  45  12          . p:   15577  222938 e: -93.0 r:   2.9   
Iran=Confirmed i:  46  46  13   3/9/2020 p:    9245  222938 e: -95.9 r:   3.2   
Iran=Confirmed i:  47  47  14          . p:   13053  222938 e: -94.1 r:   3.6   
Iran=Confirmed i:  48  48  15  3/11/2020 p:   14164  222938 e: -93.6 r:   4.0   
Iran=Confirmed i:  49  49  16          . p:   16249  222938 e: -92.7 r:   4.5   
Iran=Confirmed i:  50  50  17  3/13/2020 p:   22748  222938 e: -89.8 r:   5.1   
Iran=Confirmed i:  51  51  18          . p:   22748  222938 e: -89.8 r:   5.7   
Iran=Confirmed i:  52  52  19  3/15/2020 p:   22748  222938 e: -89.8 r:   6.3   
Iran=Confirmed i:  53  53  20          . p:   22748  222938 e: -89.8 r:   6.7   
Iran=Confirmed i:  54  54  21  3/17/2020 p:   26587  222938 e: -88.1 r:   7.3   
Iran=Confirmed i:  55  55  22          . p:   27208  222938 e: -87.8 r:   7.8   
Iran=Confirmed i:  56  56  23  3/19/2020 p:   28106  222938 e: -87.4 r:   8.3   
Iran=Confirmed i:  57  57  24          . p:   29409  222938 e: -86.8 r:   8.8   
Iran=Confirmed i:  58  58  25  3/21/2020 p:   30260  222938 e: -86.4 r:   9.2   
Iran=Confirmed i:  59  59  26          . p:   38394  222938 e: -82.8 r:   9.7   
Iran=Confirmed i:  60  60  27  3/23/2020 p:   32840  222938 e: -85.3 r:  10.3   
Iran=Confirmed i:  61  61  28          . p:   35748  222938 e: -84.0 r:  11.1   
Iran=Confirmed i:  62  62  29  3/25/2020 p:   35748  222938 e: -84.0 r:  12.1   
Iran=Confirmed i:  63  63  30          . p:   42247  222938 e: -81.0 r:  13.2   
Iran=Confirmed i:  64  64  31  3/27/2020 p:   48747  222938 e: -78.1 r:  14.5   
Iran=Confirmed i:  65  65  32          . p:   55247  222938 e: -75.2 r:  15.9   
Iran=Confirmed i:  66  66  33  3/29/2020 p:   61746  222938 e: -72.3 r:  17.2   
Iran=Confirmed i:  67  67  34          . p:   68246  222938 e: -69.4 r:  18.6   
Iran=Confirmed i:  68  68  35  3/31/2020 p:   74746  222938 e: -66.5 r:  20.0   
Iran=Confirmed i:  69  69  36          . p:   81245  222938 e: -63.6 r:  21.3   
Iran=Confirmed i:  70  70  37   4/2/2020 p:   87745  222938 e: -60.6 r:  22.6   
Iran=Confirmed i:  71  71  38          . p:   87745  222938 e: -60.6 r:  23.9   
Iran=Confirmed i:  72  72  39   4/4/2020 p:   94245  222938 e: -57.7 r:  25.0   
Iran=Confirmed i:  73  73  40          . p:   87745  222938 e: -60.6 r:  26.1   
Iran=Confirmed i:  74  74  41   4/6/2020 p:   87745  222938 e: -60.6 r:  27.1   
Iran=Confirmed i:  75  75  42          . p:   87745  222938 e: -60.6 r:  28.1   
Iran=Confirmed i:  76  76  43   4/8/2020 p:   87745  222938 e: -60.6 r:  29.0   
Iran=Confirmed i:  77  77  44          . p:   81245  222938 e: -63.6 r:  29.7   
Iran=Confirmed i:  78  78  45  4/10/2020 p:   87260  222938 e: -60.9 r:  30.6   
Iran=Confirmed i:  79  79  46          . p:   87751  222938 e: -60.6 r:  31.4   
Iran=Confirmed i:  80  80  47  4/12/2020 p:   88764  222938 e: -60.2 r:  32.2   
Iran=Confirmed i:  81  81  48          . p:   89467  222938 e: -59.9 r:  32.9   
Iran=Confirmed i:  82  82  49  4/14/2020 p:   90454  222938 e: -59.4 r:  33.6   
Iran=Confirmed i:  83  83  50          . p:   91569  222938 e: -58.9 r:  34.3   
Iran=Confirmed i:  84  84  51  4/16/2020 p:   92908  222938 e: -58.3 r:  35.0   
Iran=Confirmed i:  85  85  52          . p:   94852  222938 e: -57.5 r:  35.7   
Iran=Confirmed i:  86  86  53  4/18/2020 p:   95391  222938 e: -57.2 r:  36.3   
Iran=Confirmed i:  87  87  54          . p:   96383  222938 e: -56.8 r:  36.9   
Iran=Confirmed i:  88  88  55  4/20/2020 p:   97495  222938 e: -56.3 r:  37.5   
Iran=Confirmed i:  89  89  56          . p:   98374  222938 e: -55.9 r:  38.0   
Iran=Confirmed i:  90  90  57  4/22/2020 p:  111105  222938 e: -50.2 r:  38.6   
Iran=Confirmed i:  91  91  58          . p:  110822  222938 e: -50.3 r:  39.0   
Iran=Confirmed i:  92  92  59  4/24/2020 p:  110026  222938 e: -50.6 r:  39.6   
Iran=Confirmed i:  93  93  60          . p:  110772  222938 e: -50.3 r:  40.1   
Iran=Confirmed i:  94  94  61  4/26/2020 p:  111320  222938 e: -50.1 r:  40.6   
Iran=Confirmed i:  95  95  62          . p:  113419  222938 e: -49.1 r:  41.0   
Iran=Confirmed i:  96  96  63  4/28/2020 p:  114294  222938 e: -48.7 r:  41.5   
Iran=Confirmed i:  97  97  64          . p:  104410  222938 e: -53.2 r:  42.0   
Iran=Confirmed i:  98  98  65  4/30/2020 p:  105839  222938 e: -52.5 r:  42.5   
Iran=Confirmed i:  99  99  66          . p:  106946  222938 e: -52.0 r:  42.9   
Iran=Confirmed i: 100 100  67   5/2/2020 p:  111105  222938 e: -50.2 r:  43.3   
Iran=Confirmed i: 101 101  68          . p:  110822  222938 e: -50.3 r:  43.7   
Iran=Confirmed i: 102 102  69   5/4/2020 p:  113744  222938 e: -49.0 r:  44.2   
Iran=Confirmed i: 103 103  70          . p:  113744  222938 e: -49.0 r:  44.8   
Iran=Confirmed i: 104 104  71   5/6/2020 p:  113744  222938 e: -49.0 r:  45.6   
Iran=Confirmed i: 105 105  72          . p:  113744  222938 e: -49.0 r:  46.3   
Iran=Confirmed i: 106 106  73   5/8/2020 p:  113744  222938 e: -49.0 r:  47.0   
Iran=Confirmed i: 107 107  74          . p:  120243  222938 e: -46.1 r:  47.6   
Iran=Confirmed i: 108 108  75  5/10/2020 p:  120243  222938 e: -46.1 r:  48.3   
Iran=Confirmed i: 109 109  76          . p:  120243  222938 e: -46.1 r:  49.0   
Iran=Confirmed i: 110 110  77  5/12/2020 p:  126743  222938 e: -43.1 r:  49.7   
Iran=Confirmed i: 111 111  78          . p:  126743  222938 e: -43.1 r:  50.6   
Iran=Confirmed i: 112 112  79  5/14/2020 p:  133243  222938 e: -40.2 r:  51.4   
Iran=Confirmed i: 113 113  80          . p:  133243  222938 e: -40.2 r:  52.3   
Iran=Confirmed i: 114 114  81  5/16/2020 p:  133243  222938 e: -40.2 r:  53.1   
Iran=Confirmed i: 115 115  82          . p:  139742  222938 e: -37.3 r:  53.9   
Iran=Confirmed i: 116 116  83  5/18/2020 p:  139742  222938 e: -37.3 r:  54.9   
Iran=Confirmed i: 117 117  84          . p:  146242  222938 e: -34.4 r:  55.9   
Iran=Confirmed i: 118 118  85  5/20/2020 p:  152742  222938 e: -31.5 r:  56.9   
Iran=Confirmed i: 119 119  86          . p:  152742  222938 e: -31.5 r:  58.0   
Iran=Confirmed i: 120 120  87  5/22/2020 p:  159241  222938 e: -28.6 r:  59.1   
Iran=Confirmed i: 121 121  88          . p:  159241  222938 e: -28.6 r:  59.9   
Iran=Confirmed i: 122 122  89  5/24/2020 p:  165741  222938 e: -25.7 r:  60.9   
Iran=Confirmed i: 123 123  90          . p:  165741  222938 e: -25.7 r:  61.8   
Iran=Confirmed i: 124 124  91  5/26/2020 p:  172241  222938 e: -22.7 r:  62.6   
Iran=Confirmed i: 125 125  92          . p:  159241  222938 e: -28.6 r:  63.5   
Iran=Confirmed i: 126 126  93  5/28/2020 p:  178740  222938 e: -19.8 r:  64.5   
Iran=Confirmed i: 127 127  94          . p:  185240  222938 e: -16.9 r:  65.8   
Iran=Confirmed i: 128 128  95  5/30/2020 p:  172241  222938 e: -22.7 r:  66.8   
Iran=Confirmed i: 129 129  96          . p:  172241  222938 e: -22.7 r:  67.9   
Iran=Confirmed i: 130 130  97   6/1/2020 p:  178740  222938 e: -19.8 r:  69.3   
Iran=Confirmed i: 131 131  98          . p:  178740  222938 e: -19.8 r:  70.7   
Iran=Confirmed i: 132   0  99   6/3/2020 p:  204739  222938 e:  -8.2 r:  72.1 OK 1st
Iran=Confirmed i: 133   1 100          . p:  211239  222938 e:  -5.2 r:  73.7 OK
Iran=Confirmed i: 134   2 101   6/5/2020 p:  217738  222938 e:  -2.3 r:  75.0 OK
Iran=Confirmed i: 135   3 102          . p:  224238  222938 e:   0.6 r:  76.0 OK
Iran=Confirmed i: 136   4 103   6/7/2020 p:  230738  222938 e:   3.5 r:  77.1 OK
Iran=Confirmed i: 137   5 104          . p:  230738  222938 e:   3.5 r:  78.0 OK
Iran=Confirmed i: 138   6 105   6/9/2020 p:  211239  222938 e:  -5.2 r:  78.9 OK
