
  # Process COVID TAB data
p1= 161 il= 138
p1= 150 il= 137
p1= 150 il= 136
p1= 150 il= 135
p1= 150 il= 134
US_Georgia_Gwinnett=Deaths nl = 139, n1= 5 s1= 152.2 s2= 23184.2 SD= 4.40000000000048 frac%= 2.89093298291753
US_Georgia_Gwinnett=Deaths i:  71  71  -9          . p:      87     152 e: -42.8 r:   5.3   
US_Georgia_Gwinnett=Deaths i:  72  72  -8   4/4/2020 p:      13     152 e: -91.5 r:   5.3   
US_Georgia_Gwinnett=Deaths i:  73  73  -7          . p:       7     152 e: -95.4 r:   5.3   
US_Georgia_Gwinnett=Deaths i:  74  74  -6   4/6/2020 p:      13     152 e: -91.5 r:   6.6   
US_Georgia_Gwinnett=Deaths i:  75  75  -5          . p:      13     152 e: -91.5 r:   6.6   
US_Georgia_Gwinnett=Deaths i:  76  76  -4   4/8/2020 p:      34     152 e: -77.7 r:   9.9   
US_Georgia_Gwinnett=Deaths i:  77  77  -3          . p:      39     152 e: -74.4 r:  11.2   
US_Georgia_Gwinnett=Deaths i:  78  78  -2  4/10/2020 p:      34     152 e: -77.7 r:  11.2   
US_Georgia_Gwinnett=Deaths i:  79  79  -1          . p:      18     152 e: -88.2 r:  11.8   
US_Georgia_Gwinnett=Deaths i:  80  80   0  4/12/2020 p:      17     152 e: -88.8 r:  11.8   
US_Georgia_Gwinnett=Deaths i:  81  81   1          . p:      34     152 e: -77.7 r:  14.5   
US_Georgia_Gwinnett=Deaths i:  82  82   2  4/14/2020 p:      71     152 e: -53.4 r:  19.1   
US_Georgia_Gwinnett=Deaths i:  83  83   3          . p:      81     152 e: -46.8 r:  19.1   
US_Georgia_Gwinnett=Deaths i:  84  84   4  4/16/2020 p:      60     152 e: -60.6 r:  21.0   
US_Georgia_Gwinnett=Deaths i:  85  85   5          . p:      71     152 e: -53.4 r:  23.7   
US_Georgia_Gwinnett=Deaths i:  86   0   6  4/18/2020 p:     145     152 e:  -4.7 r:  23.7 OK 1st
US_Georgia_Gwinnett=Deaths i:  87   1   7          . p:      40     152 e: -73.7 r:  25.0   
US_Georgia_Gwinnett=Deaths i:  88   2   8  4/20/2020 p:      71     152 e: -53.4 r:  27.6   
US_Georgia_Gwinnett=Deaths i:  89   3   9          . p:      73     152 e: -52.0 r:  27.6   
US_Georgia_Gwinnett=Deaths i:  90   4  10  4/22/2020 p:      81     152 e: -46.8 r:  30.2   
US_Georgia_Gwinnett=Deaths i:  91   5  11          . p:      71     152 e: -53.4 r:  30.2   
US_Georgia_Gwinnett=Deaths i:  92   6  12  4/24/2020 p:      59     152 e: -61.2 r:  30.2   
US_Georgia_Gwinnett=Deaths i:  93   7  13          . p:      53     152 e: -65.2 r:  30.2   
US_Georgia_Gwinnett=Deaths i:  94   8  14  4/26/2020 p:      46     152 e: -69.8 r:  30.9   
US_Georgia_Gwinnett=Deaths i:  95   9  15          . p:      66     152 e: -56.6 r:  34.2   
US_Georgia_Gwinnett=Deaths i:  96  10  16  4/28/2020 p:      66     152 e: -56.6 r:  35.5   
US_Georgia_Gwinnett=Deaths i:  97  11  17          . p:      71     152 e: -53.4 r:  36.1   
US_Georgia_Gwinnett=Deaths i:  98  12  18  4/30/2020 p:      71     152 e: -53.4 r:  37.5   
US_Georgia_Gwinnett=Deaths i:  99  13  19          . p:      71     152 e: -53.4 r:  38.1   
US_Georgia_Gwinnett=Deaths i: 100  14  20   5/2/2020 p:      71     152 e: -53.4 r:  38.1   
US_Georgia_Gwinnett=Deaths i: 101  15  21          . p:      70     152 e: -54.0 r:  38.1   
US_Georgia_Gwinnett=Deaths i: 102  16  22   5/4/2020 p:      81     152 e: -46.8 r:  42.7   
US_Georgia_Gwinnett=Deaths i: 105  19  25          . p:      92     152 e: -39.6 r:  55.2   
US_Georgia_Gwinnett=Deaths i: 106  20  26   5/8/2020 p:      92     152 e: -39.6 r:  57.2   
US_Georgia_Gwinnett=Deaths i: 107  21  27          . p:      92     152 e: -39.6 r:  57.2   
US_Georgia_Gwinnett=Deaths i: 108  22  28  5/10/2020 p:      87     152 e: -42.8 r:  57.2   
US_Georgia_Gwinnett=Deaths i: 109  23  29          . p:      97     152 e: -36.3 r:  60.4   
US_Georgia_Gwinnett=Deaths i: 110  24  30  5/12/2020 p:     182     152 e:  19.6 r:  66.4   
US_Georgia_Gwinnett=Deaths i: 111  25  31          . p:     134     152 e: -12.0 r:  66.4 OK
US_Georgia_Gwinnett=Deaths i: 112  26  32  5/14/2020 p:     124     152 e: -18.5 r:  66.4   
US_Georgia_Gwinnett=Deaths i: 113  27  33          . p:     118     152 e: -22.5 r:  66.4   
US_Georgia_Gwinnett=Deaths i: 114  28  34  5/16/2020 p:     102     152 e: -33.0 r:  67.0   
US_Georgia_Gwinnett=Deaths i: 115  29  35          . p:     102     152 e: -33.0 r:  67.0   
US_Georgia_Gwinnett=Deaths i: 116  30  36  5/18/2020 p:     113     152 e: -25.8 r:  69.0   
US_Georgia_Gwinnett=Deaths i: 117  31  37          . p:     192     152 e:  26.1 r:  74.9   
US_Georgia_Gwinnett=Deaths i: 118  32  38  5/20/2020 p:     198     152 e:  30.1 r:  76.9   
US_Georgia_Gwinnett=Deaths i: 119  33  39          . p:     208     152 e:  36.7 r:  79.5   
US_Georgia_Gwinnett=Deaths i: 120  34  40  5/22/2020 p:     171     152 e:  12.4 r:  79.5 OK
US_Georgia_Gwinnett=Deaths i: 121  35  41          . p:     171     152 e:  12.4 r:  79.5 OK
US_Georgia_Gwinnett=Deaths i: 122  36  42  5/24/2020 p:     124     152 e: -18.5 r:  80.2   
US_Georgia_Gwinnett=Deaths i: 123  37  43          . p:     224     152 e:  47.2 r:  79.5   
US_Georgia_Gwinnett=Deaths i: 124  38  44  5/26/2020 p:     147     152 e:  -3.4 r:  82.1 OK
US_Georgia_Gwinnett=Deaths i: 125  39  45          . p:     193     152 e:  26.8 r:  82.8   
US_Georgia_Gwinnett=Deaths i: 126  40  46  5/28/2020 p:     203     152 e:  33.4 r:  83.4   
US_Georgia_Gwinnett=Deaths i: 127  41  47          . p:     163     152 e:   7.1 r:  83.4 OK
US_Georgia_Gwinnett=Deaths i: 128  42  48  5/30/2020 p:     128     152 e: -15.9 r:  83.4   
US_Georgia_Gwinnett=Deaths i: 129  43  49          . p:     128     152 e: -15.9 r:  84.1   
US_Georgia_Gwinnett=Deaths i: 130  44  50   6/1/2020 p:     161     152 e:   5.8 r:  86.7 OK
US_Georgia_Gwinnett=Deaths i: 131  45  51          . p:     145     152 e:  -4.7 r:  87.4 OK
US_Georgia_Gwinnett=Deaths i: 132  46  52   6/3/2020 p:     150     152 e:  -1.4 r:  88.7 OK
US_Georgia_Gwinnett=Deaths i: 133  47  53          . p:     171     152 e:  12.4 r:  88.7 OK
US_Georgia_Gwinnett=Deaths i: 134  48  54   6/5/2020 p:     150     152 e:  -1.4 r:  89.4 OK
US_Georgia_Gwinnett=Deaths i: 135  49  55          . p:     150     152 e:  -1.4 r:  90.0 OK
US_Georgia_Gwinnett=Deaths i: 136  50  56   6/7/2020 p:     150     152 e:  -1.4 r:  90.0 OK
US_Georgia_Gwinnett=Deaths i: 137  51  57          . p:     150     152 e:  -1.4 r:  91.3 OK
US_Georgia_Gwinnett=Deaths i: 138  52  58   6/9/2020 p:     161     152 e:   5.8 r:  94.0 OK
