
  # Process COVID TAB data
p1= 9625 il= 138
p1= 9612 il= 137
p1= 9538 il= 136
p1= 9538 il= 135
p1= 9538 il= 134
US_New_Jersey_Ocean=Confirmed nl = 139, n1= 5 s1= 9570.2 s2= 91590300.2 SD= 39.6504728849029 frac%= 0.414311852259127
US_New_Jersey_Ocean=Confirmed i:  58  58   0  3/21/2020 p:     167    9570 e: -98.3 r:   0.6   
US_New_Jersey_Ocean=Confirmed i:  59  59   1          . p:     167    9570 e: -98.3 r:   1.1   
US_New_Jersey_Ocean=Confirmed i:  60  60   2  3/23/2020 p:     502    9570 e: -94.8 r:   1.5   
US_New_Jersey_Ocean=Confirmed i:  61  61   3          . p:     502    9570 e: -94.8 r:   1.9   
US_New_Jersey_Ocean=Confirmed i:  62  62   4  3/25/2020 p:     417    9570 e: -95.6 r:   2.3   
US_New_Jersey_Ocean=Confirmed i:  63  63   5          . p:    2175    9570 e: -77.3 r:   4.1   
US_New_Jersey_Ocean=Confirmed i:  64  64   6  3/27/2020 p:    3179    9570 e: -66.8 r:   5.1   
US_New_Jersey_Ocean=Confirmed i:  65  65   7          . p:    3848    9570 e: -59.8 r:   6.5   
US_New_Jersey_Ocean=Confirmed i:  66  66   8  3/29/2020 p:    4183    9570 e: -56.3 r:   7.9   
US_New_Jersey_Ocean=Confirmed i:  67  67   9          . p:    3738    9570 e: -60.9 r:   9.1   
US_New_Jersey_Ocean=Confirmed i:  68  68  10  3/31/2020 p:    3712    9570 e: -61.2 r:  10.7   
US_New_Jersey_Ocean=Confirmed i:  69  69  11          . p:    3856    9570 e: -59.7 r:  12.6   
US_New_Jersey_Ocean=Confirmed i:  70  70  12   4/2/2020 p:    3923    9570 e: -59.0 r:  14.3   
US_New_Jersey_Ocean=Confirmed i:  71  71  13          . p:    4518    9570 e: -52.8 r:  17.6   
US_New_Jersey_Ocean=Confirmed i:  72  72  14   4/4/2020 p:    5856    9570 e: -38.8 r:  20.9   
US_New_Jersey_Ocean=Confirmed i:  73  73  15          . p:    6191    9570 e: -35.3 r:  22.7   
US_New_Jersey_Ocean=Confirmed i:  74  74  16   4/6/2020 p:    6208    9570 e: -35.1 r:  24.8   
US_New_Jersey_Ocean=Confirmed i:  75  75  17          . p:    6946    9570 e: -27.4 r:  27.6   
US_New_Jersey_Ocean=Confirmed i:  76  76  18   4/8/2020 p:    6434    9570 e: -32.8 r:  29.8   
US_New_Jersey_Ocean=Confirmed i:  77  77  19          . p:    6861    9570 e: -28.3 r:  32.3   
US_New_Jersey_Ocean=Confirmed i:  78  78  20  4/10/2020 p:    6431    9570 e: -32.8 r:  34.2   
US_New_Jersey_Ocean=Confirmed i:  79  79  21          . p:    4885    9570 e: -49.0 r:  35.6   
US_New_Jersey_Ocean=Confirmed i:  80  80  22  4/12/2020 p:    5830    9570 e: -39.1 r:  37.1   
US_New_Jersey_Ocean=Confirmed i:  81  81  23          . p:    4290    9570 e: -55.2 r:  37.5   
US_New_Jersey_Ocean=Confirmed i:  82  82  24  4/14/2020 p:    5728    9570 e: -40.1 r:  40.1   
US_New_Jersey_Ocean=Confirmed i:  83  83  25          . p:    4964    9570 e: -48.1 r:  42.0   
US_New_Jersey_Ocean=Confirmed i:  84  84  26  4/16/2020 p:    5856    9570 e: -38.8 r:  44.6   
US_New_Jersey_Ocean=Confirmed i:  85  85  27          . p:    5856    9570 e: -38.8 r:  46.2   
US_New_Jersey_Ocean=Confirmed i:  86  86  28  4/18/2020 p:    5856    9570 e: -38.8 r:  47.5   
US_New_Jersey_Ocean=Confirmed i:  87  87  29          . p:    5856    9570 e: -38.8 r:  48.6   
US_New_Jersey_Ocean=Confirmed i:  88  88  30  4/20/2020 p:    6080    9570 e: -36.5 r:  50.9   
US_New_Jersey_Ocean=Confirmed i:  89  89  31          . p:    6343    9570 e: -33.7 r:  52.8   
US_New_Jersey_Ocean=Confirmed i:  90  90  32  4/22/2020 p:    6526    9570 e: -31.8 r:  54.7   
US_New_Jersey_Ocean=Confirmed i:  91  91  33          . p:    6861    9570 e: -28.3 r:  56.9   
US_New_Jersey_Ocean=Confirmed i:  92  92  34  4/24/2020 p:    6861    9570 e: -28.3 r:  58.6   
US_New_Jersey_Ocean=Confirmed i:  93  93  35          . p:    7195    9570 e: -24.8 r:  60.7   
US_New_Jersey_Ocean=Confirmed i:  94  94  36  4/26/2020 p:    7195    9570 e: -24.8 r:  62.3   
US_New_Jersey_Ocean=Confirmed i:  95  95  37          . p:    7168    9570 e: -25.1 r:  62.9   
US_New_Jersey_Ocean=Confirmed i:  96  96  38  4/28/2020 p:    7252    9570 e: -24.2 r:  64.3   
US_New_Jersey_Ocean=Confirmed i:  97  97  39          . p:    7341    9570 e: -23.3 r:  65.3   
US_New_Jersey_Ocean=Confirmed i:  98  98  40  4/30/2020 p:    7339    9570 e: -23.3 r:  66.6   
US_New_Jersey_Ocean=Confirmed i:  99  99  41          . p:    7530    9570 e: -21.3 r:  68.0   
US_New_Jersey_Ocean=Confirmed i: 100   0  42   5/2/2020 p:    8199    9570 e: -14.3 r:  69.9 OK 1st
US_New_Jersey_Ocean=Confirmed i: 101   1  43          . p:    7865    9570 e: -17.8 r:  71.8   
US_New_Jersey_Ocean=Confirmed i: 102   2  44   5/4/2020 p:    8199    9570 e: -14.3 r:  72.9 OK
US_New_Jersey_Ocean=Confirmed i: 103   3  45          . p:    8199    9570 e: -14.3 r:  73.8 OK
US_New_Jersey_Ocean=Confirmed i: 104   4  46   5/6/2020 p:    8199    9570 e: -14.3 r:  74.4 OK
US_New_Jersey_Ocean=Confirmed i: 105   5  47          . p:    8060    9570 e: -15.8 r:  75.3   
US_New_Jersey_Ocean=Confirmed i: 106   6  48   5/8/2020 p:    8055    9570 e: -15.8 r:  76.0   
US_New_Jersey_Ocean=Confirmed i: 107   7  49          . p:    8869    9570 e:  -7.3 r:  77.0 OK
US_New_Jersey_Ocean=Confirmed i: 108   8  50  5/10/2020 p:    8869    9570 e:  -7.3 r:  78.0 OK
US_New_Jersey_Ocean=Confirmed i: 109   9  51          . p:    8869    9570 e:  -7.3 r:  79.1 OK
US_New_Jersey_Ocean=Confirmed i: 110  10  52  5/12/2020 p:    8869    9570 e:  -7.3 r:  79.8 OK
US_New_Jersey_Ocean=Confirmed i: 111  11  53          . p:    8869    9570 e:  -7.3 r:  80.3 OK
US_New_Jersey_Ocean=Confirmed i: 112  12  54  5/14/2020 p:    8868    9570 e:  -7.3 r:  80.9 OK
US_New_Jersey_Ocean=Confirmed i: 113  13  55          . p:    8884    9570 e:  -7.2 r:  81.8 OK
US_New_Jersey_Ocean=Confirmed i: 114  14  56  5/16/2020 p:    8869    9570 e:  -7.3 r:  82.3 OK
US_New_Jersey_Ocean=Confirmed i: 115  15  57          . p:    8803    9570 e:  -8.0 r:  82.7 OK
US_New_Jersey_Ocean=Confirmed i: 116  16  58  5/18/2020 p:    8863    9570 e:  -7.4 r:  83.5 OK
US_New_Jersey_Ocean=Confirmed i: 117  17  59          . p:    8869    9570 e:  -7.3 r:  84.3 OK
US_New_Jersey_Ocean=Confirmed i: 118  18  60  5/20/2020 p:    9203    9570 e:  -3.8 r:  85.3 OK
US_New_Jersey_Ocean=Confirmed i: 119  19  61          . p:    9203    9570 e:  -3.8 r:  85.8 OK
US_New_Jersey_Ocean=Confirmed i: 120  20  62  5/22/2020 p:    9203    9570 e:  -3.8 r:  86.6 OK
US_New_Jersey_Ocean=Confirmed i: 121  21  63          . p:    9203    9570 e:  -3.8 r:  86.9 OK
US_New_Jersey_Ocean=Confirmed i: 122  22  64  5/24/2020 p:    9203    9570 e:  -3.8 r:  87.5 OK
US_New_Jersey_Ocean=Confirmed i: 123  23  65          . p:    9250    9570 e:  -3.3 r:  88.1 OK
US_New_Jersey_Ocean=Confirmed i: 124  24  66  5/26/2020 p:    9241    9570 e:  -3.4 r:  88.4 OK
US_New_Jersey_Ocean=Confirmed i: 125  25  67          . p:    9231    9570 e:  -3.5 r:  89.0 OK
US_New_Jersey_Ocean=Confirmed i: 126  26  68  5/28/2020 p:    9203    9570 e:  -3.8 r:  89.6 OK
US_New_Jersey_Ocean=Confirmed i: 127  27  69          . p:    9203    9570 e:  -3.8 r:  90.1 OK
US_New_Jersey_Ocean=Confirmed i: 128  28  70  5/30/2020 p:    9538    9570 e:  -0.3 r:  90.9 OK
US_New_Jersey_Ocean=Confirmed i: 129  29  71          . p:    9538    9570 e:  -0.3 r:  91.4 OK
US_New_Jersey_Ocean=Confirmed i: 130  30  72   6/1/2020 p:    9538    9570 e:  -0.3 r:  91.6 OK
US_New_Jersey_Ocean=Confirmed i: 131  31  73          . p:    9630    9570 e:   0.6 r:  92.1 OK
US_New_Jersey_Ocean=Confirmed i: 132  32  74   6/3/2020 p:    9533    9570 e:  -0.4 r:  92.5 OK
US_New_Jersey_Ocean=Confirmed i: 133  33  75          . p:    9538    9570 e:  -0.3 r:  93.0 OK
US_New_Jersey_Ocean=Confirmed i: 134  34  76   6/5/2020 p:    9538    9570 e:  -0.3 r:  93.6 OK
US_New_Jersey_Ocean=Confirmed i: 135  35  77          . p:    9538    9570 e:  -0.3 r:  93.8 OK
US_New_Jersey_Ocean=Confirmed i: 136  36  78   6/7/2020 p:    9538    9570 e:  -0.3 r:  94.3 OK
US_New_Jersey_Ocean=Confirmed i: 137  37  79          . p:    9612    9570 e:   0.4 r:  94.5 OK
US_New_Jersey_Ocean=Confirmed i: 138  38  80   6/9/2020 p:    9625    9570 e:   0.6 r:  94.7 OK
