
  # Process COVID TAB data
p1= 886 il= 138
p1= 867 il= 137
p1= 866 il= 136
p1= 871 il= 135
p1= 857 il= 134
US_New_Jersey_Ocean=Deaths nl = 139, n1= 5 s1= 869.4 s2= 755946.2 SD= 9.47839648885651 frac%= 1.09022273853882
US_New_Jersey_Ocean=Deaths i:  71  71   3          . p:      43     869 e: -95.1 r:   5.2   
US_New_Jersey_Ocean=Deaths i:  72  72   4   4/4/2020 p:      72     869 e: -91.7 r:   6.4   
US_New_Jersey_Ocean=Deaths i:  73  73   5          . p:      72     869 e: -91.7 r:   7.1   
US_New_Jersey_Ocean=Deaths i:  74  74   6   4/6/2020 p:      72     869 e: -91.7 r:   8.2   
US_New_Jersey_Ocean=Deaths i:  75  75   7          . p:     101     869 e: -88.4 r:   9.8   
US_New_Jersey_Ocean=Deaths i:  76  76   8   4/8/2020 p:     130     869 e: -85.0 r:  11.6   
US_New_Jersey_Ocean=Deaths i:  77  77   9          . p:     159     869 e: -81.7 r:  13.7   
US_New_Jersey_Ocean=Deaths i:  78  78  10  4/10/2020 p:     159     869 e: -81.7 r:  13.9   
US_New_Jersey_Ocean=Deaths i:  79  79  11          . p:     151     869 e: -82.6 r:  15.2   
US_New_Jersey_Ocean=Deaths i:  80  80  12  4/12/2020 p:     151     869 e: -82.6 r:  15.9   
US_New_Jersey_Ocean=Deaths i:  81  81  13          . p:     148     869 e: -83.0 r:  16.2   
US_New_Jersey_Ocean=Deaths i:  82  82  14  4/14/2020 p:     164     869 e: -81.1 r:  17.1   
US_New_Jersey_Ocean=Deaths i:  83  83  15          . p:     195     869 e: -77.6 r:  19.1   
US_New_Jersey_Ocean=Deaths i:  84  84  16  4/16/2020 p:     227     869 e: -73.9 r:  21.3   
US_New_Jersey_Ocean=Deaths i:  85  85  17          . p:     276     869 e: -68.3 r:  23.1   
US_New_Jersey_Ocean=Deaths i:  86  86  18  4/18/2020 p:     276     869 e: -68.3 r:  24.4   
US_New_Jersey_Ocean=Deaths i:  87  87  19          . p:     276     869 e: -68.3 r:  25.0   
US_New_Jersey_Ocean=Deaths i:  88  88  20  4/20/2020 p:     276     869 e: -68.3 r:  25.5   
US_New_Jersey_Ocean=Deaths i:  89  89  21          . p:     276     869 e: -68.3 r:  25.5   
US_New_Jersey_Ocean=Deaths i:  91  91  23          . p:     392     869 e: -54.9 r:  32.9   
US_New_Jersey_Ocean=Deaths i:  92  92  24  4/24/2020 p:     363     869 e: -58.2 r:  34.6   
US_New_Jersey_Ocean=Deaths i:  93  93  25          . p:     421     869 e: -51.6 r:  36.5   
US_New_Jersey_Ocean=Deaths i:  94  94  26  4/26/2020 p:     421     869 e: -51.6 r:  37.0   
US_New_Jersey_Ocean=Deaths i:  95  95  27          . p:     363     869 e: -58.2 r:  38.0   
US_New_Jersey_Ocean=Deaths i:  96  96  28  4/28/2020 p:     363     869 e: -58.2 r:  39.3   
US_New_Jersey_Ocean=Deaths i:  97  97  29          . p:     463     869 e: -46.7 r:  42.2   
US_New_Jersey_Ocean=Deaths i:  98  98  30  4/30/2020 p:     511     869 e: -41.2 r:  45.7   
US_New_Jersey_Ocean=Deaths i:  99  99  31          . p:     537     869 e: -38.2 r:  48.3   
US_New_Jersey_Ocean=Deaths i: 100 100  32   5/2/2020 p:     566     869 e: -34.9 r:  49.0   
US_New_Jersey_Ocean=Deaths i: 101 101  33          . p:     566     869 e: -34.9 r:  50.6   
US_New_Jersey_Ocean=Deaths i: 102 102  34   5/4/2020 p:     579     869 e: -33.4 r:  51.4   
US_New_Jersey_Ocean=Deaths i: 103 103  35          . p:     583     869 e: -32.9 r:  53.9   
US_New_Jersey_Ocean=Deaths i: 104 104  36   5/6/2020 p:     625     869 e: -28.1 r:  55.6   
US_New_Jersey_Ocean=Deaths i: 105 105  37          . p:     625     869 e: -28.1 r:  57.5   
US_New_Jersey_Ocean=Deaths i: 106 106  38   5/8/2020 p:     654     869 e: -24.8 r:  59.4   
US_New_Jersey_Ocean=Deaths i: 107 107  39          . p:     654     869 e: -24.8 r:  60.0   
US_New_Jersey_Ocean=Deaths i: 108 108  40  5/10/2020 p:     683     869 e: -21.4 r:  62.1   
US_New_Jersey_Ocean=Deaths i: 109 109  41          . p:     667     869 e: -23.3 r:  62.9   
US_New_Jersey_Ocean=Deaths i: 110 110  42  5/12/2020 p:     681     869 e: -21.7 r:  64.6   
US_New_Jersey_Ocean=Deaths i: 111 111  43          . p:     713     869 e: -18.0 r:  65.7   
US_New_Jersey_Ocean=Deaths i: 112 112  44  5/14/2020 p:     712     869 e: -18.1 r:  68.4   
US_New_Jersey_Ocean=Deaths i: 113 113  45          . p:     712     869 e: -18.1 r:  70.2   
US_New_Jersey_Ocean=Deaths i: 114   0  46  5/16/2020 p:     741     869 e: -14.8 r:  71.0 OK 1st
US_New_Jersey_Ocean=Deaths i: 115   1  47          . p:     741     869 e: -14.8 r:  72.0 OK
US_New_Jersey_Ocean=Deaths i: 116   2  48  5/18/2020 p:     754     869 e: -13.3 r:  72.8 OK
US_New_Jersey_Ocean=Deaths i: 117   3  49          . p:     911     869 e:   4.8 r:  74.0 OK
US_New_Jersey_Ocean=Deaths i: 118   4  50  5/20/2020 p:     770     869 e: -11.4 r:  75.5 OK
US_New_Jersey_Ocean=Deaths i: 119   5  51          . p:     857     869 e:  -1.4 r:  76.0 OK
US_New_Jersey_Ocean=Deaths i: 120   6  52  5/22/2020 p:     886     869 e:   1.9 r:  78.0 OK
US_New_Jersey_Ocean=Deaths i: 121   7  53          . p:     915     869 e:   5.2 r:  78.9 OK
US_New_Jersey_Ocean=Deaths i: 122   8  54  5/24/2020 p:     857     869 e:  -1.4 r:  78.9 OK
US_New_Jersey_Ocean=Deaths i: 123   9  55          . p:     796     869 e:  -8.4 r:  79.4 OK
US_New_Jersey_Ocean=Deaths i: 124  10  56  5/26/2020 p:     796     869 e:  -8.4 r:  79.6 OK
US_New_Jersey_Ocean=Deaths i: 125  11  57          . p:     792     869 e:  -8.9 r:  81.0 OK
US_New_Jersey_Ocean=Deaths i: 126  12  58  5/28/2020 p:     795     869 e:  -8.6 r:  81.8 OK
US_New_Jersey_Ocean=Deaths i: 127  13  59          . p:     828     869 e:  -4.8 r:  82.9 OK
US_New_Jersey_Ocean=Deaths i: 128  14  60  5/30/2020 p:     828     869 e:  -4.8 r:  83.5 OK
US_New_Jersey_Ocean=Deaths i: 129  15  61          . p:     857     869 e:  -1.4 r:  85.0 OK
US_New_Jersey_Ocean=Deaths i: 130  16  62   6/1/2020 p:     857     869 e:  -1.4 r:  85.1 OK
US_New_Jersey_Ocean=Deaths i: 131  17  63          . p:     857     869 e:  -1.4 r:  85.5 OK
US_New_Jersey_Ocean=Deaths i: 132  18  64   6/3/2020 p:     857     869 e:  -1.4 r:  86.8 OK
US_New_Jersey_Ocean=Deaths i: 133  19  65          . p:     857     869 e:  -1.4 r:  87.8 OK
US_New_Jersey_Ocean=Deaths i: 134  20  66   6/5/2020 p:     857     869 e:  -1.4 r:  88.0 OK
US_New_Jersey_Ocean=Deaths i: 135  21  67          . p:     871     869 e:   0.2 r:  88.2 OK
US_New_Jersey_Ocean=Deaths i: 136  22  68   6/7/2020 p:     866     869 e:  -0.4 r:  89.0 OK
US_New_Jersey_Ocean=Deaths i: 137  23  69          . p:     867     869 e:  -0.3 r:  89.8 OK
US_New_Jersey_Ocean=Deaths i: 138  24  70   6/9/2020 p:     886     869 e:   1.9 r:  90.5 OK
