
  # Process COVID TAB data
p1= 12269 il= 138
p1= 12236 il= 137
p1= 12236 il= 136
p1= 12375 il= 135
p1= 12327 il= 134
US_Connecticut_Hartford=Confirmed nl = 139, n1= 5 s1= 12288.6 s2= 151012661.4 SD= 54.5109163379008 frac%= 0.443589313167495
US_Connecticut_Hartford=Confirmed i:  57  57  -4          . p:    2262   12288 e: -81.6 r:   0.2   
US_Connecticut_Hartford=Confirmed i:  58  58  -3  3/21/2020 p:     197   12288 e: -98.4 r:   0.2   
US_Connecticut_Hartford=Confirmed i:  59  59  -2          . p:    1002   12288 e: -91.8 r:   0.4   
US_Connecticut_Hartford=Confirmed i:  60  60  -1  3/23/2020 p:     550   12288 e: -95.5 r:   0.5   
US_Connecticut_Hartford=Confirmed i:  61  61   0          . p:     726   12288 e: -94.1 r:   0.7   
US_Connecticut_Hartford=Confirmed i:  62  62   1  3/25/2020 p:    1063   12288 e: -91.3 r:   0.9   
US_Connecticut_Hartford=Confirmed i:  63  63   2          . p:     317   12288 e: -97.4 r:   1.1   
US_Connecticut_Hartford=Confirmed i:  64  64   3  3/27/2020 p:    1002   12288 e: -91.8 r:   1.5   
US_Connecticut_Hartford=Confirmed i:  65  65   4          . p:    1805   12288 e: -85.3 r:   1.9   
US_Connecticut_Hartford=Confirmed i:  66  66   5  3/29/2020 p:    1529   12288 e: -87.6 r:   2.2   
US_Connecticut_Hartford=Confirmed i:  67  67   6          . p:    1743   12288 e: -85.8 r:   2.7   
US_Connecticut_Hartford=Confirmed i:  68  68   7  3/31/2020 p:    3622   12288 e: -70.5 r:   3.2   
US_Connecticut_Hartford=Confirmed i:  69  69   8          . p:    2607   12288 e: -78.8 r:   3.8   
US_Connecticut_Hartford=Confirmed i:  70  70   9   4/2/2020 p:    2819   12288 e: -77.1 r:   4.4   
US_Connecticut_Hartford=Confirmed i:  71  71  10          . p:    5014   12288 e: -59.2 r:   5.5   
US_Connecticut_Hartford=Confirmed i:  72  72  11   4/4/2020 p:    4613   12288 e: -62.5 r:   5.9   
US_Connecticut_Hartford=Confirmed i:  73  73  12          . p:    3582   12288 e: -70.9 r:   6.1   
US_Connecticut_Hartford=Confirmed i:  74  74  13   4/6/2020 p:    3294   12288 e: -73.2 r:   7.2   
US_Connecticut_Hartford=Confirmed i:  75  75  14          . p:    5108   12288 e: -58.4 r:   8.5   
US_Connecticut_Hartford=Confirmed i:  76  76  15   4/8/2020 p:    3811   12288 e: -69.0 r:   8.5   
US_Connecticut_Hartford=Confirmed i:  77  77  16          . p:    8224   12288 e: -33.1 r:  12.0   
US_Connecticut_Hartford=Confirmed i:  78   0  17  4/10/2020 p:   11032   12288 e: -10.2 r:  13.1 OK 1st
US_Connecticut_Hartford=Confirmed i:  79   1  18          . p:    7421   12288 e: -39.6 r:  14.9   
US_Connecticut_Hartford=Confirmed i:  80   2  19  4/12/2020 p:    2206   12288 e: -82.0 r:  15.6   
US_Connecticut_Hartford=Confirmed i:  81   3  20          . p:    5014   12288 e: -59.2 r:  18.3   
US_Connecticut_Hartford=Confirmed i:  82   4  21  4/14/2020 p:    3811   12288 e: -69.0 r:  19.3   
US_Connecticut_Hartford=Confirmed i:  83   5  22          . p:   16247   12288 e:  32.2 r:  20.9   
US_Connecticut_Hartford=Confirmed i:  84   6  23  4/16/2020 p:   16880   12288 e:  37.4 r:  23.3   
US_Connecticut_Hartford=Confirmed i:  85   7  24          . p:   15634   12288 e:  27.2 r:  24.5   
US_Connecticut_Hartford=Confirmed i:  86   8  25  4/18/2020 p:    7205   12288 e: -41.4 r:  26.0   
US_Connecticut_Hartford=Confirmed i:  87   9  26          . p:   14097   12288 e:  14.7 r:  27.3 OK
US_Connecticut_Hartford=Confirmed i:  88  10  27  4/20/2020 p:    7823   12288 e: -36.3 r:  31.1   
US_Connecticut_Hartford=Confirmed i:  89  11  28          . p:   14643   12288 e:  19.2 r:  32.2   
US_Connecticut_Hartford=Confirmed i:  90  12  29  4/22/2020 p:   14050   12288 e:  14.3 r:  33.6 OK
US_Connecticut_Hartford=Confirmed i:  91  13  30          . p:   13242   12288 e:   7.8 r:  35.0 OK
US_Connecticut_Hartford=Confirmed i:  92  14  31  4/24/2020 p:    8040   12288 e: -34.6 r:  37.2   
US_Connecticut_Hartford=Confirmed i:  93  15  32          . p:   13038   12288 e:   6.1 r:  38.7 OK
US_Connecticut_Hartford=Confirmed i:  94  16  33  4/26/2020 p:   12236   12288 e:  -0.4 r:  40.6 OK
US_Connecticut_Hartford=Confirmed i:  95  17  34          . p:   11834   12288 e:  -3.7 r:  42.0 OK
US_Connecticut_Hartford=Confirmed i:  96  18  35  4/28/2020 p:   11442   12288 e:  -6.9 r:  42.5 OK
US_Connecticut_Hartford=Confirmed i:  97  19  36          . p:   10994   12288 e: -10.5 r:  43.8 OK
US_Connecticut_Hartford=Confirmed i:  98  20  37  4/30/2020 p:    8035   12288 e: -34.6 r:  45.6   
US_Connecticut_Hartford=Confirmed i:  99  21  38          . p:   10631   12288 e: -13.5 r:  48.3 OK
US_Connecticut_Hartford=Confirmed i: 100  22  39   5/2/2020 p:   10631   12288 e: -13.5 r:  49.7 OK
US_Connecticut_Hartford=Confirmed i: 101  23  40          . p:    9427   12288 e: -23.3 r:  50.0   
US_Connecticut_Hartford=Confirmed i: 102  24  41   5/4/2020 p:    8625   12288 e: -29.8 r:  50.2   
US_Connecticut_Hartford=Confirmed i: 103  25  42          . p:    8445   12288 e: -31.3 r:  51.7   
US_Connecticut_Hartford=Confirmed i: 104  26  43   5/6/2020 p:    8559   12288 e: -30.4 r:  53.1   
US_Connecticut_Hartford=Confirmed i: 105  27  44          . p:    9829   12288 e: -20.0 r:  54.9   
US_Connecticut_Hartford=Confirmed i: 106  28  45   5/8/2020 p:    9026   12288 e: -26.5 r:  56.2   
US_Connecticut_Hartford=Confirmed i: 107  29  46          . p:    9427   12288 e: -23.3 r:  57.8   
US_Connecticut_Hartford=Confirmed i: 108  30  47  5/10/2020 p:    9829   12288 e: -20.0 r:  59.1   
US_Connecticut_Hartford=Confirmed i: 109  31  48          . p:    9829   12288 e: -20.0 r:  59.9   
US_Connecticut_Hartford=Confirmed i: 110  32  49  5/12/2020 p:    9829   12288 e: -20.0 r:  61.3   
US_Connecticut_Hartford=Confirmed i: 111  33  50          . p:    9829   12288 e: -20.0 r:  62.9   
US_Connecticut_Hartford=Confirmed i: 112  34  51  5/14/2020 p:   10230   12288 e: -16.8 r:  64.6   
US_Connecticut_Hartford=Confirmed i: 113  35  52          . p:   10230   12288 e: -16.8 r:  66.1   
US_Connecticut_Hartford=Confirmed i: 114  36  53  5/16/2020 p:   10631   12288 e: -13.5 r:  67.5 OK
US_Connecticut_Hartford=Confirmed i: 115  37  54          . p:   11032   12288 e: -10.2 r:  71.0 OK
US_Connecticut_Hartford=Confirmed i: 116  38  55  5/18/2020 p:   11433   12288 e:  -7.0 r:  72.9 OK
US_Connecticut_Hartford=Confirmed i: 117  39  56          . p:   11834   12288 e:  -3.7 r:  73.6 OK
US_Connecticut_Hartford=Confirmed i: 118  40  57  5/20/2020 p:   11834   12288 e:  -3.7 r:  75.1 OK
US_Connecticut_Hartford=Confirmed i: 119  41  58          . p:   11834   12288 e:  -3.7 r:  75.7 OK
US_Connecticut_Hartford=Confirmed i: 120  42  59  5/22/2020 p:   11834   12288 e:  -3.7 r:  77.0 OK
US_Connecticut_Hartford=Confirmed i: 121  43  60          . p:   12236   12288 e:  -0.4 r:  77.7 OK
US_Connecticut_Hartford=Confirmed i: 122  44  61  5/24/2020 p:   12236   12288 e:  -0.4 r:  78.8 OK
US_Connecticut_Hartford=Confirmed i: 123  45  62          . p:   12236   12288 e:  -0.4 r:  80.1 OK
US_Connecticut_Hartford=Confirmed i: 124  46  63  5/26/2020 p:   12236   12288 e:  -0.4 r:  80.7 OK
US_Connecticut_Hartford=Confirmed i: 125  47  64          . p:   12220   12288 e:  -0.6 r:  81.1 OK
US_Connecticut_Hartford=Confirmed i: 126  48  65  5/28/2020 p:   12406   12288 e:   1.0 r:  82.0 OK
US_Connecticut_Hartford=Confirmed i: 127  49  66          . p:   12389   12288 e:   0.8 r:  82.6 OK
US_Connecticut_Hartford=Confirmed i: 128  50  67  5/30/2020 p:   12236   12288 e:  -0.4 r:  83.1 OK
US_Connecticut_Hartford=Confirmed i: 129  51  68          . p:   12236   12288 e:  -0.4 r:  83.8 OK
US_Connecticut_Hartford=Confirmed i: 130  52  69   6/1/2020 p:   12236   12288 e:  -0.4 r:  85.0 OK
US_Connecticut_Hartford=Confirmed i: 131  53  70          . p:   12236   12288 e:  -0.4 r:  85.7 OK
US_Connecticut_Hartford=Confirmed i: 132  54  71   6/3/2020 p:   12236   12288 e:  -0.4 r:  86.2 OK
US_Connecticut_Hartford=Confirmed i: 133  55  72          . p:   12236   12288 e:  -0.4 r:  86.6 OK
US_Connecticut_Hartford=Confirmed i: 134  56  73   6/5/2020 p:   12327   12288 e:   0.3 r:  86.9 OK
US_Connecticut_Hartford=Confirmed i: 135  57  74          . p:   12375   12288 e:   0.7 r:  87.5 OK
US_Connecticut_Hartford=Confirmed i: 136  58  75   6/7/2020 p:   12236   12288 e:  -0.4 r:  88.0 OK
US_Connecticut_Hartford=Confirmed i: 137  59  76          . p:   12236   12288 e:  -0.4 r:  88.2 OK
US_Connecticut_Hartford=Confirmed i: 138  60  77   6/9/2020 p:   12269   12288 e:  -0.2 r:  88.4 OK
