
  # Process COVID TAB data
p1= 2195 il= 138
p1= 2098 il= 137
p1= 2050 il= 136
p1= 1616 il= 135
p1= 1857 il= 134
Egypt=Deaths nl = 139, n1= 5 s1= 1963.2 s2= 3896406.8 SD= 205.554275071086 frac%= 10.4703685345908
Egypt=Deaths i:  56  56  -5  3/19/2020 p:      24    1963 e: -98.8 r:   0.3   
Egypt=Deaths i:  57  57  -4          . p:      24    1963 e: -98.8 r:   0.4   
Egypt=Deaths i:  58  58  -3  3/21/2020 p:      24    1963 e: -98.8 r:   0.5   
Egypt=Deaths i:  59  59  -2          . p:      72    1963 e: -96.3 r:   0.7   
Egypt=Deaths i:  60  60  -1  3/23/2020 p:     217    1963 e: -88.9 r:   1.0   
Egypt=Deaths i:  61  61   0          . p:     120    1963 e: -93.9 r:   1.0   
Egypt=Deaths i:  62  62   1  3/25/2020 p:      24    1963 e: -98.8 r:   1.1   
Egypt=Deaths i:  63  63   2          . p:      24    1963 e: -98.8 r:   1.2   
Egypt=Deaths i:  64  64   3  3/27/2020 p:      72    1963 e: -96.3 r:   1.5   
Egypt=Deaths i:  65  65   4          . p:     120    1963 e: -93.9 r:   1.8   
Egypt=Deaths i:  66  66   5  3/29/2020 p:     120    1963 e: -93.9 r:   2.0   
Egypt=Deaths i:  67  67   6          . p:     120    1963 e: -93.9 r:   2.1   
Egypt=Deaths i:  68  68   7  3/31/2020 p:     106    1963 e: -94.6 r:   2.3   
Egypt=Deaths i:  69  69   8          . p:     114    1963 e: -94.2 r:   2.6   
Egypt=Deaths i:  70  70   9   4/2/2020 p:     168    1963 e: -91.4 r:   3.0   
Egypt=Deaths i:  71  71  10          . p:     217    1963 e: -88.9 r:   3.4   
Egypt=Deaths i:  72  72  11   4/4/2020 p:     217    1963 e: -88.9 r:   3.6   
Egypt=Deaths i:  73  73  12          . p:     217    1963 e: -88.9 r:   4.0   
Egypt=Deaths i:  74  74  13   4/6/2020 p:     265    1963 e: -86.5 r:   4.3   
Egypt=Deaths i:  75  75  14          . p:     313    1963 e: -84.1 r:   4.8   
Egypt=Deaths i:  76  76  15   4/8/2020 p:     313    1963 e: -84.1 r:   5.2   
Egypt=Deaths i:  77  77  16          . p:     361    1963 e: -81.6 r:   6.0   
Egypt=Deaths i:  78  78  17  4/10/2020 p:     458    1963 e: -76.7 r:   6.9   
Egypt=Deaths i:  79  79  18          . p:     603    1963 e: -69.3 r:   7.4   
Egypt=Deaths i:  80  80  19  4/12/2020 p:     651    1963 e: -66.8 r:   8.1   
Egypt=Deaths i:  81  81  20          . p:     651    1963 e: -66.8 r:   8.4   
Egypt=Deaths i:  82  82  21  4/14/2020 p:     699    1963 e: -64.4 r:   9.1   
Egypt=Deaths i:  83  83  22          . p:     265    1963 e: -86.5 r:   9.3   
Egypt=Deaths i:  84  84  23  4/16/2020 p:     708    1963 e: -63.9 r:  10.0   
Egypt=Deaths i:  85  85  24          . p:     699    1963 e: -64.4 r:  10.4   
Egypt=Deaths i:  86  86  25  4/18/2020 p:     699    1963 e: -64.4 r:  11.4   
Egypt=Deaths i:  87  87  26          . p:     747    1963 e: -61.9 r:  12.2   
Egypt=Deaths i:  88  88  27  4/20/2020 p:     747    1963 e: -61.9 r:  12.7   
Egypt=Deaths i:  89  89  28          . p:     747    1963 e: -61.9 r:  13.4   
Egypt=Deaths i:  90  90  29  4/22/2020 p:     747    1963 e: -61.9 r:  14.1   
Egypt=Deaths i:  91  91  30          . p:     747    1963 e: -61.9 r:  14.6   
Egypt=Deaths i:  92  92  31  4/24/2020 p:     920    1963 e: -53.1 r:  15.0   
Egypt=Deaths i:  93  93  32          . p:     744    1963 e: -62.1 r:  15.6   
Egypt=Deaths i:  94  94  33  4/26/2020 p:     736    1963 e: -62.5 r:  16.1   
Egypt=Deaths i:  95  95  34          . p:     747    1963 e: -61.9 r:  17.2   
Egypt=Deaths i:  96  96  35  4/28/2020 p:     844    1963 e: -57.0 r:  18.3   
Egypt=Deaths i:  97  97  36          . p:     796    1963 e: -59.5 r:  19.4   
Egypt=Deaths i:  98  98  37  4/30/2020 p:     844    1963 e: -57.0 r:  20.0   
Egypt=Deaths i:  99  99  38          . p:     892    1963 e: -54.6 r:  20.7   
Egypt=Deaths i: 100 100  39   5/2/2020 p:     892    1963 e: -54.6 r:  21.1   
Egypt=Deaths i: 101 101  40          . p:     892    1963 e: -54.6 r:  21.9   
Egypt=Deaths i: 102 102  41   5/4/2020 p:     892    1963 e: -54.6 r:  22.2   
Egypt=Deaths i: 103 103  42          . p:     895    1963 e: -54.4 r:  23.0   
Egypt=Deaths i: 104 104  43   5/6/2020 p:     940    1963 e: -52.1 r:  23.9   
Egypt=Deaths i: 105 105  44          . p:     892    1963 e: -54.6 r:  24.6   
Egypt=Deaths i: 106 106  45   5/8/2020 p:     940    1963 e: -52.1 r:  25.6   
Egypt=Deaths i: 107 107  46          . p:     989    1963 e: -49.6 r:  26.2   
Egypt=Deaths i: 108 108  47  5/10/2020 p:     989    1963 e: -49.6 r:  26.7   
Egypt=Deaths i: 109 109  48          . p:     940    1963 e: -52.1 r:  27.1   
Egypt=Deaths i: 110 110  49  5/12/2020 p:     944    1963 e: -51.9 r:  27.7   
Egypt=Deaths i: 111 111  50          . p:     989    1963 e: -49.6 r:  28.3   
Egypt=Deaths i: 112 112  51  5/14/2020 p:     940    1963 e: -52.1 r:  29.1   
Egypt=Deaths i: 113 113  52          . p:     989    1963 e: -49.6 r:  30.2   
Egypt=Deaths i: 114 114  53  5/16/2020 p:     989    1963 e: -49.6 r:  31.2   
Egypt=Deaths i: 115 115  54          . p:    1037    1963 e: -47.2 r:  32.1   
Egypt=Deaths i: 116 116  55  5/18/2020 p:    1037    1963 e: -47.2 r:  32.9   
Egypt=Deaths i: 117 117  56          . p:    1085    1963 e: -44.7 r:  33.6   
Egypt=Deaths i: 118 118  57  5/20/2020 p:    1085    1963 e: -44.7 r:  34.6   
Egypt=Deaths i: 119 119  58          . p:    1133    1963 e: -42.3 r:  35.5   
Egypt=Deaths i: 120 120  59  5/22/2020 p:    1133    1963 e: -42.3 r:  36.0   
Egypt=Deaths i: 121 121  60          . p:    1182    1963 e: -39.8 r:  37.4   
Egypt=Deaths i: 122 122  61  5/24/2020 p:    1230    1963 e: -37.3 r:  38.9   
Egypt=Deaths i: 123 123  62          . p:    1278    1963 e: -34.9 r:  39.9   
Egypt=Deaths i: 124 124  63  5/26/2020 p:    1182    1963 e: -39.8 r:  40.6   
Egypt=Deaths i: 125 125  64          . p:    1182    1963 e: -39.8 r:  41.6   
Egypt=Deaths i: 126 126  65  5/28/2020 p:    1230    1963 e: -37.3 r:  43.0   
Egypt=Deaths i: 127 127  66          . p:    1278    1963 e: -34.9 r:  44.8   
Egypt=Deaths i: 128 128  67  5/30/2020 p:    1326    1963 e: -32.5 r:  46.5   
Egypt=Deaths i: 129 129  68          . p:    1423    1963 e: -27.5 r:  48.8   
Egypt=Deaths i: 130 130  69   6/1/2020 p:    1471    1963 e: -25.1 r:  51.2   
Egypt=Deaths i: 131 131  70          . p:    1568    1963 e: -20.1 r:  53.6   
Egypt=Deaths i: 132 132  71   6/3/2020 p:    1664    1963 e: -15.2 r:  55.4   
Egypt=Deaths i: 133   0  72          . p:    1761    1963 e: -10.3 r:  57.4 OK 1st
Egypt=Deaths i: 134   1  73   6/5/2020 p:    1857    1963 e:  -5.4 r:  59.4 OK
Egypt=Deaths i: 135   2  74          . p:    1616    1963 e: -17.7 r:  61.0   
Egypt=Deaths i: 136   3  75   6/7/2020 p:    2050    1963 e:   4.4 r:  63.0 OK
Egypt=Deaths i: 137   4  76          . p:    2098    1963 e:   6.9 r:  64.7 OK
Egypt=Deaths i: 138   5  77   6/9/2020 p:    2195    1963 e:  11.8 r:  66.5 OK
