
  # Process COVID TAB data
p1= 9617 il= 138
p1= 9164 il= 137
p1= 6222 il= 136
p1= 14821 il= 135
p1= 6675 il= 134
US_Tennessee_Shelby=Confirmed nl = 139, n1= 5 s1= 9299.8 s2= 95879307 SD= 3064.80455494311 frac%= 32.9555964100637
US_Tennessee_Shelby=Confirmed i:  54  54  -6  3/17/2020 p:     111    9299 e: -98.8 r:   0.0   
US_Tennessee_Shelby=Confirmed i:  55  55  -5          . p:     113    9299 e: -98.8 r:   0.0   
US_Tennessee_Shelby=Confirmed i:  60  60   0  3/23/2020 p:     113    9299 e: -98.8 r:   1.0   
US_Tennessee_Shelby=Confirmed i:  61  61   1          . p:     339    9299 e: -96.4 r:   1.5   
US_Tennessee_Shelby=Confirmed i:  62  62   2  3/25/2020 p:     339    9299 e: -96.4 r:   1.8   
US_Tennessee_Shelby=Confirmed i:  63  63   3          . p:     339    9299 e: -96.4 r:   2.1   
US_Tennessee_Shelby=Confirmed i:  64  64   4  3/27/2020 p:     339    9299 e: -96.4 r:   2.4   
US_Tennessee_Shelby=Confirmed i:  65  65   5          . p:     565    9299 e: -93.9 r:   3.0   
US_Tennessee_Shelby=Confirmed i:  66  66   6  3/29/2020 p:     791    9299 e: -91.5 r:   3.9   
US_Tennessee_Shelby=Confirmed i:  67  67   7          . p:     791    9299 e: -91.5 r:   4.3   
US_Tennessee_Shelby=Confirmed i:  68  68   8  3/31/2020 p:     565    9299 e: -93.9 r:   4.6   
US_Tennessee_Shelby=Confirmed i:  69  69   9          . p:     791    9299 e: -91.5 r:   5.3   
US_Tennessee_Shelby=Confirmed i:  70  70  10   4/2/2020 p:    1244    9299 e: -86.6 r:   6.9   
US_Tennessee_Shelby=Confirmed i:  71  71  11          . p:    1018    9299 e: -89.1 r:   6.9   
US_Tennessee_Shelby=Confirmed i:  72  72  12   4/4/2020 p:    1018    9299 e: -89.1 r:   7.4   
US_Tennessee_Shelby=Confirmed i:  73  73  13          . p:    1057    9299 e: -88.6 r:   7.9   
US_Tennessee_Shelby=Confirmed i:  74  74  14   4/6/2020 p:     833    9299 e: -91.0 r:   8.2   
US_Tennessee_Shelby=Confirmed i:  75  75  15          . p:    1244    9299 e: -86.6 r:   9.0   
US_Tennessee_Shelby=Confirmed i:  76  76  16   4/8/2020 p:    1244    9299 e: -86.6 r:   9.8   
US_Tennessee_Shelby=Confirmed i:  77  77  17          . p:    1470    9299 e: -84.2 r:  10.8   
US_Tennessee_Shelby=Confirmed i:  78  78  18  4/10/2020 p:    1470    9299 e: -84.2 r:  11.6   
US_Tennessee_Shelby=Confirmed i:  79  79  19          . p:    2149    9299 e: -76.9 r:  12.3   
US_Tennessee_Shelby=Confirmed i:  80  80  20  4/12/2020 p:    1697    9299 e: -81.8 r:  13.1   
US_Tennessee_Shelby=Confirmed i:  81  81  21          . p:    1923    9299 e: -79.3 r:  14.3   
US_Tennessee_Shelby=Confirmed i:  82  82  22  4/14/2020 p:    1923    9299 e: -79.3 r:  14.6   
US_Tennessee_Shelby=Confirmed i:  83  83  23          . p:    1923    9299 e: -79.3 r:  14.6   
US_Tennessee_Shelby=Confirmed i:  84  84  24  4/16/2020 p:    1861    9299 e: -80.0 r:  15.3   
US_Tennessee_Shelby=Confirmed i:  85  85  25          . p:    1906    9299 e: -79.5 r:  16.0   
US_Tennessee_Shelby=Confirmed i:  86  86  26  4/18/2020 p:    2177    9299 e: -76.6 r:  18.1   
US_Tennessee_Shelby=Confirmed i:  87  87  27          . p:    2375    9299 e: -74.5 r:  19.1   
US_Tennessee_Shelby=Confirmed i:  88  88  28  4/20/2020 p:    2375    9299 e: -74.5 r:  19.8   
US_Tennessee_Shelby=Confirmed i:  89  89  29          . p:    2602    9299 e: -72.0 r:  20.1   
US_Tennessee_Shelby=Confirmed i:  90  90  30  4/22/2020 p:    2602    9299 e: -72.0 r:  20.6   
US_Tennessee_Shelby=Confirmed i:  91  91  31          . p:    2512    9299 e: -73.0 r:  21.0   
US_Tennessee_Shelby=Confirmed i:  92  92  32  4/24/2020 p:    2529    9299 e: -72.8 r:  21.5   
US_Tennessee_Shelby=Confirmed i:  93  93  33          . p:    2602    9299 e: -72.0 r:  22.4   
US_Tennessee_Shelby=Confirmed i:  94  94  34  4/26/2020 p:    2787    9299 e: -70.0 r:  24.7   
US_Tennessee_Shelby=Confirmed i:  95  95  35          . p:    3054    9299 e: -67.2 r:  25.0   
US_Tennessee_Shelby=Confirmed i:  96  96  36  4/28/2020 p:    3054    9299 e: -67.2 r:  25.5   
US_Tennessee_Shelby=Confirmed i:  97  97  37          . p:    3045    9299 e: -67.3 r:  26.2   
US_Tennessee_Shelby=Confirmed i:  98  98  38  4/30/2020 p:    3054    9299 e: -67.2 r:  27.0   
US_Tennessee_Shelby=Confirmed i:  99  99  39          . p:    3281    9299 e: -64.7 r:  27.9   
US_Tennessee_Shelby=Confirmed i: 100 100  40   5/2/2020 p:    3281    9299 e: -64.7 r:  28.7   
US_Tennessee_Shelby=Confirmed i: 101 101  41          . p:    3507    9299 e: -62.3 r:  30.3   
US_Tennessee_Shelby=Confirmed i: 102 102  42   5/4/2020 p:    3507    9299 e: -62.3 r:  30.9   
US_Tennessee_Shelby=Confirmed i: 103 103  43          . p:    3507    9299 e: -62.3 r:  31.2   
US_Tennessee_Shelby=Confirmed i: 104 104  44   5/6/2020 p:    3733    9299 e: -59.9 r:  32.4   
US_Tennessee_Shelby=Confirmed i: 105 105  45          . p:    3733    9299 e: -59.9 r:  33.0   
US_Tennessee_Shelby=Confirmed i: 106 106  46   5/8/2020 p:    3749    9299 e: -59.7 r:  33.4   
US_Tennessee_Shelby=Confirmed i: 107 107  47          . p:    3959    9299 e: -57.4 r:  34.3   
US_Tennessee_Shelby=Confirmed i: 108 108  48  5/10/2020 p:    3959    9299 e: -57.4 r:  35.1   
US_Tennessee_Shelby=Confirmed i: 109 109  49          . p:    3959    9299 e: -57.4 r:  36.3   
US_Tennessee_Shelby=Confirmed i: 110 110  50  5/12/2020 p:    4186    9299 e: -55.0 r:  36.9   
US_Tennessee_Shelby=Confirmed i: 111 111  51          . p:    4186    9299 e: -55.0 r:  37.4   
US_Tennessee_Shelby=Confirmed i: 112 112  52  5/14/2020 p:    4186    9299 e: -55.0 r:  38.1   
US_Tennessee_Shelby=Confirmed i: 113 113  53          . p:    4200    9299 e: -54.8 r:  38.7   
US_Tennessee_Shelby=Confirmed i: 114 114  54  5/16/2020 p:    4412    9299 e: -52.6 r:  39.6   
US_Tennessee_Shelby=Confirmed i: 115 115  55          . p:    4412    9299 e: -52.6 r:  40.1   
US_Tennessee_Shelby=Confirmed i: 116 116  56  5/18/2020 p:    5996    9299 e: -35.5 r:  41.4   
US_Tennessee_Shelby=Confirmed i: 117 117  57          . p:    4638    9299 e: -50.1 r:  42.3   
US_Tennessee_Shelby=Confirmed i: 118 118  58  5/20/2020 p:    4638    9299 e: -50.1 r:  42.8   
US_Tennessee_Shelby=Confirmed i: 119 119  59          . p:    6449    9299 e: -30.7 r:  43.4   
US_Tennessee_Shelby=Confirmed i: 120 120  60  5/22/2020 p:    4865    9299 e: -47.7 r:  44.4   
US_Tennessee_Shelby=Confirmed i: 121 121  61          . p:    4865    9299 e: -47.7 r:  45.4   
US_Tennessee_Shelby=Confirmed i: 122 122  62  5/24/2020 p:    4865    9299 e: -47.7 r:  46.6   
US_Tennessee_Shelby=Confirmed i: 123 123  63          . p:    5091    9299 e: -45.3 r:  47.9   
US_Tennessee_Shelby=Confirmed i: 124 124  64  5/26/2020 p:    5317    9299 e: -42.8 r:  48.6   
US_Tennessee_Shelby=Confirmed i: 125 125  65          . p:    5317    9299 e: -42.8 r:  49.6   
US_Tennessee_Shelby=Confirmed i: 126 126  66  5/28/2020 p:    5543    9299 e: -40.4 r:  50.7   
US_Tennessee_Shelby=Confirmed i: 127 127  67          . p:    5543    9299 e: -40.4 r:  51.9   
US_Tennessee_Shelby=Confirmed i: 128 128  68  5/30/2020 p:    5770    9299 e: -38.0 r:  53.2   
US_Tennessee_Shelby=Confirmed i: 129 129  69          . p:    5770    9299 e: -38.0 r:  53.2   
US_Tennessee_Shelby=Confirmed i: 130 130  70   6/1/2020 p:    5770    9299 e: -38.0 r:  53.2   
US_Tennessee_Shelby=Confirmed i: 131 131  71          . p:    5996    9299 e: -35.5 r:  57.1   
US_Tennessee_Shelby=Confirmed i: 132 132  72   6/3/2020 p:    6222    9299 e: -33.1 r:  58.4   
US_Tennessee_Shelby=Confirmed i: 133 133  73          . p:    6449    9299 e: -30.7 r:  59.6   
US_Tennessee_Shelby=Confirmed i: 134 134  74   6/5/2020 p:    6675    9299 e: -28.2 r:  61.0   
US_Tennessee_Shelby=Confirmed i: 135 135  75          . p:   14821    9299 e:  59.4 r:  62.5   
US_Tennessee_Shelby=Confirmed i: 136 136  76   6/7/2020 p:    6222    9299 e: -33.1 r:  63.0   
US_Tennessee_Shelby=Confirmed i: 137   0  77          . p:    9164    9299 e:  -1.5 r:  64.6 OK 1st
US_Tennessee_Shelby=Confirmed i: 138   1  78   6/9/2020 p:    9617    9299 e:   3.4 r:  65.9 OK
