
  # Process COVID TAB data
p1= 19921 il= 138
p1= 20143 il= 137
p1= 20361 il= 136
p1= 20361 il= 135
p1= 20361 il= 134
US_Maryland_Montgomery=Confirmed nl = 139, n1= 5 s1= 20229.4 s2= 409259530.6 SD= 175.801706476217 frac%= 0.869040636282919
US_Maryland_Montgomery=Confirmed i:  50  50 -10  3/13/2020 p:     239   20229 e: -98.8 r:   0.0   
US_Maryland_Montgomery=Confirmed i:  56  56  -4  3/19/2020 p:     239   20229 e: -98.8 r:   0.2   
US_Maryland_Montgomery=Confirmed i:  57  57  -3          . p:     239   20229 e: -98.8 r:   0.3   
US_Maryland_Montgomery=Confirmed i:  58  58  -2  3/21/2020 p:     239   20229 e: -98.8 r:   0.3   
US_Maryland_Montgomery=Confirmed i:  59  59  -1          . p:     239   20229 e: -98.8 r:   0.4   
US_Maryland_Montgomery=Confirmed i:  60  60   0  3/23/2020 p:     239   20229 e: -98.8 r:   0.5   
US_Maryland_Montgomery=Confirmed i:  61  61   1          . p:     239   20229 e: -98.8 r:   0.5   
US_Maryland_Montgomery=Confirmed i:  62  62   2  3/25/2020 p:     239   20229 e: -98.8 r:   0.6   
US_Maryland_Montgomery=Confirmed i:  63  63   3          . p:     718   20229 e: -96.5 r:   0.8   
US_Maryland_Montgomery=Confirmed i:  64  64   4  3/27/2020 p:    1197   20229 e: -94.1 r:   1.0   
US_Maryland_Montgomery=Confirmed i:  65  65   5          . p:    1676   20229 e: -91.7 r:   1.3   
US_Maryland_Montgomery=Confirmed i:  66  66   6  3/29/2020 p:    2155   20229 e: -89.3 r:   1.5   
US_Maryland_Montgomery=Confirmed i:  67  67   7          . p:    2635   20229 e: -87.0 r:   1.7   
US_Maryland_Montgomery=Confirmed i:  68  68   8  3/31/2020 p:     718   20229 e: -96.5 r:   1.9   
US_Maryland_Montgomery=Confirmed i:  69  69   9          . p:    1197   20229 e: -94.1 r:   2.2   
US_Maryland_Montgomery=Confirmed i:  70  70  10   4/2/2020 p:    1197   20229 e: -94.1 r:   2.5   
US_Maryland_Montgomery=Confirmed i:  71  71  11          . p:    1676   20229 e: -91.7 r:   2.8   
US_Maryland_Montgomery=Confirmed i:  72  72  12   4/4/2020 p:    6467   20229 e: -68.0 r:   3.2   
US_Maryland_Montgomery=Confirmed i:  73  73  13          . p:    2155   20229 e: -89.3 r:   3.4   
US_Maryland_Montgomery=Confirmed i:  74  74  14   4/6/2020 p:    3593   20229 e: -82.2 r:   3.9   
US_Maryland_Montgomery=Confirmed i:  75  75  15          . p:    4042   20229 e: -80.0 r:   4.3   
US_Maryland_Montgomery=Confirmed i:  76  76  16   4/8/2020 p:   13175   20229 e: -34.9 r:   5.4   
US_Maryland_Montgomery=Confirmed i:  77  77  17          . p:    7426   20229 e: -63.3 r:   6.0   
US_Maryland_Montgomery=Confirmed i:  78  78  18  4/10/2020 p:    8863   20229 e: -56.2 r:   6.9   
US_Maryland_Montgomery=Confirmed i:  79  79  19          . p:   11738   20229 e: -42.0 r:   7.6   
US_Maryland_Montgomery=Confirmed i:  80  80  20  4/12/2020 p:   12696   20229 e: -37.2 r:   8.1   
US_Maryland_Montgomery=Confirmed i:  81   0  21          . p:   22757   20229 e:  12.5 r:   8.7 OK 1st
US_Maryland_Montgomery=Confirmed i:  82   1  22  4/14/2020 p:    2635   20229 e: -87.0 r:   9.3   
US_Maryland_Montgomery=Confirmed i:  83   2  23          . p:    2408   20229 e: -88.1 r:   9.6   
US_Maryland_Montgomery=Confirmed i:  84   3  24  4/16/2020 p:    3114   20229 e: -84.6 r:  10.5   
US_Maryland_Montgomery=Confirmed i:  85   4  25          . p:    3593   20229 e: -82.2 r:  11.3   
US_Maryland_Montgomery=Confirmed i:  86   5  26  4/18/2020 p:   12217   20229 e: -39.6 r:  11.9   
US_Maryland_Montgomery=Confirmed i:  87   6  27          . p:    9618   20229 e: -52.5 r:  12.4   
US_Maryland_Montgomery=Confirmed i:  88   7  28  4/20/2020 p:    4022   20229 e: -80.1 r:  13.1   
US_Maryland_Montgomery=Confirmed i:  89   8  29          . p:    5399   20229 e: -73.3 r:  13.7   
US_Maryland_Montgomery=Confirmed i:  90   9  30  4/22/2020 p:    4306   20229 e: -78.7 r:  14.2   
US_Maryland_Montgomery=Confirmed i:  91  10  31          . p:    8384   20229 e: -58.6 r:  15.1   
US_Maryland_Montgomery=Confirmed i:  92  11  32  4/24/2020 p:    6947   20229 e: -65.7 r:  16.0   
US_Maryland_Montgomery=Confirmed i:  93  12  33          . p:    8384   20229 e: -58.6 r:  17.2   
US_Maryland_Montgomery=Confirmed i:  94  13  34  4/26/2020 p:    8384   20229 e: -58.6 r:  18.0   
US_Maryland_Montgomery=Confirmed i:  95  14  35          . p:    8384   20229 e: -58.6 r:  19.0   
US_Maryland_Montgomery=Confirmed i:  96  15  36  4/28/2020 p:    8863   20229 e: -56.2 r:  19.8   
US_Maryland_Montgomery=Confirmed i:  97  16  37          . p:    8863   20229 e: -56.2 r:  20.5   
US_Maryland_Montgomery=Confirmed i:  98  17  38  4/30/2020 p:    8863   20229 e: -56.2 r:  21.3   
US_Maryland_Montgomery=Confirmed i:  99  18  39          . p:    9821   20229 e: -51.5 r:  23.5   
US_Maryland_Montgomery=Confirmed i: 100  19  40   5/2/2020 p:   10779   20229 e: -46.7 r:  24.3   
US_Maryland_Montgomery=Confirmed i: 101  20  41          . p:   11258   20229 e: -44.3 r:  25.5   
US_Maryland_Montgomery=Confirmed i: 102  21  42   5/4/2020 p:   11738   20229 e: -42.0 r:  26.6   
US_Maryland_Montgomery=Confirmed i: 103  22  43          . p:   11738   20229 e: -42.0 r:  27.4   
US_Maryland_Montgomery=Confirmed i: 104  23  44   5/6/2020 p:   11738   20229 e: -42.0 r:  28.6   
US_Maryland_Montgomery=Confirmed i: 105  24  45          . p:   12696   20229 e: -37.2 r:  29.8   
US_Maryland_Montgomery=Confirmed i: 106  25  46   5/8/2020 p:   13175   20229 e: -34.9 r:  31.2   
US_Maryland_Montgomery=Confirmed i: 107  26  47          . p:   13654   20229 e: -32.5 r:  32.4   
US_Maryland_Montgomery=Confirmed i: 108  27  48  5/10/2020 p:   14133   20229 e: -30.1 r:  33.4   
US_Maryland_Montgomery=Confirmed i: 109  28  49          . p:   13742   20229 e: -32.1 r:  34.2   
US_Maryland_Montgomery=Confirmed i: 110  29  50  5/12/2020 p:   13146   20229 e: -35.0 r:  35.2   
US_Maryland_Montgomery=Confirmed i: 111  30  51          . p:   13454   20229 e: -33.5 r:  36.0   
US_Maryland_Montgomery=Confirmed i: 112  31  52  5/14/2020 p:   13654   20229 e: -32.5 r:  37.3   
US_Maryland_Montgomery=Confirmed i: 113  32  53          . p:   14133   20229 e: -30.1 r:  38.4   
US_Maryland_Montgomery=Confirmed i: 114  33  54  5/16/2020 p:   14133   20229 e: -30.1 r:  39.5   
US_Maryland_Montgomery=Confirmed i: 115  34  55          . p:   14133   20229 e: -30.1 r:  40.6   
US_Maryland_Montgomery=Confirmed i: 116  35  56  5/18/2020 p:   15091   20229 e: -25.4 r:  41.6   
US_Maryland_Montgomery=Confirmed i: 117  36  57          . p:   18924   20229 e:  -6.5 r:  44.2 OK
US_Maryland_Montgomery=Confirmed i: 118  37  58  5/20/2020 p:   15091   20229 e: -25.4 r:  44.7   
US_Maryland_Montgomery=Confirmed i: 119  38  59          . p:   19882   20229 e:  -1.7 r:  45.8 OK
US_Maryland_Montgomery=Confirmed i: 120  39  60  5/22/2020 p:   15570   20229 e: -23.0 r:  46.6   
US_Maryland_Montgomery=Confirmed i: 121  40  61          . p:   19882   20229 e:  -1.7 r:  47.9 OK
US_Maryland_Montgomery=Confirmed i: 122  41  62  5/24/2020 p:   16050   20229 e: -20.7 r:  49.0   
US_Maryland_Montgomery=Confirmed i: 123  42  63          . p:   16050   20229 e: -20.7 r:  50.0   
US_Maryland_Montgomery=Confirmed i: 124  43  64  5/26/2020 p:   16529   20229 e: -18.3 r:  50.9   
US_Maryland_Montgomery=Confirmed i: 125  44  65          . p:   16343   20229 e: -19.2 r:  51.7   
US_Maryland_Montgomery=Confirmed i: 126  45  66  5/28/2020 p:   16529   20229 e: -18.3 r:  53.2   
US_Maryland_Montgomery=Confirmed i: 127  46  67          . p:   20361   20229 e:   0.7 r:  54.5 OK
US_Maryland_Montgomery=Confirmed i: 128  47  68  5/30/2020 p:   20361   20229 e:   0.7 r:  55.6 OK
US_Maryland_Montgomery=Confirmed i: 129  48  69          . p:   20361   20229 e:   0.7 r:  56.2 OK
US_Maryland_Montgomery=Confirmed i: 130  49  70   6/1/2020 p:   17238   20229 e: -14.8 r:  56.7 OK
US_Maryland_Montgomery=Confirmed i: 131  50  71          . p:   19773   20229 e:  -2.3 r:  58.0 OK
US_Maryland_Montgomery=Confirmed i: 132  51  72   6/3/2020 p:   17362   20229 e: -14.2 r:  58.9 OK
US_Maryland_Montgomery=Confirmed i: 133  52  73          . p:   19882   20229 e:  -1.7 r:  60.4 OK
US_Maryland_Montgomery=Confirmed i: 134  53  74   6/5/2020 p:   20361   20229 e:   0.7 r:  61.5 OK
US_Maryland_Montgomery=Confirmed i: 135  54  75          . p:   20361   20229 e:   0.7 r:  62.4 OK
US_Maryland_Montgomery=Confirmed i: 136  55  76   6/7/2020 p:   20361   20229 e:   0.7 r:  62.9 OK
US_Maryland_Montgomery=Confirmed i: 137  56  77          . p:   20143   20229 e:  -0.4 r:  63.4 OK
US_Maryland_Montgomery=Confirmed i: 138  57  78   6/9/2020 p:   19921   20229 e:  -1.5 r:  64.1 OK
