
  # Process COVID TAB data
p1= 1588 il= 138
p1= 1588 il= 137
p1= 1588 il= 136
p1= 1588 il= 135
p1= 1588 il= 134
Italy_Liguria=Deaths nl = 139, n1= 5 s1= 1588 s2= 2521744 SD= 0 frac%= 0
Italy_Liguria=Deaths i:  49  49  -1          . p:      26    1588 e: -98.4 r:   0.7   
Italy_Liguria=Deaths i:  50  50   0  3/13/2020 p:      83    1588 e: -94.8 r:   1.1   
Italy_Liguria=Deaths i:  51  51   1          . p:       0    1588 e: -100.0 r:   1.7   
Italy_Liguria=Deaths i:  54  54   4  3/17/2020 p:     306    1588 e: -80.7 r:   3.8   
Italy_Liguria=Deaths i:  55  55   5          . p:     195    1588 e: -87.7 r:   4.6   
Italy_Liguria=Deaths i:  56  56   6  3/19/2020 p:     306    1588 e: -80.7 r:   5.7   
Italy_Liguria=Deaths i:  57  57   7          . p:     641    1588 e: -59.6 r:   7.5   
Italy_Liguria=Deaths i:  58   0   8  3/21/2020 p:    1421    1588 e: -10.5 r:   9.6 OK 1st
Italy_Liguria=Deaths i:  59   1   9          . p:    1198    1588 e: -24.6 r:  10.8   
Italy_Liguria=Deaths i:  60   2  10  3/23/2020 p:    1087    1588 e: -31.5 r:  13.4   
Italy_Liguria=Deaths i:  61   3  11          . p:    1477    1588 e:  -7.0 r:  14.5 OK
Italy_Liguria=Deaths i:  62   4  12  3/25/2020 p:     362    1588 e: -77.2 r:  16.0   
Italy_Liguria=Deaths i:  63   5  13          . p:     418    1588 e: -73.7 r:  17.6   
Italy_Liguria=Deaths i:  64   6  14  3/27/2020 p:     975    1588 e: -38.6 r:  20.8   
Italy_Liguria=Deaths i:  65   7  15          . p:     919    1588 e: -42.1 r:  22.5   
Italy_Liguria=Deaths i:  66   8  16  3/29/2020 p:     864    1588 e: -45.6 r:  23.7   
Italy_Liguria=Deaths i:  67   9  17          . p:     791    1588 e: -50.2 r:  25.0   
Italy_Liguria=Deaths i:  68  10  18  3/31/2020 p:     770    1588 e: -51.5 r:  27.0   
Italy_Liguria=Deaths i:  69  11  19          . p:     752    1588 e: -52.6 r:  29.0   
Italy_Liguria=Deaths i:  70  12  20   4/2/2020 p:     752    1588 e: -52.6 r:  30.7   
Italy_Liguria=Deaths i:  71  13  21          . p:     808    1588 e: -49.1 r:  32.7   
Italy_Liguria=Deaths i:  72  14  22   4/4/2020 p:     808    1588 e: -49.1 r:  34.1   
Italy_Liguria=Deaths i:  73  15  23          . p:     820    1588 e: -48.4 r:  35.0   
Italy_Liguria=Deaths i:  74  16  24   4/6/2020 p:     845    1588 e: -46.8 r:  37.5   
Italy_Liguria=Deaths i:  75  17  25          . p:     873    1588 e: -45.0 r:  39.0   
Italy_Liguria=Deaths i:  76  18  26   4/8/2020 p:     919    1588 e: -42.1 r:  41.2   
Italy_Liguria=Deaths i:  77  19  27          . p:     975    1588 e: -38.6 r:  42.9   
Italy_Liguria=Deaths i:  78  20  28  4/10/2020 p:     975    1588 e: -38.6 r:  44.6   
Italy_Liguria=Deaths i:  79  21  29          . p:     992    1588 e: -37.5 r:  46.2   
Italy_Liguria=Deaths i:  80  22  30  4/12/2020 p:    1013    1588 e: -36.2 r:  47.2   
Italy_Liguria=Deaths i:  81  23  31          . p:    1003    1588 e: -36.8 r:  47.9   
Italy_Liguria=Deaths i:  82  24  32  4/14/2020 p:    1176    1588 e: -25.9 r:  49.9   
Italy_Liguria=Deaths i:  83  25  33          . p:    1019    1588 e: -35.8 r:  50.8   
Italy_Liguria=Deaths i:  84  26  34  4/16/2020 p:    1031    1588 e: -35.1 r:  52.1   
Italy_Liguria=Deaths i:  85  27  35          . p:    1087    1588 e: -31.5 r:  54.5   
Italy_Liguria=Deaths i:  86  28  36  4/18/2020 p:    1142    1588 e: -28.1 r:  56.5   
Italy_Liguria=Deaths i:  87  29  37          . p:    1142    1588 e: -28.1 r:  58.4   
Italy_Liguria=Deaths i:  88  30  38  4/20/2020 p:    1198    1588 e: -24.6 r:  60.3   
Italy_Liguria=Deaths i:  89  31  39          . p:    1198    1588 e: -24.6 r:  62.3   
Italy_Liguria=Deaths i:  90  32  40  4/22/2020 p:    1254    1588 e: -21.0 r:  64.4   
Italy_Liguria=Deaths i:  91  33  41          . p:    1310    1588 e: -17.5 r:  65.9   
Italy_Liguria=Deaths i:  92  34  42  4/24/2020 p:    1310    1588 e: -17.5 r:  67.8   
Italy_Liguria=Deaths i:  93  35  43          . p:    1365    1588 e: -14.0 r:  68.8 OK
Italy_Liguria=Deaths i:  94  36  44  4/26/2020 p:    1365    1588 e: -14.0 r:  70.2 OK
Italy_Liguria=Deaths i:  95  37  45          . p:    1371    1588 e: -13.7 r:  71.0 OK
Italy_Liguria=Deaths i:  96  38  46  4/28/2020 p:    1392    1588 e: -12.3 r:  71.9 OK
Italy_Liguria=Deaths i:  97  39  47          . p:    1389    1588 e: -12.5 r:  72.5 OK
Italy_Liguria=Deaths i:  98  40  48  4/30/2020 p:    1394    1588 e: -12.2 r:  73.5 OK
Italy_Liguria=Deaths i:  99  41  49          . p:    1421    1588 e: -10.5 r:  74.6 OK
Italy_Liguria=Deaths i: 100  42  50   5/2/2020 p:    1421    1588 e: -10.5 r:  75.3 OK
Italy_Liguria=Deaths i: 101  43  51          . p:    1421    1588 e: -10.5 r:  76.1 OK
Italy_Liguria=Deaths i: 102  44  52   5/4/2020 p:    1399    1588 e: -11.9 r:  76.9 OK
Italy_Liguria=Deaths i: 103  45  53          . p:    1405    1588 e: -11.5 r:  77.6 OK
Italy_Liguria=Deaths i: 104  46  54   5/6/2020 p:    1423    1588 e: -10.4 r:  78.3 OK
Italy_Liguria=Deaths i: 105  47  55          . p:    1423    1588 e: -10.4 r:  79.0 OK
Italy_Liguria=Deaths i: 106  48  56   5/8/2020 p:    1420    1588 e: -10.6 r:  79.7 OK
Italy_Liguria=Deaths i: 107  49  57          . p:    1416    1588 e: -10.8 r:  80.4 OK
Italy_Liguria=Deaths i: 108  50  58  5/10/2020 p:    1421    1588 e: -10.5 r:  80.7 OK
Italy_Liguria=Deaths i: 109  51  59          . p:    1496    1588 e:  -5.8 r:  81.4 OK
Italy_Liguria=Deaths i: 110  52  60  5/12/2020 p:    1422    1588 e: -10.5 r:  81.9 OK
Italy_Liguria=Deaths i: 111  53  61          . p:    1421    1588 e: -10.5 r:  82.7 OK
Italy_Liguria=Deaths i: 112  54  62  5/14/2020 p:    1421    1588 e: -10.5 r:  83.7 OK
Italy_Liguria=Deaths i: 113  55  63          . p:    1477    1588 e:  -7.0 r:  84.1 OK
Italy_Liguria=Deaths i: 114  56  64  5/16/2020 p:    1477    1588 e:  -7.0 r:  84.8 OK
Italy_Liguria=Deaths i: 115  57  65          . p:    1477    1588 e:  -7.0 r:  85.3 OK
Italy_Liguria=Deaths i: 116  58  66  5/18/2020 p:    1477    1588 e:  -7.0 r:  86.1 OK
Italy_Liguria=Deaths i: 117  59  67          . p:    1477    1588 e:  -7.0 r:  86.6 OK
Italy_Liguria=Deaths i: 118  60  68  5/20/2020 p:    1533    1588 e:  -3.5 r:  87.3 OK
Italy_Liguria=Deaths i: 119  61  69          . p:    1533    1588 e:  -3.5 r:  88.0 OK
Italy_Liguria=Deaths i: 120  62  70  5/22/2020 p:    1533    1588 e:  -3.5 r:  88.6 OK
Italy_Liguria=Deaths i: 121  63  71          . p:    1533    1588 e:  -3.5 r:  89.0 OK
Italy_Liguria=Deaths i: 122  64  72  5/24/2020 p:    1536    1588 e:  -3.3 r:  89.4 OK
Italy_Liguria=Deaths i: 123  65  73          . p:    1541    1588 e:  -3.0 r:  89.7 OK
Italy_Liguria=Deaths i: 124  66  74  5/26/2020 p:    1555    1588 e:  -2.1 r:  90.1 OK
Italy_Liguria=Deaths i: 125  67  75          . p:    1533    1588 e:  -3.5 r:  90.6 OK
Italy_Liguria=Deaths i: 126  68  76  5/28/2020 p:    1533    1588 e:  -3.5 r:  91.0 OK
Italy_Liguria=Deaths i: 127  69  77          . p:    1533    1588 e:  -3.5 r:  91.4 OK
Italy_Liguria=Deaths i: 128  70  78  5/30/2020 p:    1533    1588 e:  -3.5 r:  91.9 OK
Italy_Liguria=Deaths i: 129  71  79          . p:    1588    1588 e:   0.0 r:  92.3 OK
Italy_Liguria=Deaths i: 130  72  80   6/1/2020 p:    1571    1588 e:  -1.1 r:  92.4 OK
Italy_Liguria=Deaths i: 131  73  81          . p:    1571    1588 e:  -1.1 r:  92.4 OK
Italy_Liguria=Deaths i: 132  74  82   6/3/2020 p:    1572    1588 e:  -1.0 r:  92.8 OK
Italy_Liguria=Deaths i: 133  75  83          . p:    1533    1588 e:  -3.5 r:  93.1 OK
Italy_Liguria=Deaths i: 134  76  84   6/5/2020 p:    1588    1588 e:   0.0 r:  93.6 OK
Italy_Liguria=Deaths i: 135  77  85          . p:    1588    1588 e:   0.0 r:  94.0 OK
Italy_Liguria=Deaths i: 136  78  86   6/7/2020 p:    1588    1588 e:   0.0 r:  94.4 OK
Italy_Liguria=Deaths i: 137  79  87          . p:    1588    1588 e:   0.0 r:  94.8 OK
Italy_Liguria=Deaths i: 138  80  88   6/9/2020 p:    1588    1588 e:   0.0 r:  95.0 OK
