
  # Process COVID TAB data
p1= 4584 il= 137
p1= 4584 il= 136
p1= 4584 il= 135
p1= 4584 il= 134
p1= 4500 il= 133
Italy_Puglia=Confirmed nl = 139, n1= 5 s1= 4567.2 s2= 20860444.8 SD= 33.6000000000133 frac%= 0.735680504466923
Italy_Puglia=Confirmed i:  42  42  -6   3/5/2020 p:    2583    4567 e: -43.4 r:   0.3   
Italy_Puglia=Confirmed i:  43  43  -5          . p:    2583    4567 e: -43.4 r:   0.4   
Italy_Puglia=Confirmed i:  44  44  -4   3/7/2020 p:    5584    4567 e:  22.3 r:   0.6   
Italy_Puglia=Confirmed i:  47  47  -1          . p:      83    4567 e: -98.2 r:   1.3   
Italy_Puglia=Confirmed i:  48  48   0  3/11/2020 p:     250    4567 e: -94.5 r:   1.7   
Italy_Puglia=Confirmed i:  49  49   1          . p:     750    4567 e: -83.6 r:   2.3   
Italy_Puglia=Confirmed i:  50  50   2  3/13/2020 p:    2750    4567 e: -39.8 r:   2.8   
Italy_Puglia=Confirmed i:  51   0   3          . p:    4917    4567 e:   7.7 r:   3.6 OK 1st
Italy_Puglia=Confirmed i:  52   1   4  3/15/2020 p:       0    4567 e: -100.0 r:   5.0   
Italy_Puglia=Confirmed i:  54   3   6  3/17/2020 p:   10251    4567 e: 124.4 r:   7.4   
Italy_Puglia=Confirmed i:  55   4   7          . p:     583    4567 e: -87.2 r:   8.4   
Italy_Puglia=Confirmed i:  56   5   8  3/19/2020 p:       0    4567 e: -100.0 r:  10.5   
Italy_Puglia=Confirmed i:  57   6   9          . p:    3417    4567 e: -25.2 r:  12.7   
Italy_Puglia=Confirmed i:  58   7  10  3/21/2020 p:    4417    4567 e:  -3.3 r:  14.8 OK
Italy_Puglia=Confirmed i:  59   8  11          . p:       0    4567 e: -100.0 r:  17.2   
Italy_Puglia=Confirmed i:  60   9  12  3/23/2020 p:    7084    4567 e:  55.1 r:  19.8   
Italy_Puglia=Confirmed i:  61  10  13          . p:       0    4567 e: -100.0 r:  22.0   
Italy_Puglia=Confirmed i:  62  11  14  3/25/2020 p:    1995    4567 e: -56.3 r:  23.9   
Italy_Puglia=Confirmed i:  63  12  15          . p:    1860    4567 e: -59.3 r:  25.9   
Italy_Puglia=Confirmed i:  64  13  16  3/27/2020 p:    3625    4567 e: -20.6 r:  29.2   
Italy_Puglia=Confirmed i:  65  14  17          . p:    3750    4567 e: -17.9 r:  31.9   
Italy_Puglia=Confirmed i:  66  15  18  3/29/2020 p:    3583    4567 e: -21.5 r:  33.9   
Italy_Puglia=Confirmed i:  67  16  19          . p:    3917    4567 e: -14.2 r:  37.5 OK
Italy_Puglia=Confirmed i:  68  17  20  3/31/2020 p:    3890    4567 e: -14.8 r:  39.5 OK
Italy_Puglia=Confirmed i:  69  18  21          . p:    4089    4567 e: -10.5 r:  42.6 OK
Italy_Puglia=Confirmed i:  70  19  22   4/2/2020 p:    4247    4567 e:  -7.0 r:  45.5 OK
Italy_Puglia=Confirmed i:  71  20  23          . p:    4198    4567 e:  -8.1 r:  47.8 OK
Italy_Puglia=Confirmed i:  72  21  24   4/4/2020 p:    4073    4567 e: -10.8 r:  49.0 OK
Italy_Puglia=Confirmed i:  73  22  25          . p:    3973    4567 e: -13.0 r:  50.7 OK
Italy_Puglia=Confirmed i:  74  23  26   4/6/2020 p:    3914    4567 e: -14.3 r:  53.5 OK
Italy_Puglia=Confirmed i:  75  24  27          . p:    3750    4567 e: -17.9 r:  55.0   
Italy_Puglia=Confirmed i:  76  25  28   4/8/2020 p:    3917    4567 e: -14.2 r:  57.7 OK
Italy_Puglia=Confirmed i:  77  26  29          . p:    3917    4567 e: -14.2 r:  59.5 OK
Italy_Puglia=Confirmed i:  78  27  30  4/10/2020 p:    3917    4567 e: -14.2 r:  61.5 OK
Italy_Puglia=Confirmed i:  79  28  31          . p:    4016    4567 e: -12.1 r:  63.6 OK
Italy_Puglia=Confirmed i:  80  29  32  4/12/2020 p:    4042    4567 e: -11.5 r:  65.4 OK
Italy_Puglia=Confirmed i:  81  30  33          . p:    4074    4567 e: -10.8 r:  67.1 OK
Italy_Puglia=Confirmed i:  82  31  34  4/14/2020 p:    4077    4567 e: -10.7 r:  68.3 OK
Italy_Puglia=Confirmed i:  83  32  35          . p:    4090    4567 e: -10.4 r:  69.7 OK
Italy_Puglia=Confirmed i:  84  33  36  4/16/2020 p:    4085    4567 e: -10.6 r:  71.3 OK
Italy_Puglia=Confirmed i:  85  34  37          . p:    4084    4567 e: -10.6 r:  72.8 OK
Italy_Puglia=Confirmed i:  86  35  38  4/18/2020 p:    4250    4567 e:  -6.9 r:  74.6 OK
Italy_Puglia=Confirmed i:  87  36  39          . p:    4250    4567 e:  -6.9 r:  77.3 OK
Italy_Puglia=Confirmed i:  88  37  40  4/20/2020 p:    4417    4567 e:  -3.3 r:  78.1 OK
Italy_Puglia=Confirmed i:  89  38  41          . p:    4417    4567 e:  -3.3 r:  79.3 OK
Italy_Puglia=Confirmed i:  90  39  42  4/22/2020 p:    4417    4567 e:  -3.3 r:  81.7 OK
Italy_Puglia=Confirmed i:  91  40  43          . p:    4584    4567 e:   0.4 r:  84.1 OK
Italy_Puglia=Confirmed i:  92  41  44  4/24/2020 p:    4584    4567 e:   0.4 r:  85.0 OK
Italy_Puglia=Confirmed i:  93  42  45          . p:    4636    4567 e:   1.5 r:  85.7 OK
Italy_Puglia=Confirmed i:  94  43  46  4/26/2020 p:    4587    4567 e:   0.4 r:  86.4 OK
Italy_Puglia=Confirmed i:  95  44  47          . p:    4590    4567 e:   0.5 r:  86.7 OK
Italy_Puglia=Confirmed i:  96  45  48  4/28/2020 p:    4599    4567 e:   0.7 r:  87.1 OK
Italy_Puglia=Confirmed i:  97  46  49          . p:    4606    4567 e:   0.8 r:  88.2 OK
Italy_Puglia=Confirmed i:  98  47  50  4/30/2020 p:    4584    4567 e:   0.4 r:  89.2 OK
Italy_Puglia=Confirmed i:  99  48  51          . p:    4584    4567 e:   0.4 r:  89.7 OK
Italy_Puglia=Confirmed i: 100  49  52   5/2/2020 p:    4584    4567 e:   0.4 r:  90.5 OK
Italy_Puglia=Confirmed i: 101  50  53          . p:    4584    4567 e:   0.4 r:  90.7 OK
Italy_Puglia=Confirmed i: 102  51  54   5/4/2020 p:    4554    4567 e:  -0.3 r:  90.9 OK
Italy_Puglia=Confirmed i: 103  52  55          . p:    4568    4567 e:   0.0 r:  91.3 OK
Italy_Puglia=Confirmed i: 104  53  56   5/6/2020 p:    4568    4567 e:   0.0 r:  91.9 OK
Italy_Puglia=Confirmed i: 105  54  57          . p:    4584    4567 e:   0.4 r:  92.9 OK
Italy_Puglia=Confirmed i: 106  55  58   5/8/2020 p:    4584    4567 e:   0.4 r:  93.2 OK
Italy_Puglia=Confirmed i: 107  56  59          . p:    4584    4567 e:   0.4 r:  93.8 OK
Italy_Puglia=Confirmed i: 108  57  60  5/10/2020 p:    4584    4567 e:   0.4 r:  94.4 OK
Italy_Puglia=Confirmed i: 109  58  61          . p:    4584    4567 e:   0.4 r:  94.7 OK
Italy_Puglia=Confirmed i: 110  59  62  5/12/2020 p:    4584    4567 e:   0.4 r:  95.0 OK
Italy_Puglia=Confirmed i: 111  60  63          . p:    4557    4567 e:  -0.2 r:  95.2 OK
Italy_Puglia=Confirmed i: 112  61  64  5/14/2020 p:    4563    4567 e:  -0.1 r:  95.4 OK
Italy_Puglia=Confirmed i: 113  62  65          . p:    4566    4567 e:  -0.0 r:  95.6 OK
Italy_Puglia=Confirmed i: 114  63  66  5/16/2020 p:    4567    4567 e:  -0.0 r:  95.8 OK
Italy_Puglia=Confirmed i: 115  64  67          . p:    4568    4567 e:   0.0 r:  95.9 OK
Italy_Puglia=Confirmed i: 116  65  68  5/18/2020 p:    4500    4567 e:  -1.5 r:  96.0 OK
Italy_Puglia=Confirmed i: 117  66  69          . p:    4584    4567 e:   0.4 r:  96.3 OK
Italy_Puglia=Confirmed i: 118  67  70  5/20/2020 p:    4584    4567 e:   0.4 r:  96.5 OK
Italy_Puglia=Confirmed i: 119  68  71          . p:    4584    4567 e:   0.4 r:  96.6 OK
Italy_Puglia=Confirmed i: 120  69  72  5/22/2020 p:    4584    4567 e:   0.4 r:  97.2 OK
Italy_Puglia=Confirmed i: 121  70  73          . p:    4584    4567 e:   0.4 r:  97.4 OK
Italy_Puglia=Confirmed i: 122  71  74  5/24/2020 p:    4584    4567 e:   0.4 r:  97.6 OK
Italy_Puglia=Confirmed i: 123  72  75          . p:    4584    4567 e:   0.4 r:  97.8 OK
Italy_Puglia=Confirmed i: 124  73  76  5/26/2020 p:    4584    4567 e:   0.4 r:  97.8 OK
Italy_Puglia=Confirmed i: 125  74  77          . p:    4584    4567 e:   0.4 r:  98.1 OK
Italy_Puglia=Confirmed i: 126  75  78  5/28/2020 p:    4584    4567 e:   0.4 r:  98.1 OK
Italy_Puglia=Confirmed i: 127  76  79          . p:    4554    4567 e:  -0.3 r:  98.1 OK
Italy_Puglia=Confirmed i: 128  77  80  5/30/2020 p:    4565    4567 e:  -0.0 r:  98.3 OK
Italy_Puglia=Confirmed i: 129  78  81          . p:    4563    4567 e:  -0.1 r:  98.4 OK
Italy_Puglia=Confirmed i: 130  79  82   6/1/2020 p:    4584    4567 e:   0.4 r:  98.5 OK
Italy_Puglia=Confirmed i: 131  80  83          . p:    4568    4567 e:   0.0 r:  98.5 OK
Italy_Puglia=Confirmed i: 132  81  84   6/3/2020 p:    4568    4567 e:   0.0 r:  98.5 OK
Italy_Puglia=Confirmed i: 133  82  85          . p:    4500    4567 e:  -1.5 r:  98.6 OK
Italy_Puglia=Confirmed i: 134  83  86   6/5/2020 p:    4584    4567 e:   0.4 r:  98.7 OK
Italy_Puglia=Confirmed i: 135  84  87          . p:    4584    4567 e:   0.4 r:  98.8 OK
Italy_Puglia=Confirmed i: 136  85  88   6/7/2020 p:    4584    4567 e:   0.4 r:  98.8 OK
Italy_Puglia=Confirmed i: 137  86  89          . p:    4584    4567 e:   0.4 r:  98.8 OK
