
  # Process COVID TAB data
p1= 2064 il= 138
p1= 2064 il= 137
p1= 2064 il= 136
p1= 2064 il= 135
p1= 1983 il= 134
Italy_Veneto=Deaths nl = 139, n1= 5 s1= 2047.8 s2= 4194534.6 SD= 32.3999999999966 frac%= 1.58218576032799
Italy_Veneto=Deaths i:  44  44  -2   3/7/2020 p:      36    2047 e: -98.2 r:   0.6   
Italy_Veneto=Deaths i:  45  45  -1          . p:      36    2047 e: -98.2 r:   0.9   
Italy_Veneto=Deaths i:  46  46   0   3/9/2020 p:      36    2047 e: -98.2 r:   1.0   
Italy_Veneto=Deaths i:  47  47   1          . p:      36    2047 e: -98.2 r:   1.3   
Italy_Veneto=Deaths i:  48  48   2  3/11/2020 p:      36    2047 e: -98.2 r:   1.4   
Italy_Veneto=Deaths i:  49  49   3          . p:      36    2047 e: -98.2 r:   1.6   
Italy_Veneto=Deaths i:  50  50   4  3/13/2020 p:     108    2047 e: -94.7 r:   2.1   
Italy_Veneto=Deaths i:  51  51   5          . p:     253    2047 e: -87.6 r:   2.7   
Italy_Veneto=Deaths i:  52  52   6  3/15/2020 p:     326    2047 e: -84.1 r:   3.1   
Italy_Veneto=Deaths i:  53  53   7          . p:     398    2047 e: -80.6 r:   3.4   
Italy_Veneto=Deaths i:  54  54   8  3/17/2020 p:     326    2047 e: -84.1 r:   3.9   
Italy_Veneto=Deaths i:  55  55   9          . p:     398    2047 e: -80.6 r:   4.6   
Italy_Veneto=Deaths i:  56  56  10  3/19/2020 p:     543    2047 e: -73.5 r:   5.6   
Italy_Veneto=Deaths i:  57  57  11          . p:     760    2047 e: -62.9 r:   6.4   
Italy_Veneto=Deaths i:  58  58  12  3/21/2020 p:     615    2047 e: -70.0 r:   7.1   
Italy_Veneto=Deaths i:  59  59  13          . p:    1050    2047 e: -48.7 r:   8.3   
Italy_Veneto=Deaths i:  60  60  14  3/23/2020 p:    1267    2047 e: -38.1 r:   9.4   
Italy_Veneto=Deaths i:  61  61  15          . p:    1412    2047 e: -31.0 r:  10.5   
Italy_Veneto=Deaths i:  62   0  16  3/25/2020 p:    1919    2047 e:  -6.3 r:  12.6 OK 1st
Italy_Veneto=Deaths i:  63   1  17          . p:    2282    2047 e:  11.4 r:  14.0 OK
Italy_Veneto=Deaths i:  64   2  18  3/27/2020 p:       0    2047 e: -100.0 r:  15.3   
Italy_Veneto=Deaths i:  65   3  19          . p:    2354    2047 e:  15.0 r:  17.7 OK
Italy_Veneto=Deaths i:  66   4  20  3/29/2020 p:       0    2047 e: -100.0 r:  19.1   
Italy_Veneto=Deaths i:  67   5  21          . p:    3513    2047 e:  71.5 r:  20.2   
Italy_Veneto=Deaths i:  68   6  22  3/31/2020 p:    3441    2047 e:  68.0 r:  23.3   
Italy_Veneto=Deaths i:  69   7  23          . p:    3086    2047 e:  50.7 r:  24.4   
Italy_Veneto=Deaths i:  70   8  24   4/2/2020 p:    1455    2047 e: -28.9 r:  26.0   
Italy_Veneto=Deaths i:  71   9  25          . p:    1356    2047 e: -33.8 r:  27.9   
Italy_Veneto=Deaths i:  72  10  26   4/4/2020 p:    1304    2047 e: -36.3 r:  29.6   
Italy_Veneto=Deaths i:  73  11  27          . p:    2960    2047 e:  44.5 r:  30.8   
Italy_Veneto=Deaths i:  74  12  28   4/6/2020 p:    1099    2047 e: -46.3 r:  32.3   
Italy_Veneto=Deaths i:  75  13  29          . p:    1066    2047 e: -47.9 r:  33.9   
Italy_Veneto=Deaths i:  76  14  30   4/8/2020 p:    1195    2047 e: -41.6 r:  35.9   
Italy_Veneto=Deaths i:  77  15  31          . p:    1195    2047 e: -41.6 r:  36.9   
Italy_Veneto=Deaths i:  78  16  32  4/10/2020 p:    1234    2047 e: -39.7 r:  38.7   
Italy_Veneto=Deaths i:  79  17  33          . p:    1267    2047 e: -38.1 r:  40.6   
Italy_Veneto=Deaths i:  80  18  34  4/12/2020 p:    1324    2047 e: -35.3 r:  41.8   
Italy_Veneto=Deaths i:  81  19  35          . p:    1343    2047 e: -34.4 r:  43.1   
Italy_Veneto=Deaths i:  82  20  36  4/14/2020 p:    1378    2047 e: -32.7 r:  44.2   
Italy_Veneto=Deaths i:  83  21  37          . p:    1369    2047 e: -33.1 r:  45.9   
Italy_Veneto=Deaths i:  84  22  38  4/16/2020 p:    1412    2047 e: -31.0 r:  47.9   
Italy_Veneto=Deaths i:  85  23  39          . p:    1485    2047 e: -27.5 r:  50.1   
Italy_Veneto=Deaths i:  86  24  40  4/18/2020 p:    1557    2047 e: -24.0 r:  51.7   
Italy_Veneto=Deaths i:  87  25  41          . p:    1557    2047 e: -24.0 r:  53.1   
Italy_Veneto=Deaths i:  88  26  42  4/20/2020 p:    1630    2047 e: -20.4 r:  54.3   
Italy_Veneto=Deaths i:  89  27  43          . p:    1630    2047 e: -20.4 r:  56.4   
Italy_Veneto=Deaths i:  90  28  44  4/22/2020 p:    1702    2047 e: -16.9 r:  57.7   
Italy_Veneto=Deaths i:  91  29  45          . p:    1705    2047 e: -16.7 r:  58.9   
Italy_Veneto=Deaths i:  92  30  46  4/24/2020 p:    1774    2047 e: -13.4 r:  60.7 OK
Italy_Veneto=Deaths i:  93  31  47          . p:    1774    2047 e: -13.4 r:  62.9 OK
Italy_Veneto=Deaths i:  94  32  48  4/26/2020 p:    1847    2047 e:  -9.8 r:  64.2 OK
Italy_Veneto=Deaths i:  95  33  49          . p:    1919    2047 e:  -6.3 r:  65.6 OK
Italy_Veneto=Deaths i:  96  34  50  4/28/2020 p:    1992    2047 e:  -2.7 r:  68.8 OK
Italy_Veneto=Deaths i:  97  35  51          . p:    1992    2047 e:  -2.7 r:  70.2 OK
Italy_Veneto=Deaths i:  98  36  52  4/30/2020 p:    2064    2047 e:   0.8 r:  71.2 OK
Italy_Veneto=Deaths i:  99  37  53          . p:    2064    2047 e:   0.8 r:  72.2 OK
Italy_Veneto=Deaths i: 100  38  54   5/2/2020 p:    2061    2047 e:   0.6 r:  73.3 OK
Italy_Veneto=Deaths i: 101  39  55          . p:    2057    2047 e:   0.4 r:  74.0 OK
Italy_Veneto=Deaths i: 102  40  56   5/4/2020 p:    2058    2047 e:   0.5 r:  74.6 OK
Italy_Veneto=Deaths i: 103  41  57          . p:    2063    2047 e:   0.7 r:  75.4 OK
Italy_Veneto=Deaths i: 104  42  58   5/6/2020 p:    2037    2047 e:  -0.5 r:  76.6 OK
Italy_Veneto=Deaths i: 105  43  59          . p:    2064    2047 e:   0.8 r:  77.6 OK
Italy_Veneto=Deaths i: 106  44  60   5/8/2020 p:    2064    2047 e:   0.8 r:  79.5 OK
Italy_Veneto=Deaths i: 107  45  61          . p:    2064    2047 e:   0.8 r:  80.2 OK
Italy_Veneto=Deaths i: 108  46  62  5/10/2020 p:    2064    2047 e:   0.8 r:  80.9 OK
Italy_Veneto=Deaths i: 109  47  63          . p:    2064    2047 e:   0.8 r:  81.4 OK
Italy_Veneto=Deaths i: 110  48  64  5/12/2020 p:    2064    2047 e:   0.8 r:  82.3 OK
Italy_Veneto=Deaths i: 111  49  65          . p:    2064    2047 e:   0.8 r:  83.6 OK
Italy_Veneto=Deaths i: 112  50  66  5/14/2020 p:    2064    2047 e:   0.8 r:  85.1 OK
Italy_Veneto=Deaths i: 113  51  67          . p:    2137    2047 e:   4.4 r:  86.0 OK
Italy_Veneto=Deaths i: 114  52  68  5/16/2020 p:    2137    2047 e:   4.4 r:  87.1 OK
Italy_Veneto=Deaths i: 115  53  69          . p:    2137    2047 e:   4.4 r:  87.6 OK
Italy_Veneto=Deaths i: 116  54  70  5/18/2020 p:    2137    2047 e:   4.4 r:  88.0 OK
Italy_Veneto=Deaths i: 117  55  71          . p:    2122    2047 e:   3.6 r:  88.9 OK
Italy_Veneto=Deaths i: 118  56  72  5/20/2020 p:    2125    2047 e:   3.8 r:  89.5 OK
Italy_Veneto=Deaths i: 119  57  73          . p:    2137    2047 e:   4.4 r:  89.9 OK
Italy_Veneto=Deaths i: 120  58  74  5/22/2020 p:    2120    2047 e:   3.5 r:  90.5 OK
Italy_Veneto=Deaths i: 121  59  75          . p:    2120    2047 e:   3.5 r:  91.1 OK
Italy_Veneto=Deaths i: 122  60  76  5/24/2020 p:    2124    2047 e:   3.7 r:  91.3 OK
Italy_Veneto=Deaths i: 123  61  77          . p:    2128    2047 e:   3.9 r:  91.7 OK
Italy_Veneto=Deaths i: 124  62  78  5/26/2020 p:    2107    2047 e:   2.9 r:  92.1 OK
Italy_Veneto=Deaths i: 125  63  79          . p:    2137    2047 e:   4.4 r:  92.5 OK
Italy_Veneto=Deaths i: 126  64  80  5/28/2020 p:    2104    2047 e:   2.7 r:  92.7 OK
Italy_Veneto=Deaths i: 127  65  81          . p:    2107    2047 e:   2.9 r:  93.1 OK
Italy_Veneto=Deaths i: 128  66  82  5/30/2020 p:    2137    2047 e:   4.4 r:  93.6 OK
Italy_Veneto=Deaths i: 129  67  83          . p:    2095    2047 e:   2.3 r:  93.7 OK
Italy_Veneto=Deaths i: 130  68  84   6/1/2020 p:    2087    2047 e:   1.9 r:  93.7 OK
Italy_Veneto=Deaths i: 131  69  85          . p:    2087    2047 e:   1.9 r:  93.8 OK
Italy_Veneto=Deaths i: 132  70  86   6/3/2020 p:    1962    2047 e:  -4.2 r:  93.8 OK
Italy_Veneto=Deaths i: 133  71  87          . p:    1983    2047 e:  -3.2 r:  94.4 OK
Italy_Veneto=Deaths i: 134  72  88   6/5/2020 p:    1983    2047 e:  -3.2 r:  94.6 OK
Italy_Veneto=Deaths i: 135  73  89          . p:    2064    2047 e:   0.8 r:  95.2 OK
Italy_Veneto=Deaths i: 136  74  90   6/7/2020 p:    2064    2047 e:   0.8 r:  95.4 OK
Italy_Veneto=Deaths i: 137  75  91          . p:    2064    2047 e:   0.8 r:  95.5 OK
Italy_Veneto=Deaths i: 138  76  92   6/9/2020 p:    2064    2047 e:   0.8 r:  95.8 OK
