
  # Process COVID TAB data
p1= 1964 il= 137
p1= 1956 il= 134
p1= 1964 il= 133
p1= 1964 il= 132
p1= 1928 il= 131
Switzerland=Deaths nl = 138, n1= 5 s1= 1955.2 s2= 3823001.6 SD= 13.9484766193322 frac%= 0.713404082412651
Switzerland=Deaths i:  48  48  -5  3/11/2020 p:      35    1955 e: -98.2 r:   0.2   
Switzerland=Deaths i:  49  49  -4          . p:      34    1955 e: -98.3 r:   0.2   
Switzerland=Deaths i:  52  52  -1  3/15/2020 p:      35    1955 e: -98.2 r:   0.7   
Switzerland=Deaths i:  53  53   0          . p:      35    1955 e: -98.2 r:   0.7   
Switzerland=Deaths i:  54  54   1  3/17/2020 p:     250    1955 e: -87.2 r:   1.4   
Switzerland=Deaths i:  55  55   2          . p:      35    1955 e: -98.2 r:   1.4   
Switzerland=Deaths i:  56  56   3  3/19/2020 p:     178    1955 e: -90.9 r:   2.1   
Switzerland=Deaths i:  57  57   4          . p:     464    1955 e: -76.3 r:   2.8   
Switzerland=Deaths i:  58  58   5  3/21/2020 p:     750    1955 e: -61.6 r:   3.8   
Switzerland=Deaths i:  59   0   6          . p:    1964    1955 e:   0.5 r:   5.0 OK 1st
Switzerland=Deaths i:  60   1   7  3/23/2020 p:     750    1955 e: -61.6 r:   6.1   
Switzerland=Deaths i:  61   2   8          . p:     178    1955 e: -90.9 r:   6.2   
Switzerland=Deaths i:  62   3   9  3/25/2020 p:     321    1955 e: -83.6 r:   7.8   
Switzerland=Deaths i:  63   4  10          . p:     607    1955 e: -69.0 r:   9.8   
Switzerland=Deaths i:  64   5  11  3/27/2020 p:    1679    1955 e: -14.1 r:  11.8 OK
Switzerland=Deaths i:  65   6  12          . p:    1750    1955 e: -10.5 r:  13.5 OK
Switzerland=Deaths i:  66   7  13  3/29/2020 p:    1750    1955 e: -10.5 r:  15.3 OK
Switzerland=Deaths i:  67   8  14          . p:    1750    1955 e: -10.5 r:  18.4 OK
Switzerland=Deaths i:  68   9  15  3/31/2020 p:    2750    1955 e:  40.7 r:  22.1   
Switzerland=Deaths i:  69  10  16          . p:    3965    1955 e: 102.8 r:  25.0   
Switzerland=Deaths i:  70  11  17   4/2/2020 p:    3822    1955 e:  95.5 r:  27.4   
Switzerland=Deaths i:  71  12  18          . p:     821    1955 e: -58.0 r:  30.2   
Switzerland=Deaths i:  72  13  19   4/4/2020 p:    4608    1955 e: 135.7 r:  34.1   
Switzerland=Deaths i:  73  14  20          . p:    1411    1955 e: -27.8 r:  36.6   
Switzerland=Deaths i:  74  15  21   4/6/2020 p:    3265    1955 e:  67.0 r:  39.1   
Switzerland=Deaths i:  75  16  22          . p:    2646    1955 e:  35.3 r:  42.0   
Switzerland=Deaths i:  76  17  23   4/8/2020 p:    1704    1955 e: -12.8 r:  45.8 OK
Switzerland=Deaths i:  77  18  24          . p:    2536    1955 e:  29.7 r:  48.5   
Switzerland=Deaths i:  78  19  25  4/10/2020 p:    1840    1955 e:  -5.9 r:  51.2 OK
Switzerland=Deaths i:  79  20  26          . p:    1798    1955 e:  -8.0 r:  53.0 OK
Switzerland=Deaths i:  80  21  27  4/12/2020 p:    1811    1955 e:  -7.4 r:  56.6 OK
Switzerland=Deaths i:  81  22  28          . p:    1750    1955 e: -10.5 r:  58.2 OK
Switzerland=Deaths i:  82  23  29  4/14/2020 p:    1667    1955 e: -14.7 r:  60.0 OK
Switzerland=Deaths i:  83  24  30          . p:    1791    1955 e:  -8.4 r:  63.4 OK
Switzerland=Deaths i:  84  25  31  4/16/2020 p:    1860    1955 e:  -4.9 r:  65.5 OK
Switzerland=Deaths i:  85  26  32          . p:    1964    1955 e:   0.5 r:  67.9 OK
Switzerland=Deaths i:  86  27  33  4/18/2020 p:    1920    1955 e:  -1.8 r:  70.0 OK
Switzerland=Deaths i:  87  28  34          . p:    1860    1955 e:  -4.9 r:  71.2 OK
Switzerland=Deaths i:  88  29  35  4/20/2020 p:    1861    1955 e:  -4.8 r:  73.1 OK
Switzerland=Deaths i:  89  30  36          . p:    1879    1955 e:  -3.9 r:  75.6 OK
Switzerland=Deaths i:  90  31  37  4/22/2020 p:    1964    1955 e:   0.5 r:  77.2 OK
Switzerland=Deaths i:  91  32  38          . p:    1964    1955 e:   0.5 r:  79.2 OK
Switzerland=Deaths i:  92  33  39  4/24/2020 p:    1964    1955 e:   0.5 r:  81.3 OK
Switzerland=Deaths i:  93  34  40          . p:    1996    1955 e:   2.1 r:  81.8 OK
Switzerland=Deaths i:  94  35  41  4/26/2020 p:    1954    1955 e:  -0.1 r:  82.3 OK
Switzerland=Deaths i:  95  36  42          . p:    1978    1955 e:   1.2 r:  85.2 OK
Switzerland=Deaths i:  96  37  43  4/28/2020 p:    2014    1955 e:   3.0 r:  86.9 OK
Switzerland=Deaths i:  97  38  44          . p:    2036    1955 e:   4.1 r:  87.8 OK
Switzerland=Deaths i:  98  39  45  4/30/2020 p:    2017    1955 e:   3.2 r:  88.8 OK
Switzerland=Deaths i:  99  40  46          . p:    2120    1955 e:   8.4 r:  89.7 OK
Switzerland=Deaths i: 100  41  47   5/2/2020 p:    2015    1955 e:   3.1 r:  90.1 OK
Switzerland=Deaths i: 101  42  48          . p:    2016    1955 e:   3.1 r:  90.1 OK
Switzerland=Deaths i: 102  43  49   5/4/2020 p:    2016    1955 e:   3.1 r:  91.2 OK
Switzerland=Deaths i: 103  44  50          . p:    1964    1955 e:   0.5 r:  91.8 OK
Switzerland=Deaths i: 104  45  51   5/6/2020 p:    1964    1955 e:   0.5 r:  92.3 OK
Switzerland=Deaths i: 105  46  52          . p:    1976    1955 e:   1.1 r:  92.6 OK
Switzerland=Deaths i: 106  47  53   5/8/2020 p:    1953    1955 e:  -0.1 r:  93.2 OK
Switzerland=Deaths i: 107  48  54          . p:    1956    1955 e:   0.0 r:  93.6 OK
Switzerland=Deaths i: 108  49  55  5/10/2020 p:    1956    1955 e:   0.0 r:  93.8 OK
Switzerland=Deaths i: 109  50  56          . p:    1934    1955 e:  -1.1 r:  94.4 OK
Switzerland=Deaths i: 110  51  57  5/12/2020 p:    1964    1955 e:   0.5 r:  95.5 OK
Switzerland=Deaths i: 111  52  58          . p:    1964    1955 e:   0.5 r:  95.6 OK
Switzerland=Deaths i: 112  53  59  5/14/2020 p:    1964    1955 e:   0.5 r:  95.7 OK
Switzerland=Deaths i: 113  54  60          . p:    1964    1955 e:   0.5 r:  96.1 OK
Switzerland=Deaths i: 114  55  61  5/16/2020 p:    1954    1955 e:  -0.1 r:  96.1 OK
Switzerland=Deaths i: 115  56  62          . p:    1936    1955 e:  -1.0 r:  96.2 OK
Switzerland=Deaths i: 116  57  63  5/18/2020 p:    1964    1955 e:   0.5 r:  96.5 OK
Switzerland=Deaths i: 117  58  64          . p:    1964    1955 e:   0.5 r:  96.7 OK
Switzerland=Deaths i: 118  59  65  5/20/2020 p:    1964    1955 e:   0.5 r:  96.8 OK
Switzerland=Deaths i: 119  60  66          . p:    1964    1955 e:   0.5 r:  97.1 OK
Switzerland=Deaths i: 120  61  67  5/22/2020 p:    1964    1955 e:   0.5 r:  97.3 OK
Switzerland=Deaths i: 121  62  68          . p:    1964    1955 e:   0.5 r:  97.4 OK
Switzerland=Deaths i: 122  63  69  5/24/2020 p:    1964    1955 e:   0.5 r:  97.5 OK
Switzerland=Deaths i: 123  64  70          . p:    1964    1955 e:   0.5 r:  97.8 OK
Switzerland=Deaths i: 124  65  71  5/26/2020 p:    1964    1955 e:   0.5 r:  97.9 OK
Switzerland=Deaths i: 125  66  72          . p:    1964    1955 e:   0.5 r:  98.0 OK
Switzerland=Deaths i: 126  67  73  5/28/2020 p:    1933    1955 e:  -1.1 r:  98.1 OK
Switzerland=Deaths i: 127  68  74          . p:    1932    1955 e:  -1.2 r:  98.1 OK
Switzerland=Deaths i: 128  69  75  5/30/2020 p:    1937    1955 e:  -0.9 r:  98.1 OK
Switzerland=Deaths i: 129  70  76          . p:    1928    1955 e:  -1.4 r:  98.2 OK
Switzerland=Deaths i: 130  71  77   6/1/2020 p:    1928    1955 e:  -1.4 r:  98.2 OK
Switzerland=Deaths i: 131  72  78          . p:    1928    1955 e:  -1.4 r:  98.2 OK
Switzerland=Deaths i: 132  73  79   6/3/2020 p:    1964    1955 e:   0.5 r:  98.3 OK
Switzerland=Deaths i: 133  74  80          . p:    1964    1955 e:   0.5 r:  98.3 OK
Switzerland=Deaths i: 134  75  81   6/5/2020 p:    1956    1955 e:   0.0 r:  98.3 OK
Switzerland=Deaths i: 137  78  84          . p:    1964    1955 e:   0.5 r:  98.4 OK
