
  # Process COVID TAB data
p1= 274 il= 138
p1= 274 il= 137
p1= 274 il= 136
p1= 274 il= 135
p1= 274 il= 134
US_Louisiana_East_Baton_Rouge=Deaths nl = 139, n1= 5 s1= 274 s2= 75076 SD= 0 frac%= 0
US_Louisiana_East_Baton_Rouge=Deaths i:  68  68  -4  3/31/2020 p:      13     274 e: -95.3 r:   3.3   
US_Louisiana_East_Baton_Rouge=Deaths i:  69  69  -3          . p:      13     274 e: -95.3 r:   3.6   
US_Louisiana_East_Baton_Rouge=Deaths i:  70  70  -2   4/2/2020 p:      12     274 e: -95.6 r:   4.0   
US_Louisiana_East_Baton_Rouge=Deaths i:  71  71  -1          . p:      19     274 e: -93.1 r:   4.7   
US_Louisiana_East_Baton_Rouge=Deaths i:  72  72   0   4/4/2020 p:      23     274 e: -91.6 r:   5.1   
US_Louisiana_East_Baton_Rouge=Deaths i:  76  76   4   4/8/2020 p:      41     274 e: -85.0 r:  12.0   
US_Louisiana_East_Baton_Rouge=Deaths i:  77  77   5          . p:      41     274 e: -85.0 r:  13.1   
US_Louisiana_East_Baton_Rouge=Deaths i:  78  78   6  4/10/2020 p:      51     274 e: -81.4 r:  14.2   
US_Louisiana_East_Baton_Rouge=Deaths i:  79  79   7          . p:      69     274 e: -74.8 r:  16.4   
US_Louisiana_East_Baton_Rouge=Deaths i:  80  80   8  4/12/2020 p:      79     274 e: -71.2 r:  17.9   
US_Louisiana_East_Baton_Rouge=Deaths i:  81  81   9          . p:      79     274 e: -71.2 r:  19.0   
US_Louisiana_East_Baton_Rouge=Deaths i:  82   0  10  4/14/2020 p:     246     274 e: -10.2 r:  21.2 OK 1st
US_Louisiana_East_Baton_Rouge=Deaths i:  83   1  11          . p:      97     274 e: -64.6 r:  22.6   
US_Louisiana_East_Baton_Rouge=Deaths i:  84   2  12  4/16/2020 p:     105     274 e: -61.7 r:  24.1   
US_Louisiana_East_Baton_Rouge=Deaths i:  85   3  13          . p:     130     274 e: -52.6 r:  24.1   
US_Louisiana_East_Baton_Rouge=Deaths i:  86   4  14  4/18/2020 p:     103     274 e: -62.4 r:  26.3   
US_Louisiana_East_Baton_Rouge=Deaths i:  87   5  15          . p:     108     274 e: -60.6 r:  26.3   
US_Louisiana_East_Baton_Rouge=Deaths i:  88   6  16  4/20/2020 p:      82     274 e: -70.1 r:  27.0   
US_Louisiana_East_Baton_Rouge=Deaths i:  89   7  17          . p:     155     274 e: -43.4 r:  32.8   
US_Louisiana_East_Baton_Rouge=Deaths i:  90   8  18  4/22/2020 p:     185     274 e: -32.5 r:  34.7   
US_Louisiana_East_Baton_Rouge=Deaths i:  91   9  19          . p:     200     274 e: -27.0 r:  36.5   
US_Louisiana_East_Baton_Rouge=Deaths i:  92  10  20  4/24/2020 p:     218     274 e: -20.4 r:  39.8   
US_Louisiana_East_Baton_Rouge=Deaths i:  93  11  21          . p:     237     274 e: -13.5 r:  41.6 OK
US_Louisiana_East_Baton_Rouge=Deaths i:  94  12  22  4/26/2020 p:     274     274 e:   0.0 r:  43.8 OK
US_Louisiana_East_Baton_Rouge=Deaths i:  95  13  23          . p:     274     274 e:   0.0 r:  45.3 OK
US_Louisiana_East_Baton_Rouge=Deaths i:  96  14  24  4/28/2020 p:     265     274 e:  -3.3 r:  45.6 OK
US_Louisiana_East_Baton_Rouge=Deaths i:  97  15  25          . p:     134     274 e: -51.1 r:  47.1   
US_Louisiana_East_Baton_Rouge=Deaths i:  98  16  26  4/30/2020 p:     250     274 e:  -8.8 r:  50.0 OK
US_Louisiana_East_Baton_Rouge=Deaths i:  99  17  27          . p:     258     274 e:  -5.8 r:  53.3 OK
US_Louisiana_East_Baton_Rouge=Deaths i: 100  18  28   5/2/2020 p:     274     274 e:   0.0 r:  54.0 OK
US_Louisiana_East_Baton_Rouge=Deaths i: 101  19  29          . p:     265     274 e:  -3.3 r:  55.8 OK
US_Louisiana_East_Baton_Rouge=Deaths i: 102  20  30   5/4/2020 p:     265     274 e:  -3.3 r:  56.9 OK
US_Louisiana_East_Baton_Rouge=Deaths i: 103  21  31          . p:     269     274 e:  -1.8 r:  59.5 OK
US_Louisiana_East_Baton_Rouge=Deaths i: 104  22  32   5/6/2020 p:     274     274 e:   0.0 r:  60.2 OK
US_Louisiana_East_Baton_Rouge=Deaths i: 105  23  33          . p:     265     274 e:  -3.3 r:  62.0 OK
US_Louisiana_East_Baton_Rouge=Deaths i: 106  24  34   5/8/2020 p:     242     274 e: -11.7 r:  62.4 OK
US_Louisiana_East_Baton_Rouge=Deaths i: 107  25  35          . p:     265     274 e:  -3.3 r:  65.3 OK
US_Louisiana_East_Baton_Rouge=Deaths i: 108  26  36  5/10/2020 p:     265     274 e:  -3.3 r:  66.4 OK
US_Louisiana_East_Baton_Rouge=Deaths i: 109  27  37          . p:     274     274 e:   0.0 r:  68.6 OK
US_Louisiana_East_Baton_Rouge=Deaths i: 110  28  38  5/12/2020 p:     274     274 e:   0.0 r:  69.3 OK
US_Louisiana_East_Baton_Rouge=Deaths i: 111  29  39          . p:     274     274 e:   0.0 r:  72.6 OK
US_Louisiana_East_Baton_Rouge=Deaths i: 112  30  40  5/14/2020 p:     274     274 e:   0.0 r:  73.4 OK
US_Louisiana_East_Baton_Rouge=Deaths i: 113  31  41          . p:     283     274 e:   3.3 r:  74.8 OK
US_Louisiana_East_Baton_Rouge=Deaths i: 114  32  42  5/16/2020 p:     282     274 e:   2.9 r:  75.9 OK
US_Louisiana_East_Baton_Rouge=Deaths i: 115  33  43          . p:     285     274 e:   4.0 r:  77.4 OK
US_Louisiana_East_Baton_Rouge=Deaths i: 116  34  44  5/18/2020 p:     283     274 e:   3.3 r:  78.8 OK
US_Louisiana_East_Baton_Rouge=Deaths i: 117  35  45          . p:     283     274 e:   3.3 r:  79.9 OK
US_Louisiana_East_Baton_Rouge=Deaths i: 118  36  46  5/20/2020 p:     286     274 e:   4.4 r:  80.7 OK
US_Louisiana_East_Baton_Rouge=Deaths i: 119  37  47          . p:     288     274 e:   5.1 r:  82.1 OK
US_Louisiana_East_Baton_Rouge=Deaths i: 120  38  48  5/22/2020 p:     286     274 e:   4.4 r:  82.1 OK
US_Louisiana_East_Baton_Rouge=Deaths i: 121  39  49          . p:     286     274 e:   4.4 r:  82.1 OK
US_Louisiana_East_Baton_Rouge=Deaths i: 122  40  50  5/24/2020 p:     283     274 e:   3.3 r:  83.6 OK
US_Louisiana_East_Baton_Rouge=Deaths i: 123  41  51          . p:     283     274 e:   3.3 r:  83.9 OK
US_Louisiana_East_Baton_Rouge=Deaths i: 124  42  52  5/26/2020 p:     280     274 e:   2.2 r:  83.9 OK
US_Louisiana_East_Baton_Rouge=Deaths i: 125  43  53          . p:     274     274 e:   0.0 r:  85.0 OK
US_Louisiana_East_Baton_Rouge=Deaths i: 126  44  54  5/28/2020 p:     277     274 e:   1.1 r:  85.0 OK
US_Louisiana_East_Baton_Rouge=Deaths i: 127  45  55          . p:     274     274 e:   0.0 r:  86.1 OK
US_Louisiana_East_Baton_Rouge=Deaths i: 128  46  56  5/30/2020 p:     274     274 e:   0.0 r:  87.2 OK
US_Louisiana_East_Baton_Rouge=Deaths i: 129  47  57          . p:     274     274 e:   0.0 r:  87.2 OK
US_Louisiana_East_Baton_Rouge=Deaths i: 130  48  58   6/1/2020 p:     274     274 e:   0.0 r:  87.2 OK
US_Louisiana_East_Baton_Rouge=Deaths i: 131  49  59          . p:     270     274 e:  -1.5 r:  87.6 OK
US_Louisiana_East_Baton_Rouge=Deaths i: 132  50  60   6/3/2020 p:     269     274 e:  -1.8 r:  88.3 OK
US_Louisiana_East_Baton_Rouge=Deaths i: 133  51  61          . p:     265     274 e:  -3.3 r:  89.8 OK
US_Louisiana_East_Baton_Rouge=Deaths i: 134  52  62   6/5/2020 p:     274     274 e:   0.0 r:  91.2 OK
US_Louisiana_East_Baton_Rouge=Deaths i: 135  53  63          . p:     274     274 e:   0.0 r:  91.2 OK
US_Louisiana_East_Baton_Rouge=Deaths i: 136  54  64   6/7/2020 p:     274     274 e:   0.0 r:  92.0 OK
US_Louisiana_East_Baton_Rouge=Deaths i: 137  55  65          . p:     274     274 e:   0.0 r:  92.0 OK
US_Louisiana_East_Baton_Rouge=Deaths i: 138  56  66   6/9/2020 p:     274     274 e:   0.0 r:  92.0 OK
