
  # Process COVID TAB data
p1= 4226 il= 138
p1= 4225 il= 137
p1= 4229 il= 136
p1= 4229 il= 135
p1= 4229 il= 134
Hungary=Confirmed nl = 139, n1= 5 s1= 4227.6 s2= 17872604.8 SD= 1.74355957715988 frac%= 0.041242302421229
Hungary=Confirmed i:  50  50  -7  3/13/2020 p:      74    4227 e: -98.2 r:   0.4   
Hungary=Confirmed i:  51  51  -6          . p:     519    4227 e: -87.7 r:   0.7   
Hungary=Confirmed i:  52  52  -5  3/15/2020 p:     371    4227 e: -91.2 r:   0.8   
Hungary=Confirmed i:  53  53  -4          . p:    1558    4227 e: -63.1 r:   0.9   
Hungary=Confirmed i:  54  54  -3  3/17/2020 p:      74    4227 e: -98.2 r:   1.2   
Hungary=Confirmed i:  55  55  -2          . p:      74    4227 e: -98.2 r:   1.4   
Hungary=Confirmed i:  56  56  -1  3/19/2020 p:     519    4227 e: -87.7 r:   1.7   
Hungary=Confirmed i:  57  57   0          . p:     667    4227 e: -84.2 r:   2.0   
Hungary=Confirmed i:  58  58   1  3/21/2020 p:    1409    4227 e: -66.7 r:   2.4   
Hungary=Confirmed i:  59  59   2          . p:    1706    4227 e: -59.6 r:   3.1   
Hungary=Confirmed i:  60  60   3  3/23/2020 p:    7197    4227 e:  70.2 r:   4.0   
Hungary=Confirmed i:  61  61   4          . p:    9275    4227 e: 119.4 r:   4.4   
Hungary=Confirmed i:  62  62   5  3/25/2020 p:       0    4227 e: -100.0 r:   5.3   
Hungary=Confirmed i:  63  63   6          . p:     667    4227 e: -84.2 r:   6.2   
Hungary=Confirmed i:  64  64   7  3/27/2020 p:     964    4227 e: -77.2 r:   7.1   
Hungary=Confirmed i:  65  65   8          . p:       0    4227 e: -100.0 r:   8.1   
Hungary=Confirmed i:  66  66   9  3/29/2020 p:       0    4227 e: -100.0 r:   9.7   
Hungary=Confirmed i:  67  67  10          . p:    2448    4227 e: -42.1 r:  10.6   
Hungary=Confirmed i:  68  68  11  3/31/2020 p:    1855    4227 e: -56.1 r:  11.6   
Hungary=Confirmed i:  69  69  12          . p:    1591    4227 e: -62.4 r:  12.4   
Hungary=Confirmed i:  70  70  13   4/2/2020 p:    1632    4227 e: -61.4 r:  13.8   
Hungary=Confirmed i:  71  71  14          . p:    1083    4227 e: -74.4 r:  14.7   
Hungary=Confirmed i:  72  72  15   4/4/2020 p:    1335    4227 e: -68.4 r:  16.0   
Hungary=Confirmed i:  73  73  16          . p:    1558    4227 e: -63.1 r:  17.3   
Hungary=Confirmed i:  74  74  17   4/6/2020 p:    1315    4227 e: -68.9 r:  17.6   
Hungary=Confirmed i:  75  75  18          . p:    1444    4227 e: -65.8 r:  19.3   
Hungary=Confirmed i:  76  76  19   4/8/2020 p:    1706    4227 e: -59.6 r:  21.2   
Hungary=Confirmed i:  77  77  20          . p:    2300    4227 e: -45.6 r:  23.2   
Hungary=Confirmed i:  78   0  21  4/10/2020 p:    3635    4227 e: -14.0 r:  28.1 OK 1st
Hungary=Confirmed i:  79   1  22          . p:    4971    4227 e:  17.6 r:  31.0   
Hungary=Confirmed i:  80   2  23  4/12/2020 p:    6307    4227 e:  49.2 r:  33.4   
Hungary=Confirmed i:  81   3  24          . p:    6307    4227 e:  49.2 r:  34.5   
Hungary=Confirmed i:  82   4  25  4/14/2020 p:    6307    4227 e:  49.2 r:  35.8   
Hungary=Confirmed i:  83   5  26          . p:    6307    4227 e:  49.2 r:  37.3   
Hungary=Confirmed i:  84   6  27  4/16/2020 p:    5861    4227 e:  38.6 r:  39.1   
Hungary=Confirmed i:  85   7  28          . p:    5713    4227 e:  35.1 r:  41.7   
Hungary=Confirmed i:  86   8  29  4/18/2020 p:    5713    4227 e:  35.1 r:  43.4   
Hungary=Confirmed i:  87   9  30          . p:    5565    4227 e:  31.6 r:  45.3   
Hungary=Confirmed i:  88  10  31  4/20/2020 p:    2597    4227 e: -38.6 r:  46.9   
Hungary=Confirmed i:  89  11  32          . p:    5268    4227 e:  24.6 r:  49.6   
Hungary=Confirmed i:  90  12  33  4/22/2020 p:    5268    4227 e:  24.6 r:  51.3   
Hungary=Confirmed i:  91  13  34          . p:    5268    4227 e:  24.6 r:  54.0   
Hungary=Confirmed i:  92  14  35  4/24/2020 p:    5416    4227 e:  28.1 r:  57.8   
Hungary=Confirmed i:  93  15  36          . p:    5416    4227 e:  28.1 r:  58.4   
Hungary=Confirmed i:  94  16  37  4/26/2020 p:    5268    4227 e:  24.6 r:  59.1   
Hungary=Confirmed i:  95  17  38          . p:    5177    4227 e:  22.5 r:  61.1   
Hungary=Confirmed i:  96  18  39  4/28/2020 p:    5330    4227 e:  26.1 r:  62.7   
Hungary=Confirmed i:  97  19  40          . p:    5119    4227 e:  21.1 r:  64.5   
Hungary=Confirmed i:  98  20  41  4/30/2020 p:    4971    4227 e:  17.6 r:  65.6   
Hungary=Confirmed i:  99  21  42          . p:    4971    4227 e:  17.6 r:  67.7   
Hungary=Confirmed i: 100  22  43   5/2/2020 p:    4823    4227 e:  14.1 r:  69.6 OK
Hungary=Confirmed i: 101  23  44          . p:    4823    4227 e:  14.1 r:  70.9 OK
Hungary=Confirmed i: 102  24  45   5/4/2020 p:    4674    4227 e:  10.6 r:  71.8 OK
Hungary=Confirmed i: 103  25  46          . p:    4662    4227 e:  10.3 r:  72.5 OK
Hungary=Confirmed i: 104  26  47   5/6/2020 p:    4577    4227 e:   8.3 r:  73.6 OK
Hungary=Confirmed i: 105  27  48          . p:    4484    4227 e:   6.1 r:  74.5 OK
Hungary=Confirmed i: 106  28  49   5/8/2020 p:    3646    4227 e: -13.8 r:  75.2 OK
Hungary=Confirmed i: 107  29  50          . p:    4351    4227 e:   2.9 r:  76.0 OK
Hungary=Confirmed i: 108  30  51  5/10/2020 p:    3635    4227 e: -14.0 r:  77.2 OK
Hungary=Confirmed i: 109  31  52          . p:    3635    4227 e: -14.0 r:  77.7 OK
Hungary=Confirmed i: 110  32  53  5/12/2020 p:    3665    4227 e: -13.3 r:  78.4 OK
Hungary=Confirmed i: 111  33  54          . p:    3680    4227 e: -13.0 r:  79.0 OK
Hungary=Confirmed i: 112  34  55  5/14/2020 p:    3665    4227 e: -13.3 r:  80.0 OK
Hungary=Confirmed i: 113  35  56          . p:    3784    4227 e: -10.5 r:  80.8 OK
Hungary=Confirmed i: 114  36  57  5/16/2020 p:    3932    4227 e:  -7.0 r:  82.2 OK
Hungary=Confirmed i: 115  37  58          . p:    3932    4227 e:  -7.0 r:  83.0 OK
Hungary=Confirmed i: 116  38  59  5/18/2020 p:    3932    4227 e:  -7.0 r:  83.6 OK
Hungary=Confirmed i: 117  39  60          . p:    3932    4227 e:  -7.0 r:  84.1 OK
Hungary=Confirmed i: 118  40  61  5/20/2020 p:    4081    4227 e:  -3.5 r:  85.1 OK
Hungary=Confirmed i: 119  41  62          . p:    4081    4227 e:  -3.5 r:  86.1 OK
Hungary=Confirmed i: 120  42  63  5/22/2020 p:    4081    4227 e:  -3.5 r:  87.0 OK
Hungary=Confirmed i: 121  43  64          . p:    4081    4227 e:  -3.5 r:  87.8 OK
Hungary=Confirmed i: 122  44  65  5/24/2020 p:    4081    4227 e:  -3.5 r:  88.5 OK
Hungary=Confirmed i: 123  45  66          . p:    4140    4227 e:  -2.1 r:  88.8 OK
Hungary=Confirmed i: 124  46  67  5/26/2020 p:    4183    4227 e:  -1.1 r:  89.2 OK
Hungary=Confirmed i: 125  47  68          . p:    4175    4227 e:  -1.2 r:  89.7 OK
Hungary=Confirmed i: 126  48  69  5/28/2020 p:    4170    4227 e:  -1.4 r:  90.3 OK
Hungary=Confirmed i: 127  49  70          . p:    4229    4227 e:   0.0 r:  90.9 OK
Hungary=Confirmed i: 128  50  71  5/30/2020 p:    4229    4227 e:   0.0 r:  91.5 OK
Hungary=Confirmed i: 129  51  72          . p:    4229    4227 e:   0.0 r:  91.7 OK
Hungary=Confirmed i: 130  52  73   6/1/2020 p:    4199    4227 e:  -0.7 r:  92.1 OK
Hungary=Confirmed i: 131  53  74          . p:    4229    4227 e:   0.0 r:  92.7 OK
Hungary=Confirmed i: 132  54  75   6/3/2020 p:    4229    4227 e:   0.0 r:  93.0 OK
Hungary=Confirmed i: 133  55  76          . p:    4229    4227 e:   0.0 r:  93.5 OK
Hungary=Confirmed i: 134  56  77   6/5/2020 p:    4229    4227 e:   0.0 r:  93.9 OK
Hungary=Confirmed i: 135  57  78          . p:    4229    4227 e:   0.0 r:  94.4 OK
Hungary=Confirmed i: 136  58  79   6/7/2020 p:    4229    4227 e:   0.0 r:  94.8 OK
Hungary=Confirmed i: 137  59  80          . p:    4225    4227 e:  -0.1 r:  94.9 OK
Hungary=Confirmed i: 138  60  81   6/9/2020 p:    4226    4227 e:  -0.0 r:  95.0 OK
