
  # Process COVID TAB data
p1= 13518 il= 138
p1= 12777 il= 137
p1= 12777 il= 136
p1= 12407 il= 135
p1= 12407 il= 134
Moldova=Confirmed nl = 139, n1= 5 s1= 12777.2 s2= 163421416 SD= 405.679873792091 frac%= 3.17502953536057
Moldova=Confirmed i:  54  54  -5  3/17/2020 p:     185   12777 e: -98.6 r:   0.2   
Moldova=Confirmed i:  55  55  -4          . p:     186   12777 e: -98.5 r:   0.2   
Moldova=Confirmed i:  56  56  -3  3/19/2020 p:     180   12777 e: -98.6 r:   0.4   
Moldova=Confirmed i:  57  57  -2          . p:     185   12777 e: -98.6 r:   0.5   
Moldova=Confirmed i:  58  58  -1  3/21/2020 p:     555   12777 e: -95.7 r:   0.6   
Moldova=Confirmed i:  59  59   0          . p:     555   12777 e: -95.7 r:   0.7   
Moldova=Confirmed i:  60  60   1  3/23/2020 p:     185   12777 e: -98.6 r:   0.9   
Moldova=Confirmed i:  61  61   2          . p:     183   12777 e: -98.6 r:   1.0   
Moldova=Confirmed i:  62  62   3  3/25/2020 p:     413   12777 e: -96.8 r:   1.2   
Moldova=Confirmed i:  63  63   4          . p:     555   12777 e: -95.7 r:   1.4   
Moldova=Confirmed i:  64  64   5  3/27/2020 p:     555   12777 e: -95.7 r:   1.6   
Moldova=Confirmed i:  65  65   6          . p:     925   12777 e: -92.8 r:   1.8   
Moldova=Confirmed i:  66  66   7  3/29/2020 p:     925   12777 e: -92.8 r:   2.1   
Moldova=Confirmed i:  67  67   8          . p:    1049   12777 e: -91.8 r:   2.3   
Moldova=Confirmed i:  68  68   9  3/31/2020 p:    1296   12777 e: -89.9 r:   2.8   
Moldova=Confirmed i:  69  69  10          . p:    1666   12777 e: -87.0 r:   3.3   
Moldova=Confirmed i:  70  70  11   4/2/2020 p:    2407   12777 e: -81.2 r:   4.0   
Moldova=Confirmed i:  71  71  12          . p:    3148   12777 e: -75.4 r:   4.6   
Moldova=Confirmed i:  72  72  13   4/4/2020 p:    5000   12777 e: -60.9 r:   5.9   
Moldova=Confirmed i:  73  73  14          . p:    6851   12777 e: -46.4 r:   6.8   
Moldova=Confirmed i:  74  74  15   4/6/2020 p:    3518   12777 e: -72.5 r:   7.6   
Moldova=Confirmed i:  75  75  16          . p:    1296   12777 e: -89.9 r:   8.3   
Moldova=Confirmed i:  76  76  17   4/8/2020 p:    1666   12777 e: -87.0 r:   9.2   
Moldova=Confirmed i:  77  77  18          . p:    2037   12777 e: -84.1 r:  10.1   
Moldova=Confirmed i:  78  78  19  4/10/2020 p:    2777   12777 e: -78.3 r:  11.3   
Moldova=Confirmed i:  79  79  20          . p:    3148   12777 e: -75.4 r:  12.2   
Moldova=Confirmed i:  80  80  21  4/12/2020 p:    3148   12777 e: -75.4 r:  13.0   
Moldova=Confirmed i:  81  81  22          . p:    2777   12777 e: -78.3 r:  13.4   
Moldova=Confirmed i:  82  82  23  4/14/2020 p:    3557   12777 e: -72.2 r:  15.1   
Moldova=Confirmed i:  83  83  24          . p:    3799   12777 e: -70.3 r:  16.0   
Moldova=Confirmed i:  84  84  25  4/16/2020 p:    3888   12777 e: -69.6 r:  16.9   
Moldova=Confirmed i:  85  85  26          . p:    3888   12777 e: -69.6 r:  17.7   
Moldova=Confirmed i:  86  86  27  4/18/2020 p:    4007   12777 e: -68.6 r:  18.6   
Moldova=Confirmed i:  87  87  28          . p:    4022   12777 e: -68.5 r:  19.3   
Moldova=Confirmed i:  88  88  29  4/20/2020 p:    3936   12777 e: -69.2 r:  19.9   
Moldova=Confirmed i:  89  89  30          . p:    3847   12777 e: -69.9 r:  20.5   
Moldova=Confirmed i:  90  90  31  4/22/2020 p:    3950   12777 e: -69.1 r:  21.7   
Moldova=Confirmed i:  91  91  32          . p:    4259   12777 e: -66.7 r:  22.9   
Moldova=Confirmed i:  92  92  33  4/24/2020 p:    7222   12777 e: -43.5 r:  24.3   
Moldova=Confirmed i:  93  93  34          . p:    7222   12777 e: -43.5 r:  25.9   
Moldova=Confirmed i:  94  94  35  4/26/2020 p:    5370   12777 e: -58.0 r:  26.7   
Moldova=Confirmed i:  95  95  36          . p:    7222   12777 e: -43.5 r:  27.2   
Moldova=Confirmed i:  96  96  37  4/28/2020 p:    7222   12777 e: -43.5 r:  28.5   
Moldova=Confirmed i:  97  97  38          . p:    7222   12777 e: -43.5 r:  29.5   
Moldova=Confirmed i:  98  98  39  4/30/2020 p:    7222   12777 e: -43.5 r:  30.5   
Moldova=Confirmed i:  99  99  40          . p:    6111   12777 e: -52.2 r:  31.1   
Moldova=Confirmed i: 100 100  41   5/2/2020 p:    6001   12777 e: -53.0 r:  31.7   
Moldova=Confirmed i: 101 101  42          . p:    6940   12777 e: -45.7 r:  32.3   
Moldova=Confirmed i: 102 102  43   5/4/2020 p:    6858   12777 e: -46.3 r:  33.2   
Moldova=Confirmed i: 103 103  44          . p:    6837   12777 e: -46.5 r:  34.1   
Moldova=Confirmed i: 104 104  45   5/6/2020 p:    6851   12777 e: -46.4 r:  35.0   
Moldova=Confirmed i: 105 105  46          . p:    6851   12777 e: -46.4 r:  36.0   
Moldova=Confirmed i: 106 106  47   5/8/2020 p:    6481   12777 e: -49.3 r:  37.0   
Moldova=Confirmed i: 107 107  48          . p:    6851   12777 e: -46.4 r:  38.1   
Moldova=Confirmed i: 108 108  49  5/10/2020 p:    6851   12777 e: -46.4 r:  38.6   
Moldova=Confirmed i: 109 109  50          . p:    6851   12777 e: -46.4 r:  39.1   
Moldova=Confirmed i: 110 110  51  5/12/2020 p:    6851   12777 e: -46.4 r:  40.3   
Moldova=Confirmed i: 111 111  52          . p:    7222   12777 e: -43.5 r:  42.3   
Moldova=Confirmed i: 112 112  53  5/14/2020 p:    7222   12777 e: -43.5 r:  43.5   
Moldova=Confirmed i: 113 113  54          . p:    7592   12777 e: -40.6 r:  45.0   
Moldova=Confirmed i: 114 114  55  5/16/2020 p:    7963   12777 e: -37.7 r:  46.4   
Moldova=Confirmed i: 115 115  56          . p:    7963   12777 e: -37.7 r:  47.4   
Moldova=Confirmed i: 116 116  57  5/18/2020 p:    8333   12777 e: -34.8 r:  48.0   
Moldova=Confirmed i: 117 117  58          . p:    8703   12777 e: -31.9 r:  49.6   
Moldova=Confirmed i: 118 118  59  5/20/2020 p:    8703   12777 e: -31.9 r:  51.3   
Moldova=Confirmed i: 119 119  60          . p:    9074   12777 e: -29.0 r:  52.5   
Moldova=Confirmed i: 120 120  61  5/22/2020 p:    9074   12777 e: -29.0 r:  53.6   
Moldova=Confirmed i: 121 121  62          . p:    9444   12777 e: -26.1 r:  54.7   
Moldova=Confirmed i: 122 122  63  5/24/2020 p:    9814   12777 e: -23.2 r:  55.5   
Moldova=Confirmed i: 123 123  64          . p:    9814   12777 e: -23.2 r:  55.9   
Moldova=Confirmed i: 124 124  65  5/26/2020 p:    9814   12777 e: -23.2 r:  57.2   
Moldova=Confirmed i: 125 125  66          . p:   10185   12777 e: -20.3 r:  59.0   
Moldova=Confirmed i: 126 126  67  5/28/2020 p:   10185   12777 e: -20.3 r:  60.5   
Moldova=Confirmed i: 127 127  68          . p:   10555   12777 e: -17.4 r:  61.8   
Moldova=Confirmed i: 128   0  69  5/30/2020 p:   10926   12777 e: -14.5 r:  63.4 OK 1st
Moldova=Confirmed i: 129   1  70          . p:   10926   12777 e: -14.5 r:  64.6 OK
Moldova=Confirmed i: 130   2  71   6/1/2020 p:   10926   12777 e: -14.5 r:  65.4 OK
Moldova=Confirmed i: 131   3  72          . p:   10926   12777 e: -14.5 r:  66.9 OK
Moldova=Confirmed i: 132   4  73   6/3/2020 p:   11666   12777 e:  -8.7 r:  68.8 OK
Moldova=Confirmed i: 133   5  74          . p:   12037   12777 e:  -5.8 r:  70.6 OK
Moldova=Confirmed i: 134   6  75   6/5/2020 p:   12407   12777 e:  -2.9 r:  72.4 OK
Moldova=Confirmed i: 135   7  76          . p:   12407   12777 e:  -2.9 r:  74.4 OK
Moldova=Confirmed i: 136   8  77   6/7/2020 p:   12777   12777 e:  -0.0 r:  75.9 OK
Moldova=Confirmed i: 137   9  78          . p:   12777   12777 e:  -0.0 r:  76.8 OK
Moldova=Confirmed i: 138  10  79   6/9/2020 p:   13518   12777 e:   5.8 r:  78.5 OK
