
  # Process COVID TAB data
p1= 16506 il= 138
p1= 14883 il= 137
p1= 14342 il= 136
p1= 37614 il= 135
p1= 33825 il= 134
Mexico=Deaths nl = 139, n1= 5 s1= 23434 s2= 651717662 SD= 10127.4530855492 frac%= 43.2169202250969
Mexico=Deaths i:  63  63  -3          . p:     267   23434 e: -98.9 r:   0.0   
Mexico=Deaths i:  64  64  -2  3/27/2020 p:    4059   23434 e: -82.7 r:   0.1   
Mexico=Deaths i:  67  67   1          . p:    4059   23434 e: -82.7 r:   0.1   
Mexico=Deaths i:  68  68   2  3/31/2020 p:     270   23434 e: -98.8 r:   0.1   
Mexico=Deaths i:  69  69   3          . p:     270   23434 e: -98.8 r:   0.2   
Mexico=Deaths i:  70  70   4   4/2/2020 p:     811   23434 e: -96.5 r:   0.2   
Mexico=Deaths i:  71  71   5          . p:     811   23434 e: -96.5 r:   0.3   
Mexico=Deaths i:  72  72   6   4/4/2020 p:    4600   23434 e: -80.4 r:   0.3   
Mexico=Deaths i:  73  73   7          . p:    1894   23434 e: -91.9 r:   0.4   
Mexico=Deaths i:  74  74   8   4/6/2020 p:       0   23434 e: -100.0 r:   0.5   
Mexico=Deaths i:  75  75   9          . p:    4059   23434 e: -82.7 r:   0.6   
Mexico=Deaths i:  76  76  10   4/8/2020 p:    1353   23434 e: -94.2 r:   0.7   
Mexico=Deaths i:  77  77  11          . p:    1353   23434 e: -94.2 r:   0.8   
Mexico=Deaths i:  78  78  12  4/10/2020 p:    1353   23434 e: -94.2 r:   1.0   
Mexico=Deaths i:  79  79  13          . p:    2435   23434 e: -89.6 r:   1.2   
Mexico=Deaths i:  80  80  14  4/12/2020 p:    1271   23434 e: -94.6 r:   1.3   
Mexico=Deaths i:  81  81  15          . p:    1084   23434 e: -95.4 r:   1.4   
Mexico=Deaths i:  82  82  16  4/14/2020 p:    2435   23434 e: -89.6 r:   1.7   
Mexico=Deaths i:  83  83  17          . p:    6223   23434 e: -73.4 r:   1.9   
Mexico=Deaths i:  84  84  18  4/16/2020 p:    2435   23434 e: -89.6 r:   2.1   
Mexico=Deaths i:  85  85  19          . p:     979   23434 e: -95.8 r:   2.3   
Mexico=Deaths i:  86  86  20  4/18/2020 p:    4600   23434 e: -80.4 r:   2.8   
Mexico=Deaths i:  87  87  21          . p:    6223   23434 e: -73.4 r:   2.9   
Mexico=Deaths i:  88  88  22  4/20/2020 p:    3354   23434 e: -85.7 r:   3.0   
Mexico=Deaths i:  89  89  23          . p:    5682   23434 e: -75.8 r:   3.7   
Mexico=Deaths i:  90  90  24  4/22/2020 p:    6765   23434 e: -71.1 r:   4.1   
Mexico=Deaths i:  91  91  25          . p:    7306   23434 e: -68.8 r:   4.6   
Mexico=Deaths i:  92  92  26  4/24/2020 p:    8929   23434 e: -61.9 r:   5.2   
Mexico=Deaths i:  93  93  27          . p:   10553   23434 e: -55.0 r:   5.6   
Mexico=Deaths i:  94  94  28  4/26/2020 p:   10012   23434 e: -57.3 r:   5.8   
Mexico=Deaths i:  95  95  29          . p:    9468   23434 e: -59.6 r:   6.1   
Mexico=Deaths i:  96  96  30  4/28/2020 p:    9209   23434 e: -60.7 r:   6.7   
Mexico=Deaths i:  97  97  31          . p:    9471   23434 e: -59.6 r:   7.4   
Mexico=Deaths i:  98  98  32  4/30/2020 p:    9471   23434 e: -59.6 r:   7.9   
Mexico=Deaths i:  99  99  33          . p:    9471   23434 e: -59.6 r:   8.4   
Mexico=Deaths i: 100 100  34   5/2/2020 p:    9471   23434 e: -59.6 r:   8.8   
Mexico=Deaths i: 101 101  35          . p:    9001   23434 e: -61.6 r:   9.2   
Mexico=Deaths i: 102 102  36   5/4/2020 p:    8714   23434 e: -62.8 r:   9.7   
Mexico=Deaths i: 103 103  37          . p:    8929   23434 e: -61.9 r:  10.7   
Mexico=Deaths i: 104 104  38   5/6/2020 p:    9471   23434 e: -59.6 r:  11.5   
Mexico=Deaths i: 105 105  39          . p:   10553   23434 e: -55.0 r:  12.6   
Mexico=Deaths i: 106 106  40   5/8/2020 p:   11636   23434 e: -50.3 r:  13.5   
Mexico=Deaths i: 107 107  41          . p:   11636   23434 e: -50.3 r:  14.3   
Mexico=Deaths i: 108 108  42  5/10/2020 p:   12177   23434 e: -48.0 r:  14.8   
Mexico=Deaths i: 109 109  43          . p:   12177   23434 e: -48.0 r:  15.2   
Mexico=Deaths i: 110 110  44  5/12/2020 p:   12718   23434 e: -45.7 r:  16.8   
Mexico=Deaths i: 111 111  45          . p:   13259   23434 e: -43.4 r:  18.0   
Mexico=Deaths i: 112 112  46  5/14/2020 p:   14342   23434 e: -38.8 r:  19.1   
Mexico=Deaths i: 113 113  47          . p:   14883   23434 e: -36.5 r:  20.3   
Mexico=Deaths i: 114 114  48  5/16/2020 p:   15965   23434 e: -31.9 r:  21.5   
Mexico=Deaths i: 115 115  49          . p:   16506   23434 e: -29.6 r:  22.1   
Mexico=Deaths i: 116 116  50  5/18/2020 p:   16506   23434 e: -29.6 r:  22.8   
Mexico=Deaths i: 117 117  51          . p:   17048   23434 e: -27.3 r:  24.2   
Mexico=Deaths i: 118 118  52  5/20/2020 p:   17589   23434 e: -24.9 r:  26.0   
Mexico=Deaths i: 119 119  53          . p:   18671   23434 e: -20.3 r:  27.8   
Mexico=Deaths i: 120   0  54  5/22/2020 p:   20295   23434 e: -13.4 r:  29.8 OK 1st
Mexico=Deaths i: 121   1  55          . p:   20836   23434 e: -11.1 r:  30.6 OK
Mexico=Deaths i: 122   2  56  5/24/2020 p:   21377   23434 e:  -8.8 r:  31.6 OK
Mexico=Deaths i: 123   3  57          . p:   21919   23434 e:  -6.5 r:  32.6 OK
Mexico=Deaths i: 124   4  58  5/26/2020 p:   23001   23434 e:  -1.8 r:  34.7 OK
Mexico=Deaths i: 125   5  59          . p:   24625   23434 e:   5.1 r:  36.7 OK
Mexico=Deaths i: 126   6  60  5/28/2020 p:   25166   23434 e:   7.4 r:  38.6 OK
Mexico=Deaths i: 127   7  61          . p:   26248   23434 e:  12.0 r:  40.2 OK
Mexico=Deaths i: 128   8  62  5/30/2020 p:   26789   23434 e:  14.3 r:  41.7 OK
Mexico=Deaths i: 129   9  63          . p:   11094   23434 e: -52.7 r:  42.4   
Mexico=Deaths i: 130  10  64   6/1/2020 p:   11094   23434 e: -52.7 r:  43.4   
Mexico=Deaths i: 131  11  65          . p:   19212   23434 e: -18.0 r:  45.4   
Mexico=Deaths i: 132  12  66   6/3/2020 p:   30037   23434 e:  28.2 r:  50.1   
Mexico=Deaths i: 133  13  67          . p:   32201   23434 e:  37.4 r:  53.5   
Mexico=Deaths i: 134  14  68   6/5/2020 p:   33825   23434 e:  44.3 r:  56.2   
Mexico=Deaths i: 135  15  69          . p:   37614   23434 e:  60.5 r:  57.7   
Mexico=Deaths i: 136  16  70   6/7/2020 p:   14342   23434 e: -38.8 r:  58.5   
Mexico=Deaths i: 137  17  71          . p:   14883   23434 e: -36.5 r:  60.0   
Mexico=Deaths i: 138  18  72   6/9/2020 p:   16506   23434 e: -29.6 r:  62.5   
