
  # Process COVID TAB data
p1= 48269 il= 138
p1= 47047 il= 137
p1= 47047 il= 136
p1= 44603 il= 135
p1= 51935 il= 134
Indonesia=Confirmed nl = 139, n1= 5 s1= 47780.2 s2= 2288681722.6 SD= 2394.62117254492 frac%= 5.01174371924965
Indonesia=Confirmed i:  48  48  -3  3/11/2020 p:     611   47780 e: -98.7 r:   0.1   
Indonesia=Confirmed i:  49  49  -2          . p:     611   47780 e: -98.7 r:   0.1   
Indonesia=Confirmed i:  50  50  -1  3/13/2020 p:     611   47780 e: -98.7 r:   0.1   
Indonesia=Confirmed i:  51  51   0          . p:     611   47780 e: -98.7 r:   0.2   
Indonesia=Confirmed i:  52  52   1  3/15/2020 p:     611   47780 e: -98.7 r:   0.2   
Indonesia=Confirmed i:  53  53   2          . p:     611   47780 e: -98.7 r:   0.3   
Indonesia=Confirmed i:  54  54   3  3/17/2020 p:     611   47780 e: -98.7 r:   0.4   
Indonesia=Confirmed i:  55  55   4          . p:     611   47780 e: -98.7 r:   0.5   
Indonesia=Confirmed i:  56  56   5  3/19/2020 p:    1833   47780 e: -96.2 r:   0.7   
Indonesia=Confirmed i:  57  57   6          . p:    3055   47780 e: -93.6 r:   0.8   
Indonesia=Confirmed i:  58  58   7  3/21/2020 p:    4277   47780 e: -91.0 r:   0.9   
Indonesia=Confirmed i:  59  59   8          . p:    4277   47780 e: -91.0 r:   1.1   
Indonesia=Confirmed i:  60  60   9  3/23/2020 p:     935   47780 e: -98.0 r:   1.2   
Indonesia=Confirmed i:  61  61  10          . p:    1644   47780 e: -96.6 r:   1.4   
Indonesia=Confirmed i:  62  62  11  3/25/2020 p:    3662   47780 e: -92.3 r:   1.7   
Indonesia=Confirmed i:  63  63  12          . p:    4277   47780 e: -91.0 r:   1.9   
Indonesia=Confirmed i:  64  64  13  3/27/2020 p:    4277   47780 e: -91.0 r:   2.2   
Indonesia=Confirmed i:  65  65  14          . p:    4277   47780 e: -91.0 r:   2.4   
Indonesia=Confirmed i:  66  66  15  3/29/2020 p:    4683   47780 e: -90.2 r:   2.7   
Indonesia=Confirmed i:  67  67  16          . p:    6112   47780 e: -87.2 r:   3.0   
Indonesia=Confirmed i:  68  68  17  3/31/2020 p:    4650   47780 e: -90.3 r:   3.2   
Indonesia=Confirmed i:  69  69  18          . p:    3971   47780 e: -91.7 r:   3.5   
Indonesia=Confirmed i:  70  70  19   4/2/2020 p:    5148   47780 e: -89.2 r:   3.7   
Indonesia=Confirmed i:  71  71  20          . p:    5499   47780 e: -88.5 r:   4.2   
Indonesia=Confirmed i:  72  72  21   4/4/2020 p:    5138   47780 e: -89.2 r:   4.4   
Indonesia=Confirmed i:  73  73  22          . p:    5312   47780 e: -88.9 r:   4.8   
Indonesia=Confirmed i:  74  74  23   4/6/2020 p:    5499   47780 e: -88.5 r:   5.2   
Indonesia=Confirmed i:  75  75  24          . p:    6721   47780 e: -85.9 r:   5.7   
Indonesia=Confirmed i:  76  76  25   4/8/2020 p:    6721   47780 e: -85.9 r:   6.2   
Indonesia=Confirmed i:  77  77  26          . p:    7943   47780 e: -83.4 r:   6.9   
Indonesia=Confirmed i:  78  78  27  4/10/2020 p:    7943   47780 e: -83.4 r:   7.4   
Indonesia=Confirmed i:  79  79  28          . p:    9165   47780 e: -80.8 r:   8.0   
Indonesia=Confirmed i:  80  80  29  4/12/2020 p:    9165   47780 e: -80.8 r:   8.9   
Indonesia=Confirmed i:  81  81  30          . p:   10387   47780 e: -78.3 r:   9.5   
Indonesia=Confirmed i:  82  82  31  4/14/2020 p:   11609   47780 e: -75.7 r:  10.1   
Indonesia=Confirmed i:  83  83  32          . p:   11609   47780 e: -75.7 r:  10.7   
Indonesia=Confirmed i:  84  84  33  4/16/2020 p:   12831   47780 e: -73.1 r:  11.5   
Indonesia=Confirmed i:  85  85  34          . p:   14053   47780 e: -70.6 r:  12.4   
Indonesia=Confirmed i:  86  86  35  4/18/2020 p:   14053   47780 e: -70.6 r:  13.1   
Indonesia=Confirmed i:  87  87  36          . p:   15275   47780 e: -68.0 r:  13.8   
Indonesia=Confirmed i:  88  88  37  4/20/2020 p:   15381   47780 e: -67.8 r:  14.1   
Indonesia=Confirmed i:  89  89  38          . p:   15786   47780 e: -67.0 r:  14.9   
Indonesia=Confirmed i:  90  90  39  4/22/2020 p:   16057   47780 e: -66.4 r:  15.5   
Indonesia=Confirmed i:  91  91  40          . p:   16497   47780 e: -65.5 r:  16.3   
Indonesia=Confirmed i:  92  92  41  4/24/2020 p:   16497   47780 e: -65.5 r:  17.2   
Indonesia=Confirmed i:  93  93  42          . p:   17719   47780 e: -62.9 r:  18.0   
Indonesia=Confirmed i:  94  94  43  4/26/2020 p:   17719   47780 e: -62.9 r:  18.6   
Indonesia=Confirmed i:  95  95  44          . p:   17850   47780 e: -62.6 r:  19.0   
Indonesia=Confirmed i:  96  96  45  4/28/2020 p:   32050   47780 e: -32.9 r:  19.9   
Indonesia=Confirmed i:  97  97  46          . p:   18395   47780 e: -61.5 r:  20.4   
Indonesia=Confirmed i:  98  98  47  4/30/2020 p:   18941   47780 e: -60.4 r:  21.2   
Indonesia=Confirmed i:  99  99  48          . p:   18941   47780 e: -60.4 r:  22.1   
Indonesia=Confirmed i: 100 100  49   5/2/2020 p:   18941   47780 e: -60.4 r:  22.7   
Indonesia=Confirmed i: 101 101  50          . p:   20163   47780 e: -57.8 r:  23.4   
Indonesia=Confirmed i: 102 102  51   5/4/2020 p:   20163   47780 e: -57.8 r:  24.3   
Indonesia=Confirmed i: 103 103  52          . p:   21385   47780 e: -55.2 r:  25.3   
Indonesia=Confirmed i: 104 104  53   5/6/2020 p:   22607   47780 e: -52.7 r:  26.0   
Indonesia=Confirmed i: 105 105  54          . p:   23829   47780 e: -50.1 r:  26.7   
Indonesia=Confirmed i: 106 106  55   5/8/2020 p:   23829   47780 e: -50.1 r:  27.4   
Indonesia=Confirmed i: 107 107  56          . p:   27495   47780 e: -42.5 r:  28.6   
Indonesia=Confirmed i: 108 108  57  5/10/2020 p:   26273   47780 e: -45.0 r:  29.4   
Indonesia=Confirmed i: 109 109  58          . p:   26061   47780 e: -45.5 r:  29.9   
Indonesia=Confirmed i: 110 110  59  5/12/2020 p:   28288   47780 e: -40.8 r:  30.9   
Indonesia=Confirmed i: 111 111  60          . p:   28717   47780 e: -39.9 r:  32.3   
Indonesia=Confirmed i: 112 112  61  5/14/2020 p:   29939   47780 e: -37.3 r:  33.5   
Indonesia=Confirmed i: 113 113  62          . p:   32383   47780 e: -32.2 r:  34.5   
Indonesia=Confirmed i: 114 114  63  5/16/2020 p:   33605   47780 e: -29.7 r:  35.6   
Indonesia=Confirmed i: 115 115  64          . p:   34827   47780 e: -27.1 r:  36.7   
Indonesia=Confirmed i: 116 116  65  5/18/2020 p:   36049   47780 e: -24.6 r:  37.7   
Indonesia=Confirmed i: 117 117  66          . p:   37271   47780 e: -22.0 r:  38.7   
Indonesia=Confirmed i: 118 118  67  5/20/2020 p:   38493   47780 e: -19.4 r:  40.2   
Indonesia=Confirmed i: 119   0  68          . p:   42159   47780 e: -11.8 r:  42.2 OK 1st
Indonesia=Confirmed i: 120   1  69  5/22/2020 p:   44603   47780 e:  -6.6 r:  43.5 OK
Indonesia=Confirmed i: 121   2  70          . p:   32383   47780 e: -32.2 r:  45.5   
Indonesia=Confirmed i: 122   3  71  5/24/2020 p:   33605   47780 e: -29.7 r:  46.6   
Indonesia=Confirmed i: 123   4  72          . p:   33605   47780 e: -29.7 r:  47.6   
Indonesia=Confirmed i: 124   5  73  5/26/2020 p:   34827   47780 e: -27.1 r:  48.5   
Indonesia=Confirmed i: 125   6  74          . p:   36049   47780 e: -24.6 r:  49.9   
Indonesia=Confirmed i: 126   7  75  5/28/2020 p:   37271   47780 e: -22.0 r:  51.4   
Indonesia=Confirmed i: 127   8  76          . p:   38493   47780 e: -19.4 r:  52.8   
Indonesia=Confirmed i: 128   9  77  5/30/2020 p:   38493   47780 e: -19.4 r:  53.9   
Indonesia=Confirmed i: 129  10  78          . p:   39715   47780 e: -16.9 r:  55.4   
Indonesia=Confirmed i: 130  11  79   6/1/2020 p:   40937   47780 e: -14.3 r:  56.4 OK
Indonesia=Confirmed i: 131  12  80          . p:   43381   47780 e:  -9.2 r:  57.7 OK
Indonesia=Confirmed i: 132  13  81   6/3/2020 p:   43381   47780 e:  -9.2 r:  59.1 OK
Indonesia=Confirmed i: 133  14  82          . p:   43381   47780 e:  -9.2 r:  60.3 OK
Indonesia=Confirmed i: 134  15  83   6/5/2020 p:   51935   47780 e:   8.7 r:  61.8 OK
Indonesia=Confirmed i: 135  16  84          . p:   44603   47780 e:  -6.6 r:  63.9 OK
Indonesia=Confirmed i: 136  17  85   6/7/2020 p:   47047   47780 e:  -1.5 r:  65.3 OK
Indonesia=Confirmed i: 137  18  86          . p:   47047   47780 e:  -1.5 r:  67.0 OK
Indonesia=Confirmed i: 138  19  87   6/9/2020 p:   48269   47780 e:   1.0 r:  69.2 OK
