
  # Process COVID TAB data
p1= 13339822 il= 138
p1= 12945572 il= 137
p1= 12815137 il= 136
p1= 12437969 il= 135
p1= 12191680 il= 134
WholeWorld=Confirmed nl = 139, n1= 5 s1= 12746036 s2= 162621311159000 SD= 399846.777783183 frac%= 3.13702846738533
WholeWorld=Confirmed i:   8   8   8  1/31/2020 p:  175188 12746036 e: -98.6 r:   0.2   
WholeWorld=Confirmed i:  12  12  12   2/4/2020 p:  175291 12746036 e: -98.6 r:   0.5   
WholeWorld=Confirmed i:  13  13  13          . p:  849037 12746036 e: -93.3 r:   0.6   
WholeWorld=Confirmed i:  14  14  14   2/6/2020 p:  210717 12746036 e: -98.3 r:   0.7   
WholeWorld=Confirmed i:  15  15  15          . p:  222316 12746036 e: -98.3 r:   0.8   
WholeWorld=Confirmed i:  16  16  16   2/8/2020 p:  175253 12746036 e: -98.6 r:   0.8   
WholeWorld=Confirmed i:  17  17  17          . p:  175144 12746036 e: -98.6 r:   0.9   
WholeWorld=Confirmed i:  18  18  18  2/10/2020 p:  174674 12746036 e: -98.6 r:   0.9   
WholeWorld=Confirmed i:  19  19  19          . p:  175413 12746036 e: -98.6 r:   1.0   
WholeWorld=Confirmed i:  20  20  20  2/12/2020 p:  197712 12746036 e: -98.4 r:   1.0   
WholeWorld=Confirmed i:  21  21  21          . p:  195940 12746036 e: -98.5 r:   1.1   
WholeWorld=Confirmed i:  22  22  22  2/14/2020 p:  195460 12746036 e: -98.5 r:   1.1   
WholeWorld=Confirmed i:  23  23  23          . p:  194101 12746036 e: -98.5 r:   1.2   
WholeWorld=Confirmed i:  24  24  24  2/16/2020 p:  186302 12746036 e: -98.5 r:   1.2   
WholeWorld=Confirmed i:  25  25  25          . p:  186302 12746036 e: -98.5 r:   1.2   
WholeWorld=Confirmed i:  26  26  26  2/18/2020 p:  190258 12746036 e: -98.5 r:   1.3   
WholeWorld=Confirmed i:  27  27  27          . p:  184530 12746036 e: -98.6 r:   1.3   
WholeWorld=Confirmed i:  28  28  28  2/20/2020 p:  175238 12746036 e: -98.6 r:   1.3   
WholeWorld=Confirmed i:  29  29  29          . p:  175452 12746036 e: -98.6 r:   1.3   
WholeWorld=Confirmed i:  30  30  30  2/22/2020 p:  175544 12746036 e: -98.6 r:   1.3   
WholeWorld=Confirmed i:  31  31  31          . p:  175452 12746036 e: -98.6 r:   1.3   
WholeWorld=Confirmed i:  32  32  32  2/24/2020 p:  175589 12746036 e: -98.6 r:   1.3   
WholeWorld=Confirmed i:  33  33  33          . p:  175530 12746036 e: -98.6 r:   1.3   
WholeWorld=Confirmed i:  34  34  34  2/26/2020 p:  177327 12746036 e: -98.6 r:   1.3   
WholeWorld=Confirmed i:  35  35  35          . p:  175926 12746036 e: -98.6 r:   1.4   
WholeWorld=Confirmed i:  36  36  36  2/28/2020 p:  179994 12746036 e: -98.6 r:   1.4   
WholeWorld=Confirmed i:  37  37  37          . p:  184323 12746036 e: -98.6 r:   1.4   
WholeWorld=Confirmed i:  38  38  38   3/1/2020 p:  188154 12746036 e: -98.5 r:   1.4   
WholeWorld=Confirmed i:  39  39  39          . p:  191124 12746036 e: -98.5 r:   1.4   
WholeWorld=Confirmed i:  40  40  40   3/3/2020 p:  197922 12746036 e: -98.4 r:   1.5   
WholeWorld=Confirmed i:  41  41  41          . p:  208174 12746036 e: -98.4 r:   1.5   
WholeWorld=Confirmed i:  42  42  42   3/5/2020 p:  214185 12746036 e: -98.3 r:   1.5   
WholeWorld=Confirmed i:  43  43  43          . p:  232763 12746036 e: -98.2 r:   1.6   
WholeWorld=Confirmed i:  44  44  44   3/7/2020 p:  267282 12746036 e: -97.9 r:   1.6   
WholeWorld=Confirmed i:  45  45  45          . p:  302972 12746036 e: -97.6 r:   1.6   
WholeWorld=Confirmed i:  46  46  46   3/9/2020 p:  360792 12746036 e: -97.2 r:   1.7   
WholeWorld=Confirmed i:  67  67  67          . p: 2389309 12746036 e: -81.3 r:  10.4   
WholeWorld=Confirmed i:  68  68  68  3/31/2020 p: 2763084 12746036 e: -78.3 r:  11.4   
WholeWorld=Confirmed i:  69  69  69          . p: 4107288 12746036 e: -67.8 r:  12.5   
WholeWorld=Confirmed i:  70  70  70   4/2/2020 p: 4620715 12746036 e: -63.7 r:  13.5   
WholeWorld=Confirmed i:  71  71  71          . p: 10809192 12746036 e: -15.2 r:  14.5   
WholeWorld=Confirmed i:  72  72  72   4/4/2020 p: 4790081 12746036 e: -62.4 r:  15.1   
WholeWorld=Confirmed i:  73  73  73          . p: 3554025 12746036 e: -72.1 r:  15.9   
WholeWorld=Confirmed i:  74  74  74   4/6/2020 p: 3488724 12746036 e: -72.6 r:  16.6   
WholeWorld=Confirmed i:  75  75  75          . p: 3975387 12746036 e: -68.8 r:  16.9   
WholeWorld=Confirmed i:  76  76  76   4/8/2020 p: 2667899 12746036 e: -79.1 r:  17.6   
WholeWorld=Confirmed i:  77  77  77          . p: 2927349 12746036 e: -77.0 r:  18.4   
WholeWorld=Confirmed i:  78  78  78  4/10/2020 p: 3240481 12746036 e: -74.6 r:  19.3   
WholeWorld=Confirmed i:  79  79  79          . p: 3563826 12746036 e: -72.0 r:  20.3   
WholeWorld=Confirmed i:  80  80  80  4/12/2020 p: 3837716 12746036 e: -69.9 r:  21.2   
WholeWorld=Confirmed i:  81  81  81          . p: 4220785 12746036 e: -66.9 r:  22.1   
WholeWorld=Confirmed i:  82  82  82  4/14/2020 p: 4344609 12746036 e: -65.9 r:  23.1   
WholeWorld=Confirmed i:  83  83  83          . p: 4514349 12746036 e: -64.6 r:  23.7   
WholeWorld=Confirmed i:  84  84  84  4/16/2020 p: 6464264 12746036 e: -49.3 r:  24.7   
WholeWorld=Confirmed i:  85  85  85          . p: 5813250 12746036 e: -54.4 r:  25.6   
WholeWorld=Confirmed i:  86  86  86  4/18/2020 p: 5098446 12746036 e: -60.0 r:  26.4   
WholeWorld=Confirmed i:  87  87  87          . p: 5261398 12746036 e: -58.7 r:  27.2   
WholeWorld=Confirmed i:  88  88  88  4/20/2020 p: 6401595 12746036 e: -49.8 r:  28.1   
WholeWorld=Confirmed i:  89  89  89          . p: 5634654 12746036 e: -55.8 r:  28.6   
WholeWorld=Confirmed i:  90  90  90  4/22/2020 p: 5734767 12746036 e: -55.0 r:  29.5   
WholeWorld=Confirmed i:  91  91  91          . p: 5683707 12746036 e: -55.4 r:  30.5   
WholeWorld=Confirmed i:  92  92  92  4/24/2020 p: 10811680 12746036 e: -15.2 r:  31.4   
WholeWorld=Confirmed i:  93  93  93          . p: 6052977 12746036 e: -52.5 r:  32.4   
WholeWorld=Confirmed i:  94  94  94  4/26/2020 p: 6167580 12746036 e: -51.6 r:  33.2   
WholeWorld=Confirmed i:  95  95  95          . p: 6275886 12746036 e: -50.8 r:  33.9   
WholeWorld=Confirmed i:  96  96  96  4/28/2020 p: 6396297 12746036 e: -49.8 r:  34.7   
WholeWorld=Confirmed i:  97  97  97          . p: 6457047 12746036 e: -49.3 r:  35.5   
WholeWorld=Confirmed i:  98  98  98  4/30/2020 p: 7029803 12746036 e: -44.8 r:  36.4   
WholeWorld=Confirmed i:  99  99  99          . p: 6804704 12746036 e: -46.6 r:  37.4   
WholeWorld=Confirmed i: 100 100 100   5/2/2020 p: 6951345 12746036 e: -45.5 r:  38.3   
WholeWorld=Confirmed i: 101 101 101          . p: 7103780 12746036 e: -44.3 r:  39.1   
WholeWorld=Confirmed i: 102 102 102   5/4/2020 p: 7211632 12746036 e: -43.4 r:  39.9   
WholeWorld=Confirmed i: 103 103 103          . p: 7377213 12746036 e: -42.1 r:  40.7   
WholeWorld=Confirmed i: 104 104 104   5/6/2020 p: 7467999 12746036 e: -41.4 r:  41.7   
WholeWorld=Confirmed i: 105 105 105          . p: 10813051 12746036 e: -15.2 r:  42.6   
WholeWorld=Confirmed i: 106 106 106   5/8/2020 p: 7770983 12746036 e: -39.0 r:  43.6   
WholeWorld=Confirmed i: 107 107 107          . p: 7905937 12746036 e: -38.0 r:  44.4   
WholeWorld=Confirmed i: 108 108 108  5/10/2020 p: 8071956 12746036 e: -36.7 r:  45.2   
WholeWorld=Confirmed i: 109 109 109          . p: 8158518 12746036 e: -36.0 r:  46.0   
WholeWorld=Confirmed i: 110   0 110  5/12/2020 p: 11423761 12746036 e: -10.4 r:  46.8 OK 1st
WholeWorld=Confirmed i: 111   1 111          . p: 8415378 12746036 e: -34.0 r:  47.7   
WholeWorld=Confirmed i: 112   2 112  5/14/2020 p: 11597084 12746036 e:  -9.0 r:  48.6 OK
WholeWorld=Confirmed i: 113   3 113          . p: 14148617 12746036 e:  11.0 r:  49.6 OK
WholeWorld=Confirmed i: 114   4 114  5/16/2020 p: 8851855 12746036 e: -30.6 r:  50.5   
WholeWorld=Confirmed i: 115   5 115          . p: 8920892 12746036 e: -30.0 r:  51.3   
WholeWorld=Confirmed i: 116   6 116  5/18/2020 p: 12183235 12746036 e:  -4.4 r:  52.2 OK
WholeWorld=Confirmed i: 117   7 117          . p: 9303557 12746036 e: -27.0 r:  53.1   
WholeWorld=Confirmed i: 118   8 118  5/20/2020 p: 12558051 12746036 e:  -1.5 r:  54.1 OK
WholeWorld=Confirmed i: 119   9 119          . p: 15748023 12746036 e:  23.6 r:  55.1   
WholeWorld=Confirmed i: 120  10 120  5/22/2020 p: 9683243 12746036 e: -24.0 r:  56.1   
WholeWorld=Confirmed i: 121  11 121          . p: 9851405 12746036 e: -22.7 r:  57.1   
WholeWorld=Confirmed i: 122  12 122  5/24/2020 p: 10064986 12746036 e: -21.0 r:  58.0   
WholeWorld=Confirmed i: 123  13 123          . p: 10387748 12746036 e: -18.5 r:  58.9   
WholeWorld=Confirmed i: 124  14 124  5/26/2020 p: 14000076 12746036 e:   9.8 r:  59.8 OK
WholeWorld=Confirmed i: 125  15 125          . p: 10493476 12746036 e: -17.7 r:  60.7   
WholeWorld=Confirmed i: 126  16 126  5/28/2020 p: 14305257 12746036 e:  12.2 r:  61.8 OK
WholeWorld=Confirmed i: 127  17 127          . p: 10909313 12746036 e: -14.4 r:  63.0 OK
WholeWorld=Confirmed i: 128  18 128  5/30/2020 p: 11012849 12746036 e: -13.6 r:  64.2 OK
WholeWorld=Confirmed i: 129  19 129          . p: 11235323 12746036 e: -11.9 r:  65.2 OK
WholeWorld=Confirmed i: 130  20 130   6/1/2020 p: 11712154 12746036 e:  -8.1 r:  66.1 OK
WholeWorld=Confirmed i: 131  21 131          . p: 11592946 12746036 e:  -9.0 r:  67.2 OK
WholeWorld=Confirmed i: 132  22 132   6/3/2020 p: 11829862 12746036 e:  -7.2 r:  68.3 OK
WholeWorld=Confirmed i: 133  23 133          . p: 12068842 12746036 e:  -5.3 r:  69.5 OK
WholeWorld=Confirmed i: 134  24 134   6/5/2020 p: 12191680 12746036 e:  -4.3 r:  70.8 OK
WholeWorld=Confirmed i: 135  25 135          . p: 12437969 12746036 e:  -2.4 r:  71.9 OK
WholeWorld=Confirmed i: 136  26 136   6/7/2020 p: 12815137 12746036 e:   0.5 r:  73.0 OK
WholeWorld=Confirmed i: 137  27 137          . p: 12945572 12746036 e:   1.6 r:  73.9 OK
WholeWorld=Confirmed i: 138  28 138   6/9/2020 p: 13339822 12746036 e:   4.7 r:  75.1 OK
