
  # Process COVID TAB data
p1= 5437 il= 138
p1= 5435 il= 137
p1= 5520 il= 136
p1= 5454 il= 135
p1= 5454 il= 134
US_Colorado_Arapahoe=Confirmed nl = 139, n1= 5 s1= 5460 s2= 29812565.2 SD= 31.0676680811299 frac%= 0.569004909910803
US_Colorado_Arapahoe=Confirmed i:  53  53  -9          . p:      85    5460 e: -98.4 r:   0.3   
US_Colorado_Arapahoe=Confirmed i:  57  57  -5          . p:      86    5460 e: -98.4 r:   0.5   
US_Colorado_Arapahoe=Confirmed i:  58  58  -4  3/21/2020 p:      86    5460 e: -98.4 r:   0.7   
US_Colorado_Arapahoe=Confirmed i:  59  59  -3          . p:      86    5460 e: -98.4 r:   0.8   
US_Colorado_Arapahoe=Confirmed i:  60  60  -2  3/23/2020 p:     259    5460 e: -95.3 r:   1.1   
US_Colorado_Arapahoe=Confirmed i:  61  61  -1          . p:     432    5460 e: -92.1 r:   1.3   
US_Colorado_Arapahoe=Confirmed i:  62  62   0  3/25/2020 p:     952    5460 e: -82.6 r:   1.6   
US_Colorado_Arapahoe=Confirmed i:  63  63   1          . p:    1645    5460 e: -69.9 r:   2.2   
US_Colorado_Arapahoe=Confirmed i:  64   0   2  3/27/2020 p:    5108    5460 e:  -6.4 r:   2.8 OK 1st
US_Colorado_Arapahoe=Confirmed i:  65   1   3          . p:       0    5460 e: -100.0 r:   3.7   
US_Colorado_Arapahoe=Confirmed i:  66   2   4  3/29/2020 p:    4588    5460 e: -16.0 r:   4.4   
US_Colorado_Arapahoe=Confirmed i:  67   3   5          . p:     779    5460 e: -85.7 r:   5.3   
US_Colorado_Arapahoe=Confirmed i:  68   4   6  3/31/2020 p:     779    5460 e: -85.7 r:   6.1   
US_Colorado_Arapahoe=Confirmed i:  69   5   7          . p:     779    5460 e: -85.7 r:   7.0   
US_Colorado_Arapahoe=Confirmed i:  70   6   8   4/2/2020 p:    1125    5460 e: -79.4 r:   8.1   
US_Colorado_Arapahoe=Confirmed i:  71   7   9          . p:    1298    5460 e: -76.2 r:   9.2   
US_Colorado_Arapahoe=Confirmed i:  72   8  10   4/4/2020 p:    1298    5460 e: -76.2 r:  10.1   
US_Colorado_Arapahoe=Confirmed i:  73   9  11          . p:    1298    5460 e: -76.2 r:  11.1   
US_Colorado_Arapahoe=Confirmed i:  74  10  12   4/6/2020 p:    1298    5460 e: -76.2 r:  11.9   
US_Colorado_Arapahoe=Confirmed i:  75  11  13          . p:    1471    5460 e: -73.1 r:  13.2   
US_Colorado_Arapahoe=Confirmed i:  76  12  14   4/8/2020 p:    1471    5460 e: -73.1 r:  14.0   
US_Colorado_Arapahoe=Confirmed i:  77  13  15          . p:    1818    5460 e: -66.7 r:  16.1   
US_Colorado_Arapahoe=Confirmed i:  78  14  16  4/10/2020 p:    1991    5460 e: -63.5 r:  17.1   
US_Colorado_Arapahoe=Confirmed i:  79  15  17          . p:    1991    5460 e: -63.5 r:  18.3   
US_Colorado_Arapahoe=Confirmed i:  80  16  18  4/12/2020 p:    2164    5460 e: -60.4 r:  19.8   
US_Colorado_Arapahoe=Confirmed i:  81  17  19          . p:    2252    5460 e: -58.8 r:  20.9   
US_Colorado_Arapahoe=Confirmed i:  82  18  20  4/14/2020 p:    2201    5460 e: -59.7 r:  21.7   
US_Colorado_Arapahoe=Confirmed i:  83  19  21          . p:    2189    5460 e: -59.9 r:  22.8   
US_Colorado_Arapahoe=Confirmed i:  84  20  22  4/16/2020 p:    2306    5460 e: -57.8 r:  24.6   
US_Colorado_Arapahoe=Confirmed i:  85  21  23          . p:    2683    5460 e: -50.9 r:  26.0   
US_Colorado_Arapahoe=Confirmed i:  86  22  24  4/18/2020 p:    2683    5460 e: -50.9 r:  27.4   
US_Colorado_Arapahoe=Confirmed i:  87  23  25          . p:    3030    5460 e: -44.5 r:  28.1   
US_Colorado_Arapahoe=Confirmed i:  88  24  26  4/20/2020 p:    2865    5460 e: -47.5 r:  29.3   
US_Colorado_Arapahoe=Confirmed i:  89  25  27          . p:    2736    5460 e: -49.9 r:  30.2   
US_Colorado_Arapahoe=Confirmed i:  90  26  28  4/22/2020 p:    2621    5460 e: -52.0 r:  31.4   
US_Colorado_Arapahoe=Confirmed i:  91  27  29          . p:    3203    5460 e: -41.3 r:  33.4   
US_Colorado_Arapahoe=Confirmed i:  92  28  30  4/24/2020 p:    3203    5460 e: -41.3 r:  37.2   
US_Colorado_Arapahoe=Confirmed i:  93  29  31          . p:    3376    5460 e: -38.2 r:  38.2   
US_Colorado_Arapahoe=Confirmed i:  94  30  32  4/26/2020 p:    3549    5460 e: -35.0 r:  39.6   
US_Colorado_Arapahoe=Confirmed i:  95  31  33          . p:    3722    5460 e: -31.8 r:  41.2   
US_Colorado_Arapahoe=Confirmed i:  96  32  34  4/28/2020 p:    3722    5460 e: -31.8 r:  42.3   
US_Colorado_Arapahoe=Confirmed i:  97  33  35          . p:    4069    5460 e: -25.5 r:  43.8   
US_Colorado_Arapahoe=Confirmed i:  98  34  36  4/30/2020 p:    3896    5460 e: -28.6 r:  45.3   
US_Colorado_Arapahoe=Confirmed i:  99  35  37          . p:    4069    5460 e: -25.5 r:  46.8   
US_Colorado_Arapahoe=Confirmed i: 100  36  38   5/2/2020 p:    4242    5460 e: -22.3 r:  48.1   
US_Colorado_Arapahoe=Confirmed i: 101  37  39          . p:    4158    5460 e: -23.8 r:  49.6   
US_Colorado_Arapahoe=Confirmed i: 102  38  40   5/4/2020 p:    4105    5460 e: -24.8 r:  50.5   
US_Colorado_Arapahoe=Confirmed i: 103  39  41          . p:    4242    5460 e: -22.3 r:  52.8   
US_Colorado_Arapahoe=Confirmed i: 104  40  42   5/6/2020 p:    4415    5460 e: -19.1 r:  54.5   
US_Colorado_Arapahoe=Confirmed i: 105  41  43          . p:    4588    5460 e: -16.0 r:  56.6   
US_Colorado_Arapahoe=Confirmed i: 106  42  44   5/8/2020 p:    4588    5460 e: -16.0 r:  57.7   
US_Colorado_Arapahoe=Confirmed i: 107  43  45          . p:    4761    5460 e: -12.8 r:  59.1 OK
US_Colorado_Arapahoe=Confirmed i: 108  44  46  5/10/2020 p:    4772    5460 e: -12.6 r:  59.9 OK
US_Colorado_Arapahoe=Confirmed i: 109  45  47          . p:    4783    5460 e: -12.4 r:  60.7 OK
US_Colorado_Arapahoe=Confirmed i: 110  46  48  5/12/2020 p:    4766    5460 e: -12.7 r:  61.7 OK
US_Colorado_Arapahoe=Confirmed i: 111  47  49          . p:    4761    5460 e: -12.8 r:  63.4 OK
US_Colorado_Arapahoe=Confirmed i: 112  48  50  5/14/2020 p:    4761    5460 e: -12.8 r:  64.6 OK
US_Colorado_Arapahoe=Confirmed i: 113  49  51          . p:    4935    5460 e:  -9.6 r:  65.6 OK
US_Colorado_Arapahoe=Confirmed i: 114  50  52  5/16/2020 p:    4935    5460 e:  -9.6 r:  66.9 OK
US_Colorado_Arapahoe=Confirmed i: 115  51  53          . p:    4935    5460 e:  -9.6 r:  67.8 OK
US_Colorado_Arapahoe=Confirmed i: 116  52  54  5/18/2020 p:    4935    5460 e:  -9.6 r:  69.0 OK
US_Colorado_Arapahoe=Confirmed i: 117  53  55          . p:    4955    5460 e:  -9.2 r:  70.1 OK
US_Colorado_Arapahoe=Confirmed i: 118  54  56  5/20/2020 p:    4993    5460 e:  -8.6 r:  71.2 OK
US_Colorado_Arapahoe=Confirmed i: 119  55  57          . p:    5039    5460 e:  -7.7 r:  72.2 OK
US_Colorado_Arapahoe=Confirmed i: 120  56  58  5/22/2020 p:    5016    5460 e:  -8.1 r:  72.8 OK
US_Colorado_Arapahoe=Confirmed i: 121  57  59          . p:    5558    5460 e:   1.8 r:  73.8 OK
US_Colorado_Arapahoe=Confirmed i: 122  58  60  5/24/2020 p:    5018    5460 e:  -8.1 r:  74.0 OK
US_Colorado_Arapahoe=Confirmed i: 123  59  61          . p:    5023    5460 e:  -8.0 r:  74.6 OK
US_Colorado_Arapahoe=Confirmed i: 124  60  62  5/26/2020 p:    5108    5460 e:  -6.4 r:  75.5 OK
US_Colorado_Arapahoe=Confirmed i: 125  61  63          . p:    5108    5460 e:  -6.4 r:  76.3 OK
US_Colorado_Arapahoe=Confirmed i: 126  62  64  5/28/2020 p:    5108    5460 e:  -6.4 r:  76.9 OK
US_Colorado_Arapahoe=Confirmed i: 127  63  65          . p:    5108    5460 e:  -6.4 r:  77.9 OK
US_Colorado_Arapahoe=Confirmed i: 128  64  66  5/30/2020 p:    5108    5460 e:  -6.4 r:  79.7 OK
US_Colorado_Arapahoe=Confirmed i: 129  65  67          . p:    5281    5460 e:  -3.3 r:  80.5 OK
US_Colorado_Arapahoe=Confirmed i: 130  66  68   6/1/2020 p:    5281    5460 e:  -3.3 r:  80.9 OK
US_Colorado_Arapahoe=Confirmed i: 131  67  69          . p:    5281    5460 e:  -3.3 r:  81.6 OK
US_Colorado_Arapahoe=Confirmed i: 132  68  70   6/3/2020 p:    5454    5460 e:  -0.1 r:  82.3 OK
US_Colorado_Arapahoe=Confirmed i: 133  69  71          . p:    5454    5460 e:  -0.1 r:  83.4 OK
US_Colorado_Arapahoe=Confirmed i: 134  70  72   6/5/2020 p:    5454    5460 e:  -0.1 r:  84.1 OK
US_Colorado_Arapahoe=Confirmed i: 135  71  73          . p:    5454    5460 e:  -0.1 r:  84.7 OK
US_Colorado_Arapahoe=Confirmed i: 136  72  74   6/7/2020 p:    5520    5460 e:   1.1 r:  84.9 OK
US_Colorado_Arapahoe=Confirmed i: 137  73  75          . p:    5435    5460 e:  -0.5 r:  85.4 OK
US_Colorado_Arapahoe=Confirmed i: 138  74  76   6/9/2020 p:    5437    5460 e:  -0.4 r:  85.8 OK
