
  # Process COVID TAB data
p1= 10110 il= 138
p1= 10110 il= 137
p1= 10442 il= 136
p1= 12762 il= 135
p1= 10110 il= 134
US_Wisconsin_Milwaukee=Confirmed nl = 139, n1= 5 s1= 10706.8 s2= 115708061.6 SD= 1035.61351864487 frac%= 9.67248401618479
US_Wisconsin_Milwaukee=Confirmed i:  56  56  -1  3/19/2020 p:   25691   10706 e: 140.0 r:   0.6   
US_Wisconsin_Milwaukee=Confirmed i:  57  57   0          . p:     477   10706 e: -95.5 r:   0.9   
US_Wisconsin_Milwaukee=Confirmed i:  58  58   1  3/21/2020 p:     434   10706 e: -95.9 r:   1.2   
US_Wisconsin_Milwaukee=Confirmed i:  59  59   2          . p:     916   10706 e: -91.4 r:   1.7   
US_Wisconsin_Milwaukee=Confirmed i:  60  60   3  3/23/2020 p:     640   10706 e: -94.0 r:   1.9   
US_Wisconsin_Milwaukee=Confirmed i:  61  61   4          . p:     391   10706 e: -96.3 r:   2.3   
US_Wisconsin_Milwaukee=Confirmed i:  62  62   5  3/25/2020 p:     873   10706 e: -91.8 r:   3.0   
US_Wisconsin_Milwaukee=Confirmed i:  63  63   6          . p:     788   10706 e: -92.6 r:   3.2   
US_Wisconsin_Milwaukee=Confirmed i:  64  64   7  3/27/2020 p:     933   10706 e: -91.3 r:   3.8   
US_Wisconsin_Milwaukee=Confirmed i:  65  65   8          . p:    1491   10706 e: -86.1 r:   5.1   
US_Wisconsin_Milwaukee=Confirmed i:  66  66   9  3/29/2020 p:    1491   10706 e: -86.1 r:   5.7   
US_Wisconsin_Milwaukee=Confirmed i:  67  67  10          . p:    1519   10706 e: -85.8 r:   5.8   
US_Wisconsin_Milwaukee=Confirmed i:  68  68  11  3/31/2020 p:    1130   10706 e: -89.4 r:   6.6   
US_Wisconsin_Milwaukee=Confirmed i:  69  69  12          . p:    1541   10706 e: -85.6 r:   7.3   
US_Wisconsin_Milwaukee=Confirmed i:  70  70  13   4/2/2020 p:    1823   10706 e: -83.0 r:   8.1   
US_Wisconsin_Milwaukee=Confirmed i:  71  71  14          . p:    3480   10706 e: -67.5 r:   9.6   
US_Wisconsin_Milwaukee=Confirmed i:  72  72  15   4/4/2020 p:    2154   10706 e: -79.9 r:  10.3   
US_Wisconsin_Milwaukee=Confirmed i:  73  73  16          . p:    3812   10706 e: -64.4 r:  11.1   
US_Wisconsin_Milwaukee=Confirmed i:  74  74  17   4/6/2020 p:    2154   10706 e: -79.9 r:  11.7   
US_Wisconsin_Milwaukee=Confirmed i:  75  75  18          . p:    2313   10706 e: -78.4 r:  12.4   
US_Wisconsin_Milwaukee=Confirmed i:  76  76  19   4/8/2020 p:    1811   10706 e: -83.1 r:  13.2   
US_Wisconsin_Milwaukee=Confirmed i:  77  77  20          . p:    2377   10706 e: -77.8 r:  13.9   
US_Wisconsin_Milwaukee=Confirmed i:  78  78  21  4/10/2020 p:    2817   10706 e: -73.7 r:  14.7   
US_Wisconsin_Milwaukee=Confirmed i:  79  79  22          . p:    2793   10706 e: -73.9 r:  15.4   
US_Wisconsin_Milwaukee=Confirmed i:  80  80  23  4/12/2020 p:    2752   10706 e: -74.3 r:  16.0   
US_Wisconsin_Milwaukee=Confirmed i:  81  81  24          . p:    2476   10706 e: -76.9 r:  16.3   
US_Wisconsin_Milwaukee=Confirmed i:  82  82  25  4/14/2020 p:    2470   10706 e: -76.9 r:  16.8   
US_Wisconsin_Milwaukee=Confirmed i:  83  83  26          . p:    2497   10706 e: -76.7 r:  17.5   
US_Wisconsin_Milwaukee=Confirmed i:  84  84  27  4/16/2020 p:    2486   10706 e: -76.8 r:  18.2   
US_Wisconsin_Milwaukee=Confirmed i:  85  85  28          . p:    2486   10706 e: -76.8 r:  18.8   
US_Wisconsin_Milwaukee=Confirmed i:  86  86  29  4/18/2020 p:    2817   10706 e: -73.7 r:  19.3   
US_Wisconsin_Milwaukee=Confirmed i:  87  87  30          . p:    2817   10706 e: -73.7 r:  20.1   
US_Wisconsin_Milwaukee=Confirmed i:  88  88  31  4/20/2020 p:    2817   10706 e: -73.7 r:  20.5   
US_Wisconsin_Milwaukee=Confirmed i:  89  89  32          . p:    2836   10706 e: -73.5 r:  20.9   
US_Wisconsin_Milwaukee=Confirmed i:  90  90  33  4/22/2020 p:    2900   10706 e: -72.9 r:  21.5   
US_Wisconsin_Milwaukee=Confirmed i:  91  91  34          . p:    3149   10706 e: -70.6 r:  22.2   
US_Wisconsin_Milwaukee=Confirmed i:  92  92  35  4/24/2020 p:    3149   10706 e: -70.6 r:  22.7   
US_Wisconsin_Milwaukee=Confirmed i:  93  93  36          . p:    3149   10706 e: -70.6 r:  23.6   
US_Wisconsin_Milwaukee=Confirmed i:  94  94  37  4/26/2020 p:    3149   10706 e: -70.6 r:  24.6   
US_Wisconsin_Milwaukee=Confirmed i:  95  95  38          . p:    3480   10706 e: -67.5 r:  25.0   
US_Wisconsin_Milwaukee=Confirmed i:  96  96  39  4/28/2020 p:    3480   10706 e: -67.5 r:  25.4   
US_Wisconsin_Milwaukee=Confirmed i:  97  97  40          . p:    3480   10706 e: -67.5 r:  26.3   
US_Wisconsin_Milwaukee=Confirmed i:  98  98  41  4/30/2020 p:    3480   10706 e: -67.5 r:  27.5   
US_Wisconsin_Milwaukee=Confirmed i:  99  99  42          . p:    3812   10706 e: -64.4 r:  28.4   
US_Wisconsin_Milwaukee=Confirmed i: 100 100  43   5/2/2020 p:    3812   10706 e: -64.4 r:  29.4   
US_Wisconsin_Milwaukee=Confirmed i: 101 101  44          . p:    4143   10706 e: -61.3 r:  30.3   
US_Wisconsin_Milwaukee=Confirmed i: 102 102  45   5/4/2020 p:    4143   10706 e: -61.3 r:  30.8   
US_Wisconsin_Milwaukee=Confirmed i: 103 103  46          . p:    4143   10706 e: -61.3 r:  31.3   
US_Wisconsin_Milwaukee=Confirmed i: 104 104  47   5/6/2020 p:    4143   10706 e: -61.3 r:  32.4   
US_Wisconsin_Milwaukee=Confirmed i: 105 105  48          . p:    5138   10706 e: -52.0 r:  33.4   
US_Wisconsin_Milwaukee=Confirmed i: 106 106  49   5/8/2020 p:    4475   10706 e: -58.2 r:  34.8   
US_Wisconsin_Milwaukee=Confirmed i: 107 107  50          . p:    4806   10706 e: -55.1 r:  36.0   
US_Wisconsin_Milwaukee=Confirmed i: 108 108  51  5/10/2020 p:    5801   10706 e: -45.8 r:  36.9   
US_Wisconsin_Milwaukee=Confirmed i: 109 109  52          . p:    5138   10706 e: -52.0 r:  37.6   
US_Wisconsin_Milwaukee=Confirmed i: 110 110  53  5/12/2020 p:    5138   10706 e: -52.0 r:  38.0   
US_Wisconsin_Milwaukee=Confirmed i: 111 111  54          . p:    5138   10706 e: -52.0 r:  39.4   
US_Wisconsin_Milwaukee=Confirmed i: 112 112  55  5/14/2020 p:    6464   10706 e: -39.6 r:  41.0   
US_Wisconsin_Milwaukee=Confirmed i: 113 113  56          . p:    6464   10706 e: -39.6 r:  42.4   
US_Wisconsin_Milwaukee=Confirmed i: 114 114  57  5/16/2020 p:    7127   10706 e: -33.4 r:  44.4   
US_Wisconsin_Milwaukee=Confirmed i: 115 115  58          . p:    7458   10706 e: -30.3 r:  46.2   
US_Wisconsin_Milwaukee=Confirmed i: 116 116  59  5/18/2020 p:    7790   10706 e: -27.2 r:  46.7   
US_Wisconsin_Milwaukee=Confirmed i: 117 117  60          . p:    8784   10706 e: -18.0 r:  47.4   
US_Wisconsin_Milwaukee=Confirmed i: 118 118  61  5/20/2020 p:    8784   10706 e: -18.0 r:  50.2   
US_Wisconsin_Milwaukee=Confirmed i: 119 119  62          . p:    8784   10706 e: -18.0 r:  51.9   
US_Wisconsin_Milwaukee=Confirmed i: 120   0  63  5/22/2020 p:    9447   10706 e: -11.8 r:  53.6 OK 1st
US_Wisconsin_Milwaukee=Confirmed i: 121   1  64          . p:   10442   10706 e:  -2.5 r:  55.9 OK
US_Wisconsin_Milwaukee=Confirmed i: 122   2  65  5/24/2020 p:    9447   10706 e: -11.8 r:  57.8 OK
US_Wisconsin_Milwaukee=Confirmed i: 123   3  66          . p:    8784   10706 e: -18.0 r:  59.3   
US_Wisconsin_Milwaukee=Confirmed i: 124   4  67  5/26/2020 p:    8121   10706 e: -24.2 r:  60.9   
US_Wisconsin_Milwaukee=Confirmed i: 125   5  68          . p:    9779   10706 e:  -8.7 r:  63.0 OK
US_Wisconsin_Milwaukee=Confirmed i: 126   6  69  5/28/2020 p:   13757   10706 e:  28.5 r:  64.9   
US_Wisconsin_Milwaukee=Confirmed i: 127   7  70          . p:   15083   10706 e:  40.9 r:  69.4   
US_Wisconsin_Milwaukee=Confirmed i: 128   8  71  5/30/2020 p:   16409   10706 e:  53.3 r:  71.5   
US_Wisconsin_Milwaukee=Confirmed i: 129   9  72          . p:    9447   10706 e: -11.8 r:  72.4 OK
US_Wisconsin_Milwaukee=Confirmed i: 130  10  73   6/1/2020 p:    7790   10706 e: -27.2 r:  72.8   
US_Wisconsin_Milwaukee=Confirmed i: 131  11  74          . p:    8453   10706 e: -21.1 r:  74.8   
US_Wisconsin_Milwaukee=Confirmed i: 132  12  75   6/3/2020 p:    8453   10706 e: -21.1 r:  75.7   
US_Wisconsin_Milwaukee=Confirmed i: 133  13  76          . p:   13425   10706 e:  25.4 r:  78.3   
US_Wisconsin_Milwaukee=Confirmed i: 134  14  77   6/5/2020 p:   10110   10706 e:  -5.6 r:  79.8 OK
US_Wisconsin_Milwaukee=Confirmed i: 135  15  78          . p:   12762   10706 e:  19.2 r:  81.1   
US_Wisconsin_Milwaukee=Confirmed i: 136  16  79   6/7/2020 p:   10442   10706 e:  -2.5 r:  82.3 OK
US_Wisconsin_Milwaukee=Confirmed i: 137  17  80          . p:   10110   10706 e:  -5.6 r:  83.1 OK
US_Wisconsin_Milwaukee=Confirmed i: 138  18  81   6/9/2020 p:   10110   10706 e:  -5.6 r:  83.8 OK
