
  # Process COVID TAB data
p1= 192 il= 138
p1= 190 il= 137
p1= 188 il= 136
p1= 192 il= 135
p1= 192 il= 134
Greece=Deaths nl = 139, n1= 5 s1= 190.8 s2= 36407.2 SD= 1.599999999997 frac%= 0.838574423478511
Greece=Deaths i:  54  54  -7  3/17/2020 p:       4     190 e: -97.9 r:   2.6   
Greece=Deaths i:  56  56  -5  3/19/2020 p:       6     190 e: -96.9 r:   3.1   
Greece=Deaths i:  57  57  -4          . p:       6     190 e: -96.9 r:   3.1   
Greece=Deaths i:  60  60  -1  3/23/2020 p:      23     190 e: -87.9 r:   8.9   
Greece=Deaths i:  61  61   0          . p:      23     190 e: -87.9 r:  10.5   
Greece=Deaths i:  62  62   1  3/25/2020 p:      23     190 e: -87.9 r:  11.5   
Greece=Deaths i:  63  63   2          . p:      37     190 e: -80.6 r:  13.6   
Greece=Deaths i:  64  64   3  3/27/2020 p:      37     190 e: -80.6 r:  14.7   
Greece=Deaths i:  65  65   4          . p:      45     190 e: -76.4 r:  16.8   
Greece=Deaths i:  66  66   5  3/29/2020 p:      64     190 e: -66.5 r:  19.9   
Greece=Deaths i:  67  67   6          . p:      84     190 e: -56.0 r:  22.5   
Greece=Deaths i:  68   0   7  3/31/2020 p:     199     190 e:   4.3 r:  25.7 OK 1st
Greece=Deaths i:  69   1   8          . p:     185     190 e:  -3.0 r:  26.2 OK
Greece=Deaths i:  70   2   9   4/2/2020 p:      56     190 e: -70.6 r:  27.8   
Greece=Deaths i:  71   3  10          . p:     190     190 e:  -0.4 r:  33.0 OK
Greece=Deaths i:  72   4  11   4/4/2020 p:     150     190 e: -21.4 r:  35.6   
Greece=Deaths i:  73   5  12          . p:     165     190 e: -13.5 r:  38.3 OK
Greece=Deaths i:  74   6  13   4/6/2020 p:     172     190 e:  -9.9 r:  41.4 OK
Greece=Deaths i:  75   7  14          . p:     173     190 e:  -9.3 r:  42.5 OK
Greece=Deaths i:  76   8  15   4/8/2020 p:      87     190 e: -54.4 r:  43.5   
Greece=Deaths i:  77   9  16          . p:     186     190 e:  -2.5 r:  45.6 OK
Greece=Deaths i:  78  10  17  4/10/2020 p:     151     190 e: -20.9 r:  48.2   
Greece=Deaths i:  79  11  18          . p:     145     190 e: -24.0 r:  48.7   
Greece=Deaths i:  80  12  19  4/12/2020 p:     125     190 e: -34.5 r:  51.4   
Greece=Deaths i:  81  13  20          . p:     125     190 e: -34.5 r:  51.9   
Greece=Deaths i:  82  14  21  4/14/2020 p:     121     190 e: -36.6 r:  52.9   
Greece=Deaths i:  83  15  22          . p:     112     190 e: -41.3 r:  53.5   
Greece=Deaths i:  84  16  23  4/16/2020 p:     119     190 e: -37.6 r:  55.0   
Greece=Deaths i:  85  17  24          . p:     121     190 e: -36.6 r:  56.6   
Greece=Deaths i:  86  18  25  4/18/2020 p:     125     190 e: -34.5 r:  57.7   
Greece=Deaths i:  87  19  26          . p:     131     190 e: -31.3 r:  59.2   
Greece=Deaths i:  88  20  27  4/20/2020 p:     131     190 e: -31.3 r:  60.8   
Greece=Deaths i:  89  21  28          . p:     138     190 e: -27.7 r:  63.4   
Greece=Deaths i:  90  22  29  4/22/2020 p:     145     190 e: -24.0 r:  63.4   
Greece=Deaths i:  91  23  30          . p:     145     190 e: -24.0 r:  65.5   
Greece=Deaths i:  92  24  31  4/24/2020 p:     152     190 e: -20.3 r:  68.1   
Greece=Deaths i:  93  25  32          . p:     152     190 e: -20.3 r:  68.1   
Greece=Deaths i:  94  26  33  4/26/2020 p:     152     190 e: -20.3 r:  70.2   
Greece=Deaths i:  95  27  34          . p:     158     190 e: -17.2 r:  71.3   
Greece=Deaths i:  96  28  35  4/28/2020 p:     158     190 e: -17.2 r:  72.3   
Greece=Deaths i:  97  29  36          . p:     159     190 e: -16.7 r:  72.9   
Greece=Deaths i:  98  30  37  4/30/2020 p:     159     190 e: -16.7 r:  73.4   
Greece=Deaths i:  99  31  38          . p:     160     190 e: -16.1 r:  73.4   
Greece=Deaths i: 100  32  39   5/2/2020 p:     160     190 e: -16.1 r:  74.9   
Greece=Deaths i: 101  33  40          . p:     158     190 e: -17.2 r:  75.5   
Greece=Deaths i: 102  34  41   5/4/2020 p:     158     190 e: -17.2 r:  76.5   
Greece=Deaths i: 103  35  42          . p:     158     190 e: -17.2 r:  76.5   
Greece=Deaths i: 104  36  43   5/6/2020 p:     161     190 e: -15.6 r:  77.0   
Greece=Deaths i: 105  37  44          . p:     162     190 e: -15.1 r:  77.6   
Greece=Deaths i: 106  38  45   5/8/2020 p:     158     190 e: -17.2 r:  78.6   
Greece=Deaths i: 107  39  46          . p:     165     190 e: -13.5 r:  79.1 OK
Greece=Deaths i: 108  40  47  5/10/2020 p:     165     190 e: -13.5 r:  79.1 OK
Greece=Deaths i: 109  41  48          . p:     162     190 e: -15.1 r:  79.1   
Greece=Deaths i: 110  42  49  5/12/2020 p:     162     190 e: -15.1 r:  79.7   
Greece=Deaths i: 111  43  50          . p:     165     190 e: -13.5 r:  81.2 OK
Greece=Deaths i: 112  44  51  5/14/2020 p:     165     190 e: -13.5 r:  81.8 OK
Greece=Deaths i: 113  45  52          . p:     172     190 e:  -9.9 r:  83.9 OK
Greece=Deaths i: 114  46  53  5/16/2020 p:     172     190 e:  -9.9 r:  84.9 OK
Greece=Deaths i: 115  47  54          . p:     172     190 e:  -9.9 r:  85.4 OK
Greece=Deaths i: 116  48  55  5/18/2020 p:     172     190 e:  -9.9 r:  86.5 OK
Greece=Deaths i: 117  49  56          . p:     172     190 e:  -9.9 r:  86.5 OK
Greece=Deaths i: 118  50  57  5/20/2020 p:     179     190 e:  -6.2 r:  87.0 OK
Greece=Deaths i: 119  51  58          . p:     179     190 e:  -6.2 r:  88.1 OK
Greece=Deaths i: 120  52  59  5/22/2020 p:     179     190 e:  -6.2 r:  88.6 OK
Greece=Deaths i: 121  53  60          . p:     179     190 e:  -6.2 r:  89.6 OK
Greece=Deaths i: 122  54  61  5/24/2020 p:     179     190 e:  -6.2 r:  89.6 OK
Greece=Deaths i: 123  55  62          . p:     179     190 e:  -6.2 r:  90.1 OK
Greece=Deaths i: 124  56  63  5/26/2020 p:     199     190 e:   4.3 r:  90.7 OK
Greece=Deaths i: 125  57  64          . p:     185     190 e:  -3.0 r:  90.7 OK
Greece=Deaths i: 126  58  65  5/28/2020 p:     185     190 e:  -3.0 r:  91.7 OK
Greece=Deaths i: 127  59  66          . p:     185     190 e:  -3.0 r:  91.7 OK
Greece=Deaths i: 128  60  67  5/30/2020 p:     185     190 e:  -3.0 r:  91.7 OK
Greece=Deaths i: 129  61  68          . p:     180     190 e:  -5.7 r:  91.7 OK
Greece=Deaths i: 130  62  69   6/1/2020 p:     199     190 e:   4.3 r:  93.8 OK
Greece=Deaths i: 131  63  70          . p:     192     190 e:   0.6 r:  93.8 OK
Greece=Deaths i: 132  64  71   6/3/2020 p:     192     190 e:   0.6 r:  93.8 OK
Greece=Deaths i: 133  65  72          . p:     192     190 e:   0.6 r:  94.3 OK
Greece=Deaths i: 134  66  73   6/5/2020 p:     192     190 e:   0.6 r:  94.3 OK
Greece=Deaths i: 135  67  74          . p:     192     190 e:   0.6 r:  94.3 OK
Greece=Deaths i: 136  68  75   6/7/2020 p:     188     190 e:  -1.5 r:  94.3 OK
Greece=Deaths i: 137  69  76          . p:     190     190 e:  -0.4 r:  95.4 OK
Greece=Deaths i: 138  70  77   6/9/2020 p:     192     190 e:   0.6 r:  95.9 OK
