
  # Process COVID TAB data
p1= 22268 il= 138
p1= 22412 il= 137
p1= 22176 il= 136
p1= 22080 il= 135
p1= 22268 il= 134
US_New_York_NYC=Deaths nl = 139, n1= 5 s1= 22240.8 s2= 494665353.6 SD= 110.313009205797 frac%= 0.495993890533598
US_New_York_NYC=Deaths i:  55  55   3          . p:     845   22240 e: -96.2 r:   0.3   
US_New_York_NYC=Deaths i:  56  56   4  3/19/2020 p:     928   22240 e: -95.8 r:   0.4   
US_New_York_NYC=Deaths i:  57  57   5          . p:    2297   22240 e: -89.7 r:   0.6   
US_New_York_NYC=Deaths i:  58  58   6  3/21/2020 p:    2042   22240 e: -90.8 r:   0.8   
US_New_York_NYC=Deaths i:  59  59   7          . p:     823   22240 e: -96.3 r:   1.0   
US_New_York_NYC=Deaths i:  60  60   8  3/23/2020 p:    3541   22240 e: -84.1 r:   1.5   
US_New_York_NYC=Deaths i:  61  61   9          . p:    3056   22240 e: -86.3 r:   1.9   
US_New_York_NYC=Deaths i:  62  62  10  3/25/2020 p:    4453   22240 e: -80.0 r:   2.6   
US_New_York_NYC=Deaths i:  63  63  11          . p:    6883   22240 e: -69.1 r:   3.6   
US_New_York_NYC=Deaths i:  64  64  12  3/27/2020 p:   10122   22240 e: -54.5 r:   4.7   
US_New_York_NYC=Deaths i:  65  65  13          . p:   14980   22240 e: -32.6 r:   6.2   
US_New_York_NYC=Deaths i:  66   0  14  3/29/2020 p:   19839   22240 e: -10.8 r:   7.8 OK 1st
US_New_York_NYC=Deaths i:  67   1  15          . p:   12551   22240 e: -43.6 r:   9.6   
US_New_York_NYC=Deaths i:  68   2  16  3/31/2020 p:   14170   22240 e: -36.3 r:  11.6   
US_New_York_NYC=Deaths i:  69   3  17          . p:   20649   22240 e:  -7.2 r:  14.0 OK
US_New_York_NYC=Deaths i:  70   4  18   4/2/2020 p:   24753   22240 e:  11.3 r:  16.9 OK
US_New_York_NYC=Deaths i:  71   5  19          . p:   34958   22240 e:  57.2 r:  19.8   
US_New_York_NYC=Deaths i:  72   6  20   4/4/2020 p:   36298   22240 e:  63.2 r:  22.8   
US_New_York_NYC=Deaths i:  73   7  21          . p:   21649   22240 e:  -2.7 r:  26.1 OK
US_New_York_NYC=Deaths i:  74   8  22   4/6/2020 p:   58405   22240 e: 162.6 r:  29.7   
US_New_York_NYC=Deaths i:  75   9  23          . p:   31486   22240 e:  41.6 r:  33.3   
US_New_York_NYC=Deaths i:  76  10  24   4/8/2020 p:   29338   22240 e:  31.9 r:  36.6   
US_New_York_NYC=Deaths i:  77  11  25          . p:   42933   22240 e:  93.0 r:  39.8   
US_New_York_NYC=Deaths i:  78  12  26  4/10/2020 p:   25008   22240 e:  12.4 r:  43.0 OK
US_New_York_NYC=Deaths i:  79  13  27          . p:   35142   22240 e:  58.0 r:  46.0   
US_New_York_NYC=Deaths i:  80  14  28  4/12/2020 p:   18096   22240 e: -18.6 r:  49.3   
US_New_York_NYC=Deaths i:  81  15  29          . p:   19869   22240 e: -10.7 r:  52.5 OK
US_New_York_NYC=Deaths i:  82  16  30  4/14/2020 p:   20245   22240 e:  -9.0 r:  55.4 OK
US_New_York_NYC=Deaths i:  83  17  31          . p:   19827   22240 e: -10.9 r:  57.8 OK
US_New_York_NYC=Deaths i:  84  18  32  4/16/2020 p:   19400   22240 e: -12.8 r:  60.1 OK
US_New_York_NYC=Deaths i:  85  19  33          . p:   19029   22240 e: -14.4 r:  62.2 OK
US_New_York_NYC=Deaths i:  86  20  34  4/18/2020 p:   18907   22240 e: -15.0 r:  64.3 OK
US_New_York_NYC=Deaths i:  87  21  35          . p:   18833   22240 e: -15.3 r:  66.3   
US_New_York_NYC=Deaths i:  88  22  36  4/20/2020 p:   19099   22240 e: -14.1 r:  68.2 OK
US_New_York_NYC=Deaths i:  89  23  37          . p:   19066   22240 e: -14.3 r:  69.8 OK
US_New_York_NYC=Deaths i:  90  24  38  4/22/2020 p:   19061   22240 e: -14.3 r:  71.3 OK
US_New_York_NYC=Deaths i:  91  25  39          . p:   19012   22240 e: -14.5 r:  72.7 OK
US_New_York_NYC=Deaths i:  92  26  40  4/24/2020 p:   18636   22240 e: -16.2 r:  72.8   
US_New_York_NYC=Deaths i:  93  27  41          . p:   19872   22240 e: -10.7 r:  77.0 OK
US_New_York_NYC=Deaths i:  94  28  42  4/26/2020 p:   20000   22240 e: -10.1 r:  77.7 OK
US_New_York_NYC=Deaths i:  95  29  43          . p:   20078   22240 e:  -9.7 r:  78.8 OK
US_New_York_NYC=Deaths i:  96  30  44  4/28/2020 p:   20014   22240 e: -10.0 r:  79.5 OK
US_New_York_NYC=Deaths i:  97  31  45          . p:   20017   22240 e: -10.0 r:  80.4 OK
US_New_York_NYC=Deaths i:  98  32  46  4/30/2020 p:   20091   22240 e:  -9.7 r:  81.2 OK
US_New_York_NYC=Deaths i:  99  33  47          . p:   19839   22240 e: -10.8 r:  82.7 OK
US_New_York_NYC=Deaths i: 100  34  48   5/2/2020 p:   20649   22240 e:  -7.2 r:  83.1 OK
US_New_York_NYC=Deaths i: 101  35  49          . p:   20649   22240 e:  -7.2 r:  85.1 OK
US_New_York_NYC=Deaths i: 102  36  50   5/4/2020 p:   20649   22240 e:  -7.2 r:  85.7 OK
US_New_York_NYC=Deaths i: 103  37  51          . p:   20649   22240 e:  -7.2 r:  85.7 OK
US_New_York_NYC=Deaths i: 104  38  52   5/6/2020 p:   20558   22240 e:  -7.6 r:  86.2 OK
US_New_York_NYC=Deaths i: 105  39  53          . p:   20654   22240 e:  -7.1 r:  87.1 OK
US_New_York_NYC=Deaths i: 106  40  54   5/8/2020 p:   20649   22240 e:  -7.2 r:  88.0 OK
US_New_York_NYC=Deaths i: 107  41  55          . p:   20649   22240 e:  -7.2 r:  88.5 OK
US_New_York_NYC=Deaths i: 108  42  56  5/10/2020 p:   20649   22240 e:  -7.2 r:  89.0 OK
US_New_York_NYC=Deaths i: 109  43  57          . p:   21458   22240 e:  -3.5 r:  90.2 OK
US_New_York_NYC=Deaths i: 110  44  58  5/12/2020 p:   21458   22240 e:  -3.5 r:  91.0 OK
US_New_York_NYC=Deaths i: 111  45  59          . p:   21458   22240 e:  -3.5 r:  91.3 OK
US_New_York_NYC=Deaths i: 112  46  60  5/14/2020 p:   21458   22240 e:  -3.5 r:  91.8 OK
US_New_York_NYC=Deaths i: 113  47  61          . p:   21458   22240 e:  -3.5 r:  92.1 OK
US_New_York_NYC=Deaths i: 114  48  62  5/16/2020 p:   21245   22240 e:  -4.5 r:  92.5 OK
US_New_York_NYC=Deaths i: 115  49  63          . p:   21458   22240 e:  -3.5 r:  93.2 OK
US_New_York_NYC=Deaths i: 116  50  64  5/18/2020 p:   21458   22240 e:  -3.5 r:  93.5 OK
US_New_York_NYC=Deaths i: 117  51  65          . p:   21458   22240 e:  -3.5 r:  93.9 OK
US_New_York_NYC=Deaths i: 118  52  66  5/20/2020 p:   21781   22240 e:  -2.1 r:  94.1 OK
US_New_York_NYC=Deaths i: 119  53  67          . p:   21728   22240 e:  -2.3 r:  94.4 OK
US_New_York_NYC=Deaths i: 120  54  68  5/22/2020 p:   21685   22240 e:  -2.5 r:  94.8 OK
US_New_York_NYC=Deaths i: 121  55  69          . p:   21692   22240 e:  -2.5 r:  95.0 OK
US_New_York_NYC=Deaths i: 122  56  70  5/24/2020 p:   22268   22240 e:   0.1 r:  95.4 OK
US_New_York_NYC=Deaths i: 123  57  71          . p:   22179   22240 e:  -0.3 r:  95.6 OK
US_New_York_NYC=Deaths i: 124  58  72  5/26/2020 p:   22184   22240 e:  -0.3 r:  95.8 OK
US_New_York_NYC=Deaths i: 125  59  73          . p:   22192   22240 e:  -0.2 r:  96.0 OK
US_New_York_NYC=Deaths i: 126  60  74  5/28/2020 p:   22192   22240 e:  -0.2 r:  96.3 OK
US_New_York_NYC=Deaths i: 127  61  75          . p:   22268   22240 e:   0.1 r:  96.6 OK
US_New_York_NYC=Deaths i: 128  62  76  5/30/2020 p:   22268   22240 e:   0.1 r:  96.7 OK
US_New_York_NYC=Deaths i: 129  63  77          . p:   22268   22240 e:   0.1 r:  97.0 OK
US_New_York_NYC=Deaths i: 130  64  78   6/1/2020 p:   22179   22240 e:  -0.3 r:  97.2 OK
US_New_York_NYC=Deaths i: 131  65  79          . p:   22167   22240 e:  -0.3 r:  97.3 OK
US_New_York_NYC=Deaths i: 132  66  80   6/3/2020 p:   22176   22240 e:  -0.3 r:  97.5 OK
US_New_York_NYC=Deaths i: 133  67  81          . p:   22268   22240 e:   0.1 r:  97.8 OK
US_New_York_NYC=Deaths i: 134  68  82   6/5/2020 p:   22268   22240 e:   0.1 r:  97.9 OK
US_New_York_NYC=Deaths i: 135  69  83          . p:   22080   22240 e:  -0.7 r:  98.1 OK
US_New_York_NYC=Deaths i: 136  70  84   6/7/2020 p:   22176   22240 e:  -0.3 r:  98.2 OK
US_New_York_NYC=Deaths i: 137  71  85          . p:   22412   22240 e:   0.8 r:  98.4 OK
US_New_York_NYC=Deaths i: 138  72  86   6/9/2020 p:   22268   22240 e:   0.1 r:  98.5 OK
