
  # Process COVID TAB data
p1= 881 il= 138
p1= 919 il= 137
p1= 1015 il= 136
p1= 891 il= 135
p1= 863 il= 134
Italy_Lazio=Deaths nl = 139, n1= 5 s1= 913.8 s2= 837919.4 SD= 53.7490465031714 frac%= 5.88192673486227
Italy_Lazio=Deaths i:  49  49  -4          . p:      13     913 e: -98.6 r:   1.0   
Italy_Lazio=Deaths i:  50  50  -3  3/13/2020 p:      16     913 e: -98.2 r:   1.2   
Italy_Lazio=Deaths i:  51  51  -2          . p:      14     913 e: -98.5 r:   1.4   
Italy_Lazio=Deaths i:  52  52  -1  3/15/2020 p:      14     913 e: -98.5 r:   1.8   
Italy_Lazio=Deaths i:  53  53   0          . p:      42     913 e: -95.4 r:   2.1   
Italy_Lazio=Deaths i:  54  54   1  3/17/2020 p:      42     913 e: -95.4 r:   2.5   
Italy_Lazio=Deaths i:  55  55   2          . p:     127     913 e: -86.1 r:   3.5   
Italy_Lazio=Deaths i:  56  56   3  3/19/2020 p:     183     913 e: -80.0 r:   4.2   
Italy_Lazio=Deaths i:  57  57   4          . p:     212     913 e: -76.8 r:   4.7   
Italy_Lazio=Deaths i:  58  58   5  3/21/2020 p:     240     913 e: -73.7 r:   5.5   
Italy_Lazio=Deaths i:  59  59   6          . p:     212     913 e: -76.8 r:   5.8   
Italy_Lazio=Deaths i:  60  60   7  3/23/2020 p:     243     913 e: -73.4 r:   6.9   
Italy_Lazio=Deaths i:  61  61   8          . p:     382     913 e: -58.2 r:   8.8   
Italy_Lazio=Deaths i:  62  62   9  3/25/2020 p:     551     913 e: -39.7 r:  10.4   
Italy_Lazio=Deaths i:  63  63  10          . p:     665     913 e: -27.2 r:  11.6   
Italy_Lazio=Deaths i:  64  64  11  3/27/2020 p:     183     913 e: -80.0 r:  12.9   
Italy_Lazio=Deaths i:  65  65  12          . p:     152     913 e: -83.4 r:  13.6   
Italy_Lazio=Deaths i:  66  66  13  3/29/2020 p:     171     913 e: -81.3 r:  14.9   
Italy_Lazio=Deaths i:  67  67  14          . p:     213     913 e: -76.7 r:  16.4   
Italy_Lazio=Deaths i:  68  68  15  3/31/2020 p:     240     913 e: -73.7 r:  17.7   
Italy_Lazio=Deaths i:  69  69  16          . p:     243     913 e: -73.4 r:  18.5   
Italy_Lazio=Deaths i:  70  70  17   4/2/2020 p:     593     913 e: -35.1 r:  20.2   
Italy_Lazio=Deaths i:  71  71  18          . p:     563     913 e: -38.4 r:  21.8   
Italy_Lazio=Deaths i:  72  72  19   4/4/2020 p:     551     913 e: -39.7 r:  23.2   
Italy_Lazio=Deaths i:  73  73  20          . p:     423     913 e: -53.7 r:  24.0   
Italy_Lazio=Deaths i:  74  74  21   4/6/2020 p:     438     913 e: -52.1 r:  25.1   
Italy_Lazio=Deaths i:  75  75  22          . p:     350     913 e: -61.7 r:  26.0   
Italy_Lazio=Deaths i:  76  76  23   4/8/2020 p:     291     913 e: -68.2 r:  26.7   
Italy_Lazio=Deaths i:  77  77  24          . p:     305     913 e: -66.6 r:  27.7   
Italy_Lazio=Deaths i:  78  78  25  4/10/2020 p:     352     913 e: -61.5 r:  28.8   
Italy_Lazio=Deaths i:  79  79  26          . p:     382     913 e: -58.2 r:  29.9   
Italy_Lazio=Deaths i:  80  80  27  4/12/2020 p:     382     913 e: -58.2 r:  30.5   
Italy_Lazio=Deaths i:  81  81  28          . p:     419     913 e: -54.1 r:  31.1   
Italy_Lazio=Deaths i:  82  82  29  4/14/2020 p:     410     913 e: -55.1 r:  32.8   
Italy_Lazio=Deaths i:  83  83  30          . p:     410     913 e: -55.1 r:  34.0   
Italy_Lazio=Deaths i:  84  84  31  4/16/2020 p:     410     913 e: -55.1 r:  34.6   
Italy_Lazio=Deaths i:  85  85  32          . p:     438     913 e: -52.1 r:  36.3   
Italy_Lazio=Deaths i:  86  86  33  4/18/2020 p:     438     913 e: -52.1 r:  37.2   
Italy_Lazio=Deaths i:  87  87  34          . p:     450     913 e: -50.8 r:  37.3   
Italy_Lazio=Deaths i:  88  88  35  4/20/2020 p:     446     913 e: -51.2 r:  38.2   
Italy_Lazio=Deaths i:  89  89  36          . p:     458     913 e: -49.9 r:  39.7   
Italy_Lazio=Deaths i:  90  90  37  4/22/2020 p:     466     913 e: -49.0 r:  40.5   
Italy_Lazio=Deaths i:  91  91  38          . p:     466     913 e: -49.0 r:  41.0   
Italy_Lazio=Deaths i:  92  92  39  4/24/2020 p:     466     913 e: -49.0 r:  42.0   
Italy_Lazio=Deaths i:  93  93  40          . p:     472     913 e: -48.3 r:  42.4   
Italy_Lazio=Deaths i:  94  94  41  4/26/2020 p:     472     913 e: -48.3 r:  42.6   
Italy_Lazio=Deaths i:  95  95  42          . p:     472     913 e: -48.3 r:  43.4   
Italy_Lazio=Deaths i:  96  96  43  4/28/2020 p:     485     913 e: -46.9 r:  45.3   
Italy_Lazio=Deaths i:  97  97  44          . p:     495     913 e: -45.8 r:  47.2   
Italy_Lazio=Deaths i:  98  98  45  4/30/2020 p:     523     913 e: -42.8 r:  48.3   
Italy_Lazio=Deaths i:  99  99  46          . p:     580     913 e: -36.5 r:  52.7   
Italy_Lazio=Deaths i: 100 100  47   5/2/2020 p:     665     913 e: -27.2 r:  54.4   
Italy_Lazio=Deaths i: 101 101  48          . p:     721     913 e: -21.1 r:  55.6   
Italy_Lazio=Deaths i: 102 102  49   5/4/2020 p:     551     913 e: -39.7 r:  57.3   
Italy_Lazio=Deaths i: 103 103  50          . p:     580     913 e: -36.5 r:  58.4   
Italy_Lazio=Deaths i: 104 104  51   5/6/2020 p:     580     913 e: -36.5 r:  58.9   
Italy_Lazio=Deaths i: 105 105  52          . p:     551     913 e: -39.7 r:  59.4   
Italy_Lazio=Deaths i: 106 106  53   5/8/2020 p:     580     913 e: -36.5 r:  60.1   
Italy_Lazio=Deaths i: 107 107  54          . p:     580     913 e: -36.5 r:  60.5   
Italy_Lazio=Deaths i: 108 108  55  5/10/2020 p:     580     913 e: -36.5 r:  61.0   
Italy_Lazio=Deaths i: 109 109  56          . p:     580     913 e: -36.5 r:  61.5   
Italy_Lazio=Deaths i: 110 110  57  5/12/2020 p:     580     913 e: -36.5 r:  61.9   
Italy_Lazio=Deaths i: 111 111  58          . p:     608     913 e: -33.5 r:  63.1   
Italy_Lazio=Deaths i: 112 112  59  5/14/2020 p:     723     913 e: -20.9 r:  65.1   
Italy_Lazio=Deaths i: 113 113  60          . p:     749     913 e: -18.0 r:  66.1   
Italy_Lazio=Deaths i: 114 114  61  5/16/2020 p:     749     913 e: -18.0 r:  67.4   
Italy_Lazio=Deaths i: 115   0  62          . p:     778     913 e: -14.9 r:  68.1 OK 1st
Italy_Lazio=Deaths i: 116   1  63  5/18/2020 p:     778     913 e: -14.9 r:  68.7 OK
Italy_Lazio=Deaths i: 117   2  64          . p:     778     913 e: -14.9 r:  70.0 OK
Italy_Lazio=Deaths i: 118   3  65  5/20/2020 p:     778     913 e: -14.9 r:  70.8 OK
Italy_Lazio=Deaths i: 119   4  66          . p:     778     913 e: -14.9 r:  72.4 OK
Italy_Lazio=Deaths i: 120   5  67  5/22/2020 p:     806     913 e: -11.8 r:  73.2 OK
Italy_Lazio=Deaths i: 121   6  68          . p:     834     913 e:  -8.7 r:  74.0 OK
Italy_Lazio=Deaths i: 122   7  69  5/24/2020 p:     834     913 e:  -8.7 r:  74.9 OK
Italy_Lazio=Deaths i: 123   8  70          . p:     834     913 e:  -8.7 r:  75.3 OK
Italy_Lazio=Deaths i: 124   9  71  5/26/2020 p:     834     913 e:  -8.7 r:  75.8 OK
Italy_Lazio=Deaths i: 125  10  72          . p:     834     913 e:  -8.7 r:  76.7 OK
Italy_Lazio=Deaths i: 126  11  73  5/28/2020 p:     834     913 e:  -8.7 r:  77.5 OK
Italy_Lazio=Deaths i: 127  12  74          . p:     863     913 e:  -5.6 r:  78.9 OK
Italy_Lazio=Deaths i: 128  13  75  5/30/2020 p:     976     913 e:   6.8 r:  79.7 OK
Italy_Lazio=Deaths i: 129  14  76          . p:     919     913 e:   0.6 r:  80.4 OK
Italy_Lazio=Deaths i: 130  15  77   6/1/2020 p:     919     913 e:   0.6 r:  80.9 OK
Italy_Lazio=Deaths i: 131  16  78          . p:     919     913 e:   0.6 r:  81.1 OK
Italy_Lazio=Deaths i: 132  17  79   6/3/2020 p:     908     913 e:  -0.6 r:  81.7 OK
Italy_Lazio=Deaths i: 133  18  80          . p:     864     913 e:  -5.4 r:  82.1 OK
Italy_Lazio=Deaths i: 134  19  81   6/5/2020 p:     863     913 e:  -5.6 r:  82.5 OK
Italy_Lazio=Deaths i: 135  20  82          . p:     891     913 e:  -2.5 r:  83.0 OK
Italy_Lazio=Deaths i: 136  21  83   6/7/2020 p:    1015     913 e:  11.1 r:  83.2 OK
Italy_Lazio=Deaths i: 137  22  84          . p:     919     913 e:   0.6 r:  83.5 OK
Italy_Lazio=Deaths i: 138  23  85   6/9/2020 p:     881     913 e:  -3.6 r:  83.8 OK
