
  # Process COVID TAB data
p1= 343 il= 138
p1= 341 il= 137
p1= 341 il= 136
p1= 341 il= 135
p1= 341 il= 134
US_Pennsylvania_Chester=Deaths nl = 139, n1= 5 s1= 341.4 s2= 116554.6 SD= 0.800000000017826 frac%= 0.234329232576985
US_Pennsylvania_Chester=Deaths i:  77  77  -5          . p:       5     341 e: -98.5 r:   2.1   
US_Pennsylvania_Chester=Deaths i:  78  78  -4  4/10/2020 p:      16     341 e: -95.3 r:   2.6   
US_Pennsylvania_Chester=Deaths i:  80   0  -2  4/12/2020 p:     296     341 e: -13.3 r:   5.0 OK 1st
US_Pennsylvania_Chester=Deaths i:  81   1  -1          . p:      83     341 e: -75.7 r:   5.0   
US_Pennsylvania_Chester=Deaths i:  82   2   0  4/14/2020 p:      27     341 e: -92.1 r:   5.9   
US_Pennsylvania_Chester=Deaths i:  83   3   1          . p:      61     341 e: -82.1 r:   7.3   
US_Pennsylvania_Chester=Deaths i:  84   4   2  4/16/2020 p:      39     341 e: -88.6 r:   7.6   
US_Pennsylvania_Chester=Deaths i:  85   5   3          . p:      50     341 e: -85.4 r:   8.8   
US_Pennsylvania_Chester=Deaths i:  86   6   4  4/18/2020 p:      95     341 e: -72.2 r:  10.5   
US_Pennsylvania_Chester=Deaths i:  87   7   5          . p:     128     341 e: -62.5 r:  12.3   
US_Pennsylvania_Chester=Deaths i:  88   8   6  4/20/2020 p:     128     341 e: -62.5 r:  12.9   
US_Pennsylvania_Chester=Deaths i:  89   9   7          . p:     419     341 e:  22.7 r:  19.0   
US_Pennsylvania_Chester=Deaths i:  90  10   8  4/22/2020 p:     497     341 e:  45.6 r:  19.6   
US_Pennsylvania_Chester=Deaths i:  91  11   9          . p:      61     341 e: -82.1 r:  19.6   
US_Pennsylvania_Chester=Deaths i:  92  12  10  4/24/2020 p:      95     341 e: -72.2 r:  22.6   
US_Pennsylvania_Chester=Deaths i:  93  13  11          . p:      95     341 e: -72.2 r:  24.0   
US_Pennsylvania_Chester=Deaths i:  94  14  12  4/26/2020 p:      95     341 e: -72.2 r:  24.0   
US_Pennsylvania_Chester=Deaths i:  95  15  13          . p:      81     341 e: -76.3 r:  23.7   
US_Pennsylvania_Chester=Deaths i:  96  16  14  4/28/2020 p:     203     341 e: -40.5 r:  24.9   
US_Pennsylvania_Chester=Deaths i:  97  17  15          . p:     209     341 e: -38.8 r:  29.6   
US_Pennsylvania_Chester=Deaths i:  98  18  16  4/30/2020 p:     240     341 e: -29.7 r:  32.5   
US_Pennsylvania_Chester=Deaths i:  99  19  17          . p:     229     341 e: -32.9 r:  32.5   
US_Pennsylvania_Chester=Deaths i: 100  20  18   5/2/2020 p:     218     341 e: -36.1 r:  34.3   
US_Pennsylvania_Chester=Deaths i: 101  21  19          . p:     207     341 e: -39.4 r:  34.3   
US_Pennsylvania_Chester=Deaths i: 102  22  20   5/4/2020 p:     117     341 e: -65.7 r:  34.6   
US_Pennsylvania_Chester=Deaths i: 103  23  21          . p:     274     341 e: -19.7 r:  43.6   
US_Pennsylvania_Chester=Deaths i: 104  24  22   5/6/2020 p:     307     341 e: -10.1 r:  45.7 OK
US_Pennsylvania_Chester=Deaths i: 105  25  23          . p:     318     341 e:  -6.9 r:  48.9 OK
US_Pennsylvania_Chester=Deaths i: 106  26  24   5/8/2020 p:     363     341 e:   6.3 r:  51.6 OK
US_Pennsylvania_Chester=Deaths i: 107  27  25          . p:     363     341 e:   6.3 r:  53.6 OK
US_Pennsylvania_Chester=Deaths i: 108  28  26  5/10/2020 p:     195     341 e: -42.9 r:  53.9   
US_Pennsylvania_Chester=Deaths i: 109  29  27          . p:     195     341 e: -42.9 r:  54.8   
US_Pennsylvania_Chester=Deaths i: 110  30  28  5/12/2020 p:     195     341 e: -42.9 r:  55.4   
US_Pennsylvania_Chester=Deaths i: 111  31  29          . p:     386     341 e:  13.1 r:  57.7 OK
US_Pennsylvania_Chester=Deaths i: 112  32  30  5/14/2020 p:     352     341 e:   3.1 r:  62.4 OK
US_Pennsylvania_Chester=Deaths i: 113  33  31          . p:     363     341 e:   6.3 r:  63.9 OK
US_Pennsylvania_Chester=Deaths i: 114  34  32  5/16/2020 p:     363     341 e:   6.3 r:  64.4 OK
US_Pennsylvania_Chester=Deaths i: 115  35  33          . p:     375     341 e:   9.8 r:  64.4 OK
US_Pennsylvania_Chester=Deaths i: 116  36  34  5/18/2020 p:     366     341 e:   7.2 r:  66.5 OK
US_Pennsylvania_Chester=Deaths i: 117  37  35          . p:     352     341 e:   3.1 r:  67.4 OK
US_Pennsylvania_Chester=Deaths i: 118  38  36  5/20/2020 p:     341     341 e:  -0.1 r:  68.8 OK
US_Pennsylvania_Chester=Deaths i: 119  39  37          . p:     341     341 e:  -0.1 r:  69.7 OK
US_Pennsylvania_Chester=Deaths i: 120  40  38  5/22/2020 p:     330     341 e:  -3.3 r:  70.9 OK
US_Pennsylvania_Chester=Deaths i: 121  41  39          . p:     330     341 e:  -3.3 r:  71.8 OK
US_Pennsylvania_Chester=Deaths i: 122  42  40  5/24/2020 p:     319     341 e:  -6.6 r:  72.6 OK
US_Pennsylvania_Chester=Deaths i: 123  43  41          . p:     320     341 e:  -6.3 r:  73.5 OK
US_Pennsylvania_Chester=Deaths i: 124  44  42  5/26/2020 p:     318     341 e:  -6.9 r:  73.8 OK
US_Pennsylvania_Chester=Deaths i: 125  45  43          . p:     317     341 e:  -7.1 r:  76.2 OK
US_Pennsylvania_Chester=Deaths i: 126  46  44  5/28/2020 p:     318     341 e:  -6.9 r:  79.1 OK
US_Pennsylvania_Chester=Deaths i: 127  47  45          . p:     330     341 e:  -3.3 r:  81.1 OK
US_Pennsylvania_Chester=Deaths i: 128  48  46  5/30/2020 p:     341     341 e:  -0.1 r:  82.0 OK
US_Pennsylvania_Chester=Deaths i: 129  49  47          . p:     341     341 e:  -0.1 r:  82.3 OK
US_Pennsylvania_Chester=Deaths i: 130  50  48   6/1/2020 p:     341     341 e:  -0.1 r:  82.3 OK
US_Pennsylvania_Chester=Deaths i: 131  51  49          . p:     341     341 e:  -0.1 r:  83.2 OK
US_Pennsylvania_Chester=Deaths i: 132  52  50   6/3/2020 p:     341     341 e:  -0.1 r:  84.1 OK
US_Pennsylvania_Chester=Deaths i: 133  53  51          . p:     341     341 e:  -0.1 r:  86.1 OK
US_Pennsylvania_Chester=Deaths i: 134  54  52   6/5/2020 p:     341     341 e:  -0.1 r:  86.7 OK
US_Pennsylvania_Chester=Deaths i: 135  55  53          . p:     341     341 e:  -0.1 r:  87.0 OK
US_Pennsylvania_Chester=Deaths i: 136  56  54   6/7/2020 p:     341     341 e:  -0.1 r:  87.0 OK
US_Pennsylvania_Chester=Deaths i: 137  57  55          . p:     341     341 e:  -0.1 r:  87.3 OK
US_Pennsylvania_Chester=Deaths i: 138  58  56   6/9/2020 p:     343     341 e:   0.5 r:  88.8 OK
