
  # Process COVID TAB data
p1= 448 il= 138
p1= 458 il= 137
p1= 448 il= 136
p1= 398 il= 135
p1= 606 il= 134
Kuwait=Deaths nl = 139, n1= 5 s1= 471.6 s2= 227362.4 SD= 70.3977272360406 frac%= 14.9274230780408
Kuwait=Deaths i:  84  84 -10  4/16/2020 p:       5     471 e: -98.9 r:   0.6   
Kuwait=Deaths i:  85  85  -9          . p:      15     471 e: -96.8 r:   1.1   
Kuwait=Deaths i:  86  86  -8  4/18/2020 p:      15     471 e: -96.8 r:   1.3   
Kuwait=Deaths i:  87  87  -7          . p:      15     471 e: -96.8 r:   1.5   
Kuwait=Deaths i:  88  88  -6  4/20/2020 p:      25     471 e: -94.7 r:   1.9   
Kuwait=Deaths i:  89  89  -5          . p:      55     471 e: -88.3 r:   2.3   
Kuwait=Deaths i:  90  90  -4  4/22/2020 p:      65     471 e: -86.2 r:   2.8   
Kuwait=Deaths i:  91  91  -3          . p:      25     471 e: -94.7 r:   3.0   
Kuwait=Deaths i:  92  92  -2  4/24/2020 p:      15     471 e: -96.8 r:   3.2   
Kuwait=Deaths i:  93  93  -1          . p:      55     471 e: -88.3 r:   4.0   
Kuwait=Deaths i:  94  94   0  4/26/2020 p:      65     471 e: -86.2 r:   4.2   
Kuwait=Deaths i:  95  95   1          . p:      55     471 e: -88.3 r:   4.7   
Kuwait=Deaths i:  96  96   2  4/28/2020 p:      55     471 e: -88.3 r:   4.9   
Kuwait=Deaths i:  97  97   3          . p:      25     471 e: -94.7 r:   5.1   
Kuwait=Deaths i:  98  98   4  4/30/2020 p:      35     471 e: -92.6 r:   5.5   
Kuwait=Deaths i:  99  99   5          . p:      56     471 e: -88.1 r:   6.4   
Kuwait=Deaths i: 100 100   6   5/2/2020 p:      65     471 e: -86.2 r:   7.0   
Kuwait=Deaths i: 101 101   7          . p:      85     471 e: -82.0 r:   8.1   
Kuwait=Deaths i: 102 102   8   5/4/2020 p:      95     471 e: -79.9 r:   8.5   
Kuwait=Deaths i: 103 103   9          . p:      95     471 e: -79.9 r:   8.5   
Kuwait=Deaths i: 104 104  10   5/6/2020 p:      87     471 e: -81.6 r:   8.9   
Kuwait=Deaths i: 105 105  11          . p:      47     471 e: -90.0 r:   9.3   
Kuwait=Deaths i: 106 106  12   5/8/2020 p:      85     471 e: -82.0 r:  10.0   
Kuwait=Deaths i: 107 107  13          . p:      85     471 e: -82.0 r:  10.4   
Kuwait=Deaths i: 108 108  14  5/10/2020 p:     107     471 e: -77.3 r:  12.3   
Kuwait=Deaths i: 109 109  15          . p:     138     471 e: -70.7 r:  13.8   
Kuwait=Deaths i: 110 110  16  5/12/2020 p:     186     471 e: -60.6 r:  15.9   
Kuwait=Deaths i: 111 111  17          . p:     236     471 e: -50.0 r:  17.4   
Kuwait=Deaths i: 112 112  18  5/14/2020 p:     277     471 e: -41.3 r:  18.7   
Kuwait=Deaths i: 113 113  19          . p:     146     471 e: -69.0 r:  20.4   
Kuwait=Deaths i: 114 114  20  5/16/2020 p:     398     471 e: -15.6 r:  22.7   
Kuwait=Deaths i: 115   0  21          . p:     458     471 e:  -2.9 r:  23.7 OK 1st
Kuwait=Deaths i: 116   1  22  5/18/2020 p:     196     471 e: -58.4 r:  25.0   
Kuwait=Deaths i: 117   2  23          . p:     166     471 e: -64.8 r:  25.7   
Kuwait=Deaths i: 118   3  24  5/20/2020 p:     126     471 e: -73.3 r:  26.3   
Kuwait=Deaths i: 119   4  25          . p:     146     471 e: -69.0 r:  27.4   
Kuwait=Deaths i: 120   5  26  5/22/2020 p:     176     471 e: -62.7 r:  29.3   
Kuwait=Deaths i: 121   6  27          . p:     206     471 e: -56.3 r:  31.4   
Kuwait=Deaths i: 122   7  28  5/24/2020 p:     236     471 e: -50.0 r:  33.1   
Kuwait=Deaths i: 123   8  29          . p:     600     471 e:  27.2 r:  35.0   
Kuwait=Deaths i: 124   9  30  5/26/2020 p:     287     471 e: -39.1 r:  36.5   
Kuwait=Deaths i: 125  10  31          . p:     287     471 e: -39.1 r:  37.1   
Kuwait=Deaths i: 126  11  32  5/28/2020 p:     569     471 e:  20.7 r:  39.2   
Kuwait=Deaths i: 127  12  33          . p:     327     471 e: -30.7 r:  41.1   
Kuwait=Deaths i: 128  13  34  5/30/2020 p:     589     471 e:  24.9 r:  43.5   
Kuwait=Deaths i: 129  14  35          . p:     600     471 e:  27.2 r:  45.0   
Kuwait=Deaths i: 130  15  36   6/1/2020 p:     418     471 e: -11.4 r:  46.6 OK
Kuwait=Deaths i: 131  16  37          . p:     418     471 e: -11.4 r:  47.9 OK
Kuwait=Deaths i: 132  17  38   6/3/2020 p:     418     471 e: -11.4 r:  48.8 OK
Kuwait=Deaths i: 133  18  39          . p:     260     471 e: -44.9 r:  50.0   
Kuwait=Deaths i: 134  19  40   6/5/2020 p:     606     471 e:  28.5 r:  51.7   
Kuwait=Deaths i: 135  20  41          . p:     398     471 e: -15.6 r:  53.9   
Kuwait=Deaths i: 136  21  42   6/7/2020 p:     448     471 e:  -5.0 r:  56.0 OK
Kuwait=Deaths i: 137  22  43          . p:     458     471 e:  -2.9 r:  57.0 OK
Kuwait=Deaths i: 138  23  44   6/9/2020 p:     448     471 e:  -5.0 r:  57.9 OK
