
  # Process COVID TAB data
p1= 623 il= 138
p1= 623 il= 137
p1= 613 il= 136
p1= 613 il= 135
p1= 595 il= 134
US_Massachusetts_Bristol=Deaths nl = 139, n1= 5 s1= 613.4 s2= 376364.2 SD= 10.2293694820362 frac%= 1.66765071438478
US_Massachusetts_Bristol=Deaths i:  70  70  -5   4/2/2020 p:       8     613 e: -98.7 r:   0.5   
US_Massachusetts_Bristol=Deaths i:  71  71  -4          . p:       8     613 e: -98.7 r:   0.7   
US_Massachusetts_Bristol=Deaths i:  72  72  -3   4/4/2020 p:       8     613 e: -98.7 r:   0.8   
US_Massachusetts_Bristol=Deaths i:  74   0  -1   4/6/2020 p:     701     613 e:  14.3 r:   1.3 OK 1st
US_Massachusetts_Bristol=Deaths i:  78   4   3  4/10/2020 p:      26     613 e: -95.8 r:   3.7   
US_Massachusetts_Bristol=Deaths i:  79   5   4          . p:     133     613 e: -78.3 r:   6.4   
US_Massachusetts_Bristol=Deaths i:  80   6   5  4/12/2020 p:      97     613 e: -84.2 r:   7.0   
US_Massachusetts_Bristol=Deaths i:  81   7   6          . p:      44     613 e: -92.8 r:   7.0   
US_Massachusetts_Bristol=Deaths i:  82   8   7  4/14/2020 p:      44     613 e: -92.8 r:   7.0   
US_Massachusetts_Bristol=Deaths i:  83   9   8          . p:      97     613 e: -84.2 r:   9.1   
US_Massachusetts_Bristol=Deaths i:  84  10   9  4/16/2020 p:      87     613 e: -85.8 r:   9.1   
US_Massachusetts_Bristol=Deaths i:  85  11  10          . p:      97     613 e: -84.2 r:  10.3   
US_Massachusetts_Bristol=Deaths i:  86  12  11  4/18/2020 p:     133     613 e: -78.3 r:  12.2   
US_Massachusetts_Bristol=Deaths i:  87  13  12          . p:     186     613 e: -69.7 r:  14.2   
US_Massachusetts_Bristol=Deaths i:  88  14  13  4/20/2020 p:     168     613 e: -72.6 r:  14.2   
US_Massachusetts_Bristol=Deaths i:  89  15  14          . p:     186     613 e: -69.7 r:  15.7   
US_Massachusetts_Bristol=Deaths i:  90  16  15  4/22/2020 p:     168     613 e: -72.6 r:  15.7   
US_Massachusetts_Bristol=Deaths i:  91  17  16          . p:     155     613 e: -74.7 r:  15.7   
US_Massachusetts_Bristol=Deaths i:  92  18  17  4/24/2020 p:     144     613 e: -76.5 r:  15.7   
US_Massachusetts_Bristol=Deaths i:  93  19  18          . p:     239     613 e: -61.0 r:  21.2   
US_Massachusetts_Bristol=Deaths i:  94  20  19  4/26/2020 p:     239     613 e: -61.0 r:  21.2   
US_Massachusetts_Bristol=Deaths i:  95  21  20          . p:     257     613 e: -58.1 r:  22.3   
US_Massachusetts_Bristol=Deaths i:  96  22  21  4/28/2020 p:     275     613 e: -55.2 r:  25.3   
US_Massachusetts_Bristol=Deaths i:  97  23  22          . p:     310     613 e: -49.5 r:  26.9   
US_Massachusetts_Bristol=Deaths i:  98  24  23  4/30/2020 p:     328     613 e: -46.5 r:  28.0   
US_Massachusetts_Bristol=Deaths i:  99  25  24          . p:     346     613 e: -43.6 r:  29.7   
US_Massachusetts_Bristol=Deaths i: 100  26  25   5/2/2020 p:     346     613 e: -43.6 r:  30.5   
US_Massachusetts_Bristol=Deaths i: 101  27  26          . p:     364     613 e: -40.7 r:  32.3   
US_Massachusetts_Bristol=Deaths i: 102  28  27   5/4/2020 p:     357     613 e: -41.8 r:  33.4   
US_Massachusetts_Bristol=Deaths i: 103  29  28          . p:     357     613 e: -41.8 r:  34.2   
US_Massachusetts_Bristol=Deaths i: 104  30  29   5/6/2020 p:     364     613 e: -40.7 r:  36.4   
US_Massachusetts_Bristol=Deaths i: 105  31  30          . p:     382     613 e: -37.7 r:  37.8   
US_Massachusetts_Bristol=Deaths i: 106  32  31   5/8/2020 p:     399     613 e: -35.0 r:  41.1   
US_Massachusetts_Bristol=Deaths i: 107  33  32          . p:     417     613 e: -32.0 r:  42.4   
US_Massachusetts_Bristol=Deaths i: 108  34  33  5/10/2020 p:     435     613 e: -29.1 r:  43.4   
US_Massachusetts_Bristol=Deaths i: 109  35  34          . p:     435     613 e: -29.1 r:  44.7   
US_Massachusetts_Bristol=Deaths i: 110  36  35  5/12/2020 p:     435     613 e: -29.1 r:  45.3   
US_Massachusetts_Bristol=Deaths i: 111  37  36          . p:     435     613 e: -29.1 r:  47.0   
US_Massachusetts_Bristol=Deaths i: 112  38  37  5/14/2020 p:     453     613 e: -26.1 r:  48.4   
US_Massachusetts_Bristol=Deaths i: 113  39  38          . p:     453     613 e: -26.1 r:  49.4   
US_Massachusetts_Bristol=Deaths i: 114  40  39  5/16/2020 p:     453     613 e: -26.1 r:  51.0   
US_Massachusetts_Bristol=Deaths i: 115  41  40          . p:     453     613 e: -26.1 r:  52.2   
US_Massachusetts_Bristol=Deaths i: 116  42  41  5/18/2020 p:     458     613 e: -25.3 r:  52.8   
US_Massachusetts_Bristol=Deaths i: 117  43  42          . p:     457     613 e: -25.5 r:  53.8   
US_Massachusetts_Bristol=Deaths i: 118  44  43  5/20/2020 p:     461     613 e: -24.8 r:  55.1   
US_Massachusetts_Bristol=Deaths i: 119  45  44          . p:     470     613 e: -23.4 r:  56.2   
US_Massachusetts_Bristol=Deaths i: 120  46  45  5/22/2020 p:     470     613 e: -23.4 r:  57.5   
US_Massachusetts_Bristol=Deaths i: 121  47  46          . p:     470     613 e: -23.4 r:  59.0   
US_Massachusetts_Bristol=Deaths i: 122  48  47  5/24/2020 p:     506     613 e: -17.5 r:  60.2   
US_Massachusetts_Bristol=Deaths i: 123  49  48          . p:     506     613 e: -17.5 r:  61.1   
US_Massachusetts_Bristol=Deaths i: 124  50  49  5/26/2020 p:     524     613 e: -14.6 r:  62.3 OK
US_Massachusetts_Bristol=Deaths i: 125  51  50          . p:     524     613 e: -14.6 r:  63.6 OK
US_Massachusetts_Bristol=Deaths i: 126  52  51  5/28/2020 p:     541     613 e: -11.8 r:  65.0 OK
US_Massachusetts_Bristol=Deaths i: 127  53  52          . p:     541     613 e: -11.8 r:  65.9 OK
US_Massachusetts_Bristol=Deaths i: 128  54  53  5/30/2020 p:     507     613 e: -17.3 r:  66.8   
US_Massachusetts_Bristol=Deaths i: 129  55  54          . p:     546     613 e: -11.0 r:  67.7 OK
US_Massachusetts_Bristol=Deaths i: 130  56  55   6/1/2020 p:     559     613 e:  -8.9 r:  69.9 OK
US_Massachusetts_Bristol=Deaths i: 131  57  56          . p:     577     613 e:  -5.9 r:  70.9 OK
US_Massachusetts_Bristol=Deaths i: 132  58  57   6/3/2020 p:     577     613 e:  -5.9 r:  71.9 OK
US_Massachusetts_Bristol=Deaths i: 133  59  58          . p:     595     613 e:  -3.0 r:  73.7 OK
US_Massachusetts_Bristol=Deaths i: 134  60  59   6/5/2020 p:     595     613 e:  -3.0 r:  74.2 OK
US_Massachusetts_Bristol=Deaths i: 135  61  60          . p:     613     613 e:  -0.1 r:  76.1 OK
US_Massachusetts_Bristol=Deaths i: 136  62  61   6/7/2020 p:     613     613 e:  -0.1 r:  76.5 OK
US_Massachusetts_Bristol=Deaths i: 137  63  62          . p:     623     613 e:   1.6 r:  77.1 OK
US_Massachusetts_Bristol=Deaths i: 138  64  63   6/9/2020 p:     623     613 e:   1.6 r:  78.4 OK
