
  # Process COVID TAB data
p1= 19142 il= 134
p1= 18470 il= 130
p1= 17799 il= 129
p1= 17127 il= 128
p1= 17127 il= 127
Israel=Confirmed nl = 139, n1= 5 s1= 17933 s2= 322205944.6 SD= 783.234064632038 frac%= 4.36755737819683
Israel=Confirmed i:  37  37  -9          . p:    1007   17933 e: -94.4 r:   0.1   
Israel=Confirmed i:  38  38  -8   3/1/2020 p:     335   17933 e: -98.1 r:   0.1   
Israel=Confirmed i:  39  39  -7          . p:     335   17933 e: -98.1 r:   0.1   
Israel=Confirmed i:  40  40  -6   3/3/2020 p:     335   17933 e: -98.1 r:   0.1   
Israel=Confirmed i:  41  41  -5          . p:     332   17933 e: -98.1 r:   0.1   
Israel=Confirmed i:  42  42  -4   3/5/2020 p:     335   17933 e: -98.1 r:   0.2   
Israel=Confirmed i:  43  43  -3          . p:    1007   17933 e: -94.4 r:   0.3   
Israel=Confirmed i:  44  44  -2   3/7/2020 p:    1679   17933 e: -90.6 r:   0.4   
Israel=Confirmed i:  45  45  -1          . p:    5037   17933 e: -71.9 r:   0.6   
Israel=Confirmed i:  46  46   0   3/9/2020 p:     335   17933 e: -98.1 r:   0.6   
Israel=Confirmed i:  47  47   1          . p:     335   17933 e: -98.1 r:   0.7   
Israel=Confirmed i:  48  48   2  3/11/2020 p:     355   17933 e: -98.0 r:   0.7   
Israel=Confirmed i:  49  49   3          . p:     352   17933 e: -98.0 r:   0.9   
Israel=Confirmed i:  50  50   4  3/13/2020 p:    2350   17933 e: -86.9 r:   1.2   
Israel=Confirmed i:  51  51   5          . p:    1007   17933 e: -94.4 r:   1.4   
Israel=Confirmed i:  52  52   6  3/15/2020 p:    4365   17933 e: -75.7 r:   2.0   
Israel=Confirmed i:  53  53   7          . p:    4365   17933 e: -75.7 r:   2.0   
Israel=Confirmed i:  54  54   8  3/17/2020 p:    4365   17933 e: -75.7 r:   2.3   
Israel=Confirmed i:  55  55   9          . p:    5037   17933 e: -71.9 r:   2.8   
Israel=Confirmed i:  56  56  10  3/19/2020 p:   10410   17933 e: -42.0 r:   3.9   
Israel=Confirmed i:  57  57  11          . p:   23172   17933 e:  29.2 r:   4.9   
Israel=Confirmed i:  58  58  12  3/21/2020 p:   52054   17933 e: 190.3 r:   6.6   
Israel=Confirmed i:  59  59  13          . p:       0   17933 e: -100.0 r:   8.1   
Israel=Confirmed i:  60  60  14  3/23/2020 p:   10410   17933 e: -42.0 r:   9.9   
Israel=Confirmed i:  61  61  15          . p:    5709   17933 e: -68.2 r:  11.4   
Israel=Confirmed i:  62  62  16  3/25/2020 p:    4365   17933 e: -75.7 r:  13.2   
Israel=Confirmed i:  63  63  17          . p:    6380   17933 e: -64.4 r:  15.0   
Israel=Confirmed i:  64  64  18  3/27/2020 p:    6380   17933 e: -64.4 r:  16.9   
Israel=Confirmed i:  65  65  19          . p:   11754   17933 e: -34.5 r:  20.2   
Israel=Confirmed i:  66   0  20  3/29/2020 p:   16455   17933 e:  -8.2 r:  23.7 OK 1st
Israel=Confirmed i:  67   1  21          . p:   18470   17933 e:   3.0 r:  26.2 OK
Israel=Confirmed i:  68   2  22  3/31/2020 p:   22500   17933 e:  25.5 r:  29.9   
Israel=Confirmed i:  69   3  23          . p:   27874   17933 e:  55.4 r:  34.0   
Israel=Confirmed i:  70   4  24   4/2/2020 p:       0   17933 e: -100.0 r:  38.2   
Israel=Confirmed i:  71   5  25          . p:   34590   17933 e:  92.9 r:  41.4   
Israel=Confirmed i:  72   6  26   4/4/2020 p:   30560   17933 e:  70.4 r:  43.8   
Israel=Confirmed i:  73   7  27          . p:   11082   17933 e: -38.2 r:  47.0   
Israel=Confirmed i:  74   8  28   4/6/2020 p:   11754   17933 e: -34.5 r:  49.7   
Israel=Confirmed i:  75   9  29          . p:   11754   17933 e: -34.5 r:  51.6   
Israel=Confirmed i:  76  10  30   4/8/2020 p:   11082   17933 e: -38.2 r:  52.4   
Israel=Confirmed i:  77  11  31          . p:   11754   17933 e: -34.5 r:  55.6   
Israel=Confirmed i:  78  12  32  4/10/2020 p:   13097   17933 e: -27.0 r:  58.0   
Israel=Confirmed i:  79  13  33          . p:   13097   17933 e: -27.0 r:  59.9   
Israel=Confirmed i:  80  14  34  4/12/2020 p:   13769   17933 e: -23.2 r:  62.1   
Israel=Confirmed i:  81  15  35          . p:   14440   17933 e: -19.5 r:  64.6   
Israel=Confirmed i:  82  16  36  4/14/2020 p:   15112   17933 e: -15.7 r:  67.2   
Israel=Confirmed i:  83  17  37          . p:   16455   17933 e:  -8.2 r:  69.7 OK
Israel=Confirmed i:  84  18  38  4/16/2020 p:   16503   17933 e:  -8.0 r:  71.1 OK
Israel=Confirmed i:  85  19  39          . p:   16330   17933 e:  -8.9 r:  72.4 OK
Israel=Confirmed i:  86  20  40  4/18/2020 p:   16371   17933 e:  -8.7 r:  74.0 OK
Israel=Confirmed i:  87  21  41          . p:   16523   17933 e:  -7.9 r:  75.2 OK
Israel=Confirmed i:  88  22  42  4/20/2020 p:   16400   17933 e:  -8.5 r:  76.5 OK
Israel=Confirmed i:  89  23  43          . p:   16316   17933 e:  -9.0 r:  77.7 OK
Israel=Confirmed i:  90  24  44  4/22/2020 p:   17127   17933 e:  -4.5 r:  80.8 OK
Israel=Confirmed i:  91  25  45          . p:   17127   17933 e:  -4.5 r:  82.5 OK
Israel=Confirmed i:  92  26  46  4/24/2020 p:   17799   17933 e:  -0.7 r:  84.0 OK
Israel=Confirmed i:  93  27  47          . p:   17799   17933 e:  -0.7 r:  85.3 OK
Israel=Confirmed i:  94  28  48  4/26/2020 p:   17799   17933 e:  -0.7 r:  86.1 OK
Israel=Confirmed i:  95  29  49          . p:   17850   17933 e:  -0.5 r:  86.7 OK
Israel=Confirmed i:  96  30  50  4/28/2020 p:   17789   17933 e:  -0.8 r:  87.7 OK
Israel=Confirmed i:  97  31  51          . p:   17819   17933 e:  -0.6 r:  88.3 OK
Israel=Confirmed i:  98  32  52  4/30/2020 p:   17792   17933 e:  -0.8 r:  88.9 OK
Israel=Confirmed i:  99  33  53          . p:   17831   17933 e:  -0.6 r:  89.8 OK
Israel=Confirmed i: 100  34  54   5/2/2020 p:   17617   17933 e:  -1.8 r:  90.3 OK
Israel=Confirmed i: 101  35  55          . p:   17678   17933 e:  -1.4 r:  90.4 OK
Israel=Confirmed i: 102  36  56   5/4/2020 p:   17630   17933 e:  -1.7 r:  90.6 OK
Israel=Confirmed i: 103  37  57          . p:   17478   17933 e:  -2.5 r:  90.8 OK
Israel=Confirmed i: 104  38  58   5/6/2020 p:   17499   17933 e:  -2.4 r:  90.9 OK
Israel=Confirmed i: 105  39  59          . p:   17127   17933 e:  -4.5 r:  91.3 OK
Israel=Confirmed i: 106  40  60   5/8/2020 p:   17127   17933 e:  -4.5 r:  91.7 OK
Israel=Confirmed i: 107  41  61          . p:   17127   17933 e:  -4.5 r:  91.8 OK
Israel=Confirmed i: 108  42  62  5/10/2020 p:   17127   17933 e:  -4.5 r:  91.9 OK
Israel=Confirmed i: 109  43  63          . p:   16571   17933 e:  -7.6 r:  92.0 OK
Israel=Confirmed i: 110  44  64  5/12/2020 p:   16588   17933 e:  -7.5 r:  92.2 OK
Israel=Confirmed i: 111  45  65          . p:   16455   17933 e:  -8.2 r:  92.3 OK
Israel=Confirmed i: 112  46  66  5/14/2020 p:   16455   17933 e:  -8.2 r:  92.4 OK
Israel=Confirmed i: 113  47  67          . p:   16795   17933 e:  -6.3 r:  92.5 OK
Israel=Confirmed i: 114  48  68  5/16/2020 p:   16804   17933 e:  -6.3 r:  92.6 OK
Israel=Confirmed i: 115  49  69          . p:   16804   17933 e:  -6.3 r:  92.7 OK
Israel=Confirmed i: 116  50  70  5/18/2020 p:   16811   17933 e:  -6.3 r:  92.8 OK
Israel=Confirmed i: 117  51  71          . p:   16455   17933 e:  -8.2 r:  92.9 OK
Israel=Confirmed i: 118  52  72  5/20/2020 p:   16455   17933 e:  -8.2 r:  92.9 OK
Israel=Confirmed i: 119  53  73          . p:   16784   17933 e:  -6.4 r:  93.0 OK
Israel=Confirmed i: 120  54  74  5/22/2020 p:   16817   17933 e:  -6.2 r:  93.1 OK
Israel=Confirmed i: 121  55  75          . p:   16455   17933 e:  -8.2 r:  93.2 OK
Israel=Confirmed i: 122  56  76  5/24/2020 p:   16455   17933 e:  -8.2 r:  93.2 OK
Israel=Confirmed i: 123  57  77          . p:   16455   17933 e:  -8.2 r:  93.3 OK
Israel=Confirmed i: 124  58  78  5/26/2020 p:   17127   17933 e:  -4.5 r:  93.4 OK
Israel=Confirmed i: 125  59  79          . p:   17127   17933 e:  -4.5 r:  93.6 OK
Israel=Confirmed i: 126  60  80  5/28/2020 p:   17127   17933 e:  -4.5 r:  94.1 OK
Israel=Confirmed i: 127  61  81          . p:   17127   17933 e:  -4.5 r:  94.7 OK
Israel=Confirmed i: 128  62  82  5/30/2020 p:   17127   17933 e:  -4.5 r:  94.9 OK
Israel=Confirmed i: 129  63  83          . p:   17799   17933 e:  -0.7 r:  95.2 OK
Israel=Confirmed i: 130  64  84   6/1/2020 p:   18470   17933 e:   3.0 r:  95.7 OK
Israel=Confirmed i: 134  68  88   6/5/2020 p:   19142   17933 e:   6.7 r:  97.9 OK
