
  # Process COVID TAB data
p1= 657 il= 138
p1= 652 il= 137
p1= 651 il= 136
p1= 652 il= 135
p1= 647 il= 134
US_Massachusetts_Plymouth=Deaths nl = 139, n1= 5 s1= 651.8 s2= 424853.4 SD= 3.18747549011609 frac%= 0.489026617078259
US_Massachusetts_Plymouth=Deaths i:  77  77   3          . p:     100     651 e: -84.7 r:   5.1   
US_Massachusetts_Plymouth=Deaths i:  78  78   4  4/10/2020 p:      35     651 e: -94.6 r:   5.1   
US_Massachusetts_Plymouth=Deaths i:  79  79   5          . p:     167     651 e: -74.4 r:   7.8   
US_Massachusetts_Plymouth=Deaths i:  80  80   6  4/12/2020 p:     122     651 e: -81.3 r:   8.4   
US_Massachusetts_Plymouth=Deaths i:  81  81   7          . p:      77     651 e: -88.2 r:   8.4   
US_Massachusetts_Plymouth=Deaths i:  82  82   8  4/14/2020 p:      55     651 e: -91.6 r:   8.4   
US_Massachusetts_Plymouth=Deaths i:  83  83   9          . p:     456     651 e: -30.0 r:  13.7   
US_Massachusetts_Plymouth=Deaths i:  84  84  10  4/16/2020 p:     322     651 e: -50.6 r:  13.7   
US_Massachusetts_Plymouth=Deaths i:  85  85  11          . p:     100     651 e: -84.7 r:  14.3   
US_Massachusetts_Plymouth=Deaths i:  86  86  12  4/18/2020 p:     256     651 e: -60.7 r:  16.1   
US_Massachusetts_Plymouth=Deaths i:  87  87  13          . p:     434     651 e: -33.4 r:  20.1   
US_Massachusetts_Plymouth=Deaths i:  88  88  14  4/20/2020 p:     367     651 e: -43.7 r:  20.1   
US_Massachusetts_Plymouth=Deaths i:  89  89  15          . p:     389     651 e: -40.3 r:  21.6   
US_Massachusetts_Plymouth=Deaths i:  90  90  16  4/22/2020 p:     305     651 e: -53.2 r:  21.6   
US_Massachusetts_Plymouth=Deaths i:  91  91  17          . p:     142     651 e: -78.2 r:  21.6   
US_Massachusetts_Plymouth=Deaths i:  92  92  18  4/24/2020 p:     144     651 e: -77.9 r:  21.6   
US_Massachusetts_Plymouth=Deaths i:  94   0  20  4/26/2020 p:     585     651 e: -10.2 r:  32.5 OK 1st
US_Massachusetts_Plymouth=Deaths i:  95   1  21          . p:     300     651 e: -54.0 r:  36.8   
US_Massachusetts_Plymouth=Deaths i:  96   2  22  4/28/2020 p:     746     651 e:  14.5 r:  39.3 OK
US_Massachusetts_Plymouth=Deaths i:  97   3  23          . p:     300     651 e: -54.0 r:  41.9   
US_Massachusetts_Plymouth=Deaths i:  98   4  24  4/30/2020 p:     813     651 e:  24.7 r:  43.7   
US_Massachusetts_Plymouth=Deaths i:  99   5  25          . p:     345     651 e: -47.1 r:  46.2   
US_Massachusetts_Plymouth=Deaths i: 100   6  26   5/2/2020 p:     813     651 e:  24.7 r:  47.9   
US_Massachusetts_Plymouth=Deaths i: 101   7  27          . p:     412     651 e: -36.8 r:  49.6   
US_Massachusetts_Plymouth=Deaths i: 102   8  28   5/4/2020 p:     403     651 e: -38.2 r:  51.1   
US_Massachusetts_Plymouth=Deaths i: 103   9  29          . p:     370     651 e: -43.2 r:  52.3   
US_Massachusetts_Plymouth=Deaths i: 104  10  30   5/6/2020 p:     478     651 e: -26.7 r:  54.8   
US_Massachusetts_Plymouth=Deaths i: 105  11  31          . p:     412     651 e: -36.8 r:  55.8   
US_Massachusetts_Plymouth=Deaths i: 106  12  32   5/8/2020 p:     421     651 e: -35.4 r:  57.5   
US_Massachusetts_Plymouth=Deaths i: 107  13  33          . p:     433     651 e: -33.6 r:  58.9   
US_Massachusetts_Plymouth=Deaths i: 108  14  34  5/10/2020 p:     620     651 e:  -4.9 r:  60.3 OK
US_Massachusetts_Plymouth=Deaths i: 109  15  35          . p:     523     651 e: -19.8 r:  62.6   
US_Massachusetts_Plymouth=Deaths i: 110  16  36  5/12/2020 p:     612     651 e:  -6.1 r:  62.7 OK
US_Massachusetts_Plymouth=Deaths i: 111  17  37          . p:     523     651 e: -19.8 r:  65.1   
US_Massachusetts_Plymouth=Deaths i: 112  18  38  5/14/2020 p:     590     651 e:  -9.5 r:  66.7 OK
US_Massachusetts_Plymouth=Deaths i: 113  19  39          . p:     590     651 e:  -9.5 r:  68.1 OK
US_Massachusetts_Plymouth=Deaths i: 114  20  40  5/16/2020 p:     590     651 e:  -9.5 r:  69.8 OK
US_Massachusetts_Plymouth=Deaths i: 115  21  41          . p:     597     651 e:  -8.4 r:  70.6 OK
US_Massachusetts_Plymouth=Deaths i: 116  22  42  5/18/2020 p:     595     651 e:  -8.7 r:  71.2 OK
US_Massachusetts_Plymouth=Deaths i: 117  23  43          . p:     590     651 e:  -9.5 r:  72.1 OK
US_Massachusetts_Plymouth=Deaths i: 118  24  44  5/20/2020 p:     591     651 e:  -9.3 r:  73.8 OK
US_Massachusetts_Plymouth=Deaths i: 119  25  45          . p:     590     651 e:  -9.5 r:  74.7 OK
US_Massachusetts_Plymouth=Deaths i: 120  26  46  5/22/2020 p:     568     651 e: -12.9 r:  75.5 OK
US_Massachusetts_Plymouth=Deaths i: 121  27  47          . p:     590     651 e:  -9.5 r:  76.9 OK
US_Massachusetts_Plymouth=Deaths i: 122  28  48  5/24/2020 p:     590     651 e:  -9.5 r:  77.9 OK
US_Massachusetts_Plymouth=Deaths i: 123  29  49          . p:     590     651 e:  -9.5 r:  78.7 OK
US_Massachusetts_Plymouth=Deaths i: 124  30  50  5/26/2020 p:     590     651 e:  -9.5 r:  80.1 OK
US_Massachusetts_Plymouth=Deaths i: 125  31  51          . p:     612     651 e:  -6.1 r:  81.3 OK
US_Massachusetts_Plymouth=Deaths i: 126  32  52  5/28/2020 p:     612     651 e:  -6.1 r:  82.7 OK
US_Massachusetts_Plymouth=Deaths i: 127  33  53          . p:     612     651 e:  -6.1 r:  83.2 OK
US_Massachusetts_Plymouth=Deaths i: 128  34  54  5/30/2020 p:     617     651 e:  -5.3 r:  84.1 OK
US_Massachusetts_Plymouth=Deaths i: 129  35  55          . p:     619     651 e:  -5.0 r:  84.7 OK
US_Massachusetts_Plymouth=Deaths i: 130  36  56   6/1/2020 p:     634     651 e:  -2.7 r:  86.2 OK
US_Massachusetts_Plymouth=Deaths i: 131  37  57          . p:     634     651 e:  -2.7 r:  87.1 OK
US_Massachusetts_Plymouth=Deaths i: 132  38  58   6/3/2020 p:     634     651 e:  -2.7 r:  87.8 OK
US_Massachusetts_Plymouth=Deaths i: 133  39  59          . p:     657     651 e:   0.8 r:  88.8 OK
US_Massachusetts_Plymouth=Deaths i: 134  40  60   6/5/2020 p:     647     651 e:  -0.7 r:  89.1 OK
US_Massachusetts_Plymouth=Deaths i: 135  41  61          . p:     652     651 e:   0.0 r:  90.2 OK
US_Massachusetts_Plymouth=Deaths i: 136  42  62   6/7/2020 p:     651     651 e:  -0.1 r:  90.7 OK
US_Massachusetts_Plymouth=Deaths i: 137  43  63          . p:     652     651 e:   0.0 r:  91.3 OK
US_Massachusetts_Plymouth=Deaths i: 138  44  64   6/9/2020 p:     657     651 e:   0.8 r:  92.5 OK
