
  # Process COVID TAB data
p1= - il= 137
p1= 6705 il= 136
p1= 5946 il= 135
p1= 5271 il= 134
p1= 4681 il= 133
Chile=Deaths nl = 139, n1= 5 s1= 4520.6 s2= 26001428.6 SD= 2359.15328878816 frac%= 52.1867293896421
Chile=Deaths i:  68  68  -2  3/31/2020 p:     126    4520 e: -97.2 r:   0.3   
Chile=Deaths i:  69  69  -1          . p:    1982    4520 e: -56.2 r:   0.4   
Chile=Deaths i:  70  70   0   4/2/2020 p:    1897    4520 e: -58.0 r:   0.4   
Chile=Deaths i:  71  71   1          . p:    2150    4520 e: -52.4 r:   0.5   
Chile=Deaths i:  72  72   2   4/4/2020 p:      42    4520 e: -99.1 r:   0.6   
Chile=Deaths i:  73  73   3          . p:     126    4520 e: -97.2 r:   0.8   
Chile=Deaths i:  74  74   4   4/6/2020 p:     126    4520 e: -97.2 r:   0.8   
Chile=Deaths i:  75  75   5          . p:     126    4520 e: -97.2 r:   1.0   
Chile=Deaths i:  76  76   6   4/8/2020 p:     163    4520 e: -96.4 r:   1.1   
Chile=Deaths i:  77  77   7          . p:     171    4520 e: -96.2 r:   1.3   
Chile=Deaths i:  78  78   8  4/10/2020 p:     463    4520 e: -89.8 r:   1.4   
Chile=Deaths i:  79  79   9          . p:     295    4520 e: -93.5 r:   1.6   
Chile=Deaths i:  80  80  10  4/12/2020 p:     379    4520 e: -91.6 r:   1.8   
Chile=Deaths i:  81  81  11          . p:     224    4520 e: -95.0 r:   1.8   
Chile=Deaths i:  82  82  12  4/14/2020 p:     216    4520 e: -95.2 r:   2.0   
Chile=Deaths i:  83  83  13          . p:     127    4520 e: -97.2 r:   2.1   
Chile=Deaths i:  84  84  14  4/16/2020 p:     210    4520 e: -95.4 r:   2.3   
Chile=Deaths i:  85  85  15          . p:     210    4520 e: -95.4 r:   2.6   
Chile=Deaths i:  86  86  16  4/18/2020 p:     295    4520 e: -93.5 r:   2.8   
Chile=Deaths i:  87  87  17          . p:     295    4520 e: -93.5 r:   2.9   
Chile=Deaths i:  88  88  18  4/20/2020 p:     295    4520 e: -93.5 r:   3.1   
Chile=Deaths i:  89  89  19          . p:     299    4520 e: -93.4 r:   3.3   
Chile=Deaths i:  90  90  20  4/22/2020 p:     311    4520 e: -93.1 r:   3.5   
Chile=Deaths i:  91  91  21          . p:     379    4520 e: -91.6 r:   3.7   
Chile=Deaths i:  92  92  22  4/24/2020 p:     379    4520 e: -91.6 r:   3.8   
Chile=Deaths i:  93  93  23          . p:     327    4520 e: -92.8 r:   4.0   
Chile=Deaths i:  94  94  24  4/26/2020 p:     328    4520 e: -92.7 r:   4.2   
Chile=Deaths i:  95  95  25          . p:     379    4520 e: -91.6 r:   4.4   
Chile=Deaths i:  96  96  26  4/28/2020 p:     379    4520 e: -91.6 r:   4.6   
Chile=Deaths i:  97  97  27          . p:     379    4520 e: -91.6 r:   4.8   
Chile=Deaths i:  98  98  28  4/30/2020 p:     379    4520 e: -91.6 r:   5.0   
Chile=Deaths i:  99  99  29          . p:     379    4520 e: -91.6 r:   5.2   
Chile=Deaths i: 100 100  30   5/2/2020 p:     379    4520 e: -91.6 r:   5.5   
Chile=Deaths i: 101 101  31          . p:     379    4520 e: -91.6 r:   5.8   
Chile=Deaths i: 102 102  32   5/4/2020 p:     463    4520 e: -89.8 r:   6.0   
Chile=Deaths i: 103 103  33          . p:     463    4520 e: -89.8 r:   6.1   
Chile=Deaths i: 104 104  34   5/6/2020 p:     452    4520 e: -90.0 r:   6.2   
Chile=Deaths i: 105 105  35          . p:     435    4520 e: -90.4 r:   6.3   
Chile=Deaths i: 106 106  36   5/8/2020 p:     443    4520 e: -90.2 r:   6.5   
Chile=Deaths i: 107 107  37          . p:     446    4520 e: -90.1 r:   6.7   
Chile=Deaths i: 108 108  38  5/10/2020 p:     463    4520 e: -89.8 r:   6.9   
Chile=Deaths i: 109 109  39          . p:     463    4520 e: -89.8 r:   7.1   
Chile=Deaths i: 110 110  40  5/12/2020 p:     548    4520 e: -87.9 r:   7.4   
Chile=Deaths i: 111 111  41          . p:     632    4520 e: -86.0 r:   7.7   
Chile=Deaths i: 112 112  42  5/14/2020 p:     548    4520 e: -87.9 r:   8.1   
Chile=Deaths i: 113 113  43          . p:     548    4520 e: -87.9 r:   8.7   
Chile=Deaths i: 114 114  44  5/16/2020 p:     632    4520 e: -86.0 r:   9.3   
Chile=Deaths i: 115 115  45          . p:     716    4520 e: -84.2 r:  10.0   
Chile=Deaths i: 116 116  46  5/18/2020 p:     801    4520 e: -82.3 r:  10.6   
Chile=Deaths i: 117 117  47          . p:     885    4520 e: -80.4 r:  11.3   
Chile=Deaths i: 118 118  48  5/20/2020 p:     969    4520 e: -78.6 r:  12.0   
Chile=Deaths i: 119 119  49          . p:    1054    4520 e: -76.7 r:  13.0   
Chile=Deaths i: 120 120  50  5/22/2020 p:    1223    4520 e: -72.9 r:  13.9   
Chile=Deaths i: 121 121  51          . p:    1391    4520 e: -69.2 r:  14.9   
Chile=Deaths i: 122 122  52  5/24/2020 p:    1560    4520 e: -65.5 r:  15.9   
Chile=Deaths i: 123 123  53          . p:    1897    4520 e: -58.0 r:  16.8   
Chile=Deaths i: 124 124  54  5/26/2020 p:    1982    4520 e: -56.2 r:  17.8   
Chile=Deaths i: 125 125  55          . p:    1644    4520 e: -63.6 r:  18.6   
Chile=Deaths i: 126 126  56  5/28/2020 p:    1897    4520 e: -58.0 r:  19.7   
Chile=Deaths i: 127 127  57          . p:    2741    4520 e: -39.4 r:  20.9   
Chile=Deaths i: 128 128  58  5/30/2020 p:    3500    4520 e: -22.6 r:  22.1   
Chile=Deaths i: 129 129  59          . p:    6452    4520 e:  42.7 r:  23.3   
Chile=Deaths i: 130 130  60   6/1/2020 p:    3331    4520 e: -26.3 r:  24.6   
Chile=Deaths i: 131 131  61          . p:    3669    4520 e: -18.8 r:  26.3   
Chile=Deaths i: 132   0  62   6/3/2020 p:    4090    4520 e:  -9.5 r:  28.2 OK 1st
Chile=Deaths i: 133   1  63          . p:    4681    4520 e:   3.5 r:  30.0 OK
Chile=Deaths i: 134   2  64   6/5/2020 p:    5271    4520 e:  16.6 r:  32.0   
Chile=Deaths i: 135   3  65          . p:    5946    4520 e:  31.5 r:  34.1   
Chile=Deaths i: 136   4  66   6/7/2020 p:    6705    4520 e:  48.3 r:  36.2   
Chile=Deaths i: 137   5  67          . p:       0    4520 e: -100.0 r:  50.1   
