
  # Process COVID TAB data
p1= 240042 il= 138
p1= 239328 il= 137
p1= 239328 il= 136
p1= 239328 il= 135
p1= 239328 il= 134
Italy=Confirmed nl = 139, n1= 5 s1= 239470.8 s2= 57346345620 SD= 285.600000014425 frac%= 0.119262974865589
Italy=Confirmed i:  39  39   8          . p:   13054  239470 e: -94.5 r:   0.9   
Italy=Confirmed i:  40  40   9   3/3/2020 p:   10547  239470 e: -95.6 r:   1.0   
Italy=Confirmed i:  41  41  10          . p:    9967  239470 e: -95.8 r:   1.3   
Italy=Confirmed i:  42  42  11   3/5/2020 p:   17274  239470 e: -92.8 r:   1.6   
Italy=Confirmed i:  43  43  12          . p:   30460  239470 e: -87.3 r:   1.9   
Italy=Confirmed i:  44  44  13   3/7/2020 p:   47865  239470 e: -80.0 r:   2.5   
Italy=Confirmed i:  45  45  14          . p:  100082  239470 e: -58.2 r:   3.0   
Italy=Confirmed i:  46   0  15   3/9/2020 p:  230625  239470 e:  -3.7 r:   3.8 OK 1st
Italy=Confirmed i:  47   1  16          . p:   82677  239470 e: -65.5 r:   4.2   
Italy=Confirmed i:  48   2  17  3/11/2020 p:   56568  239470 e: -76.4 r:   5.2   
Italy=Confirmed i:  49   3  18          . p:  343763  239470 e:  43.6 r:   6.3   
Italy=Confirmed i:  50   4  19  3/13/2020 p:  413386  239470 e:  72.6 r:   7.4   
Italy=Confirmed i:  51   5  20          . p:  526523  239470 e: 119.9 r:   8.8   
Italy=Confirmed i:  52   6  21  3/15/2020 p:  361168  239470 e:  50.8 r:  10.3   
Italy=Confirmed i:  53   7  22          . p:  161003  239470 e: -32.8 r:  11.7   
Italy=Confirmed i:  54   8  23  3/17/2020 p:  630957  239470 e: 163.5 r:  13.2   
Italy=Confirmed i:  55   9  24          . p:  100082  239470 e: -58.2 r:  14.9   
Italy=Confirmed i:  56  10  25  3/19/2020 p:       0  239470 e: -100.0 r:  17.1   
Italy=Confirmed i:  57  11  26          . p:  691877  239470 e: 188.9 r:  19.6   
Italy=Confirmed i:  58  12  27  3/21/2020 p:       0  239470 e: -100.0 r:  22.4   
Italy=Confirmed i:  59  13  28          . p:       0  239470 e: -100.0 r:  24.7   
Italy=Confirmed i:  60  14  29  3/23/2020 p:  669647  239470 e: 179.6 r:  26.7   
Italy=Confirmed i:  61  15  30          . p:  515584  239470 e: 115.3 r:  28.9   
Italy=Confirmed i:  62  16  31  3/25/2020 p:  116186  239470 e: -51.5 r:  31.1   
Italy=Confirmed i:  63  17  32          . p:  561887  239470 e: 134.6 r:  33.6   
Italy=Confirmed i:  64  18  33  3/27/2020 p:  517820  239470 e: 116.2 r:  36.1   
Italy=Confirmed i:  65  19  34          . p:  226986  239470 e:  -5.2 r:  38.6 OK
Italy=Confirmed i:  66  20  35  3/29/2020 p:  219972  239470 e:  -8.1 r:  40.8 OK
Italy=Confirmed i:  67  21  36          . p:  176296  239470 e: -26.4 r:  42.5   
Italy=Confirmed i:  68  22  37  3/31/2020 p:  168452  239470 e: -29.7 r:  44.2   
Italy=Confirmed i:  69  23  38          . p:  143201  239470 e: -40.2 r:  46.2   
Italy=Confirmed i:  70  24  39   4/2/2020 p:  169562  239470 e: -29.2 r:  48.1   
Italy=Confirmed i:  71  25  40          . p:  169705  239470 e: -29.1 r:  50.0   
Italy=Confirmed i:  72  26  41   4/4/2020 p:  178408  239470 e: -25.5 r:  52.0   
Italy=Confirmed i:  73  27  42          . p:  185904  239470 e: -22.4 r:  53.8   
Italy=Confirmed i:  74  28  43   4/6/2020 p:  189004  239470 e: -21.1 r:  55.3   
Italy=Confirmed i:  75  29  44          . p:  187508  239470 e: -21.7 r:  56.6   
Italy=Confirmed i:  76  30  45   4/8/2020 p:  188823  239470 e: -21.1 r:  58.2   
Italy=Confirmed i:  77  31  46          . p:  192792  239470 e: -19.5 r:  60.0   
Italy=Confirmed i:  78  32  47  4/10/2020 p:  195814  239470 e: -18.2 r:  61.6   
Italy=Confirmed i:  79  33  48          . p:  195814  239470 e: -18.2 r:  63.6   
Italy=Confirmed i:  80  34  49  4/12/2020 p:  204517  239470 e: -14.6 r:  65.3 OK
Italy=Confirmed i:  81  35  50          . p:  204517  239470 e: -14.6 r:  66.6 OK
Italy=Confirmed i:  82  36  51  4/14/2020 p:  204179  239470 e: -14.7 r:  67.9 OK
Italy=Confirmed i:  83  37  52          . p:  206577  239470 e: -13.7 r:  69.0 OK
Italy=Confirmed i:  84  38  53  4/16/2020 p:  208388  239470 e: -13.0 r:  70.5 OK
Italy=Confirmed i:  85  39  54          . p:  213220  239470 e: -11.0 r:  72.0 OK
Italy=Confirmed i:  86  40  55  4/18/2020 p:  213220  239470 e: -11.0 r:  73.5 OK
Italy=Confirmed i:  87  41  56          . p:  213220  239470 e: -11.0 r:  74.7 OK
Italy=Confirmed i:  88  42  57  4/20/2020 p:  217511  239470 e:  -9.2 r:  75.7 OK
Italy=Confirmed i:  89  43  58          . p:  220048  239470 e:  -8.1 r:  76.8 OK
Italy=Confirmed i:  90  44  59  4/22/2020 p:  222346  239470 e:  -7.2 r:  78.2 OK
Italy=Confirmed i:  91  45  60          . p:  221923  239470 e:  -7.3 r:  79.3 OK
Italy=Confirmed i:  92  46  61  4/24/2020 p:  230625  239470 e:  -3.7 r:  80.6 OK
Italy=Confirmed i:  93  47  62          . p:  224683  239470 e:  -6.2 r:  81.6 OK
Italy=Confirmed i:  94  48  63  4/26/2020 p:  229024  239470 e:  -4.4 r:  82.5 OK
Italy=Confirmed i:  95  49  64          . p:  230739  239470 e:  -3.6 r:  83.3 OK
Italy=Confirmed i:  96  50  65  4/28/2020 p:  230299  239470 e:  -3.8 r:  84.1 OK
Italy=Confirmed i:  97  51  66          . p:  230534  239470 e:  -3.7 r:  85.0 OK
Italy=Confirmed i:  98  52  67  4/30/2020 p:  233211  239470 e:  -2.6 r:  85.8 OK
Italy=Confirmed i:  99  53  68          . p:  233780  239470 e:  -2.4 r:  86.6 OK
Italy=Confirmed i: 100  54  69   5/2/2020 p:  234031  239470 e:  -2.3 r:  87.4 OK
Italy=Confirmed i: 101  55  70          . p:  234952  239470 e:  -1.9 r:  88.0 OK
Italy=Confirmed i: 102  56  71   5/4/2020 p:  235875  239470 e:  -1.5 r:  88.5 OK
Italy=Confirmed i: 103  57  72          . p:  235875  239470 e:  -1.5 r:  89.0 OK
Italy=Confirmed i: 104  58  73   5/6/2020 p:  235979  239470 e:  -1.5 r:  89.6 OK
Italy=Confirmed i: 105  59  74          . p:  239328  239470 e:  -0.1 r:  90.1 OK
Italy=Confirmed i: 106  60  75   5/8/2020 p:  239328  239470 e:  -0.1 r:  90.7 OK
Italy=Confirmed i: 107  61  76          . p:  239328  239470 e:  -0.1 r:  91.1 OK
Italy=Confirmed i: 108  62  77  5/10/2020 p:  235191  239470 e:  -1.8 r:  91.5 OK
Italy=Confirmed i: 109  63  78          . p:  236058  239470 e:  -1.4 r:  91.8 OK
Italy=Confirmed i: 110  64  79  5/12/2020 p:  235998  239470 e:  -1.5 r:  92.4 OK
Italy=Confirmed i: 111  65  80          . p:  239328  239470 e:  -0.1 r:  92.7 OK
Italy=Confirmed i: 112  66  81  5/14/2020 p:  239328  239470 e:  -0.1 r:  93.2 OK
Italy=Confirmed i: 113  67  82          . p:  238697  239470 e:  -0.3 r:  93.5 OK
Italy=Confirmed i: 114  68  83  5/16/2020 p:  237599  239470 e:  -0.8 r:  93.9 OK
Italy=Confirmed i: 115  69  84          . p:  238245  239470 e:  -0.5 r:  94.1 OK
Italy=Confirmed i: 116  70  85  5/18/2020 p:  238516  239470 e:  -0.4 r:  94.3 OK
Italy=Confirmed i: 117  71  86          . p:  238516  239470 e:  -0.4 r:  94.7 OK
Italy=Confirmed i: 118  72  87  5/20/2020 p:  238245  239470 e:  -0.5 r:  94.9 OK
Italy=Confirmed i: 119  73  88          . p:  239328  239470 e:  -0.1 r:  95.2 OK
Italy=Confirmed i: 120  74  89  5/22/2020 p:  239328  239470 e:  -0.1 r:  95.5 OK
Italy=Confirmed i: 121  75  90          . p:  239328  239470 e:  -0.1 r:  95.8 OK
Italy=Confirmed i: 122  76  91  5/24/2020 p:  237456  239470 e:  -0.8 r:  96.0 OK
Italy=Confirmed i: 123  77  92          . p:  238431  239470 e:  -0.4 r:  96.1 OK
Italy=Confirmed i: 124  78  93  5/26/2020 p:  238516  239470 e:  -0.4 r:  96.3 OK
Italy=Confirmed i: 125  79  94          . p:  238516  239470 e:  -0.4 r:  96.5 OK
Italy=Confirmed i: 126  80  95  5/28/2020 p:  239328  239470 e:  -0.1 r:  96.8 OK
Italy=Confirmed i: 127  81  96          . p:  239328  239470 e:  -0.1 r:  97.0 OK
Italy=Confirmed i: 128  82  97  5/30/2020 p:  239328  239470 e:  -0.1 r:  97.2 OK
Italy=Confirmed i: 129  83  98          . p:  239328  239470 e:  -0.1 r:  97.3 OK
Italy=Confirmed i: 130  84  99   6/1/2020 p:  240883  239470 e:   0.6 r:  97.4 OK
Italy=Confirmed i: 131  85 100          . p:  238516  239470 e:  -0.4 r:  97.5 OK
Italy=Confirmed i: 132  86 101   6/3/2020 p:  238516  239470 e:  -0.4 r:  97.6 OK
Italy=Confirmed i: 133  87 102          . p:  238516  239470 e:  -0.4 r:  97.7 OK
Italy=Confirmed i: 134  88 103   6/5/2020 p:  239328  239470 e:  -0.1 r:  97.9 OK
Italy=Confirmed i: 135  89 104          . p:  239328  239470 e:  -0.1 r:  98.0 OK
Italy=Confirmed i: 136  90 105   6/7/2020 p:  239328  239470 e:  -0.1 r:  98.1 OK
Italy=Confirmed i: 137  91 106          . p:  239328  239470 e:  -0.1 r:  98.2 OK
Italy=Confirmed i: 138  92 107   6/9/2020 p:  240042  239470 e:   0.2 r:  98.4 OK
