
  # Process COVID TAB data
p1= 7472 il= 138
p1= 7516 il= 137
p1= 7516 il= 136
p1= 7516 il= 135
p1= 7516 il= 134
US_Illinois_Kane=Confirmed nl = 139, n1= 5 s1= 7507.2 s2= 56358361.6 SD= 17.6000000001524 frac%= 0.234441602730078
US_Illinois_Kane=Confirmed i:  56  56 -10  3/19/2020 p:     127    7507 e: -98.3 r:   0.1   
US_Illinois_Kane=Confirmed i:  57  57  -9          . p:     127    7507 e: -98.3 r:   0.1   
US_Illinois_Kane=Confirmed i:  58  58  -8  3/21/2020 p:     127    7507 e: -98.3 r:   0.1   
US_Illinois_Kane=Confirmed i:  63  63  -3          . p:     382    7507 e: -94.9 r:   0.5   
US_Illinois_Kane=Confirmed i:  66  66   0  3/29/2020 p:     127    7507 e: -98.3 r:   1.3   
US_Illinois_Kane=Confirmed i:  67  67   1          . p:     127    7507 e: -98.3 r:   1.5   
US_Illinois_Kane=Confirmed i:  68  68   2  3/31/2020 p:     127    7507 e: -98.3 r:   1.7   
US_Illinois_Kane=Confirmed i:  69  69   3          . p:     127    7507 e: -98.3 r:   1.9   
US_Illinois_Kane=Confirmed i:  70  70   4   4/2/2020 p:     127    7507 e: -98.3 r:   2.1   
US_Illinois_Kane=Confirmed i:  71  71   5          . p:     382    7507 e: -94.9 r:   2.3   
US_Illinois_Kane=Confirmed i:  72  72   6   4/4/2020 p:     382    7507 e: -94.9 r:   2.8   
US_Illinois_Kane=Confirmed i:  73  73   7          . p:     382    7507 e: -94.9 r:   2.9   
US_Illinois_Kane=Confirmed i:  74  74   8   4/6/2020 p:     382    7507 e: -94.9 r:   3.1   
US_Illinois_Kane=Confirmed i:  75  75   9          . p:     382    7507 e: -94.9 r:   3.4   
US_Illinois_Kane=Confirmed i:  76  76  10   4/8/2020 p:     525    7507 e: -93.0 r:   3.9   
US_Illinois_Kane=Confirmed i:  77  77  11          . p:     637    7507 e: -91.5 r:   4.2   
US_Illinois_Kane=Confirmed i:  78  78  12  4/10/2020 p:     637    7507 e: -91.5 r:   4.5   
US_Illinois_Kane=Confirmed i:  79  79  13          . p:     637    7507 e: -91.5 r:   5.0   
US_Illinois_Kane=Confirmed i:  80  80  14  4/12/2020 p:     891    7507 e: -88.1 r:   5.4   
US_Illinois_Kane=Confirmed i:  81  81  15          . p:     732    7507 e: -90.2 r:   5.6   
US_Illinois_Kane=Confirmed i:  82  82  16  4/14/2020 p:     775    7507 e: -89.7 r:   6.0   
US_Illinois_Kane=Confirmed i:  83  83  17          . p:     649    7507 e: -91.4 r:   6.2   
US_Illinois_Kane=Confirmed i:  84  84  18  4/16/2020 p:     961    7507 e: -87.2 r:   6.5   
US_Illinois_Kane=Confirmed i:  85  85  19          . p:     891    7507 e: -88.1 r:   7.2   
US_Illinois_Kane=Confirmed i:  86  86  20  4/18/2020 p:    1146    7507 e: -84.7 r:   7.8   
US_Illinois_Kane=Confirmed i:  87  87  21          . p:    1146    7507 e: -84.7 r:   8.1   
US_Illinois_Kane=Confirmed i:  88  88  22  4/20/2020 p:    1146    7507 e: -84.7 r:   8.5   
US_Illinois_Kane=Confirmed i:  89  89  23          . p:    1146    7507 e: -84.7 r:   9.1   
US_Illinois_Kane=Confirmed i:  90  90  24  4/22/2020 p:    1401    7507 e: -81.3 r:  10.2   
US_Illinois_Kane=Confirmed i:  91  91  25          . p:    1656    7507 e: -77.9 r:  11.5   
US_Illinois_Kane=Confirmed i:  92  92  26  4/24/2020 p:    1911    7507 e: -74.5 r:  12.8   
US_Illinois_Kane=Confirmed i:  93  93  27          . p:    2420    7507 e: -67.8 r:  14.0   
US_Illinois_Kane=Confirmed i:  94  94  28  4/26/2020 p:    2675    7507 e: -64.4 r:  14.8   
US_Illinois_Kane=Confirmed i:  95  95  29          . p:    2930    7507 e: -61.0 r:  15.8   
US_Illinois_Kane=Confirmed i:  96  96  30  4/28/2020 p:    3439    7507 e: -54.2 r:  17.4   
US_Illinois_Kane=Confirmed i:  97  97  31          . p:    3694    7507 e: -50.8 r:  18.8   
US_Illinois_Kane=Confirmed i:  98  98  32  4/30/2020 p:    4204    7507 e: -44.0 r:  20.3   
US_Illinois_Kane=Confirmed i:  99  99  33          . p:    4713    7507 e: -37.2 r:  22.3   
US_Illinois_Kane=Confirmed i: 100 100  34   5/2/2020 p:    5478    7507 e: -27.0 r:  24.0   
US_Illinois_Kane=Confirmed i: 101 101  35          . p:    6242    7507 e: -16.9 r:  25.8   
US_Illinois_Kane=Confirmed i: 102   0  36   5/4/2020 p:    7007    7507 e:  -6.7 r:  28.2 OK 1st
US_Illinois_Kane=Confirmed i: 103   1  37          . p:    7516    7507 e:   0.1 r:  29.4 OK
US_Illinois_Kane=Confirmed i: 104   2  38   5/6/2020 p:    8281    7507 e:  10.3 r:  31.1 OK
US_Illinois_Kane=Confirmed i: 105   3  39          . p:    8790    7507 e:  17.1 r:  33.3   
US_Illinois_Kane=Confirmed i: 106   4  40   5/8/2020 p:    9810    7507 e:  30.7 r:  35.5   
US_Illinois_Kane=Confirmed i: 107   5  41          . p:   10319    7507 e:  37.5 r:  37.5   
US_Illinois_Kane=Confirmed i: 108   6  42  5/10/2020 p:   11084    7507 e:  47.6 r:  40.0   
US_Illinois_Kane=Confirmed i: 109   7  43          . p:   11848    7507 e:  57.8 r:  41.6   
US_Illinois_Kane=Confirmed i: 110   8  44  5/12/2020 p:   13377    7507 e:  78.2 r:  47.8   
US_Illinois_Kane=Confirmed i: 111   9  45          . p:   14651    7507 e:  95.2 r:  49.9   
US_Illinois_Kane=Confirmed i: 112  10  46  5/14/2020 p:   16180    7507 e: 115.5 r:  53.2   
US_Illinois_Kane=Confirmed i: 113  11  47          . p:   17199    7507 e: 129.1 r:  55.4   
US_Illinois_Kane=Confirmed i: 114  12  48  5/16/2020 p:   18218    7507 e: 142.7 r:  56.8   
US_Illinois_Kane=Confirmed i: 115  13  49          . p:    4713    7507 e: -37.2 r:  58.6   
US_Illinois_Kane=Confirmed i: 116  14  50  5/18/2020 p:   18983    7507 e: 152.9 r:  61.1   
US_Illinois_Kane=Confirmed i: 117  15  51          . p:   20002    7507 e: 166.4 r:  62.4   
US_Illinois_Kane=Confirmed i: 118  16  52  5/20/2020 p:    5478    7507 e: -27.0 r:  64.1   
US_Illinois_Kane=Confirmed i: 119  17  53          . p:    5733    7507 e: -23.6 r:  66.3   
US_Illinois_Kane=Confirmed i: 120  18  54  5/22/2020 p:   20002    7507 e: 166.4 r:  71.0   
US_Illinois_Kane=Confirmed i: 121  19  55          . p:   20002    7507 e: 166.4 r:  73.0   
US_Illinois_Kane=Confirmed i: 122  20  56  5/24/2020 p:   20512    7507 e: 173.2 r:  75.2   
US_Illinois_Kane=Confirmed i: 123  21  57          . p:    8790    7507 e:  17.1 r:  76.7   
US_Illinois_Kane=Confirmed i: 124  22  58  5/26/2020 p:   20257    7507 e: 169.8 r:  78.1   
US_Illinois_Kane=Confirmed i: 125  23  59          . p:   20002    7507 e: 166.4 r:  79.2   
US_Illinois_Kane=Confirmed i: 126  24  60  5/28/2020 p:    8281    7507 e:  10.3 r:  81.0 OK
US_Illinois_Kane=Confirmed i: 127  25  61          . p:   19238    7507 e: 156.3 r:  82.4   
US_Illinois_Kane=Confirmed i: 128  26  62  5/30/2020 p:    8026    7507 e:   6.9 r:  83.4 OK
US_Illinois_Kane=Confirmed i: 129  27  63          . p:    7771    7507 e:   3.5 r:  84.4 OK
US_Illinois_Kane=Confirmed i: 130  28  64   6/1/2020 p:    6869    7507 e:  -8.5 r:  85.3 OK
US_Illinois_Kane=Confirmed i: 131  29  65          . p:    7044    7507 e:  -6.2 r:  86.1 OK
US_Illinois_Kane=Confirmed i: 132  30  66   6/3/2020 p:    6917    7507 e:  -7.9 r:  86.8 OK
US_Illinois_Kane=Confirmed i: 133  31  67          . p:    7053    7507 e:  -6.1 r:  87.7 OK
US_Illinois_Kane=Confirmed i: 134  32  68   6/5/2020 p:    7516    7507 e:   0.1 r:  88.9 OK
US_Illinois_Kane=Confirmed i: 135  33  69          . p:    7516    7507 e:   0.1 r:  89.7 OK
US_Illinois_Kane=Confirmed i: 136  34  70   6/7/2020 p:    7516    7507 e:   0.1 r:  90.4 OK
US_Illinois_Kane=Confirmed i: 137  35  71          . p:    7516    7507 e:   0.1 r:  91.2 OK
US_Illinois_Kane=Confirmed i: 138  36  72   6/9/2020 p:    7472    7507 e:  -0.5 r:  91.9 OK
