
  # Process COVID TAB data
p1= 53 il= 138
p1= 53 il= 137
p1= 53 il= 136
p1= 53 il= 135
p1= 53 il= 134
US_South_Dakota_Minnehaha=Deaths nl = 139, n1= 5 s1= 53 s2= 2809 SD= 0 frac%= 0
US_South_Dakota_Minnehaha=Deaths i:  87  87 -17          . p:       0      53 e: -100.0 r:   5.7   
US_South_Dakota_Minnehaha=Deaths i:  88  88 -16  4/20/2020 p:       0      53 e: -100.0 r:   5.7   
US_South_Dakota_Minnehaha=Deaths i:  89  89 -15          . p:       8      53 e: -84.9 r:   7.5   
US_South_Dakota_Minnehaha=Deaths i:  90  90 -14  4/22/2020 p:     130      53 e: 145.3 r:   9.4   
US_South_Dakota_Minnehaha=Deaths i:  91  91 -13          . p:     143      53 e: 169.8 r:   9.4   
US_South_Dakota_Minnehaha=Deaths i:  92  92 -12  4/24/2020 p:       6      53 e: -88.7 r:   9.4   
US_South_Dakota_Minnehaha=Deaths i:  93  93 -11          . p:       4      53 e: -92.5 r:   9.4   
US_South_Dakota_Minnehaha=Deaths i:  94  94 -10  4/26/2020 p:       8      53 e: -84.9 r:  11.3   
US_South_Dakota_Minnehaha=Deaths i:  95  95  -9          . p:       6      53 e: -88.7 r:  11.3   
US_South_Dakota_Minnehaha=Deaths i:  96  96  -8  4/28/2020 p:       6      53 e: -88.7 r:  11.3   
US_South_Dakota_Minnehaha=Deaths i:  97  97  -7          . p:     108      53 e: 103.8 r:  15.1   
US_South_Dakota_Minnehaha=Deaths i:  98  98  -6  4/30/2020 p:      29      53 e: -45.3 r:  15.1   
US_South_Dakota_Minnehaha=Deaths i: 103 103  -1          . p:      19      53 e: -64.2 r:  35.8   
US_South_Dakota_Minnehaha=Deaths i: 104 104   0   5/6/2020 p:      19      53 e: -64.2 r:  35.8   
US_South_Dakota_Minnehaha=Deaths i: 105 105   1          . p:     108      53 e: 103.8 r:  49.1   
US_South_Dakota_Minnehaha=Deaths i: 106 106   2   5/8/2020 p:      40      53 e: -24.5 r:  49.1   
US_South_Dakota_Minnehaha=Deaths i: 107   0   3          . p:      47      53 e: -11.3 r:  54.7 OK 1st
US_South_Dakota_Minnehaha=Deaths i: 108   1   4  5/10/2020 p:      44      53 e: -17.0 r:  54.7   
US_South_Dakota_Minnehaha=Deaths i: 109   2   5          . p:      29      53 e: -45.3 r:  54.7   
US_South_Dakota_Minnehaha=Deaths i: 110   3   6  5/12/2020 p:      29      53 e: -45.3 r:  54.7   
US_South_Dakota_Minnehaha=Deaths i: 111   4   7          . p:      29      53 e: -45.3 r:  54.7   
US_South_Dakota_Minnehaha=Deaths i: 112   5   8  5/14/2020 p:      68      53 e:  28.3 r:  71.7   
US_South_Dakota_Minnehaha=Deaths i: 113   6   9          . p:      70      53 e:  32.1 r:  73.6   
US_South_Dakota_Minnehaha=Deaths i: 114   7  10  5/16/2020 p:      38      53 e: -28.3 r:  73.6   
US_South_Dakota_Minnehaha=Deaths i: 115   8  11          . p:      38      53 e: -28.3 r:  73.6   
US_South_Dakota_Minnehaha=Deaths i: 116   9  12  5/18/2020 p:      38      53 e: -28.3 r:  73.6   
US_South_Dakota_Minnehaha=Deaths i: 117  10  13          . p:      40      53 e: -24.5 r:  75.5   
US_South_Dakota_Minnehaha=Deaths i: 118  11  14  5/20/2020 p:      40      53 e: -24.5 r:  75.5   
US_South_Dakota_Minnehaha=Deaths i: 119  12  15          . p:      42      53 e: -20.8 r:  77.4   
US_South_Dakota_Minnehaha=Deaths i: 120  13  16  5/22/2020 p:      49      53 e:  -7.5 r:  81.1 OK
US_South_Dakota_Minnehaha=Deaths i: 121  14  17          . p:      47      53 e: -11.3 r:  81.1 OK
US_South_Dakota_Minnehaha=Deaths i: 122  15  18  5/24/2020 p:      47      53 e: -11.3 r:  81.1 OK
US_South_Dakota_Minnehaha=Deaths i: 123  16  19          . p:      44      53 e: -17.0 r:  81.1   
US_South_Dakota_Minnehaha=Deaths i: 124  17  20  5/26/2020 p:      44      53 e: -17.0 r:  81.1   
US_South_Dakota_Minnehaha=Deaths i: 125  18  21          . p:      47      53 e: -11.3 r:  84.9 OK
US_South_Dakota_Minnehaha=Deaths i: 126  19  22  5/28/2020 p:      47      53 e: -11.3 r:  84.9 OK
US_South_Dakota_Minnehaha=Deaths i: 127  20  23          . p:      54      53 e:   1.9 r:  92.5 OK
US_South_Dakota_Minnehaha=Deaths i: 128  21  24  5/30/2020 p:      55      53 e:   3.8 r:  92.5 OK
US_South_Dakota_Minnehaha=Deaths i: 129  22  25          . p:      55      53 e:   3.8 r:  92.5 OK
US_South_Dakota_Minnehaha=Deaths i: 130  23  26   6/1/2020 p:      55      53 e:   3.8 r:  92.5 OK
US_South_Dakota_Minnehaha=Deaths i: 131  24  27          . p:      55      53 e:   3.8 r:  92.5 OK
US_South_Dakota_Minnehaha=Deaths i: 132  25  28   6/3/2020 p:      55      53 e:   3.8 r:  92.5 OK
US_South_Dakota_Minnehaha=Deaths i: 133  26  29          . p:      55      53 e:   3.8 r:  94.3 OK
US_South_Dakota_Minnehaha=Deaths i: 134  27  30   6/5/2020 p:      53      53 e:   0.0 r:  94.3 OK
US_South_Dakota_Minnehaha=Deaths i: 135  28  31          . p:      53      53 e:   0.0 r:  94.3 OK
US_South_Dakota_Minnehaha=Deaths i: 136  29  32   6/7/2020 p:      53      53 e:   0.0 r:  94.3 OK
US_South_Dakota_Minnehaha=Deaths i: 137  30  33          . p:      53      53 e:   0.0 r:  94.3 OK
US_South_Dakota_Minnehaha=Deaths i: 138  31  34   6/9/2020 p:      53      53 e:   0.0 r:  96.2 OK
