
  # Process COVID TAB data
p1= 3176 il= 138
p1= 3176 il= 137
p1= 3065 il= 136
p1= 3065 il= 135
p1= 3065 il= 134
US_California_Santa_Clara=Confirmed nl = 139, n1= 5 s1= 3109.4 s2= 9671325.4 SD= 54.3786722897783 frac%= 1.7488477612973
US_California_Santa_Clara=Confirmed i:  42  42 -10   3/5/2020 p:      55    3109 e: -98.2 r:   0.6   
US_California_Santa_Clara=Confirmed i:  43  43  -9          . p:      55    3109 e: -98.2 r:   0.6   
US_California_Santa_Clara=Confirmed i:  44  44  -8   3/7/2020 p:      55    3109 e: -98.2 r:   1.0   
US_California_Santa_Clara=Confirmed i:  45  45  -7          . p:      55    3109 e: -98.2 r:   1.2   
US_California_Santa_Clara=Confirmed i:  46  46  -6   3/9/2020 p:      55    3109 e: -98.2 r:   1.2   
US_California_Santa_Clara=Confirmed i:  47  47  -5          . p:      55    3109 e: -98.2 r:   1.4   
US_California_Santa_Clara=Confirmed i:  48  48  -4  3/11/2020 p:      55    3109 e: -98.2 r:   1.5   
US_California_Santa_Clara=Confirmed i:  49  49  -3          . p:      55    3109 e: -98.2 r:   1.7   
US_California_Santa_Clara=Confirmed i:  50  50  -2  3/13/2020 p:     390    3109 e: -87.5 r:   2.5   
US_California_Santa_Clara=Confirmed i:  51  51  -1          . p:     613    3109 e: -80.3 r:   3.1   
US_California_Santa_Clara=Confirmed i:  52  52   0  3/15/2020 p:      55    3109 e: -98.2 r:   2.9   
US_California_Santa_Clara=Confirmed i:  53  53   1          . p:    1281    3109 e: -58.8 r:   4.4   
US_California_Santa_Clara=Confirmed i:  54  54   2  3/17/2020 p:     613    3109 e: -80.3 r:   5.0   
US_California_Santa_Clara=Confirmed i:  55  55   3          . p:     390    3109 e: -87.5 r:   5.6   
US_California_Santa_Clara=Confirmed i:  56  56   4  3/19/2020 p:     278    3109 e: -91.1 r:   6.1   
US_California_Santa_Clara=Confirmed i:  57  57   5          . p:     278    3109 e: -91.1 r:   6.3   
US_California_Santa_Clara=Confirmed i:  58  58   6  3/21/2020 p:    1950    3109 e: -37.3 r:   8.5   
US_California_Santa_Clara=Confirmed i:  59  59   7          . p:    2507    3109 e: -19.4 r:   9.1   
US_California_Santa_Clara=Confirmed i:  60  60   8  3/23/2020 p:    1393    3109 e: -55.2 r:   9.7   
US_California_Santa_Clara=Confirmed i:  61  61   9          . p:    1950    3109 e: -37.3 r:  12.1   
US_California_Santa_Clara=Confirmed i:  62  62  10  3/25/2020 p:    3956    3109 e:  27.2 r:  14.8   
US_California_Santa_Clara=Confirmed i:  63  63  11          . p:    6297    3109 e: 102.5 r:  17.4   
US_California_Santa_Clara=Confirmed i:  64  64  12  3/27/2020 p:    1727    3109 e: -44.5 r:  18.5   
US_California_Santa_Clara=Confirmed i:  65  65  13          . p:     613    3109 e: -80.3 r:  19.0   
US_California_Santa_Clara=Confirmed i:  66  66  14  3/29/2020 p:     835    3109 e: -73.1 r:  20.8   
US_California_Santa_Clara=Confirmed i:  67  67  15          . p:       0    3109 e: -100.0 r:  27.3   
US_California_Santa_Clara=Confirmed i:  68  68  16  3/31/2020 p:       0    3109 e: -100.0 r:  28.6   
US_California_Santa_Clara=Confirmed i:  69  69  17          . p:       0    3109 e: -100.0 r:  30.7   
US_California_Santa_Clara=Confirmed i:  70  70  18   4/2/2020 p:    1170    3109 e: -62.4 r:  32.8   
US_California_Santa_Clara=Confirmed i:  71  71  19          . p:    1281    3109 e: -58.8 r:  34.8   
US_California_Santa_Clara=Confirmed i:  72  72  20   4/4/2020 p:    1393    3109 e: -55.2 r:  36.9   
US_California_Santa_Clara=Confirmed i:  73  73  21          . p:    1393    3109 e: -55.2 r:  38.8   
US_California_Santa_Clara=Confirmed i:  74  74  22   4/6/2020 p:    1504    3109 e: -51.6 r:  40.1   
US_California_Santa_Clara=Confirmed i:  75  75  23          . p:    1504    3109 e: -51.6 r:  41.3   
US_California_Santa_Clara=Confirmed i:  76  76  24   4/8/2020 p:    1727    3109 e: -44.5 r:  44.4   
US_California_Santa_Clara=Confirmed i:  77  77  25          . p:    1727    3109 e: -44.5 r:  45.4   
US_California_Santa_Clara=Confirmed i:  78  78  26  4/10/2020 p:    1727    3109 e: -44.5 r:  46.4   
US_California_Santa_Clara=Confirmed i:  79  79  27          . p:    1950    3109 e: -37.3 r:  47.7   
US_California_Santa_Clara=Confirmed i:  80  80  28  4/12/2020 p:    1950    3109 e: -37.3 r:  50.4   
US_California_Santa_Clara=Confirmed i:  81  81  29          . p:    2284    3109 e: -26.5 r:  53.6   
US_California_Santa_Clara=Confirmed i:  82  82  30  4/14/2020 p:    2396    3109 e: -22.9 r:  55.6   
US_California_Santa_Clara=Confirmed i:  83  83  31          . p:    2507    3109 e: -19.4 r:  57.7   
US_California_Santa_Clara=Confirmed i:  84  84  32  4/16/2020 p:    2507    3109 e: -19.4 r:  59.0   
US_California_Santa_Clara=Confirmed i:  85  85  33          . p:    2619    3109 e: -15.8 r:  60.1   
US_California_Santa_Clara=Confirmed i:  86  86  34  4/18/2020 p:    2619    3109 e: -15.8 r:  60.1   
US_California_Santa_Clara=Confirmed i:  87  87  35          . p:    2507    3109 e: -19.4 r:  60.1   
US_California_Santa_Clara=Confirmed i:  88  88  36  4/20/2020 p:    2396    3109 e: -22.9 r:  61.8   
US_California_Santa_Clara=Confirmed i:  89  89  37          . p:    2396    3109 e: -22.9 r:  61.8   
US_California_Santa_Clara=Confirmed i:  90  90  38  4/22/2020 p:    2396    3109 e: -22.9 r:  63.1   
US_California_Santa_Clara=Confirmed i:  91  91  39          . p:    2284    3109 e: -26.5 r:  63.9   
US_California_Santa_Clara=Confirmed i:  92  92  40  4/24/2020 p:    2284    3109 e: -26.5 r:  64.9   
US_California_Santa_Clara=Confirmed i:  93  93  41          . p:    2284    3109 e: -26.5 r:  65.6   
US_California_Santa_Clara=Confirmed i:  94  94  42  4/26/2020 p:    2284    3109 e: -26.5 r:  67.0   
US_California_Santa_Clara=Confirmed i:  95  95  43          . p:    2396    3109 e: -22.9 r:  67.7   
US_California_Santa_Clara=Confirmed i:  96  96  44  4/28/2020 p:    2396    3109 e: -22.9 r:  68.2   
US_California_Santa_Clara=Confirmed i:  97  97  45          . p:    2396    3109 e: -22.9 r:  68.6   
US_California_Santa_Clara=Confirmed i:  98  98  46  4/30/2020 p:    2396    3109 e: -22.9 r:  69.6   
US_California_Santa_Clara=Confirmed i:  99  99  47          . p:    2396    3109 e: -22.9 r:  70.1   
US_California_Santa_Clara=Confirmed i: 100 100  48   5/2/2020 p:    2396    3109 e: -22.9 r:  70.9   
US_California_Santa_Clara=Confirmed i: 101 101  49          . p:    2396    3109 e: -22.9 r:  71.8   
US_California_Santa_Clara=Confirmed i: 102 102  50   5/4/2020 p:    2396    3109 e: -22.9 r:  72.2   
US_California_Santa_Clara=Confirmed i: 103 103  51          . p:    2424    3109 e: -22.0 r:  72.5   
US_California_Santa_Clara=Confirmed i: 104 104  52   5/6/2020 p:    2447    3109 e: -21.3 r:  72.9   
US_California_Santa_Clara=Confirmed i: 105 105  53          . p:    2446    3109 e: -21.3 r:  73.4   
US_California_Santa_Clara=Confirmed i: 106 106  54   5/8/2020 p:    2453    3109 e: -21.1 r:  73.6   
US_California_Santa_Clara=Confirmed i: 107 107  55          . p:    2507    3109 e: -19.4 r:  74.2   
US_California_Santa_Clara=Confirmed i: 108 108  56  5/10/2020 p:    2507    3109 e: -19.4 r:  75.2   
US_California_Santa_Clara=Confirmed i: 109 109  57          . p:    2507    3109 e: -19.4 r:  75.3   
US_California_Santa_Clara=Confirmed i: 110 110  58  5/12/2020 p:    2507    3109 e: -19.4 r:  76.0   
US_California_Santa_Clara=Confirmed i: 111 111  59          . p:    2507    3109 e: -19.4 r:  76.0   
US_California_Santa_Clara=Confirmed i: 112 112  60  5/14/2020 p:    2507    3109 e: -19.4 r:  76.9   
US_California_Santa_Clara=Confirmed i: 113 113  61          . p:    2507    3109 e: -19.4 r:  76.9   
US_California_Santa_Clara=Confirmed i: 114 114  62  5/16/2020 p:    2507    3109 e: -19.4 r:  77.8   
US_California_Santa_Clara=Confirmed i: 115 115  63          . p:    2619    3109 e: -15.8 r:  78.9   
US_California_Santa_Clara=Confirmed i: 116 116  64  5/18/2020 p:    2619    3109 e: -15.8 r:  78.9   
US_California_Santa_Clara=Confirmed i: 117 117  65          . p:    2619    3109 e: -15.8 r:  79.9   
US_California_Santa_Clara=Confirmed i: 118 118  66  5/20/2020 p:    2619    3109 e: -15.8 r:  80.1   
US_California_Santa_Clara=Confirmed i: 119 119  67          . p:    2619    3109 e: -15.8 r:  80.1   
US_California_Santa_Clara=Confirmed i: 120 120  68  5/22/2020 p:    2619    3109 e: -15.8 r:  80.1   
US_California_Santa_Clara=Confirmed i: 121   0  69          . p:    2730    3109 e: -12.2 r:  82.7 OK 1st
US_California_Santa_Clara=Confirmed i: 122   1  70  5/24/2020 p:    2730    3109 e: -12.2 r:  84.2 OK
US_California_Santa_Clara=Confirmed i: 123   2  71          . p:    2842    3109 e:  -8.6 r:  85.3 OK
US_California_Santa_Clara=Confirmed i: 124   3  72  5/26/2020 p:    2842    3109 e:  -8.6 r:  86.0 OK
US_California_Santa_Clara=Confirmed i: 125   4  73          . p:    2842    3109 e:  -8.6 r:  86.4 OK
US_California_Santa_Clara=Confirmed i: 126   5  74  5/28/2020 p:    2953    3109 e:  -5.0 r:  86.9 OK
US_California_Santa_Clara=Confirmed i: 127   6  75          . p:    2953    3109 e:  -5.0 r:  87.1 OK
US_California_Santa_Clara=Confirmed i: 128   7  76  5/30/2020 p:    2953    3109 e:  -5.0 r:  87.8 OK
US_California_Santa_Clara=Confirmed i: 129   8  77          . p:    2953    3109 e:  -5.0 r:  89.3 OK
US_California_Santa_Clara=Confirmed i: 130   9  78   6/1/2020 p:    2953    3109 e:  -5.0 r:  89.3 OK
US_California_Santa_Clara=Confirmed i: 131  10  79          . p:    2953    3109 e:  -5.0 r:  90.7 OK
US_California_Santa_Clara=Confirmed i: 132  11  80   6/3/2020 p:    3065    3109 e:  -1.4 r:  91.1 OK
US_California_Santa_Clara=Confirmed i: 133  12  81          . p:    3065    3109 e:  -1.4 r:  91.7 OK
US_California_Santa_Clara=Confirmed i: 134  13  82   6/5/2020 p:    3065    3109 e:  -1.4 r:  93.0 OK
US_California_Santa_Clara=Confirmed i: 135  14  83          . p:    3065    3109 e:  -1.4 r:  93.9 OK
US_California_Santa_Clara=Confirmed i: 136  15  84   6/7/2020 p:    3065    3109 e:  -1.4 r:  94.6 OK
US_California_Santa_Clara=Confirmed i: 137  16  85          . p:    3176    3109 e:   2.1 r:  95.6 OK
US_California_Santa_Clara=Confirmed i: 138  17  86   6/9/2020 p:    3176    3109 e:   2.1 r:  97.0 OK
