
  # Process COVID TAB data
p1= 1874 il= 138
p1= 1832 il= 137
p1= 1874 il= 136
p1= 1874 il= 135
p1= 1874 il= 134
US_Massachusetts_Middlesex=Deaths nl = 139, n1= 5 s1= 1865.6 s2= 3480745.6 SD= 16.8000000000067 frac%= 0.900514579760219
US_Massachusetts_Middlesex=Deaths i:  68  68  -1  3/31/2020 p:     158    1865 e: -91.5 r:   0.9   
US_Massachusetts_Middlesex=Deaths i:  69  69   0          . p:     158    1865 e: -91.5 r:   1.1   
US_Massachusetts_Middlesex=Deaths i:  70  70   1   4/2/2020 p:     285    1865 e: -84.7 r:   1.5   
US_Massachusetts_Middlesex=Deaths i:  71  71   2          . p:     158    1865 e: -91.5 r:   2.0   
US_Massachusetts_Middlesex=Deaths i:  72  72   3   4/4/2020 p:      95    1865 e: -94.9 r:   2.0   
US_Massachusetts_Middlesex=Deaths i:  73  73   4          . p:      49    1865 e: -97.4 r:   2.2   
US_Massachusetts_Middlesex=Deaths i:  74  74   5   4/6/2020 p:      57    1865 e: -96.9 r:   2.5   
US_Massachusetts_Middlesex=Deaths i:  75  75   6          . p:     239    1865 e: -87.2 r:   3.6   
US_Massachusetts_Middlesex=Deaths i:  76  76   7   4/8/2020 p:     349    1865 e: -81.3 r:   4.3   
US_Massachusetts_Middlesex=Deaths i:  77  77   8          . p:     285    1865 e: -84.7 r:   4.3   
US_Massachusetts_Middlesex=Deaths i:  78  78   9  4/10/2020 p:     222    1865 e: -88.1 r:   4.3   
US_Massachusetts_Middlesex=Deaths i:  79  79  10          . p:     667    1865 e: -64.2 r:   7.3   
US_Massachusetts_Middlesex=Deaths i:  80  80  11  4/12/2020 p:     857    1865 e: -54.1 r:   8.0   
US_Massachusetts_Middlesex=Deaths i:  81  81  12          . p:     794    1865 e: -57.4 r:   8.0   
US_Massachusetts_Middlesex=Deaths i:  82  82  13  4/14/2020 p:     158    1865 e: -91.5 r:   8.0   
US_Massachusetts_Middlesex=Deaths i:  83  83  14          . p:    1048    1865 e: -43.8 r:  11.8   
US_Massachusetts_Middlesex=Deaths i:  84  84  15  4/16/2020 p:    1493    1865 e: -20.0 r:  12.8   
US_Massachusetts_Middlesex=Deaths i:  85  85  16          . p:    1239    1865 e: -33.6 r:  13.8   
US_Massachusetts_Middlesex=Deaths i:  86  86  17  4/18/2020 p:    1429    1865 e: -23.4 r:  15.8   
US_Massachusetts_Middlesex=Deaths i:  87   0  18          . p:    2065    1865 e:  10.7 r:  19.9 OK 1st
US_Massachusetts_Middlesex=Deaths i:  88   1  19  4/20/2020 p:    2319    1865 e:  24.3 r:  21.4   
US_Massachusetts_Middlesex=Deaths i:  89   2  20          . p:    2637    1865 e:  41.3 r:  22.9   
US_Massachusetts_Middlesex=Deaths i:  90   3  21  4/22/2020 p:     476    1865 e: -74.5 r:  22.9   
US_Massachusetts_Middlesex=Deaths i:  91   4  22          . p:     476    1865 e: -74.5 r:  22.9   
US_Massachusetts_Middlesex=Deaths i:  92   5  23  4/24/2020 p:    1817    1865 e:  -2.6 r:  22.9 OK
US_Massachusetts_Middlesex=Deaths i:  93   6  24          . p:    4543    1865 e: 143.5 r:  33.7   
US_Massachusetts_Middlesex=Deaths i:  94   7  25  4/26/2020 p:    2764    1865 e:  48.2 r:  35.9   
US_Massachusetts_Middlesex=Deaths i:  95   8  26          . p:     730    1865 e: -60.9 r:  37.5   
US_Massachusetts_Middlesex=Deaths i:  96   9  27  4/28/2020 p:     794    1865 e: -57.4 r:  39.2   
US_Massachusetts_Middlesex=Deaths i:  97  10  28          . p:    3653    1865 e:  95.8 r:  43.0   
US_Massachusetts_Middlesex=Deaths i:  98  11  29  4/30/2020 p:    3209    1865 e:  72.0 r:  45.3   
US_Massachusetts_Middlesex=Deaths i:  99  12  30          . p:    3018    1865 e:  61.8 r:  47.4   
US_Massachusetts_Middlesex=Deaths i: 100  13  31   5/2/2020 p:    2983    1865 e:  59.9 r:  49.5   
US_Massachusetts_Middlesex=Deaths i: 101  14  32          . p:    2672    1865 e:  43.2 r:  52.1   
US_Massachusetts_Middlesex=Deaths i: 102  15  33   5/4/2020 p:    2350    1865 e:  26.0 r:  53.4   
US_Massachusetts_Middlesex=Deaths i: 103  16  34          . p:    1247    1865 e: -33.2 r:  55.1   
US_Massachusetts_Middlesex=Deaths i: 104  17  35   5/6/2020 p:    1572    1865 e: -15.7 r:  57.4   
US_Massachusetts_Middlesex=Deaths i: 105  18  36          . p:    1513    1865 e: -18.9 r:  59.1   
US_Massachusetts_Middlesex=Deaths i: 106  19  37   5/8/2020 p:    1493    1865 e: -20.0 r:  60.7   
US_Massachusetts_Middlesex=Deaths i: 107  20  38          . p:    2446    1865 e:  31.1 r:  62.7   
US_Massachusetts_Middlesex=Deaths i: 108  21  39  5/10/2020 p:    1683    1865 e:  -9.8 r:  64.7 OK
US_Massachusetts_Middlesex=Deaths i: 109  22  40          . p:    2283    1865 e:  22.4 r:  66.2   
US_Massachusetts_Middlesex=Deaths i: 110  23  41  5/12/2020 p:    1620    1865 e: -13.2 r:  66.7 OK
US_Massachusetts_Middlesex=Deaths i: 111  24  42          . p:    1650    1865 e: -11.6 r:  68.7 OK
US_Massachusetts_Middlesex=Deaths i: 112  25  43  5/14/2020 p:    1562    1865 e: -16.3 r:  71.1   
US_Massachusetts_Middlesex=Deaths i: 113  26  44          . p:    2065    1865 e:  10.7 r:  72.2 OK
US_Massachusetts_Middlesex=Deaths i: 114  27  45  5/16/2020 p:    2001    1865 e:   7.3 r:  73.4 OK
US_Massachusetts_Middlesex=Deaths i: 115  28  46          . p:    1935    1865 e:   3.7 r:  74.7 OK
US_Massachusetts_Middlesex=Deaths i: 116  29  47  5/18/2020 p:    1788    1865 e:  -4.2 r:  75.7 OK
US_Massachusetts_Middlesex=Deaths i: 117  30  48          . p:    1762    1865 e:  -5.6 r:  77.0 OK
US_Massachusetts_Middlesex=Deaths i: 118  31  49  5/20/2020 p:    1747    1865 e:  -6.4 r:  78.4 OK
US_Massachusetts_Middlesex=Deaths i: 119  32  50          . p:    1808    1865 e:  -3.1 r:  79.2 OK
US_Massachusetts_Middlesex=Deaths i: 120  33  51  5/22/2020 p:    1738    1865 e:  -6.8 r:  80.2 OK
US_Massachusetts_Middlesex=Deaths i: 121  34  52          . p:    1740    1865 e:  -6.7 r:  81.0 OK
US_Massachusetts_Middlesex=Deaths i: 122  35  53  5/24/2020 p:    1741    1865 e:  -6.7 r:  81.4 OK
US_Massachusetts_Middlesex=Deaths i: 123  36  54          . p:    1771    1865 e:  -5.1 r:  81.9 OK
US_Massachusetts_Middlesex=Deaths i: 124  37  55  5/26/2020 p:    1754    1865 e:  -6.0 r:  82.3 OK
US_Massachusetts_Middlesex=Deaths i: 125  38  56          . p:    1716    1865 e:  -8.0 r:  83.0 OK
US_Massachusetts_Middlesex=Deaths i: 126  39  57  5/28/2020 p:    1747    1865 e:  -6.4 r:  83.8 OK
US_Massachusetts_Middlesex=Deaths i: 127  40  58          . p:    1747    1865 e:  -6.4 r:  84.9 OK
US_Massachusetts_Middlesex=Deaths i: 128  41  59  5/30/2020 p:    1747    1865 e:  -6.4 r:  85.5 OK
US_Massachusetts_Middlesex=Deaths i: 129  42  60          . p:    1747    1865 e:  -6.4 r:  86.6 OK
US_Massachusetts_Middlesex=Deaths i: 130  43  61   6/1/2020 p:    1811    1865 e:  -2.9 r:  88.4 OK
US_Massachusetts_Middlesex=Deaths i: 131  44  62          . p:    1811    1865 e:  -2.9 r:  89.1 OK
US_Massachusetts_Middlesex=Deaths i: 132  45  63   6/3/2020 p:    1811    1865 e:  -2.9 r:  89.8 OK
US_Massachusetts_Middlesex=Deaths i: 133  46  64          . p:    1811    1865 e:  -2.9 r:  90.5 OK
US_Massachusetts_Middlesex=Deaths i: 134  47  65   6/5/2020 p:    1874    1865 e:   0.5 r:  90.9 OK
US_Massachusetts_Middlesex=Deaths i: 135  48  66          . p:    1874    1865 e:   0.5 r:  91.2 OK
US_Massachusetts_Middlesex=Deaths i: 136  49  67   6/7/2020 p:    1874    1865 e:   0.5 r:  91.4 OK
US_Massachusetts_Middlesex=Deaths i: 137  50  68          . p:    1832    1865 e:  -1.8 r:  91.7 OK
US_Massachusetts_Middlesex=Deaths i: 138  51  69   6/9/2020 p:    1874    1865 e:   0.5 r:  92.2 OK
