
  # Process COVID TAB data
p1= 189489 il= 138
p1= 189489 il= 137
p1= 189489 il= 136
p1= 189489 il= 135
p1= 189489 il= 134
Germany=Confirmed nl = 139, n1= 5 s1= 189489 s2= 35906081121 SD= 0 frac%= 0
Germany=Confirmed i:  11  11 -26          . p:    3445  189489 e: -98.2 r:   0.0   
Germany=Confirmed i:  17  17 -20          . p:    3445  189489 e: -98.2 r:   0.0   
Germany=Confirmed i:  18  18 -19  2/10/2020 p:    3445  189489 e: -98.2 r:   0.0   
Germany=Confirmed i:  19  19 -18          . p:    3445  189489 e: -98.2 r:   0.0   
Germany=Confirmed i:  20  20 -17  2/12/2020 p:    3445  189489 e: -98.2 r:   0.0   
Germany=Confirmed i:  21  21 -16          . p:    3445  189489 e: -98.2 r:   0.0   
Germany=Confirmed i:  22  22 -15  2/14/2020 p:    3445  189489 e: -98.2 r:   0.0   
Germany=Confirmed i:  23  23 -14          . p:    3445  189489 e: -98.2 r:   0.0   
Germany=Confirmed i:  24  24 -13  2/16/2020 p:    3445  189489 e: -98.2 r:   0.0   
Germany=Confirmed i:  25  25 -12          . p:    3445  189489 e: -98.2 r:   0.0   
Germany=Confirmed i:  34  34  -3  2/26/2020 p:    3445  189489 e: -98.2 r:   0.0   
Germany=Confirmed i:  35  35  -2          . p:    3445  189489 e: -98.2 r:   0.0   
Germany=Confirmed i:  36  36  -1  2/28/2020 p:    3445  189489 e: -98.2 r:   0.0   
Germany=Confirmed i:  37  37   0          . p:   17226  189489 e: -90.9 r:   0.0   
Germany=Confirmed i:  39  39   2          . p:       0  189489 e: -100.0 r:   0.1   
Germany=Confirmed i:  40  40   3   3/3/2020 p:    3445  189489 e: -98.2 r:   0.1   
Germany=Confirmed i:  41  41   4          . p:    3445  189489 e: -98.2 r:   0.1   
Germany=Confirmed i:  45  45   8          . p:    3445  189489 e: -98.2 r:   0.6   
Germany=Confirmed i:  46  46   9   3/9/2020 p:    3445  189489 e: -98.2 r:   0.6   
Germany=Confirmed i:  47  47  10          . p:    3445  189489 e: -98.2 r:   0.8   
Germany=Confirmed i:  48  48  11  3/11/2020 p:    3445  189489 e: -98.2 r:   1.0   
Germany=Confirmed i:  49  49  12          . p:    3445  189489 e: -98.2 r:   1.1   
Germany=Confirmed i:  50  50  13  3/13/2020 p:  451328  189489 e: 138.2 r:   2.0   
Germany=Confirmed i:  53  53  16          . p:   24116  189489 e: -87.3 r:   4.0   
Germany=Confirmed i:  54  54  17  3/17/2020 p:   24116  189489 e: -87.3 r:   5.1   
Germany=Confirmed i:  55  55  18          . p:  251503  189489 e:  32.7 r:   6.8   
Germany=Confirmed i:  56   0  19  3/19/2020 p:  168817  189489 e: -10.9 r:   8.4 OK 1st
Germany=Confirmed i:  57   1  20          . p:       0  189489 e: -100.0 r:  10.9   
Germany=Confirmed i:  58   2  21  3/21/2020 p:   93021  189489 e: -50.9 r:  12.2   
Germany=Confirmed i:  59   3  22          . p:   37897  189489 e: -80.0 r:  13.7   
Germany=Confirmed i:  60   4  23  3/23/2020 p:   58569  189489 e: -69.1 r:  16.0   
Germany=Confirmed i:  61   5  24          . p:   72350  189489 e: -61.8 r:  18.1   
Germany=Confirmed i:  62   6  25  3/25/2020 p:   86131  189489 e: -54.5 r:  20.5   
Germany=Confirmed i:  63   7  26          . p:  161927  189489 e: -14.5 r:  24.4 OK
Germany=Confirmed i:  64   8  27  3/27/2020 p:  223941  189489 e:  18.2 r:  28.1   
Germany=Confirmed i:  65   9  28          . p:  230832  189489 e:  21.8 r:  30.4   
Germany=Confirmed i:  66  10  29  3/29/2020 p:  210160  189489 e:  10.9 r:  32.8 OK
Germany=Confirmed i:  67  11  30          . p:  189489  189489 e:   0.0 r:  35.3 OK
Germany=Confirmed i:  68  12  31  3/31/2020 p:  175708  189489 e:  -7.3 r:  37.9 OK
Germany=Confirmed i:  69  13  32          . p:  189489  189489 e:   0.0 r:  41.1 OK
Germany=Confirmed i:  70  14  33   4/2/2020 p:  203270  189489 e:   7.3 r:  44.7 OK
Germany=Confirmed i:  71  15  34          . p:  196379  189489 e:   3.6 r:  48.1 OK
Germany=Confirmed i:  72  16  35   4/4/2020 p:  196379  189489 e:   3.6 r:  50.7 OK
Germany=Confirmed i:  73  17  36          . p:  196379  189489 e:   3.6 r:  52.8 OK
Germany=Confirmed i:  74  18  37   4/6/2020 p:  189489  189489 e:   0.0 r:  54.6 OK
Germany=Confirmed i:  75  19  38          . p:  182598  189489 e:  -3.6 r:  56.8 OK
Germany=Confirmed i:  76  20  39   4/8/2020 p:  182598  189489 e:  -3.6 r:  59.8 OK
Germany=Confirmed i:  77  21  40          . p:  182598  189489 e:  -3.6 r:  62.4 OK
Germany=Confirmed i:  78  22  41  4/10/2020 p:  182598  189489 e:  -3.6 r:  64.5 OK
Germany=Confirmed i:  79  23  42          . p:  182598  189489 e:  -3.6 r:  65.9 OK
Germany=Confirmed i:  80  24  43  4/12/2020 p:  168817  189489 e: -10.9 r:  67.5 OK
Germany=Confirmed i:  81  25  44          . p:  168817  189489 e: -10.9 r:  68.6 OK
Germany=Confirmed i:  82  26  45  4/14/2020 p:  168817  189489 e: -10.9 r:  69.3 OK
Germany=Confirmed i:  83  27  46          . p:  168817  189489 e: -10.9 r:  71.1 OK
Germany=Confirmed i:  84  28  47  4/16/2020 p:  161927  189489 e: -14.5 r:  72.7 OK
Germany=Confirmed i:  85  29  48          . p:  168817  189489 e: -10.9 r:  74.6 OK
Germany=Confirmed i:  86  30  49  4/18/2020 p:  168817  189489 e: -10.9 r:  75.6 OK
Germany=Confirmed i:  87  31  50          . p:  168817  189489 e: -10.9 r:  76.6 OK
Germany=Confirmed i:  88  32  51  4/20/2020 p:  168817  189489 e: -10.9 r:  77.6 OK
Germany=Confirmed i:  89  33  52          . p:  168817  189489 e: -10.9 r:  78.3 OK
Germany=Confirmed i:  90  34  53  4/22/2020 p:  168817  189489 e: -10.9 r:  79.5 OK
Germany=Confirmed i:  91  35  54          . p:  168817  189489 e: -10.9 r:  80.8 OK
Germany=Confirmed i:  92  36  55  4/24/2020 p:  168817  189489 e: -10.9 r:  81.8 OK
Germany=Confirmed i:  93  37  56          . p:  168817  189489 e: -10.9 r:  82.6 OK
Germany=Confirmed i:  94  38  57  4/26/2020 p:  175708  189489 e:  -7.3 r:  83.3 OK
Germany=Confirmed i:  95  39  58          . p:  175708  189489 e:  -7.3 r:  83.8 OK
Germany=Confirmed i:  96  40  59  4/28/2020 p:  173215  189489 e:  -8.6 r:  84.4 OK
Germany=Confirmed i:  97  41  60          . p:  175708  189489 e:  -7.3 r:  85.2 OK
Germany=Confirmed i:  98  42  61  4/30/2020 p:  175708  189489 e:  -7.3 r:  86.0 OK
Germany=Confirmed i:  99  43  62          . p:  175708  189489 e:  -7.3 r:  86.6 OK
Germany=Confirmed i: 100  44  63   5/2/2020 p:  174911  189489 e:  -7.7 r:  87.1 OK
Germany=Confirmed i: 101  45  64          . p:  175581  189489 e:  -7.3 r:  87.4 OK
Germany=Confirmed i: 102  46  65   5/4/2020 p:  175797  189489 e:  -7.2 r:  87.7 OK
Germany=Confirmed i: 103  47  66          . p:  175811  189489 e:  -7.2 r:  88.1 OK
Germany=Confirmed i: 104  48  67   5/6/2020 p:  175708  189489 e:  -7.3 r:  88.7 OK
Germany=Confirmed i: 105  49  68          . p:  182598  189489 e:  -3.6 r:  89.4 OK
Germany=Confirmed i: 106  50  69   5/8/2020 p:  182598  189489 e:  -3.6 r:  90.0 OK
Germany=Confirmed i: 107  51  70          . p:  182598  189489 e:  -3.6 r:  90.4 OK
Germany=Confirmed i: 108  52  71  5/10/2020 p:  182598  189489 e:  -3.6 r:  90.7 OK
Germany=Confirmed i: 109  53  72          . p:  182598  189489 e:  -3.6 r:  91.1 OK
Germany=Confirmed i: 110  54  73  5/12/2020 p:  179376  189489 e:  -5.3 r:  91.4 OK
Germany=Confirmed i: 111  55  74          . p:  182598  189489 e:  -3.6 r:  91.9 OK
Germany=Confirmed i: 112  56  75  5/14/2020 p:  182598  189489 e:  -3.6 r:  92.1 OK
Germany=Confirmed i: 113  57  76          . p:  182598  189489 e:  -3.6 r:  92.5 OK
Germany=Confirmed i: 114  58  77  5/16/2020 p:  181477  189489 e:  -4.2 r:  92.8 OK
Germany=Confirmed i: 115  59  78          . p:  180870  189489 e:  -4.5 r:  93.1 OK
Germany=Confirmed i: 116  60  79  5/18/2020 p:  180872  189489 e:  -4.5 r:  93.2 OK
Germany=Confirmed i: 117  61  80          . p:  182598  189489 e:  -3.6 r:  93.8 OK
Germany=Confirmed i: 118  62  81  5/20/2020 p:  182598  189489 e:  -3.6 r:  94.2 OK
Germany=Confirmed i: 119  63  82          . p:  182598  189489 e:  -3.6 r:  94.5 OK
Germany=Confirmed i: 120  64  83  5/22/2020 p:  182598  189489 e:  -3.6 r:  94.8 OK
Germany=Confirmed i: 121  65  84          . p:  182598  189489 e:  -3.6 r:  95.0 OK
Germany=Confirmed i: 122  66  85  5/24/2020 p:  184996  189489 e:  -2.4 r:  95.2 OK
Germany=Confirmed i: 123  67  86          . p:  184770  189489 e:  -2.5 r:  95.3 OK
Germany=Confirmed i: 124  68  87  5/26/2020 p:  184360  189489 e:  -2.7 r:  95.6 OK
Germany=Confirmed i: 125  69  88          . p:  189489  189489 e:   0.0 r:  95.8 OK
Germany=Confirmed i: 126  70  89  5/28/2020 p:  189489  189489 e:   0.0 r:  96.2 OK
Germany=Confirmed i: 127  71  90          . p:  189489  189489 e:   0.0 r:  96.5 OK
Germany=Confirmed i: 128  72  91  5/30/2020 p:  189489  189489 e:   0.0 r:  96.7 OK
Germany=Confirmed i: 129  73  92          . p:  189489  189489 e:   0.0 r:  96.8 OK
Germany=Confirmed i: 130  74  93   6/1/2020 p:  189489  189489 e:   0.0 r:  96.9 OK
Germany=Confirmed i: 131  75  94          . p:  186650  189489 e:  -1.5 r:  97.0 OK
Germany=Confirmed i: 132  76  95   6/3/2020 p:  189489  189489 e:   0.0 r:  97.2 OK
Germany=Confirmed i: 133  77  96          . p:  189489  189489 e:   0.0 r:  97.4 OK
Germany=Confirmed i: 134  78  97   6/5/2020 p:  189489  189489 e:   0.0 r:  97.6 OK
Germany=Confirmed i: 135  79  98          . p:  189489  189489 e:   0.0 r:  97.9 OK
Germany=Confirmed i: 136  80  99   6/7/2020 p:  189489  189489 e:   0.0 r:  98.0 OK
Germany=Confirmed i: 137  81 100          . p:  189489  189489 e:   0.0 r:  98.2 OK
Germany=Confirmed i: 138  82 101   6/9/2020 p:  189489  189489 e:   0.0 r:  98.4 OK
