
  # Process COVID TAB data
p1= 4371 il= 138
p1= 4248 il= 137
p1= 3878 il= 136
p1= 3878 il= 135
p1= 3755 il= 134
US_Texas_Bexar=Confirmed nl = 139, n1= 5 s1= 4026 s2= 16265787.6 SD= 238.980333918922 frac%= 5.93592483653558
US_Texas_Bexar=Confirmed i:  58  58  -5  3/21/2020 p:      61    4026 e: -98.5 r:   1.0   
US_Texas_Bexar=Confirmed i:  59  59  -4          . p:      61    4026 e: -98.5 r:   1.1   
US_Texas_Bexar=Confirmed i:  60  60  -3  3/23/2020 p:      78    4026 e: -98.1 r:   1.4   
US_Texas_Bexar=Confirmed i:  61  61  -2          . p:      61    4026 e: -98.5 r:   1.7   
US_Texas_Bexar=Confirmed i:  62  62  -1  3/25/2020 p:      87    4026 e: -97.8 r:   1.7   
US_Texas_Bexar=Confirmed i:  63  63   0          . p:     109    4026 e: -97.3 r:   2.1   
US_Texas_Bexar=Confirmed i:  64  64   1  3/27/2020 p:     184    4026 e: -95.4 r:   2.8   
US_Texas_Bexar=Confirmed i:  65  65   2          . p:     184    4026 e: -95.4 r:   3.1   
US_Texas_Bexar=Confirmed i:  66  66   3  3/29/2020 p:     307    4026 e: -92.4 r:   3.5   
US_Texas_Bexar=Confirmed i:  67  67   4          . p:     307    4026 e: -92.4 r:   3.9   
US_Texas_Bexar=Confirmed i:  68  68   5  3/31/2020 p:     210    4026 e: -94.8 r:   4.2   
US_Texas_Bexar=Confirmed i:  69  69   6          . p:     382    4026 e: -90.5 r:   5.1   
US_Texas_Bexar=Confirmed i:  70  70   7   4/2/2020 p:     428    4026 e: -89.4 r:   5.7   
US_Texas_Bexar=Confirmed i:  71  71   8          . p:     430    4026 e: -89.3 r:   6.3   
US_Texas_Bexar=Confirmed i:  72  72   9   4/4/2020 p:     800    4026 e: -80.1 r:   8.5   
US_Texas_Bexar=Confirmed i:  73  73  10          . p:    1046    4026 e: -74.0 r:   9.5   
US_Texas_Bexar=Confirmed i:  74  74  11   4/6/2020 p:    1169    4026 e: -71.0 r:  10.2   
US_Texas_Bexar=Confirmed i:  75  75  12          . p:    1292    4026 e: -67.9 r:  11.3   
US_Texas_Bexar=Confirmed i:  76  76  13   4/8/2020 p:    1416    4026 e: -64.8 r:  12.5   
US_Texas_Bexar=Confirmed i:  77  77  14          . p:    1539    4026 e: -61.8 r:  13.8   
US_Texas_Bexar=Confirmed i:  78  78  15  4/10/2020 p:    1662    4026 e: -58.7 r:  15.3   
US_Texas_Bexar=Confirmed i:  79  79  16          . p:    1785    4026 e: -55.7 r:  16.5   
US_Texas_Bexar=Confirmed i:  80  80  17  4/12/2020 p:    1908    4026 e: -52.6 r:  18.0   
US_Texas_Bexar=Confirmed i:  81  81  18          . p:    2011    4026 e: -50.0 r:  19.2   
US_Texas_Bexar=Confirmed i:  82  82  19  4/14/2020 p:    2003    4026 e: -50.2 r:  19.7   
US_Texas_Bexar=Confirmed i:  83  83  20          . p:     871    4026 e: -78.4 r:  20.2   
US_Texas_Bexar=Confirmed i:  84  84  21  4/16/2020 p:    1987    4026 e: -50.6 r:  22.1   
US_Texas_Bexar=Confirmed i:  85  85  22          . p:    1970    4026 e: -51.1 r:  22.8   
US_Texas_Bexar=Confirmed i:  86  86  23  4/18/2020 p:    1416    4026 e: -64.8 r:  23.8   
US_Texas_Bexar=Confirmed i:  87  87  24          . p:    1357    4026 e: -66.3 r:  24.6   
US_Texas_Bexar=Confirmed i:  88  88  25  4/20/2020 p:    1329    4026 e: -67.0 r:  25.2   
US_Texas_Bexar=Confirmed i:  89  89  26          . p:    1323    4026 e: -67.1 r:  25.6   
US_Texas_Bexar=Confirmed i:  90  90  27  4/22/2020 p:    1340    4026 e: -66.7 r:  26.8   
US_Texas_Bexar=Confirmed i:  91  91  28          . p:    1630    4026 e: -59.5 r:  29.0   
US_Texas_Bexar=Confirmed i:  92  92  29  4/24/2020 p:    2107    4026 e: -47.7 r:  33.1   
US_Texas_Bexar=Confirmed i:  93  93  30          . p:    2401    4026 e: -40.4 r:  33.1   
US_Texas_Bexar=Confirmed i:  94  94  31  4/26/2020 p:    2277    4026 e: -43.4 r:  33.1   
US_Texas_Bexar=Confirmed i:  95  95  32          . p:    2154    4026 e: -46.5 r:  33.1   
US_Texas_Bexar=Confirmed i:  96  96  33  4/28/2020 p:    2150    4026 e: -46.6 r:  31.7   
US_Texas_Bexar=Confirmed i:  97  97  34          . p:    2022    4026 e: -49.8 r:  32.5   
US_Texas_Bexar=Confirmed i:  98  98  35  4/30/2020 p:    1942    4026 e: -51.8 r:  34.1   
US_Texas_Bexar=Confirmed i:  99  99  36          . p:    1926    4026 e: -52.2 r:  35.4   
US_Texas_Bexar=Confirmed i: 100 100  37   5/2/2020 p:    1981    4026 e: -50.8 r:  36.7   
US_Texas_Bexar=Confirmed i: 101 101  38          . p:    2154    4026 e: -46.5 r:  39.4   
US_Texas_Bexar=Confirmed i: 102 102  39   5/4/2020 p:    2154    4026 e: -46.5 r:  40.2   
US_Texas_Bexar=Confirmed i: 103 103  40          . p:    2277    4026 e: -43.4 r:  41.0   
US_Texas_Bexar=Confirmed i: 104 104  41   5/6/2020 p:    2289    4026 e: -43.1 r:  41.7   
US_Texas_Bexar=Confirmed i: 105 105  42          . p:    2401    4026 e: -40.4 r:  43.7   
US_Texas_Bexar=Confirmed i: 106 106  43   5/8/2020 p:    2401    4026 e: -40.4 r:  44.8   
US_Texas_Bexar=Confirmed i: 107 107  44          . p:    2401    4026 e: -40.4 r:  44.8   
US_Texas_Bexar=Confirmed i: 108 108  45  5/10/2020 p:    2464    4026 e: -38.8 r:  45.6   
US_Texas_Bexar=Confirmed i: 109 109  46          . p:    2523    4026 e: -37.3 r:  47.2   
US_Texas_Bexar=Confirmed i: 110 110  47  5/12/2020 p:    2524    4026 e: -37.3 r:  47.7   
US_Texas_Bexar=Confirmed i: 111 111  48          . p:    2524    4026 e: -37.3 r:  48.2   
US_Texas_Bexar=Confirmed i: 112 112  49  5/14/2020 p:    2568    4026 e: -36.2 r:  49.1   
US_Texas_Bexar=Confirmed i: 113 113  50          . p:    2566    4026 e: -36.3 r:  49.1   
US_Texas_Bexar=Confirmed i: 114 114  51  5/16/2020 p:    2669    4026 e: -33.7 r:  52.7   
US_Texas_Bexar=Confirmed i: 115 115  52          . p:    2702    4026 e: -32.9 r:  52.7   
US_Texas_Bexar=Confirmed i: 116 116  53  5/18/2020 p:    2647    4026 e: -34.3 r:  52.7   
US_Texas_Bexar=Confirmed i: 117 117  54          . p:    2893    4026 e: -28.1 r:  56.6   
US_Texas_Bexar=Confirmed i: 118 118  55  5/20/2020 p:    2893    4026 e: -28.1 r:  57.1   
US_Texas_Bexar=Confirmed i: 119 119  56          . p:    3016    4026 e: -25.1 r:  57.7   
US_Texas_Bexar=Confirmed i: 120 120  57  5/22/2020 p:    3016    4026 e: -25.1 r:  58.9   
US_Texas_Bexar=Confirmed i: 121 121  58          . p:    3016    4026 e: -25.1 r:  59.4   
US_Texas_Bexar=Confirmed i: 122 122  59  5/24/2020 p:    3016    4026 e: -25.1 r:  60.1   
US_Texas_Bexar=Confirmed i: 123 123  60          . p:    3016    4026 e: -25.1 r:  60.1   
US_Texas_Bexar=Confirmed i: 124 124  61  5/26/2020 p:    3139    4026 e: -22.0 r:  60.8   
US_Texas_Bexar=Confirmed i: 125 125  62          . p:    2493    4026 e: -38.1 r:  60.8   
US_Texas_Bexar=Confirmed i: 126 126  63  5/28/2020 p:    3175    4026 e: -21.1 r:  64.2   
US_Texas_Bexar=Confirmed i: 127 127  64          . p:    3205    4026 e: -20.4 r:  64.8   
US_Texas_Bexar=Confirmed i: 128 128  65  5/30/2020 p:    3263    4026 e: -19.0 r:  65.5   
US_Texas_Bexar=Confirmed i: 129 129  66          . p:    3386    4026 e: -15.9 r:  70.2   
US_Texas_Bexar=Confirmed i: 130   0  67   6/1/2020 p:    3509    4026 e: -12.8 r:  70.3 OK 1st
US_Texas_Bexar=Confirmed i: 131   1  68          . p:    3632    4026 e:  -9.8 r:  70.5 OK
US_Texas_Bexar=Confirmed i: 132   2  69   6/3/2020 p:    3632    4026 e:  -9.8 r:  71.6 OK
US_Texas_Bexar=Confirmed i: 133   3  70          . p:    3632    4026 e:  -9.8 r:  71.6 OK
US_Texas_Bexar=Confirmed i: 134   4  71   6/5/2020 p:    3755    4026 e:  -6.7 r:  75.0 OK
US_Texas_Bexar=Confirmed i: 135   5  72          . p:    3878    4026 e:  -3.7 r:  78.1 OK
US_Texas_Bexar=Confirmed i: 136   6  73   6/7/2020 p:    3878    4026 e:  -3.7 r:  80.2 OK
US_Texas_Bexar=Confirmed i: 137   7  74          . p:    4248    4026 e:   5.5 r:  82.2 OK
US_Texas_Bexar=Confirmed i: 138   8  75   6/9/2020 p:    4371    4026 e:   8.6 r:  82.8 OK
