
  # Process COVID TAB data
p1= 236 il= 138
p1= 235 il= 137
p1= 238 il= 136
p1= 242 il= 135
p1= 243 il= 134
US_Delaware_New_Castle=Deaths nl = 139, n1= 5 s1= 238.8 s2= 57035.6 SD= 3.18747549010125 frac%= 1.33478873119818
US_Delaware_New_Castle=Deaths i:  72  72 -11   4/4/2020 p:       6     238 e: -97.5 r:   2.9   
US_Delaware_New_Castle=Deaths i:  73  73 -10          . p:       7     238 e: -97.1 r:   2.9   
US_Delaware_New_Castle=Deaths i:  74  74  -9   4/6/2020 p:       9     238 e: -96.2 r:   3.8   
US_Delaware_New_Castle=Deaths i:  75  75  -8          . p:       9     238 e: -96.2 r:   3.8   
US_Delaware_New_Castle=Deaths i:  76  76  -7   4/8/2020 p:       8     238 e: -96.6 r:   3.8   
US_Delaware_New_Castle=Deaths i:  77  77  -6          . p:       7     238 e: -97.1 r:   3.8   
US_Delaware_New_Castle=Deaths i:  78  78  -5  4/10/2020 p:       9     238 e: -96.2 r:   3.8   
US_Delaware_New_Castle=Deaths i:  81  81  -2          . p:      17     238 e: -92.9 r:   8.4   
US_Delaware_New_Castle=Deaths i:  82  82  -1  4/14/2020 p:      17     238 e: -92.9 r:   8.4   
US_Delaware_New_Castle=Deaths i:  83  83   0          . p:      17     238 e: -92.9 r:   8.4   
US_Delaware_New_Castle=Deaths i:  84  84   1  4/16/2020 p:      51     238 e: -78.6 r:  10.5   
US_Delaware_New_Castle=Deaths i:  85  85   2          . p:      58     238 e: -75.7 r:  12.6   
US_Delaware_New_Castle=Deaths i:  86  86   3  4/18/2020 p:     153     238 e: -35.9 r:  13.4   
US_Delaware_New_Castle=Deaths i:  87  87   4          . p:      44     238 e: -81.6 r:  13.4   
US_Delaware_New_Castle=Deaths i:  88  88   5  4/20/2020 p:      30     238 e: -87.4 r:  13.8   
US_Delaware_New_Castle=Deaths i:  89  89   6          . p:      44     238 e: -81.6 r:  15.1   
US_Delaware_New_Castle=Deaths i:  90  90   7  4/22/2020 p:      44     238 e: -81.6 r:  15.9   
US_Delaware_New_Castle=Deaths i:  91  91   8          . p:      51     238 e: -78.6 r:  16.8   
US_Delaware_New_Castle=Deaths i:  92  92   9  4/24/2020 p:      64     238 e: -73.2 r:  18.8   
US_Delaware_New_Castle=Deaths i:  93  93  10          . p:     153     238 e: -35.9 r:  21.8   
US_Delaware_New_Castle=Deaths i:  94  94  11  4/26/2020 p:     126     238 e: -47.2 r:  23.0   
US_Delaware_New_Castle=Deaths i:  95  95  12          . p:      64     238 e: -73.2 r:  23.9   
US_Delaware_New_Castle=Deaths i:  96  96  13  4/28/2020 p:     201     238 e: -15.8 r:  26.4   
US_Delaware_New_Castle=Deaths i:  97   0  14          . p:     215     238 e: -10.0 r:  27.2 OK 1st
US_Delaware_New_Castle=Deaths i:  98   1  15  4/30/2020 p:     160     238 e: -33.0 r:  28.5   
US_Delaware_New_Castle=Deaths i:  99   2  16          . p:      78     238 e: -67.3 r:  29.3   
US_Delaware_New_Castle=Deaths i: 100   3  17   5/2/2020 p:     167     238 e: -30.1 r:  31.8   
US_Delaware_New_Castle=Deaths i: 101   4  18          . p:     176     238 e: -26.3 r:  33.1   
US_Delaware_New_Castle=Deaths i: 102   5  19   5/4/2020 p:     235     238 e:  -1.6 r:  34.3 OK
US_Delaware_New_Castle=Deaths i: 103   6  20          . p:     221     238 e:  -7.5 r:  34.8 OK
US_Delaware_New_Castle=Deaths i: 104   7  21   5/6/2020 p:     173     238 e: -27.6 r:  35.6   
US_Delaware_New_Castle=Deaths i: 105   8  22          . p:     112     238 e: -53.1 r:  37.3   
US_Delaware_New_Castle=Deaths i: 106   9  23   5/8/2020 p:     112     238 e: -53.1 r:  38.1   
US_Delaware_New_Castle=Deaths i: 107  10  24          . p:     112     238 e: -53.1 r:  38.9   
US_Delaware_New_Castle=Deaths i: 108  11  25  5/10/2020 p:     111     238 e: -53.5 r:  38.9   
US_Delaware_New_Castle=Deaths i: 109  12  26          . p:     105     238 e: -56.0 r:  39.8   
US_Delaware_New_Castle=Deaths i: 110  13  27  5/12/2020 p:     126     238 e: -47.2 r:  41.9   
US_Delaware_New_Castle=Deaths i: 111  14  28          . p:     133     238 e: -44.3 r:  42.7   
US_Delaware_New_Castle=Deaths i: 112  15  29  5/14/2020 p:     153     238 e: -35.9 r:  45.2   
US_Delaware_New_Castle=Deaths i: 113  16  30          . p:     167     238 e: -30.1 r:  47.7   
US_Delaware_New_Castle=Deaths i: 114  17  31  5/16/2020 p:     194     238 e: -18.8 r:  50.7   
US_Delaware_New_Castle=Deaths i: 115  18  32          . p:     208     238 e: -12.9 r:  51.9 OK
US_Delaware_New_Castle=Deaths i: 116  19  33  5/18/2020 p:     215     238 e: -10.0 r:  54.4 OK
US_Delaware_New_Castle=Deaths i: 117  20  34          . p:     228     238 e:  -4.5 r:  56.5 OK
US_Delaware_New_Castle=Deaths i: 118  21  35  5/20/2020 p:     235     238 e:  -1.6 r:  57.8 OK
US_Delaware_New_Castle=Deaths i: 119  22  36          . p:     249     238 e:   4.3 r:  60.3 OK
US_Delaware_New_Castle=Deaths i: 120  23  37  5/22/2020 p:     256     238 e:   7.2 r:  61.1 OK
US_Delaware_New_Castle=Deaths i: 121  24  38          . p:     256     238 e:   7.2 r:  61.1 OK
US_Delaware_New_Castle=Deaths i: 122  25  39  5/24/2020 p:     256     238 e:   7.2 r:  62.0 OK
US_Delaware_New_Castle=Deaths i: 123  26  40          . p:     256     238 e:   7.2 r:  62.4 OK
US_Delaware_New_Castle=Deaths i: 124  27  41  5/26/2020 p:     249     238 e:   4.3 r:  62.8 OK
US_Delaware_New_Castle=Deaths i: 125  28  42          . p:     249     238 e:   4.3 r:  64.9 OK
US_Delaware_New_Castle=Deaths i: 126  29  43  5/28/2020 p:     248     238 e:   3.9 r:  64.9 OK
US_Delaware_New_Castle=Deaths i: 127  30  44          . p:     249     238 e:   4.3 r:  68.3 OK
US_Delaware_New_Castle=Deaths i: 128  31  45  5/30/2020 p:     249     238 e:   4.3 r:  69.5 OK
US_Delaware_New_Castle=Deaths i: 129  32  46          . p:     249     238 e:   4.3 r:  71.2 OK
US_Delaware_New_Castle=Deaths i: 130  33  47   6/1/2020 p:     256     238 e:   7.2 r:  72.0 OK
US_Delaware_New_Castle=Deaths i: 131  34  48          . p:     256     238 e:   7.2 r:  72.0 OK
US_Delaware_New_Castle=Deaths i: 132  35  49   6/3/2020 p:     249     238 e:   4.3 r:  72.4 OK
US_Delaware_New_Castle=Deaths i: 133  36  50          . p:     174     238 e: -27.1 r:  72.4   
US_Delaware_New_Castle=Deaths i: 134  37  51   6/5/2020 p:     243     238 e:   1.8 r:  72.4 OK
US_Delaware_New_Castle=Deaths i: 135  38  52          . p:     242     238 e:   1.3 r:  72.9 OK
US_Delaware_New_Castle=Deaths i: 136  39  53   6/7/2020 p:     238     238 e:  -0.3 r:  73.7 OK
US_Delaware_New_Castle=Deaths i: 137  40  54          . p:     235     238 e:  -1.6 r:  73.7 OK
US_Delaware_New_Castle=Deaths i: 138  41  55   6/9/2020 p:     236     238 e:  -1.2 r:  77.5 OK
