
  # Process COVID TAB data
p1= - il= 138
p1= 105450 il= 137
p1= 98647 il= 136
p1= 94565 il= 135
p1= 89122 il= 134
Egypt=Confirmed nl = 139, n1= 5 s1= 77556.8 s2= 7547240643.6 SD= 39143.1145587573 frac%= 50.4702547794098
Egypt=Confirmed i:  42  42  -8   3/5/2020 p:     680   77556 e: -99.1 r:   0.0   
Egypt=Confirmed i:  46  46  -4   3/9/2020 p:     680   77556 e: -99.1 r:   0.1   
Egypt=Confirmed i:  47  47  -3          . p:     680   77556 e: -99.1 r:   0.1   
Egypt=Confirmed i:  48  48  -2  3/11/2020 p:     680   77556 e: -99.1 r:   0.1   
Egypt=Confirmed i:  49  49  -1          . p:     680   77556 e: -99.1 r:   0.1   
Egypt=Confirmed i:  50  50   0  3/13/2020 p:     680   77556 e: -99.1 r:   0.1   
Egypt=Confirmed i:  51  51   1          . p:     680   77556 e: -99.1 r:   0.1   
Egypt=Confirmed i:  52  52   2  3/15/2020 p:     680   77556 e: -99.1 r:   0.1   
Egypt=Confirmed i:  53  53   3          . p:     680   77556 e: -99.1 r:   0.2   
Egypt=Confirmed i:  54  54   4  3/17/2020 p:     680   77556 e: -99.1 r:   0.3   
Egypt=Confirmed i:  55  55   5          . p:     680   77556 e: -99.1 r:   0.3   
Egypt=Confirmed i:  56  56   6  3/19/2020 p:     680   77556 e: -99.1 r:   0.3   
Egypt=Confirmed i:  57  57   7          . p:     680   77556 e: -99.1 r:   0.4   
Egypt=Confirmed i:  58  58   8  3/21/2020 p:     680   77556 e: -99.1 r:   0.4   
Egypt=Confirmed i:  59  59   9          . p:     680   77556 e: -99.1 r:   0.4   
Egypt=Confirmed i:  60  60  10  3/23/2020 p:     680   77556 e: -99.1 r:   0.5   
Egypt=Confirmed i:  61  61  11          . p:     680   77556 e: -99.1 r:   0.5   
Egypt=Confirmed i:  62  62  12  3/25/2020 p:     680   77556 e: -99.1 r:   0.6   
Egypt=Confirmed i:  63  63  13          . p:     680   77556 e: -99.1 r:   0.6   
Egypt=Confirmed i:  64  64  14  3/27/2020 p:     680   77556 e: -99.1 r:   0.7   
Egypt=Confirmed i:  65  65  15          . p:     680   77556 e: -99.1 r:   0.7   
Egypt=Confirmed i:  66  66  16  3/29/2020 p:    1083   77556 e: -98.6 r:   0.8   
Egypt=Confirmed i:  67  67  17          . p:    1143   77556 e: -98.5 r:   0.8   
Egypt=Confirmed i:  68  68  18  3/31/2020 p:    2040   77556 e: -97.4 r:   0.9   
Egypt=Confirmed i:  69  69  19          . p:    2040   77556 e: -97.4 r:   1.0   
Egypt=Confirmed i:  70  70  20   4/2/2020 p:    2040   77556 e: -97.4 r:   1.1   
Egypt=Confirmed i:  71  71  21          . p:    2040   77556 e: -97.4 r:   1.3   
Egypt=Confirmed i:  72  72  22   4/4/2020 p:    2040   77556 e: -97.4 r:   1.4   
Egypt=Confirmed i:  73  73  23          . p:    2040   77556 e: -97.4 r:   1.5   
Egypt=Confirmed i:  74  74  24   4/6/2020 p:    3401   77556 e: -95.6 r:   1.7   
Egypt=Confirmed i:  75  75  25          . p:    3401   77556 e: -95.6 r:   1.9   
Egypt=Confirmed i:  76  76  26   4/8/2020 p:    3401   77556 e: -95.6 r:   2.0   
Egypt=Confirmed i:  77  77  27          . p:    3401   77556 e: -95.6 r:   2.2   
Egypt=Confirmed i:  78  78  28  4/10/2020 p:    4762   77556 e: -93.9 r:   2.3   
Egypt=Confirmed i:  79  79  29          . p:    4762   77556 e: -93.9 r:   2.5   
Egypt=Confirmed i:  80  80  30  4/12/2020 p:    4762   77556 e: -93.9 r:   2.7   
Egypt=Confirmed i:  81  81  31          . p:    4762   77556 e: -93.9 r:   2.8   
Egypt=Confirmed i:  82  82  32  4/14/2020 p:    6122   77556 e: -92.1 r:   3.0   
Egypt=Confirmed i:  83  83  33          . p:    6122   77556 e: -92.1 r:   3.2   
Egypt=Confirmed i:  84  84  34  4/16/2020 p:    7483   77556 e: -90.4 r:   3.4   
Egypt=Confirmed i:  85  85  35          . p:    7483   77556 e: -90.4 r:   3.7   
Egypt=Confirmed i:  86  86  36  4/18/2020 p:    7483   77556 e: -90.4 r:   3.9   
Egypt=Confirmed i:  87  87  37          . p:    7483   77556 e: -90.4 r:   4.1   
Egypt=Confirmed i:  88  88  38  4/20/2020 p:    8412   77556 e: -89.2 r:   4.3   
Egypt=Confirmed i:  89  89  39          . p:    8665   77556 e: -88.8 r:   4.5   
Egypt=Confirmed i:  90  90  40  4/22/2020 p:    8835   77556 e: -88.6 r:   4.7   
Egypt=Confirmed i:  91  91  41          . p:    8844   77556 e: -88.6 r:   5.0   
Egypt=Confirmed i:  92  92  42  4/24/2020 p:   10204   77556 e: -86.8 r:   5.3   
Egypt=Confirmed i:  93  93  43          . p:   10204   77556 e: -86.8 r:   5.6   
Egypt=Confirmed i:  94  94  44  4/26/2020 p:   10204   77556 e: -86.8 r:   5.8   
Egypt=Confirmed i:  95  95  45          . p:   11565   77556 e: -85.1 r:   6.2   
Egypt=Confirmed i:  96  96  46  4/28/2020 p:   11565   77556 e: -85.1 r:   6.5   
Egypt=Confirmed i:  97  97  47          . p:   11565   77556 e: -85.1 r:   6.8   
Egypt=Confirmed i:  98  98  48  4/30/2020 p:   12926   77556 e: -83.3 r:   7.1   
Egypt=Confirmed i:  99  99  49          . p:   12926   77556 e: -83.3 r:   7.6   
Egypt=Confirmed i: 100 100  50   5/2/2020 p:   14286   77556 e: -81.6 r:   8.0   
Egypt=Confirmed i: 101 101  51          . p:   15647   77556 e: -79.8 r:   8.3   
Egypt=Confirmed i: 102 102  52   5/4/2020 p:   15647   77556 e: -79.8 r:   8.8   
Egypt=Confirmed i: 103 103  53          . p:   17008   77556 e: -78.1 r:   9.3   
Egypt=Confirmed i: 104 104  54   5/6/2020 p:   17008   77556 e: -78.1 r:   9.8   
Egypt=Confirmed i: 105 105  55          . p:   18368   77556 e: -76.3 r:  10.3   
Egypt=Confirmed i: 106 106  56   5/8/2020 p:   19729   77556 e: -74.6 r:  10.9   
Egypt=Confirmed i: 107 107  57          . p:   21090   77556 e: -72.8 r:  11.6   
Egypt=Confirmed i: 108 108  58  5/10/2020 p:   22450   77556 e: -71.1 r:  12.1   
Egypt=Confirmed i: 109 109  59          . p:   22450   77556 e: -71.1 r:  12.6   
Egypt=Confirmed i: 110 110  60  5/12/2020 p:   23811   77556 e: -69.3 r:  13.0   
Egypt=Confirmed i: 111 111  61          . p:   25172   77556 e: -67.5 r:  13.4   
Egypt=Confirmed i: 112 112  62  5/14/2020 p:   26532   77556 e: -65.8 r:  14.0   
Egypt=Confirmed i: 113 113  63          . p:   26532   77556 e: -65.8 r:  14.5   
Egypt=Confirmed i: 114 114  64  5/16/2020 p:   27893   77556 e: -64.0 r:  15.1   
Egypt=Confirmed i: 115 115  65          . p:   29254   77556 e: -62.3 r:  15.8   
Egypt=Confirmed i: 116 116  66  5/18/2020 p:   29254   77556 e: -62.3 r:  16.5   
Egypt=Confirmed i: 117 117  67          . p:  102729   77556 e:  32.5 r:  17.4   
Egypt=Confirmed i: 118 118  68  5/20/2020 p:   33336   77556 e: -57.0 r:  18.3   
Egypt=Confirmed i: 119 119  69          . p:   34696   77556 e: -55.3 r:  19.3   
Egypt=Confirmed i: 120 120  70  5/22/2020 p:   37418   77556 e: -51.8 r:  20.4   
Egypt=Confirmed i: 121 121  71          . p:   38778   77556 e: -50.0 r:  21.3   
Egypt=Confirmed i: 122 122  72  5/24/2020 p:   41499   77556 e: -46.5 r:  22.3   
Egypt=Confirmed i: 123 123  73          . p:   44221   77556 e: -43.0 r:  23.2   
Egypt=Confirmed i: 124 124  74  5/26/2020 p:   45581   77556 e: -41.2 r:  24.2   
Egypt=Confirmed i: 125 125  75          . p:   48303   77556 e: -37.7 r:  25.4   
Egypt=Confirmed i: 126 126  76  5/28/2020 p:   51024   77556 e: -34.2 r:  26.8   
Egypt=Confirmed i: 127 127  77          . p:   53745   77556 e: -30.7 r:  28.5   
Egypt=Confirmed i: 128 128  78  5/30/2020 p:   57827   77556 e: -25.4 r:  30.2   
Egypt=Confirmed i: 129 129  79          . p:   63270   77556 e: -18.4 r:  32.2   
Egypt=Confirmed i: 130   0  80   6/1/2020 p:   68713   77556 e: -11.4 r:  34.0 OK 1st
Egypt=Confirmed i: 131   1  81          . p:   72795   77556 e:  -6.1 r:  35.5 OK
Egypt=Confirmed i: 132   2  82   6/3/2020 p:   78237   77556 e:   0.9 r:  36.9 OK
Egypt=Confirmed i: 133   3  83          . p:   83680   77556 e:   7.9 r:  38.4 OK
Egypt=Confirmed i: 134   4  84   6/5/2020 p:   89122   77556 e:  14.9 r:  40.1 OK
Egypt=Confirmed i: 135   5  85          . p:   94565   77556 e:  21.9 r:  42.0   
Egypt=Confirmed i: 136   6  86   6/7/2020 p:   98647   77556 e:  27.2 r:  43.9   
Egypt=Confirmed i: 137   7  87          . p:  105450   77556 e:  36.0 r:  45.7   
Egypt=Confirmed i: 138   8  88   6/9/2020 p:       0   77556 e: -100.0 r:  47.5   
