
  # Process COVID TAB data
p1= 4946 il= 138
p1= 4337 il= 137
p1= 4794 il= 136
p1= 4794 il= 135
p1= 4794 il= 134
US_Georgia_DeKalb=Confirmed nl = 139, n1= 5 s1= 4733 s2= 22443958.6 SD= 206.566212145165 frac%= 4.36438225533838
US_Georgia_DeKalb=Confirmed i:  54  54  -7  3/17/2020 p:      75    4733 e: -98.4 r:   0.3   
US_Georgia_DeKalb=Confirmed i:  55  55  -6          . p:      75    4733 e: -98.4 r:   0.4   
US_Georgia_DeKalb=Confirmed i:  56  56  -5  3/19/2020 p:      76    4733 e: -98.4 r:   0.5   
US_Georgia_DeKalb=Confirmed i:  57  57  -4          . p:    2663    4733 e: -43.7 r:   0.8   
US_Georgia_DeKalb=Confirmed i:  58  58  -3  3/21/2020 p:    3424    4733 e: -27.7 r:   0.9   
US_Georgia_DeKalb=Confirmed i:  59  59  -2          . p:    6773    4733 e:  43.1 r:   1.1   
US_Georgia_DeKalb=Confirmed i:  61  61   0          . p:    2054    4733 e: -56.6 r:   2.0   
US_Georgia_DeKalb=Confirmed i:  62  62   1  3/25/2020 p:    1598    4733 e: -66.2 r:   2.5   
US_Georgia_DeKalb=Confirmed i:  63  63   2          . p:     228    4733 e: -95.2 r:   2.7   
US_Georgia_DeKalb=Confirmed i:  64   0   3  3/27/2020 p:    4337    4733 e:  -8.4 r:   3.8 OK 1st
US_Georgia_DeKalb=Confirmed i:  67   3   6          . p:     380    4733 e: -92.0 r:   5.9   
US_Georgia_DeKalb=Confirmed i:  68   4   7  3/31/2020 p:     532    4733 e: -88.8 r:   7.1   
US_Georgia_DeKalb=Confirmed i:  69   5   8          . p:    1750    4733 e: -63.0 r:   7.7   
US_Georgia_DeKalb=Confirmed i:  70   6   9   4/2/2020 p:     601    4733 e: -87.3 r:   8.4   
US_Georgia_DeKalb=Confirmed i:  71   7  10          . p:     684    4733 e: -85.5 r:   9.5   
US_Georgia_DeKalb=Confirmed i:  72   8  11   4/4/2020 p:     989    4733 e: -79.1 r:  10.6   
US_Georgia_DeKalb=Confirmed i:  73   9  12          . p:    1293    4733 e: -72.7 r:  11.5   
US_Georgia_DeKalb=Confirmed i:  74  10  13   4/6/2020 p:    1074    4733 e: -77.3 r:  12.2   
US_Georgia_DeKalb=Confirmed i:  75  11  14          . p:    1213    4733 e: -74.4 r:  13.6   
US_Georgia_DeKalb=Confirmed i:  76  12  15   4/8/2020 p:    1445    4733 e: -69.5 r:  14.9   
US_Georgia_DeKalb=Confirmed i:  77  13  16          . p:    1598    4733 e: -66.2 r:  15.7   
US_Georgia_DeKalb=Confirmed i:  78  14  17  4/10/2020 p:    1578    4733 e: -66.7 r:  16.8   
US_Georgia_DeKalb=Confirmed i:  79  15  18          . p:    1589    4733 e: -66.4 r:  17.6   
US_Georgia_DeKalb=Confirmed i:  80  16  19  4/12/2020 p:    1574    4733 e: -66.7 r:  18.4   
US_Georgia_DeKalb=Confirmed i:  81  17  20          . p:    1755    4733 e: -62.9 r:  20.7   
US_Georgia_DeKalb=Confirmed i:  82  18  21  4/14/2020 p:    2359    4733 e: -50.2 r:  24.2   
US_Georgia_DeKalb=Confirmed i:  83  19  22          . p:    2511    4733 e: -46.9 r:  25.2   
US_Georgia_DeKalb=Confirmed i:  84  20  23  4/16/2020 p:    2663    4733 e: -43.7 r:  26.3   
US_Georgia_DeKalb=Confirmed i:  85  21  24          . p:    2968    4733 e: -37.3 r:  28.5   
US_Georgia_DeKalb=Confirmed i:  86  22  25  4/18/2020 p:    3272    4733 e: -30.9 r:  29.5   
US_Georgia_DeKalb=Confirmed i:  87  23  26          . p:    3272    4733 e: -30.9 r:  30.7   
US_Georgia_DeKalb=Confirmed i:  88  24  27  4/20/2020 p:    3092    4733 e: -34.7 r:  32.1   
US_Georgia_DeKalb=Confirmed i:  89  25  28          . p:    1742    4733 e: -63.2 r:  32.4   
US_Georgia_DeKalb=Confirmed i:  90  26  29  4/22/2020 p:    3180    4733 e: -32.8 r:  34.0   
US_Georgia_DeKalb=Confirmed i:  91  27  30          . p:    3120    4733 e: -34.1 r:  35.7   
US_Georgia_DeKalb=Confirmed i:  92  28  31  4/24/2020 p:    3120    4733 e: -34.1 r:  36.4   
US_Georgia_DeKalb=Confirmed i:  93  29  32          . p:    2968    4733 e: -37.3 r:  37.8   
US_Georgia_DeKalb=Confirmed i:  94  30  33  4/26/2020 p:    2964    4733 e: -37.4 r:  38.0   
US_Georgia_DeKalb=Confirmed i:  95  31  34          . p:    2927    4733 e: -38.2 r:  39.2   
US_Georgia_DeKalb=Confirmed i:  96  32  35  4/28/2020 p:    2937    4733 e: -37.9 r:  39.9   
US_Georgia_DeKalb=Confirmed i:  97  33  36          . p:    2968    4733 e: -37.3 r:  41.6   
US_Georgia_DeKalb=Confirmed i:  98  34  37  4/30/2020 p:    2968    4733 e: -37.3 r:  42.8   
US_Georgia_DeKalb=Confirmed i:  99  35  38          . p:    2968    4733 e: -37.3 r:  43.8   
US_Georgia_DeKalb=Confirmed i: 100  36  39   5/2/2020 p:    2968    4733 e: -37.3 r:  45.4   
US_Georgia_DeKalb=Confirmed i: 101  37  40          . p:    2968    4733 e: -37.3 r:  46.1   
US_Georgia_DeKalb=Confirmed i: 102  38  41   5/4/2020 p:    3120    4733 e: -34.1 r:  47.7   
US_Georgia_DeKalb=Confirmed i: 103  39  42          . p:    3120    4733 e: -34.1 r:  48.3   
US_Georgia_DeKalb=Confirmed i: 104  40  43   5/6/2020 p:    3120    4733 e: -34.1 r:  49.8   
US_Georgia_DeKalb=Confirmed i: 105  41  44          . p:    3272    4733 e: -30.9 r:  50.6   
US_Georgia_DeKalb=Confirmed i: 106  42  45   5/8/2020 p:    3212    4733 e: -32.1 r:  51.7   
US_Georgia_DeKalb=Confirmed i: 107  43  46          . p:    3294    4733 e: -30.4 r:  52.6   
US_Georgia_DeKalb=Confirmed i: 108  44  47  5/10/2020 p:    3328    4733 e: -29.7 r:  53.6   
US_Georgia_DeKalb=Confirmed i: 109  45  48          . p:    3234    4733 e: -31.7 r:  54.0   
US_Georgia_DeKalb=Confirmed i: 110  46  49  5/12/2020 p:    3368    4733 e: -28.8 r:  55.0   
US_Georgia_DeKalb=Confirmed i: 111  47  50          . p:    3269    4733 e: -30.9 r:  55.6   
US_Georgia_DeKalb=Confirmed i: 112  48  51  5/14/2020 p:    3264    4733 e: -31.0 r:  56.3   
US_Georgia_DeKalb=Confirmed i: 113  49  52          . p:    3424    4733 e: -27.7 r:  58.1   
US_Georgia_DeKalb=Confirmed i: 114  50  53  5/16/2020 p:    3424    4733 e: -27.7 r:  59.2   
US_Georgia_DeKalb=Confirmed i: 115  51  54          . p:    3424    4733 e: -27.7 r:  59.2   
US_Georgia_DeKalb=Confirmed i: 116  52  55  5/18/2020 p:    3576    4733 e: -24.4 r:  60.3   
US_Georgia_DeKalb=Confirmed i: 117  53  56          . p:    3576    4733 e: -24.4 r:  61.7   
US_Georgia_DeKalb=Confirmed i: 118  54  57  5/20/2020 p:    3729    4733 e: -21.2 r:  62.9   
US_Georgia_DeKalb=Confirmed i: 119  55  58          . p:    3729    4733 e: -21.2 r:  64.2   
US_Georgia_DeKalb=Confirmed i: 120  56  59  5/22/2020 p:    3729    4733 e: -21.2 r:  65.1   
US_Georgia_DeKalb=Confirmed i: 121  57  60          . p:    3729    4733 e: -21.2 r:  66.5   
US_Georgia_DeKalb=Confirmed i: 122  58  61  5/24/2020 p:    3729    4733 e: -21.2 r:  68.8   
US_Georgia_DeKalb=Confirmed i: 123  59  62          . p:    3881    4733 e: -18.0 r:  69.8   
US_Georgia_DeKalb=Confirmed i: 124  60  63  5/26/2020 p:    4033    4733 e: -14.8 r:  72.3 OK
US_Georgia_DeKalb=Confirmed i: 125  61  64          . p:    4185    4733 e: -11.6 r:  75.5 OK
US_Georgia_DeKalb=Confirmed i: 126  62  65  5/28/2020 p:    4337    4733 e:  -8.4 r:  76.8 OK
US_Georgia_DeKalb=Confirmed i: 127  63  66          . p:    4490    4733 e:  -5.1 r:  78.6 OK
US_Georgia_DeKalb=Confirmed i: 128  64  67  5/30/2020 p:    4490    4733 e:  -5.1 r:  78.8 OK
US_Georgia_DeKalb=Confirmed i: 129  65  68          . p:    4490    4733 e:  -5.1 r:  78.9 OK
US_Georgia_DeKalb=Confirmed i: 130  66  69   6/1/2020 p:    4642    4733 e:  -1.9 r:  80.2 OK
US_Georgia_DeKalb=Confirmed i: 131  67  70          . p:    4642    4733 e:  -1.9 r:  80.4 OK
US_Georgia_DeKalb=Confirmed i: 132  68  71   6/3/2020 p:    4642    4733 e:  -1.9 r:  81.9 OK
US_Georgia_DeKalb=Confirmed i: 133  69  72          . p:    4794    4733 e:   1.3 r:  83.2 OK
US_Georgia_DeKalb=Confirmed i: 134  70  73   6/5/2020 p:    4794    4733 e:   1.3 r:  84.2 OK
US_Georgia_DeKalb=Confirmed i: 135  71  74          . p:    4794    4733 e:   1.3 r:  84.7 OK
US_Georgia_DeKalb=Confirmed i: 136  72  75   6/7/2020 p:    4794    4733 e:   1.3 r:  84.8 OK
US_Georgia_DeKalb=Confirmed i: 137  73  76          . p:    4337    4733 e:  -8.4 r:  85.7 OK
US_Georgia_DeKalb=Confirmed i: 138  74  77   6/9/2020 p:    4946    4733 e:   4.5 r:  87.0 OK
