
  # Process COVID TAB data
p1= 60387 il= 138
p1= 60387 il= 137
p1= 60387 il= 136
p1= 60387 il= 135
p1= 60595 il= 134
Belgium=Confirmed nl = 139, n1= 5 s1= 60428.6 s2= 3651622620.2 SD= 83.1999999986245 frac%= 0.137683150029331
Belgium=Confirmed i:  42  42   0   3/5/2020 p:    3293   60428 e: -94.6 r:   0.1   
Belgium=Confirmed i:  43  43   1          . p:   86738   60428 e:  43.5 r:   0.2   
Belgium=Confirmed i:  44  44   2   3/7/2020 p:   31840   60428 e: -47.3 r:   0.3   
Belgium=Confirmed i:  45  45   3          . p:    1097   60428 e: -98.2 r:   0.3   
Belgium=Confirmed i:  46  46   4   3/9/2020 p:    1097   60428 e: -98.2 r:   0.4   
Belgium=Confirmed i:  47  47   5          . p:    1097   60428 e: -98.2 r:   0.4   
Belgium=Confirmed i:  48  48   6  3/11/2020 p:    1097   60428 e: -98.2 r:   0.5   
Belgium=Confirmed i:  49  49   7          . p:    1097   60428 e: -98.2 r:   0.5   
Belgium=Confirmed i:  50  50   8  3/13/2020 p:    1097   60428 e: -98.2 r:   0.9   
Belgium=Confirmed i:  51  51   9          . p:    1097   60428 e: -98.2 r:   1.1   
Belgium=Confirmed i:  52  52  10  3/15/2020 p:    3293   60428 e: -94.6 r:   1.5   
Belgium=Confirmed i:  53  53  11          . p:    3293   60428 e: -94.6 r:   1.8   
Belgium=Confirmed i:  54  54  12  3/17/2020 p:    5489   60428 e: -90.9 r:   2.1   
Belgium=Confirmed i:  55  55  13          . p:    5489   60428 e: -90.9 r:   2.5   
Belgium=Confirmed i:  56  56  14  3/19/2020 p:    5489   60428 e: -90.9 r:   3.0   
Belgium=Confirmed i:  57  57  15          . p:    7685   60428 e: -87.3 r:   3.7   
Belgium=Confirmed i:  58  58  16  3/21/2020 p:   12077   60428 e: -80.0 r:   4.7   
Belgium=Confirmed i:  59  59  17          . p:   14273   60428 e: -76.4 r:   5.6   
Belgium=Confirmed i:  60  60  18  3/23/2020 p:   16469   60428 e: -72.7 r:   6.2   
Belgium=Confirmed i:  61  61  19          . p:   16469   60428 e: -72.7 r:   7.1   
Belgium=Confirmed i:  62  62  20  3/25/2020 p:   18665   60428 e: -69.1 r:   8.2   
Belgium=Confirmed i:  63  63  21          . p:   25253   60428 e: -58.2 r:  10.3   
Belgium=Confirmed i:  64  64  22  3/27/2020 p:   34036   60428 e: -43.7 r:  12.1   
Belgium=Confirmed i:  65  65  23          . p:   47212   60428 e: -21.9 r:  15.1   
Belgium=Confirmed i:  66   0  24  3/29/2020 p:   60387   60428 e:  -0.1 r:  17.9 OK 1st
Belgium=Confirmed i:  67   1  25          . p:   71367   60428 e:  18.1 r:  19.7   
Belgium=Confirmed i:  68   2  26  3/31/2020 p:   77954   60428 e:  29.0 r:  21.1   
Belgium=Confirmed i:  69   3  27          . p:   18665   60428 e: -69.1 r:  23.1   
Belgium=Confirmed i:  70   4  28   4/2/2020 p:   86738   60428 e:  43.5 r:  25.4   
Belgium=Confirmed i:  71   5  29          . p:   25253   60428 e: -58.2 r:  27.8   
Belgium=Confirmed i:  72   6  30   4/4/2020 p:   31840   60428 e: -47.3 r:  30.5   
Belgium=Confirmed i:  73   7  31          . p:   34036   60428 e: -43.7 r:  32.6   
Belgium=Confirmed i:  74   8  32   4/6/2020 p:   34036   60428 e: -43.7 r:  34.4   
Belgium=Confirmed i:  75   9  33          . p:   36232   60428 e: -40.0 r:  36.7   
Belgium=Confirmed i:  76  10  34   4/8/2020 p:   36232   60428 e: -40.0 r:  38.7   
Belgium=Confirmed i:  77  11  35          . p:   53799   60428 e: -11.0 r:  41.3 OK
Belgium=Confirmed i:  78  12  36  4/10/2020 p:   42820   60428 e: -29.1 r:  44.1   
Belgium=Confirmed i:  79  13  37          . p:   45016   60428 e: -25.5 r:  46.4   
Belgium=Confirmed i:  80  14  38  4/12/2020 p:   71367   60428 e:  18.1 r:  49.1   
Belgium=Confirmed i:  81  15  39          . p:   49408   60428 e: -18.2 r:  50.6   
Belgium=Confirmed i:  82  16  40  4/14/2020 p:   58191   60428 e:  -3.7 r:  51.5 OK
Belgium=Confirmed i:  83  17  41          . p:   53799   60428 e: -11.0 r:  55.6 OK
Belgium=Confirmed i:  84  18  42  4/16/2020 p:   53799   60428 e: -11.0 r:  57.6 OK
Belgium=Confirmed i:  85  19  43          . p:   71367   60428 e:  18.1 r:  59.8   
Belgium=Confirmed i:  86  20  44  4/18/2020 p:   66975   60428 e:  10.8 r:  61.5 OK
Belgium=Confirmed i:  87  21  45          . p:   66975   60428 e:  10.8 r:  63.7 OK
Belgium=Confirmed i:  88  22  46  4/20/2020 p:   58191   60428 e:  -3.7 r:  66.2 OK
Belgium=Confirmed i:  89  23  47          . p:   69473   60428 e:  15.0 r:  67.8 OK
Belgium=Confirmed i:  90  24  48  4/22/2020 p:   67094   60428 e:  11.0 r:  69.3 OK
Belgium=Confirmed i:  91  25  49          . p:   63183   60428 e:   4.6 r:  70.8 OK
Belgium=Confirmed i:  92  26  50  4/24/2020 p:   67412   60428 e:  11.6 r:  73.3 OK
Belgium=Confirmed i:  93  27  51          . p:   66975   60428 e:  10.8 r:  75.0 OK
Belgium=Confirmed i:  94  28  52  4/26/2020 p:   66975   60428 e:  10.8 r:  76.3 OK
Belgium=Confirmed i:  95  29  53          . p:   62189   60428 e:   2.9 r:  77.3 OK
Belgium=Confirmed i:  96  30  54  4/28/2020 p:   64032   60428 e:   6.0 r:  78.3 OK
Belgium=Confirmed i:  97  31  55          . p:   63408   60428 e:   4.9 r:  79.2 OK
Belgium=Confirmed i:  98  32  56  4/30/2020 p:   60517   60428 e:   0.1 r:  80.3 OK
Belgium=Confirmed i:  99  33  57          . p:   60126   60428 e:  -0.5 r:  81.1 OK
Belgium=Confirmed i: 100  34  58   5/2/2020 p:   60109   60428 e:  -0.5 r:  81.9 OK
Belgium=Confirmed i: 101  35  59          . p:   63719   60428 e:   5.4 r:  82.6 OK
Belgium=Confirmed i: 102  36  60   5/4/2020 p:   59050   60428 e:  -2.3 r:  83.2 OK
Belgium=Confirmed i: 103  37  61          . p:   58062   60428 e:  -3.9 r:  83.6 OK
Belgium=Confirmed i: 104  38  62   5/6/2020 p:   58138   60428 e:  -3.8 r:  84.0 OK
Belgium=Confirmed i: 105  39  63          . p:   58191   60428 e:  -3.7 r:  85.1 OK
Belgium=Confirmed i: 106  40  64   5/8/2020 p:   58191   60428 e:  -3.7 r:  86.1 OK
Belgium=Confirmed i: 107  41  65          . p:   58191   60428 e:  -3.7 r:  87.0 OK
Belgium=Confirmed i: 108  42  66  5/10/2020 p:   58191   60428 e:  -3.7 r:  87.8 OK
Belgium=Confirmed i: 109  43  67          . p:   58191   60428 e:  -3.7 r:  88.4 OK
Belgium=Confirmed i: 110  44  68  5/12/2020 p:   58191   60428 e:  -3.7 r:  89.0 OK
Belgium=Confirmed i: 111  45  69          . p:   58191   60428 e:  -3.7 r:  89.3 OK
Belgium=Confirmed i: 112  46  70  5/14/2020 p:   58333   60428 e:  -3.5 r:  89.8 OK
Belgium=Confirmed i: 113  47  71          . p:   58162   60428 e:  -3.8 r:  90.4 OK
Belgium=Confirmed i: 114  48  72  5/16/2020 p:   58191   60428 e:  -3.7 r:  91.0 OK
Belgium=Confirmed i: 115  49  73          . p:   58191   60428 e:  -3.7 r:  91.5 OK
Belgium=Confirmed i: 116  50  74  5/18/2020 p:   58191   60428 e:  -3.7 r:  91.9 OK
Belgium=Confirmed i: 117  51  75          . p:   59025   60428 e:  -2.3 r:  92.3 OK
Belgium=Confirmed i: 118  52  76  5/20/2020 p:   58883   60428 e:  -2.6 r:  92.6 OK
Belgium=Confirmed i: 119  53  77          . p:   58954   60428 e:  -2.4 r:  93.1 OK
Belgium=Confirmed i: 120  54  78  5/22/2020 p:   60387   60428 e:  -0.1 r:  93.5 OK
Belgium=Confirmed i: 121  55  79          . p:   60387   60428 e:  -0.1 r:  94.0 OK
Belgium=Confirmed i: 122  56  80  5/24/2020 p:   60387   60428 e:  -0.1 r:  94.5 OK
Belgium=Confirmed i: 123  57  81          . p:   60387   60428 e:  -0.1 r:  94.9 OK
Belgium=Confirmed i: 124  58  82  5/26/2020 p:   60387   60428 e:  -0.1 r:  95.1 OK
Belgium=Confirmed i: 125  59  83          . p:   59940   60428 e:  -0.8 r:  95.3 OK
Belgium=Confirmed i: 126  60  84  5/28/2020 p:   60040   60428 e:  -0.6 r:  95.7 OK
Belgium=Confirmed i: 127  61  85          . p:   60387   60428 e:  -0.1 r:  96.1 OK
Belgium=Confirmed i: 128  62  86  5/30/2020 p:   60387   60428 e:  -0.1 r:  96.3 OK
Belgium=Confirmed i: 129  63  87          . p:   60387   60428 e:  -0.1 r:  96.6 OK
Belgium=Confirmed i: 130  64  88   6/1/2020 p:   59905   60428 e:  -0.9 r:  96.8 OK
Belgium=Confirmed i: 131  65  89          . p:   60765   60428 e:   0.6 r:  97.0 OK
Belgium=Confirmed i: 132  66  90   6/3/2020 p:   60779   60428 e:   0.6 r:  97.1 OK
Belgium=Confirmed i: 133  67  91          . p:   60779   60428 e:   0.6 r:  97.3 OK
Belgium=Confirmed i: 134  68  92   6/5/2020 p:   60595   60428 e:   0.3 r:  97.5 OK
Belgium=Confirmed i: 135  69  93          . p:   60387   60428 e:  -0.1 r:  97.8 OK
Belgium=Confirmed i: 136  70  94   6/7/2020 p:   60387   60428 e:  -0.1 r:  98.0 OK
Belgium=Confirmed i: 137  71  95          . p:   60387   60428 e:  -0.1 r:  98.2 OK
Belgium=Confirmed i: 138  72  96   6/9/2020 p:   60387   60428 e:  -0.1 r:  98.4 OK
