
  # Process COVID TAB data
p1= 493 il= 138
p1= 493 il= 137
p1= 493 il= 136
p1= 493 il= 135
p1= 493 il= 134
US_Illinois_DuPage=Deaths nl = 139, n1= 5 s1= 493 s2= 243049 SD= 0 frac%= 0
US_Illinois_DuPage=Deaths i:  70  70  -2   4/2/2020 p:      22     493 e: -95.5 r:   2.8   
US_Illinois_DuPage=Deaths i:  71  71  -1          . p:      22     493 e: -95.5 r:   3.2   
US_Illinois_DuPage=Deaths i:  72  72   0   4/4/2020 p:      22     493 e: -95.5 r:   3.7   
US_Illinois_DuPage=Deaths i:  73  73   1          . p:     250     493 e: -49.3 r:   4.5   
US_Illinois_DuPage=Deaths i:  74  74   2   4/6/2020 p:      37     493 e: -92.5 r:   4.5   
US_Illinois_DuPage=Deaths i:  75  75   3          . p:      35     493 e: -92.9 r:   5.3   
US_Illinois_DuPage=Deaths i:  76  76   4   4/8/2020 p:      53     493 e: -89.2 r:   6.1   
US_Illinois_DuPage=Deaths i:  77  77   5          . p:      68     493 e: -86.2 r:   7.1   
US_Illinois_DuPage=Deaths i:  78  78   6  4/10/2020 p:      83     493 e: -83.2 r:   8.3   
US_Illinois_DuPage=Deaths i:  79  79   7          . p:      98     493 e: -80.1 r:   9.3   
US_Illinois_DuPage=Deaths i:  80  80   8  4/12/2020 p:      98     493 e: -80.1 r:  10.1   
US_Illinois_DuPage=Deaths i:  81  81   9          . p:     129     493 e: -73.8 r:  11.4   
US_Illinois_DuPage=Deaths i:  82  82  10  4/14/2020 p:     129     493 e: -73.8 r:  12.4   
US_Illinois_DuPage=Deaths i:  83  83  11          . p:     129     493 e: -73.8 r:  13.4   
US_Illinois_DuPage=Deaths i:  84  84  12  4/16/2020 p:     103     493 e: -79.1 r:  14.0   
US_Illinois_DuPage=Deaths i:  85  85  13          . p:     150     493 e: -69.6 r:  15.6   
US_Illinois_DuPage=Deaths i:  86  86  14  4/18/2020 p:     158     493 e: -68.0 r:  16.6   
US_Illinois_DuPage=Deaths i:  87  87  15          . p:     149     493 e: -69.8 r:  17.2   
US_Illinois_DuPage=Deaths i:  88  88  16  4/20/2020 p:     149     493 e: -69.8 r:  18.3   
US_Illinois_DuPage=Deaths i:  89  89  17          . p:     200     493 e: -59.4 r:  19.9   
US_Illinois_DuPage=Deaths i:  90  90  18  4/22/2020 p:     204     493 e: -58.6 r:  20.9   
US_Illinois_DuPage=Deaths i:  91  91  19          . p:     356     493 e: -27.8 r:  23.9   
US_Illinois_DuPage=Deaths i:  92  92  20  4/24/2020 p:     417     493 e: -15.4 r:  25.4   
US_Illinois_DuPage=Deaths i:  93  93  21          . p:     417     493 e: -15.4 r:  25.8   
US_Illinois_DuPage=Deaths i:  94  94  22  4/26/2020 p:     356     493 e: -27.8 r:  26.6   
US_Illinois_DuPage=Deaths i:  95  95  23          . p:     136     493 e: -72.4 r:  27.0   
US_Illinois_DuPage=Deaths i:  96  96  24  4/28/2020 p:     285     493 e: -42.2 r:  28.2   
US_Illinois_DuPage=Deaths i:  97  97  25          . p:     265     493 e: -46.2 r:  28.8   
US_Illinois_DuPage=Deaths i:  98  98  26  4/30/2020 p:     330     493 e: -33.1 r:  33.1   
US_Illinois_DuPage=Deaths i:  99  99  27          . p:     397     493 e: -19.5 r:  35.3   
US_Illinois_DuPage=Deaths i: 100   0  28   5/2/2020 p:     478     493 e:  -3.0 r:  38.1 OK 1st
US_Illinois_DuPage=Deaths i: 101   1  29          . p:     508     493 e:   3.0 r:  38.9 OK
US_Illinois_DuPage=Deaths i: 102   2  30   5/4/2020 p:     508     493 e:   3.0 r:  39.8 OK
US_Illinois_DuPage=Deaths i: 103   3  31          . p:     508     493 e:   3.0 r:  42.0 OK
US_Illinois_DuPage=Deaths i: 104   4  32   5/6/2020 p:     538     493 e:   9.1 r:  44.6 OK
US_Illinois_DuPage=Deaths i: 105   5  33          . p:     554     493 e:  12.4 r:  46.2 OK
US_Illinois_DuPage=Deaths i: 106   6  34   5/8/2020 p:     599     493 e:  21.5 r:  47.9   
US_Illinois_DuPage=Deaths i: 107   7  35          . p:     584     493 e:  18.5 r:  50.1   
US_Illinois_DuPage=Deaths i: 108   8  36  5/10/2020 p:     582     493 e:  18.1 r:  50.3   
US_Illinois_DuPage=Deaths i: 109   9  37          . p:     311     493 e: -36.9 r:  50.9   
US_Illinois_DuPage=Deaths i: 110  10  38  5/12/2020 p:     276     493 e: -44.0 r:  52.3   
US_Illinois_DuPage=Deaths i: 111  11  39          . p:     383     493 e: -22.3 r:  55.0   
US_Illinois_DuPage=Deaths i: 112  12  40  5/14/2020 p:     554     493 e:  12.4 r:  56.6 OK
US_Illinois_DuPage=Deaths i: 113  13  41          . p:     554     493 e:  12.4 r:  58.2 OK
US_Illinois_DuPage=Deaths i: 114  14  42  5/16/2020 p:     554     493 e:  12.4 r:  59.4 OK
US_Illinois_DuPage=Deaths i: 115  15  43          . p:     554     493 e:  12.4 r:  60.4 OK
US_Illinois_DuPage=Deaths i: 116  16  44  5/18/2020 p:     537     493 e:   8.9 r:  60.9 OK
US_Illinois_DuPage=Deaths i: 117  17  45          . p:     553     493 e:  12.2 r:  63.9 OK
US_Illinois_DuPage=Deaths i: 118  18  46  5/20/2020 p:     554     493 e:  12.4 r:  66.1 OK
US_Illinois_DuPage=Deaths i: 119  19  47          . p:     554     493 e:  12.4 r:  67.3 OK
US_Illinois_DuPage=Deaths i: 120  20  48  5/22/2020 p:     554     493 e:  12.4 r:  68.4 OK
US_Illinois_DuPage=Deaths i: 121  21  49          . p:     567     493 e:  15.0 r:  68.8   
US_Illinois_DuPage=Deaths i: 122  22  50  5/24/2020 p:     549     493 e:  11.4 r:  69.0 OK
US_Illinois_DuPage=Deaths i: 123  23  51          . p:     538     493 e:   9.1 r:  69.0 OK
US_Illinois_DuPage=Deaths i: 124  24  52  5/26/2020 p:     521     493 e:   5.7 r:  69.0 OK
US_Illinois_DuPage=Deaths i: 125  25  53          . p:     508     493 e:   3.0 r:  70.4 OK
US_Illinois_DuPage=Deaths i: 126  26  54  5/28/2020 p:     508     493 e:   3.0 r:  71.0 OK
US_Illinois_DuPage=Deaths i: 127  27  55          . p:     432     493 e: -12.4 r:  73.4 OK
US_Illinois_DuPage=Deaths i: 128  28  56  5/30/2020 p:     493     493 e:   0.0 r:  74.6 OK
US_Illinois_DuPage=Deaths i: 129  29  57          . p:     493     493 e:   0.0 r:  75.7 OK
US_Illinois_DuPage=Deaths i: 130  30  58   6/1/2020 p:     493     493 e:   0.0 r:  75.9 OK
US_Illinois_DuPage=Deaths i: 131  31  59          . p:     493     493 e:   0.0 r:  77.1 OK
US_Illinois_DuPage=Deaths i: 132  32  60   6/3/2020 p:     462     493 e:  -6.3 r:  77.7 OK
US_Illinois_DuPage=Deaths i: 133  33  61          . p:     493     493 e:   0.0 r:  79.5 OK
US_Illinois_DuPage=Deaths i: 134  34  62   6/5/2020 p:     493     493 e:   0.0 r:  79.9 OK
US_Illinois_DuPage=Deaths i: 135  35  63          . p:     493     493 e:   0.0 r:  81.1 OK
US_Illinois_DuPage=Deaths i: 136  36  64   6/7/2020 p:     493     493 e:   0.0 r:  81.9 OK
US_Illinois_DuPage=Deaths i: 137  37  65          . p:     493     493 e:   0.0 r:  82.4 OK
US_Illinois_DuPage=Deaths i: 138  38  66   6/9/2020 p:     493     493 e:   0.0 r:  83.4 OK
