
  # Process COVID TAB data
p1= 7396 il= 138
p1= 7396 il= 137
p1= 7396 il= 136
p1= 7396 il= 135
p1= 7396 il= 134
Finland=Confirmed nl = 139, n1= 5 s1= 7396 s2= 54700816 SD= 0 frac%= 0
Finland=Confirmed i:  41  41  -8          . p:     129    7396 e: -98.3 r:   0.1   
Finland=Confirmed i:  42  42  -7   3/5/2020 p:    5320    7396 e: -28.1 r:   0.2   
Finland=Confirmed i:  43  43  -6          . p:    2206    7396 e: -70.2 r:   0.2   
Finland=Confirmed i:  44  44  -5   3/7/2020 p:     129    7396 e: -98.3 r:   0.2   
Finland=Confirmed i:  45  45  -4          . p:     129    7396 e: -98.3 r:   0.3   
Finland=Confirmed i:  46  46  -3   3/9/2020 p:     129    7396 e: -98.3 r:   0.4   
Finland=Confirmed i:  47  47  -2          . p:     389    7396 e: -94.7 r:   0.5   
Finland=Confirmed i:  48  48  -1  3/11/2020 p:       0    7396 e: -100.0 r:   0.8   
Finland=Confirmed i:  49  49   0          . p:     389    7396 e: -94.7 r:   0.8   
Finland=Confirmed i:  53  53   4          . p:     389    7396 e: -94.7 r:   3.7   
Finland=Confirmed i:  54  54   5  3/17/2020 p:     389    7396 e: -94.7 r:   4.3   
Finland=Confirmed i:  55  55   6          . p:     389    7396 e: -94.7 r:   4.5   
Finland=Confirmed i:  56  56   7  3/19/2020 p:     648    7396 e: -91.2 r:   5.4   
Finland=Confirmed i:  57  57   8          . p:     648    7396 e: -91.2 r:   6.1   
Finland=Confirmed i:  58  58   9  3/21/2020 p:     908    7396 e: -87.7 r:   7.1   
Finland=Confirmed i:  59  59  10          . p:    1167    7396 e: -84.2 r:   8.5   
Finland=Confirmed i:  60  60  11  3/23/2020 p:    1427    7396 e: -80.7 r:   9.5   
Finland=Confirmed i:  61  61  12          . p:    1427    7396 e: -80.7 r:  10.7   
Finland=Confirmed i:  62  62  13  3/25/2020 p:    1946    7396 e: -73.7 r:  11.9   
Finland=Confirmed i:  63  63  14          . p:    1946    7396 e: -73.7 r:  13.0   
Finland=Confirmed i:  64  64  15  3/27/2020 p:    2206    7396 e: -70.2 r:  14.1   
Finland=Confirmed i:  65  65  16          . p:    2465    7396 e: -66.7 r:  15.8   
Finland=Confirmed i:  66  66  17  3/29/2020 p:    2465    7396 e: -66.7 r:  16.8   
Finland=Confirmed i:  67  67  18          . p:    2725    7396 e: -63.2 r:  18.3   
Finland=Confirmed i:  68  68  19  3/31/2020 p:    2725    7396 e: -63.2 r:  19.2   
Finland=Confirmed i:  69  69  20          . p:    2725    7396 e: -63.2 r:  19.6   
Finland=Confirmed i:  70  70  21   4/2/2020 p:    2465    7396 e: -66.7 r:  20.5   
Finland=Confirmed i:  71  71  22          . p:    2465    7396 e: -66.7 r:  21.8   
Finland=Confirmed i:  72  72  23   4/4/2020 p:    3244    7396 e: -56.1 r:  25.4   
Finland=Confirmed i:  73  73  24          . p:    3244    7396 e: -56.1 r:  26.1   
Finland=Confirmed i:  74  74  25   4/6/2020 p:    3763    7396 e: -49.1 r:  29.4   
Finland=Confirmed i:  75  75  26          . p:    4282    7396 e: -42.1 r:  31.2   
Finland=Confirmed i:  76  76  27   4/8/2020 p:    4541    7396 e: -38.6 r:  33.6   
Finland=Confirmed i:  77  77  28          . p:    4801    7396 e: -35.1 r:  35.2   
Finland=Confirmed i:  78  78  29  4/10/2020 p:    5061    7396 e: -31.6 r:  37.4   
Finland=Confirmed i:  79  79  30          . p:    5320    7396 e: -28.1 r:  39.3   
Finland=Confirmed i:  80  80  31  4/12/2020 p:    5580    7396 e: -24.6 r:  40.2   
Finland=Confirmed i:  81  81  32          . p:    5580    7396 e: -24.6 r:  41.4   
Finland=Confirmed i:  82  82  33  4/14/2020 p:    5580    7396 e: -24.6 r:  42.7   
Finland=Confirmed i:  83  83  34          . p:    3763    7396 e: -49.1 r:  43.8   
Finland=Confirmed i:  84  84  35  4/16/2020 p:    5580    7396 e: -24.6 r:  45.6   
Finland=Confirmed i:  85  85  36          . p:    5580    7396 e: -24.6 r:  47.2   
Finland=Confirmed i:  86  86  37  4/18/2020 p:    5839    7396 e: -21.1 r:  49.8   
Finland=Confirmed i:  87  87  38          . p:    5839    7396 e: -21.1 r:  51.1   
Finland=Confirmed i:  88  88  39  4/20/2020 p:    5839    7396 e: -21.1 r:  52.3   
Finland=Confirmed i:  89  89  40          . p:    6099    7396 e: -17.5 r:  54.3   
Finland=Confirmed i:  90  90  41  4/22/2020 p:    6099    7396 e: -17.5 r:  55.8   
Finland=Confirmed i:  91   0  42          . p:    6358    7396 e: -14.0 r:  57.9 OK 1st
Finland=Confirmed i:  92   1  43  4/24/2020 p:    6358    7396 e: -14.0 r:  59.4 OK
Finland=Confirmed i:  93   2  44          . p:    6358    7396 e: -14.0 r:  60.5 OK
Finland=Confirmed i:  94   3  45  4/26/2020 p:    6499    7396 e: -12.1 r:  61.9 OK
Finland=Confirmed i:  95   4  46          . p:    7477    7396 e:   1.1 r:  63.5 OK
Finland=Confirmed i:  96   5  47  4/28/2020 p:    7416    7396 e:   0.3 r:  64.1 OK
Finland=Confirmed i:  97   6  48          . p:    6877    7396 e:  -7.0 r:  66.3 OK
Finland=Confirmed i:  98   7  49  4/30/2020 p:    6877    7396 e:  -7.0 r:  67.5 OK
Finland=Confirmed i:  99   8  50          . p:    7412    7396 e:   0.2 r:  68.3 OK
Finland=Confirmed i: 100   9  51   5/2/2020 p:    7417    7396 e:   0.3 r:  70.0 OK
Finland=Confirmed i: 101  10  52          . p:    7472    7396 e:   1.0 r:  71.0 OK
Finland=Confirmed i: 102  11  53   5/4/2020 p:    7470    7396 e:   1.0 r:  72.0 OK
Finland=Confirmed i: 103  12  54          . p:    7434    7396 e:   0.5 r:  73.2 OK
Finland=Confirmed i: 104  13  55   5/6/2020 p:    7656    7396 e:   3.5 r:  75.4 OK
Finland=Confirmed i: 105  14  56          . p:    7656    7396 e:   3.5 r:  76.7 OK
Finland=Confirmed i: 106  15  57   5/8/2020 p:    7656    7396 e:   3.5 r:  77.6 OK
Finland=Confirmed i: 107  16  58          . p:    7656    7396 e:   3.5 r:  79.5 OK
Finland=Confirmed i: 108  17  59  5/10/2020 p:    7915    7396 e:   7.0 r:  80.6 OK
Finland=Confirmed i: 109  18  60          . p:    7915    7396 e:   7.0 r:  80.9 OK
Finland=Confirmed i: 110  19  61  5/12/2020 p:    7831    7396 e:   5.9 r:  81.2 OK
Finland=Confirmed i: 111  20  62          . p:    7859    7396 e:   6.3 r:  81.9 OK
Finland=Confirmed i: 112  21  63  5/14/2020 p:    7754    7396 e:   4.8 r:  83.1 OK
Finland=Confirmed i: 113  22  64          . p:    7656    7396 e:   3.5 r:  84.2 OK
Finland=Confirmed i: 114  23  65  5/16/2020 p:    7656    7396 e:   3.5 r:  85.0 OK
Finland=Confirmed i: 115  24  66          . p:    7915    7396 e:   7.0 r:  85.8 OK
Finland=Confirmed i: 116  25  67  5/18/2020 p:    7656    7396 e:   3.5 r:  86.3 OK
Finland=Confirmed i: 117  26  68          . p:    7656    7396 e:   3.5 r:  86.5 OK
Finland=Confirmed i: 118  27  69  5/20/2020 p:    7783    7396 e:   5.2 r:  87.1 OK
Finland=Confirmed i: 119  28  70          . p:    7675    7396 e:   3.8 r:  87.8 OK
Finland=Confirmed i: 120  29  71  5/22/2020 p:    7656    7396 e:   3.5 r:  88.4 OK
Finland=Confirmed i: 121  30  72          . p:    7656    7396 e:   3.5 r:  88.8 OK
Finland=Confirmed i: 122  31  73  5/24/2020 p:    7586    7396 e:   2.6 r:  89.0 OK
Finland=Confirmed i: 123  32  74          . p:    7549    7396 e:   2.1 r:  89.2 OK
Finland=Confirmed i: 124  33  75  5/26/2020 p:    7517    7396 e:   1.6 r:  89.6 OK
Finland=Confirmed i: 125  34  76          . p:    7443    7396 e:   0.6 r:  90.5 OK
Finland=Confirmed i: 126  35  77  5/28/2020 p:    7396    7396 e:   0.0 r:  91.2 OK
Finland=Confirmed i: 127  36  78          . p:    7396    7396 e:   0.0 r:  91.6 OK
Finland=Confirmed i: 128  37  79  5/30/2020 p:    7396    7396 e:   0.0 r:  92.3 OK
Finland=Confirmed i: 129  38  80          . p:    7396    7396 e:   0.0 r:  92.7 OK
Finland=Confirmed i: 130  39  81   6/1/2020 p:    7396    7396 e:   0.0 r:  93.1 OK
Finland=Confirmed i: 131  40  82          . p:    7396    7396 e:   0.0 r:  93.1 OK
Finland=Confirmed i: 132  41  83   6/3/2020 p:    7472    7396 e:   1.0 r:  93.4 OK
Finland=Confirmed i: 133  42  84          . p:    7448    7396 e:   0.7 r:  93.4 OK
Finland=Confirmed i: 134  43  85   6/5/2020 p:    7396    7396 e:   0.0 r:  93.8 OK
Finland=Confirmed i: 135  44  86          . p:    7396    7396 e:   0.0 r:  94.2 OK
Finland=Confirmed i: 136  45  87   6/7/2020 p:    7396    7396 e:   0.0 r:  94.4 OK
Finland=Confirmed i: 137  46  88          . p:    7396    7396 e:   0.0 r:  94.7 OK
Finland=Confirmed i: 138  47  89   6/9/2020 p:    7396    7396 e:   0.0 r:  95.0 OK
