
  # Process COVID TAB data
p1= 31277 il= 138
p1= 31277 il= 137
p1= 31383 il= 136
p1= 31383 il= 135
p1= 31383 il= 134
Italy_Piemonte=Confirmed nl = 139, n1= 5 s1= 31340.6 s2= 982235905 SD= 51.9291825480134 frac%= 0.165693006987784
Italy_Piemonte=Confirmed i:  40  40  -1   3/3/2020 p:     561   31340 e: -98.2 r:   0.2   
Italy_Piemonte=Confirmed i:  43  43   2          . p:     570   31340 e: -98.2 r:   0.5   
Italy_Piemonte=Confirmed i:  44  44   3   3/7/2020 p:     570   31340 e: -98.2 r:   0.7   
Italy_Piemonte=Confirmed i:  45  45   4          . p:    1711   31340 e: -94.5 r:   0.9   
Italy_Piemonte=Confirmed i:  46  46   5   3/9/2020 p:    1711   31340 e: -94.5 r:   1.1   
Italy_Piemonte=Confirmed i:  47  47   6          . p:    1711   31340 e: -94.5 r:   1.4   
Italy_Piemonte=Confirmed i:  48  48   7  3/11/2020 p:    2853   31340 e: -90.9 r:   1.6   
Italy_Piemonte=Confirmed i:  49  49   8          . p:    1711   31340 e: -94.5 r:   1.9   
Italy_Piemonte=Confirmed i:  50  50   9  3/13/2020 p:    6276   31340 e: -80.0 r:   2.7   
Italy_Piemonte=Confirmed i:  51  51  10          . p:    5596   31340 e: -82.1 r:   2.8   
Italy_Piemonte=Confirmed i:  52  52  11  3/15/2020 p:    7418   31340 e: -76.3 r:   3.5   
Italy_Piemonte=Confirmed i:  53  53  12          . p:    7418   31340 e: -76.3 r:   4.8   
Italy_Piemonte=Confirmed i:  54  54  13  3/17/2020 p:   11982   31340 e: -61.8 r:   6.1   
Italy_Piemonte=Confirmed i:  55  55  14          . p:   18830   31340 e: -39.9 r:   7.5   
Italy_Piemonte=Confirmed i:  56   0  15  3/19/2020 p:   29101   31340 e:  -7.1 r:   9.4 OK 1st
Italy_Piemonte=Confirmed i:  57   1  16          . p:   15406   31340 e: -50.8 r:  11.0   
Italy_Piemonte=Confirmed i:  58   2  17  3/21/2020 p:    6276   31340 e: -80.0 r:  12.0   
Italy_Piemonte=Confirmed i:  59   3  18          . p:    9700   31340 e: -69.0 r:  14.1   
Italy_Piemonte=Confirmed i:  60   4  19  3/23/2020 p:    9700   31340 e: -69.0 r:  15.5   
Italy_Piemonte=Confirmed i:  61   5  20          . p:   11982   31340 e: -61.8 r:  17.6   
Italy_Piemonte=Confirmed i:  62   6  21  3/25/2020 p:   11982   31340 e: -61.8 r:  19.2   
Italy_Piemonte=Confirmed i:  63   7  22          . p:   11982   31340 e: -61.8 r:  20.8   
Italy_Piemonte=Confirmed i:  64   8  23  3/27/2020 p:   12482   31340 e: -60.2 r:  22.6   
Italy_Piemonte=Confirmed i:  65   9  24          . p:   14104   31340 e: -55.0 r:  24.5   
Italy_Piemonte=Confirmed i:  66  10  25  3/29/2020 p:   14060   31340 e: -55.1 r:  26.2   
Italy_Piemonte=Confirmed i:  67  11  26          . p:   14321   31340 e: -54.3 r:  27.8   
Italy_Piemonte=Confirmed i:  68  12  27  3/31/2020 p:   18081   31340 e: -42.3 r:  29.7   
Italy_Piemonte=Confirmed i:  69  13  28          . p:   15408   31340 e: -50.8 r:  31.3   
Italy_Piemonte=Confirmed i:  70  14  29   4/2/2020 p:   16647   31340 e: -46.9 r:  33.0   
Italy_Piemonte=Confirmed i:  71  15  30          . p:   20361   31340 e: -35.0 r:  34.8   
Italy_Piemonte=Confirmed i:  72  16  31   4/4/2020 p:   17689   31340 e: -43.6 r:  37.4   
Italy_Piemonte=Confirmed i:  73  17  32          . p:   24536   31340 e: -21.7 r:  39.4   
Italy_Piemonte=Confirmed i:  74  18  33   4/6/2020 p:   19971   31340 e: -36.3 r:  41.2   
Italy_Piemonte=Confirmed i:  75  19  34          . p:   20528   31340 e: -34.5 r:  42.6   
Italy_Piemonte=Confirmed i:  76  20  35   4/8/2020 p:   26087   31340 e: -16.8 r:  44.3   
Italy_Piemonte=Confirmed i:  77  21  36          . p:   22053   31340 e: -29.6 r:  46.3   
Italy_Piemonte=Confirmed i:  78  22  37  4/10/2020 p:   22254   31340 e: -29.0 r:  47.9   
Italy_Piemonte=Confirmed i:  79  23  38          . p:   23395   31340 e: -25.4 r:  51.1   
Italy_Piemonte=Confirmed i:  80  24  39  4/12/2020 p:   26819   31340 e: -14.4 r:  53.2 OK
Italy_Piemonte=Confirmed i:  81  25  40          . p:   25677   31340 e: -18.1 r:  54.7   
Italy_Piemonte=Confirmed i:  82  26  41  4/14/2020 p:   26819   31340 e: -14.4 r:  56.4 OK
Italy_Piemonte=Confirmed i:  83  27  42          . p:   27241   31340 e: -13.1 r:  58.2 OK
Italy_Piemonte=Confirmed i:  84  28  43  4/16/2020 p:   27960   31340 e: -10.8 r:  61.0 OK
Italy_Piemonte=Confirmed i:  85  29  44          . p:   27960   31340 e: -10.8 r:  63.2 OK
Italy_Piemonte=Confirmed i:  86  30  45  4/18/2020 p:   29101   31340 e:  -7.1 r:  65.3 OK
Italy_Piemonte=Confirmed i:  87  31  46          . p:   30242   31340 e:  -3.5 r:  67.2 OK
Italy_Piemonte=Confirmed i:  88  32  47  4/20/2020 p:   30188   31340 e:  -3.7 r:  68.1 OK
Italy_Piemonte=Confirmed i:  89  33  48          . p:   30684   31340 e:  -2.1 r:  70.1 OK
Italy_Piemonte=Confirmed i:  90  34  49  4/22/2020 p:   31135   31340 e:  -0.7 r:  72.6 OK
Italy_Piemonte=Confirmed i:  91  35  50          . p:   31383   31340 e:   0.1 r:  73.8 OK
Italy_Piemonte=Confirmed i:  92  36  51  4/24/2020 p:   32525   31340 e:   3.8 r:  76.0 OK
Italy_Piemonte=Confirmed i:  93  37  52          . p:   32525   31340 e:   3.8 r:  77.9 OK
Italy_Piemonte=Confirmed i:  94  38  53  4/26/2020 p:   33236   31340 e:   6.0 r:  79.2 OK
Italy_Piemonte=Confirmed i:  95  39  54          . p:   33192   31340 e:   5.9 r:  80.1 OK
Italy_Piemonte=Confirmed i:  96  40  55  4/28/2020 p:   33461   31340 e:   6.8 r:  81.2 OK
Italy_Piemonte=Confirmed i:  97  41  56          . p:   33483   31340 e:   6.8 r:  82.5 OK
Italy_Piemonte=Confirmed i:  98  42  57  4/30/2020 p:   33666   31340 e:   7.4 r:  83.9 OK
Italy_Piemonte=Confirmed i:  99  43  58          . p:   33666   31340 e:   7.4 r:  85.1 OK
Italy_Piemonte=Confirmed i: 100  44  59   5/2/2020 p:   33666   31340 e:   7.4 r:  86.7 OK
Italy_Piemonte=Confirmed i: 101  45  60          . p:   33666   31340 e:   7.4 r:  87.5 OK
Italy_Piemonte=Confirmed i: 102  46  61   5/4/2020 p:   33735   31340 e:   7.6 r:  88.1 OK
Italy_Piemonte=Confirmed i: 103  47  62          . p:   33746   31340 e:   7.7 r:  88.6 OK
Italy_Piemonte=Confirmed i: 104  48  63   5/6/2020 p:   33802   31340 e:   7.9 r:  89.1 OK
Italy_Piemonte=Confirmed i: 105  49  64          . p:   33466   31340 e:   6.8 r:  89.8 OK
Italy_Piemonte=Confirmed i: 106  50  65   5/8/2020 p:   33666   31340 e:   7.4 r:  90.5 OK
Italy_Piemonte=Confirmed i: 107  51  66          . p:   33666   31340 e:   7.4 r:  91.1 OK
Italy_Piemonte=Confirmed i: 108  52  67  5/10/2020 p:   33666   31340 e:   7.4 r:  91.5 OK
Italy_Piemonte=Confirmed i: 109  53  68          . p:   33199   31340 e:   5.9 r:  91.8 OK
Italy_Piemonte=Confirmed i: 110  54  69  5/12/2020 p:   32869   31340 e:   4.9 r:  92.2 OK
Italy_Piemonte=Confirmed i: 111  55  70          . p:   32748   31340 e:   4.5 r:  92.7 OK
Italy_Piemonte=Confirmed i: 112  56  71  5/14/2020 p:   32525   31340 e:   3.8 r:  93.2 OK
Italy_Piemonte=Confirmed i: 113  57  72          . p:   32525   31340 e:   3.8 r:  93.6 OK
Italy_Piemonte=Confirmed i: 114  58  73  5/16/2020 p:   32525   31340 e:   3.8 r:  94.1 OK
Italy_Piemonte=Confirmed i: 115  59  74          . p:   32525   31340 e:   3.8 r:  94.3 OK
Italy_Piemonte=Confirmed i: 116  60  75  5/18/2020 p:   32229   31340 e:   2.8 r:  94.5 OK
Italy_Piemonte=Confirmed i: 117  61  76          . p:   30622   31340 e:  -2.3 r:  94.9 OK
Italy_Piemonte=Confirmed i: 118  62  77  5/20/2020 p:   31037   31340 e:  -1.0 r:  95.4 OK
Italy_Piemonte=Confirmed i: 119  63  78          . p:   31383   31340 e:   0.1 r:  95.7 OK
Italy_Piemonte=Confirmed i: 120  64  79  5/22/2020 p:   31383   31340 e:   0.1 r:  96.0 OK
Italy_Piemonte=Confirmed i: 121  65  80          . p:   31383   31340 e:   0.1 r:  96.2 OK
Italy_Piemonte=Confirmed i: 122  66  81  5/24/2020 p:   31908   31340 e:   1.8 r:  96.3 OK
Italy_Piemonte=Confirmed i: 123  67  82          . p:   31272   31340 e:  -0.2 r:  96.4 OK
Italy_Piemonte=Confirmed i: 124  68  83  5/26/2020 p:   31224   31340 e:  -0.4 r:  96.7 OK
Italy_Piemonte=Confirmed i: 125  69  84          . p:   31383   31340 e:   0.1 r:  97.0 OK
Italy_Piemonte=Confirmed i: 126  70  85  5/28/2020 p:   31383   31340 e:   0.1 r:  97.1 OK
Italy_Piemonte=Confirmed i: 127  71  86          . p:   31383   31340 e:   0.1 r:  97.3 OK
Italy_Piemonte=Confirmed i: 128  72  87  5/30/2020 p:   31383   31340 e:   0.1 r:  97.6 OK
Italy_Piemonte=Confirmed i: 129  73  88          . p:   31383   31340 e:   0.1 r:  97.8 OK
Italy_Piemonte=Confirmed i: 130  74  89   6/1/2020 p:   31415   31340 e:   0.2 r:  97.8 OK
Italy_Piemonte=Confirmed i: 131  75  90          . p:   31555   31340 e:   0.7 r:  98.0 OK
Italy_Piemonte=Confirmed i: 132  76  91   6/3/2020 p:   31591   31340 e:   0.8 r:  98.1 OK
Italy_Piemonte=Confirmed i: 133  77  92          . p:   31277   31340 e:  -0.2 r:  98.1 OK
Italy_Piemonte=Confirmed i: 134  78  93   6/5/2020 p:   31383   31340 e:   0.1 r:  98.3 OK
Italy_Piemonte=Confirmed i: 135  79  94          . p:   31383   31340 e:   0.1 r:  98.4 OK
Italy_Piemonte=Confirmed i: 136  80  95   6/7/2020 p:   31383   31340 e:   0.1 r:  98.5 OK
Italy_Piemonte=Confirmed i: 137  81  96          . p:   31277   31340 e:  -0.2 r:  98.5 OK
Italy_Piemonte=Confirmed i: 138  82  97   6/9/2020 p:   31277   31340 e:  -0.2 r:  98.6 OK
