
  # Process COVID TAB data
p1= 25617 il= 138
p1= 24622 il= 137
p1= 24125 il= 136
p1= 23627 il= 135
p1= 23627 il= 134
Nigeria=Confirmed nl = 139, n1= 5 s1= 24323.6 s2= 592191891.2 SD= 744.563120225632 frac%= 3.06107286843079
Nigeria=Confirmed i:  50  50 -15  3/13/2020 p:   17778   24323 e: -26.9 r:   0.0   
Nigeria=Confirmed i:  51  51 -14          . p:       0   24323 e: -100.0 r:   0.0   
Nigeria=Confirmed i:  52   0 -13  3/15/2020 p:   20930   24323 e: -14.0 r:   0.0 OK 1st
Nigeria=Confirmed i:  53   1 -12          . p:   20930   24323 e: -14.0 r:   0.0 OK
Nigeria=Confirmed i:  54   2 -11  3/17/2020 p:     248   24323 e: -99.0 r:   0.0   
Nigeria=Confirmed i:  57   5  -8          . p:     248   24323 e: -99.0 r:   0.0   
Nigeria=Confirmed i:  58   6  -7  3/21/2020 p:    2238   24323 e: -90.8 r:   0.1   
Nigeria=Confirmed i:  59   7  -6          . p:     248   24323 e: -99.0 r:   0.1   
Nigeria=Confirmed i:  60   8  -5  3/23/2020 p:     248   24323 e: -99.0 r:   0.2   
Nigeria=Confirmed i:  61   9  -4          . p:     248   24323 e: -99.0 r:   0.2   
Nigeria=Confirmed i:  62  10  -3  3/25/2020 p:     248   24323 e: -99.0 r:   0.2   
Nigeria=Confirmed i:  63  11  -2          . p:     248   24323 e: -99.0 r:   0.3   
Nigeria=Confirmed i:  64  12  -1  3/27/2020 p:     248   24323 e: -99.0 r:   0.3   
Nigeria=Confirmed i:  65  13   0          . p:     248   24323 e: -99.0 r:   0.4   
Nigeria=Confirmed i:  66  14   1  3/29/2020 p:     248   24323 e: -99.0 r:   0.5   
Nigeria=Confirmed i:  67  15   2          . p:     248   24323 e: -99.0 r:   0.5   
Nigeria=Confirmed i:  68  16   3  3/31/2020 p:     248   24323 e: -99.0 r:   0.6   
Nigeria=Confirmed i:  69  17   4          . p:     746   24323 e: -96.9 r:   0.7   
Nigeria=Confirmed i:  70  18   5   4/2/2020 p:     746   24323 e: -96.9 r:   0.8   
Nigeria=Confirmed i:  71  19   6          . p:     746   24323 e: -96.9 r:   0.9   
Nigeria=Confirmed i:  72  20   7   4/4/2020 p:     746   24323 e: -96.9 r:   0.9   
Nigeria=Confirmed i:  73  21   8          . p:     746   24323 e: -96.9 r:   1.0   
Nigeria=Confirmed i:  74  22   9   4/6/2020 p:     248   24323 e: -99.0 r:   1.0   
Nigeria=Confirmed i:  75  23  10          . p:     248   24323 e: -99.0 r:   1.0   
Nigeria=Confirmed i:  76  24  11   4/8/2020 p:     248   24323 e: -99.0 r:   1.1   
Nigeria=Confirmed i:  77  25  12          . p:     248   24323 e: -99.0 r:   1.2   
Nigeria=Confirmed i:  78  26  13  4/10/2020 p:     248   24323 e: -99.0 r:   1.3   
Nigeria=Confirmed i:  79  27  14          . p:     248   24323 e: -99.0 r:   1.3   
Nigeria=Confirmed i:  80  28  15  4/12/2020 p:     248   24323 e: -99.0 r:   1.3   
Nigeria=Confirmed i:  81  29  16          . p:     461   24323 e: -98.1 r:   1.4   
Nigeria=Confirmed i:  82  30  17  4/14/2020 p:     611   24323 e: -97.5 r:   1.5   
Nigeria=Confirmed i:  83  31  18          . p:     746   24323 e: -96.9 r:   1.7   
Nigeria=Confirmed i:  84  32  19  4/16/2020 p:     746   24323 e: -96.9 r:   1.8   
Nigeria=Confirmed i:  85  33  20          . p:     746   24323 e: -96.9 r:   2.0   
Nigeria=Confirmed i:  86  34  21  4/18/2020 p:    1243   24323 e: -94.9 r:   2.2   
Nigeria=Confirmed i:  87  35  22          . p:    1243   24323 e: -94.9 r:   2.6   
Nigeria=Confirmed i:  88  36  23  4/20/2020 p:    1243   24323 e: -94.9 r:   2.7   
Nigeria=Confirmed i:  89  37  24          . p:    1243   24323 e: -94.9 r:   2.7   
Nigeria=Confirmed i:  90  38  25  4/22/2020 p:    2238   24323 e: -90.8 r:   3.6   
Nigeria=Confirmed i:  91  39  26          . p:    2735   24323 e: -88.8 r:   4.0   
Nigeria=Confirmed i:  92  40  27  4/24/2020 p:    3233   24323 e: -86.7 r:   4.5   
Nigeria=Confirmed i:  93  41  28          . p:    3730   24323 e: -84.7 r:   4.9   
Nigeria=Confirmed i:  94  42  29  4/26/2020 p:    4725   24323 e: -80.6 r:   5.2   
Nigeria=Confirmed i:  95  43  30          . p:    1741   24323 e: -92.8 r:   5.5   
Nigeria=Confirmed i:  96  44  31  4/28/2020 p:    5720   24323 e: -76.5 r:   6.3   
Nigeria=Confirmed i:  97  45  32          . p:    6715   24323 e: -72.4 r:   7.1   
Nigeria=Confirmed i:  98  46  33  4/30/2020 p:    8705   24323 e: -64.2 r:   7.9   
Nigeria=Confirmed i:  99  47  34          . p:   10694   24323 e: -56.0 r:   8.9   
Nigeria=Confirmed i: 100  48  35   5/2/2020 p:   13181   24323 e: -45.8 r:   9.8   
Nigeria=Confirmed i: 101  49  36          . p:    4725   24323 e: -80.6 r:  10.5   
Nigeria=Confirmed i: 102  50  37   5/4/2020 p:    6217   24323 e: -74.4 r:  11.5   
Nigeria=Confirmed i: 103  51  38          . p:    5223   24323 e: -78.5 r:  12.1   
Nigeria=Confirmed i: 104  52  39   5/6/2020 p:    5223   24323 e: -78.5 r:  12.9   
Nigeria=Confirmed i: 105  53  40          . p:   26612   24323 e:   9.4 r:  14.5 OK
Nigeria=Confirmed i: 106  54  41   5/8/2020 p:   31089   24323 e:  27.8 r:  16.1   
Nigeria=Confirmed i: 107  55  42          . p:   36063   24323 e:  48.3 r:  17.1   
Nigeria=Confirmed i: 108  56  43  5/10/2020 p:       0   24323 e: -100.0 r:  18.1   
Nigeria=Confirmed i: 109  57  44          . p:       0   24323 e: -100.0 r:  19.1   
Nigeria=Confirmed i: 110  58  45  5/12/2020 p:    5720   24323 e: -76.5 r:  19.7   
Nigeria=Confirmed i: 111  59  46          . p:   12187   24323 e: -49.9 r:  20.4   
Nigeria=Confirmed i: 112  60  47  5/14/2020 p:    6217   24323 e: -74.4 r:  21.2   
Nigeria=Confirmed i: 113  61  48          . p:   10197   24323 e: -58.1 r:  22.4   
Nigeria=Confirmed i: 114  62  49  5/16/2020 p:    7710   24323 e: -68.3 r:  23.1   
Nigeria=Confirmed i: 115  63  50          . p:   10197   24323 e: -58.1 r:  24.5   
Nigeria=Confirmed i: 116  64  51  5/18/2020 p:    9202   24323 e: -62.2 r:  25.4   
Nigeria=Confirmed i: 117  65  52          . p:   10694   24323 e: -56.0 r:  26.3   
Nigeria=Confirmed i: 118  66  53  5/20/2020 p:   11192   24323 e: -54.0 r:  27.5   
Nigeria=Confirmed i: 119  67  54          . p:   12187   24323 e: -49.9 r:  28.8   
Nigeria=Confirmed i: 120  68  55  5/22/2020 p:   13181   24323 e: -45.8 r:  29.9   
Nigeria=Confirmed i: 121  69  56          . p:   13679   24323 e: -43.8 r:  30.9   
Nigeria=Confirmed i: 122  70  57  5/24/2020 p:   14674   24323 e: -39.7 r:  32.2   
Nigeria=Confirmed i: 123  71  58          . p:   15171   24323 e: -37.6 r:  33.2   
Nigeria=Confirmed i: 124  72  59  5/26/2020 p:   14674   24323 e: -39.7 r:  34.3   
Nigeria=Confirmed i: 125  73  60          . p:   16166   24323 e: -33.5 r:  35.9   
Nigeria=Confirmed i: 126  74  61  5/28/2020 p:   16166   24323 e: -33.5 r:  36.7   
Nigeria=Confirmed i: 127  75  62          . p:   16663   24323 e: -31.5 r:  38.2   
Nigeria=Confirmed i: 128  76  63  5/30/2020 p:   18156   24323 e: -25.4 r:  40.5   
Nigeria=Confirmed i: 129  77  64          . p:   19151   24323 e: -21.3 r:  41.8   
Nigeria=Confirmed i: 130  78  65   6/1/2020 p:   20643   24323 e: -15.1 r:  43.5   
Nigeria=Confirmed i: 131  79  66          . p:   21140   24323 e: -13.1 r:  44.5 OK
Nigeria=Confirmed i: 132  80  67   6/3/2020 p:   22135   24323 e:  -9.0 r:  45.9 OK
Nigeria=Confirmed i: 133  81  68          . p:   22633   24323 e:  -7.0 r:  47.3 OK
Nigeria=Confirmed i: 134  82  69   6/5/2020 p:   23627   24323 e:  -2.9 r:  48.7 OK
Nigeria=Confirmed i: 135  83  70          . p:   23627   24323 e:  -2.9 r:  50.3 OK
Nigeria=Confirmed i: 136  84  71   6/7/2020 p:   24125   24323 e:  -0.8 r:  51.3 OK
Nigeria=Confirmed i: 137  85  72          . p:   24622   24323 e:   1.2 r:  52.6 OK
Nigeria=Confirmed i: 138  86  73   6/9/2020 p:   25617   24323 e:   5.3 r:  55.4 OK
