
  # Process COVID TAB data
p1= 521 il= 138
p1= 521 il= 137
p1= 521 il= 136
p1= 521 il= 135
p1= 521 il= 134
US_Louisiana_Orleans=Deaths nl = 139, n1= 5 s1= 521 s2= 271441 SD= 0 frac%= 0
US_Louisiana_Orleans=Deaths i:  57  57  -3          . p:      35     521 e: -93.3 r:   1.9   
US_Louisiana_Orleans=Deaths i:  58  58  -2  3/21/2020 p:     198     521 e: -62.0 r:   2.9   
US_Louisiana_Orleans=Deaths i:  59  59  -1          . p:      79     521 e: -84.8 r:   2.9   
US_Louisiana_Orleans=Deaths i:  60  60   0  3/23/2020 p:      83     521 e: -84.1 r:   3.8   
US_Louisiana_Orleans=Deaths i:  61  61   1          . p:     142     521 e: -72.7 r:   5.0   
US_Louisiana_Orleans=Deaths i:  62   0   2  3/25/2020 p:     596     521 e:  14.4 r:   7.1 OK 1st
US_Louisiana_Orleans=Deaths i:  63   1   3          . p:    1222     521 e: 134.5 r:   8.8   
US_Louisiana_Orleans=Deaths i:  64   2   4  3/27/2020 p:     919     521 e:  76.4 r:  10.9   
US_Louisiana_Orleans=Deaths i:  65   3   5          . p:     293     521 e: -43.8 r:  13.4   
US_Louisiana_Orleans=Deaths i:  66   4   6  3/29/2020 p:     104     521 e: -80.0 r:  14.0   
US_Louisiana_Orleans=Deaths i:  67   5   7          . p:     150     521 e: -71.2 r:  16.5   
US_Louisiana_Orleans=Deaths i:  68   6   8  3/31/2020 p:     208     521 e: -60.1 r:  19.4   
US_Louisiana_Orleans=Deaths i:  69   7   9          . p:     274     521 e: -47.4 r:  22.1   
US_Louisiana_Orleans=Deaths i:  70   8  10   4/2/2020 p:     274     521 e: -47.4 r:  24.0   
US_Louisiana_Orleans=Deaths i:  71   9  11          . p:     767     521 e:  47.2 r:  28.4   
US_Louisiana_Orleans=Deaths i:  72  10  12   4/4/2020 p:     343     521 e: -34.2 r:  29.4   
US_Louisiana_Orleans=Deaths i:  73  11  13          . p:     183     521 e: -64.9 r:  30.9   
US_Louisiana_Orleans=Deaths i:  74  12  14   4/6/2020 p:     290     521 e: -44.3 r:  32.8   
US_Louisiana_Orleans=Deaths i:  75  13  15          . p:     294     521 e: -43.6 r:  35.5   
US_Louisiana_Orleans=Deaths i:  76  14  16   4/8/2020 p:     426     521 e: -18.2 r:  39.9   
US_Louisiana_Orleans=Deaths i:  77  15  17          . p:     407     521 e: -21.9 r:  43.0   
US_Louisiana_Orleans=Deaths i:  78  16  18  4/10/2020 p:     464     521 e: -10.9 r:  43.2 OK
US_Louisiana_Orleans=Deaths i:  79  17  19          . p:     407     521 e: -21.9 r:  44.5   
US_Louisiana_Orleans=Deaths i:  80  18  20  4/12/2020 p:     346     521 e: -33.6 r:  45.1   
US_Louisiana_Orleans=Deaths i:  81  19  21          . p:     333     521 e: -36.1 r:  46.8   
US_Louisiana_Orleans=Deaths i:  82  20  22  4/14/2020 p:     390     521 e: -25.1 r:  53.0   
US_Louisiana_Orleans=Deaths i:  83  21  23          . p:     413     521 e: -20.7 r:  55.1   
US_Louisiana_Orleans=Deaths i:  84  22  24  4/16/2020 p:     445     521 e: -14.6 r:  58.0 OK
US_Louisiana_Orleans=Deaths i:  85  23  25          . p:     464     521 e: -10.9 r:  60.8 OK
US_Louisiana_Orleans=Deaths i:  86  24  26  4/18/2020 p:     464     521 e: -10.9 r:  62.2 OK
US_Louisiana_Orleans=Deaths i:  87  25  27          . p:     464     521 e: -10.9 r:  63.1 OK
US_Louisiana_Orleans=Deaths i:  88  26  28  4/20/2020 p:     470     521 e:  -9.8 r:  65.1 OK
US_Louisiana_Orleans=Deaths i:  89  27  29          . p:     467     521 e: -10.4 r:  66.0 OK
US_Louisiana_Orleans=Deaths i:  90  28  30  4/22/2020 p:     483     521 e:  -7.3 r:  70.4 OK
US_Louisiana_Orleans=Deaths i:  91  29  31          . p:     504     521 e:  -3.3 r:  74.3 OK
US_Louisiana_Orleans=Deaths i:  92  30  32  4/24/2020 p:     521     521 e:   0.0 r:  75.2 OK
US_Louisiana_Orleans=Deaths i:  93  31  33          . p:     523     521 e:   0.4 r:  76.6 OK
US_Louisiana_Orleans=Deaths i:  94  32  34  4/26/2020 p:     526     521 e:   1.0 r:  77.9 OK
US_Louisiana_Orleans=Deaths i:  95  33  35          . p:     521     521 e:   0.0 r:  77.9 OK
US_Louisiana_Orleans=Deaths i:  96  34  36  4/28/2020 p:     523     521 e:   0.4 r:  78.7 OK
US_Louisiana_Orleans=Deaths i:  97  35  37          . p:     518     521 e:  -0.6 r:  79.8 OK
US_Louisiana_Orleans=Deaths i:  98  36  38  4/30/2020 p:     524     521 e:   0.6 r:  83.3 OK
US_Louisiana_Orleans=Deaths i:  99  37  39          . p:     521     521 e:   0.0 r:  83.9 OK
US_Louisiana_Orleans=Deaths i: 100  38  40   5/2/2020 p:     521     521 e:   0.0 r:  84.3 OK
US_Louisiana_Orleans=Deaths i: 101  39  41          . p:     521     521 e:   0.0 r:  84.6 OK
US_Louisiana_Orleans=Deaths i: 102  40  42   5/4/2020 p:     521     521 e:   0.0 r:  85.8 OK
US_Louisiana_Orleans=Deaths i: 103  41  43          . p:     518     521 e:  -0.6 r:  86.9 OK
US_Louisiana_Orleans=Deaths i: 104  42  44   5/6/2020 p:     521     521 e:   0.0 r:  87.9 OK
US_Louisiana_Orleans=Deaths i: 105  43  45          . p:     521     521 e:   0.0 r:  88.9 OK
US_Louisiana_Orleans=Deaths i: 106  44  46   5/8/2020 p:     521     521 e:   0.0 r:  88.9 OK
US_Louisiana_Orleans=Deaths i: 107  45  47          . p:     517     521 e:  -0.8 r:  89.8 OK
US_Louisiana_Orleans=Deaths i: 108  46  48  5/10/2020 p:     519     521 e:  -0.4 r:  89.8 OK
US_Louisiana_Orleans=Deaths i: 109  47  49          . p:     511     521 e:  -1.9 r:  90.2 OK
US_Louisiana_Orleans=Deaths i: 110  48  50  5/12/2020 p:     511     521 e:  -1.9 r:  91.6 OK
US_Louisiana_Orleans=Deaths i: 111  49  51          . p:     521     521 e:   0.0 r:  92.3 OK
US_Louisiana_Orleans=Deaths i: 112  50  52  5/14/2020 p:     521     521 e:   0.0 r:  92.5 OK
US_Louisiana_Orleans=Deaths i: 113  51  53          . p:     521     521 e:   0.0 r:  93.9 OK
US_Louisiana_Orleans=Deaths i: 114  52  54  5/16/2020 p:     521     521 e:   0.0 r:  95.0 OK
US_Louisiana_Orleans=Deaths i: 115  53  55          . p:     521     521 e:   0.0 r:  95.0 OK
US_Louisiana_Orleans=Deaths i: 116  54  56  5/18/2020 p:     521     521 e:   0.0 r:  95.0 OK
US_Louisiana_Orleans=Deaths i: 117  55  57          . p:     521     521 e:   0.0 r:  94.8 OK
US_Louisiana_Orleans=Deaths i: 118  56  58  5/20/2020 p:     525     521 e:   0.8 r:  96.0 OK
US_Louisiana_Orleans=Deaths i: 119  57  59          . p:     526     521 e:   1.0 r:  96.0 OK
US_Louisiana_Orleans=Deaths i: 120  58  60  5/22/2020 p:     523     521 e:   0.4 r:  96.0 OK
US_Louisiana_Orleans=Deaths i: 121  59  61          . p:     523     521 e:   0.4 r:  96.0 OK
US_Louisiana_Orleans=Deaths i: 122  60  62  5/24/2020 p:     524     521 e:   0.6 r:  96.0 OK
US_Louisiana_Orleans=Deaths i: 123  61  63          . p:     524     521 e:   0.6 r:  96.4 OK
US_Louisiana_Orleans=Deaths i: 124  62  64  5/26/2020 p:     519     521 e:  -0.4 r:  96.7 OK
US_Louisiana_Orleans=Deaths i: 125  63  65          . p:     521     521 e:   0.0 r:  96.7 OK
US_Louisiana_Orleans=Deaths i: 126  64  66  5/28/2020 p:     521     521 e:   0.0 r:  96.9 OK
US_Louisiana_Orleans=Deaths i: 127  65  67          . p:     519     521 e:  -0.4 r:  96.9 OK
US_Louisiana_Orleans=Deaths i: 128  66  68  5/30/2020 p:     521     521 e:   0.0 r:  97.3 OK
US_Louisiana_Orleans=Deaths i: 129  67  69          . p:     521     521 e:   0.0 r:  97.3 OK
US_Louisiana_Orleans=Deaths i: 130  68  70   6/1/2020 p:     521     521 e:   0.0 r:  97.3 OK
US_Louisiana_Orleans=Deaths i: 131  69  71          . p:     513     521 e:  -1.5 r:  97.1 OK
US_Louisiana_Orleans=Deaths i: 132  70  72   6/3/2020 p:     521     521 e:   0.0 r:  97.7 OK
US_Louisiana_Orleans=Deaths i: 133  71  73          . p:     521     521 e:   0.0 r:  98.1 OK
US_Louisiana_Orleans=Deaths i: 134  72  74   6/5/2020 p:     521     521 e:   0.0 r:  98.1 OK
US_Louisiana_Orleans=Deaths i: 135  73  75          . p:     521     521 e:   0.0 r:  98.3 OK
US_Louisiana_Orleans=Deaths i: 136  74  76   6/7/2020 p:     521     521 e:   0.0 r:  98.3 OK
US_Louisiana_Orleans=Deaths i: 137  75  77          . p:     521     521 e:   0.0 r:  98.3 OK
US_Louisiana_Orleans=Deaths i: 138  76  78   6/9/2020 p:     521     521 e:   0.0 r:  98.5 OK
