
  # Process COVID TAB data
p1= 55099 il= 138
p1= 60649 il= 137
p1= - il= 136
p1= - il= 135
p1= - il= 134
Afghanistan=Confirmed nl = 139, n1= 5 s1= 23149.6 s2= 1342840200.4 SD= 28406.62282356 frac%= 122.708914294675
Afghanistan=Confirmed i:  48  48 -15  3/11/2020 p:     396   23149 e: -98.3 r:   0.0   
Afghanistan=Confirmed i:  49  49 -14          . p:     396   23149 e: -98.3 r:   0.0   
Afghanistan=Confirmed i:  50  50 -13  3/13/2020 p:     396   23149 e: -98.3 r:   0.0   
Afghanistan=Confirmed i:  51  51 -12          . p:     396   23149 e: -98.3 r:   0.0   
Afghanistan=Confirmed i:  52  52 -11  3/15/2020 p:     396   23149 e: -98.3 r:   0.1   
Afghanistan=Confirmed i:  53  53 -10          . p:     396   23149 e: -98.3 r:   0.1   
Afghanistan=Confirmed i:  54  54  -9  3/17/2020 p:     396   23149 e: -98.3 r:   0.1   
Afghanistan=Confirmed i:  55  55  -8          . p:     396   23149 e: -98.3 r:   0.1   
Afghanistan=Confirmed i:  56  56  -7  3/19/2020 p:     396   23149 e: -98.3 r:   0.1   
Afghanistan=Confirmed i:  57  57  -6          . p:     396   23149 e: -98.3 r:   0.1   
Afghanistan=Confirmed i:  58  58  -5  3/21/2020 p:     396   23149 e: -98.3 r:   0.1   
Afghanistan=Confirmed i:  59  59  -4          . p:     396   23149 e: -98.3 r:   0.2   
Afghanistan=Confirmed i:  60  60  -3  3/23/2020 p:     396   23149 e: -98.3 r:   0.2   
Afghanistan=Confirmed i:  61  61  -2          . p:    1189   23149 e: -94.9 r:   0.3   
Afghanistan=Confirmed i:  62  62  -1  3/25/2020 p:    2774   23149 e: -88.0 r:   0.4   
Afghanistan=Confirmed i:  63  63   0          . p:    4360   23149 e: -81.2 r:   0.4   
Afghanistan=Confirmed i:  64  64   1  3/27/2020 p:     396   23149 e: -98.3 r:   0.5   
Afghanistan=Confirmed i:  65  65   2          . p:     396   23149 e: -98.3 r:   0.5   
Afghanistan=Confirmed i:  66  66   3  3/29/2020 p:     396   23149 e: -98.3 r:   0.5   
Afghanistan=Confirmed i:  67  67   4          . p:     396   23149 e: -98.3 r:   0.7   
Afghanistan=Confirmed i:  68  68   5  3/31/2020 p:     396   23149 e: -98.3 r:   0.8   
Afghanistan=Confirmed i:  69  69   6          . p:    1189   23149 e: -94.9 r:   1.0   
Afghanistan=Confirmed i:  70  70   7   4/2/2020 p:    1982   23149 e: -91.4 r:   1.2   
Afghanistan=Confirmed i:  71  71   8          . p:     396   23149 e: -98.3 r:   1.2   
Afghanistan=Confirmed i:  72  72   9   4/4/2020 p:     396   23149 e: -98.3 r:   1.3   
Afghanistan=Confirmed i:  73  73  10          . p:     396   23149 e: -98.3 r:   1.5   
Afghanistan=Confirmed i:  74  74  11   4/6/2020 p:     396   23149 e: -98.3 r:   1.6   
Afghanistan=Confirmed i:  75  75  12          . p:    1189   23149 e: -94.9 r:   1.8   
Afghanistan=Confirmed i:  76  76  13   4/8/2020 p:    1189   23149 e: -94.9 r:   1.9   
Afghanistan=Confirmed i:  77  77  14          . p:    1189   23149 e: -94.9 r:   2.1   
Afghanistan=Confirmed i:  78  78  15  4/10/2020 p:    1189   23149 e: -94.9 r:   2.3   
Afghanistan=Confirmed i:  79  79  16          . p:    1189   23149 e: -94.9 r:   2.4   
Afghanistan=Confirmed i:  80  80  17  4/12/2020 p:    1189   23149 e: -94.9 r:   2.6   
Afghanistan=Confirmed i:  81  81  18          . p:    1982   23149 e: -91.4 r:   2.9   
Afghanistan=Confirmed i:  82  82  19  4/14/2020 p:    1982   23149 e: -91.4 r:   3.1   
Afghanistan=Confirmed i:  83  83  20          . p:    1982   23149 e: -91.4 r:   3.4   
Afghanistan=Confirmed i:  84  84  21  4/16/2020 p:    2774   23149 e: -88.0 r:   3.6   
Afghanistan=Confirmed i:  85  85  22          . p:    2774   23149 e: -88.0 r:   3.9   
Afghanistan=Confirmed i:  86  86  23  4/18/2020 p:    2774   23149 e: -88.0 r:   4.0   
Afghanistan=Confirmed i:  87  87  24          . p:    2770   23149 e: -88.0 r:   4.3   
Afghanistan=Confirmed i:  88  88  25  4/20/2020 p:    2887   23149 e: -87.5 r:   4.4   
Afghanistan=Confirmed i:  89  89  26          . p:    2915   23149 e: -87.4 r:   4.7   
Afghanistan=Confirmed i:  90  90  27  4/22/2020 p:    2774   23149 e: -88.0 r:   5.1   
Afghanistan=Confirmed i:  91  91  28          . p:    3567   23149 e: -84.6 r:   5.5   
Afghanistan=Confirmed i:  92  92  29  4/24/2020 p:    4360   23149 e: -81.2 r:   5.8   
Afghanistan=Confirmed i:  93  93  30          . p:    5153   23149 e: -77.7 r:   6.3   
Afghanistan=Confirmed i:  94  94  31  4/26/2020 p:    5153   23149 e: -77.7 r:   6.6   
Afghanistan=Confirmed i:  95  95  32          . p:    6738   23149 e: -70.9 r:   7.4   
Afghanistan=Confirmed i:  96  96  33  4/28/2020 p:    6738   23149 e: -70.9 r:   7.9   
Afghanistan=Confirmed i:  97  97  34          . p:    7531   23149 e: -67.5 r:   8.4   
Afghanistan=Confirmed i:  98  98  35  4/30/2020 p:    8324   23149 e: -64.0 r:   9.4   
Afghanistan=Confirmed i:  99  99  36          . p:    9910   23149 e: -57.2 r:  10.1   
Afghanistan=Confirmed i: 100 100  37   5/2/2020 p:   10702   23149 e: -53.8 r:  10.7   
Afghanistan=Confirmed i: 101 101  38          . p:   12288   23149 e: -46.9 r:  11.7   
Afghanistan=Confirmed i: 102 102  39   5/4/2020 p:   14666   23149 e: -36.6 r:  12.5   
Afghanistan=Confirmed i: 103 103  40          . p:   17838   23149 e: -22.9 r:  13.9   
Afghanistan=Confirmed i: 104 104  41   5/6/2020 p:   19423   23149 e: -16.1 r:  14.7   
Afghanistan=Confirmed i: 105   0  42          . p:   21802   23149 e:  -5.8 r:  15.4 OK 1st
Afghanistan=Confirmed i: 106   1  43   5/8/2020 p:   24180   23149 e:   4.5 r:  16.3 OK
Afghanistan=Confirmed i: 107   2  44          . p:   21802   23149 e:  -5.8 r:  17.4 OK
Afghanistan=Confirmed i: 108   3  45  5/10/2020 p:   30522   23149 e:  31.8 r:  19.0   
Afghanistan=Confirmed i: 109   4  46          . p:   33694   23149 e:  45.5 r:  20.2   
Afghanistan=Confirmed i: 110   5  47  5/12/2020 p:   28937   23149 e:  25.0 r:  21.4   
Afghanistan=Confirmed i: 111   6  48          . p:   40036   23149 e:  72.9 r:  22.6   
Afghanistan=Confirmed i: 112   7  49  5/14/2020 p:   33694   23149 e:  45.5 r:  24.4   
Afghanistan=Confirmed i: 113   8  50          . p:   36072   23149 e:  55.8 r:  26.1   
Afghanistan=Confirmed i: 114   9  51  5/16/2020 p:   39243   23149 e:  69.5 r:  27.7   
Afghanistan=Confirmed i: 115  10  52          . p:   42415   23149 e:  83.2 r:  28.8   
Afghanistan=Confirmed i: 116  11  53  5/18/2020 p:   59856   23149 e: 158.6 r:  30.5   
Afghanistan=Confirmed i: 117  12  54          . p:   48757   23149 e: 110.6 r:  33.1   
Afghanistan=Confirmed i: 118  13  55  5/20/2020 p:   52721   23149 e: 127.7 r:  35.2   
Afghanistan=Confirmed i: 119  14  56          . p:   57478   23149 e: 148.3 r:  37.5   
Afghanistan=Confirmed i: 120  15  57  5/22/2020 p:   62235   23149 e: 168.8 r:  39.8   
Afghanistan=Confirmed i: 121  16  58          . p:       0   23149 e: -100.0 r:  43.2   
Afghanistan=Confirmed i: 122  17  59  5/24/2020 p:       0   23149 e: -100.0 r:  45.7   
Afghanistan=Confirmed i: 123  18  60          . p:       0   23149 e: -100.0 r:  48.3   
Afghanistan=Confirmed i: 124  19  61  5/26/2020 p:       0   23149 e: -100.0 r:  51.1   
Afghanistan=Confirmed i: 125  20  62          . p:   57478   23149 e: 148.3 r:  53.8   
Afghanistan=Confirmed i: 126  21  63  5/28/2020 p:       0   23149 e: -100.0 r:  56.3   
Afghanistan=Confirmed i: 127  22  64          . p:       0   23149 e: -100.0 r:  59.0   
Afghanistan=Confirmed i: 128  23  65  5/30/2020 p:   48757   23149 e: 110.6 r:  62.7   
Afghanistan=Confirmed i: 129  24  66          . p:       0   23149 e: -100.0 r:  65.7   
Afghanistan=Confirmed i: 130  25  67   6/1/2020 p:   44793   23149 e:  93.5 r:  68.0   
Afghanistan=Confirmed i: 131  26  68          . p:   49550   23149 e: 114.0 r:  71.3   
Afghanistan=Confirmed i: 132  27  69   6/3/2020 p:   51928   23149 e: 124.3 r:  74.6   
Afghanistan=Confirmed i: 133  28  70          . p:   59063   23149 e: 155.1 r:  78.0   
Afghanistan=Confirmed i: 134  29  71   6/5/2020 p:       0   23149 e: -100.0 r:  81.9   
Afghanistan=Confirmed i: 135  30  72          . p:       0   23149 e: -100.0 r:  84.5   
Afghanistan=Confirmed i: 136  31  73   6/7/2020 p:       0   23149 e: -100.0 r:  87.9   
Afghanistan=Confirmed i: 137  32  74          . p:   60649   23149 e: 162.0 r:  90.4   
Afghanistan=Confirmed i: 138  33  75   6/9/2020 p:   55099   23149 e: 138.0 r:  92.7   
