
  # Process COVID TAB data
p1= - il= 277
p1= - il= 276
p1= 3585 il= 275
p1= 1096 il= 274
p1= 1096 il= 273
Sudan=Confirmed nl = 278, n1= 5 s1= 1155.4 s2= 3050931.4 SD= 1309.95505266402 frac%= 113.376757197855
Sudan=Confirmed i:  59  59 -28          . p:       0    1155 e: -100.0 r:   0.2   
Sudan=Confirmed i:  60  60 -27  3/23/2020 p:       0    1155 e: -100.0 r:   0.2   
Sudan=Confirmed i:  61  61 -26          . p:     119    1155 e: -89.7 r:   0.3   
Sudan=Confirmed i:  64  64 -23  3/27/2020 p:     110    1155 e: -90.5 r:   0.3   
Sudan=Confirmed i:  65  65 -22          . p:     593    1155 e: -48.7 r:   0.4   
Sudan=Confirmed i:  67  67 -20          . p:     118    1155 e: -89.8 r:   0.5   
Sudan=Confirmed i:  68  68 -19  3/31/2020 p:     118    1155 e: -89.8 r:   0.6   
Sudan=Confirmed i:  69  69 -18          . p:     118    1155 e: -89.8 r:   0.6   
Sudan=Confirmed i:  70  70 -17   4/2/2020 p:     118    1155 e: -89.8 r:   0.7   
Sudan=Confirmed i:  71  71 -16          . p:     118    1155 e: -89.8 r:   0.9   
Sudan=Confirmed i:  72  72 -15   4/4/2020 p:     118    1155 e: -89.8 r:   0.9   
Sudan=Confirmed i:  73  73 -14          . p:     118    1155 e: -89.8 r:   1.0   
Sudan=Confirmed i:  74  74 -13   4/6/2020 p:     118    1155 e: -89.8 r:   1.0   
Sudan=Confirmed i:  75  75 -12          . p:     118    1155 e: -89.8 r:   1.2   
Sudan=Confirmed i:  76  76 -11   4/8/2020 p:     118    1155 e: -89.8 r:   1.2   
Sudan=Confirmed i:  77  77 -10          . p:     118    1155 e: -89.8 r:   1.3   
Sudan=Confirmed i:  78  78  -9  4/10/2020 p:     118    1155 e: -89.8 r:   1.5   
Sudan=Confirmed i:  79  79  -8          . p:     118    1155 e: -89.8 r:   1.6   
Sudan=Confirmed i:  80  80  -7  4/12/2020 p:     118    1155 e: -89.8 r:   1.6   
Sudan=Confirmed i:  81   0  -6          . p:    1068    1155 e:  -7.6 r:   2.5 OK 1st
Sudan=Confirmed i:  82   1  -5  4/14/2020 p:   10803    1155 e: 835.0 r:   2.8   
Sudan=Confirmed i:  83   2  -4          . p:   15077    1155 e: 1204.9 r:   2.8   
Sudan=Confirmed i:  84   3  -3  4/16/2020 p:     118    1155 e: -89.8 r:   2.8   
Sudan=Confirmed i:  85   4  -2          . p:     118    1155 e: -89.8 r:   2.9   
Sudan=Confirmed i:  89   8   2          . p:     356    1155 e: -69.2 r:   9.3   
Sudan=Confirmed i:  90   9   3  4/22/2020 p:     118    1155 e: -89.8 r:  12.1   
Sudan=Confirmed i:  91  10   4          . p:    1543    1155 e:  33.5 r:  15.1   
Sudan=Confirmed i:  92  11   5  4/24/2020 p:     356    1155 e: -69.2 r:  15.1   
Sudan=Confirmed i:  93  12   6          . p:     356    1155 e: -69.2 r:  18.4   
Sudan=Confirmed i:  94  13   7  4/26/2020 p:     356    1155 e: -69.2 r:  20.5   
Sudan=Confirmed i:  95  14   8          . p:     593    1155 e: -48.7 r:  23.8   
Sudan=Confirmed i:  96  15   9  4/28/2020 p:     831    1155 e: -28.1 r:  27.5   
Sudan=Confirmed i:  97  16  10          . p:    1068    1155 e:  -7.6 r:  32.5 OK
Sudan=Confirmed i:  98  17  11  4/30/2020 p:    1780    1155 e:  54.1 r:  38.3   
Sudan=Confirmed i:  99  18  12          . p:    3442    1155 e: 197.9 r:  46.1   
Sudan=Confirmed i: 100  19  13   5/2/2020 p:    4392    1155 e: 280.1 r:  51.2   
Sudan=Confirmed i: 101  20  14          . p:    4392    1155 e: 280.1 r:  55.0   
Sudan=Confirmed i: 102  21  15   5/4/2020 p:     831    1155 e: -28.1 r:  58.7   
Sudan=Confirmed i: 103  22  16          . p:    4155    1155 e: 259.6 r:  67.3   
Sudan=Confirmed i: 104  23  17   5/6/2020 p:    4392    1155 e: 280.1 r:  73.7   
Sudan=Confirmed i: 105  24  18          . p:    9853    1155 e: 752.8 r:  80.5   
Sudan=Confirmed i: 106  25  19   5/8/2020 p:    7004    1155 e: 506.2 r:  96.2   
Sudan=Confirmed i: 107  26  20          . p:    7004    1155 e: 506.2 r: 100.7   
Sudan=Confirmed i: 108  27  21  5/10/2020 p:   18639    1155 e: 1513.2 r: 118.1   
Sudan=Confirmed i: 109  28  22          . p:       0    1155 e: -100.0 r: 132.1   
Sudan=Confirmed i: 110  29  23  5/12/2020 p:       0    1155 e: -100.0 r: 143.8   
Sudan=Confirmed i: 111  30  24          . p:    4630    1155 e: 300.7 r: 157.3   
Sudan=Confirmed i: 112  31  25  5/14/2020 p:       0    1155 e: -100.0 r: 163.7   
Sudan=Confirmed i: 113  32  26          . p:    2255    1155 e:  95.2 r: 170.0   
Sudan=Confirmed i: 114  33  27  5/16/2020 p:       0    1155 e: -100.0 r: 198.1   
Sudan=Confirmed i: 115  34  28          . p:       0    1155 e: -100.0 r: 211.2   
Sudan=Confirmed i: 116  35  29  5/18/2020 p:       0    1155 e: -100.0 r: 224.3   
Sudan=Confirmed i: 117  36  30          . p:       0    1155 e: -100.0 r: 236.1   
Sudan=Confirmed i: 118  37  31  5/20/2020 p:   14602    1155 e: 1163.8 r: 236.1   
Sudan=Confirmed i: 119  38  32          . p:   15552    1155 e: 1246.0 r: 271.6   
Sudan=Confirmed i: 120  39  33  5/22/2020 p:   17927    1155 e: 1451.6 r: 292.4   
Sudan=Confirmed i: 121  40  34          . p:       0    1155 e: -100.0 r: 314.0   
Sudan=Confirmed i: 122  41  35  5/24/2020 p:   15552    1155 e: 1246.0 r: 330.6   
Sudan=Confirmed i: 123  42  36          . p:       0    1155 e: -100.0 r: 344.1   
Sudan=Confirmed i: 124  43  37  5/26/2020 p:   18639    1155 e: 1513.2 r: 360.1   
Sudan=Confirmed i: 125  44  38          . p:   17214    1155 e: 1389.9 r: 376.1   
Sudan=Confirmed i: 126  45  39  5/28/2020 p:   16502    1155 e: 1328.2 r: 383.7   
Sudan=Confirmed i: 127  46  40          . p:    5105    1155 e: 341.8 r: 391.3   
Sudan=Confirmed i: 128  47  41  5/30/2020 p:   10803    1155 e: 835.0 r: 415.4   
Sudan=Confirmed i: 129  48  42          . p:   10803    1155 e: 835.0 r: 435.0   
Sudan=Confirmed i: 130  49  43   6/1/2020 p:   10566    1155 e: 814.5 r: 447.7   
Sudan=Confirmed i: 131  50  44          . p:   14127    1155 e: 1122.7 r: 459.6   
Sudan=Confirmed i: 132  51  45   6/3/2020 p:   10091    1155 e: 773.4 r: 475.9   
Sudan=Confirmed i: 133  52  46          . p:   10091    1155 e: 773.4 r: 494.5   
Sudan=Confirmed i: 134  53  47   6/5/2020 p:   10091    1155 e: 773.4 r: 507.6   
Sudan=Confirmed i: 135  54  48          . p:   10328    1155 e: 793.9 r: 526.3   
Sudan=Confirmed i: 136  55  49   6/7/2020 p:   10328    1155 e: 793.9 r: 533.2   
Sudan=Confirmed i: 137  56  50          . p:   10091    1155 e: 773.4 r: 540.2   
Sudan=Confirmed i: 138  57  51   6/9/2020 p:   10091    1155 e: 773.4 r: 556.3   
Sudan=Confirmed i: 233 152 146  4/26/2020 p:      29    1155 e: -97.5 r:   0.5   
Sudan=Confirmed i: 234 153 147          . p:      29    1155 e: -97.5 r:   0.5   
Sudan=Confirmed i: 237 156 150  4/30/2020 p:      29    1155 e: -97.5 r:   3.0   
Sudan=Confirmed i: 238 157 151          . p:      51    1155 e: -95.6 r:   3.9   
Sudan=Confirmed i: 239 158 152   5/2/2020 p:      29    1155 e: -97.5 r:   3.9   
Sudan=Confirmed i: 240 159 153          . p:      29    1155 e: -97.5 r:   4.0   
Sudan=Confirmed i: 241 160 154   5/4/2020 p:      29    1155 e: -97.5 r:   4.0   
Sudan=Confirmed i: 242 161 155          . p:      29    1155 e: -97.5 r:   4.5   
Sudan=Confirmed i: 243 162 156   5/6/2020 p:      88    1155 e: -92.4 r:   5.0   
Sudan=Confirmed i: 244 163 157          . p:     148    1155 e: -87.2 r:   6.4   
Sudan=Confirmed i: 245 164 158   5/8/2020 p:    1570    1155 e:  35.9 r:  10.4   
Sudan=Confirmed i: 246 165 159          . p:     622    1155 e: -46.2 r:  10.4   
Sudan=Confirmed i: 247 166 160  5/10/2020 p:     385    1155 e: -66.7 r:  10.4   
Sudan=Confirmed i: 248 167 161          . p:     207    1155 e: -82.1 r:  13.5   
Sudan=Confirmed i: 249 168 162  5/12/2020 p:     562    1155 e: -51.4 r:  16.8   
Sudan=Confirmed i: 250 169 163          . p:     385    1155 e: -66.7 r:  17.6   
Sudan=Confirmed i: 251 170 164  5/14/2020 p:     266    1155 e: -77.0 r:  17.6   
Sudan=Confirmed i: 252 171 165          . p:     325    1155 e: -71.9 r:  20.4   
Sudan=Confirmed i: 253 172 166  5/16/2020 p:     325    1155 e: -71.9 r:  20.4   
Sudan=Confirmed i: 254 173 167          . p:     681    1155 e: -41.1 r:  25.1   
Sudan=Confirmed i: 255 174 168  5/18/2020 p:     503    1155 e: -56.5 r:  25.1   
Sudan=Confirmed i: 256 175 169          . p:     444    1155 e: -61.6 r:  25.1   
Sudan=Confirmed i: 257 176 170  5/20/2020 p:     622    1155 e: -46.2 r:  25.1   
Sudan=Confirmed i: 258 177 171          . p:    1866    1155 e:  61.5 r:  41.6   
Sudan=Confirmed i: 259 178 172  5/22/2020 p:    3288    1155 e: 184.6 r:  48.7   
Sudan=Confirmed i: 260 179 173          . p:    1155    1155 e:  -0.0 r:  56.7 OK
Sudan=Confirmed i: 261 180 174  5/24/2020 p:     918    1155 e: -20.5 r:  63.2   
Sudan=Confirmed i: 262 181 175          . p:     977    1155 e: -15.4 r:  69.8   
Sudan=Confirmed i: 263 182 176  5/26/2020 p:    1214    1155 e:   5.1 r:  77.9 OK
Sudan=Confirmed i: 264 183 177          . p:    1392    1155 e:  20.5 r:  86.0   
Sudan=Confirmed i: 265 184 178  5/28/2020 p:    1570    1155 e:  35.9 r:  86.0   
Sudan=Confirmed i: 266 185 179          . p:    1096    1155 e:  -5.1 r:  86.0 OK
Sudan=Confirmed i: 267 186 180  5/30/2020 p:    1037    1155 e: -10.2 r:  86.0 OK
Sudan=Confirmed i: 268 187 181          . p:    1155    1155 e:  -0.0 r:  86.0 OK
Sudan=Confirmed i: 269 188 182   6/1/2020 p:    1155    1155 e:  -0.0 r:  86.0 OK
Sudan=Confirmed i: 270 189 183          . p:    1096    1155 e:  -5.1 r:  86.0 OK
Sudan=Confirmed i: 271 190 184   6/3/2020 p:       0    1155 e: -100.0 r:  86.0   
Sudan=Confirmed i: 272 191 185          . p:    1096    1155 e:  -5.1 r:  86.0 OK
Sudan=Confirmed i: 273 192 186   6/5/2020 p:    1096    1155 e:  -5.1 r:  86.0 OK
Sudan=Confirmed i: 274 193 187          . p:    1096    1155 e:  -5.1 r:  86.0 OK
Sudan=Confirmed i: 275 194 188   6/7/2020 p:    3585    1155 e: 210.3 r: 114.0   
Sudan=Confirmed i: 276 195 189          . p:       0    1155 e: -100.0 r: 138.8   
Sudan=Confirmed i: 277 196 190   6/9/2020 p:       0    1155 e: -100.0 r: 138.8   
