
  # Process COVID TAB data
p1= 4712 il= 138
p1= 4712 il= 137
p1= 4712 il= 136
p1= 4712 il= 135
p1= 4712 il= 134
China=Deaths nl = 139, n1= 5 s1= 4712 s2= 22202944 SD= 0 frac%= 0
China=Deaths i:   7   7   7          . p:     514    4712 e: -89.1 r:   5.0   
China=Deaths i:   8   8   8  1/31/2020 p:     595    4712 e: -87.4 r:   6.2   
China=Deaths i:   9   9   9          . p:     919    4712 e: -80.5 r:   7.6   
China=Deaths i:  10   0  10   2/2/2020 p:    4369    4712 e:  -7.3 r:  10.6 OK 1st
China=Deaths i:  11   1  11          . p:    5740    4712 e:  21.8 r:  12.5   
China=Deaths i:  12   2  12   2/4/2020 p:    3341    4712 e: -29.1 r:  14.5   
China=Deaths i:  13   3  13          . p:    1285    4712 e: -72.7 r:  16.6   
China=Deaths i:  14   4  14   2/6/2020 p:    1318    4712 e: -72.0 r:  18.7   
China=Deaths i:  15   5  15          . p:    3880    4712 e: -17.7 r:  21.2   
China=Deaths i:  16   6  16   2/8/2020 p:    2086    4712 e: -55.7 r:  23.7   
China=Deaths i:  17   7  17          . p:    3803    4712 e: -19.3 r:  26.6   
China=Deaths i:  18   8  18  2/10/2020 p:    4026    4712 e: -14.6 r:  29.7 OK
China=Deaths i:  19   9  19          . p:    3580    4712 e: -24.0 r:  32.7   
China=Deaths i:  20  10  20  2/12/2020 p:    4264    4712 e:  -9.5 r:  36.4 OK
China=Deaths i:  21  11  21          . p:    4883    4712 e:   3.6 r:  40.2 OK
China=Deaths i:  22  12  22  2/14/2020 p:    5397    4712 e:  14.5 r:  44.7 OK
China=Deaths i:  23  13  23          . p:    5740    4712 e:  21.8 r:  48.8   
China=Deaths i:  24  14  24  2/16/2020 p:    6656    4712 e:  41.3 r:  51.9   
China=Deaths i:  25  15  25          . p:    6579    4712 e:  39.6 r:  54.8   
China=Deaths i:  26  16  26  2/18/2020 p:    6635    4712 e:  40.8 r:  58.8   
China=Deaths i:  27  17  27          . p:    4592    4712 e:  -2.5 r:  62.1 OK
China=Deaths i:  28  18  28  2/20/2020 p:    6254    4712 e:  32.7 r:  65.7   
China=Deaths i:  29  19  29          . p:    5211    4712 e:  10.6 r:  68.7 OK
China=Deaths i:  30  20  30  2/22/2020 p:    6501    4712 e:  38.0 r:  71.8   
China=Deaths i:  31  21  31          . p:    6313    4712 e:  34.0 r:  74.0   
China=Deaths i:  32  22  32  2/24/2020 p:    6273    4712 e:  33.1 r:  76.3   
China=Deaths i:  33  23  33          . p:    5907    4712 e:  25.4 r:  78.3   
China=Deaths i:  34  24  34  2/26/2020 p:    5734    4712 e:  21.7 r:  79.9   
China=Deaths i:  35  25  35          . p:    5621    4712 e:  19.3 r:  80.7   
China=Deaths i:  36  26  36  2/28/2020 p:    5428    4712 e:  15.2 r:  82.0   
China=Deaths i:  37  27  37          . p:    4200    4712 e: -10.9 r:  83.4 OK
China=Deaths i:  38  28  38   3/1/2020 p:    4231    4712 e: -10.2 r:  84.4 OK
China=Deaths i:  39  29  39          . p:    4369    4712 e:  -7.3 r:  85.7 OK
China=Deaths i:  40  30  40   3/3/2020 p:    4359    4712 e:  -7.5 r:  86.6 OK
China=Deaths i:  41  31  41          . p:    4407    4712 e:  -6.5 r:  87.7 OK
China=Deaths i:  42  32  42   3/5/2020 p:    4458    4712 e:  -5.4 r:  88.6 OK
China=Deaths i:  43  33  43          . p:    4465    4712 e:  -5.2 r:  89.5 OK
China=Deaths i:  44  34  44   3/7/2020 p:    4503    4712 e:  -4.4 r:  90.3 OK
China=Deaths i:  45  35  45          . p:    4534    4712 e:  -3.8 r:  91.2 OK
China=Deaths i:  46  36  46   3/9/2020 p:    4538    4712 e:  -3.7 r:  91.8 OK
China=Deaths i:  47  37  47          . p:    4545    4712 e:  -3.5 r:  92.3 OK
China=Deaths i:  48  38  48  3/11/2020 p:    4597    4712 e:  -2.4 r:  93.0 OK
China=Deaths i:  49  39  49          . p:    4600    4712 e:  -2.4 r:  93.3 OK
China=Deaths i:  50  40  50  3/13/2020 p:    4602    4712 e:  -2.3 r:  93.5 OK
China=Deaths i:  51  41  51          . p:    4602    4712 e:  -2.3 r:  93.9 OK
China=Deaths i:  52  42  52  3/15/2020 p:    4602    4712 e:  -2.3 r:  94.2 OK
China=Deaths i:  53  43  53          . p:    4540    4712 e:  -3.7 r:  94.6 OK
China=Deaths i:  54  44  54  3/17/2020 p:    4540    4712 e:  -3.7 r:  95.0 OK
China=Deaths i:  55  45  55          . p:    4540    4712 e:  -3.7 r:  95.3 OK
China=Deaths i:  56  46  56  3/19/2020 p:    4540    4712 e:  -3.7 r:  95.5 OK
China=Deaths i:  57  47  57          . p:    4588    4712 e:  -2.6 r:  95.6 OK
China=Deaths i:  58  48  58  3/21/2020 p:    4602    4712 e:  -2.3 r:  95.8 OK
China=Deaths i:  59  49  59          . p:    4712    4712 e:   0.0 r:  96.3 OK
China=Deaths i:  60  50  60  3/23/2020 p:    4712    4712 e:   0.0 r:  96.3 OK
China=Deaths i:  61  51  61          . p:    4712    4712 e:   0.0 r:  96.5 OK
China=Deaths i:  62  52  62  3/25/2020 p:    4602    4712 e:  -2.3 r:  96.6 OK
China=Deaths i:  63  53  63          . p:    4602    4712 e:  -2.3 r:  96.8 OK
China=Deaths i:  64  54  64  3/27/2020 p:    4712    4712 e:   0.0 r:  96.9 OK
China=Deaths i:  65  55  65          . p:    4638    4712 e:  -1.6 r:  97.0 OK
China=Deaths i:  66  56  66  3/29/2020 p:    4638    4712 e:  -1.6 r:  97.1 OK
China=Deaths i:  67  57  67          . p:    4638    4712 e:  -1.6 r:  97.3 OK
China=Deaths i:  68  58  68  3/31/2020 p:    4625    4712 e:  -1.8 r:  97.3 OK
China=Deaths i:  69  59  69          . p:    4712    4712 e:   0.0 r:  97.5 OK
China=Deaths i:  70  60  70   4/2/2020 p:    4712    4712 e:   0.0 r:  97.7 OK
China=Deaths i:  71  61  71          . p:    4712    4712 e:   0.0 r:  97.8 OK
China=Deaths i:  72  62  72   4/4/2020 p:    4712    4712 e:   0.0 r:  97.9 OK
China=Deaths i:  73  63  73          . p:    4712    4712 e:   0.0 r:  98.0 OK
China=Deaths i:  74  64  74   4/6/2020 p:    4631    4712 e:  -1.7 r:  98.0 OK
China=Deaths i:  75  65  75          . p:    4645    4712 e:  -1.4 r:  98.0 OK
China=Deaths i:  76  66  76   4/8/2020 p:    4648    4712 e:  -1.4 r:  98.1 OK
China=Deaths i:  77  67  77          . p:    4625    4712 e:  -1.8 r:  98.2 OK
China=Deaths i:  78  68  78  4/10/2020 p:    4712    4712 e:   0.0 r:  98.2 OK
China=Deaths i:  79  69  79          . p:    4712    4712 e:   0.0 r:  98.3 OK
China=Deaths i:  80  70  80  4/12/2020 p:    4712    4712 e:   0.0 r:  98.3 OK
China=Deaths i:  81  71  81          . p:    4712    4712 e:   0.0 r:  98.3 OK
China=Deaths i:  82  72  82  4/14/2020 p:    4695    4712 e:  -0.4 r:  98.3 OK
China=Deaths i:  83  73  83          . p:    4625    4712 e:  -1.8 r:  98.4 OK
China=Deaths i:  84  74  84  4/16/2020 p:    4625    4712 e:  -1.8 r:  98.4 OK
China=Deaths i:  85  75  85          . p:    4625    4712 e:  -1.8 r:  98.4 OK
China=Deaths i:  86  76  86  4/18/2020 p:    4625    4712 e:  -1.8 r:  98.4 OK
China=Deaths i:  87  77  87          . p:    4625    4712 e:  -1.8 r:  98.4 OK
China=Deaths i:  88  78  88  4/20/2020 p:    4625    4712 e:  -1.8 r:  98.4 OK
China=Deaths i:  89  79  89          . p:    4625    4712 e:  -1.8 r:  98.4 OK
China=Deaths i:  90  80  90  4/22/2020 p:    4625    4712 e:  -1.8 r:  98.4 OK
China=Deaths i:  97  87  97          . p:    4618    4712 e:  -2.0 r:  98.4 OK
China=Deaths i:  98  88  98  4/30/2020 p:    4618    4712 e:  -2.0 r:  98.4 OK
China=Deaths i:  99  89  99          . p:    4618    4712 e:  -2.0 r:  98.4 OK
China=Deaths i: 100  90 100   5/2/2020 p:    4572    4712 e:  -3.0 r:  98.4 OK
China=Deaths i: 101  91 101          . p:    4618    4712 e:  -2.0 r:  98.4 OK
China=Deaths i: 102  92 102   5/4/2020 p:    4618    4712 e:  -2.0 r:  98.4 OK
China=Deaths i: 103  93 103          . p:    4618    4712 e:  -2.0 r:  98.4 OK
China=Deaths i: 104  94 104   5/6/2020 p:    4618    4712 e:  -2.0 r:  98.4 OK
China=Deaths i: 105  95 105          . p:    4618    4712 e:  -2.0 r:  98.4 OK
China=Deaths i: 106  96 106   5/8/2020 p:    4572    4712 e:  -3.0 r:  98.4 OK
China=Deaths i: 107  97 107          . p:    4572    4712 e:  -3.0 r:  98.4 OK
China=Deaths i: 108  98 108  5/10/2020 p:    4572    4712 e:  -3.0 r:  98.4 OK
China=Deaths i: 109  99 109          . p:    4572    4712 e:  -3.0 r:  98.4 OK
China=Deaths i: 110 100 110  5/12/2020 p:    4572    4712 e:  -3.0 r:  98.4 OK
China=Deaths i: 111 101 111          . p:    4572    4712 e:  -3.0 r:  98.4 OK
China=Deaths i: 112 102 112  5/14/2020 p:    4572    4712 e:  -3.0 r:  98.4 OK
China=Deaths i: 113 103 113          . p:    4572    4712 e:  -3.0 r:  98.4 OK
China=Deaths i: 115 105 115          . p:       0    4712 e: -100.0 r:  98.4   
China=Deaths i: 116 106 116  5/18/2020 p:       0    4712 e: -100.0 r:  98.4   
China=Deaths i: 117 107 117          . p:    4618    4712 e:  -2.0 r:  98.4 OK
China=Deaths i: 118 108 118  5/20/2020 p:    4712    4712 e:   0.0 r:  98.4 OK
China=Deaths i: 119 109 119          . p:    4712    4712 e:   0.0 r:  98.4 OK
China=Deaths i: 120 110 120  5/22/2020 p:    4712    4712 e:   0.0 r:  98.4 OK
China=Deaths i: 121 111 121          . p:    4712    4712 e:   0.0 r:  98.4 OK
China=Deaths i: 122 112 122  5/24/2020 p:    4712    4712 e:   0.0 r:  98.4 OK
China=Deaths i: 123 113 123          . p:    4712    4712 e:   0.0 r:  98.4 OK
China=Deaths i: 124 114 124  5/26/2020 p:    4712    4712 e:   0.0 r:  98.4 OK
China=Deaths i: 125 115 125          . p:    4712    4712 e:   0.0 r:  98.4 OK
China=Deaths i: 126 116 126  5/28/2020 p:    4712    4712 e:   0.0 r:  98.4 OK
China=Deaths i: 127 117 127          . p:    4712    4712 e:   0.0 r:  98.4 OK
China=Deaths i: 128 118 128  5/30/2020 p:    4712    4712 e:   0.0 r:  98.4 OK
China=Deaths i: 129 119 129          . p:    4712    4712 e:   0.0 r:  98.4 OK
China=Deaths i: 130 120 130   6/1/2020 p:    4712    4712 e:   0.0 r:  98.4 OK
China=Deaths i: 131 121 131          . p:    4712    4712 e:   0.0 r:  98.4 OK
China=Deaths i: 132 122 132   6/3/2020 p:    4712    4712 e:   0.0 r:  98.4 OK
China=Deaths i: 133 123 133          . p:    4712    4712 e:   0.0 r:  98.4 OK
China=Deaths i: 134 124 134   6/5/2020 p:    4712    4712 e:   0.0 r:  98.4 OK
China=Deaths i: 135 125 135          . p:    4712    4712 e:   0.0 r:  98.4 OK
China=Deaths i: 136 126 136   6/7/2020 p:    4712    4712 e:   0.0 r:  98.4 OK
China=Deaths i: 137 127 137          . p:    4712    4712 e:   0.0 r:  98.4 OK
China=Deaths i: 138 128 138   6/9/2020 p:    4712    4712 e:   0.0 r:  98.4 OK
