
  # Process COVID TAB data
p1= 300 il= 138
p1= 316 il= 137
p1= 276 il= 136
p1= 316 il= 135
p1= 268 il= 134
US_Indiana_Lake=Deaths nl = 139, n1= 5 s1= 295.2 s2= 87542.4 SD= 19.9839935948749 frac%= 6.76964552671914
US_Indiana_Lake=Deaths i:  73  73  -4          . p:       8     295 e: -97.3 r:   2.7   
US_Indiana_Lake=Deaths i:  74  74  -3   4/6/2020 p:       8     295 e: -97.3 r:   2.7   
US_Indiana_Lake=Deaths i:  79  79   2          . p:      60     295 e: -79.7 r:   8.5   
US_Indiana_Lake=Deaths i:  80  80   3  4/12/2020 p:      28     295 e: -90.5 r:   8.5   
US_Indiana_Lake=Deaths i:  81  81   4          . p:      28     295 e: -90.5 r:   8.8   
US_Indiana_Lake=Deaths i:  82  82   5  4/14/2020 p:      60     295 e: -79.7 r:  10.5   
US_Indiana_Lake=Deaths i:  83  83   6          . p:      60     295 e: -79.7 r:  11.2   
US_Indiana_Lake=Deaths i:  84  84   7  4/16/2020 p:      92     295 e: -68.8 r:  13.9   
US_Indiana_Lake=Deaths i:  85  85   8          . p:      92     295 e: -68.8 r:  14.2   
US_Indiana_Lake=Deaths i:  86  86   9  4/18/2020 p:      84     295 e: -71.5 r:  14.6   
US_Indiana_Lake=Deaths i:  87  87  10          . p:      68     295 e: -77.0 r:  15.2   
US_Indiana_Lake=Deaths i:  88  88  11  4/20/2020 p:      62     295 e: -79.0 r:  15.9   
US_Indiana_Lake=Deaths i:  89  89  12          . p:      83     295 e: -71.9 r:  18.3   
US_Indiana_Lake=Deaths i:  90  90  13  4/22/2020 p:      96     295 e: -67.5 r:  19.3   
US_Indiana_Lake=Deaths i:  91  91  14          . p:     108     295 e: -63.4 r:  20.7   
US_Indiana_Lake=Deaths i:  92  92  15  4/24/2020 p:     108     295 e: -63.4 r:  21.3   
US_Indiana_Lake=Deaths i:  93  93  16          . p:     108     295 e: -63.4 r:  22.7   
US_Indiana_Lake=Deaths i:  94  94  17  4/26/2020 p:     108     295 e: -63.4 r:  23.4   
US_Indiana_Lake=Deaths i:  95  95  18          . p:     110     295 e: -62.7 r:  23.7   
US_Indiana_Lake=Deaths i:  96  96  19  4/28/2020 p:     121     295 e: -59.0 r:  26.1   
US_Indiana_Lake=Deaths i:  97  97  20          . p:     122     295 e: -58.7 r:  27.4   
US_Indiana_Lake=Deaths i:  98  98  21  4/30/2020 p:     124     295 e: -58.0 r:  28.1   
US_Indiana_Lake=Deaths i:  99  99  22          . p:     148     295 e: -49.9 r:  31.2   
US_Indiana_Lake=Deaths i: 100 100  23   5/2/2020 p:     156     295 e: -47.2 r:  32.2   
US_Indiana_Lake=Deaths i: 101 101  24          . p:     156     295 e: -47.2 r:  32.2   
US_Indiana_Lake=Deaths i: 102 102  25   5/4/2020 p:      98     295 e: -66.8 r:  32.9   
US_Indiana_Lake=Deaths i: 103 103  26          . p:     163     295 e: -44.8 r:  34.9   
US_Indiana_Lake=Deaths i: 104 104  27   5/6/2020 p:     164     295 e: -44.4 r:  35.9   
US_Indiana_Lake=Deaths i: 105 105  28          . p:     172     295 e: -41.7 r:  37.6   
US_Indiana_Lake=Deaths i: 106 106  29   5/8/2020 p:     188     295 e: -36.3 r:  40.0   
US_Indiana_Lake=Deaths i: 107 107  30          . p:     196     295 e: -33.6 r:  41.3   
US_Indiana_Lake=Deaths i: 108 108  31  5/10/2020 p:     204     295 e: -30.9 r:  42.0   
US_Indiana_Lake=Deaths i: 109 109  32          . p:     204     295 e: -30.9 r:  42.3   
US_Indiana_Lake=Deaths i: 110 110  33  5/12/2020 p:     203     295 e: -31.2 r:  43.4   
US_Indiana_Lake=Deaths i: 111 111  34          . p:     204     295 e: -30.9 r:  44.7   
US_Indiana_Lake=Deaths i: 112 112  35  5/14/2020 p:     204     295 e: -30.9 r:  45.4   
US_Indiana_Lake=Deaths i: 113 113  36          . p:     228     295 e: -22.8 r:  46.1   
US_Indiana_Lake=Deaths i: 114 114  37  5/16/2020 p:     204     295 e: -30.9 r:  47.4   
US_Indiana_Lake=Deaths i: 115 115  38          . p:     196     295 e: -33.6 r:  47.4   
US_Indiana_Lake=Deaths i: 116 116  39  5/18/2020 p:     195     295 e: -33.9 r:  47.4   
US_Indiana_Lake=Deaths i: 117 117  40          . p:     196     295 e: -33.6 r:  48.8   
US_Indiana_Lake=Deaths i: 118 118  41  5/20/2020 p:     196     295 e: -33.6 r:  50.5   
US_Indiana_Lake=Deaths i: 119 119  42          . p:     213     295 e: -27.8 r:  54.9   
US_Indiana_Lake=Deaths i: 120 120  43  5/22/2020 p:     228     295 e: -22.8 r:  56.2   
US_Indiana_Lake=Deaths i: 121 121  44          . p:     228     295 e: -22.8 r:  56.6   
US_Indiana_Lake=Deaths i: 122 122  45  5/24/2020 p:     228     295 e: -22.8 r:  56.6   
US_Indiana_Lake=Deaths i: 123 123  46          . p:     228     295 e: -22.8 r:  56.6   
US_Indiana_Lake=Deaths i: 124 124  47  5/26/2020 p:     228     295 e: -22.8 r:  56.9   
US_Indiana_Lake=Deaths i: 125   0  48          . p:     252     295 e: -14.6 r:  57.6 OK 1st
US_Indiana_Lake=Deaths i: 126   1  49  5/28/2020 p:     252     295 e: -14.6 r:  59.3 OK
US_Indiana_Lake=Deaths i: 127   2  50          . p:     236     295 e: -20.1 r:  62.7   
US_Indiana_Lake=Deaths i: 128   3  51  5/30/2020 p:     244     295 e: -17.3 r:  63.0   
US_Indiana_Lake=Deaths i: 129   4  52          . p:     244     295 e: -17.3 r:  64.4   
US_Indiana_Lake=Deaths i: 130   5  53   6/1/2020 p:     244     295 e: -17.3 r:  64.4   
US_Indiana_Lake=Deaths i: 131   6  54          . p:     260     295 e: -11.9 r:  67.8 OK
US_Indiana_Lake=Deaths i: 132   7  55   6/3/2020 p:     260     295 e: -11.9 r:  68.4 OK
US_Indiana_Lake=Deaths i: 133   8  56          . p:     268     295 e:  -9.2 r:  68.8 OK
US_Indiana_Lake=Deaths i: 134   9  57   6/5/2020 p:     268     295 e:  -9.2 r:  70.1 OK
US_Indiana_Lake=Deaths i: 135  10  58          . p:     316     295 e:   7.0 r:  71.1 OK
US_Indiana_Lake=Deaths i: 136  11  59   6/7/2020 p:     276     295 e:  -6.5 r:  71.5 OK
US_Indiana_Lake=Deaths i: 137  12  60          . p:     316     295 e:   7.0 r:  72.8 OK
US_Indiana_Lake=Deaths i: 138  13  61   6/9/2020 p:     300     295 e:   1.6 r:  73.5 OK
