
  # Process COVID TAB data
p1= 167 il= 138
p1= 167 il= 137
p1= 167 il= 136
p1= 167 il= 135
p1= 162 il= 134
US_Delaware_Sussex=Deaths nl = 139, n1= 5 s1= 166 s2= 27560 SD= 2 frac%= 1.20481927710843
US_Delaware_Sussex=Deaths i:  71  71 -13          . p:       3     166 e: -98.2 r:   1.8   
US_Delaware_Sussex=Deaths i:  72  72 -12   4/4/2020 p:       3     166 e: -98.2 r:   1.8   
US_Delaware_Sussex=Deaths i:  73  73 -11          . p:       3     166 e: -98.2 r:   1.8   
US_Delaware_Sussex=Deaths i:  74  74 -10   4/6/2020 p:       3     166 e: -98.2 r:   1.8   
US_Delaware_Sussex=Deaths i:  81  81  -3          . p:      30     166 e: -81.9 r:   9.0   
US_Delaware_Sussex=Deaths i:  82  82  -2  4/14/2020 p:      19     166 e: -88.6 r:   9.6   
US_Delaware_Sussex=Deaths i:  83  83  -1          . p:      19     166 e: -88.6 r:   9.6   
US_Delaware_Sussex=Deaths i:  84  84   0  4/16/2020 p:      19     166 e: -88.6 r:  10.8   
US_Delaware_Sussex=Deaths i:  85  85   1          . p:      35     166 e: -78.9 r:  13.3   
US_Delaware_Sussex=Deaths i:  86  86   2  4/18/2020 p:      35     166 e: -78.9 r:  15.1   
US_Delaware_Sussex=Deaths i:  87  87   3          . p:      30     166 e: -81.9 r:  15.1   
US_Delaware_Sussex=Deaths i:  88  88   4  4/20/2020 p:      30     166 e: -81.9 r:  15.7   
US_Delaware_Sussex=Deaths i:  89  89   5          . p:      46     166 e: -72.3 r:  19.3   
US_Delaware_Sussex=Deaths i:  90  90   6  4/22/2020 p:      57     166 e: -65.7 r:  21.7   
US_Delaware_Sussex=Deaths i:  91  91   7          . p:      57     166 e: -65.7 r:  22.3   
US_Delaware_Sussex=Deaths i:  92  92   8  4/24/2020 p:      57     166 e: -65.7 r:  24.1   
US_Delaware_Sussex=Deaths i:  93  93   9          . p:      57     166 e: -65.7 r:  25.3   
US_Delaware_Sussex=Deaths i:  94  94  10  4/26/2020 p:      57     166 e: -65.7 r:  25.9   
US_Delaware_Sussex=Deaths i:  95  95  11          . p:      57     166 e: -65.7 r:  27.1   
US_Delaware_Sussex=Deaths i:  96  96  12  4/28/2020 p:      71     166 e: -57.2 r:  30.7   
US_Delaware_Sussex=Deaths i:  97  97  13          . p:      73     166 e: -56.0 r:  32.5   
US_Delaware_Sussex=Deaths i:  98  98  14  4/30/2020 p:      85     166 e: -48.8 r:  34.9   
US_Delaware_Sussex=Deaths i:  99  99  15          . p:      90     166 e: -45.8 r:  37.3   
US_Delaware_Sussex=Deaths i: 100 100  16   5/2/2020 p:      96     166 e: -42.2 r:  38.0   
US_Delaware_Sussex=Deaths i: 101 101  17          . p:     101     166 e: -39.2 r:  41.0   
US_Delaware_Sussex=Deaths i: 102 102  18   5/4/2020 p:     101     166 e: -39.2 r:  42.2   
US_Delaware_Sussex=Deaths i: 103 103  19          . p:     104     166 e: -37.3 r:  43.4   
US_Delaware_Sussex=Deaths i: 104 104  20   5/6/2020 p:      95     166 e: -42.8 r:  45.2   
US_Delaware_Sussex=Deaths i: 105 105  21          . p:     111     166 e: -33.1 r:  47.6   
US_Delaware_Sussex=Deaths i: 106 106  22   5/8/2020 p:     123     166 e: -25.9 r:  51.8   
US_Delaware_Sussex=Deaths i: 107 107  23          . p:     134     166 e: -19.3 r:  54.2   
US_Delaware_Sussex=Deaths i: 108 108  24  5/10/2020 p:     134     166 e: -19.3 r:  54.2   
US_Delaware_Sussex=Deaths i: 109 109  25          . p:     134     166 e: -19.3 r:  54.8   
US_Delaware_Sussex=Deaths i: 110   0  26  5/12/2020 p:     180     166 e:   8.4 r:  56.0 OK 1st
US_Delaware_Sussex=Deaths i: 111   1  27          . p:     181     166 e:   9.0 r:  59.6 OK
US_Delaware_Sussex=Deaths i: 112   2  28  5/14/2020 p:     206     166 e:  24.1 r:  63.3   
US_Delaware_Sussex=Deaths i: 113   3  29          . p:     151     166 e:  -9.0 r:  65.1 OK
US_Delaware_Sussex=Deaths i: 114   4  30  5/16/2020 p:     156     166 e:  -6.0 r:  67.5 OK
US_Delaware_Sussex=Deaths i: 115   5  31          . p:     162     166 e:  -2.4 r:  68.1 OK
US_Delaware_Sussex=Deaths i: 116   6  32  5/18/2020 p:     217     166 e:  30.7 r:  68.7   
US_Delaware_Sussex=Deaths i: 117   7  33          . p:     196     166 e:  18.1 r:  69.3   
US_Delaware_Sussex=Deaths i: 118   8  34  5/20/2020 p:     158     166 e:  -4.8 r:  69.9 OK
US_Delaware_Sussex=Deaths i: 119   9  35          . p:     158     166 e:  -4.8 r:  70.5 OK
US_Delaware_Sussex=Deaths i: 120  10  36  5/22/2020 p:     178     166 e:   7.2 r:  71.7 OK
US_Delaware_Sussex=Deaths i: 121  11  37          . p:     173     166 e:   4.2 r:  71.7 OK
US_Delaware_Sussex=Deaths i: 122  12  38  5/24/2020 p:     167     166 e:   0.6 r:  72.9 OK
US_Delaware_Sussex=Deaths i: 123  13  39          . p:     155     166 e:  -6.6 r:  75.9 OK
US_Delaware_Sussex=Deaths i: 124  14  40  5/26/2020 p:     156     166 e:  -6.0 r:  77.1 OK
US_Delaware_Sussex=Deaths i: 125  15  41          . p:     156     166 e:  -6.0 r:  77.1 OK
US_Delaware_Sussex=Deaths i: 126  16  42  5/28/2020 p:     156     166 e:  -6.0 r:  77.7 OK
US_Delaware_Sussex=Deaths i: 127  17  43          . p:     156     166 e:  -6.0 r:  78.9 OK
US_Delaware_Sussex=Deaths i: 128  18  44  5/30/2020 p:     156     166 e:  -6.0 r:  79.5 OK
US_Delaware_Sussex=Deaths i: 129  19  45          . p:     156     166 e:  -6.0 r:  80.1 OK
US_Delaware_Sussex=Deaths i: 130  20  46   6/1/2020 p:     156     166 e:  -6.0 r:  80.1 OK
US_Delaware_Sussex=Deaths i: 131  21  47          . p:     152     166 e:  -8.4 r:  81.3 OK
US_Delaware_Sussex=Deaths i: 132  22  48   6/3/2020 p:     151     166 e:  -9.0 r:  81.9 OK
US_Delaware_Sussex=Deaths i: 133  23  49          . p:     162     166 e:  -2.4 r:  86.1 OK
US_Delaware_Sussex=Deaths i: 134  24  50   6/5/2020 p:     162     166 e:  -2.4 r:  86.7 OK
US_Delaware_Sussex=Deaths i: 135  25  51          . p:     167     166 e:   0.6 r:  86.7 OK
US_Delaware_Sussex=Deaths i: 136  26  52   6/7/2020 p:     167     166 e:   0.6 r:  88.0 OK
US_Delaware_Sussex=Deaths i: 137  27  53          . p:     167     166 e:   0.6 r:  88.0 OK
US_Delaware_Sussex=Deaths i: 138  28  54   6/9/2020 p:     167     166 e:   0.6 r:  89.8 OK
