
  # Process COVID TAB data
p1= 6819 il= 138
p1= 6854 il= 137
p1= 6854 il= 136
p1= 6854 il= 135
p1= 6854 il= 134
Italy_Marche=Confirmed nl = 139, n1= 5 s1= 6847 s2= 46881605 SD= 14 frac%= 0.204469110559369
Italy_Marche=Confirmed i:  40  40  -1   3/3/2020 p:    1297    6847 e: -81.1 r:   0.9   
Italy_Marche=Confirmed i:  41  41   0          . p:     560    6847 e: -91.8 r:   1.2   
Italy_Marche=Confirmed i:  42  42   1   3/5/2020 p:     780    6847 e: -88.6 r:   1.8   
Italy_Marche=Confirmed i:  43  43   2          . p:     703    6847 e: -89.7 r:   2.3   
Italy_Marche=Confirmed i:  44  44   3   3/7/2020 p:     715    6847 e: -89.6 r:   3.0   
Italy_Marche=Confirmed i:  45  45   4          . p:    1217    6847 e: -82.2 r:   4.0   
Italy_Marche=Confirmed i:  46  46   5   3/9/2020 p:    1195    6847 e: -82.5 r:   4.7   
Italy_Marche=Confirmed i:  47  47   6          . p:    1269    6847 e: -81.5 r:   5.8   
Italy_Marche=Confirmed i:  48  48   7  3/11/2020 p:    1527    6847 e: -77.7 r:   7.0   
Italy_Marche=Confirmed i:  49  49   8          . p:    1869    6847 e: -72.7 r:   8.6   
Italy_Marche=Confirmed i:  50  50   9  3/13/2020 p:    2617    6847 e: -61.8 r:  10.6   
Italy_Marche=Confirmed i:  51  51  10          . p:    3115    6847 e: -54.5 r:  13.1   
Italy_Marche=Confirmed i:  52  52  11  3/15/2020 p:    4362    6847 e: -36.3 r:  16.5   
Italy_Marche=Confirmed i:  53  53  12          . p:    4611    6847 e: -32.7 r:  18.1   
Italy_Marche=Confirmed i:  54  54  13  3/17/2020 p:    4611    6847 e: -32.7 r:  20.0   
Italy_Marche=Confirmed i:  55  55  14          . p:    2661    6847 e: -61.1 r:  22.9   
Italy_Marche=Confirmed i:  56  56  15  3/19/2020 p:    2934    6847 e: -57.1 r:  25.4   
Italy_Marche=Confirmed i:  57  57  16          . p:    4362    6847 e: -36.3 r:  28.9   
Italy_Marche=Confirmed i:  58  58  17  3/21/2020 p:    4611    6847 e: -32.7 r:  31.4   
Italy_Marche=Confirmed i:  59   0  18          . p:    6106    6847 e: -10.8 r:  35.4 OK 1st
Italy_Marche=Confirmed i:  60   1  19  3/23/2020 p:    8350    6847 e:  22.0 r:  37.5   
Italy_Marche=Confirmed i:  61   2  20          . p:    7168    6847 e:   4.7 r:  40.0 OK
Italy_Marche=Confirmed i:  62   3  21  3/25/2020 p:    5567    6847 e: -18.7 r:  42.9   
Italy_Marche=Confirmed i:  63   4  22          . p:    7252    6847 e:   5.9 r:  45.5 OK
Italy_Marche=Confirmed i:  64   5  23  3/27/2020 p:    4275    6847 e: -37.6 r:  46.7   
Italy_Marche=Confirmed i:  65   6  24          . p:    5253    6847 e: -23.3 r:  49.3   
Italy_Marche=Confirmed i:  66   7  25  3/29/2020 p:    4959    6847 e: -27.6 r:  52.0   
Italy_Marche=Confirmed i:  67   8  26          . p:    5247    6847 e: -23.4 r:  53.8   
Italy_Marche=Confirmed i:  68   9  27  3/31/2020 p:    5352    6847 e: -21.8 r:  55.9   
Italy_Marche=Confirmed i:  69  10  28          . p:    5349    6847 e: -21.9 r:  57.9   
Italy_Marche=Confirmed i:  70  11  29   4/2/2020 p:    5462    6847 e: -20.2 r:  59.9   
Italy_Marche=Confirmed i:  71  12  30          . p:    5532    6847 e: -19.2 r:  61.8   
Italy_Marche=Confirmed i:  72  13  31   4/4/2020 p:    5570    6847 e: -18.7 r:  63.4   
Italy_Marche=Confirmed i:  73  14  32          . p:    5648    6847 e: -17.5 r:  65.2   
Italy_Marche=Confirmed i:  74  15  33   4/6/2020 p:    5910    6847 e: -13.7 r:  67.4 OK
Italy_Marche=Confirmed i:  75  16  34          . p:    5974    6847 e: -12.8 r:  68.8 OK
Italy_Marche=Confirmed i:  76  17  35   4/8/2020 p:    6106    6847 e: -10.8 r:  71.0 OK
Italy_Marche=Confirmed i:  77  18  36          . p:    6114    6847 e: -10.7 r:  72.4 OK
Italy_Marche=Confirmed i:  78  19  37  4/10/2020 p:    6153    6847 e: -10.1 r:  74.3 OK
Italy_Marche=Confirmed i:  79  20  38          . p:    6356    6847 e:  -7.2 r:  76.1 OK
Italy_Marche=Confirmed i:  80  21  39  4/12/2020 p:    6341    6847 e:  -7.4 r:  77.4 OK
Italy_Marche=Confirmed i:  81  22  40          . p:    6424    6847 e:  -6.2 r:  78.6 OK
Italy_Marche=Confirmed i:  82  23  41  4/14/2020 p:    6420    6847 e:  -6.2 r:  79.2 OK
Italy_Marche=Confirmed i:  83  24  42          . p:    6429    6847 e:  -6.1 r:  80.4 OK
Italy_Marche=Confirmed i:  84  25  43  4/16/2020 p:    6412    6847 e:  -6.4 r:  81.5 OK
Italy_Marche=Confirmed i:  85  26  44          . p:    6605    6847 e:  -3.5 r:  82.8 OK
Italy_Marche=Confirmed i:  86  27  45  4/18/2020 p:    6605    6847 e:  -3.5 r:  83.6 OK
Italy_Marche=Confirmed i:  87  28  46          . p:    6494    6847 e:  -5.2 r:  84.3 OK
Italy_Marche=Confirmed i:  88  29  47  4/20/2020 p:    6477    6847 e:  -5.4 r:  85.1 OK
Italy_Marche=Confirmed i:  89  30  48          . p:    6490    6847 e:  -5.2 r:  85.8 OK
Italy_Marche=Confirmed i:  90  31  49  4/22/2020 p:    6496    6847 e:  -5.1 r:  86.5 OK
Italy_Marche=Confirmed i:  91  32  50          . p:    6495    6847 e:  -5.1 r:  86.9 OK
Italy_Marche=Confirmed i:  92  33  51  4/24/2020 p:    6605    6847 e:  -3.5 r:  88.0 OK
Italy_Marche=Confirmed i:  93  34  52          . p:    6562    6847 e:  -4.2 r:  88.5 OK
Italy_Marche=Confirmed i:  94  35  53  4/26/2020 p:    6605    6847 e:  -3.5 r:  89.3 OK
Italy_Marche=Confirmed i:  95  36  54          . p:    6530    6847 e:  -4.6 r:  89.5 OK
Italy_Marche=Confirmed i:  96  37  55  4/28/2020 p:    6613    6847 e:  -3.4 r:  90.2 OK
Italy_Marche=Confirmed i:  97  38  56          . p:    6595    6847 e:  -3.7 r:  90.7 OK
Italy_Marche=Confirmed i:  98  39  57  4/30/2020 p:    6602    6847 e:  -3.6 r:  91.2 OK
Italy_Marche=Confirmed i:  99  40  58          . p:    6697    6847 e:  -2.2 r:  91.6 OK
Italy_Marche=Confirmed i: 100  41  59   5/2/2020 p:    6693    6847 e:  -2.2 r:  92.0 OK
Italy_Marche=Confirmed i: 101  42  60          . p:    6694    6847 e:  -2.2 r:  92.3 OK
Italy_Marche=Confirmed i: 102  43  61   5/4/2020 p:    6665    6847 e:  -2.7 r:  92.9 OK
Italy_Marche=Confirmed i: 103  44  62          . p:    6605    6847 e:  -3.5 r:  93.4 OK
Italy_Marche=Confirmed i: 104  45  63   5/6/2020 p:    6854    6847 e:   0.1 r:  93.8 OK
Italy_Marche=Confirmed i: 105  46  64          . p:    6854    6847 e:   0.1 r:  94.2 OK
Italy_Marche=Confirmed i: 106  47  65   5/8/2020 p:    6854    6847 e:   0.1 r:  94.5 OK
Italy_Marche=Confirmed i: 107  48  66          . p:    6741    6847 e:  -1.5 r:  94.8 OK
Italy_Marche=Confirmed i: 108  49  67  5/10/2020 p:    6854    6847 e:   0.1 r:  95.4 OK
Italy_Marche=Confirmed i: 109  50  68          . p:    6854    6847 e:   0.1 r:  95.6 OK
Italy_Marche=Confirmed i: 110  51  69  5/12/2020 p:    6803    6847 e:  -0.6 r:  95.9 OK
Italy_Marche=Confirmed i: 111  52  70          . p:    6814    6847 e:  -0.5 r:  96.2 OK
Italy_Marche=Confirmed i: 112  53  71  5/14/2020 p:    6823    6847 e:  -0.4 r:  96.4 OK
Italy_Marche=Confirmed i: 113  54  72          . p:    6823    6847 e:  -0.4 r:  96.7 OK
Italy_Marche=Confirmed i: 114  55  73  5/16/2020 p:    6854    6847 e:   0.1 r:  97.0 OK
Italy_Marche=Confirmed i: 115  56  74          . p:    6854    6847 e:   0.1 r:  97.4 OK
Italy_Marche=Confirmed i: 116  57  75  5/18/2020 p:    6854    6847 e:   0.1 r:  97.4 OK
Italy_Marche=Confirmed i: 117  58  76          . p:    6899    6847 e:   0.8 r:  97.5 OK
Italy_Marche=Confirmed i: 118  59  77  5/20/2020 p:    6899    6847 e:   0.8 r:  97.5 OK
Italy_Marche=Confirmed i: 119  60  78          . p:    6899    6847 e:   0.8 r:  97.7 OK
Italy_Marche=Confirmed i: 120  61  79  5/22/2020 p:    6899    6847 e:   0.8 r:  97.8 OK
Italy_Marche=Confirmed i: 121  62  80          . p:    6854    6847 e:   0.1 r:  97.9 OK
Italy_Marche=Confirmed i: 122  63  81  5/24/2020 p:    6854    6847 e:   0.1 r:  98.1 OK
Italy_Marche=Confirmed i: 123  64  82          . p:    6854    6847 e:   0.1 r:  98.1 OK
Italy_Marche=Confirmed i: 124  65  83  5/26/2020 p:    6823    6847 e:  -0.4 r:  98.1 OK
Italy_Marche=Confirmed i: 125  66  84          . p:    6796    6847 e:  -0.7 r:  98.1 OK
Italy_Marche=Confirmed i: 126  67  85  5/28/2020 p:    6796    6847 e:  -0.7 r:  98.1 OK
Italy_Marche=Confirmed i: 127  68  86          . p:    6854    6847 e:   0.1 r:  98.2 OK
Italy_Marche=Confirmed i: 128  69  87  5/30/2020 p:    6854    6847 e:   0.1 r:  98.2 OK
Italy_Marche=Confirmed i: 129  70  88          . p:    6854    6847 e:   0.1 r:  98.3 OK
Italy_Marche=Confirmed i: 130  71  89   6/1/2020 p:    6854    6847 e:   0.1 r:  98.3 OK
Italy_Marche=Confirmed i: 131  72  90          . p:    6854    6847 e:   0.1 r:  98.3 OK
Italy_Marche=Confirmed i: 132  73  91   6/3/2020 p:    6854    6847 e:   0.1 r:  98.4 OK
Italy_Marche=Confirmed i: 133  74  92          . p:    6854    6847 e:   0.1 r:  98.4 OK
Italy_Marche=Confirmed i: 134  75  93   6/5/2020 p:    6854    6847 e:   0.1 r:  98.4 OK
Italy_Marche=Confirmed i: 135  76  94          . p:    6854    6847 e:   0.1 r:  98.5 OK
Italy_Marche=Confirmed i: 136  77  95   6/7/2020 p:    6854    6847 e:   0.1 r:  98.5 OK
Italy_Marche=Confirmed i: 137  78  96          . p:    6854    6847 e:   0.1 r:  98.5 OK
Italy_Marche=Confirmed i: 138  79  97   6/9/2020 p:    6819    6847 e:  -0.4 r:  98.5 OK
