
  # Process COVID TAB data
p1= 10889 il= 138
p1= 8839 il= 137
p1= 8583 il= 136
p1= 8839 il= 135
p1= 8070 il= 134
Honduras=Confirmed nl = 139, n1= 5 s1= 9044 s2= 82723790.4 SD= 964.289583061025 frac%= 10.6622023779415
Honduras=Confirmed i:  55  55 -10          . p:     128    9044 e: -98.6 r:   0.1   
Honduras=Confirmed i:  56  56  -9  3/19/2020 p:     128    9044 e: -98.6 r:   0.1   
Honduras=Confirmed i:  58  58  -7  3/21/2020 p:    5764    9044 e: -36.3 r:   0.3   
Honduras=Confirmed i:  59  59  -6          . p:     384    9044 e: -95.8 r:   0.3   
Honduras=Confirmed i:  60  60  -5  3/23/2020 p:     128    9044 e: -98.6 r:   0.3   
Honduras=Confirmed i:  61  61  -4          . p:     129    9044 e: -98.6 r:   0.3   
Honduras=Confirmed i:  62  62  -3  3/25/2020 p:     128    9044 e: -98.6 r:   0.4   
Honduras=Confirmed i:  63  63  -2          . p:     128    9044 e: -98.6 r:   0.6   
Honduras=Confirmed i:  64  64  -1  3/27/2020 p:     384    9044 e: -95.8 r:   0.8   
Honduras=Confirmed i:  65  65   0          . p:    4227    9044 e: -53.3 r:   1.1   
Honduras=Confirmed i:  66  66   1  3/29/2020 p:    3202    9044 e: -64.6 r:   1.2   
Honduras=Confirmed i:  67  67   2          . p:     384    9044 e: -95.8 r:   1.5   
Honduras=Confirmed i:  68  68   3  3/31/2020 p:     128    9044 e: -98.6 r:   1.6   
Honduras=Confirmed i:  69  69   4          . p:     384    9044 e: -95.8 r:   1.9   
Honduras=Confirmed i:  70  70   5   4/2/2020 p:     640    9044 e: -92.9 r:   2.4   
Honduras=Confirmed i:  71  71   6          . p:     640    9044 e: -92.9 r:   2.5   
Honduras=Confirmed i:  72  72   7   4/4/2020 p:     640    9044 e: -92.9 r:   2.9   
Honduras=Confirmed i:  73  73   8          . p:     578    9044 e: -93.6 r:   3.0   
Honduras=Confirmed i:  74  74   9   4/6/2020 p:     553    9044 e: -93.9 r:   3.3   
Honduras=Confirmed i:  75  75  10          . p:     466    9044 e: -94.8 r:   3.4   
Honduras=Confirmed i:  76  76  11   4/8/2020 p:     336    9044 e: -96.3 r:   3.4   
Honduras=Confirmed i:  77  77  12          . p:     451    9044 e: -95.0 r:   3.8   
Honduras=Confirmed i:  78  78  13  4/10/2020 p:    1145    9044 e: -87.3 r:   4.2   
Honduras=Confirmed i:  79  79  14          . p:     640    9044 e: -92.9 r:   4.3   
Honduras=Confirmed i:  80  80  15  4/12/2020 p:     640    9044 e: -92.9 r:   4.3   
Honduras=Confirmed i:  81  81  16          . p:     526    9044 e: -94.2 r:   4.4   
Honduras=Confirmed i:  82  82  17  4/14/2020 p:     498    9044 e: -94.5 r:   4.5   
Honduras=Confirmed i:  83  83  18          . p:     486    9044 e: -94.6 r:   4.6   
Honduras=Confirmed i:  84  84  19  4/16/2020 p:     384    9044 e: -95.8 r:   4.7   
Honduras=Confirmed i:  85  85  20          . p:     384    9044 e: -95.8 r:   4.9   
Honduras=Confirmed i:  86  86  21  4/18/2020 p:     640    9044 e: -92.9 r:   5.1   
Honduras=Confirmed i:  87  87  22          . p:     640    9044 e: -92.9 r:   5.2   
Honduras=Confirmed i:  88  88  23  4/20/2020 p:     640    9044 e: -92.9 r:   5.3   
Honduras=Confirmed i:  89  89  24          . p:     640    9044 e: -92.9 r:   5.5   
Honduras=Confirmed i:  90  90  25  4/22/2020 p:     640    9044 e: -92.9 r:   5.6   
Honduras=Confirmed i:  91  91  26          . p:     640    9044 e: -92.9 r:   5.7   
Honduras=Confirmed i:  95  95  30          . p:     640    9044 e: -92.9 r:   7.3   
Honduras=Confirmed i:  96  96  31  4/28/2020 p:     896    9044 e: -90.1 r:   7.8   
Honduras=Confirmed i:  97  97  32          . p:     896    9044 e: -90.1 r:   8.2   
Honduras=Confirmed i:  98  98  33  4/30/2020 p:    1152    9044 e: -87.3 r:   8.5   
Honduras=Confirmed i:  99  99  34          . p:    1152    9044 e: -87.3 r:   8.9   
Honduras=Confirmed i: 103 103  38          . p:    1785    9044 e: -80.3 r:  14.0   
Honduras=Confirmed i: 104   0  39   5/6/2020 p:    8326    9044 e:  -7.9 r:  16.2 OK 1st
Honduras=Confirmed i: 106   2  41   5/8/2020 p:   16013    9044 e:  77.1 r:  19.6   
Honduras=Confirmed i: 107   3  42          . p:    1921    9044 e: -78.8 r:  20.2   
Honduras=Confirmed i: 108   4  43  5/10/2020 p:    2434    9044 e: -73.1 r:  21.8   
Honduras=Confirmed i: 109   5  44          . p:    2434    9044 e: -73.1 r:  22.4   
Honduras=Confirmed i: 110   6  45  5/12/2020 p:    2434    9044 e: -73.1 r:  23.0   
Honduras=Confirmed i: 111   7  46          . p:    2946    9044 e: -67.4 r:  24.9   
Honduras=Confirmed i: 112   8  47  5/14/2020 p:    2946    9044 e: -67.4 r:  25.6   
Honduras=Confirmed i: 113   9  48          . p:    3458    9044 e: -61.8 r:  27.2   
Honduras=Confirmed i: 114  10  49  5/16/2020 p:    3715    9044 e: -58.9 r:  28.4   
Honduras=Confirmed i: 115  11  50          . p:    3715    9044 e: -58.9 r:  29.3   
Honduras=Confirmed i: 116  12  51  5/18/2020 p:    3971    9044 e: -56.1 r:  30.9   
Honduras=Confirmed i: 117  13  52          . p:    4483    9044 e: -50.4 r:  32.7   
Honduras=Confirmed i: 118  14  53  5/20/2020 p:    4996    9044 e: -44.8 r:  34.0   
Honduras=Confirmed i: 119  15  54          . p:    5252    9044 e: -41.9 r:  35.4   
Honduras=Confirmed i: 120  16  55  5/22/2020 p:    6277    9044 e: -30.6 r:  38.4   
Honduras=Confirmed i: 121  17  56          . p:    7558    9044 e: -16.4 r:  41.1   
Honduras=Confirmed i: 122  18  57  5/24/2020 p:    9351    9044 e:   3.4 r:  43.7 OK
Honduras=Confirmed i: 123  19  58          . p:   11657    9044 e:  28.9 r:  46.3   
Honduras=Confirmed i: 124  20  59  5/26/2020 p:   15501    9044 e:  71.4 r:  48.7   
Honduras=Confirmed i: 125  21  60          . p:    7814    9044 e: -13.6 r:  51.3 OK
Honduras=Confirmed i: 126  22  61  5/28/2020 p:    6021    9044 e: -33.4 r:  52.5   
Honduras=Confirmed i: 127  23  62          . p:    5252    9044 e: -41.9 r:  52.5   
Honduras=Confirmed i: 128  24  63  5/30/2020 p:    6533    9044 e: -27.8 r:  56.3   
Honduras=Confirmed i: 129  25  64          . p:    6789    9044 e: -24.9 r:  57.5   
Honduras=Confirmed i: 130  26  65   6/1/2020 p:    6789    9044 e: -24.9 r:  59.3   
Honduras=Confirmed i: 131  27  66          . p:    7045    9044 e: -22.1 r:  61.1   
Honduras=Confirmed i: 132  28  67   6/3/2020 p:    7558    9044 e: -16.4 r:  62.9   
Honduras=Confirmed i: 133  29  68          . p:    9351    9044 e:   3.4 r:  65.0 OK
Honduras=Confirmed i: 134  30  69   6/5/2020 p:    8070    9044 e: -10.8 r:  66.0 OK
Honduras=Confirmed i: 135  31  70          . p:    8839    9044 e:  -2.3 r:  68.1 OK
Honduras=Confirmed i: 136  32  71   6/7/2020 p:    8583    9044 e:  -5.1 r:  70.0 OK
Honduras=Confirmed i: 137  33  72          . p:    8839    9044 e:  -2.3 r:  71.3 OK
Honduras=Confirmed i: 138  34  73   6/9/2020 p:   10889    9044 e:  20.4 r:  76.7   
