
  # Process COVID TAB data
p1= 244832 il= 138
p1= 245836 il= 137
p1= 245836 il= 136
p1= 245836 il= 135
p1= 245836 il= 134
Spain=Confirmed nl = 139, n1= 5 s1= 245635.2 s2= 60336812761.6 SD= 401.599999987462 frac%= 0.163494482870314
Spain=Confirmed i:  21  21 -17          . p:       0  245635 e: -100.0 r:   0.0   
Spain=Confirmed i:  22  22 -16  2/14/2020 p:       0  245635 e: -100.0 r:   0.0   
Spain=Confirmed i:  23  23 -15          . p:       0  245635 e: -100.0 r:   0.0   
Spain=Confirmed i:  24  24 -14  2/16/2020 p:       0  245635 e: -100.0 r:   0.0   
Spain=Confirmed i:  25  25 -13          . p:  677897  245635 e: 176.0 r:   0.0   
Spain=Confirmed i:  26  26 -12  2/18/2020 p:  677897  245635 e: 176.0 r:   0.0   
Spain=Confirmed i:  27  27 -11          . p:       0  245635 e: -100.0 r:   0.0   
Spain=Confirmed i:  28  28 -10  2/20/2020 p:  677897  245635 e: 176.0 r:   0.0   
Spain=Confirmed i:  29  29  -9          . p:  357162  245635 e:  45.4 r:   0.0   
Spain=Confirmed i:  30  30  -8  2/22/2020 p:  360908  245635 e:  46.9 r:   0.0   
Spain=Confirmed i:  31   0  -7          . p:  242674  245635 e:  -1.2 r:   0.0 OK 1st
Spain=Confirmed i:  32   1  -6  2/24/2020 p:  357162  245635 e:  45.4 r:   0.0   
Spain=Confirmed i:  36   5  -2  2/28/2020 p:    4469  245635 e: -98.2 r:   0.0   
Spain=Confirmed i:  37   6  -1          . p:    4469  245635 e: -98.2 r:   0.0   
Spain=Confirmed i:  38   7   0   3/1/2020 p:    4469  245635 e: -98.2 r:   0.0   
Spain=Confirmed i:  39   8   1          . p:    4469  245635 e: -98.2 r:   0.1   
Spain=Confirmed i:  40   9   2   3/3/2020 p:    4469  245635 e: -98.2 r:   0.1   
Spain=Confirmed i:  41  10   3          . p:    4469  245635 e: -98.2 r:   0.1   
Spain=Confirmed i:  42  11   4   3/5/2020 p:    4469  245635 e: -98.2 r:   0.1   
Spain=Confirmed i:  43  12   5          . p:    4469  245635 e: -98.2 r:   0.2   
Spain=Confirmed i:  44  13   6   3/7/2020 p:    4469  245635 e: -98.2 r:   0.2   
Spain=Confirmed i:  45  14   7          . p:   13409  245635 e: -94.5 r:   0.3   
Spain=Confirmed i:  46  15   8   3/9/2020 p:   58106  245635 e: -76.3 r:   0.5   
Spain=Confirmed i:  47  16   9          . p:  120683  245635 e: -50.9 r:   0.8   
Spain=Confirmed i:  48  17  10  3/11/2020 p:  353110  245635 e:  43.8 r:   1.0   
Spain=Confirmed i:  49  18  11          . p:    4469  245635 e: -98.2 r:   1.0   
Spain=Confirmed i:  52  21  14  3/15/2020 p:   22348  245635 e: -90.9 r:   3.6   
Spain=Confirmed i:  53  22  15          . p:   22348  245635 e: -90.9 r:   4.5   
Spain=Confirmed i:  54  23  16  3/17/2020 p:   22348  245635 e: -90.9 r:   5.3   
Spain=Confirmed i:  55  24  17          . p:   22348  245635 e: -90.9 r:   6.3   
Spain=Confirmed i:  56  25  18  3/19/2020 p:   49167  245635 e: -80.0 r:   8.2   
Spain=Confirmed i:  57  26  19          . p:   58106  245635 e: -76.3 r:   9.3   
Spain=Confirmed i:  58  27  20  3/21/2020 p:   93864  245635 e: -61.8 r:  11.6   
Spain=Confirmed i:  59  28  21          . p:  219017  245635 e: -10.8 r:  13.1 OK
Spain=Confirmed i:  60  29  22  3/23/2020 p:  156441  245635 e: -36.3 r:  15.1   
Spain=Confirmed i:  61  30  23          . p:  165380  245635 e: -32.7 r:  17.2   
Spain=Confirmed i:  62  31  24  3/25/2020 p:  210078  245635 e: -14.5 r:  20.6 OK
Spain=Confirmed i:  63  32  25          . p:  272654  245635 e:  11.0 r:  23.9 OK
Spain=Confirmed i:  64  33  26  3/27/2020 p:  308412  245635 e:  25.6 r:  27.0   
Spain=Confirmed i:  65  34  27          . p:  335231  245635 e:  36.5 r:  29.8   
Spain=Confirmed i:  66  35  28  3/29/2020 p:  335231  245635 e:  36.5 r:  32.6   
Spain=Confirmed i:  67  36  29          . p:  326291  245635 e:  32.8 r:  35.8   
Spain=Confirmed i:  68  37  30  3/31/2020 p:  335231  245635 e:  36.5 r:  39.1   
Spain=Confirmed i:  69  38  31          . p:  335231  245635 e:  36.5 r:  42.4   
Spain=Confirmed i:  70  39  32   4/2/2020 p:  335231  245635 e:  36.5 r:  45.6   
Spain=Confirmed i:  71  40  33          . p:  326291  245635 e:  32.8 r:  48.5   
Spain=Confirmed i:  72  41  34   4/4/2020 p:  317352  245635 e:  29.2 r:  51.4   
Spain=Confirmed i:  73  42  35          . p:  299473  245635 e:  21.9 r:  53.6   
Spain=Confirmed i:  74  43  36   4/6/2020 p:  290533  245635 e:  18.3 r:  55.6   
Spain=Confirmed i:  75  44  37          . p:  174320  245635 e: -29.0 r:  57.8   
Spain=Confirmed i:  76  45  38   4/8/2020 p:  210078  245635 e: -14.5 r:  60.3 OK
Spain=Confirmed i:  77  46  39          . p:  201138  245635 e: -18.1 r:  62.4   
Spain=Confirmed i:  78  47  40  4/10/2020 p:  210078  245635 e: -14.5 r:  64.4 OK
Spain=Confirmed i:  79  48  41          . p:  210078  245635 e: -14.5 r:  66.4 OK
Spain=Confirmed i:  80  49  42  4/12/2020 p:  210078  245635 e: -14.5 r:  67.9 OK
Spain=Confirmed i:  81  50  43          . p:  210078  245635 e: -14.5 r:  69.2 OK
Spain=Confirmed i:  82  51  44  4/14/2020 p:  210078  245635 e: -14.5 r:  70.2 OK
Spain=Confirmed i:  83  52  45          . p:  210078  245635 e: -14.5 r:  72.3 OK
Spain=Confirmed i:  84  53  46  4/16/2020 p:  219017  245635 e: -10.8 r:  75.3 OK
Spain=Confirmed i:  85  54  47          . p:  236896  245635 e:  -3.6 r:  77.7 OK
Spain=Confirmed i:  86  55  48  4/18/2020 p:  236896  245635 e:  -3.6 r:  78.1 OK
Spain=Confirmed i:  87  56  49          . p:  236896  245635 e:  -3.6 r:  80.9 OK
Spain=Confirmed i:  88  57  50  4/20/2020 p:  240119  245635 e:  -2.2 r:  81.5 OK
Spain=Confirmed i:  89  58  51          . p:  242752  245635 e:  -1.2 r:  83.1 OK
Spain=Confirmed i:  90  59  52  4/22/2020 p:  246276  245635 e:   0.3 r:  84.8 OK
Spain=Confirmed i:  91  60  53          . p:  245836  245635 e:   0.1 r:  86.7 OK
Spain=Confirmed i:  92  61  54  4/24/2020 p:  243772  245635 e:  -0.8 r:  82.6 OK
Spain=Confirmed i:  93  62  55          . p:  240683  245635 e:  -2.0 r:  83.8 OK
Spain=Confirmed i:  94  63  56  4/26/2020 p:  239926  245635 e:  -2.3 r:  84.5 OK
Spain=Confirmed i:  95  64  57          . p:  237267  245635 e:  -3.4 r:  85.3 OK
Spain=Confirmed i:  96  65  58  4/28/2020 p:  235634  245635 e:  -4.1 r:  85.8 OK
Spain=Confirmed i:  97  66  59          . p:  235189  245635 e:  -4.3 r:  86.7 OK
Spain=Confirmed i:  98  67  60  4/30/2020 p:  232431  245635 e:  -5.4 r:  86.9 OK
Spain=Confirmed i:  99  68  61          . p:  229765  245635 e:  -6.5 r:  87.6 OK
Spain=Confirmed i: 100  69  62   5/2/2020 p:  228457  245635 e:  -7.0 r:  88.2 OK
Spain=Confirmed i: 101  70  63          . p:  227423  245635 e:  -7.4 r:  88.5 OK
Spain=Confirmed i: 102  71  64   5/4/2020 p:  227642  245635 e:  -7.3 r:  88.8 OK
Spain=Confirmed i: 103  72  65          . p:  228302  245635 e:  -7.1 r:  89.3 OK
Spain=Confirmed i: 104  73  66   5/6/2020 p:  227291  245635 e:  -7.5 r:  89.7 OK
Spain=Confirmed i: 105  74  67          . p:  227957  245635 e:  -7.2 r:  90.2 OK
Spain=Confirmed i: 106  75  68   5/8/2020 p:  227957  245635 e:  -7.2 r:  90.7 OK
Spain=Confirmed i: 107  76  69          . p:  227957  245635 e:  -7.2 r:  91.0 OK
Spain=Confirmed i: 108  77  70  5/10/2020 p:  227957  245635 e:  -7.2 r:  91.3 OK
Spain=Confirmed i: 109  78  71          . p:  236896  245635 e:  -3.6 r:  92.6 OK
Spain=Confirmed i: 110  79  72  5/12/2020 p:  236896  245635 e:  -3.6 r:  92.8 OK
Spain=Confirmed i: 111  80  73          . p:  236896  245635 e:  -3.6 r:  93.1 OK
Spain=Confirmed i: 112  81  74  5/14/2020 p:  236896  245635 e:  -3.6 r:  93.4 OK
Spain=Confirmed i: 113  82  75          . p:  236896  245635 e:  -3.6 r:  93.7 OK
Spain=Confirmed i: 114  83  76  5/16/2020 p:  238002  245635 e:  -3.1 r:  93.9 OK
Spain=Confirmed i: 115  84  77          . p:  237735  245635 e:  -3.2 r:  94.1 OK
Spain=Confirmed i: 116  85  78  5/18/2020 p:  236561  245635 e:  -3.7 r:  94.3 OK
Spain=Confirmed i: 117  86  79          . p:  237016  245635 e:  -3.5 r:  94.5 OK
Spain=Confirmed i: 118  87  80  5/20/2020 p:  237620  245635 e:  -3.3 r:  94.7 OK
Spain=Confirmed i: 119  88  81          . p:  236896  245635 e:  -3.6 r:  94.9 OK
Spain=Confirmed i: 120  89  82  5/22/2020 p:  239744  245635 e:  -2.4 r:  95.6 OK
Spain=Confirmed i: 121  90  83          . p:  239744  245635 e:  -2.4 r:  95.8 OK
Spain=Confirmed i: 122  91  84  5/24/2020 p:  236896  245635 e:  -3.6 r:  95.8 OK
Spain=Confirmed i: 123  92  85          . p:  239877  245635 e:  -2.3 r:  95.8 OK
Spain=Confirmed i: 124  93  86  5/26/2020 p:  239877  245635 e:  -2.3 r:  96.2 OK
Spain=Confirmed i: 125  94  87          . p:  245836  245635 e:   0.1 r:  96.5 OK
Spain=Confirmed i: 126  95  88  5/28/2020 p:  245836  245635 e:   0.1 r:  96.9 OK
Spain=Confirmed i: 127  96  89          . p:  245836  245635 e:   0.1 r:  97.1 OK
Spain=Confirmed i: 128  97  90  5/30/2020 p:  245836  245635 e:   0.1 r:  97.4 OK
Spain=Confirmed i: 129  98  91          . p:  245836  245635 e:   0.1 r:  97.5 OK
Spain=Confirmed i: 130  99  92   6/1/2020 p:  245836  245635 e:   0.1 r:  97.6 OK
Spain=Confirmed i: 131 100  93          . p:  244851  245635 e:  -0.3 r:  97.7 OK
Spain=Confirmed i: 132 101  94   6/3/2020 p:  244499  245635 e:  -0.5 r:  97.8 OK
Spain=Confirmed i: 133 102  95          . p:  245836  245635 e:   0.1 r:  98.0 OK
Spain=Confirmed i: 134 103  96   6/5/2020 p:  245836  245635 e:   0.1 r:  98.1 OK
Spain=Confirmed i: 135 104  97          . p:  245836  245635 e:   0.1 r:  98.2 OK
Spain=Confirmed i: 136 105  98   6/7/2020 p:  245836  245635 e:   0.1 r:  98.3 OK
Spain=Confirmed i: 137 106  99          . p:  245836  245635 e:   0.1 r:  98.4 OK
Spain=Confirmed i: 138 107 100   6/9/2020 p:  244832  245635 e:  -0.3 r:  98.5 OK
