
  # Process COVID TAB data
p1= 72031 il= 138
p1= 65496 il= 137
p1= 70091 il= 136
p1= 84495 il= 135
p1= 69639 il= 134
Belarus=Confirmed nl = 139, n1= 5 s1= 72350.4 s2= 5275986920.8 SD= 6434.79142163919 frac%= 8.89392653204293
Belarus=Confirmed i:  45  45 -21          . p:       0   72350 e: -100.0 r:   0.0   
Belarus=Confirmed i:  46  46 -20   3/9/2020 p:   92678   72350 e:  28.1 r:   0.0   
Belarus=Confirmed i:  49  49 -17          . p:     928   72350 e: -98.7 r:   0.0   
Belarus=Confirmed i:  50  50 -16  3/13/2020 p:     928   72350 e: -98.7 r:   0.0   
Belarus=Confirmed i:  51  51 -15          . p:     928   72350 e: -98.7 r:   0.0   
Belarus=Confirmed i:  52  52 -14  3/15/2020 p:     928   72350 e: -98.7 r:   0.0   
Belarus=Confirmed i:  53  53 -13          . p:     928   72350 e: -98.7 r:   0.0   
Belarus=Confirmed i:  54  54 -12  3/17/2020 p:     928   72350 e: -98.7 r:   0.0   
Belarus=Confirmed i:  55  55 -11          . p:     928   72350 e: -98.7 r:   0.1   
Belarus=Confirmed i:  56  56 -10  3/19/2020 p:     928   72350 e: -98.7 r:   0.1   
Belarus=Confirmed i:  57  57  -9          . p:     928   72350 e: -98.7 r:   0.1   
Belarus=Confirmed i:  58  58  -8  3/21/2020 p:     928   72350 e: -98.7 r:   0.1   
Belarus=Confirmed i:  59  59  -7          . p:     928   72350 e: -98.7 r:   0.1   
Belarus=Confirmed i:  60  60  -6  3/23/2020 p:     927   72350 e: -98.7 r:   0.1   
Belarus=Confirmed i:  64  64  -2  3/27/2020 p:     928   72350 e: -98.7 r:   0.1   
Belarus=Confirmed i:  65  65  -1          . p:     928   72350 e: -98.7 r:   0.1   
Belarus=Confirmed i:  66  66   0  3/29/2020 p:     928   72350 e: -98.7 r:   0.1   
Belarus=Confirmed i:  67  67   1          . p:     928   72350 e: -98.7 r:   0.2   
Belarus=Confirmed i:  68  68   2  3/31/2020 p:     928   72350 e: -98.7 r:   0.2   
Belarus=Confirmed i:  69  69   3          . p:     928   72350 e: -98.7 r:   0.2   
Belarus=Confirmed i:  70  70   4   4/2/2020 p:    2785   72350 e: -96.2 r:   0.4   
Belarus=Confirmed i:  71  71   5          . p:    6499   72350 e: -91.0 r:   0.5   
Belarus=Confirmed i:  72  72   6   4/4/2020 p:   17641   72350 e: -75.6 r:   0.6   
Belarus=Confirmed i:  73  73   7          . p:     928   72350 e: -98.7 r:   0.8   
Belarus=Confirmed i:  74  74   8   4/6/2020 p:     928   72350 e: -98.7 r:   1.0   
Belarus=Confirmed i:  75  75   9          . p:    2785   72350 e: -96.2 r:   1.2   
Belarus=Confirmed i:  76  76  10   4/8/2020 p:    4642   72350 e: -93.6 r:   1.5   
Belarus=Confirmed i:  77  77  11          . p:   51068   72350 e: -29.4 r:   2.1   
Belarus=Confirmed i:  80  80  14  4/12/2020 p:    4642   72350 e: -93.6 r:   3.6   
Belarus=Confirmed i:  81  81  15          . p:    4642   72350 e: -93.6 r:   4.0   
Belarus=Confirmed i:  82  82  16  4/14/2020 p:    4642   72350 e: -93.6 r:   4.5   
Belarus=Confirmed i:  83  83  17          . p:    6499   72350 e: -91.0 r:   5.2   
Belarus=Confirmed i:  84  84  18  4/16/2020 p:    8356   72350 e: -88.5 r:   5.8   
Belarus=Confirmed i:  85  85  19          . p:   10213   72350 e: -85.9 r:   6.6   
Belarus=Confirmed i:  86  86  20  4/18/2020 p:   10213   72350 e: -85.9 r:   6.6   
Belarus=Confirmed i:  87  87  21          . p:    8356   72350 e: -88.5 r:   6.6   
Belarus=Confirmed i:  88  88  22  4/20/2020 p:   13927   72350 e: -80.8 r:   8.7   
Belarus=Confirmed i:  89  89  23          . p:   15784   72350 e: -78.2 r:   9.3   
Belarus=Confirmed i:  90  90  24  4/22/2020 p:   17641   72350 e: -75.6 r:  10.1   
Belarus=Confirmed i:  91  91  25          . p:   19499   72350 e: -73.0 r:  11.1   
Belarus=Confirmed i:  92  92  26  4/24/2020 p:   23213   72350 e: -67.9 r:  12.1   
Belarus=Confirmed i:  93  93  27          . p:   25070   72350 e: -65.3 r:  13.3   
Belarus=Confirmed i:  94  94  28  4/26/2020 p:   28784   72350 e: -60.2 r:  14.5   
Belarus=Confirmed i:  95  95  29          . p:   32498   72350 e: -55.1 r:  15.6   
Belarus=Confirmed i:  96  96  30  4/28/2020 p:   34355   72350 e: -52.5 r:  16.9   
Belarus=Confirmed i:  97  97  31          . p:   36212   72350 e: -49.9 r:  18.2   
Belarus=Confirmed i:  98  98  32  4/30/2020 p:   38069   72350 e: -47.4 r:  19.4   
Belarus=Confirmed i:  99  99  33          . p:   39926   72350 e: -44.8 r:  20.6   
Belarus=Confirmed i: 100 100  34   5/2/2020 p:   39926   72350 e: -44.8 r:  21.9   
Belarus=Confirmed i: 101 101  35          . p:   43640   72350 e: -39.7 r:  23.1   
Belarus=Confirmed i: 102 102  36   5/4/2020 p:   45497   72350 e: -37.1 r:  24.2   
Belarus=Confirmed i: 103 103  37          . p:   32498   72350 e: -55.1 r:  25.4   
Belarus=Confirmed i: 104 104  38   5/6/2020 p:   45497   72350 e: -37.1 r:  26.6   
Belarus=Confirmed i: 105 105  39          . p:   45497   72350 e: -37.1 r:  27.9   
Belarus=Confirmed i: 106 106  40   5/8/2020 p:   45497   72350 e: -37.1 r:  29.2   
Belarus=Confirmed i: 107 107  41          . p:   45497   72350 e: -37.1 r:  30.5   
Belarus=Confirmed i: 108 108  42  5/10/2020 p:   45497   72350 e: -37.1 r:  31.8   
Belarus=Confirmed i: 109 109  43          . p:   47354   72350 e: -34.5 r:  33.0   
Belarus=Confirmed i: 110 110  44  5/12/2020 p:   49211   72350 e: -32.0 r:  34.4   
Belarus=Confirmed i: 111 111  45          . p:   49211   72350 e: -32.0 r:  35.7   
Belarus=Confirmed i: 112 112  46  5/14/2020 p:   51068   72350 e: -29.4 r:  37.0   
Belarus=Confirmed i: 113 113  47          . p:   52925   72350 e: -26.8 r:  38.3   
Belarus=Confirmed i: 114 114  48  5/16/2020 p:   51068   72350 e: -29.4 r:  39.6   
Belarus=Confirmed i: 115 115  49          . p:   52925   72350 e: -26.8 r:  41.0   
Belarus=Confirmed i: 116   0  50  5/18/2020 p:   73353   72350 e:   1.4 r:  42.3 OK 1st
Belarus=Confirmed i: 117   1  51          . p:   52925   72350 e: -26.8 r:  43.5   
Belarus=Confirmed i: 118   2  52  5/20/2020 p:   58752   72350 e: -18.8 r:  44.8   
Belarus=Confirmed i: 119   3  53          . p:   61356   72350 e: -15.2 r:  46.1   
Belarus=Confirmed i: 120   4  54  5/22/2020 p:   72097   72350 e:  -0.4 r:  47.4 OK
Belarus=Confirmed i: 121   5  55          . p:   72989   72350 e:   0.9 r:  48.7 OK
Belarus=Confirmed i: 122   6  56  5/24/2020 p:   75735   72350 e:   4.7 r:  50.0 OK
Belarus=Confirmed i: 123   7  57          . p:   76095   72350 e:   5.2 r:  51.3 OK
Belarus=Confirmed i: 124   8  58  5/26/2020 p:   57545   72350 e: -20.5 r:  52.6   
Belarus=Confirmed i: 125   9  59          . p:   64844   72350 e: -10.4 r:  53.8 OK
Belarus=Confirmed i: 126  10  60  5/28/2020 p:   76938   72350 e:   6.3 r:  55.1 OK
Belarus=Confirmed i: 127  11  61          . p:   65309   72350 e:  -9.7 r:  56.3 OK
Belarus=Confirmed i: 128  12  62  5/30/2020 p:   65833   72350 e:  -9.0 r:  57.6 OK
Belarus=Confirmed i: 129  13  63          . p:   66739   72350 e:  -7.8 r:  58.8 OK
Belarus=Confirmed i: 130  14  64   6/1/2020 p:   66947   72350 e:  -7.5 r:  60.0 OK
Belarus=Confirmed i: 131  15  65          . p:   68121   72350 e:  -5.8 r:  61.2 OK
Belarus=Confirmed i: 132  16  66   6/3/2020 p:   68742   72350 e:  -5.0 r:  62.4 OK
Belarus=Confirmed i: 133  17  67          . p:   69266   72350 e:  -4.3 r:  63.6 OK
Belarus=Confirmed i: 134  18  68   6/5/2020 p:   69639   72350 e:  -3.7 r:  64.8 OK
Belarus=Confirmed i: 135  19  69          . p:   84495   72350 e:  16.8 r:  66.0   
Belarus=Confirmed i: 136  20  70   6/7/2020 p:   70091   72350 e:  -3.1 r:  67.2 OK
Belarus=Confirmed i: 137  21  71          . p:   65496   72350 e:  -9.5 r:  68.4 OK
Belarus=Confirmed i: 138  22  72   6/9/2020 p:   72031   72350 e:  -0.4 r:  69.5 OK
