
  # Process COVID TAB data
p1= 188 il= 138
p1= 183 il= 137
p1= 178 il= 136
p1= 178 il= 135
p1= 173 il= 134
US_Colorado_Adams=Deaths nl = 139, n1= 5 s1= 180 s2= 32426 SD= 5.09901951359278 frac%= 2.83278861866266
US_Colorado_Adams=Deaths i:  75  75  -2          . p:      12     180 e: -93.3 r:   6.7   
US_Colorado_Adams=Deaths i:  76  76  -1   4/8/2020 p:      38     180 e: -78.9 r:   7.8   
US_Colorado_Adams=Deaths i:  77  77   0          . p:      15     180 e: -91.7 r:   7.8   
US_Colorado_Adams=Deaths i:  80  80   3  4/12/2020 p:      28     180 e: -84.4 r:  14.4   
US_Colorado_Adams=Deaths i:  81  81   4          . p:      28     180 e: -84.4 r:  14.4   
US_Colorado_Adams=Deaths i:  82  82   5  4/14/2020 p:      26     180 e: -85.6 r:  15.0   
US_Colorado_Adams=Deaths i:  83  83   6          . p:      29     180 e: -83.9 r:  15.6   
US_Colorado_Adams=Deaths i:  84  84   7  4/16/2020 p:      28     180 e: -84.4 r:  16.1   
US_Colorado_Adams=Deaths i:  85  85   8          . p:      33     180 e: -81.7 r:  17.2   
US_Colorado_Adams=Deaths i:  86  86   9  4/18/2020 p:      38     180 e: -78.9 r:  18.3   
US_Colorado_Adams=Deaths i:  87  87  10          . p:      43     180 e: -76.1 r:  19.4   
US_Colorado_Adams=Deaths i:  88  88  11  4/20/2020 p:      43     180 e: -76.1 r:  20.6   
US_Colorado_Adams=Deaths i:  91  91  14          . p:     142     180 e: -21.1 r:  27.8   
US_Colorado_Adams=Deaths i:  92  92  15  4/24/2020 p:     235     180 e:  30.6 r:  31.7   
US_Colorado_Adams=Deaths i:  93  93  16          . p:     209     180 e:  16.1 r:  31.7   
US_Colorado_Adams=Deaths i:  94   0  17  4/26/2020 p:     193     180 e:   7.2 r:  32.2 OK 1st
US_Colorado_Adams=Deaths i:  95   1  18          . p:      59     180 e: -67.2 r:  33.3   
US_Colorado_Adams=Deaths i:  96   2  19  4/28/2020 p:      59     180 e: -67.2 r:  33.9   
US_Colorado_Adams=Deaths i:  97   3  20          . p:      64     180 e: -64.4 r:  34.4   
US_Colorado_Adams=Deaths i:  98   4  21  4/30/2020 p:      64     180 e: -64.4 r:  35.0   
US_Colorado_Adams=Deaths i:  99   5  22          . p:     121     180 e: -32.8 r:  37.8   
US_Colorado_Adams=Deaths i: 100   6  23   5/2/2020 p:     109     180 e: -39.4 r:  37.8   
US_Colorado_Adams=Deaths i: 101   7  24          . p:     100     180 e: -44.4 r:  37.8   
US_Colorado_Adams=Deaths i: 102   8  25   5/4/2020 p:      90     180 e: -50.0 r:  37.8   
US_Colorado_Adams=Deaths i: 103   9  26          . p:      90     180 e: -50.0 r:  40.0   
US_Colorado_Adams=Deaths i: 104  10  27   5/6/2020 p:      95     180 e: -47.2 r:  41.7   
US_Colorado_Adams=Deaths i: 105  11  28          . p:     100     180 e: -44.4 r:  43.3   
US_Colorado_Adams=Deaths i: 106  12  29   5/8/2020 p:     105     180 e: -41.7 r:  44.4   
US_Colorado_Adams=Deaths i: 107  13  30          . p:     105     180 e: -41.7 r:  45.0   
US_Colorado_Adams=Deaths i: 108  14  31  5/10/2020 p:     105     180 e: -41.7 r:  45.0   
US_Colorado_Adams=Deaths i: 109  15  32          . p:     105     180 e: -41.7 r:  45.0   
US_Colorado_Adams=Deaths i: 110  16  33  5/12/2020 p:     105     180 e: -41.7 r:  46.7   
US_Colorado_Adams=Deaths i: 111  17  34          . p:     105     180 e: -41.7 r:  47.8   
US_Colorado_Adams=Deaths i: 112  18  35  5/14/2020 p:     111     180 e: -38.3 r:  50.6   
US_Colorado_Adams=Deaths i: 113  19  36          . p:     131     180 e: -27.2 r:  55.0   
US_Colorado_Adams=Deaths i: 114  20  37  5/16/2020 p:     142     180 e: -21.1 r:  56.7   
US_Colorado_Adams=Deaths i: 115  21  38          . p:     147     180 e: -18.3 r:  56.7   
US_Colorado_Adams=Deaths i: 116  22  39  5/18/2020 p:     147     180 e: -18.3 r:  56.7   
US_Colorado_Adams=Deaths i: 117  23  40          . p:     105     180 e: -41.7 r:  57.8   
US_Colorado_Adams=Deaths i: 118  24  41  5/20/2020 p:     152     180 e: -15.6 r:  60.0   
US_Colorado_Adams=Deaths i: 119  25  42          . p:     111     180 e: -38.3 r:  60.0   
US_Colorado_Adams=Deaths i: 120  26  43  5/22/2020 p:     157     180 e: -12.8 r:  61.7 OK
US_Colorado_Adams=Deaths i: 121  27  44          . p:     121     180 e: -32.8 r:  62.2   
US_Colorado_Adams=Deaths i: 122  28  45  5/24/2020 p:     116     180 e: -35.6 r:  62.2   
US_Colorado_Adams=Deaths i: 123  29  46          . p:     116     180 e: -35.6 r:  62.2   
US_Colorado_Adams=Deaths i: 124  30  47  5/26/2020 p:     157     180 e: -12.8 r:  64.4 OK
US_Colorado_Adams=Deaths i: 125  31  48          . p:     157     180 e: -12.8 r:  65.6 OK
US_Colorado_Adams=Deaths i: 126  32  49  5/28/2020 p:     157     180 e: -12.8 r:  65.6 OK
US_Colorado_Adams=Deaths i: 127  33  50          . p:     157     180 e: -12.8 r:  66.7 OK
US_Colorado_Adams=Deaths i: 128  34  51  5/30/2020 p:     128     180 e: -28.9 r:  66.7   
US_Colorado_Adams=Deaths i: 129  35  52          . p:     161     180 e: -10.6 r:  66.7 OK
US_Colorado_Adams=Deaths i: 130  36  53   6/1/2020 p:     152     180 e: -15.6 r:  68.3   
US_Colorado_Adams=Deaths i: 131  37  54          . p:     152     180 e: -15.6 r:  69.4   
US_Colorado_Adams=Deaths i: 132  38  55   6/3/2020 p:     162     180 e: -10.0 r:  70.6 OK
US_Colorado_Adams=Deaths i: 133  39  56          . p:     152     180 e: -15.6 r:  72.2   
US_Colorado_Adams=Deaths i: 134  40  57   6/5/2020 p:     173     180 e:  -3.9 r:  75.0 OK
US_Colorado_Adams=Deaths i: 135  41  58          . p:     178     180 e:  -1.1 r:  75.6 OK
US_Colorado_Adams=Deaths i: 136  42  59   6/7/2020 p:     178     180 e:  -1.1 r:  75.6 OK
US_Colorado_Adams=Deaths i: 137  43  60          . p:     183     180 e:   1.7 r:  76.7 OK
US_Colorado_Adams=Deaths i: 138  44  61   6/9/2020 p:     188     180 e:   4.4 r:  77.8 OK
