
  # Process COVID TAB data
p1= 181225 il= 138
p1= 174866 il= 137
p1= 174866 il= 136
p1= 174866 il= 135
p1= 174866 il= 134
Turkey=Confirmed nl = 139, n1= 5 s1= 176137.8 s2= 31030994489.8 SD= 2543.60000000057 frac%= 1.44409661072216
Turkey=Confirmed i:  57  57   2          . p:   15896  176137 e: -91.0 r:   0.2   
Turkey=Confirmed i:  58  58   3  3/21/2020 p:   47690  176137 e: -72.9 r:   0.4   
Turkey=Confirmed i:  59  59   4          . p:  213019  176137 e:  20.9 r:   0.7   
Turkey=Confirmed i:  60  60   5  3/23/2020 p:   22255  176137 e: -87.4 r:   0.9   
Turkey=Confirmed i:  61  61   6          . p:    3179  176137 e: -98.2 r:   1.1   
Turkey=Confirmed i:  62  62   7  3/25/2020 p:    3179  176137 e: -98.2 r:   1.4   
Turkey=Confirmed i:  63  63   8          . p:   14748  176137 e: -91.6 r:   2.1   
Turkey=Confirmed i:  64  64   9  3/27/2020 p:   40724  176137 e: -76.9 r:   3.3   
Turkey=Confirmed i:  65  65  10          . p:   60408  176137 e: -65.7 r:   4.2   
Turkey=Confirmed i:  66  66  11  3/29/2020 p:   79484  176137 e: -54.9 r:   5.3   
Turkey=Confirmed i:  67  67  12          . p:   73126  176137 e: -58.5 r:   6.2   
Turkey=Confirmed i:  68  68  13  3/31/2020 p:   79484  176137 e: -54.9 r:   7.7   
Turkey=Confirmed i:  69  69  14          . p:   81783  176137 e: -53.6 r:   9.0   
Turkey=Confirmed i:  70  70  15   4/2/2020 p:   98544  176137 e: -44.1 r:  10.4   
Turkey=Confirmed i:  71  71  16          . p:   48013  176137 e: -72.7 r:  12.0   
Turkey=Confirmed i:  72  72  17   4/4/2020 p:   51266  176137 e: -70.9 r:  13.7   
Turkey=Confirmed i:  73  73  18          . p:   60250  176137 e: -65.8 r:  15.5   
Turkey=Confirmed i:  74  74  19   4/6/2020 p:   84784  176137 e: -51.9 r:  17.3   
Turkey=Confirmed i:  75  75  20          . p:   82605  176137 e: -53.1 r:  19.5   
Turkey=Confirmed i:  76  76  21   4/8/2020 p:   91898  176137 e: -47.8 r:  21.9   
Turkey=Confirmed i:  77  77  22          . p:   98561  176137 e: -44.0 r:  24.2   
Turkey=Confirmed i:  78  78  23  4/10/2020 p:  111278  176137 e: -36.8 r:  26.9   
Turkey=Confirmed i:  79  79  24          . p:  109784  176137 e: -37.7 r:  29.6   
Turkey=Confirmed i:  80  80  25  4/12/2020 p:  115885  176137 e: -34.2 r:  32.3   
Turkey=Confirmed i:  81  81  26          . p:  118056  176137 e: -33.0 r:  34.7   
Turkey=Confirmed i:  82  82  27  4/14/2020 p:  120643  176137 e: -31.5 r:  37.0   
Turkey=Confirmed i:  83  83  28          . p:  127200  176137 e: -27.8 r:  39.4   
Turkey=Confirmed i:  84  84  29  4/16/2020 p:  131597  176137 e: -25.3 r:  42.1   
Turkey=Confirmed i:  85  85  30          . p:  134201  176137 e: -23.8 r:  44.6   
Turkey=Confirmed i:  86   0  31  4/18/2020 p:  155575  176137 e: -11.7 r:  46.7 OK 1st
Turkey=Confirmed i:  87   1  32          . p:  138437  176137 e: -21.4 r:  49.0   
Turkey=Confirmed i:  88   2  33  4/20/2020 p:  141176  176137 e: -19.8 r:  51.7   
Turkey=Confirmed i:  89   3  34          . p:  162149  176137 e:  -7.9 r:  54.3 OK
Turkey=Confirmed i:  90   4  35  4/22/2020 p:  164024  176137 e:  -6.9 r:  56.0 OK
Turkey=Confirmed i:  91   5  36          . p:  161836  176137 e:  -8.1 r:  57.8 OK
Turkey=Confirmed i:  92   6  37  4/24/2020 p:  156893  176137 e: -10.9 r:  59.6 OK
Turkey=Confirmed i:  93   7  38          . p:  153786  176137 e: -12.7 r:  61.2 OK
Turkey=Confirmed i:  94   8  39  4/26/2020 p:  149906  176137 e: -14.9 r:  62.5 OK
Turkey=Confirmed i:  95   9  40          . p:  149393  176137 e: -15.2 r:  63.7   
Turkey=Confirmed i:  96  10  41  4/28/2020 p:  156064  176137 e: -11.4 r:  65.1 OK
Turkey=Confirmed i:  97  11  42          . p:  154605  176137 e: -12.2 r:  66.8 OK
Turkey=Confirmed i:  98  12  43  4/30/2020 p:  149431  176137 e: -15.2 r:  68.2   
Turkey=Confirmed i:  99  13  44          . p:  149431  176137 e: -15.2 r:  69.5   
Turkey=Confirmed i: 100  14  45   5/2/2020 p:  148474  176137 e: -15.7 r:  70.6   
Turkey=Confirmed i: 101  15  46          . p:  149690  176137 e: -15.0 r:  71.6   
Turkey=Confirmed i: 102  16  47   5/4/2020 p:  148156  176137 e: -15.9 r:  72.5   
Turkey=Confirmed i: 103  17  48          . p:  149828  176137 e: -14.9 r:  73.5 OK
Turkey=Confirmed i: 104  18  49   5/6/2020 p:  155790  176137 e: -11.6 r:  74.8 OK
Turkey=Confirmed i: 105  19  50          . p:  155790  176137 e: -11.6 r:  75.9 OK
Turkey=Confirmed i: 106  20  51   5/8/2020 p:  155790  176137 e: -11.6 r:  77.0 OK
Turkey=Confirmed i: 107  21  52          . p:  155790  176137 e: -11.6 r:  77.8 OK
Turkey=Confirmed i: 108  22  53  5/10/2020 p:  155442  176137 e: -11.7 r:  78.7 OK
Turkey=Confirmed i: 109  23  54          . p:  155836  176137 e: -11.5 r:  79.4 OK
Turkey=Confirmed i: 110  24  55  5/12/2020 p:  157627  176137 e: -10.5 r:  80.3 OK
Turkey=Confirmed i: 111  25  56          . p:  155790  176137 e: -11.6 r:  81.3 OK
Turkey=Confirmed i: 112  26  57  5/14/2020 p:  155790  176137 e: -11.6 r:  82.2 OK
Turkey=Confirmed i: 113  27  58          . p:  162149  176137 e:  -7.9 r:  83.1 OK
Turkey=Confirmed i: 114  28  59  5/16/2020 p:  162149  176137 e:  -7.9 r:  84.1 OK
Turkey=Confirmed i: 115  29  60          . p:  162149  176137 e:  -7.9 r:  84.8 OK
Turkey=Confirmed i: 116  30  61  5/18/2020 p:  163945  176137 e:  -6.9 r:  85.5 OK
Turkey=Confirmed i: 117  31  62          . p:  163552  176137 e:  -7.1 r:  86.1 OK
Turkey=Confirmed i: 118  32  63  5/20/2020 p:  165709  176137 e:  -5.9 r:  86.6 OK
Turkey=Confirmed i: 119  33  64          . p:  163608  176137 e:  -7.1 r:  87.2 OK
Turkey=Confirmed i: 120  34  65  5/22/2020 p:  164937  176137 e:  -6.4 r:  87.7 OK
Turkey=Confirmed i: 121  35  66          . p:  168508  176137 e:  -4.3 r:  88.4 OK
Turkey=Confirmed i: 122  36  67  5/24/2020 p:  168508  176137 e:  -4.3 r:  89.0 OK
Turkey=Confirmed i: 123  37  68          . p:  168508  176137 e:  -4.3 r:  89.6 OK
Turkey=Confirmed i: 124  38  69  5/26/2020 p:  168508  176137 e:  -4.3 r:  90.1 OK
Turkey=Confirmed i: 125  39  70          . p:  168508  176137 e:  -4.3 r:  90.7 OK
Turkey=Confirmed i: 126  40  71  5/28/2020 p:  168508  176137 e:  -4.3 r:  91.4 OK
Turkey=Confirmed i: 127  41  72          . p:  168508  176137 e:  -4.3 r:  92.0 OK
Turkey=Confirmed i: 128  42  73  5/30/2020 p:  174866  176137 e:  -0.7 r:  92.6 OK
Turkey=Confirmed i: 129  43  74          . p:  174866  176137 e:  -0.7 r:  93.1 OK
Turkey=Confirmed i: 130  44  75   6/1/2020 p:  172413  176137 e:  -2.1 r:  93.5 OK
Turkey=Confirmed i: 131  45  76          . p:  172673  176137 e:  -2.0 r:  94.0 OK
Turkey=Confirmed i: 132  46  77   6/3/2020 p:  172504  176137 e:  -2.1 r:  94.5 OK
Turkey=Confirmed i: 133  47  78          . p:  174866  176137 e:  -0.7 r:  95.0 OK
Turkey=Confirmed i: 134  48  79   6/5/2020 p:  174866  176137 e:  -0.7 r:  95.6 OK
Turkey=Confirmed i: 135  49  80          . p:  174866  176137 e:  -0.7 r:  96.1 OK
Turkey=Confirmed i: 136  50  81   6/7/2020 p:  174866  176137 e:  -0.7 r:  96.6 OK
Turkey=Confirmed i: 137  51  82          . p:  174866  176137 e:  -0.7 r:  97.2 OK
Turkey=Confirmed i: 138  52  83   6/9/2020 p:  181225  176137 e:   2.9 r:  97.7 OK
