
  # Process COVID TAB data
p1= 8870 il= 138
p1= 8870 il= 137
p1= 8870 il= 136
p1= 8559 il= 135
p1= 8559 il= 134
Iran=Deaths nl = 139, n1= 5 s1= 8745.6 s2= 76508732.4 SD= 152.358262001135 frac%= 1.74211331413665
Iran=Deaths i:  33  33  -1          . p:     155    8745 e: -98.2 r:   0.2   
Iran=Deaths i:  34  34   0  2/26/2020 p:     154    8745 e: -98.2 r:   0.2   
Iran=Deaths i:  35  35   1          . p:     154    8745 e: -98.2 r:   0.3   
Iran=Deaths i:  36  36   2  2/28/2020 p:     214    8745 e: -97.6 r:   0.4   
Iran=Deaths i:  37  37   3          . p:     466    8745 e: -94.7 r:   0.5   
Iran=Deaths i:  38  38   4   3/1/2020 p:     466    8745 e: -94.7 r:   0.6   
Iran=Deaths i:  39  39   5          . p:     466    8745 e: -94.7 r:   0.8   
Iran=Deaths i:  40  40   6   3/3/2020 p:     289    8745 e: -96.7 r:   0.9   
Iran=Deaths i:  41  41   7          . p:     405    8745 e: -95.4 r:   1.1   
Iran=Deaths i:  42  42   8   3/5/2020 p:     420    8745 e: -95.2 r:   1.2   
Iran=Deaths i:  43  43   9          . p:     489    8745 e: -94.4 r:   1.4   
Iran=Deaths i:  44  44  10   3/7/2020 p:     823    8745 e: -90.6 r:   1.7   
Iran=Deaths i:  45  45  11          . p:    2023    8745 e: -76.9 r:   2.2   
Iran=Deaths i:  46  46  12   3/9/2020 p:    2645    8745 e: -69.8 r:   2.7   
Iran=Deaths i:  47  47  13          . p:    4513    8745 e: -48.4 r:   3.3   
Iran=Deaths i:  48   0  14  3/11/2020 p:    7937    8745 e:  -9.2 r:   4.0 OK 1st
Iran=Deaths i:  49   1  15          . p:    3579    8745 e: -59.1 r:   4.9   
Iran=Deaths i:  50   2  16  3/13/2020 p:   22566    8745 e: 158.0 r:   5.9   
Iran=Deaths i:  51   3  17          . p:       0    8745 e: -100.0 r:   7.0   
Iran=Deaths i:  52   4  18  3/15/2020 p:   12917    8745 e:  47.7 r:   8.3   
Iran=Deaths i:  53   5  19          . p:   18208    8745 e: 108.2 r:   9.8   
Iran=Deaths i:  54   6  20  3/17/2020 p:       0    8745 e: -100.0 r:  11.3   
Iran=Deaths i:  55   7  21          . p:   18831    8745 e: 115.3 r:  13.0   
Iran=Deaths i:  56   8  22  3/19/2020 p:    5758    8745 e: -34.2 r:  14.7   
Iran=Deaths i:  57   9  23          . p:    4202    8745 e: -52.0 r:  16.4   
Iran=Deaths i:  58  10  24  3/21/2020 p:    2956    8745 e: -66.2 r:  17.8   
Iran=Deaths i:  59  11  25          . p:    2956    8745 e: -66.2 r:  19.3   
Iran=Deaths i:  60  12  26  3/23/2020 p:    2956    8745 e: -66.2 r:  20.7   
Iran=Deaths i:  61  13  27          . p:    2956    8745 e: -66.2 r:  22.1   
Iran=Deaths i:  62  14  28  3/25/2020 p:    3579    8745 e: -59.1 r:  23.7   
Iran=Deaths i:  63  15  29          . p:    3890    8745 e: -55.5 r:  25.5   
Iran=Deaths i:  64  16  30  3/27/2020 p:    4202    8745 e: -52.0 r:  27.2   
Iran=Deaths i:  65  17  31          . p:    4321    8745 e: -50.6 r:  28.8   
Iran=Deaths i:  66  18  32  3/29/2020 p:    4364    8745 e: -50.1 r:  30.2   
Iran=Deaths i:  67  19  33          . p:    4457    8745 e: -49.0 r:  31.5   
Iran=Deaths i:  68  20  34  3/31/2020 p:    4595    8745 e: -47.5 r:  33.1   
Iran=Deaths i:  69  21  35          . p:    4712    8745 e: -46.1 r:  34.7   
Iran=Deaths i:  70  22  36   4/2/2020 p:    4818    8745 e: -44.9 r:  36.1   
Iran=Deaths i:  71  23  37          . p:    4987    8745 e: -43.0 r:  37.7   
Iran=Deaths i:  72  24  38   4/4/2020 p:    5192    8745 e: -40.6 r:  39.5   
Iran=Deaths i:  73  25  39          . p:    5447    8745 e: -37.7 r:  41.2   
Iran=Deaths i:  74  26  40   4/6/2020 p:    5447    8745 e: -37.7 r:  42.8   
Iran=Deaths i:  75  27  41          . p:    5651    8745 e: -35.4 r:  44.3   
Iran=Deaths i:  76  28  42   4/8/2020 p:    5763    8745 e: -34.1 r:  45.7   
Iran=Deaths i:  77  29  43          . p:    5887    8745 e: -32.7 r:  47.0   
Iran=Deaths i:  78  30  44  4/10/2020 p:    5940    8745 e: -32.1 r:  48.4   
Iran=Deaths i:  79  31  45          . p:    6037    8745 e: -31.0 r:  49.8   
Iran=Deaths i:  80  32  46  4/12/2020 p:    6115    8745 e: -30.1 r:  51.2   
Iran=Deaths i:  81  33  47          . p:    6166    8745 e: -29.5 r:  52.4   
Iran=Deaths i:  82  34  48  4/14/2020 p:    6231    8745 e: -28.8 r:  53.5   
Iran=Deaths i:  83  35  49          . p:    6295    8745 e: -28.0 r:  54.6   
Iran=Deaths i:  84  36  50  4/16/2020 p:    6435    8745 e: -26.4 r:  55.7   
Iran=Deaths i:  85  37  51          . p:    6479    8745 e: -25.9 r:  56.7   
Iran=Deaths i:  86  38  52  4/18/2020 p:    6378    8745 e: -27.1 r:  57.5   
Iran=Deaths i:  87  39  53          . p:    6350    8745 e: -27.4 r:  58.5   
Iran=Deaths i:  88  40  54  4/20/2020 p:    6419    8745 e: -26.6 r:  59.6   
Iran=Deaths i:  89  41  55          . p:    6692    8745 e: -23.5 r:  60.6   
Iran=Deaths i:  90  42  56  4/22/2020 p:    6692    8745 e: -23.5 r:  61.6   
Iran=Deaths i:  91  43  57          . p:    6692    8745 e: -23.5 r:  62.7   
Iran=Deaths i:  92  44  58  4/24/2020 p:    7003    8745 e: -19.9 r:  63.7   
Iran=Deaths i:  93  45  59          . p:    7003    8745 e: -19.9 r:  64.6   
Iran=Deaths i:  94  46  60  4/26/2020 p:    7092    8745 e: -18.9 r:  65.3   
Iran=Deaths i:  95  47  61          . p:    7166    8745 e: -18.1 r:  66.4   
Iran=Deaths i:  96  48  62  4/28/2020 p:    7264    8745 e: -16.9 r:  67.2   
Iran=Deaths i:  97  49  63          . p:    7003    8745 e: -19.9 r:  68.1   
Iran=Deaths i:  98  50  64  4/30/2020 p:    7347    8745 e: -16.0 r:  68.9   
Iran=Deaths i:  99  51  65          . p:    6982    8745 e: -20.2 r:  69.6   
Iran=Deaths i: 100  52  66   5/2/2020 p:    7018    8745 e: -19.8 r:  70.4   
Iran=Deaths i: 101  53  67          . p:    7041    8745 e: -19.5 r:  70.9   
Iran=Deaths i: 102  54  68   5/4/2020 p:    7126    8745 e: -18.5 r:  71.8   
Iran=Deaths i: 103  55  69          . p:    7625    8745 e: -12.8 r:  72.5 OK
Iran=Deaths i: 104  56  70   5/6/2020 p:    7314    8745 e: -16.4 r:  73.4   
Iran=Deaths i: 105  57  71          . p:    7314    8745 e: -16.4 r:  74.2   
Iran=Deaths i: 106  58  72   5/8/2020 p:    7314    8745 e: -16.4 r:  74.8   
Iran=Deaths i: 107  59  73          . p:    7285    8745 e: -16.7 r:  75.3   
Iran=Deaths i: 108  60  74  5/10/2020 p:    7316    8745 e: -16.3 r:  75.9   
Iran=Deaths i: 109  61  75          . p:    7381    8745 e: -15.6 r:  76.4   
Iran=Deaths i: 110  62  76  5/12/2020 p:    7402    8745 e: -15.4 r:  77.0   
Iran=Deaths i: 111  63  77          . p:    7403    8745 e: -15.4 r:  77.6   
Iran=Deaths i: 112  64  78  5/14/2020 p:    7625    8745 e: -12.8 r:  78.4 OK
Iran=Deaths i: 113  65  79          . p:    7625    8745 e: -12.8 r:  78.9 OK
Iran=Deaths i: 114  66  80  5/16/2020 p:    7625    8745 e: -12.8 r:  79.3 OK
Iran=Deaths i: 115  67  81          . p:    8288    8745 e:  -5.2 r:  79.9 OK
Iran=Deaths i: 116  68  82  5/18/2020 p:    7625    8745 e: -12.8 r:  80.7 OK
Iran=Deaths i: 117  69  83          . p:    7625    8745 e: -12.8 r:  81.4 OK
Iran=Deaths i: 118  70  84  5/20/2020 p:    7625    8745 e: -12.8 r:  82.1 OK
Iran=Deaths i: 119  71  85          . p:    7625    8745 e: -12.8 r:  82.9 OK
Iran=Deaths i: 120  72  86  5/22/2020 p:    7625    8745 e: -12.8 r:  83.5 OK
Iran=Deaths i: 121  73  87          . p:    7937    8745 e:  -9.2 r:  84.1 OK
Iran=Deaths i: 122  74  88  5/24/2020 p:    7937    8745 e:  -9.2 r:  84.8 OK
Iran=Deaths i: 123  75  89          . p:    7937    8745 e:  -9.2 r:  85.2 OK
Iran=Deaths i: 124  76  90  5/26/2020 p:    7937    8745 e:  -9.2 r:  85.8 OK
Iran=Deaths i: 125  77  91          . p:    8248    8745 e:  -5.7 r:  86.5 OK
Iran=Deaths i: 126  78  92  5/28/2020 p:    8248    8745 e:  -5.7 r:  87.2 OK
Iran=Deaths i: 127  79  93          . p:    8248    8745 e:  -5.7 r:  87.8 OK
Iran=Deaths i: 128  80  94  5/30/2020 p:    8248    8745 e:  -5.7 r:  88.4 OK
Iran=Deaths i: 129  81  95          . p:    8248    8745 e:  -5.7 r:  89.2 OK
Iran=Deaths i: 130  82  96   6/1/2020 p:    8248    8745 e:  -5.7 r:  90.1 OK
Iran=Deaths i: 131  83  97          . p:    8559    8745 e:  -2.1 r:  90.8 OK
Iran=Deaths i: 132  84  98   6/3/2020 p:    8559    8745 e:  -2.1 r:  91.6 OK
Iran=Deaths i: 133  85  99          . p:    8559    8745 e:  -2.1 r:  92.3 OK
Iran=Deaths i: 134  86 100   6/5/2020 p:    8559    8745 e:  -2.1 r:  93.0 OK
Iran=Deaths i: 135  87 101          . p:    8559    8745 e:  -2.1 r:  93.9 OK
Iran=Deaths i: 136  88 102   6/7/2020 p:    8870    8745 e:   1.4 r:  94.7 OK
Iran=Deaths i: 137  89 103          . p:    8870    8745 e:   1.4 r:  95.5 OK
Iran=Deaths i: 138  90 104   6/9/2020 p:    8870    8745 e:   1.4 r:  96.3 OK
