
  # Process COVID TAB data
p1= 681 il= 138
p1= 681 il= 137
p1= 681 il= 136
p1= 681 il= 135
p1= 681 il= 134
US_Massachusetts_Hampden=Deaths nl = 139, n1= 5 s1= 681 s2= 463761 SD= 0 frac%= 0
US_Massachusetts_Hampden=Deaths i:  69  69  -1          . p:     126     681 e: -81.5 r:   2.3   
US_Massachusetts_Hampden=Deaths i:  70  70   0   4/2/2020 p:      30     681 e: -95.6 r:   2.8   
US_Massachusetts_Hampden=Deaths i:  71  71   1          . p:      91     681 e: -86.6 r:   4.0   
US_Massachusetts_Hampden=Deaths i:  72  72   2   4/4/2020 p:      72     681 e: -89.4 r:   5.0   
US_Massachusetts_Hampden=Deaths i:  73  73   3          . p:      53     681 e: -92.2 r:   5.0   
US_Massachusetts_Hampden=Deaths i:  74  74   4   4/6/2020 p:      42     681 e: -93.8 r:   5.6   
US_Massachusetts_Hampden=Deaths i:  76  76   6   4/8/2020 p:     150     681 e: -78.0 r:   9.1   
US_Massachusetts_Hampden=Deaths i:  77  77   7          . p:     126     681 e: -81.5 r:   9.1   
US_Massachusetts_Hampden=Deaths i:  78  78   8  4/10/2020 p:     115     681 e: -83.1 r:   9.1   
US_Massachusetts_Hampden=Deaths i:  79  79   9          . p:     196     681 e: -71.2 r:  13.5   
US_Massachusetts_Hampden=Deaths i:  80  80  10  4/12/2020 p:     219     681 e: -67.8 r:  15.0   
US_Massachusetts_Hampden=Deaths i:  81  81  11          . p:     219     681 e: -67.8 r:  15.0   
US_Massachusetts_Hampden=Deaths i:  82  82  12  4/14/2020 p:     103     681 e: -84.9 r:  15.0   
US_Massachusetts_Hampden=Deaths i:  83  83  13          . p:     334     681 e: -51.0 r:  22.2   
US_Massachusetts_Hampden=Deaths i:  84  84  14  4/16/2020 p:     357     681 e: -47.6 r:  22.2   
US_Massachusetts_Hampden=Deaths i:  85  85  15          . p:     357     681 e: -47.6 r:  23.6   
US_Massachusetts_Hampden=Deaths i:  86  86  16  4/18/2020 p:     380     681 e: -44.2 r:  26.6   
US_Massachusetts_Hampden=Deaths i:  87  87  17          . p:     473     681 e: -30.5 r:  31.0   
US_Massachusetts_Hampden=Deaths i:  88  88  18  4/20/2020 p:     473     681 e: -30.5 r:  31.0   
US_Massachusetts_Hampden=Deaths i:  89   0  19          . p:     611     681 e: -10.3 r:  35.8 OK 1st
US_Massachusetts_Hampden=Deaths i:  90   1  20  4/22/2020 p:     519     681 e: -23.8 r:  35.8   
US_Massachusetts_Hampden=Deaths i:  91   2  21          . p:     498     681 e: -26.9 r:  35.8   
US_Massachusetts_Hampden=Deaths i:  92   3  22  4/24/2020 p:     263     681 e: -61.4 r:  35.8   
US_Massachusetts_Hampden=Deaths i:  93   4  23          . p:     634     681 e:  -6.9 r:  46.3 OK
US_Massachusetts_Hampden=Deaths i:  94   5  24  4/26/2020 p:     727     681 e:   6.8 r:  46.3 OK
US_Massachusetts_Hampden=Deaths i:  95   6  25          . p:     935     681 e:  37.3 r:  49.5   
US_Massachusetts_Hampden=Deaths i:  96   7  26  4/28/2020 p:     888     681 e:  30.4 r:  50.8   
US_Massachusetts_Hampden=Deaths i:  97   8  27          . p:     380     681 e: -44.2 r:  52.6   
US_Massachusetts_Hampden=Deaths i:  98   9  28  4/30/2020 p:     684     681 e:   0.4 r:  54.8 OK
US_Massachusetts_Hampden=Deaths i:  99  10  29          . p:     595     681 e: -12.6 r:  55.9 OK
US_Massachusetts_Hampden=Deaths i: 100  11  30   5/2/2020 p:     421     681 e: -38.2 r:  56.8   
US_Massachusetts_Hampden=Deaths i: 101  12  31          . p:     644     681 e:  -5.4 r:  58.4 OK
US_Massachusetts_Hampden=Deaths i: 102  13  32   5/4/2020 p:     436     681 e: -36.0 r:  59.9   
US_Massachusetts_Hampden=Deaths i: 103  14  33          . p:     450     681 e: -33.9 r:  60.9   
US_Massachusetts_Hampden=Deaths i: 104  15  34   5/6/2020 p:     519     681 e: -23.8 r:  62.4   
US_Massachusetts_Hampden=Deaths i: 105  16  35          . p:     519     681 e: -23.8 r:  63.7   
US_Massachusetts_Hampden=Deaths i: 106  17  36   5/8/2020 p:     591     681 e: -13.2 r:  64.8 OK
US_Massachusetts_Hampden=Deaths i: 107  18  37          . p:     502     681 e: -26.3 r:  65.3   
US_Massachusetts_Hampden=Deaths i: 108  19  38  5/10/2020 p:     499     681 e: -26.7 r:  65.9   
US_Massachusetts_Hampden=Deaths i: 109  20  39          . p:     509     681 e: -25.3 r:  67.3   
US_Massachusetts_Hampden=Deaths i: 110  21  40  5/12/2020 p:     538     681 e: -21.0 r:  68.1   
US_Massachusetts_Hampden=Deaths i: 111  22  41          . p:     519     681 e: -23.8 r:  69.8   
US_Massachusetts_Hampden=Deaths i: 112  23  42  5/14/2020 p:     542     681 e: -20.4 r:  71.5   
US_Massachusetts_Hampden=Deaths i: 113  24  43          . p:     565     681 e: -17.0 r:  72.5   
US_Massachusetts_Hampden=Deaths i: 114  25  44  5/16/2020 p:     565     681 e: -17.0 r:  74.3   
US_Massachusetts_Hampden=Deaths i: 115  26  45          . p:     588     681 e: -13.7 r:  75.8 OK
US_Massachusetts_Hampden=Deaths i: 116  27  46  5/18/2020 p:     588     681 e: -13.7 r:  75.9 OK
US_Massachusetts_Hampden=Deaths i: 117  28  47          . p:     588     681 e: -13.7 r:  76.5 OK
US_Massachusetts_Hampden=Deaths i: 118  29  48  5/20/2020 p:     598     681 e: -12.2 r:  77.2 OK
US_Massachusetts_Hampden=Deaths i: 119  30  49          . p:     594     681 e: -12.8 r:  78.3 OK
US_Massachusetts_Hampden=Deaths i: 120  31  50  5/22/2020 p:     588     681 e: -13.7 r:  78.9 OK
US_Massachusetts_Hampden=Deaths i: 121  32  51          . p:     588     681 e: -13.7 r:  79.4 OK
US_Massachusetts_Hampden=Deaths i: 122  33  52  5/24/2020 p:     599     681 e: -12.0 r:  79.6 OK
US_Massachusetts_Hampden=Deaths i: 123  34  53          . p:     601     681 e: -11.7 r:  79.7 OK
US_Massachusetts_Hampden=Deaths i: 124  35  54  5/26/2020 p:     593     681 e: -12.9 r:  80.2 OK
US_Massachusetts_Hampden=Deaths i: 125  36  55          . p:     599     681 e: -12.0 r:  81.4 OK
US_Massachusetts_Hampden=Deaths i: 126  37  56  5/28/2020 p:     588     681 e: -13.7 r:  82.5 OK
US_Massachusetts_Hampden=Deaths i: 127  38  57          . p:     611     681 e: -10.3 r:  83.6 OK
US_Massachusetts_Hampden=Deaths i: 128  39  58  5/30/2020 p:     611     681 e: -10.3 r:  84.0 OK
US_Massachusetts_Hampden=Deaths i: 129  40  59          . p:     611     681 e: -10.3 r:  85.2 OK
US_Massachusetts_Hampden=Deaths i: 130  41  60   6/1/2020 p:     658     681 e:  -3.4 r:  88.3 OK
US_Massachusetts_Hampden=Deaths i: 131  42  61          . p:     681     681 e:   0.0 r:  88.5 OK
US_Massachusetts_Hampden=Deaths i: 132  43  62   6/3/2020 p:     681     681 e:   0.0 r:  89.3 OK
US_Massachusetts_Hampden=Deaths i: 133  44  63          . p:     681     681 e:   0.0 r:  89.4 OK
US_Massachusetts_Hampden=Deaths i: 134  45  64   6/5/2020 p:     681     681 e:   0.0 r:  89.6 OK
US_Massachusetts_Hampden=Deaths i: 135  46  65          . p:     681     681 e:   0.0 r:  90.7 OK
US_Massachusetts_Hampden=Deaths i: 136  47  66   6/7/2020 p:     681     681 e:   0.0 r:  91.0 OK
US_Massachusetts_Hampden=Deaths i: 137  48  67          . p:     681     681 e:   0.0 r:  91.3 OK
US_Massachusetts_Hampden=Deaths i: 138  49  68   6/9/2020 p:     681     681 e:   0.0 r:  91.8 OK
