
  # Process COVID TAB data
p1= 191 il= 138
p1= 326 il= 137
p1= 316 il= 136
p1= 216 il= 135
p1= 291 il= 134
US_Tennessee_Shelby=Deaths nl = 139, n1= 5 s1= 268 s2= 74790 SD= 54.4609952167604 frac%= 20.3212668719255
US_Tennessee_Shelby=Deaths i:  73  73  -5          . p:      13     268 e: -95.1 r:   4.1   
US_Tennessee_Shelby=Deaths i:  74  74  -4   4/6/2020 p:      13     268 e: -95.1 r:   4.9   
US_Tennessee_Shelby=Deaths i:  75  75  -3          . p:      17     268 e: -93.7 r:   5.6   
US_Tennessee_Shelby=Deaths i:  76  76  -2   4/8/2020 p:      18     268 e: -93.3 r:   6.3   
US_Tennessee_Shelby=Deaths i:  77  77  -1          . p:      24     268 e: -91.0 r:   7.5   
US_Tennessee_Shelby=Deaths i:  78  78   0  4/10/2020 p:      22     268 e: -91.8 r:   7.5   
US_Tennessee_Shelby=Deaths i:  79  79   1          . p:     112     268 e: -58.2 r:   9.7   
US_Tennessee_Shelby=Deaths i:  80  80   2  4/12/2020 p:      37     268 e: -86.2 r:   9.7   
US_Tennessee_Shelby=Deaths i:  81  81   3          . p:      20     268 e: -92.5 r:   7.8   
US_Tennessee_Shelby=Deaths i:  86  86   8  4/18/2020 p:      32     268 e: -88.1 r:  12.3   
US_Tennessee_Shelby=Deaths i:  87  87   9          . p:      36     268 e: -86.6 r:  13.1   
US_Tennessee_Shelby=Deaths i:  88  88  10  4/20/2020 p:      36     268 e: -86.6 r:  13.1   
US_Tennessee_Shelby=Deaths i:  89  89  11          . p:      44     268 e: -83.6 r:  14.6   
US_Tennessee_Shelby=Deaths i:  90  90  12  4/22/2020 p:      47     268 e: -82.5 r:  14.6   
US_Tennessee_Shelby=Deaths i:  91  91  13          . p:      62     268 e: -76.9 r:  16.4   
US_Tennessee_Shelby=Deaths i:  92  92  14  4/24/2020 p:      42     268 e: -84.3 r:  15.7   
US_Tennessee_Shelby=Deaths i:  93  93  15          . p:      42     268 e: -84.3 r:  16.0   
US_Tennessee_Shelby=Deaths i:  94  94  16  4/26/2020 p:      52     268 e: -80.6 r:  16.4   
US_Tennessee_Shelby=Deaths i:  95  95  17          . p:      52     268 e: -80.6 r:  16.4   
US_Tennessee_Shelby=Deaths i:  96  96  18  4/28/2020 p:      50     268 e: -81.3 r:  16.4   
US_Tennessee_Shelby=Deaths i:  97  97  19          . p:      48     268 e: -82.1 r:  16.4   
US_Tennessee_Shelby=Deaths i:  98  98  20  4/30/2020 p:      51     268 e: -81.0 r:  17.5   
US_Tennessee_Shelby=Deaths i:  99  99  21          . p:      67     268 e: -75.0 r:  19.0   
US_Tennessee_Shelby=Deaths i: 101 101  23          . p:      97     268 e: -63.8 r:  20.5   
US_Tennessee_Shelby=Deaths i: 102 102  24   5/4/2020 p:     107     268 e: -60.1 r:  21.6   
US_Tennessee_Shelby=Deaths i: 103 103  25          . p:      67     268 e: -75.0 r:  22.4   
US_Tennessee_Shelby=Deaths i: 104 104  26   5/6/2020 p:     157     268 e: -41.4 r:  23.9   
US_Tennessee_Shelby=Deaths i: 105 105  27          . p:     166     268 e: -38.1 r:  23.9   
US_Tennessee_Shelby=Deaths i: 106 106  28   5/8/2020 p:      87     268 e: -67.5 r:  25.0   
US_Tennessee_Shelby=Deaths i: 107 107  29          . p:      82     268 e: -69.4 r:  25.4   
US_Tennessee_Shelby=Deaths i: 108 108  30  5/10/2020 p:      77     268 e: -71.3 r:  25.4   
US_Tennessee_Shelby=Deaths i: 109 109  31          . p:      77     268 e: -71.3 r:  26.1   
US_Tennessee_Shelby=Deaths i: 110 110  32  5/12/2020 p:      87     268 e: -67.5 r:  27.2   
US_Tennessee_Shelby=Deaths i: 111 111  33          . p:     112     268 e: -58.2 r:  28.0   
US_Tennessee_Shelby=Deaths i: 112 112  34  5/14/2020 p:     122     268 e: -54.5 r:  30.2   
US_Tennessee_Shelby=Deaths i: 113 113  35          . p:     127     268 e: -52.6 r:  30.2   
US_Tennessee_Shelby=Deaths i: 114 114  36  5/16/2020 p:     137     268 e: -48.9 r:  31.7   
US_Tennessee_Shelby=Deaths i: 115 115  37          . p:     216     268 e: -19.4 r:  31.7   
US_Tennessee_Shelby=Deaths i: 116 116  38  5/18/2020 p:      92     268 e: -65.7 r:  32.5   
US_Tennessee_Shelby=Deaths i: 117 117  39          . p:      87     268 e: -67.5 r:  32.5   
US_Tennessee_Shelby=Deaths i: 118 118  40  5/20/2020 p:      87     268 e: -67.5 r:  32.5   
US_Tennessee_Shelby=Deaths i: 119 119  41          . p:     142     268 e: -47.0 r:  34.0   
US_Tennessee_Shelby=Deaths i: 120 120  42  5/22/2020 p:     137     268 e: -48.9 r:  34.3   
US_Tennessee_Shelby=Deaths i: 121 121  43          . p:     122     268 e: -54.5 r:  34.3   
US_Tennessee_Shelby=Deaths i: 122 122  44  5/24/2020 p:     102     268 e: -61.9 r:  35.1   
US_Tennessee_Shelby=Deaths i: 123 123  45          . p:     102     268 e: -61.9 r:  35.1   
US_Tennessee_Shelby=Deaths i: 124 124  46  5/26/2020 p:     117     268 e: -56.3 r:  35.8   
US_Tennessee_Shelby=Deaths i: 125 125  47          . p:     184     268 e: -31.3 r:  39.2   
US_Tennessee_Shelby=Deaths i: 126   0  48  5/28/2020 p:     228     268 e: -14.9 r:  39.9 OK 1st
US_Tennessee_Shelby=Deaths i: 127   1  49          . p:     246     268 e:  -8.2 r:  41.0 OK
US_Tennessee_Shelby=Deaths i: 128   2  50  5/30/2020 p:     256     268 e:  -4.5 r:  41.4 OK
US_Tennessee_Shelby=Deaths i: 129   3  51          . p:     291     268 e:   8.6 r:  41.4 OK
US_Tennessee_Shelby=Deaths i: 130   4  52   6/1/2020 p:     112     268 e: -58.2 r:  41.4   
US_Tennessee_Shelby=Deaths i: 131   5  53          . p:     256     268 e:  -4.5 r:  43.7 OK
US_Tennessee_Shelby=Deaths i: 132   6  54   6/3/2020 p:     221     268 e: -17.5 r:  44.4   
US_Tennessee_Shelby=Deaths i: 133   7  55          . p:     256     268 e:  -4.5 r:  46.3 OK
US_Tennessee_Shelby=Deaths i: 134   8  56   6/5/2020 p:     291     268 e:   8.6 r:  47.4 OK
US_Tennessee_Shelby=Deaths i: 135   9  57          . p:     216     268 e: -19.4 r:  48.1   
US_Tennessee_Shelby=Deaths i: 136  10  58   6/7/2020 p:     316     268 e:  17.9 r:  48.5   
US_Tennessee_Shelby=Deaths i: 137  11  59          . p:     326     268 e:  21.6 r:  49.6   
US_Tennessee_Shelby=Deaths i: 138  12  60   6/9/2020 p:     191     268 e: -28.7 r:  50.4   
