
  # Process COVID TAB data
p1= 457 il= 138
p1= 457 il= 137
p1= 443 il= 136
p1= 429 il= 135
p1= 415 il= 134
US_New_Jersey_Camden=Deaths nl = 139, n1= 5 s1= 440.2 s2= 194042.6 SD= 16.3266653055677 frac%= 3.70891987859329
US_New_Jersey_Camden=Deaths i:  71  71  -4          . p:      21     440 e: -95.2 r:   1.6   
US_New_Jersey_Camden=Deaths i:  72  72  -3   4/4/2020 p:       7     440 e: -98.4 r:   1.8   
US_New_Jersey_Camden=Deaths i:  73  73  -2          . p:       7     440 e: -98.4 r:   1.8   
US_New_Jersey_Camden=Deaths i:  74  74  -1   4/6/2020 p:       7     440 e: -98.4 r:   1.8   
US_New_Jersey_Camden=Deaths i:  75  75   0          . p:      22     440 e: -95.0 r:   2.7   
US_New_Jersey_Camden=Deaths i:  77  77   2          . p:     710     440 e:  61.3 r:   5.2   
US_New_Jersey_Camden=Deaths i:  78  78   3  4/10/2020 p:      63     440 e: -85.7 r:   6.6   
US_New_Jersey_Camden=Deaths i:  79  79   4          . p:      35     440 e: -92.0 r:   6.6   
US_New_Jersey_Camden=Deaths i:  80  80   5  4/12/2020 p:      35     440 e: -92.0 r:   7.3   
US_New_Jersey_Camden=Deaths i:  81  81   6          . p:      35     440 e: -92.0 r:   8.0   
US_New_Jersey_Camden=Deaths i:  82  82   7  4/14/2020 p:      63     440 e: -85.7 r:   9.3   
US_New_Jersey_Camden=Deaths i:  83  83   8          . p:     133     440 e: -69.8 r:  11.1   
US_New_Jersey_Camden=Deaths i:  84  84   9  4/16/2020 p:     204     440 e: -53.7 r:  13.6   
US_New_Jersey_Camden=Deaths i:  85  85  10          . p:     232     440 e: -47.3 r:  14.5   
US_New_Jersey_Camden=Deaths i:  86  86  11  4/18/2020 p:     260     440 e: -40.9 r:  16.6   
US_New_Jersey_Camden=Deaths i:  87  87  12          . p:     246     440 e: -44.1 r:  16.8   
US_New_Jersey_Camden=Deaths i:  88  88  13  4/20/2020 p:     232     440 e: -47.3 r:  18.4   
US_New_Jersey_Camden=Deaths i:  89  89  14          . p:      96     440 e: -78.2 r:  18.4   
US_New_Jersey_Camden=Deaths i:  90  90  15  4/22/2020 p:     204     440 e: -53.7 r:  21.4   
US_New_Jersey_Camden=Deaths i:  91  91  16          . p:     232     440 e: -47.3 r:  23.6   
US_New_Jersey_Camden=Deaths i:  92  92  17  4/24/2020 p:     232     440 e: -47.3 r:  24.1   
US_New_Jersey_Camden=Deaths i:  93  93  18          . p:     246     440 e: -44.1 r:  26.8   
US_New_Jersey_Camden=Deaths i:  94  94  19  4/26/2020 p:     274     440 e: -37.8 r:  27.5   
US_New_Jersey_Camden=Deaths i:  95  95  20          . p:     238     440 e: -45.9 r:  27.7   
US_New_Jersey_Camden=Deaths i:  96  96  21  4/28/2020 p:     200     440 e: -54.6 r:  28.2   
US_New_Jersey_Camden=Deaths i:  97  97  22          . p:     227     440 e: -48.4 r:  30.9   
US_New_Jersey_Camden=Deaths i:  98  98  23  4/30/2020 p:     240     440 e: -45.5 r:  33.4   
US_New_Jersey_Camden=Deaths i:  99  99  24          . p:     260     440 e: -40.9 r:  35.2   
US_New_Jersey_Camden=Deaths i: 100 100  25   5/2/2020 p:     274     440 e: -37.8 r:  36.6   
US_New_Jersey_Camden=Deaths i: 101 101  26          . p:     274     440 e: -37.8 r:  37.0   
US_New_Jersey_Camden=Deaths i: 102 102  27   5/4/2020 p:     255     440 e: -42.1 r:  37.0   
US_New_Jersey_Camden=Deaths i: 103 103  28          . p:     274     440 e: -37.8 r:  40.9   
US_New_Jersey_Camden=Deaths i: 104 104  29   5/6/2020 p:     288     440 e: -34.6 r:  42.9   
US_New_Jersey_Camden=Deaths i: 105 105  30          . p:     288     440 e: -34.6 r:  43.8   
US_New_Jersey_Camden=Deaths i: 106 106  31   5/8/2020 p:     302     440 e: -31.4 r:  45.2   
US_New_Jersey_Camden=Deaths i: 107 107  32          . p:     330     440 e: -25.0 r:  49.3   
US_New_Jersey_Camden=Deaths i: 108 108  33  5/10/2020 p:     344     440 e: -21.9 r:  51.1   
US_New_Jersey_Camden=Deaths i: 109 109  34          . p:     344     440 e: -21.9 r:  51.6   
US_New_Jersey_Camden=Deaths i: 110 110  35  5/12/2020 p:     372     440 e: -15.5 r:  53.6   
US_New_Jersey_Camden=Deaths i: 111 111  36          . p:     372     440 e: -15.5 r:  55.9   
US_New_Jersey_Camden=Deaths i: 112 112  37  5/14/2020 p:     372     440 e: -15.5 r:  58.2   
US_New_Jersey_Camden=Deaths i: 113   0  38          . p:     401     440 e:  -8.9 r:  59.5 OK 1st
US_New_Jersey_Camden=Deaths i: 114   1  39  5/16/2020 p:     387     440 e: -12.1 r:  60.9 OK
US_New_Jersey_Camden=Deaths i: 115   2  40          . p:     389     440 e: -11.6 r:  61.8 OK
US_New_Jersey_Camden=Deaths i: 116   3  41  5/18/2020 p:     392     440 e: -10.9 r:  62.5 OK
US_New_Jersey_Camden=Deaths i: 117   4  42          . p:     392     440 e: -10.9 r:  63.4 OK
US_New_Jersey_Camden=Deaths i: 118   5  43  5/20/2020 p:     401     440 e:  -8.9 r:  65.0 OK
US_New_Jersey_Camden=Deaths i: 119   6  44          . p:     401     440 e:  -8.9 r:  65.9 OK
US_New_Jersey_Camden=Deaths i: 120   7  45  5/22/2020 p:     401     440 e:  -8.9 r:  67.9 OK
US_New_Jersey_Camden=Deaths i: 121   8  46          . p:     401     440 e:  -8.9 r:  68.8 OK
US_New_Jersey_Camden=Deaths i: 122   9  47  5/24/2020 p:     401     440 e:  -8.9 r:  69.7 OK
US_New_Jersey_Camden=Deaths i: 123  10  48          . p:     401     440 e:  -8.9 r:  70.0 OK
US_New_Jersey_Camden=Deaths i: 124  11  49  5/26/2020 p:     406     440 e:  -7.8 r:  69.7 OK
US_New_Jersey_Camden=Deaths i: 125  12  50          . p:     403     440 e:  -8.5 r:  71.1 OK
US_New_Jersey_Camden=Deaths i: 126  13  51  5/28/2020 p:     401     440 e:  -8.9 r:  72.2 OK
US_New_Jersey_Camden=Deaths i: 127  14  52          . p:     401     440 e:  -8.9 r:  74.3 OK
US_New_Jersey_Camden=Deaths i: 128  15  53  5/30/2020 p:     401     440 e:  -8.9 r:  75.9 OK
US_New_Jersey_Camden=Deaths i: 129  16  54          . p:     401     440 e:  -8.9 r:  76.8 OK
US_New_Jersey_Camden=Deaths i: 130  17  55   6/1/2020 p:     401     440 e:  -8.9 r:  76.8 OK
US_New_Jersey_Camden=Deaths i: 131  18  56          . p:     401     440 e:  -8.9 r:  77.0 OK
US_New_Jersey_Camden=Deaths i: 132  19  57   6/3/2020 p:     401     440 e:  -8.9 r:  78.6 OK
US_New_Jersey_Camden=Deaths i: 133  20  58          . p:     415     440 e:  -5.7 r:  80.0 OK
US_New_Jersey_Camden=Deaths i: 134  21  59   6/5/2020 p:     415     440 e:  -5.7 r:  81.1 OK
US_New_Jersey_Camden=Deaths i: 135  22  60          . p:     429     440 e:  -2.5 r:  82.7 OK
US_New_Jersey_Camden=Deaths i: 136  23  61   6/7/2020 p:     443     440 e:   0.6 r:  83.8 OK
US_New_Jersey_Camden=Deaths i: 137  24  62          . p:     457     440 e:   3.8 r:  85.0 OK
US_New_Jersey_Camden=Deaths i: 138  25  63   6/9/2020 p:     457     440 e:   3.8 r:  86.6 OK
