
  # Process COVID TAB data
p1= 47138 il= 138
p1= 45913 il= 137
p1= 44689 il= 136
p1= 45913 il= 135
p1= 45913 il= 134
Kuwait=Confirmed nl = 139, n1= 5 s1= 45913.2 s2= 2108621694.4 SD= 774.441837713023 frac%= 1.68675204018239
Kuwait=Confirmed i:  42  42  -8   3/5/2020 p:     612   45913 e: -98.7 r:   0.1   
Kuwait=Confirmed i:  45  45  -5          . p:     612   45913 e: -98.7 r:   0.1   
Kuwait=Confirmed i:  46  46  -4   3/9/2020 p:     612   45913 e: -98.7 r:   0.1   
Kuwait=Confirmed i:  47  47  -3          . p:     612   45913 e: -98.7 r:   0.2   
Kuwait=Confirmed i:  48  48  -2  3/11/2020 p:     612   45913 e: -98.7 r:   0.2   
Kuwait=Confirmed i:  49  49  -1          . p:     612   45913 e: -98.7 r:   0.2   
Kuwait=Confirmed i:  50  50   0  3/13/2020 p:     612   45913 e: -98.7 r:   0.2   
Kuwait=Confirmed i:  51  51   1          . p:     612   45913 e: -98.7 r:   0.2   
Kuwait=Confirmed i:  52  52   2  3/15/2020 p:     612   45913 e: -98.7 r:   0.2   
Kuwait=Confirmed i:  53  53   3          . p:     612   45913 e: -98.7 r:   0.3   
Kuwait=Confirmed i:  54  54   4  3/17/2020 p:     612   45913 e: -98.7 r:   0.3   
Kuwait=Confirmed i:  55  55   5          . p:     612   45913 e: -98.7 r:   0.3   
Kuwait=Confirmed i:  56  56   6  3/19/2020 p:     612   45913 e: -98.7 r:   0.3   
Kuwait=Confirmed i:  57  57   7          . p:     612   45913 e: -98.7 r:   0.3   
Kuwait=Confirmed i:  58  58   8  3/21/2020 p:     612   45913 e: -98.7 r:   0.4   
Kuwait=Confirmed i:  59  59   9          . p:     612   45913 e: -98.7 r:   0.4   
Kuwait=Confirmed i:  60  60  10  3/23/2020 p:     612   45913 e: -98.7 r:   0.4   
Kuwait=Confirmed i:  61  61  11          . p:     612   45913 e: -98.7 r:   0.4   
Kuwait=Confirmed i:  62  62  12  3/25/2020 p:     612   45913 e: -98.7 r:   0.4   
Kuwait=Confirmed i:  63  63  13          . p:     612   45913 e: -98.7 r:   0.5   
Kuwait=Confirmed i:  64  64  14  3/27/2020 p:     612   45913 e: -98.7 r:   0.5   
Kuwait=Confirmed i:  65  65  15          . p:     612   45913 e: -98.7 r:   0.5   
Kuwait=Confirmed i:  66  66  16  3/29/2020 p:     612   45913 e: -98.7 r:   0.6   
Kuwait=Confirmed i:  67  67  17          . p:     612   45913 e: -98.7 r:   0.6   
Kuwait=Confirmed i:  68  68  18  3/31/2020 p:     612   45913 e: -98.7 r:   0.6   
Kuwait=Confirmed i:  69  69  19          . p:     612   45913 e: -98.7 r:   0.7   
Kuwait=Confirmed i:  70  70  20   4/2/2020 p:    1836   45913 e: -96.0 r:   0.7   
Kuwait=Confirmed i:  71  71  21          . p:     612   45913 e: -98.7 r:   0.9   
Kuwait=Confirmed i:  72  72  22   4/4/2020 p:     612   45913 e: -98.7 r:   1.0   
Kuwait=Confirmed i:  73  73  23          . p:    1836   45913 e: -96.0 r:   1.2   
Kuwait=Confirmed i:  74  74  24   4/6/2020 p:    3060   45913 e: -93.3 r:   1.4   
Kuwait=Confirmed i:  75  75  25          . p:    4285   45913 e: -90.7 r:   1.6   
Kuwait=Confirmed i:  76  76  26   4/8/2020 p:    6734   45913 e: -85.3 r:   1.9   
Kuwait=Confirmed i:  77  77  27          . p:    1836   45913 e: -96.0 r:   2.0   
Kuwait=Confirmed i:  78  78  28  4/10/2020 p:    1836   45913 e: -96.0 r:   2.2   
Kuwait=Confirmed i:  79  79  29          . p:    4285   45913 e: -90.7 r:   2.5   
Kuwait=Confirmed i:  80  80  30  4/12/2020 p:    3060   45913 e: -93.3 r:   2.7   
Kuwait=Confirmed i:  81  81  31          . p:    3060   45913 e: -93.3 r:   2.8   
Kuwait=Confirmed i:  82  82  32  4/14/2020 p:    1836   45913 e: -96.0 r:   3.0   
Kuwait=Confirmed i:  83  83  33          . p:    1836   45913 e: -96.0 r:   3.1   
Kuwait=Confirmed i:  84  84  34  4/16/2020 p:    1836   45913 e: -96.0 r:   3.3   
Kuwait=Confirmed i:  85  85  35          . p:    3060   45913 e: -93.3 r:   3.6   
Kuwait=Confirmed i:  86  86  36  4/18/2020 p:    3060   45913 e: -93.3 r:   3.8   
Kuwait=Confirmed i:  87  87  37          . p:    4285   45913 e: -90.7 r:   4.2   
Kuwait=Confirmed i:  88  88  38  4/20/2020 p:    4285   45913 e: -90.7 r:   4.3   
Kuwait=Confirmed i:  89  89  39          . p:    4285   45913 e: -90.7 r:   4.5   
Kuwait=Confirmed i:  90  90  40  4/22/2020 p:    4285   45913 e: -90.7 r:   4.9   
Kuwait=Confirmed i:  91  91  41          . p:    5509   45913 e: -88.0 r:   5.2   
Kuwait=Confirmed i:  92  92  42  4/24/2020 p:    6734   45913 e: -85.3 r:   5.7   
Kuwait=Confirmed i:  93  93  43          . p:    7958   45913 e: -82.7 r:   6.3   
Kuwait=Confirmed i:  94  94  44  4/26/2020 p:   10407   45913 e: -77.3 r:   6.7   
Kuwait=Confirmed i:  95  95  45          . p:   11631   45913 e: -74.7 r:   7.2   
Kuwait=Confirmed i:  96  96  46  4/28/2020 p:   12855   45913 e: -72.0 r:   7.5   
Kuwait=Confirmed i:  97  97  47          . p:   15304   45913 e: -66.7 r:   8.1   
Kuwait=Confirmed i:  98  98  48  4/30/2020 p:   18977   45913 e: -58.7 r:   8.8   
Kuwait=Confirmed i:  99  99  49          . p:   23875   45913 e: -48.0 r:   9.5   
Kuwait=Confirmed i: 100 100  50   5/2/2020 p:   28772   45913 e: -37.3 r:  10.1   
Kuwait=Confirmed i: 101 101  51          . p:   36118   45913 e: -21.3 r:  10.9   
Kuwait=Confirmed i: 102   0  52   5/4/2020 p:   42240   45913 e:  -8.0 r:  11.5 OK 1st
Kuwait=Confirmed i: 103   1  53          . p:   55708   45913 e:  21.3 r:  12.6   
Kuwait=Confirmed i: 104   2  54   5/6/2020 p:   76522   45913 e:  66.7 r:  13.7   
Kuwait=Confirmed i: 105   3  55          . p:   75298   45913 e:  64.0 r:  14.3   
Kuwait=Confirmed i: 106   4  56   5/8/2020 p:       0   45913 e: -100.0 r:  15.7   
Kuwait=Confirmed i: 107   5  57          . p:       0   45913 e: -100.0 r:  16.6   
Kuwait=Confirmed i: 108   6  58  5/10/2020 p:       0   45913 e: -100.0 r:  18.9   
Kuwait=Confirmed i: 111   9  61          . p:   85093   45913 e:  85.3 r:  24.0   
Kuwait=Confirmed i: 112  10  62  5/14/2020 p:   26323   45913 e: -42.7 r:  26.1   
Kuwait=Confirmed i: 113  11  63          . p:   29996   45913 e: -34.7 r:  28.0   
Kuwait=Confirmed i: 114  12  64  5/16/2020 p:   34894   45913 e: -24.0 r:  30.1   
Kuwait=Confirmed i: 115  13  65          . p:   45913   45913 e:  -0.0 r:  32.3 OK
Kuwait=Confirmed i: 116  14  66  5/18/2020 p:   67952   45913 e:  48.0 r:  34.2   
Kuwait=Confirmed i: 117  15  67          . p:   60606   45913 e:  32.0 r:  36.5   
Kuwait=Confirmed i: 118  16  68  5/20/2020 p:   32445   45913 e: -29.3 r:  38.3   
Kuwait=Confirmed i: 119  17  69          . p:   42240   45913 e:  -8.0 r:  40.5 OK
Kuwait=Confirmed i: 120  18  70  5/22/2020 p:   43464   45913 e:  -5.3 r:  42.6 OK
Kuwait=Confirmed i: 121  19  71          . p:   43464   45913 e:  -5.3 r:  44.6 OK
Kuwait=Confirmed i: 122  20  72  5/24/2020 p:   39791   45913 e: -13.3 r:  46.4 OK
Kuwait=Confirmed i: 123  21  73          . p:   34894   45913 e: -24.0 r:  47.8   
Kuwait=Confirmed i: 124  22  74  5/26/2020 p:   26323   45913 e: -42.7 r:  49.2   
Kuwait=Confirmed i: 125  23  75          . p:   27548   45913 e: -40.0 r:  50.7   
Kuwait=Confirmed i: 126  24  76  5/28/2020 p:   32445   45913 e: -29.3 r:  52.5   
Kuwait=Confirmed i: 127  25  77          . p:   37343   45913 e: -18.7 r:  54.9   
Kuwait=Confirmed i: 128  26  78  5/30/2020 p:   41016   45913 e: -10.7 r:  57.0 OK
Kuwait=Confirmed i: 129  27  79          . p:   43464   45913 e:  -5.3 r:  58.9 OK
Kuwait=Confirmed i: 130  28  80   6/1/2020 p:   43464   45913 e:  -5.3 r:  60.5 OK
Kuwait=Confirmed i: 131  29  81          . p:   44689   45913 e:  -2.7 r:  62.4 OK
Kuwait=Confirmed i: 132  30  82   6/3/2020 p:   45913   45913 e:  -0.0 r:  63.9 OK
Kuwait=Confirmed i: 133  31  83          . p:   45913   45913 e:  -0.0 r:  65.2 OK
Kuwait=Confirmed i: 134  32  84   6/5/2020 p:   45913   45913 e:  -0.0 r:  66.7 OK
Kuwait=Confirmed i: 135  33  85          . p:   45913   45913 e:  -0.0 r:  67.8 OK
Kuwait=Confirmed i: 136  34  86   6/7/2020 p:   44689   45913 e:  -2.7 r:  69.4 OK
Kuwait=Confirmed i: 137  35  87          . p:   45913   45913 e:  -0.0 r:  70.8 OK
Kuwait=Confirmed i: 138  36  88   6/9/2020 p:   47138   45913 e:   2.7 r:  72.2 OK
