
  # Process COVID TAB data
p1= 143 il= 138
p1= 111 il= 137
p1= 95 il= 136
p1= 81 il= 135
p1= 76 il= 134
Qatar=Deaths nl = 139, n1= 5 s1= 101.2 s2= 10826.4 SD= 24.1859463325295 frac%= 23.8991564550687
Qatar=Deaths i:  71  71 -49          . p:       5     101 e: -95.1 r:   3.0   
Qatar=Deaths i:  72  72 -48   4/4/2020 p:       3     101 e: -97.0 r:   3.0   
Qatar=Deaths i:  73  73 -47          . p:       4     101 e: -96.0 r:   4.0   
Qatar=Deaths i:  74  74 -46   4/6/2020 p:       5     101 e: -95.1 r:   4.0   
Qatar=Deaths i:  76  76 -44   4/8/2020 p:      21     101 e: -79.2 r:   5.9   
Qatar=Deaths i:  77  77 -43          . p:      14     101 e: -86.2 r:   5.9   
Qatar=Deaths i:  78  78 -42  4/10/2020 p:      12     101 e: -88.1 r:   5.9   
Qatar=Deaths i:  79  79 -41          . p:       8     101 e: -92.1 r:   5.9   
Qatar=Deaths i:  80  80 -40  4/12/2020 p:       8     101 e: -92.1 r:   6.9   
Qatar=Deaths i:  81  81 -39          . p:       6     101 e: -94.1 r:   6.9   
Qatar=Deaths i:  82  82 -38  4/14/2020 p:       7     101 e: -93.1 r:   6.9   
Qatar=Deaths i:  83  83 -37          . p:       7     101 e: -93.1 r:   6.9   
Qatar=Deaths i:  84  84 -36  4/16/2020 p:       7     101 e: -93.1 r:   6.9   
Qatar=Deaths i:  85  85 -35          . p:       7     101 e: -93.1 r:   6.9   
Qatar=Deaths i:  87  87 -33          . p:       8     101 e: -92.1 r:   7.9   
Qatar=Deaths i:  88  88 -32  4/20/2020 p:      12     101 e: -88.1 r:   8.9   
Qatar=Deaths i:  89  89 -31          . p:      10     101 e: -90.1 r:   8.9   
Qatar=Deaths i:  90  90 -30  4/22/2020 p:      14     101 e: -86.2 r:   9.9   
Qatar=Deaths i:  91  91 -29          . p:      14     101 e: -86.2 r:   9.9   
Qatar=Deaths i:  92  92 -28  4/24/2020 p:      12     101 e: -88.1 r:   9.9   
Qatar=Deaths i:  93  93 -27          . p:      12     101 e: -88.1 r:   9.9   
Qatar=Deaths i:  94  94 -26  4/26/2020 p:      12     101 e: -88.1 r:   9.9   
Qatar=Deaths i:  95  95 -25          . p:      12     101 e: -88.1 r:   9.9   
Qatar=Deaths i:  96  96 -24  4/28/2020 p:      12     101 e: -88.1 r:   9.9   
Qatar=Deaths i:  97  97 -23          . p:      12     101 e: -88.1 r:   9.9   
Qatar=Deaths i:  98  98 -22  4/30/2020 p:      12     101 e: -88.1 r:   9.9   
Qatar=Deaths i:  99  99 -21          . p:      21     101 e: -79.2 r:  11.9   
Qatar=Deaths i: 100 100 -20   5/2/2020 p:      62     101 e: -38.7 r:  11.9   
Qatar=Deaths i: 101 101 -19          . p:      14     101 e: -86.2 r:  11.9   
Qatar=Deaths i: 102 102 -18   5/4/2020 p:      14     101 e: -86.2 r:  11.9   
Qatar=Deaths i: 103 103 -17          . p:      14     101 e: -86.2 r:  11.9   
Qatar=Deaths i: 104 104 -16   5/6/2020 p:      14     101 e: -86.2 r:  11.9   
Qatar=Deaths i: 105 105 -15          . p:      14     101 e: -86.2 r:  11.9   
Qatar=Deaths i: 106 106 -14   5/8/2020 p:      14     101 e: -86.2 r:  11.9   
Qatar=Deaths i: 107 107 -13          . p:      14     101 e: -86.2 r:  12.8   
Qatar=Deaths i: 108 108 -12  5/10/2020 p:      17     101 e: -83.2 r:  13.8   
Qatar=Deaths i: 109 109 -11          . p:      24     101 e: -76.3 r:  13.8   
Qatar=Deaths i: 110 110 -10  5/12/2020 p:      17     101 e: -83.2 r:  13.8   
Qatar=Deaths i: 111 111  -9          . p:      24     101 e: -76.3 r:  13.8   
Qatar=Deaths i: 112 112  -8  5/14/2020 p:      14     101 e: -86.2 r:  13.8   
Qatar=Deaths i: 113 113  -7          . p:      14     101 e: -86.2 r:  13.8   
Qatar=Deaths i: 114 114  -6  5/16/2020 p:      24     101 e: -76.3 r:  14.8   
Qatar=Deaths i: 115 115  -5          . p:      17     101 e: -83.2 r:  14.8   
Qatar=Deaths i: 116 116  -4  5/18/2020 p:      17     101 e: -83.2 r:  14.8   
Qatar=Deaths i: 117 117  -3          . p:      23     101 e: -77.3 r:  14.8   
Qatar=Deaths i: 118 118  -2  5/20/2020 p:      24     101 e: -76.3 r:  15.8   
Qatar=Deaths i: 119 119  -1          . p:      30     101 e: -70.4 r:  16.8   
Qatar=Deaths i: 120 120   0  5/22/2020 p:      76     101 e: -24.9 r:  18.8   
Qatar=Deaths i: 121 121   1          . p:      79     101 e: -21.9 r:  20.8   
Qatar=Deaths i: 122 122   2  5/24/2020 p:       0     101 e: -100.0 r:  22.7   
Qatar=Deaths i: 125 125   5          . p:      62     101 e: -38.7 r:  29.6   
Qatar=Deaths i: 126   0   6  5/28/2020 p:      92     101 e:  -9.1 r:  32.6 OK 1st
Qatar=Deaths i: 127   1   7          . p:       0     101 e: -100.0 r:  35.6   
Qatar=Deaths i: 128   2   8  5/30/2020 p:      67     101 e: -33.8 r:  35.6   
Qatar=Deaths i: 129   3   9          . p:      42     101 e: -58.5 r:  37.5   
Qatar=Deaths i: 130   4  10   6/1/2020 p:      46     101 e: -54.5 r:  39.5   
Qatar=Deaths i: 131   5  11          . p:      74     101 e: -26.9 r:  42.5   
Qatar=Deaths i: 132   6  12   6/3/2020 p:      72     101 e: -28.9 r:  44.5   
Qatar=Deaths i: 133   7  13          . p:      65     101 e: -35.8 r:  44.5   
Qatar=Deaths i: 134   8  14   6/5/2020 p:      76     101 e: -24.9 r:  48.4   
Qatar=Deaths i: 135   9  15          . p:      81     101 e: -20.0 r:  50.4   
Qatar=Deaths i: 136  10  16   6/7/2020 p:      95     101 e:  -6.1 r:  53.4 OK
Qatar=Deaths i: 137  11  17          . p:     111     101 e:   9.7 r:  56.3 OK
Qatar=Deaths i: 138  12  18   6/9/2020 p:     143     101 e:  41.3 r:  61.3   
