
  # Process COVID TAB data
p1= 34587 il= 138
p1= 34587 il= 137
p1= 34587 il= 136
p1= 34587 il= 135
p1= 34587 il= 134
Italy=Deaths nl = 139, n1= 5 s1= 34587 s2= 1196260569 SD= 0 frac%= 0
Italy=Deaths i:  38  38   3   3/1/2020 p:    3201   34587 e: -90.7 r:   0.1   
Italy=Deaths i:  43  43   8          . p:    1886   34587 e: -94.5 r:   0.6   
Italy=Deaths i:  44  44   9   3/7/2020 p:     628   34587 e: -98.2 r:   0.7   
Italy=Deaths i:  45  45  10          . p:   62257   34587 e:  80.0 r:   1.1   
Italy=Deaths i:  46  46  11   3/9/2020 p:       0   34587 e: -100.0 r:   1.3   
Italy=Deaths i:  49  49  14          . p:    4402   34587 e: -87.3 r:   2.9   
Italy=Deaths i:  50  50  15  3/13/2020 p:    5659   34587 e: -83.6 r:   3.7   
Italy=Deaths i:  51  51  16          . p:    3144   34587 e: -90.9 r:   4.2   
Italy=Deaths i:  52  52  17  3/15/2020 p:   11948   34587 e: -65.5 r:   5.2   
Italy=Deaths i:  53  53  18          . p:   14463   34587 e: -58.2 r:   6.2   
Italy=Deaths i:  54  54  19  3/17/2020 p:   15721   34587 e: -54.5 r:   7.2   
Italy=Deaths i:  55  55  20          . p:   24525   34587 e: -29.1 r:   8.6   
Italy=Deaths i:  56  56  21  3/19/2020 p:   24525   34587 e: -29.1 r:   9.8   
Italy=Deaths i:  57   0  22          . p:   34587   34587 e:   0.0 r:  11.7 OK 1st
Italy=Deaths i:  58   1  23  3/21/2020 p:   53453   34587 e:  54.5 r:  14.0   
Italy=Deaths i:  59   2  24          . p:   58484   34587 e:  69.1 r:  15.8   
Italy=Deaths i:  60   3  25  3/23/2020 p:   57226   34587 e:  65.5 r:  17.6   
Italy=Deaths i:  61   4  26          . p:   55898   34587 e:  61.6 r:  19.7   
Italy=Deaths i:  62   5  27  3/25/2020 p:   14542   34587 e: -58.0 r:  21.7   
Italy=Deaths i:  63   6  28          . p:   50521   34587 e:  46.1 r:  23.8   
Italy=Deaths i:  64   7  29  3/27/2020 p:   49465   34587 e:  43.0 r:  26.4   
Italy=Deaths i:  65   8  30          . p:   48422   34587 e:  40.0 r:  29.0   
Italy=Deaths i:  66   9  31  3/29/2020 p:   46433   34587 e:  34.2 r:  31.2   
Italy=Deaths i:  67  10  32          . p:   34499   34587 e:  -0.3 r:  33.5 OK
Italy=Deaths i:  68  11  33  3/31/2020 p:   33692   34587 e:  -2.6 r:  35.9 OK
Italy=Deaths i:  69  12  34          . p:   40013   34587 e:  15.7 r:  38.0   
Italy=Deaths i:  70  13  35   4/2/2020 p:   26637   34587 e: -23.0 r:  40.2   
Italy=Deaths i:  71  14  36          . p:   36622   34587 e:   5.9 r:  42.4 OK
Italy=Deaths i:  72  15  37   4/4/2020 p:   28390   34587 e: -17.9 r:  44.4   
Italy=Deaths i:  73  16  38          . p:   23787   34587 e: -31.2 r:  45.9   
Italy=Deaths i:  74  17  39   4/6/2020 p:   26500   34587 e: -23.4 r:  47.8   
Italy=Deaths i:  75  18  40          . p:   23458   34587 e: -32.2 r:  49.5   
Italy=Deaths i:  76  19  41   4/8/2020 p:   23944   34587 e: -30.8 r:  51.1   
Italy=Deaths i:  77  20  42          . p:   25738   34587 e: -25.6 r:  52.8   
Italy=Deaths i:  78  21  43  4/10/2020 p:   25938   34587 e: -25.0 r:  54.5   
Italy=Deaths i:  79  22  44          . p:   26058   34587 e: -24.7 r:  56.3   
Italy=Deaths i:  80  23  45  4/12/2020 p:   26478   34587 e: -23.4 r:  57.5   
Italy=Deaths i:  81  24  46          . p:   26747   34587 e: -22.7 r:  59.2   
Italy=Deaths i:  82  25  47  4/14/2020 p:   27229   34587 e: -21.3 r:  60.9   
Italy=Deaths i:  83  26  48          . p:   28298   34587 e: -18.2 r:  62.6   
Italy=Deaths i:  84  27  49  4/16/2020 p:   28298   34587 e: -18.2 r:  64.1   
Italy=Deaths i:  85  28  50          . p:   29556   34587 e: -14.5 r:  65.8 OK
Italy=Deaths i:  86  29  51  4/18/2020 p:   29606   34587 e: -14.4 r:  67.2 OK
Italy=Deaths i:  87  30  52          . p:   29833   34587 e: -13.7 r:  68.4 OK
Italy=Deaths i:  88  31  53  4/20/2020 p:   29857   34587 e: -13.7 r:  69.7 OK
Italy=Deaths i:  89  32  54          . p:   30249   34587 e: -12.5 r:  71.3 OK
Italy=Deaths i:  90  33  55  4/22/2020 p:   30814   34587 e: -10.9 r:  72.5 OK
Italy=Deaths i:  91  34  56          . p:   30903   34587 e: -10.7 r:  73.9 OK
Italy=Deaths i:  92  35  57  4/24/2020 p:   31106   34587 e: -10.1 r:  75.1 OK
Italy=Deaths i:  93  36  58          . p:   31384   34587 e:  -9.3 r:  76.3 OK
Italy=Deaths i:  94  37  59  4/26/2020 p:   31381   34587 e:  -9.3 r:  77.0 OK
Italy=Deaths i:  95  38  60          . p:   31807   34587 e:  -8.0 r:  78.0 OK
Italy=Deaths i:  96  39  61  4/28/2020 p:   31719   34587 e:  -8.3 r:  79.1 OK
Italy=Deaths i:  97  40  62          . p:   32109   34587 e:  -7.2 r:  80.0 OK
Italy=Deaths i:  98  41  63  4/30/2020 p:   32071   34587 e:  -7.3 r:  80.9 OK
Italy=Deaths i:  99  42  64          . p:   32442   34587 e:  -6.2 r:  81.6 OK
Italy=Deaths i: 100  43  65   5/2/2020 p:   34587   34587 e:   0.0 r:  83.0 OK
Italy=Deaths i: 101  44  66          . p:   34587   34587 e:   0.0 r:  83.5 OK
Italy=Deaths i: 102  45  67   5/4/2020 p:   32685   34587 e:  -5.5 r:  84.1 OK
Italy=Deaths i: 103  46  68          . p:   32733   34587 e:  -5.4 r:  84.8 OK
Italy=Deaths i: 104  47  69   5/6/2020 p:   32623   34587 e:  -5.7 r:  85.8 OK
Italy=Deaths i: 105  48  70          . p:   33329   34587 e:  -3.6 r:  86.6 OK
Italy=Deaths i: 106  49  71   5/8/2020 p:   34587   34587 e:   0.0 r:  87.3 OK
Italy=Deaths i: 107  50  72          . p:   34587   34587 e:   0.0 r:  87.9 OK
Italy=Deaths i: 108  51  73  5/10/2020 p:   33367   34587 e:  -3.5 r:  88.4 OK
Italy=Deaths i: 109  52  74          . p:   34803   34587 e:   0.6 r:  88.9 OK
Italy=Deaths i: 110  53  75  5/12/2020 p:   34815   34587 e:   0.7 r:  89.4 OK
Italy=Deaths i: 111  54  76          . p:   34587   34587 e:   0.0 r:  89.9 OK
Italy=Deaths i: 112  55  77  5/14/2020 p:   34587   34587 e:   0.0 r:  90.7 OK
Italy=Deaths i: 113  56  78          . p:   34587   34587 e:   0.0 r:  91.4 OK
Italy=Deaths i: 114  57  79  5/16/2020 p:   34587   34587 e:   0.0 r:  91.8 OK
Italy=Deaths i: 115  58  80          . p:   34587   34587 e:   0.0 r:  92.3 OK
Italy=Deaths i: 116  59  81  5/18/2020 p:   33975   34587 e:  -1.8 r:  92.5 OK
Italy=Deaths i: 117  60  82          . p:   34105   34587 e:  -1.4 r:  93.0 OK
Italy=Deaths i: 118  61  83  5/20/2020 p:   34587   34587 e:   0.0 r:  93.5 OK
Italy=Deaths i: 119  62  84          . p:   34587   34587 e:   0.0 r:  93.9 OK
Italy=Deaths i: 120  63  85  5/22/2020 p:   34587   34587 e:   0.0 r:  94.3 OK
Italy=Deaths i: 121  64  86          . p:   34587   34587 e:   0.0 r:  94.6 OK
Italy=Deaths i: 122  65  87  5/24/2020 p:   34430   34587 e:  -0.5 r:  94.8 OK
Italy=Deaths i: 123  66  88          . p:   35166   34587 e:   1.7 r:  95.1 OK
Italy=Deaths i: 124  67  89  5/26/2020 p:   34465   34587 e:  -0.4 r:  95.3 OK
Italy=Deaths i: 125  68  90          . p:   34587   34587 e:   0.0 r:  95.6 OK
Italy=Deaths i: 126  69  91  5/28/2020 p:   34587   34587 e:   0.0 r:  95.8 OK
Italy=Deaths i: 127  70  92          . p:   34587   34587 e:   0.0 r:  96.1 OK
Italy=Deaths i: 128  71  93  5/30/2020 p:   34587   34587 e:   0.0 r:  96.4 OK
Italy=Deaths i: 129  72  94          . p:   34587   34587 e:   0.0 r:  96.6 OK
Italy=Deaths i: 130  73  95   6/1/2020 p:   34587   34587 e:   0.0 r:  96.8 OK
Italy=Deaths i: 131  74  96          . p:   34733   34587 e:   0.4 r:  96.9 OK
Italy=Deaths i: 132  75  97   6/3/2020 p:   34792   34587 e:   0.6 r:  97.1 OK
Italy=Deaths i: 133  76  98          . p:   34587   34587 e:   0.0 r:  97.4 OK
Italy=Deaths i: 134  77  99   6/5/2020 p:   34587   34587 e:   0.0 r:  97.6 OK
Italy=Deaths i: 135  78 100          . p:   34587   34587 e:   0.0 r:  97.9 OK
Italy=Deaths i: 136  79 101   6/7/2020 p:   34587   34587 e:   0.0 r:  98.0 OK
Italy=Deaths i: 137  80 102          . p:   34587   34587 e:   0.0 r:  98.2 OK
Italy=Deaths i: 138  81 103   6/9/2020 p:   34587   34587 e:   0.0 r:  98.4 OK
