
  # Process COVID TAB data
p1= 118 il= 138
p1= 118 il= 137
p1= 118 il= 136
p1= 115 il= 134
p1= 115 il= 133
Malaysia=Deaths nl = 139, n1= 5 s1= 116.8 s2= 13644.4 SD= 1.46969384566986 frac%= 1.25829952540228
Malaysia=Deaths i:  61  61  -1          . p:     170     116 e:  45.5 r:  13.7   
Malaysia=Deaths i:  62  62   0  3/25/2020 p:      28     116 e: -76.0 r:  17.1   
Malaysia=Deaths i:  63  63   1          . p:      29     116 e: -75.2 r:  19.7   
Malaysia=Deaths i:  64  64   2  3/27/2020 p:      33     116 e: -71.7 r:  22.3   
Malaysia=Deaths i:  65  65   3          . p:      33     116 e: -71.7 r:  23.1   
Malaysia=Deaths i:  67  67   5          . p:      58     116 e: -50.3 r:  31.7   
Malaysia=Deaths i:  68  68   6  3/31/2020 p:      66     116 e: -43.5 r:  36.8   
Malaysia=Deaths i:  69  69   7          . p:      61     116 e: -47.8 r:  38.5   
Malaysia=Deaths i:  70  70   8   4/2/2020 p:      66     116 e: -43.5 r:  42.8   
Malaysia=Deaths i:  71  71   9          . p:      75     116 e: -35.8 r:  45.4   
Malaysia=Deaths i:  72  72  10   4/4/2020 p:      84     116 e: -28.1 r:  48.8   
Malaysia=Deaths i:  73  73  11          . p:      82     116 e: -29.8 r:  52.2   
Malaysia=Deaths i:  74  74  12   4/6/2020 p:      72     116 e: -38.4 r:  53.1   
Malaysia=Deaths i:  75  75  13          . p:      80     116 e: -31.5 r:  53.9   
Malaysia=Deaths i:  76  76  14   4/8/2020 p:      72     116 e: -38.4 r:  55.7   
Malaysia=Deaths i:  77  77  15          . p:      72     116 e: -38.4 r:  57.4   
Malaysia=Deaths i:  78  78  16  4/10/2020 p:      79     116 e: -32.4 r:  59.9   
Malaysia=Deaths i:  79  79  17          . p:      84     116 e: -28.1 r:  62.5   
Malaysia=Deaths i:  80  80  18  4/12/2020 p:      92     116 e: -21.2 r:  65.1   
Malaysia=Deaths i:  81  81  19          . p:      92     116 e: -21.2 r:  65.9   
Malaysia=Deaths i:  82   0  20  4/14/2020 p:     101     116 e: -13.5 r:  70.2 OK 1st
Malaysia=Deaths i:  83   1  21          . p:     101     116 e: -13.5 r:  71.1 OK
Malaysia=Deaths i:  84   2  22  4/16/2020 p:     101     116 e: -13.5 r:  71.9 OK
Malaysia=Deaths i:  85   3  23          . p:     101     116 e: -13.5 r:  73.6 OK
Malaysia=Deaths i:  86   4  24  4/18/2020 p:     104     116 e: -11.0 r:  75.3 OK
Malaysia=Deaths i:  87   5  25          . p:      97     116 e: -17.0 r:  76.2   
Malaysia=Deaths i:  88   6  26  4/20/2020 p:     102     116 e: -12.7 r:  76.2 OK
Malaysia=Deaths i:  89   7  27          . p:     101     116 e: -13.5 r:  78.8 OK
Malaysia=Deaths i:  90   8  28  4/22/2020 p:     105     116 e: -10.1 r:  79.6 OK
Malaysia=Deaths i:  91   9  29          . p:     110     116 e:  -5.8 r:  81.3 OK
Malaysia=Deaths i:  92  10  30  4/24/2020 p:     110     116 e:  -5.8 r:  82.2 OK
Malaysia=Deaths i:  93  11  31          . p:     114     116 e:  -2.4 r:  83.9 OK
Malaysia=Deaths i:  94  12  32  4/26/2020 p:     110     116 e:  -5.8 r:  83.9 OK
Malaysia=Deaths i:  95  13  33          . p:     112     116 e:  -4.1 r:  84.8 OK
Malaysia=Deaths i:  96  14  34  4/28/2020 p:     113     116 e:  -3.3 r:  85.6 OK
Malaysia=Deaths i:  97  15  35          . p:     109     116 e:  -6.7 r:  85.6 OK
Malaysia=Deaths i:  98  16  36  4/30/2020 p:     110     116 e:  -5.8 r:  87.3 OK
Malaysia=Deaths i:  99  17  37          . p:     114     116 e:  -2.4 r:  88.2 OK
Malaysia=Deaths i: 100  18  38   5/2/2020 p:     114     116 e:  -2.4 r:  88.2 OK
Malaysia=Deaths i: 101  19  39          . p:     114     116 e:  -2.4 r:  89.9 OK
Malaysia=Deaths i: 102  20  40   5/4/2020 p:     114     116 e:  -2.4 r:  89.9 OK
Malaysia=Deaths i: 103  21  41          . p:     114     116 e:  -2.4 r:  90.8 OK
Malaysia=Deaths i: 104  22  42   5/6/2020 p:     114     116 e:  -2.4 r:  91.6 OK
Malaysia=Deaths i: 105  23  43          . p:     115     116 e:  -1.5 r:  91.6 OK
Malaysia=Deaths i: 106  24  44   5/8/2020 p:     115     116 e:  -1.5 r:  91.6 OK
Malaysia=Deaths i: 107  25  45          . p:     114     116 e:  -2.4 r:  92.5 OK
Malaysia=Deaths i: 108  26  46  5/10/2020 p:     113     116 e:  -3.3 r:  92.5 OK
Malaysia=Deaths i: 109  27  47          . p:     114     116 e:  -2.4 r:  93.3 OK
Malaysia=Deaths i: 110  28  48  5/12/2020 p:     114     116 e:  -2.4 r:  93.3 OK
Malaysia=Deaths i: 111  29  49          . p:     114     116 e:  -2.4 r:  95.0 OK
Malaysia=Deaths i: 112  30  50  5/14/2020 p:     118     116 e:   1.0 r:  95.9 OK
Malaysia=Deaths i: 113  31  51          . p:     118     116 e:   1.0 r:  95.9 OK
Malaysia=Deaths i: 114  32  52  5/16/2020 p:     118     116 e:   1.0 r:  96.7 OK
Malaysia=Deaths i: 115  33  53          . p:     118     116 e:   1.0 r:  96.7 OK
Malaysia=Deaths i: 116  34  54  5/18/2020 p:     118     116 e:   1.0 r:  96.7 OK
Malaysia=Deaths i: 117  35  55          . p:     118     116 e:   1.0 r:  97.6 OK
Malaysia=Deaths i: 118  36  56  5/20/2020 p:     118     116 e:   1.0 r:  97.6 OK
Malaysia=Deaths i: 119  37  57          . p:     119     116 e:   1.9 r:  97.6 OK
Malaysia=Deaths i: 120  38  58  5/22/2020 p:     118     116 e:   1.0 r:  98.5 OK
Malaysia=Deaths i: 121  39  59          . p:     118     116 e:   1.0 r:  98.5 OK
Malaysia=Deaths i: 122  40  60  5/24/2020 p:     119     116 e:   1.9 r:  98.5 OK
Malaysia=Deaths i: 123  41  61          . p:     121     116 e:   3.6 r:  98.5 OK
Malaysia=Deaths i: 124  42  62  5/26/2020 p:     120     116 e:   2.7 r:  98.5 OK
Malaysia=Deaths i: 125  43  63          . p:     119     116 e:   1.9 r:  98.5 OK
Malaysia=Deaths i: 126  44  64  5/28/2020 p:     119     116 e:   1.9 r:  98.5 OK
Malaysia=Deaths i: 127  45  65          . p:     118     116 e:   1.0 r:  98.5 OK
Malaysia=Deaths i: 128  46  66  5/30/2020 p:     118     116 e:   1.0 r:  98.5 OK
Malaysia=Deaths i: 129  47  67          . p:     118     116 e:   1.0 r:  98.5 OK
Malaysia=Deaths i: 130  48  68   6/1/2020 p:     115     116 e:  -1.5 r:  98.5 OK
Malaysia=Deaths i: 131  49  69          . p:     115     116 e:  -1.5 r:  98.5 OK
Malaysia=Deaths i: 132  50  70   6/3/2020 p:     115     116 e:  -1.5 r:  98.5 OK
Malaysia=Deaths i: 133  51  71          . p:     115     116 e:  -1.5 r:  98.5 OK
Malaysia=Deaths i: 134  52  72   6/5/2020 p:     115     116 e:  -1.5 r:  99.3 OK
Malaysia=Deaths i: 136  54  74   6/7/2020 p:     118     116 e:   1.0 r: 100.2 OK
Malaysia=Deaths i: 137  55  75          . p:     118     116 e:   1.0 r: 100.2 OK
Malaysia=Deaths i: 138  56  76   6/9/2020 p:     118     116 e:   1.0 r: 100.2 OK
