
  # Process COVID TAB data
p1= 531 il= 138
p1= 543 il= 137
p1= 533 il= 136
p1= 536 il= 135
p1= 521 il= 134
US_Maryland_Baltimore=Deaths nl = 139, n1= 5 s1= 532.8 s2= 283927.2 SD= 7.16658914687065 frac%= 1.34508054558383
US_Maryland_Baltimore=Deaths i:  73  73  -4          . p:      22     532 e: -95.9 r:   1.1   
US_Maryland_Baltimore=Deaths i:  74  74  -3   4/6/2020 p:     374     532 e: -29.8 r:   2.1   
US_Maryland_Baltimore=Deaths i:  75  75  -2          . p:      80     532 e: -85.0 r:   2.1   
US_Maryland_Baltimore=Deaths i:  76  76  -1   4/8/2020 p:      22     532 e: -95.9 r:   2.4   
US_Maryland_Baltimore=Deaths i:  77  77   0          . p:      22     532 e: -95.9 r:   3.0   
US_Maryland_Baltimore=Deaths i:  78  78   1  4/10/2020 p:      51     532 e: -90.4 r:   3.9   
US_Maryland_Baltimore=Deaths i:  79  79   2          . p:      80     532 e: -85.0 r:   4.9   
US_Maryland_Baltimore=Deaths i:  80  80   3  4/12/2020 p:      95     532 e: -82.2 r:   5.6   
US_Maryland_Baltimore=Deaths i:  81  81   4          . p:      80     532 e: -85.0 r:   5.8   
US_Maryland_Baltimore=Deaths i:  82  82   5  4/14/2020 p:     139     532 e: -73.9 r:   7.7   
US_Maryland_Baltimore=Deaths i:  83  83   6          . p:     139     532 e: -73.9 r:   7.7   
US_Maryland_Baltimore=Deaths i:  84  84   7  4/16/2020 p:      95     532 e: -82.2 r:   7.7   
US_Maryland_Baltimore=Deaths i:  85  85   8          . p:      36     532 e: -93.2 r:   6.9   
US_Maryland_Baltimore=Deaths i:  86  86   9  4/18/2020 p:      80     532 e: -85.0 r:   8.4   
US_Maryland_Baltimore=Deaths i:  87  87  10          . p:      80     532 e: -85.0 r:   9.4   
US_Maryland_Baltimore=Deaths i:  88  88  11  4/20/2020 p:      65     532 e: -87.8 r:   9.4   
US_Maryland_Baltimore=Deaths i:  89  89  12          . p:      80     532 e: -85.0 r:  10.9   
US_Maryland_Baltimore=Deaths i:  90  90  13  4/22/2020 p:     110     532 e: -79.4 r:  12.6   
US_Maryland_Baltimore=Deaths i:  91  91  14          . p:     110     532 e: -79.4 r:  13.3   
US_Maryland_Baltimore=Deaths i:  92  92  15  4/24/2020 p:     124     532 e: -76.7 r:  13.9   
US_Maryland_Baltimore=Deaths i:  93  93  16          . p:     124     532 e: -76.7 r:  14.8   
US_Maryland_Baltimore=Deaths i:  94  94  17  4/26/2020 p:     124     532 e: -76.7 r:  15.2   
US_Maryland_Baltimore=Deaths i:  95  95  18          . p:     169     532 e: -68.3 r:  18.4   
US_Maryland_Baltimore=Deaths i:  96  96  19  4/28/2020 p:     183     532 e: -65.7 r:  20.1   
US_Maryland_Baltimore=Deaths i:  97  97  20          . p:     227     532 e: -57.4 r:  22.1   
US_Maryland_Baltimore=Deaths i:  98  98  21  4/30/2020 p:     242     532 e: -54.6 r:  23.1   
US_Maryland_Baltimore=Deaths i:  99  99  22          . p:     257     532 e: -51.8 r:  24.2   
US_Maryland_Baltimore=Deaths i: 100 100  23   5/2/2020 p:     271     532 e: -49.1 r:  26.1   
US_Maryland_Baltimore=Deaths i: 101 101  24          . p:     286     532 e: -46.3 r:  27.6   
US_Maryland_Baltimore=Deaths i: 102 102  25   5/4/2020 p:     301     532 e: -43.5 r:  28.3   
US_Maryland_Baltimore=Deaths i: 103 103  26          . p:     213     532 e: -60.0 r:  29.5   
US_Maryland_Baltimore=Deaths i: 104 104  27   5/6/2020 p:     198     532 e: -62.8 r:  30.6   
US_Maryland_Baltimore=Deaths i: 105 105  28          . p:     213     532 e: -60.0 r:  31.7   
US_Maryland_Baltimore=Deaths i: 106 106  29   5/8/2020 p:     316     532 e: -40.7 r:  33.2   
US_Maryland_Baltimore=Deaths i: 107 107  30          . p:     316     532 e: -40.7 r:  34.7   
US_Maryland_Baltimore=Deaths i: 108 108  31  5/10/2020 p:     330     532 e: -38.1 r:  35.8   
US_Maryland_Baltimore=Deaths i: 109 109  32          . p:     330     532 e: -38.1 r:  36.4   
US_Maryland_Baltimore=Deaths i: 110 110  33  5/12/2020 p:     330     532 e: -38.1 r:  38.3   
US_Maryland_Baltimore=Deaths i: 111 111  34          . p:     360     532 e: -32.4 r:  40.9   
US_Maryland_Baltimore=Deaths i: 112 112  35  5/14/2020 p:     360     532 e: -32.4 r:  41.9   
US_Maryland_Baltimore=Deaths i: 113 113  36          . p:     374     532 e: -29.8 r:  43.9   
US_Maryland_Baltimore=Deaths i: 114 114  37  5/16/2020 p:     418     532 e: -21.5 r:  45.0   
US_Maryland_Baltimore=Deaths i: 115 115  38          . p:     433     532 e: -18.7 r:  46.9   
US_Maryland_Baltimore=Deaths i: 116 116  39  5/18/2020 p:     448     532 e: -15.9 r:  47.9   
US_Maryland_Baltimore=Deaths i: 117 117  40          . p:     404     532 e: -24.2 r:  49.4   
US_Maryland_Baltimore=Deaths i: 118   0  41  5/20/2020 p:     492     532 e:  -7.7 r:  52.0 OK 1st
US_Maryland_Baltimore=Deaths i: 119   1  42          . p:     433     532 e: -18.7 r:  53.7   
US_Maryland_Baltimore=Deaths i: 120   2  43  5/22/2020 p:     448     532 e: -15.9 r:  54.8   
US_Maryland_Baltimore=Deaths i: 121   3  44          . p:     536     532 e:   0.6 r:  56.1 OK
US_Maryland_Baltimore=Deaths i: 122   4  45  5/24/2020 p:     550     532 e:   3.2 r:  56.3 OK
US_Maryland_Baltimore=Deaths i: 123   5  46          . p:     458     532 e: -14.0 r:  57.6 OK
US_Maryland_Baltimore=Deaths i: 124   6  47  5/26/2020 p:     514     532 e:  -3.5 r:  58.6 OK
US_Maryland_Baltimore=Deaths i: 125   7  48          . p:     463     532 e: -13.1 r:  60.1 OK
US_Maryland_Baltimore=Deaths i: 126   8  49  5/28/2020 p:     507     532 e:  -4.8 r:  60.6 OK
US_Maryland_Baltimore=Deaths i: 127   9  50          . p:     521     532 e:  -2.2 r:  63.1 OK
US_Maryland_Baltimore=Deaths i: 128  10  51  5/30/2020 p:     521     532 e:  -2.2 r:  63.8 OK
US_Maryland_Baltimore=Deaths i: 129  11  52          . p:     521     532 e:  -2.2 r:  64.6 OK
US_Maryland_Baltimore=Deaths i: 130  12  53   6/1/2020 p:     507     532 e:  -4.8 r:  65.5 OK
US_Maryland_Baltimore=Deaths i: 131  13  54          . p:     477     532 e: -10.5 r:  67.2 OK
US_Maryland_Baltimore=Deaths i: 132  14  55   6/3/2020 p:     521     532 e:  -2.2 r:  68.7 OK
US_Maryland_Baltimore=Deaths i: 133  15  56          . p:     521     532 e:  -2.2 r:  69.6 OK
US_Maryland_Baltimore=Deaths i: 134  16  57   6/5/2020 p:     521     532 e:  -2.2 r:  70.6 OK
US_Maryland_Baltimore=Deaths i: 135  17  58          . p:     536     532 e:   0.6 r:  72.1 OK
US_Maryland_Baltimore=Deaths i: 136  18  59   6/7/2020 p:     533     532 e:   0.0 r:  72.4 OK
US_Maryland_Baltimore=Deaths i: 137  19  60          . p:     543     532 e:   1.9 r:  72.8 OK
US_Maryland_Baltimore=Deaths i: 138  20  61   6/9/2020 p:     531     532 e:  -0.3 r:  74.7 OK
