
  # Process COVID TAB data
p1= 18163 il= 138
p1= 16128 il= 137
p1= 13513 il= 136
p1= 12932 il= 135
p1= 11479 il= 134
Guatemala=Confirmed nl = 139, n1= 5 s1= 14443 s2= 214322437.4 SD= 2392.10961287312 frac%= 16.5624150998624
Guatemala=Confirmed i:  59  59 -18          . p:     141   14443 e: -99.0 r:   0.1   
Guatemala=Confirmed i:  63  63 -14          . p:     145   14443 e: -99.0 r:   0.2   
Guatemala=Confirmed i:  64  64 -13  3/27/2020 p:     145   14443 e: -99.0 r:   0.2   
Guatemala=Confirmed i:  65  65 -12          . p:     145   14443 e: -99.0 r:   0.2   
Guatemala=Confirmed i:  66  66 -11  3/29/2020 p:     145   14443 e: -99.0 r:   0.2   
Guatemala=Confirmed i:  67  67 -10          . p:     145   14443 e: -99.0 r:   0.2   
Guatemala=Confirmed i:  68  68  -9  3/31/2020 p:     145   14443 e: -99.0 r:   0.3   
Guatemala=Confirmed i:  69  69  -8          . p:     144   14443 e: -99.0 r:   0.3   
Guatemala=Confirmed i:  70  70  -7   4/2/2020 p:     145   14443 e: -99.0 r:   0.3   
Guatemala=Confirmed i:  71  71  -6          . p:     145   14443 e: -99.0 r:   0.3   
Guatemala=Confirmed i:  72  72  -5   4/4/2020 p:     145   14443 e: -99.0 r:   0.4   
Guatemala=Confirmed i:  73  73  -4          . p:     145   14443 e: -99.0 r:   0.4   
Guatemala=Confirmed i:  74  74  -3   4/6/2020 p:     145   14443 e: -99.0 r:   0.5   
Guatemala=Confirmed i:  75  75  -2          . p:     145   14443 e: -99.0 r:   0.5   
Guatemala=Confirmed i:  76  76  -1   4/8/2020 p:     145   14443 e: -99.0 r:   0.6   
Guatemala=Confirmed i:  77  77   0          . p:     145   14443 e: -99.0 r:   0.7   
Guatemala=Confirmed i:  78  78   1  4/10/2020 p:     435   14443 e: -97.0 r:   0.9   
Guatemala=Confirmed i:  79  79   2          . p:     435   14443 e: -97.0 r:   0.9   
Guatemala=Confirmed i:  80  80   3  4/12/2020 p:     435   14443 e: -97.0 r:   1.1   
Guatemala=Confirmed i:  81  81   4          . p:     145   14443 e: -99.0 r:   1.1   
Guatemala=Confirmed i:  82  82   5  4/14/2020 p:     145   14443 e: -99.0 r:   1.2   
Guatemala=Confirmed i:  83  83   6          . p:     145   14443 e: -99.0 r:   1.2   
Guatemala=Confirmed i:  84  84   7  4/16/2020 p:     145   14443 e: -99.0 r:   1.4   
Guatemala=Confirmed i:  85  85   8          . p:     435   14443 e: -97.0 r:   1.5   
Guatemala=Confirmed i:  86  86   9  4/18/2020 p:     435   14443 e: -97.0 r:   1.6   
Guatemala=Confirmed i:  87  87  10          . p:     726   14443 e: -95.0 r:   1.8   
Guatemala=Confirmed i:  88  88  11  4/20/2020 p:    1307   14443 e: -91.0 r:   2.0   
Guatemala=Confirmed i:  89  89  12          . p:    1017   14443 e: -93.0 r:   2.0   
Guatemala=Confirmed i:  90  90  13  4/22/2020 p:    1017   14443 e: -93.0 r:   2.2   
Guatemala=Confirmed i:  91  91  14          . p:    6538   14443 e: -54.7 r:   2.7   
Guatemala=Confirmed i:  92  92  15  4/24/2020 p:   19034   14443 e:  31.8 r:   3.0   
Guatemala=Confirmed i:  93  93  16          . p:    3051   14443 e: -78.9 r:   3.3   
Guatemala=Confirmed i:  94  94  17  4/26/2020 p:     726   14443 e: -95.0 r:   3.5   
Guatemala=Confirmed i:  95  95  18          . p:     726   14443 e: -95.0 r:   3.7   
Guatemala=Confirmed i:  96  96  19  4/28/2020 p:     726   14443 e: -95.0 r:   3.7   
Guatemala=Confirmed i:  97  97  20          . p:     726   14443 e: -95.0 r:   3.9   
Guatemala=Confirmed i:  98  98  21  4/30/2020 p:     726   14443 e: -95.0 r:   4.1   
Guatemala=Confirmed i:  99  99  22          . p:    1017   14443 e: -93.0 r:   4.5   
Guatemala=Confirmed i: 100 100  23   5/2/2020 p:    1017   14443 e: -93.0 r:   4.8   
Guatemala=Confirmed i: 101 101  24          . p:    1017   14443 e: -93.0 r:   4.9   
Guatemala=Confirmed i: 102 102  25   5/4/2020 p:    4795   14443 e: -66.8 r:   5.1   
Guatemala=Confirmed i: 103 103  26          . p:    3923   14443 e: -72.8 r:   5.3   
Guatemala=Confirmed i: 104 104  27   5/6/2020 p:    1307   14443 e: -91.0 r:   5.5   
Guatemala=Confirmed i: 105 105  28          . p:    1307   14443 e: -91.0 r:   5.8   
Guatemala=Confirmed i: 106 106  29   5/8/2020 p:    3051   14443 e: -78.9 r:   6.2   
Guatemala=Confirmed i: 107 107  30          . p:    2179   14443 e: -84.9 r:   6.7   
Guatemala=Confirmed i: 108 108  31  5/10/2020 p:    3051   14443 e: -78.9 r:   7.3   
Guatemala=Confirmed i: 109 109  32          . p:    3923   14443 e: -72.8 r:   7.7   
Guatemala=Confirmed i: 110 110  33  5/12/2020 p:    6538   14443 e: -54.7 r:   8.3   
Guatemala=Confirmed i: 111 111  34          . p:    8863   14443 e: -38.6 r:   9.3   
Guatemala=Confirmed i: 112   0  35  5/14/2020 p:   14675   14443 e:   1.6 r:  10.5 OK 1st
Guatemala=Confirmed i: 113   1  36          . p:       0   14443 e: -100.0 r:  11.4   
Guatemala=Confirmed i: 114   2  37  5/16/2020 p:       0   14443 e: -100.0 r:  12.2   
Guatemala=Confirmed i: 115   3  38          . p:       0   14443 e: -100.0 r:  12.7   
Guatemala=Confirmed i: 116   4  39  5/18/2020 p:    2179   14443 e: -84.9 r:  13.2   
Guatemala=Confirmed i: 117   5  40          . p:    5376   14443 e: -62.8 r:  14.8   
Guatemala=Confirmed i: 118   6  41  5/20/2020 p:    6538   14443 e: -54.7 r:  15.7   
Guatemala=Confirmed i: 119   7  42          . p:   20488   14443 e:  41.9 r:  17.4   
Guatemala=Confirmed i: 120   8  43  5/22/2020 p:       0   14443 e: -100.0 r:  19.0   
Guatemala=Confirmed i: 121   9  44          . p:       0   14443 e: -100.0 r:  21.1   
Guatemala=Confirmed i: 122  10  45  5/24/2020 p:       0   14443 e: -100.0 r:  23.7   
Guatemala=Confirmed i: 124  12  47  5/26/2020 p:    7991   14443 e: -44.7 r:  27.4   
Guatemala=Confirmed i: 125  13  48          . p:    4795   14443 e: -66.8 r:  28.7   
Guatemala=Confirmed i: 126  14  49  5/28/2020 p:    5085   14443 e: -64.8 r:  30.1   
Guatemala=Confirmed i: 127  15  50          . p:    5957   14443 e: -58.8 r:  31.9   
Guatemala=Confirmed i: 128  16  51  5/30/2020 p:    5666   14443 e: -60.8 r:  32.8   
Guatemala=Confirmed i: 129  17  52          . p:    7119   14443 e: -50.7 r:  35.2   
Guatemala=Confirmed i: 130  18  53   6/1/2020 p:    7701   14443 e: -46.7 r:  36.9   
Guatemala=Confirmed i: 131  19  54          . p:    8572   14443 e: -40.6 r:  38.7   
Guatemala=Confirmed i: 132  20  55   6/3/2020 p:    8572   14443 e: -40.6 r:  39.9   
Guatemala=Confirmed i: 133  21  56          . p:   10026   14443 e: -30.6 r:  42.6   
Guatemala=Confirmed i: 134  22  57   6/5/2020 p:   11479   14443 e: -20.5 r:  44.9   
Guatemala=Confirmed i: 135  23  58          . p:   12932   14443 e: -10.5 r:  47.0 OK
Guatemala=Confirmed i: 136  24  59   6/7/2020 p:   13513   14443 e:  -6.4 r:  48.8 OK
Guatemala=Confirmed i: 137  25  60          . p:   16128   14443 e:  11.7 r:  51.9 OK
Guatemala=Confirmed i: 138  26  61   6/9/2020 p:   18163   14443 e:  25.8 r:  54.5   
