
  # Process COVID TAB data
p1= 257 il= 138
p1= 257 il= 137
p1= 257 il= 136
p1= 257 il= 135
p1= 248 il= 134
US_Pennsylvania_Northampton=Deaths nl = 139, n1= 5 s1= 255.2 s2= 65140 SD= 3.60000000000089 frac%= 1.41065830721038
US_Pennsylvania_Northampton=Deaths i:  63  63 -14          . p:       4     255 e: -98.4 r:   1.2   
US_Pennsylvania_Northampton=Deaths i:  64  64 -13  3/27/2020 p:       3     255 e: -98.8 r:   1.2   
US_Pennsylvania_Northampton=Deaths i:  65  65 -12          . p:       4     255 e: -98.4 r:   1.6   
US_Pennsylvania_Northampton=Deaths i:  66  66 -11  3/29/2020 p:       5     255 e: -98.0 r:   1.6   
US_Pennsylvania_Northampton=Deaths i:  67  67 -10          . p:      13     255 e: -94.9 r:   2.0   
US_Pennsylvania_Northampton=Deaths i:  68  68  -9  3/31/2020 p:      13     255 e: -94.9 r:   2.0   
US_Pennsylvania_Northampton=Deaths i:  69  69  -8          . p:       7     255 e: -97.3 r:   2.0   
US_Pennsylvania_Northampton=Deaths i:  72  72  -5   4/4/2020 p:      13     255 e: -94.9 r:   4.3   
US_Pennsylvania_Northampton=Deaths i:  73  73  -4          . p:      13     255 e: -94.9 r:   4.3   
US_Pennsylvania_Northampton=Deaths i:  74  74  -3   4/6/2020 p:      13     255 e: -94.9 r:   4.7   
US_Pennsylvania_Northampton=Deaths i:  75  75  -2          . p:      21     255 e: -91.8 r:   5.5   
US_Pennsylvania_Northampton=Deaths i:  76  76  -1   4/8/2020 p:      47     255 e: -81.6 r:   6.7   
US_Pennsylvania_Northampton=Deaths i:  77  77   0          . p:      82     255 e: -67.9 r:   7.8   
US_Pennsylvania_Northampton=Deaths i:  78  78   1  4/10/2020 p:      56     255 e: -78.1 r:   8.2   
US_Pennsylvania_Northampton=Deaths i:  79  79   2          . p:      30     255 e: -88.2 r:   9.0   
US_Pennsylvania_Northampton=Deaths i:  80  80   3  4/12/2020 p:      39     255 e: -84.7 r:   9.0   
US_Pennsylvania_Northampton=Deaths i:  81  81   4          . p:      39     255 e: -84.7 r:   9.0   
US_Pennsylvania_Northampton=Deaths i:  82  82   5  4/14/2020 p:      29     255 e: -88.6 r:   9.8   
US_Pennsylvania_Northampton=Deaths i:  83  83   6          . p:      27     255 e: -89.4 r:   9.8   
US_Pennsylvania_Northampton=Deaths i:  84  84   7  4/16/2020 p:      26     255 e: -89.8 r:   9.8   
US_Pennsylvania_Northampton=Deaths i:  85  85   8          . p:      30     255 e: -88.2 r:  10.6   
US_Pennsylvania_Northampton=Deaths i:  86  86   9  4/18/2020 p:      39     255 e: -84.7 r:  11.4   
US_Pennsylvania_Northampton=Deaths i:  87  87  10          . p:      80     255 e: -68.7 r:  14.1   
US_Pennsylvania_Northampton=Deaths i:  88  88  11  4/20/2020 p:      91     255 e: -64.3 r:  14.1   
US_Pennsylvania_Northampton=Deaths i:  89  89  12          . p:     126     255 e: -50.6 r:  16.8   
US_Pennsylvania_Northampton=Deaths i:  90  90  13  4/22/2020 p:     135     255 e: -47.1 r:  17.2   
US_Pennsylvania_Northampton=Deaths i:  91  91  14          . p:     143     255 e: -44.0 r:  17.6   
US_Pennsylvania_Northampton=Deaths i:  92  92  15  4/24/2020 p:      47     255 e: -81.6 r:  18.0   
US_Pennsylvania_Northampton=Deaths i:  93  93  16          . p:     135     255 e: -47.1 r:  19.2   
US_Pennsylvania_Northampton=Deaths i:  94  94  17  4/26/2020 p:     117     255 e: -54.2 r:  19.2   
US_Pennsylvania_Northampton=Deaths i:  95  95  18          . p:     126     255 e: -50.6 r:  19.2   
US_Pennsylvania_Northampton=Deaths i:  96  96  19  4/28/2020 p:     117     255 e: -54.2 r:  21.6   
US_Pennsylvania_Northampton=Deaths i:  99  99  22          . p:     100     255 e: -60.8 r:  36.8   
US_Pennsylvania_Northampton=Deaths i: 100 100  23   5/2/2020 p:     100     255 e: -60.8 r:  36.8   
US_Pennsylvania_Northampton=Deaths i: 101 101  24          . p:      91     255 e: -64.3 r:  36.8   
US_Pennsylvania_Northampton=Deaths i: 102 102  25   5/4/2020 p:      91     255 e: -64.3 r:  36.8   
US_Pennsylvania_Northampton=Deaths i: 103 103  26          . p:     143     255 e: -44.0 r:  45.8   
US_Pennsylvania_Northampton=Deaths i: 104 104  27   5/6/2020 p:     148     255 e: -42.0 r:  47.8   
US_Pennsylvania_Northampton=Deaths i: 105 105  28          . p:     466     255 e:  82.6 r:  59.6   
US_Pennsylvania_Northampton=Deaths i: 106 106  29   5/8/2020 p:     431     255 e:  68.9 r:  60.0   
US_Pennsylvania_Northampton=Deaths i: 107 107  30          . p:     161     255 e: -36.9 r:  61.9   
US_Pennsylvania_Northampton=Deaths i: 108 108  31  5/10/2020 p:     161     255 e: -36.9 r:  61.9   
US_Pennsylvania_Northampton=Deaths i: 109 109  32          . p:     161     255 e: -36.9 r:  62.7   
US_Pennsylvania_Northampton=Deaths i: 110 110  33  5/12/2020 p:     161     255 e: -36.9 r:  63.1   
US_Pennsylvania_Northampton=Deaths i: 111 111  34          . p:     161     255 e: -36.9 r:  63.5   
US_Pennsylvania_Northampton=Deaths i: 112   0  35  5/14/2020 p:     230     255 e:  -9.9 r:  71.3 OK 1st
US_Pennsylvania_Northampton=Deaths i: 113   1  36          . p:     274     255 e:   7.4 r:  76.8 OK
US_Pennsylvania_Northampton=Deaths i: 114   2  37  5/16/2020 p:     283     255 e:  10.9 r:  76.8 OK
US_Pennsylvania_Northampton=Deaths i: 115   3  38          . p:     204     255 e: -20.1 r:  78.0   
US_Pennsylvania_Northampton=Deaths i: 116   4  39  5/18/2020 p:     169     255 e: -33.8 r:  67.0   
US_Pennsylvania_Northampton=Deaths i: 117   5  40          . p:     178     255 e: -30.3 r:  69.0   
US_Pennsylvania_Northampton=Deaths i: 118   6  41  5/20/2020 p:     623     255 e: 144.1 r:  71.3   
US_Pennsylvania_Northampton=Deaths i: 119   7  42          . p:     196     255 e: -23.2 r:  72.9   
US_Pennsylvania_Northampton=Deaths i: 120   8  43  5/22/2020 p:       0     255 e: -100.0 r:  75.2   
US_Pennsylvania_Northampton=Deaths i: 121   9  44          . p:     431     255 e:  68.9 r:  77.2   
US_Pennsylvania_Northampton=Deaths i: 122  10  45  5/24/2020 p:     216     255 e: -15.4 r:  77.6   
US_Pennsylvania_Northampton=Deaths i: 123  11  46          . p:     199     255 e: -22.0 r:  78.0   
US_Pennsylvania_Northampton=Deaths i: 124  12  47  5/26/2020 p:     200     255 e: -21.6 r:  78.0   
US_Pennsylvania_Northampton=Deaths i: 125  13  48          . p:     276     255 e:   8.2 r:  79.5 OK
US_Pennsylvania_Northampton=Deaths i: 126  14  49  5/28/2020 p:     263     255 e:   3.1 r:  80.7 OK
US_Pennsylvania_Northampton=Deaths i: 127  15  50          . p:     213     255 e: -16.5 r:  81.1   
US_Pennsylvania_Northampton=Deaths i: 128  16  51  5/30/2020 p:     222     255 e: -13.0 r:  82.3 OK
US_Pennsylvania_Northampton=Deaths i: 129  17  52          . p:     222     255 e: -13.0 r:  82.3 OK
US_Pennsylvania_Northampton=Deaths i: 130  18  53   6/1/2020 p:     220     255 e: -13.8 r:  82.3 OK
US_Pennsylvania_Northampton=Deaths i: 131  19  54          . p:     222     255 e: -13.0 r:  83.5 OK
US_Pennsylvania_Northampton=Deaths i: 132  20  55   6/3/2020 p:     239     255 e:  -6.3 r:  86.2 OK
US_Pennsylvania_Northampton=Deaths i: 133  21  56          . p:     248     255 e:  -2.8 r:  88.2 OK
US_Pennsylvania_Northampton=Deaths i: 134  22  57   6/5/2020 p:     248     255 e:  -2.8 r:  89.7 OK
US_Pennsylvania_Northampton=Deaths i: 135  23  58          . p:     257     255 e:   0.7 r:  90.5 OK
US_Pennsylvania_Northampton=Deaths i: 136  24  59   6/7/2020 p:     257     255 e:   0.7 r:  90.9 OK
US_Pennsylvania_Northampton=Deaths i: 137  25  60          . p:     257     255 e:   0.7 r:  90.9 OK
US_Pennsylvania_Northampton=Deaths i: 138  26  61   6/9/2020 p:     257     255 e:   0.7 r:  92.5 OK
