
  # Process COVID TAB data
p1= 5896 il= 138
p1= 6557 il= 137
p1= 5838 il= 136
p1= 5838 il= 135
p1= 6198 il= 134
US_Iowa_Polk=Confirmed nl = 139, n1= 5 s1= 6065.4 s2= 36867351.4 SD= 279.775338441404 frac%= 4.61264448249751
US_Iowa_Polk=Confirmed i:  62  62  -9  3/25/2020 p:      89    6065 e: -98.5 r:   0.3   
US_Iowa_Polk=Confirmed i:  63  63  -8          . p:      89    6065 e: -98.5 r:   0.4   
US_Iowa_Polk=Confirmed i:  64  64  -7  3/27/2020 p:      89    6065 e: -98.5 r:   0.5   
US_Iowa_Polk=Confirmed i:  65  65  -6          . p:      89    6065 e: -98.5 r:   0.7   
US_Iowa_Polk=Confirmed i:  66  66  -5  3/29/2020 p:     269    6065 e: -95.6 r:   0.8   
US_Iowa_Polk=Confirmed i:  67  67  -4          . p:     449    6065 e: -92.6 r:   1.0   
US_Iowa_Polk=Confirmed i:  68  68  -3  3/31/2020 p:     628    6065 e: -89.6 r:   1.3   
US_Iowa_Polk=Confirmed i:  69  69  -2          . p:     628    6065 e: -89.6 r:   1.3   
US_Iowa_Polk=Confirmed i:  70  70  -1   4/2/2020 p:      89    6065 e: -98.5 r:   1.4   
US_Iowa_Polk=Confirmed i:  71  71   0          . p:     269    6065 e: -95.6 r:   1.6   
US_Iowa_Polk=Confirmed i:  72  72   1   4/4/2020 p:     156    6065 e: -97.4 r:   1.8   
US_Iowa_Polk=Confirmed i:  73  73   2          . p:     269    6065 e: -95.6 r:   2.0   
US_Iowa_Polk=Confirmed i:  74  74   3   4/6/2020 p:     269    6065 e: -95.6 r:   2.1   
US_Iowa_Polk=Confirmed i:  75  75   4          . p:     176    6065 e: -97.1 r:   2.1   
US_Iowa_Polk=Confirmed i:  76  76   5   4/8/2020 p:     148    6065 e: -97.6 r:   2.2   
US_Iowa_Polk=Confirmed i:  77  77   6          . p:     165    6065 e: -97.3 r:   2.3   
US_Iowa_Polk=Confirmed i:  78  78   7  4/10/2020 p:     269    6065 e: -95.6 r:   2.4   
US_Iowa_Polk=Confirmed i:  79  79   8          . p:     269    6065 e: -95.6 r:   2.7   
US_Iowa_Polk=Confirmed i:  80  80   9  4/12/2020 p:     269    6065 e: -95.6 r:   2.9   
US_Iowa_Polk=Confirmed i:  81  81  10          . p:     269    6065 e: -95.6 r:   3.2   
US_Iowa_Polk=Confirmed i:  82  82  11  4/14/2020 p:     269    6065 e: -95.6 r:   3.5   
US_Iowa_Polk=Confirmed i:  83  83  12          . p:     449    6065 e: -92.6 r:   3.7   
US_Iowa_Polk=Confirmed i:  84  84  13  4/16/2020 p:     449    6065 e: -92.6 r:   4.2   
US_Iowa_Polk=Confirmed i:  85  85  14          . p:     628    6065 e: -89.6 r:   4.6   
US_Iowa_Polk=Confirmed i:  86  86  15  4/18/2020 p:     628    6065 e: -89.6 r:   4.8   
US_Iowa_Polk=Confirmed i:  87  87  16          . p:     808    6065 e: -86.7 r:   5.5   
US_Iowa_Polk=Confirmed i:  88  88  17  4/20/2020 p:     988    6065 e: -83.7 r:   6.4   
US_Iowa_Polk=Confirmed i:  89  89  18          . p:    1347    6065 e: -77.8 r:   6.8   
US_Iowa_Polk=Confirmed i:  90  90  19  4/22/2020 p:    1167    6065 e: -80.8 r:   7.2   
US_Iowa_Polk=Confirmed i:  91  91  20          . p:    1167    6065 e: -80.8 r:   8.0   
US_Iowa_Polk=Confirmed i:  92  92  21  4/24/2020 p:    1706    6065 e: -71.9 r:   9.5   
US_Iowa_Polk=Confirmed i:  93  93  22          . p:    2245    6065 e: -63.0 r:  10.9   
US_Iowa_Polk=Confirmed i:  94  94  23  4/26/2020 p:    2784    6065 e: -54.1 r:  12.1   
US_Iowa_Polk=Confirmed i:  95  95  24          . p:     988    6065 e: -83.7 r:  12.5   
US_Iowa_Polk=Confirmed i:  96  96  25  4/28/2020 p:     988    6065 e: -83.7 r:  13.4   
US_Iowa_Polk=Confirmed i:  97  97  26          . p:    1527    6065 e: -74.8 r:  14.9   
US_Iowa_Polk=Confirmed i:  98  98  27  4/30/2020 p:    4940    6065 e: -18.6 r:  16.2   
US_Iowa_Polk=Confirmed i:  99   0  28          . p:    6557    6065 e:   8.1 r:  19.4 OK 1st
US_Iowa_Polk=Confirmed i: 100   1  29   5/2/2020 p:    8893    6065 e:  46.6 r:  22.3   
US_Iowa_Polk=Confirmed i: 101   2  30          . p:   11767    6065 e:  94.0 r:  24.3   
US_Iowa_Polk=Confirmed i: 102   3  31   5/4/2020 p:    6377    6065 e:   5.1 r:  27.4 OK
US_Iowa_Polk=Confirmed i: 103   4  32          . p:    2605    6065 e: -57.1 r:  29.3   
US_Iowa_Polk=Confirmed i: 104   5  33   5/6/2020 p:    2425    6065 e: -60.0 r:  30.9   
US_Iowa_Polk=Confirmed i: 105   6  34          . p:    3323    6065 e: -45.2 r:  33.8   
US_Iowa_Polk=Confirmed i: 106   7  35   5/8/2020 p:    3144    6065 e: -48.2 r:  35.4   
US_Iowa_Polk=Confirmed i: 107   8  36          . p:    2784    6065 e: -54.1 r:  36.2   
US_Iowa_Polk=Confirmed i: 108   9  37  5/10/2020 p:    2425    6065 e: -60.0 r:  36.9   
US_Iowa_Polk=Confirmed i: 109  10  38          . p:    2784    6065 e: -54.1 r:  39.0   
US_Iowa_Polk=Confirmed i: 110  11  39  5/12/2020 p:    2964    6065 e: -51.1 r:  40.3   
US_Iowa_Polk=Confirmed i: 111  12  40          . p:    3144    6065 e: -48.2 r:  42.1   
US_Iowa_Polk=Confirmed i: 112  13  41  5/14/2020 p:    3144    6065 e: -48.2 r:  43.4   
US_Iowa_Polk=Confirmed i: 113  14  42          . p:    3503    6065 e: -42.2 r:  45.6   
US_Iowa_Polk=Confirmed i: 114  15  43  5/16/2020 p:    3683    6065 e: -39.3 r:  46.9   
US_Iowa_Polk=Confirmed i: 115  16  44          . p:    3683    6065 e: -39.3 r:  48.2   
US_Iowa_Polk=Confirmed i: 116  17  45  5/18/2020 p:    3683    6065 e: -39.3 r:  49.5   
US_Iowa_Polk=Confirmed i: 117  18  46          . p:    4222    6065 e: -30.4 r:  51.6   
US_Iowa_Polk=Confirmed i: 118  19  47  5/20/2020 p:    4401    6065 e: -27.4 r:  53.3   
US_Iowa_Polk=Confirmed i: 119  20  48          . p:    4401    6065 e: -27.4 r:  55.7   
US_Iowa_Polk=Confirmed i: 120  21  49  5/22/2020 p:    4760    6065 e: -21.5 r:  58.0   
US_Iowa_Polk=Confirmed i: 121  22  50          . p:    4940    6065 e: -18.6 r:  59.4   
US_Iowa_Polk=Confirmed i: 122  23  51  5/24/2020 p:    5299    6065 e: -12.6 r:  61.2 OK
US_Iowa_Polk=Confirmed i: 123  24  52          . p:    5299    6065 e: -12.6 r:  62.2 OK
US_Iowa_Polk=Confirmed i: 124  25  53  5/26/2020 p:    5281    6065 e: -12.9 r:  63.0 OK
US_Iowa_Polk=Confirmed i: 125  26  54          . p:    5283    6065 e: -12.9 r:  63.9 OK
US_Iowa_Polk=Confirmed i: 126  27  55  5/28/2020 p:    5221    6065 e: -13.9 r:  64.8 OK
US_Iowa_Polk=Confirmed i: 127  28  56          . p:    5222    6065 e: -13.9 r:  66.9 OK
US_Iowa_Polk=Confirmed i: 128  29  57  5/30/2020 p:    5378    6065 e: -11.3 r:  68.6 OK
US_Iowa_Polk=Confirmed i: 129  30  58          . p:    5479    6065 e:  -9.7 r:  69.7 OK
US_Iowa_Polk=Confirmed i: 130  31  59   6/1/2020 p:    5479    6065 e:  -9.7 r:  69.8 OK
US_Iowa_Polk=Confirmed i: 131  32  60          . p:    5479    6065 e:  -9.7 r:  71.6 OK
US_Iowa_Polk=Confirmed i: 132  33  61   6/3/2020 p:    5479    6065 e:  -9.7 r:  72.6 OK
US_Iowa_Polk=Confirmed i: 133  34  62          . p:    5659    6065 e:  -6.7 r:  74.9 OK
US_Iowa_Polk=Confirmed i: 134  35  63   6/5/2020 p:    6198    6065 e:   2.2 r:  76.1 OK
US_Iowa_Polk=Confirmed i: 135  36  64          . p:    5838    6065 e:  -3.7 r:  77.1 OK
US_Iowa_Polk=Confirmed i: 136  37  65   6/7/2020 p:    5838    6065 e:  -3.7 r:  78.2 OK
US_Iowa_Polk=Confirmed i: 137  38  66          . p:    6557    6065 e:   8.1 r:  79.5 OK
US_Iowa_Polk=Confirmed i: 138  39  67   6/9/2020 p:    5896    6065 e:  -2.8 r:  80.2 OK
