
  # Process COVID TAB data
p1= 9085 il= 138
p1= 9085 il= 137
p1= 9085 il= 136
p1= 9085 il= 135
p1= 8777 il= 134
Malaysia=Confirmed nl = 139, n1= 5 s1= 9023.4 s2= 81436925.8 SD= 123.200000000039 frac%= 1.3653390074699
Malaysia=Confirmed i:   8   8 -37  1/31/2020 p:     153    9023 e: -98.3 r:   0.1   
Malaysia=Confirmed i:  14  14 -31   2/6/2020 p:     153    9023 e: -98.3 r:   0.1   
Malaysia=Confirmed i:  15  15 -30          . p:     153    9023 e: -98.3 r:   0.1   
Malaysia=Confirmed i:  16  16 -29   2/8/2020 p:     153    9023 e: -98.3 r:   0.2   
Malaysia=Confirmed i:  17  17 -28          . p:     153    9023 e: -98.3 r:   0.2   
Malaysia=Confirmed i:  18  18 -27  2/10/2020 p:     153    9023 e: -98.3 r:   0.2   
Malaysia=Confirmed i:  19  19 -26          . p:     153    9023 e: -98.3 r:   0.2   
Malaysia=Confirmed i:  20  20 -25  2/12/2020 p:     153    9023 e: -98.3 r:   0.2   
Malaysia=Confirmed i:  21  21 -24          . p:     153    9023 e: -98.3 r:   0.2   
Malaysia=Confirmed i:  23  23 -22          . p:     153    9023 e: -98.3 r:   0.2   
Malaysia=Confirmed i:  24  24 -21  2/16/2020 p:     153    9023 e: -98.3 r:   0.2   
Malaysia=Confirmed i:  25  25 -20          . p:     153    9023 e: -98.3 r:   0.2   
Malaysia=Confirmed i:  26  26 -19  2/18/2020 p:     153    9023 e: -98.3 r:   0.2   
Malaysia=Confirmed i:  27  27 -18          . p:     153    9023 e: -98.3 r:   0.2   
Malaysia=Confirmed i:  28  28 -17  2/20/2020 p:     153    9023 e: -98.3 r:   0.2   
Malaysia=Confirmed i:  29  29 -16          . p:     153    9023 e: -98.3 r:   0.2   
Malaysia=Confirmed i:  30  30 -15  2/22/2020 p:     153    9023 e: -98.3 r:   0.2   
Malaysia=Confirmed i:  31  31 -14          . p:     153    9023 e: -98.3 r:   0.2   
Malaysia=Confirmed i:  32  32 -13  2/24/2020 p:     153    9023 e: -98.3 r:   0.2   
Malaysia=Confirmed i:  33  33 -12          . p:     153    9023 e: -98.3 r:   0.2   
Malaysia=Confirmed i:  34  34 -11  2/26/2020 p:     151    9023 e: -98.3 r:   0.2   
Malaysia=Confirmed i:  38  38  -7   3/1/2020 p:     153    9023 e: -98.3 r:   0.3   
Malaysia=Confirmed i:  39  39  -6          . p:     153    9023 e: -98.3 r:   0.3   
Malaysia=Confirmed i:  40  40  -5   3/3/2020 p:     153    9023 e: -98.3 r:   0.4   
Malaysia=Confirmed i:  41  41  -4          . p:     153    9023 e: -98.3 r:   0.6   
Malaysia=Confirmed i:  42  42  -3   3/5/2020 p:     461    9023 e: -94.9 r:   0.6   
Malaysia=Confirmed i:  45  45   0          . p:     153    9023 e: -98.3 r:   1.1   
Malaysia=Confirmed i:  46  46   1   3/9/2020 p:     153    9023 e: -98.3 r:   1.3   
Malaysia=Confirmed i:  47  47   2          . p:     153    9023 e: -98.3 r:   1.4   
Malaysia=Confirmed i:  48  48   3  3/11/2020 p:     153    9023 e: -98.3 r:   1.7   
Malaysia=Confirmed i:  49  49   4          . p:     153    9023 e: -98.3 r:   1.7   
Malaysia=Confirmed i:  50  50   5  3/13/2020 p:     769    9023 e: -91.5 r:   2.2   
Malaysia=Confirmed i:  51  51   6          . p:    2309    9023 e: -74.4 r:   2.6   
Malaysia=Confirmed i:  55  55  10          . p:    1077    9023 e: -88.1 r:   8.8   
Malaysia=Confirmed i:  56  56  11  3/19/2020 p:    1385    9023 e: -84.7 r:  10.0   
Malaysia=Confirmed i:  57  57  12          . p:    1385    9023 e: -84.7 r:  11.4   
Malaysia=Confirmed i:  58  58  13  3/21/2020 p:    1693    9023 e: -81.2 r:  13.1   
Malaysia=Confirmed i:  59  59  14          . p:    2001    9023 e: -77.8 r:  14.5   
Malaysia=Confirmed i:  60  60  15  3/23/2020 p:    2617    9023 e: -71.0 r:  16.8   
Malaysia=Confirmed i:  61  61  16          . p:    2617    9023 e: -71.0 r:  18.0   
Malaysia=Confirmed i:  62  62  17  3/25/2020 p:    4773    9023 e: -47.1 r:  19.9   
Malaysia=Confirmed i:  63  63  18          . p:    3541    9023 e: -60.8 r:  22.5   
Malaysia=Confirmed i:  64   0  19  3/27/2020 p:    9085    9023 e:   0.7 r:  23.9 OK 1st
Malaysia=Confirmed i:  65   1  20          . p:    6005    9023 e: -33.5 r:  25.7   
Malaysia=Confirmed i:  66   2  21  3/29/2020 p:    4157    9023 e: -53.9 r:  27.4   
Malaysia=Confirmed i:  67   3  22          . p:    4465    9023 e: -50.5 r:  29.1   
Malaysia=Confirmed i:  68   4  23  3/31/2020 p:    5389    9023 e: -40.3 r:  30.7   
Malaysia=Confirmed i:  69   5  24          . p:    4465    9023 e: -50.5 r:  32.2   
Malaysia=Confirmed i:  70   6  25   4/2/2020 p:    5389    9023 e: -40.3 r:  34.5   
Malaysia=Confirmed i:  71   7  26          . p:    6313    9023 e: -30.0 r:  36.9   
Malaysia=Confirmed i:  72   8  27   4/4/2020 p:    6621    9023 e: -26.6 r:  38.6   
Malaysia=Confirmed i:  73   9  28          . p:    6929    9023 e: -23.2 r:  40.6   
Malaysia=Confirmed i:  74  10  29   4/6/2020 p:    6929    9023 e: -23.2 r:  42.0   
Malaysia=Confirmed i:  75  11  30          . p:    6929    9023 e: -23.2 r:  43.9   
Malaysia=Confirmed i:  76  12  31   4/8/2020 p:    6005    9023 e: -33.5 r:  45.6   
Malaysia=Confirmed i:  77  13  32          . p:    6929    9023 e: -23.2 r:  46.9   
Malaysia=Confirmed i:  78  14  33  4/10/2020 p:    6929    9023 e: -23.2 r:  48.2   
Malaysia=Confirmed i:  79  15  34          . p:    7237    9023 e: -19.8 r:  50.2   
Malaysia=Confirmed i:  80  16  35  4/12/2020 p:    6929    9023 e: -23.2 r:  51.9   
Malaysia=Confirmed i:  81  17  36          . p:    7237    9023 e: -19.8 r:  53.4   
Malaysia=Confirmed i:  82  18  37  4/14/2020 p:    7545    9023 e: -16.4 r:  55.3   
Malaysia=Confirmed i:  83  19  38          . p:    7545    9023 e: -16.4 r:  56.2   
Malaysia=Confirmed i:  84  20  39  4/16/2020 p:    7545    9023 e: -16.4 r:  57.4   
Malaysia=Confirmed i:  85  21  40          . p:    7237    9023 e: -19.8 r:  58.2   
Malaysia=Confirmed i:  86  22  41  4/18/2020 p:    7237    9023 e: -19.8 r:  58.8   
Malaysia=Confirmed i:  87  23  42          . p:    6621    9023 e: -26.6 r:  59.7   
Malaysia=Confirmed i:  88  24  43  4/20/2020 p:    6929    9023 e: -23.2 r:  60.1   
Malaysia=Confirmed i:  89  25  44          . p:    6621    9023 e: -26.6 r:  60.8   
Malaysia=Confirmed i:  90  26  45  4/22/2020 p:    6621    9023 e: -26.6 r:  61.3   
Malaysia=Confirmed i:  91  27  46          . p:    6621    9023 e: -26.6 r:  62.1   
Malaysia=Confirmed i:  92  28  47  4/24/2020 p:    6621    9023 e: -26.6 r:  63.1   
Malaysia=Confirmed i:  93  29  48          . p:    6621    9023 e: -26.6 r:  63.6   
Malaysia=Confirmed i:  94  30  49  4/26/2020 p:    6621    9023 e: -26.6 r:  64.1   
Malaysia=Confirmed i:  95  31  50          . p:    6313    9023 e: -30.0 r:  64.5   
Malaysia=Confirmed i:  96  32  51  4/28/2020 p:    6313    9023 e: -30.0 r:  64.8   
Malaysia=Confirmed i:  97  33  52          . p:    6621    9023 e: -26.6 r:  65.9   
Malaysia=Confirmed i:  98  34  53  4/30/2020 p:    6621    9023 e: -26.6 r:  66.5   
Malaysia=Confirmed i:  99  35  54          . p:    6621    9023 e: -26.6 r:  67.3   
Malaysia=Confirmed i: 100  36  55   5/2/2020 p:    6621    9023 e: -26.6 r:  68.4   
Malaysia=Confirmed i: 101  37  56          . p:    6929    9023 e: -23.2 r:  69.8   
Malaysia=Confirmed i: 102  38  57   5/4/2020 p:    6929    9023 e: -23.2 r:  70.4   
Malaysia=Confirmed i: 103  39  58          . p:    6929    9023 e: -23.2 r:  70.7   
Malaysia=Confirmed i: 104  40  59   5/6/2020 p:    6929    9023 e: -23.2 r:  71.2   
Malaysia=Confirmed i: 105  41  60          . p:    6929    9023 e: -23.2 r:  71.7   
Malaysia=Confirmed i: 106  42  61   5/8/2020 p:    7237    9023 e: -19.8 r:  72.4   
Malaysia=Confirmed i: 107  43  62          . p:    7237    9023 e: -19.8 r:  73.0   
Malaysia=Confirmed i: 108  44  63  5/10/2020 p:    7237    9023 e: -19.8 r:  73.8   
Malaysia=Confirmed i: 109  45  64          . p:    7237    9023 e: -19.8 r:  74.5   
Malaysia=Confirmed i: 110  46  65  5/12/2020 p:    7237    9023 e: -19.8 r:  74.7   
Malaysia=Confirmed i: 111  47  66          . p:    7237    9023 e: -19.8 r:  75.1   
Malaysia=Confirmed i: 112  48  67  5/14/2020 p:    7245    9023 e: -19.7 r:  75.6   
Malaysia=Confirmed i: 113  49  68          . p:    7251    9023 e: -19.6 r:  76.0   
Malaysia=Confirmed i: 114  50  69  5/16/2020 p:    7268    9023 e: -19.5 r:  76.2   
Malaysia=Confirmed i: 115  51  70          . p:    7234    9023 e: -19.8 r:  76.4   
Malaysia=Confirmed i: 116  52  71  5/18/2020 p:    7290    9023 e: -19.2 r:  76.9   
Malaysia=Confirmed i: 117  53  72          . p:    7545    9023 e: -16.4 r:  77.3   
Malaysia=Confirmed i: 118  54  73  5/20/2020 p:    7545    9023 e: -16.4 r:  77.7   
Malaysia=Confirmed i: 119  55  74          . p:    7545    9023 e: -16.4 r:  78.2   
Malaysia=Confirmed i: 120  56  75  5/22/2020 p:    7545    9023 e: -16.4 r:  79.1   
Malaysia=Confirmed i: 121  57  76          . p:    7545    9023 e: -16.4 r:  79.6   
Malaysia=Confirmed i: 122  58  77  5/24/2020 p:    7545    9023 e: -16.4 r:  80.3   
Malaysia=Confirmed i: 123  59  78          . p:    7853    9023 e: -13.0 r:  82.2 OK
Malaysia=Confirmed i: 124  60  79  5/26/2020 p:    8161    9023 e:  -9.6 r:  84.3 OK
Malaysia=Confirmed i: 125  61  80          . p:    8161    9023 e:  -9.6 r:  84.4 OK
Malaysia=Confirmed i: 126  62  81  5/28/2020 p:    8469    9023 e:  -6.1 r:  84.5 OK
Malaysia=Confirmed i: 127  63  82          . p:    8469    9023 e:  -6.1 r:  85.7 OK
Malaysia=Confirmed i: 128  64  83  5/30/2020 p:    8469    9023 e:  -6.1 r:  86.0 OK
Malaysia=Confirmed i: 129  65  84          . p:    8469    9023 e:  -6.1 r:  86.7 OK
Malaysia=Confirmed i: 130  66  85   6/1/2020 p:    8469    9023 e:  -6.1 r:  87.1 OK
Malaysia=Confirmed i: 131  67  86          . p:    8469    9023 e:  -6.1 r:  87.3 OK
Malaysia=Confirmed i: 132  68  87   6/3/2020 p:    8469    9023 e:  -6.1 r:  88.3 OK
Malaysia=Confirmed i: 133  69  88          . p:    8777    9023 e:  -2.7 r:  91.4 OK
Malaysia=Confirmed i: 134  70  89   6/5/2020 p:    8777    9023 e:  -2.7 r:  91.6 OK
Malaysia=Confirmed i: 135  71  90          . p:    9085    9023 e:   0.7 r:  92.0 OK
Malaysia=Confirmed i: 136  72  91   6/7/2020 p:    9085    9023 e:   0.7 r:  92.2 OK
Malaysia=Confirmed i: 137  73  92          . p:    9085    9023 e:   0.7 r:  92.3 OK
Malaysia=Confirmed i: 138  74  93   6/9/2020 p:    9085    9023 e:   0.7 r:  92.4 OK
