
  # Process COVID TAB data
p1= 6071 il= 138
p1= 6264 il= 137
p1= 6264 il= 136
p1= 6264 il= 135
p1= 5481 il= 134
US_Missouri_St._Louis_St_Louis=Confirmed nl = 139, n1= 5 s1= 6068.8 s2= 36922298 SD= 303.25659102482 frac%= 4.99697783787273
US_Missouri_St._Louis_St_Louis=Confirmed i:  54  54  -7  3/17/2020 p:      95    6068 e: -98.4 r:   0.0   
US_Missouri_St._Louis_St_Louis=Confirmed i:  55  55  -6          . p:      96    6068 e: -98.4 r:   0.1   
US_Missouri_St._Louis_St_Louis=Confirmed i:  59  59  -2          . p:     674    6068 e: -88.9 r:   0.4   
US_Missouri_St._Louis_St_Louis=Confirmed i:  62  62   1  3/25/2020 p:    2794    6068 e: -54.0 r:   2.1   
US_Missouri_St._Louis_St_Louis=Confirmed i:  63  63   2          . p:     289    6068 e: -95.2 r:   2.9   
US_Missouri_St._Louis_St_Louis=Confirmed i:  64  64   3  3/27/2020 p:     674    6068 e: -88.9 r:   4.1   
US_Missouri_St._Louis_St_Louis=Confirmed i:  65  65   4          . p:     867    6068 e: -85.7 r:   5.2   
US_Missouri_St._Louis_St_Louis=Confirmed i:  66  66   5  3/29/2020 p:     867    6068 e: -85.7 r:   5.5   
US_Missouri_St._Louis_St_Louis=Confirmed i:  67  67   6          . p:     481    6068 e: -92.1 r:   6.0   
US_Missouri_St._Louis_St_Louis=Confirmed i:  68  68   7  3/31/2020 p:    1638    6068 e: -73.0 r:   8.1   
US_Missouri_St._Louis_St_Louis=Confirmed i:  69  69   8          . p:    1252    6068 e: -79.4 r:  10.0   
US_Missouri_St._Louis_St_Louis=Confirmed i:  70  70   9   4/2/2020 p:    1638    6068 e: -73.0 r:  11.7   
US_Missouri_St._Louis_St_Louis=Confirmed i:  71  71  10          . p:    1831    6068 e: -69.8 r:  13.0   
US_Missouri_St._Louis_St_Louis=Confirmed i:  72  72  11   4/4/2020 p:    1831    6068 e: -69.8 r:  14.2   
US_Missouri_St._Louis_St_Louis=Confirmed i:  73  73  12          . p:    1831    6068 e: -69.8 r:  15.6   
US_Missouri_St._Louis_St_Louis=Confirmed i:  74  74  13   4/6/2020 p:    1831    6068 e: -69.8 r:  17.0   
US_Missouri_St._Louis_St_Louis=Confirmed i:  75  75  14          . p:    2216    6068 e: -63.5 r:  19.8   
US_Missouri_St._Louis_St_Louis=Confirmed i:  76  76  15   4/8/2020 p:    2216    6068 e: -63.5 r:  20.6   
US_Missouri_St._Louis_St_Louis=Confirmed i:  77  77  16          . p:    2611    6068 e: -57.0 r:  21.5   
US_Missouri_St._Louis_St_Louis=Confirmed i:  78  78  17  4/10/2020 p:    2987    6068 e: -50.8 r:  24.7   
US_Missouri_St._Louis_St_Louis=Confirmed i:  79  79  18          . p:    2483    6068 e: -59.1 r:  25.8   
US_Missouri_St._Louis_St_Louis=Confirmed i:  80  80  19  4/12/2020 p:    2601    6068 e: -57.1 r:  26.9   
US_Missouri_St._Louis_St_Louis=Confirmed i:  81  81  20          . p:    2569    6068 e: -57.7 r:  28.4   
US_Missouri_St._Louis_St_Louis=Confirmed i:  82  82  21  4/14/2020 p:    3072    6068 e: -49.4 r:  30.5   
US_Missouri_St._Louis_St_Louis=Confirmed i:  83  83  22          . p:    2794    6068 e: -54.0 r:  31.9   
US_Missouri_St._Louis_St_Louis=Confirmed i:  84  84  23  4/16/2020 p:    3180    6068 e: -47.6 r:  33.4   
US_Missouri_St._Louis_St_Louis=Confirmed i:  85  85  24          . p:    3242    6068 e: -46.6 r:  34.4   
US_Missouri_St._Louis_St_Louis=Confirmed i:  86  86  25  4/18/2020 p:    2888    6068 e: -52.4 r:  35.6   
US_Missouri_St._Louis_St_Louis=Confirmed i:  87  87  26          . p:    2915    6068 e: -52.0 r:  36.8   
US_Missouri_St._Louis_St_Louis=Confirmed i:  88  88  27  4/20/2020 p:    2956    6068 e: -51.3 r:  37.7   
US_Missouri_St._Louis_St_Louis=Confirmed i:  89  89  28          . p:    2951    6068 e: -51.4 r:  38.7   
US_Missouri_St._Louis_St_Louis=Confirmed i:  90  90  29  4/22/2020 p:    3063    6068 e: -49.5 r:  40.1   
US_Missouri_St._Louis_St_Louis=Confirmed i:  91  91  30          . p:    3180    6068 e: -47.6 r:  41.5   
US_Missouri_St._Louis_St_Louis=Confirmed i:  92  92  31  4/24/2020 p:    3372    6068 e: -44.4 r:  43.7   
US_Missouri_St._Louis_St_Louis=Confirmed i:  93  93  32          . p:    3372    6068 e: -44.4 r:  44.8   
US_Missouri_St._Louis_St_Louis=Confirmed i:  94  94  33  4/26/2020 p:    3372    6068 e: -44.4 r:  46.4   
US_Missouri_St._Louis_St_Louis=Confirmed i:  95  95  34          . p:    3758    6068 e: -38.1 r:  47.8   
US_Missouri_St._Louis_St_Louis=Confirmed i:  96  96  35  4/28/2020 p:    3565    6068 e: -41.3 r:  48.9   
US_Missouri_St._Louis_St_Louis=Confirmed i:  97  97  36          . p:    3758    6068 e: -38.1 r:  50.4   
US_Missouri_St._Louis_St_Louis=Confirmed i:  98  98  37  4/30/2020 p:    3758    6068 e: -38.1 r:  51.7   
US_Missouri_St._Louis_St_Louis=Confirmed i:  99  99  38          . p:    3758    6068 e: -38.1 r:  53.6   
US_Missouri_St._Louis_St_Louis=Confirmed i: 100 100  39   5/2/2020 p:    3951    6068 e: -34.9 r:  55.2   
US_Missouri_St._Louis_St_Louis=Confirmed i: 101 101  40          . p:    4143    6068 e: -31.7 r:  56.6   
US_Missouri_St._Louis_St_Louis=Confirmed i: 102 102  41   5/4/2020 p:    4143    6068 e: -31.7 r:  58.0   
US_Missouri_St._Louis_St_Louis=Confirmed i: 103 103  42          . p:    4216    6068 e: -30.5 r:  58.8   
US_Missouri_St._Louis_St_Louis=Confirmed i: 104 104  43   5/6/2020 p:    4257    6068 e: -29.9 r:  60.1   
US_Missouri_St._Louis_St_Louis=Confirmed i: 105 105  44          . p:    4334    6068 e: -28.6 r:  61.4   
US_Missouri_St._Louis_St_Louis=Confirmed i: 106 106  45   5/8/2020 p:    4392    6068 e: -27.6 r:  62.5   
US_Missouri_St._Louis_St_Louis=Confirmed i: 107 107  46          . p:    4529    6068 e: -25.4 r:  63.7   
US_Missouri_St._Louis_St_Louis=Confirmed i: 108 108  47  5/10/2020 p:    4529    6068 e: -25.4 r:  64.8   
US_Missouri_St._Louis_St_Louis=Confirmed i: 109 109  48          . p:    4525    6068 e: -25.4 r:  65.1   
US_Missouri_St._Louis_St_Louis=Confirmed i: 110 110  49  5/12/2020 p:    4571    6068 e: -24.7 r:  65.7   
US_Missouri_St._Louis_St_Louis=Confirmed i: 111 111  50          . p:    4574    6068 e: -24.6 r:  66.3   
US_Missouri_St._Louis_St_Louis=Confirmed i: 112 112  51  5/14/2020 p:    4621    6068 e: -23.9 r:  67.6   
US_Missouri_St._Louis_St_Louis=Confirmed i: 113 113  52          . p:    4678    6068 e: -22.9 r:  68.7   
US_Missouri_St._Louis_St_Louis=Confirmed i: 114 114  53  5/16/2020 p:    5107    6068 e: -15.8 r:  69.8   
US_Missouri_St._Louis_St_Louis=Confirmed i: 115 115  54          . p:    4722    6068 e: -22.2 r:  70.6   
US_Missouri_St._Louis_St_Louis=Confirmed i: 116   0  55  5/18/2020 p:    5685    6068 e:  -6.3 r:  71.2 OK 1st
US_Missouri_St._Louis_St_Louis=Confirmed i: 117   1  56          . p:    5300    6068 e: -12.7 r:  72.1 OK
US_Missouri_St._Louis_St_Louis=Confirmed i: 118   2  57  5/20/2020 p:    5300    6068 e: -12.7 r:  72.7 OK
US_Missouri_St._Louis_St_Louis=Confirmed i: 119   3  58          . p:    5300    6068 e: -12.7 r:  73.7 OK
US_Missouri_St._Louis_St_Louis=Confirmed i: 120   4  59  5/22/2020 p:    4917    6068 e: -19.0 r:  73.7   
US_Missouri_St._Louis_St_Louis=Confirmed i: 121   5  60          . p:    4915    6068 e: -19.0 r:  73.7   
US_Missouri_St._Louis_St_Louis=Confirmed i: 122   6  61  5/24/2020 p:    4921    6068 e: -18.9 r:  73.8   
US_Missouri_St._Louis_St_Louis=Confirmed i: 123   7  62          . p:    5017    6068 e: -17.3 r:  77.3   
US_Missouri_St._Louis_St_Louis=Confirmed i: 124   8  63  5/26/2020 p:    5118    6068 e: -15.7 r:  78.5   
US_Missouri_St._Louis_St_Louis=Confirmed i: 125   9  64          . p:    5878    6068 e:  -3.1 r:  79.6 OK
US_Missouri_St._Louis_St_Louis=Confirmed i: 126  10  65  5/28/2020 p:    5878    6068 e:  -3.1 r:  79.6 OK
US_Missouri_St._Louis_St_Louis=Confirmed i: 127  11  66          . p:    5878    6068 e:  -3.1 r:  79.6 OK
US_Missouri_St._Louis_St_Louis=Confirmed i: 128  12  67  5/30/2020 p:    5300    6068 e: -12.7 r:  81.0 OK
US_Missouri_St._Louis_St_Louis=Confirmed i: 129  13  68          . p:    6071    6068 e:   0.0 r:  82.0 OK
US_Missouri_St._Louis_St_Louis=Confirmed i: 130  14  69   6/1/2020 p:    6071    6068 e:   0.0 r:  82.9 OK
US_Missouri_St._Louis_St_Louis=Confirmed i: 131  15  70          . p:    5493    6068 e:  -9.5 r:  83.8 OK
US_Missouri_St._Louis_St_Louis=Confirmed i: 132  16  71   6/3/2020 p:    5493    6068 e:  -9.5 r:  83.8 OK
US_Missouri_St._Louis_St_Louis=Confirmed i: 133  17  72          . p:    6211    6068 e:   2.3 r:  83.8 OK
US_Missouri_St._Louis_St_Louis=Confirmed i: 134  18  73   6/5/2020 p:    5481    6068 e:  -9.7 r:  83.8 OK
US_Missouri_St._Louis_St_Louis=Confirmed i: 135  19  74          . p:    6264    6068 e:   3.2 r:  86.0 OK
US_Missouri_St._Louis_St_Louis=Confirmed i: 136  20  75   6/7/2020 p:    6264    6068 e:   3.2 r:  86.0 OK
US_Missouri_St._Louis_St_Louis=Confirmed i: 137  21  76          . p:    6264    6068 e:   3.2 r:  86.0 OK
US_Missouri_St._Louis_St_Louis=Confirmed i: 138  22  77   6/9/2020 p:    6071    6068 e:   0.0 r:  86.0 OK
