
  # Process COVID TAB data
p1= 131 il= 138
p1= 63 il= 137
p1= 107 il= 136
p1= 54 il= 135
p1= 138 il= 134
El_Salvador=Deaths nl = 139, n1= 5 s1= 98.6 s2= 10907.8 SD= 34.4360276454762 frac%= 34.9249773280692
El_Salvador=Deaths i:  74  74 -37   4/6/2020 p:       6      98 e: -93.9 r:   4.1   
El_Salvador=Deaths i:  75  75 -36          . p:       5      98 e: -94.9 r:   4.1   
El_Salvador=Deaths i:  76  76 -35   4/8/2020 p:       9      98 e: -90.9 r:   5.1   
El_Salvador=Deaths i:  77  77 -34          . p:      12      98 e: -87.8 r:   6.1   
El_Salvador=Deaths i:  78  78 -33  4/10/2020 p:      10      98 e: -89.9 r:   6.1   
El_Salvador=Deaths i:  79  79 -32          . p:       9      98 e: -90.9 r:   6.1   
El_Salvador=Deaths i:  80  80 -31  4/12/2020 p:       7      98 e: -92.9 r:   6.1   
El_Salvador=Deaths i:  81  81 -30          . p:       6      98 e: -93.9 r:   6.1   
El_Salvador=Deaths i:  87  87 -24          . p:       6      98 e: -93.9 r:   7.1   
El_Salvador=Deaths i:  88  88 -23  4/20/2020 p:       6      98 e: -93.9 r:   7.1   
El_Salvador=Deaths i:  89  89 -22          . p:       7      98 e: -92.9 r:   7.1   
El_Salvador=Deaths i:  90  90 -21  4/22/2020 p:       7      98 e: -92.9 r:   7.1   
El_Salvador=Deaths i:  91  91 -20          . p:      32      98 e: -67.5 r:   8.1   
El_Salvador=Deaths i:  92  92 -19  4/24/2020 p:       9      98 e: -90.9 r:   8.1   
El_Salvador=Deaths i:  93  93 -18          . p:       9      98 e: -90.9 r:   8.1   
El_Salvador=Deaths i:  94  94 -17  4/26/2020 p:       9      98 e: -90.9 r:   8.1   
El_Salvador=Deaths i:  95  95 -16          . p:       9      98 e: -90.9 r:   8.1   
El_Salvador=Deaths i:  96  96 -15  4/28/2020 p:       9      98 e: -90.9 r:   8.1   
El_Salvador=Deaths i:  97  97 -14          . p:      21      98 e: -78.7 r:   9.1   
El_Salvador=Deaths i: 100 100 -11   5/2/2020 p:      25      98 e: -74.6 r:  11.2   
El_Salvador=Deaths i: 101 101 -10          . p:      12      98 e: -87.8 r:  11.2   
El_Salvador=Deaths i: 105 105  -6          . p:      16      98 e: -83.8 r:  15.2   
El_Salvador=Deaths i: 106 106  -5   5/8/2020 p:      18      98 e: -81.7 r:  16.2   
El_Salvador=Deaths i: 107 107  -4          . p:      21      98 e: -78.7 r:  17.2   
El_Salvador=Deaths i: 108 108  -3  5/10/2020 p:      18      98 e: -81.7 r:  17.2   
El_Salvador=Deaths i: 109 109  -2          . p:      21      98 e: -78.7 r:  18.3   
El_Salvador=Deaths i: 110 110  -1  5/12/2020 p:      49      98 e: -50.3 r:  20.3   
El_Salvador=Deaths i: 111 111   0          . p:      36      98 e: -63.5 r:  20.3   
El_Salvador=Deaths i: 112 112   1  5/14/2020 p:       0      98 e: -100.0 r:  23.3   
El_Salvador=Deaths i: 114   0   3  5/16/2020 p:     109      98 e:  10.5 r:  26.4 OK 1st
El_Salvador=Deaths i: 117   3   6          . p:      89      98 e:  -9.7 r:  30.4 OK
El_Salvador=Deaths i: 118   4   7  5/20/2020 p:      29      98 e: -70.6 r:  31.4   
El_Salvador=Deaths i: 119   5   8          . p:      38      98 e: -61.5 r:  33.5   
El_Salvador=Deaths i: 120   6   9  5/22/2020 p:      36      98 e: -63.5 r:  33.5   
El_Salvador=Deaths i: 121   7  10          . p:      34      98 e: -65.5 r:  33.5   
El_Salvador=Deaths i: 122   8  11  5/24/2020 p:      38      98 e: -61.5 r:  35.5   
El_Salvador=Deaths i: 123   9  12          . p:      38      98 e: -61.5 r:  35.5   
El_Salvador=Deaths i: 124  10  13  5/26/2020 p:      40      98 e: -59.4 r:  36.5   
El_Salvador=Deaths i: 125  11  14          . p:      52      98 e: -47.3 r:  39.6   
El_Salvador=Deaths i: 126  12  15  5/28/2020 p:      52      98 e: -47.3 r:  39.6   
El_Salvador=Deaths i: 127  13  16          . p:      60      98 e: -39.1 r:  42.6   
El_Salvador=Deaths i: 128  14  17  5/30/2020 p:     116      98 e:  17.6 r:  46.7   
El_Salvador=Deaths i: 129  15  18          . p:     118      98 e:  19.7 r:  46.7   
El_Salvador=Deaths i: 130  16  19   6/1/2020 p:     114      98 e:  15.6 r:  46.7   
El_Salvador=Deaths i: 131  17  20          . p:     122      98 e:  23.7 r:  49.7   
El_Salvador=Deaths i: 132  18  21   6/3/2020 p:     136      98 e:  37.9 r:  51.7   
El_Salvador=Deaths i: 133  19  22          . p:     140      98 e:  42.0 r:  52.7   
El_Salvador=Deaths i: 134  20  23   6/5/2020 p:     138      98 e:  40.0 r:  53.8   
El_Salvador=Deaths i: 135  21  24          . p:      54      98 e: -45.2 r:  53.8   
El_Salvador=Deaths i: 136  22  25   6/7/2020 p:     107      98 e:   8.5 r:  53.8 OK
El_Salvador=Deaths i: 137  23  26          . p:      63      98 e: -36.1 r:  56.8   
El_Salvador=Deaths i: 138  24  27   6/9/2020 p:     131      98 e:  32.9 r:  60.9   
