
  # Process COVID TAB data
p1= 12788 il= 138
p1= 12428 il= 137
p1= 11708 il= 136
p1= 11708 il= 135
p1= 11347 il= 134
Czechia=Confirmed nl = 139, n1= 5 s1= 11995.8 s2= 144179413 SD= 529.334827873638 frac%= 4.41266799941345
Czechia=Confirmed i:  44  44  -5   3/7/2020 p:     176   11995 e: -98.5 r:   0.2   
Czechia=Confirmed i:  45  45  -4          . p:     468   11995 e: -96.1 r:   0.3   
Czechia=Confirmed i:  46  46  -3   3/9/2020 p:     178   11995 e: -98.5 r:   0.3   
Czechia=Confirmed i:  47  47  -2          . p:     177   11995 e: -98.5 r:   0.3   
Czechia=Confirmed i:  51  51   2          . p:     540   11995 e: -95.5 r:   1.6   
Czechia=Confirmed i:  52  52   3  3/15/2020 p:     900   11995 e: -92.5 r:   2.1   
Czechia=Confirmed i:  53  53   4          . p:     900   11995 e: -92.5 r:   2.5   
Czechia=Confirmed i:  54  54   5  3/17/2020 p:    1981   11995 e: -83.5 r:   3.3   
Czechia=Confirmed i:  55  55   6          . p:    1621   11995 e: -86.5 r:   3.9   
Czechia=Confirmed i:  56   0   7  3/19/2020 p:   12428   11995 e:   3.6 r:   5.8 OK 1st
Czechia=Confirmed i:  57   1   8          . p:   20354   11995 e:  69.7 r:   6.9   
Czechia=Confirmed i:  58   2   9  3/21/2020 p:   12068   11995 e:   0.6 r:   8.3 OK
Czechia=Confirmed i:  59   3  10          . p:    1621   11995 e: -86.5 r:   9.3   
Czechia=Confirmed i:  60   4  11  3/23/2020 p:    1621   11995 e: -86.5 r:  10.3   
Czechia=Confirmed i:  61   5  12          . p:    1981   11995 e: -83.5 r:  11.6   
Czechia=Confirmed i:  62   6  13  3/25/2020 p:    3422   11995 e: -71.5 r:  13.8   
Czechia=Confirmed i:  63   7  14          . p:    5223   11995 e: -56.5 r:  16.0   
Czechia=Confirmed i:  64   8  15  3/27/2020 p:   10627   11995 e: -11.4 r:  19.0 OK
Czechia=Confirmed i:  65   9  16          . p:   15310   11995 e:  27.6 r:  21.9   
Czechia=Confirmed i:  66  10  17  3/29/2020 p:   13509   11995 e:  12.6 r:  23.5 OK
Czechia=Confirmed i:  67  11  18          . p:   12428   11995 e:   3.6 r:  25.0 OK
Czechia=Confirmed i:  68  12  19  3/31/2020 p:   11689   11995 e:  -2.6 r:  27.6 OK
Czechia=Confirmed i:  69  13  20          . p:   10935   11995 e:  -8.8 r:  29.2 OK
Czechia=Confirmed i:  70  14  21   4/2/2020 p:   10627   11995 e: -11.4 r:  32.2 OK
Czechia=Confirmed i:  71  15  22          . p:    9546   11995 e: -20.4 r:  34.1   
Czechia=Confirmed i:  72  16  23   4/4/2020 p:   10627   11995 e: -11.4 r:  37.3 OK
Czechia=Confirmed i:  73  17  24          . p:   10008   11995 e: -16.6 r:  38.2   
Czechia=Confirmed i:  74  18  25   4/6/2020 p:    9180   11995 e: -23.5 r:  40.2   
Czechia=Confirmed i:  75  19  26          . p:    8821   11995 e: -26.5 r:  41.8   
Czechia=Confirmed i:  76  20  27   4/8/2020 p:    7732   11995 e: -35.5 r:  44.3   
Czechia=Confirmed i:  77  21  28          . p:    8826   11995 e: -26.4 r:  46.4   
Czechia=Confirmed i:  78  22  29  4/10/2020 p:    8826   11995 e: -26.4 r:  47.8   
Czechia=Confirmed i:  79  23  30          . p:    8724   11995 e: -27.3 r:  48.6   
Czechia=Confirmed i:  80  24  31  4/12/2020 p:    8547   11995 e: -28.8 r:  49.9   
Czechia=Confirmed i:  81  25  32          . p:    7817   11995 e: -34.8 r:  50.5   
Czechia=Confirmed i:  82  26  33  4/14/2020 p:    7459   11995 e: -37.8 r:  50.9   
Czechia=Confirmed i:  83  27  34          . p:    6588   11995 e: -45.1 r:  51.8   
Czechia=Confirmed i:  84  28  35  4/16/2020 p:    7377   11995 e: -38.5 r:  53.6   
Czechia=Confirmed i:  85  29  36          . p:    7385   11995 e: -38.4 r:  54.6   
Czechia=Confirmed i:  86  30  37  4/18/2020 p:    7385   11995 e: -38.4 r:  55.1   
Czechia=Confirmed i:  87  31  38          . p:    7745   11995 e: -35.4 r:  56.2   
Czechia=Confirmed i:  88  32  39  4/20/2020 p:    7745   11995 e: -35.4 r:  57.5   
Czechia=Confirmed i:  89  33  40          . p:    7745   11995 e: -35.4 r:  58.6   
Czechia=Confirmed i:  90  34  41  4/22/2020 p:    8105   11995 e: -32.4 r:  59.5   
Czechia=Confirmed i:  91  35  42          . p:    8105   11995 e: -32.4 r:  59.9   
Czechia=Confirmed i:  92  36  43  4/24/2020 p:    8069   11995 e: -32.7 r:  60.6   
Czechia=Confirmed i:  93  37  44          . p:    8165   11995 e: -31.9 r:  61.3   
Czechia=Confirmed i:  94  38  45  4/26/2020 p:    8123   11995 e: -32.3 r:  61.7   
Czechia=Confirmed i:  95  39  46          . p:    8126   11995 e: -32.3 r:  62.1   
Czechia=Confirmed i:  96  40  47  4/28/2020 p:    8131   11995 e: -32.2 r:  62.6   
Czechia=Confirmed i:  97  41  48          . p:    8093   11995 e: -32.5 r:  63.2   
Czechia=Confirmed i:  98  42  49  4/30/2020 p:    8105   11995 e: -32.4 r:  64.0   
Czechia=Confirmed i:  99  43  50          . p:    8465   11995 e: -29.4 r:  64.5   
Czechia=Confirmed i: 100  44  51   5/2/2020 p:    8465   11995 e: -29.4 r:  64.6   
Czechia=Confirmed i: 101  45  52          . p:    8214   11995 e: -31.5 r:  64.9   
Czechia=Confirmed i: 102  46  53   5/4/2020 p:    8323   11995 e: -30.6 r:  65.2   
Czechia=Confirmed i: 103  47  54          . p:    8465   11995 e: -29.4 r:  65.8   
Czechia=Confirmed i: 104  48  55   5/6/2020 p:    8465   11995 e: -29.4 r:  66.5   
Czechia=Confirmed i: 105  49  56          . p:    8465   11995 e: -29.4 r:  66.9   
Czechia=Confirmed i: 106  50  57   5/8/2020 p:    8465   11995 e: -29.4 r:  67.3   
Czechia=Confirmed i: 107  51  58          . p:    8465   11995 e: -29.4 r:  67.5   
Czechia=Confirmed i: 108  52  59  5/10/2020 p:    8465   11995 e: -29.4 r:  67.7   
Czechia=Confirmed i: 109  53  60          . p:    8485   11995 e: -29.3 r:  68.2   
Czechia=Confirmed i: 110  54  61  5/12/2020 p:    8465   11995 e: -29.4 r:  68.5   
Czechia=Confirmed i: 111  55  62          . p:    8465   11995 e: -29.4 r:  68.9   
Czechia=Confirmed i: 112  56  63  5/14/2020 p:    8826   11995 e: -26.4 r:  69.6   
Czechia=Confirmed i: 113  57  64          . p:    8826   11995 e: -26.4 r:  70.1   
Czechia=Confirmed i: 114  58  65  5/16/2020 p:    8826   11995 e: -26.4 r:  70.5   
Czechia=Confirmed i: 115  59  66          . p:    8826   11995 e: -26.4 r:  70.6   
Czechia=Confirmed i: 116  60  67  5/18/2020 p:    8826   11995 e: -26.4 r:  71.6   
Czechia=Confirmed i: 117  61  68          . p:    8826   11995 e: -26.4 r:  72.1   
Czechia=Confirmed i: 118  62  69  5/20/2020 p:    8826   11995 e: -26.4 r:  72.7   
Czechia=Confirmed i: 119  63  70          . p:    8826   11995 e: -26.4 r:  73.0   
Czechia=Confirmed i: 120  64  71  5/22/2020 p:    9186   11995 e: -23.4 r:  73.5   
Czechia=Confirmed i: 121  65  72          . p:    9186   11995 e: -23.4 r:  74.1   
Czechia=Confirmed i: 122  66  73  5/24/2020 p:    9546   11995 e: -20.4 r:  74.7   
Czechia=Confirmed i: 123  67  74          . p:    9546   11995 e: -20.4 r:  75.0   
Czechia=Confirmed i: 124  68  75  5/26/2020 p:    9546   11995 e: -20.4 r:  75.4   
Czechia=Confirmed i: 125  69  76          . p:    9546   11995 e: -20.4 r:  75.7   
Czechia=Confirmed i: 126  70  77  5/28/2020 p:    9906   11995 e: -17.4 r:  76.2   
Czechia=Confirmed i: 127  71  78          . p:    9906   11995 e: -17.4 r:  76.7   
Czechia=Confirmed i: 128  72  79  5/30/2020 p:    9906   11995 e: -17.4 r:  76.9   
Czechia=Confirmed i: 129  73  80          . p:    9906   11995 e: -17.4 r:  77.3   
Czechia=Confirmed i: 130  74  81   6/1/2020 p:    9906   11995 e: -17.4 r:  77.5   
Czechia=Confirmed i: 131  75  82          . p:   10267   11995 e: -14.4 r:  78.1 OK
Czechia=Confirmed i: 132  76  83   6/3/2020 p:   10987   11995 e:  -8.4 r:  78.7 OK
Czechia=Confirmed i: 133  77  84          . p:   10267   11995 e: -14.4 r:  79.1 OK
Czechia=Confirmed i: 134  78  85   6/5/2020 p:   11347   11995 e:  -5.4 r:  79.4 OK
Czechia=Confirmed i: 135  79  86          . p:   11708   11995 e:  -2.4 r:  79.8 OK
Czechia=Confirmed i: 136  80  87   6/7/2020 p:   11708   11995 e:  -2.4 r:  80.3 OK
Czechia=Confirmed i: 137  81  88          . p:   12428   11995 e:   3.6 r:  80.8 OK
Czechia=Confirmed i: 138  82  89   6/9/2020 p:   12788   11995 e:   6.6 r:  81.3 OK
