
  # Process COVID TAB data
p1= - il= 138
p1= 168629 il= 137
p1= 179251 il= 136
p1= - il= 135
p1= - il= 134
Qatar=Confirmed nl = 139, n1= 5 s1= 69576 s2= 12113332128.4 SD= 85279.026450822 frac%= 122.56960223471
Qatar=Confirmed i:  47  47   0          . p:    1327   69576 e: -98.1 r:   0.0   
Qatar=Confirmed i:  50  50   3  3/13/2020 p:    1327   69576 e: -98.1 r:   0.5   
Qatar=Confirmed i:  51  51   4          . p:    1327   69576 e: -98.1 r:   0.5   
Qatar=Confirmed i:  52  52   5  3/15/2020 p:    1327   69576 e: -98.1 r:   0.6   
Qatar=Confirmed i:  53  53   6          . p:    1327   69576 e: -98.1 r:   0.6   
Qatar=Confirmed i:  54  54   7  3/17/2020 p:    1327   69576 e: -98.1 r:   0.6   
Qatar=Confirmed i:  55  55   8          . p:    1327   69576 e: -98.1 r:   0.6   
Qatar=Confirmed i:  56  56   9  3/19/2020 p:    1327   69576 e: -98.1 r:   0.7   
Qatar=Confirmed i:  57  57  10          . p:    1327   69576 e: -98.1 r:   0.7   
Qatar=Confirmed i:  58  58  11  3/21/2020 p:    1327   69576 e: -98.1 r:   0.7   
Qatar=Confirmed i:  59  59  12          . p:    1327   69576 e: -98.1 r:   0.7   
Qatar=Confirmed i:  60  60  13  3/23/2020 p:    1327   69576 e: -98.1 r:   0.7   
Qatar=Confirmed i:  61  61  14          . p:    1327   69576 e: -98.1 r:   0.8   
Qatar=Confirmed i:  62  62  15  3/25/2020 p:    1327   69576 e: -98.1 r:   0.8   
Qatar=Confirmed i:  63  63  16          . p:    1327   69576 e: -98.1 r:   0.8   
Qatar=Confirmed i:  64  64  17  3/27/2020 p:    1327   69576 e: -98.1 r:   0.8   
Qatar=Confirmed i:  65  65  18          . p:    1327   69576 e: -98.1 r:   0.8   
Qatar=Confirmed i:  66  66  19  3/29/2020 p:    1327   69576 e: -98.1 r:   0.9   
Qatar=Confirmed i:  67  67  20          . p:    1327   69576 e: -98.1 r:   1.0   
Qatar=Confirmed i:  68  68  21  3/31/2020 p:    1327   69576 e: -98.1 r:   1.1   
Qatar=Confirmed i:  69  69  22          . p:    1327   69576 e: -98.1 r:   1.2   
Qatar=Confirmed i:  70  70  23   4/2/2020 p:    1327   69576 e: -98.1 r:   1.4   
Qatar=Confirmed i:  71  71  24          . p:    1327   69576 e: -98.1 r:   1.5   
Qatar=Confirmed i:  75  75  28          . p:    6638   69576 e: -90.5 r:   3.0   
Qatar=Confirmed i:  76  76  29   4/8/2020 p:    3983   69576 e: -94.3 r:   3.2   
Qatar=Confirmed i:  77  77  30          . p:    3983   69576 e: -94.3 r:   3.4   
Qatar=Confirmed i:  78  78  31  4/10/2020 p:    3983   69576 e: -94.3 r:   3.6   
Qatar=Confirmed i:  79  79  32          . p:    6638   69576 e: -90.5 r:   3.9   
Qatar=Confirmed i:  80  80  33  4/12/2020 p:    6638   69576 e: -90.5 r:   4.3   
Qatar=Confirmed i:  81  81  34          . p:    6638   69576 e: -90.5 r:   4.6   
Qatar=Confirmed i:  82  82  35  4/14/2020 p:    6638   69576 e: -90.5 r:   4.9   
Qatar=Confirmed i:  83  83  36          . p:    9294   69576 e: -86.6 r:   5.3   
Qatar=Confirmed i:  84  84  37  4/16/2020 p:    9294   69576 e: -86.6 r:   5.9   
Qatar=Confirmed i:  85  85  38          . p:   11950   69576 e: -82.8 r:   6.7   
Qatar=Confirmed i:  86  86  39  4/18/2020 p:   11950   69576 e: -82.8 r:   7.2   
Qatar=Confirmed i:  87  87  40          . p:   14605   69576 e: -79.0 r:   7.8   
Qatar=Confirmed i:  88  88  41  4/20/2020 p:   17261   69576 e: -75.2 r:   8.6   
Qatar=Confirmed i:  89  89  42          . p:   19916   69576 e: -71.4 r:   9.4   
Qatar=Confirmed i:  90  90  43  4/22/2020 p:   22572   69576 e: -67.6 r:  10.3   
Qatar=Confirmed i:  91  91  44          . p:   25228   69576 e: -63.7 r:  11.2   
Qatar=Confirmed i:  92  92  45  4/24/2020 p:   30539   69576 e: -56.1 r:  12.3   
Qatar=Confirmed i:  93  93  46          . p:   35850   69576 e: -48.5 r:  13.5   
Qatar=Confirmed i:  94  94  47  4/26/2020 p:   41161   69576 e: -40.8 r:  14.8   
Qatar=Confirmed i:  95  95  48          . p:   46472   69576 e: -33.2 r:  16.2   
Qatar=Confirmed i:  96  96  49  4/28/2020 p:   80995   69576 e:  16.4 r:  17.1   
Qatar=Confirmed i:  97   0  50          . p:   65061   69576 e:  -6.5 r:  18.1 OK 1st
Qatar=Confirmed i:  98   1  51  4/30/2020 p:   19916   69576 e: -71.4 r:  19.3   
Qatar=Confirmed i:  99   2  52          . p:   19916   69576 e: -71.4 r:  20.3   
Qatar=Confirmed i: 100   3  53   5/2/2020 p:   22572   69576 e: -67.6 r:  21.4   
Qatar=Confirmed i: 101   4  54          . p:   25228   69576 e: -63.7 r:  22.4   
Qatar=Confirmed i: 102   5  55   5/4/2020 p:   25228   69576 e: -63.7 r:  23.3   
Qatar=Confirmed i: 103   6  56          . p:   27883   69576 e: -59.9 r:  24.6   
Qatar=Confirmed i: 104   7  57   5/6/2020 p:   30539   69576 e: -56.1 r:  25.8   
Qatar=Confirmed i: 105   8  58          . p:   33194   69576 e: -52.3 r:  27.2   
Qatar=Confirmed i: 106   9  59   5/8/2020 p:   43817   69576 e: -37.0 r:  29.0   
Qatar=Confirmed i: 107  10  60          . p:   51783   69576 e: -25.6 r:  30.7   
Qatar=Confirmed i: 108  11  61  5/10/2020 p:   59750   69576 e: -14.1 r:  32.4 OK
Qatar=Confirmed i: 109  12  62          . p:   70373   69576 e:   1.1 r:  34.0 OK
Qatar=Confirmed i: 110  13  63  5/12/2020 p:   80995   69576 e:  16.4 r:  36.1   
Qatar=Confirmed i: 111  14  64          . p:   94273   69576 e:  35.5 r:  38.1   
Qatar=Confirmed i: 112  15  65  5/14/2020 p:  115517   69576 e:  66.0 r:  40.6   
Qatar=Confirmed i: 113  16  66          . p:  152696   69576 e: 119.5 r:  42.3   
Qatar=Confirmed i: 114  17  67  5/16/2020 p:  147384   69576 e: 111.8 r:  44.5   
Qatar=Confirmed i: 115  18  68          . p:  168629   69576 e: 142.4 r:  46.9   
Qatar=Confirmed i: 116  19  69  5/18/2020 p:  160662   69576 e: 130.9 r:  48.8   
Qatar=Confirmed i: 117  20  70          . p:       0   69576 e: -100.0 r:  51.2   
Qatar=Confirmed i: 118  21  71  5/20/2020 p:  184563   69576 e: 165.3 r:  53.3   
Qatar=Confirmed i: 119  22  72          . p:  203152   69576 e: 192.0 r:  55.6   
Qatar=Confirmed i: 120  23  73  5/22/2020 p:  200496   69576 e: 188.2 r:  58.2   
Qatar=Confirmed i: 121  24  74          . p:       0   69576 e: -100.0 r:  60.7   
Qatar=Confirmed i: 122  25  75  5/24/2020 p:       0   69576 e: -100.0 r:  62.8   
Qatar=Confirmed i: 123  26  76          . p:       0   69576 e: -100.0 r:  65.3   
Qatar=Confirmed i: 124  27  77  5/26/2020 p:       0   69576 e: -100.0 r:  67.8   
Qatar=Confirmed i: 125  28  78          . p:  171285   69576 e: 146.2 r:  70.4   
Qatar=Confirmed i: 126  29  79  5/28/2020 p:       0   69576 e: -100.0 r:  73.2   
Qatar=Confirmed i: 127  30  80          . p:       0   69576 e: -100.0 r:  76.0   
Qatar=Confirmed i: 128  31  81  5/30/2020 p:       0   69576 e: -100.0 r:  79.4   
Qatar=Confirmed i: 129  32  82          . p:       0   69576 e: -100.0 r:  81.8   
Qatar=Confirmed i: 130  33  83   6/1/2020 p:       0   69576 e: -100.0 r:  84.0   
Qatar=Confirmed i: 131  34  84          . p:       0   69576 e: -100.0 r:  86.6   
Qatar=Confirmed i: 132  35  85   6/3/2020 p:       0   69576 e: -100.0 r:  89.3   
Qatar=Confirmed i: 133  36  86          . p:       0   69576 e: -100.0 r:  91.6   
Qatar=Confirmed i: 134  37  87   6/5/2020 p:       0   69576 e: -100.0 r:  94.1   
Qatar=Confirmed i: 135  38  88          . p:       0   69576 e: -100.0 r:  96.6   
Qatar=Confirmed i: 136  39  89   6/7/2020 p:  179251   69576 e: 157.6 r:  98.9   
Qatar=Confirmed i: 137  40  90          . p:  168629   69576 e: 142.4 r: 100.8   
Qatar=Confirmed i: 138  41  91   6/9/2020 p:       0   69576 e: -100.0 r: 103.3   
