
  # Process COVID TAB data
p1= 16780 il= 138
p1= 16775 il= 137
p1= 16709 il= 136
p1= 16510 il= 135
p1= 16747 il= 134
US_New_Jersey_Middlesex=Confirmed nl = 139, n1= 5 s1= 16704.2 s2= 279040363 SD= 100.326267746561 frac%= 0.600605043920459
US_New_Jersey_Middlesex=Confirmed i:  55  55  -2          . p:     300   16704 e: -98.2 r:   0.2   
US_New_Jersey_Middlesex=Confirmed i:  56  56  -1  3/19/2020 p:    7504   16704 e: -55.1 r:   0.4   
US_New_Jersey_Middlesex=Confirmed i:  57  57   0          . p:    3302   16704 e: -80.2 r:   0.5   
US_New_Jersey_Middlesex=Confirmed i:  58  58   1  3/21/2020 p:    2701   16704 e: -83.8 r:   0.7   
US_New_Jersey_Middlesex=Confirmed i:  59  59   2          . p:     300   16704 e: -98.2 r:   0.9   
US_New_Jersey_Middlesex=Confirmed i:  60  60   3  3/23/2020 p:    2101   16704 e: -87.4 r:   1.3   
US_New_Jersey_Middlesex=Confirmed i:  61  61   4          . p:    3902   16704 e: -76.6 r:   1.7   
US_New_Jersey_Middlesex=Confirmed i:  62  62   5  3/25/2020 p:     900   16704 e: -94.6 r:   1.9   
US_New_Jersey_Middlesex=Confirmed i:  63  63   6          . p:   32721   16704 e:  95.9 r:   3.0   
US_New_Jersey_Middlesex=Confirmed i:  64  64   7  3/27/2020 p:       0   16704 e: -100.0 r:   3.8   
US_New_Jersey_Middlesex=Confirmed i:  65  65   8          . p:       0   16704 e: -100.0 r:   4.8   
US_New_Jersey_Middlesex=Confirmed i:  66  66   9  3/29/2020 p:    2101   16704 e: -87.4 r:   5.6   
US_New_Jersey_Middlesex=Confirmed i:  67  67  10          . p:    2101   16704 e: -87.4 r:   6.7   
US_New_Jersey_Middlesex=Confirmed i:  68  68  11  3/31/2020 p:   23123   16704 e:  38.4 r:   7.6   
US_New_Jersey_Middlesex=Confirmed i:  69  69  12          . p:    2864   16704 e: -82.9 r:   8.9   
US_New_Jersey_Middlesex=Confirmed i:  70   0  13   4/2/2020 p:   14709   16704 e: -11.9 r:  10.6 OK 1st
US_New_Jersey_Middlesex=Confirmed i:  71   1  14          . p:   17111   16704 e:   2.4 r:  12.7 OK
US_New_Jersey_Middlesex=Confirmed i:  72   2  15   4/4/2020 p:   16510   16704 e:  -1.2 r:  15.4 OK
US_New_Jersey_Middlesex=Confirmed i:  73   3  16          . p:   23715   16704 e:  42.0 r:  17.7   
US_New_Jersey_Middlesex=Confirmed i:  74   4  17   4/6/2020 p:   23715   16704 e:  42.0 r:  19.5   
US_New_Jersey_Middlesex=Confirmed i:  75   5  18          . p:   24315   16704 e:  45.6 r:  22.3   
US_New_Jersey_Middlesex=Confirmed i:  76   6  19   4/8/2020 p:   24916   16704 e:  49.2 r:  24.9   
US_New_Jersey_Middlesex=Confirmed i:  77   7  20          . p:   25516   16704 e:  52.8 r:  27.7   
US_New_Jersey_Middlesex=Confirmed i:  78   8  21  4/10/2020 p:   24763   16704 e:  48.2 r:  30.3   
US_New_Jersey_Middlesex=Confirmed i:  79   9  22          . p:   27682   16704 e:  65.7 r:  32.4   
US_New_Jersey_Middlesex=Confirmed i:  80  10  23  4/12/2020 p:    9875   16704 e: -40.9 r:  34.1   
US_New_Jersey_Middlesex=Confirmed i:  81  11  24          . p:   17295   16704 e:   3.5 r:  35.8 OK
US_New_Jersey_Middlesex=Confirmed i:  82  12  25  4/14/2020 p:    8036   16704 e: -51.9 r:  37.8   
US_New_Jersey_Middlesex=Confirmed i:  83  13  26          . p:    8302   16704 e: -50.3 r:  39.4   
US_New_Jersey_Middlesex=Confirmed i:  84  14  27  4/16/2020 p:    9306   16704 e: -44.3 r:  41.9   
US_New_Jersey_Middlesex=Confirmed i:  85  15  28          . p:    9906   16704 e: -40.7 r:  43.7   
US_New_Jersey_Middlesex=Confirmed i:  86  16  29  4/18/2020 p:   10671   16704 e: -36.1 r:  45.6   
US_New_Jersey_Middlesex=Confirmed i:  87  17  30          . p:   11107   16704 e: -33.5 r:  48.0   
US_New_Jersey_Middlesex=Confirmed i:  88  18  31  4/20/2020 p:   11604   16704 e: -30.5 r:  50.0   
US_New_Jersey_Middlesex=Confirmed i:  89  19  32          . p:   12824   16704 e: -23.2 r:  52.1   
US_New_Jersey_Middlesex=Confirmed i:  90  20  33  4/22/2020 p:   12960   16704 e: -22.4 r:  54.2   
US_New_Jersey_Middlesex=Confirmed i:  91  21  34          . p:   13508   16704 e: -19.1 r:  57.1   
US_New_Jersey_Middlesex=Confirmed i:  92  22  35  4/24/2020 p:   14109   16704 e: -15.5 r:  58.6   
US_New_Jersey_Middlesex=Confirmed i:  93  23  36          . p:   14130   16704 e: -15.4 r:  60.3   
US_New_Jersey_Middlesex=Confirmed i:  94  24  37  4/26/2020 p:   14709   16704 e: -11.9 r:  63.7 OK
US_New_Jersey_Middlesex=Confirmed i:  95  25  38          . p:   14835   16704 e: -11.2 r:  64.5 OK
US_New_Jersey_Middlesex=Confirmed i:  96  26  39  4/28/2020 p:   15115   16704 e:  -9.5 r:  66.5 OK
US_New_Jersey_Middlesex=Confirmed i:  97  27  40          . p:   15252   16704 e:  -8.7 r:  68.5 OK
US_New_Jersey_Middlesex=Confirmed i:  98  28  41  4/30/2020 p:   15421   16704 e:  -7.7 r:  70.1 OK
US_New_Jersey_Middlesex=Confirmed i:  99  29  42          . p:   15910   16704 e:  -4.8 r:  71.5 OK
US_New_Jersey_Middlesex=Confirmed i: 100  30  43   5/2/2020 p:   15750   16704 e:  -5.7 r:  73.1 OK
US_New_Jersey_Middlesex=Confirmed i: 101  31  44          . p:   15910   16704 e:  -4.8 r:  75.4 OK
US_New_Jersey_Middlesex=Confirmed i: 102  32  45   5/4/2020 p:   15910   16704 e:  -4.8 r:  76.4 OK
US_New_Jersey_Middlesex=Confirmed i: 103  33  46          . p:   16510   16704 e:  -1.2 r:  78.7 OK
US_New_Jersey_Middlesex=Confirmed i: 104  34  47   5/6/2020 p:   16425   16704 e:  -1.7 r:  79.3 OK
US_New_Jersey_Middlesex=Confirmed i: 105  35  48          . p:   16390   16704 e:  -1.9 r:  80.3 OK
US_New_Jersey_Middlesex=Confirmed i: 106  36  49   5/8/2020 p:   16543   16704 e:  -1.0 r:  81.5 OK
US_New_Jersey_Middlesex=Confirmed i: 107  37  50          . p:   16590   16704 e:  -0.7 r:  82.4 OK
US_New_Jersey_Middlesex=Confirmed i: 108  38  51  5/10/2020 p:   16510   16704 e:  -1.2 r:  83.4 OK
US_New_Jersey_Middlesex=Confirmed i: 109  39  52          . p:   16553   16704 e:  -0.9 r:  84.0 OK
US_New_Jersey_Middlesex=Confirmed i: 110  40  53  5/12/2020 p:   16591   16704 e:  -0.7 r:  84.5 OK
US_New_Jersey_Middlesex=Confirmed i: 111  41  54          . p:   16435   16704 e:  -1.6 r:  85.3 OK
US_New_Jersey_Middlesex=Confirmed i: 112  42  55  5/14/2020 p:   16443   16704 e:  -1.6 r:  85.8 OK
US_New_Jersey_Middlesex=Confirmed i: 113  43  56          . p:   16510   16704 e:  -1.2 r:  86.4 OK
US_New_Jersey_Middlesex=Confirmed i: 114  44  57  5/16/2020 p:   16216   16704 e:  -2.9 r:  86.9 OK
US_New_Jersey_Middlesex=Confirmed i: 115  45  58          . p:   16510   16704 e:  -1.2 r:  87.8 OK
US_New_Jersey_Middlesex=Confirmed i: 116  46  59  5/18/2020 p:   16510   16704 e:  -1.2 r:  88.3 OK
US_New_Jersey_Middlesex=Confirmed i: 117  47  60          . p:   16510   16704 e:  -1.2 r:  88.8 OK
US_New_Jersey_Middlesex=Confirmed i: 118  48  61  5/20/2020 p:   16510   16704 e:  -1.2 r:  89.5 OK
US_New_Jersey_Middlesex=Confirmed i: 119  49  62          . p:   16510   16704 e:  -1.2 r:  90.1 OK
US_New_Jersey_Middlesex=Confirmed i: 120  50  63  5/22/2020 p:   16510   16704 e:  -1.2 r:  90.8 OK
US_New_Jersey_Middlesex=Confirmed i: 121  51  64          . p:   16279   16704 e:  -2.5 r:  91.1 OK
US_New_Jersey_Middlesex=Confirmed i: 122  52  65  5/24/2020 p:   16510   16704 e:  -1.2 r:  91.9 OK
US_New_Jersey_Middlesex=Confirmed i: 123  53  66          . p:   16510   16704 e:  -1.2 r:  92.4 OK
US_New_Jersey_Middlesex=Confirmed i: 124  54  67  5/26/2020 p:   16455   16704 e:  -1.5 r:  92.8 OK
US_New_Jersey_Middlesex=Confirmed i: 125  55  68          . p:   16413   16704 e:  -1.7 r:  93.1 OK
US_New_Jersey_Middlesex=Confirmed i: 126  56  69  5/28/2020 p:   16390   16704 e:  -1.9 r:  93.6 OK
US_New_Jersey_Middlesex=Confirmed i: 127  57  70          . p:   16420   16704 e:  -1.7 r:  94.2 OK
US_New_Jersey_Middlesex=Confirmed i: 128  58  71  5/30/2020 p:   16510   16704 e:  -1.2 r:  94.7 OK
US_New_Jersey_Middlesex=Confirmed i: 129  59  72          . p:   16510   16704 e:  -1.2 r:  95.3 OK
US_New_Jersey_Middlesex=Confirmed i: 130  60  73   6/1/2020 p:   16510   16704 e:  -1.2 r:  95.6 OK
US_New_Jersey_Middlesex=Confirmed i: 131  61  74          . p:   16510   16704 e:  -1.2 r:  95.9 OK
US_New_Jersey_Middlesex=Confirmed i: 132  62  75   6/3/2020 p:   16756   16704 e:   0.3 r:  96.2 OK
US_New_Jersey_Middlesex=Confirmed i: 133  63  76          . p:   16718   16704 e:   0.1 r:  96.2 OK
US_New_Jersey_Middlesex=Confirmed i: 134  64  77   6/5/2020 p:   16747   16704 e:   0.3 r:  96.6 OK
US_New_Jersey_Middlesex=Confirmed i: 135  65  78          . p:   16510   16704 e:  -1.2 r:  96.8 OK
US_New_Jersey_Middlesex=Confirmed i: 136  66  79   6/7/2020 p:   16709   16704 e:   0.0 r:  97.0 OK
US_New_Jersey_Middlesex=Confirmed i: 137  67  80          . p:   16775   16704 e:   0.4 r:  97.1 OK
US_New_Jersey_Middlesex=Confirmed i: 138  68  81   6/9/2020 p:   16780   16704 e:   0.5 r:  97.3 OK
