
  # Process COVID TAB data
p1= 369 il= 138
p1= 303 il= 137
p1= 564 il= 136
p1= 397 il= 135
p1= 408 il= 134
US_Ohio_Franklin=Deaths nl = 139, n1= 5 s1= 408.2 s2= 174027.8 SD= 86.0265075427336 frac%= 21.0745976341827
US_Ohio_Franklin=Deaths i:  71  71 -13          . p:       5     408 e: -98.8 r:   1.2   
US_Ohio_Franklin=Deaths i:  72  72 -12   4/4/2020 p:       5     408 e: -98.8 r:   1.5   
US_Ohio_Franklin=Deaths i:  73  73 -11          . p:      27     408 e: -93.4 r:   2.0   
US_Ohio_Franklin=Deaths i:  74  74 -10   4/6/2020 p:      27     408 e: -93.4 r:   2.2   
US_Ohio_Franklin=Deaths i:  75  75  -9          . p:     262     408 e: -35.8 r:   2.9   
US_Ohio_Franklin=Deaths i:  76  76  -8   4/8/2020 p:      95     408 e: -76.7 r:   2.9   
US_Ohio_Franklin=Deaths i:  77  77  -7          . p:      16     408 e: -96.1 r:   3.4   
US_Ohio_Franklin=Deaths i:  78  78  -6  4/10/2020 p:      16     408 e: -96.1 r:   3.4   
US_Ohio_Franklin=Deaths i:  79  79  -5          . p:      16     408 e: -96.1 r:   3.4   
US_Ohio_Franklin=Deaths i:  80  80  -4  4/12/2020 p:      16     408 e: -96.1 r:   3.4   
US_Ohio_Franklin=Deaths i:  81  81  -3          . p:      16     408 e: -96.1 r:   3.7   
US_Ohio_Franklin=Deaths i:  82  82  -2  4/14/2020 p:      30     408 e: -92.7 r:   4.4   
US_Ohio_Franklin=Deaths i:  83  83  -1          . p:      27     408 e: -93.4 r:   4.7   
US_Ohio_Franklin=Deaths i:  84  84   0  4/16/2020 p:      27     408 e: -93.4 r:   4.7   
US_Ohio_Franklin=Deaths i:  85  85   1          . p:      39     408 e: -90.4 r:   5.4   
US_Ohio_Franklin=Deaths i:  86  86   2  4/18/2020 p:      61     408 e: -85.1 r:   6.6   
US_Ohio_Franklin=Deaths i:  87  87   3          . p:      83     408 e: -79.7 r:   7.1   
US_Ohio_Franklin=Deaths i:  88  88   4  4/20/2020 p:     162     408 e: -60.3 r:   8.6   
US_Ohio_Franklin=Deaths i:  89  89   5          . p:      83     408 e: -79.7 r:   9.1   
US_Ohio_Franklin=Deaths i:  90  90   6  4/22/2020 p:     341     408 e: -16.5 r:  10.3   
US_Ohio_Franklin=Deaths i:  91  91   7          . p:      95     408 e: -76.7 r:  11.3   
US_Ohio_Franklin=Deaths i:  92  92   8  4/24/2020 p:      72     408 e: -82.4 r:  11.8   
US_Ohio_Franklin=Deaths i:  93  93   9          . p:      61     408 e: -85.1 r:  12.2   
US_Ohio_Franklin=Deaths i:  94  94  10  4/26/2020 p:      61     408 e: -85.1 r:  13.0   
US_Ohio_Franklin=Deaths i:  95  95  11          . p:      72     408 e: -82.4 r:  14.0   
US_Ohio_Franklin=Deaths i:  96  96  12  4/28/2020 p:     106     408 e: -74.0 r:  15.2   
US_Ohio_Franklin=Deaths i:  97  97  13          . p:     341     408 e: -16.5 r:  17.4   
US_Ohio_Franklin=Deaths i:  98  98  14  4/30/2020 p:     173     408 e: -57.6 r:  17.9   
US_Ohio_Franklin=Deaths i:  99  99  15          . p:     296     408 e: -27.5 r:  18.6   
US_Ohio_Franklin=Deaths i: 100 100  16   5/2/2020 p:      83     408 e: -79.7 r:  19.1   
US_Ohio_Franklin=Deaths i: 101 101  17          . p:      83     408 e: -79.7 r:  19.4   
US_Ohio_Franklin=Deaths i: 102 102  18   5/4/2020 p:     139     408 e: -65.9 r:  20.6   
US_Ohio_Franklin=Deaths i: 103 103  19          . p:     143     408 e: -65.0 r:  21.3   
US_Ohio_Franklin=Deaths i: 104 104  20   5/6/2020 p:     201     408 e: -50.8 r:  24.3   
US_Ohio_Franklin=Deaths i: 105 105  21          . p:     262     408 e: -35.8 r:  26.2   
US_Ohio_Franklin=Deaths i: 106 106  22   5/8/2020 p:     274     408 e: -32.9 r:  26.5   
US_Ohio_Franklin=Deaths i: 107 107  23          . p:     274     408 e: -32.9 r:  27.9   
US_Ohio_Franklin=Deaths i: 108 108  24  5/10/2020 p:     676     408 e:  65.6 r:  29.2   
US_Ohio_Franklin=Deaths i: 109 109  25          . p:     296     408 e: -27.5 r:  30.4   
US_Ohio_Franklin=Deaths i: 110   0  26  5/12/2020 p:     386     408 e:  -5.4 r:  33.8 OK 1st
US_Ohio_Franklin=Deaths i: 111   1  27          . p:     486     408 e:  19.1 r:  36.3   
US_Ohio_Franklin=Deaths i: 112   2  28  5/14/2020 p:     509     408 e:  24.7 r:  36.7   
US_Ohio_Franklin=Deaths i: 113   3  29          . p:     542     408 e:  32.8 r:  38.2   
US_Ohio_Franklin=Deaths i: 114   4  30  5/16/2020 p:     643     408 e:  57.5 r:  41.4   
US_Ohio_Franklin=Deaths i: 115   5  31          . p:     643     408 e:  57.5 r:  41.6   
US_Ohio_Franklin=Deaths i: 116   6  32  5/18/2020 p:     632     408 e:  54.8 r:  43.4   
US_Ohio_Franklin=Deaths i: 117   7  33          . p:       0     408 e: -100.0 r:  47.3   
US_Ohio_Franklin=Deaths i: 118   8  34  5/20/2020 p:     844     408 e: 106.8 r:  49.0   
US_Ohio_Franklin=Deaths i: 119   9  35          . p:     811     408 e:  98.7 r:  50.2   
US_Ohio_Franklin=Deaths i: 120  10  36  5/22/2020 p:     867     408 e: 112.4 r:  52.7   
US_Ohio_Franklin=Deaths i: 121  11  37          . p:     844     408 e: 106.8 r:  54.9   
US_Ohio_Franklin=Deaths i: 122  12  38  5/24/2020 p:     900     408 e: 120.5 r:  55.9   
US_Ohio_Franklin=Deaths i: 123  13  39          . p:     900     408 e: 120.5 r:  58.1   
US_Ohio_Franklin=Deaths i: 124  14  40  5/26/2020 p:     878     408 e: 115.1 r:  58.5   
US_Ohio_Franklin=Deaths i: 125  15  41          . p:       0     408 e: -100.0 r:  59.5   
US_Ohio_Franklin=Deaths i: 126  16  42  5/28/2020 p:     317     408 e: -22.3 r:  62.0   
US_Ohio_Franklin=Deaths i: 127  17  43          . p:     844     408 e: 106.8 r:  62.7   
US_Ohio_Franklin=Deaths i: 128  18  44  5/30/2020 p:       0     408 e: -100.0 r:  63.7   
US_Ohio_Franklin=Deaths i: 129  19  45          . p:     301     408 e: -26.3 r:  64.2   
US_Ohio_Franklin=Deaths i: 130  20  46   6/1/2020 p:     655     408 e:  60.5 r:  66.4   
US_Ohio_Franklin=Deaths i: 131  21  47          . p:     632     408 e:  54.8 r:  68.3   
US_Ohio_Franklin=Deaths i: 132  22  48   6/3/2020 p:     397     408 e:  -2.7 r:  71.0 OK
US_Ohio_Franklin=Deaths i: 133  23  49          . p:     408     408 e:  -0.0 r:  71.8 OK
US_Ohio_Franklin=Deaths i: 134  24  50   6/5/2020 p:     408     408 e:  -0.0 r:  72.3 OK
US_Ohio_Franklin=Deaths i: 135  25  51          . p:     397     408 e:  -2.7 r:  72.8 OK
US_Ohio_Franklin=Deaths i: 136  26  52   6/7/2020 p:     564     408 e:  38.2 r:  73.2   
US_Ohio_Franklin=Deaths i: 137  27  53          . p:     303     408 e: -25.8 r:  73.5   
US_Ohio_Franklin=Deaths i: 138  28  54   6/9/2020 p:     369     408 e:  -9.6 r:  74.2 OK
