
  # Process COVID TAB data
p1= 11988 il= 138
p1= 8649 il= 137
p1= 8577 il= 136
p1= 8444 il= 135
p1= 8566 il= 134
US_Illinois_DuPage=Confirmed nl = 139, n1= 5 s1= 9244.8 s2= 87351953.2 SD= 1373.18103686295 frac%= 14.8535505025847
US_Illinois_DuPage=Confirmed i:  60  60   0  3/23/2020 p:     151    9244 e: -98.4 r:   1.0   
US_Illinois_DuPage=Confirmed i:  61  61   1          . p:     151    9244 e: -98.4 r:   1.1   
US_Illinois_DuPage=Confirmed i:  62  62   2  3/25/2020 p:     151    9244 e: -98.4 r:   1.4   
US_Illinois_DuPage=Confirmed i:  63  63   3          . p:     151    9244 e: -98.4 r:   1.4   
US_Illinois_DuPage=Confirmed i:  64  64   4  3/27/2020 p:       0    9244 e: -100.0 r:   2.2   
US_Illinois_DuPage=Confirmed i:  65  65   5          . p:   14112    9244 e:  52.6 r:   2.2   
US_Illinois_DuPage=Confirmed i:  67  67   7          . p:    5007    9244 e: -45.8 r:   3.5   
US_Illinois_DuPage=Confirmed i:  68  68   8  3/31/2020 p:     455    9244 e: -95.1 r:   3.9   
US_Illinois_DuPage=Confirmed i:  69  69   9          . p:     455    9244 e: -95.1 r:   4.2   
US_Illinois_DuPage=Confirmed i:  70  70  10   4/2/2020 p:     758    9244 e: -91.8 r:   4.8   
US_Illinois_DuPage=Confirmed i:  71  71  11          . p:     758    9244 e: -91.8 r:   5.4   
US_Illinois_DuPage=Confirmed i:  72  72  12   4/4/2020 p:    1062    9244 e: -88.5 r:   6.4   
US_Illinois_DuPage=Confirmed i:  73  73  13          . p:    1062    9244 e: -88.5 r:   7.1   
US_Illinois_DuPage=Confirmed i:  74  74  14   4/6/2020 p:    1365    9244 e: -85.2 r:   7.7   
US_Illinois_DuPage=Confirmed i:  75  75  15          . p:    1365    9244 e: -85.2 r:   8.6   
US_Illinois_DuPage=Confirmed i:  76  76  16   4/8/2020 p:    1525    9244 e: -83.5 r:   9.5   
US_Illinois_DuPage=Confirmed i:  77  77  17          . p:    1897    9244 e: -79.5 r:  10.2   
US_Illinois_DuPage=Confirmed i:  78  78  18  4/10/2020 p:    1778    9244 e: -80.8 r:  10.9   
US_Illinois_DuPage=Confirmed i:  79  79  19          . p:    1816    9244 e: -80.4 r:  11.3   
US_Illinois_DuPage=Confirmed i:  80  80  20  4/12/2020 p:    2219    9244 e: -76.0 r:  12.6   
US_Illinois_DuPage=Confirmed i:  81  81  21          . p:    2360    9244 e: -74.5 r:  13.2   
US_Illinois_DuPage=Confirmed i:  82  82  22  4/14/2020 p:    2579    9244 e: -72.1 r:  14.2   
US_Illinois_DuPage=Confirmed i:  83  83  23          . p:    2883    9244 e: -68.8 r:  15.0   
US_Illinois_DuPage=Confirmed i:  84  84  24  4/16/2020 p:    3100    9244 e: -66.5 r:  15.8   
US_Illinois_DuPage=Confirmed i:  85  85  25          . p:    3186    9244 e: -65.5 r:  16.9   
US_Illinois_DuPage=Confirmed i:  86  86  26  4/18/2020 p:    3490    9244 e: -62.2 r:  17.8   
US_Illinois_DuPage=Confirmed i:  87  87  27          . p:    3365    9244 e: -63.6 r:  18.3   
US_Illinois_DuPage=Confirmed i:  88  88  28  4/20/2020 p:    3379    9244 e: -63.4 r:  19.0   
US_Illinois_DuPage=Confirmed i:  89  89  29          . p:    3403    9244 e: -63.2 r:  20.2   
US_Illinois_DuPage=Confirmed i:  90  90  30  4/22/2020 p:    3490    9244 e: -62.2 r:  21.1   
US_Illinois_DuPage=Confirmed i:  91  91  31          . p:    3793    9244 e: -59.0 r:  22.1   
US_Illinois_DuPage=Confirmed i:  92  92  32  4/24/2020 p:    4097    9244 e: -55.7 r:  24.0   
US_Illinois_DuPage=Confirmed i:  93  93  33          . p:    4400    9244 e: -52.4 r:  25.0   
US_Illinois_DuPage=Confirmed i:  94  94  34  4/26/2020 p:    4704    9244 e: -49.1 r:  26.4   
US_Illinois_DuPage=Confirmed i:  95  95  35          . p:    5311    9244 e: -42.6 r:  28.4   
US_Illinois_DuPage=Confirmed i:  96  96  36  4/28/2020 p:    5614    9244 e: -39.3 r:  29.6   
US_Illinois_DuPage=Confirmed i:  97  97  37          . p:    5918    9244 e: -36.0 r:  31.0   
US_Illinois_DuPage=Confirmed i:  98  98  38  4/30/2020 p:    6525    9244 e: -29.4 r:  33.3   
US_Illinois_DuPage=Confirmed i:  99  99  39          . p:    7132    9244 e: -22.9 r:  35.2   
US_Illinois_DuPage=Confirmed i: 100 100  40   5/2/2020 p:    7739    9244 e: -16.3 r:  37.1   
US_Illinois_DuPage=Confirmed i: 101   0  41          . p:    8346    9244 e:  -9.7 r:  39.1 OK 1st
US_Illinois_DuPage=Confirmed i: 102   1  42   5/4/2020 p:    8953    9244 e:  -3.2 r:  41.1 OK
US_Illinois_DuPage=Confirmed i: 103   2  43          . p:    9560    9244 e:   3.4 r:  42.4 OK
US_Illinois_DuPage=Confirmed i: 104   3  44   5/6/2020 p:    9863    9244 e:   6.7 r:  43.9 OK
US_Illinois_DuPage=Confirmed i: 105   4  45          . p:   10167    9244 e:  10.0 r:  45.6 OK
US_Illinois_DuPage=Confirmed i: 106   5  46   5/8/2020 p:   10470    9244 e:  13.3 r:  47.3 OK
US_Illinois_DuPage=Confirmed i: 107   6  47          . p:   10774    9244 e:  16.5 r:  48.6   
US_Illinois_DuPage=Confirmed i: 108   7  48  5/10/2020 p:    6221    9244 e: -32.7 r:  49.8   
US_Illinois_DuPage=Confirmed i: 109   8  49          . p:    6525    9244 e: -29.4 r:  51.3   
US_Illinois_DuPage=Confirmed i: 110   9  50  5/12/2020 p:   11381    9244 e:  23.1 r:  55.4   
US_Illinois_DuPage=Confirmed i: 111  10  51          . p:   11684    9244 e:  26.4 r:  56.7   
US_Illinois_DuPage=Confirmed i: 112  11  52  5/14/2020 p:   12898    9244 e:  39.5 r:  59.0   
US_Illinois_DuPage=Confirmed i: 113  12  53          . p:   14416    9244 e:  55.9 r:  60.9   
US_Illinois_DuPage=Confirmed i: 114  13  54  5/16/2020 p:   14719    9244 e:  59.2 r:  62.5   
US_Illinois_DuPage=Confirmed i: 115  14  55          . p:   14112    9244 e:  52.6 r:  63.9   
US_Illinois_DuPage=Confirmed i: 116  15  56  5/18/2020 p:   13809    9244 e:  49.4 r:  65.7   
US_Illinois_DuPage=Confirmed i: 117  16  57          . p:   13339    9244 e:  44.3 r:  66.8   
US_Illinois_DuPage=Confirmed i: 118  17  58  5/20/2020 p:   12310    9244 e:  33.2 r:  68.2   
US_Illinois_DuPage=Confirmed i: 119  18  59          . p:   11988    9244 e:  29.7 r:  70.0   
US_Illinois_DuPage=Confirmed i: 120  19  60  5/22/2020 p:   12898    9244 e:  39.5 r:  72.9   
US_Illinois_DuPage=Confirmed i: 121  20  61          . p:   13202    9244 e:  42.8 r:  74.5   
US_Illinois_DuPage=Confirmed i: 122  21  62  5/24/2020 p:   13809    9244 e:  49.4 r:  76.4   
US_Illinois_DuPage=Confirmed i: 123  22  63          . p:   13809    9244 e:  49.4 r:  78.0   
US_Illinois_DuPage=Confirmed i: 124  23  64  5/26/2020 p:   13202    9244 e:  42.8 r:  78.9   
US_Illinois_DuPage=Confirmed i: 125  24  65          . p:   12880    9244 e:  39.3 r:  79.5   
US_Illinois_DuPage=Confirmed i: 126  25  66  5/28/2020 p:   12348    9244 e:  33.6 r:  80.7   
US_Illinois_DuPage=Confirmed i: 127  26  67          . p:   11929    9244 e:  29.0 r:  81.6   
US_Illinois_DuPage=Confirmed i: 128  27  68  5/30/2020 p:   11684    9244 e:  26.4 r:  82.4   
US_Illinois_DuPage=Confirmed i: 129  28  69          . p:   11077    9244 e:  19.8 r:  83.4   
US_Illinois_DuPage=Confirmed i: 130  29  70   6/1/2020 p:    8225    9244 e: -11.0 r:  84.0 OK
US_Illinois_DuPage=Confirmed i: 131  30  71          . p:    8202    9244 e: -11.3 r:  84.6 OK
US_Illinois_DuPage=Confirmed i: 132  31  72   6/3/2020 p:   13037    9244 e:  41.0 r:  85.4   
US_Illinois_DuPage=Confirmed i: 133  32  73          . p:    8548    9244 e:  -7.5 r:  85.9 OK
US_Illinois_DuPage=Confirmed i: 134  33  74   6/5/2020 p:    8566    9244 e:  -7.3 r:  86.5 OK
US_Illinois_DuPage=Confirmed i: 135  34  75          . p:    8444    9244 e:  -8.7 r:  87.0 OK
US_Illinois_DuPage=Confirmed i: 136  35  76   6/7/2020 p:    8577    9244 e:  -7.2 r:  87.7 OK
US_Illinois_DuPage=Confirmed i: 137  36  77          . p:    8649    9244 e:  -6.4 r:  88.2 OK
US_Illinois_DuPage=Confirmed i: 138  37  78   6/9/2020 p:   11988    9244 e:  29.7 r:  88.9   
