
  # Process COVID TAB data
p1= 1163 il= 138
p1= 1163 il= 137
p1= 1163 il= 136
p1= 1163 il= 135
p1= 1163 il= 134
Ukraine=Deaths nl = 139, n1= 5 s1= 1163 s2= 1352569 SD= 0 frac%= 0
Ukraine=Deaths i:  58  58 -11  3/21/2020 p:      14    1163 e: -98.8 r:   0.3   
Ukraine=Deaths i:  62  62  -7  3/25/2020 p:      15    1163 e: -98.7 r:   0.4   
Ukraine=Deaths i:  63  63  -6          . p:      15    1163 e: -98.7 r:   0.4   
Ukraine=Deaths i:  64  64  -5  3/27/2020 p:      15    1163 e: -98.7 r:   0.4   
Ukraine=Deaths i:  67  67  -2          . p:      45    1163 e: -96.1 r:   1.1   
Ukraine=Deaths i:  68  68  -1  3/31/2020 p:     105    1163 e: -91.0 r:   1.5   
Ukraine=Deaths i:  69  69   0          . p:      45    1163 e: -96.1 r:   1.7   
Ukraine=Deaths i:  70  70   1   4/2/2020 p:      45    1163 e: -96.1 r:   1.9   
Ukraine=Deaths i:  71  71   2          . p:      45    1163 e: -96.1 r:   2.3   
Ukraine=Deaths i:  72  72   3   4/4/2020 p:     317    1163 e: -72.7 r:   2.8   
Ukraine=Deaths i:  73  73   4          . p:     105    1163 e: -91.0 r:   3.2   
Ukraine=Deaths i:  74  74   5   4/6/2020 p:      75    1163 e: -93.6 r:   3.3   
Ukraine=Deaths i:  75  75   6          . p:     105    1163 e: -91.0 r:   3.9   
Ukraine=Deaths i:  76  76   7   4/8/2020 p:     226    1163 e: -80.6 r:   4.5   
Ukraine=Deaths i:  77  77   8          . p:     226    1163 e: -80.6 r:   4.9   
Ukraine=Deaths i:  78  78   9  4/10/2020 p:     256    1163 e: -78.0 r:   5.9   
Ukraine=Deaths i:  79  79  10          . p:     347    1163 e: -70.2 r:   6.3   
Ukraine=Deaths i:  80  80  11  4/12/2020 p:     317    1163 e: -72.7 r:   7.1   
Ukraine=Deaths i:  81  81  12          . p:     468    1163 e: -59.8 r:   8.0   
Ukraine=Deaths i:  82  82  13  4/14/2020 p:     377    1163 e: -67.6 r:   8.4   
Ukraine=Deaths i:  83  83  14          . p:     407    1163 e: -65.0 r:   9.3   
Ukraine=Deaths i:  84  84  15  4/16/2020 p:     619    1163 e: -46.8 r:  10.0   
Ukraine=Deaths i:  85  85  16          . p:     407    1163 e: -65.0 r:  10.7   
Ukraine=Deaths i:  86  86  17  4/18/2020 p:     256    1163 e: -78.0 r:  11.4   
Ukraine=Deaths i:  87  87  18          . p:     468    1163 e: -59.8 r:  12.1   
Ukraine=Deaths i:  88  88  19  4/20/2020 p:     407    1163 e: -65.0 r:  13.0   
Ukraine=Deaths i:  89  89  20          . p:     407    1163 e: -65.0 r:  13.8   
Ukraine=Deaths i:  90  90  21  4/22/2020 p:     468    1163 e: -59.8 r:  15.0   
Ukraine=Deaths i:  91  91  22          . p:     468    1163 e: -59.8 r:  16.1   
Ukraine=Deaths i:  92  92  23  4/24/2020 p:     589    1163 e: -49.4 r:  17.3   
Ukraine=Deaths i:  93  93  24          . p:     528    1163 e: -54.6 r:  17.3   
Ukraine=Deaths i:  94  94  25  4/26/2020 p:     489    1163 e: -58.0 r:  18.0   
Ukraine=Deaths i:  95  95  26          . p:     468    1163 e: -59.8 r:  18.9   
Ukraine=Deaths i:  96  96  27  4/28/2020 p:     528    1163 e: -54.6 r:  20.6   
Ukraine=Deaths i:  97  97  28          . p:     559    1163 e: -51.9 r:  21.5   
Ukraine=Deaths i:  98  98  29  4/30/2020 p:     589    1163 e: -49.4 r:  22.4   
Ukraine=Deaths i:  99  99  30          . p:     589    1163 e: -49.4 r:  23.4   
Ukraine=Deaths i: 100 100  31   5/2/2020 p:     589    1163 e: -49.4 r:  24.0   
Ukraine=Deaths i: 101 101  32          . p:     591    1163 e: -49.2 r:  24.8   
Ukraine=Deaths i: 102 102  33   5/4/2020 p:     589    1163 e: -49.4 r:  26.1   
Ukraine=Deaths i: 103 103  34          . p:     619    1163 e: -46.8 r:  27.2   
Ukraine=Deaths i: 104 104  35   5/6/2020 p:     589    1163 e: -49.4 r:  28.1   
Ukraine=Deaths i: 105 105  36          . p:     649    1163 e: -44.2 r:  29.2   
Ukraine=Deaths i: 106 106  37   5/8/2020 p:     619    1163 e: -46.8 r:  31.0   
Ukraine=Deaths i: 107 107  38          . p:     649    1163 e: -44.2 r:  32.3   
Ukraine=Deaths i: 108 108  39  5/10/2020 p:     679    1163 e: -41.6 r:  33.6   
Ukraine=Deaths i: 109 109  40          . p:     710    1163 e: -39.0 r:  35.1   
Ukraine=Deaths i: 110 110  41  5/12/2020 p:     740    1163 e: -36.4 r:  36.5   
Ukraine=Deaths i: 111 111  42          . p:     770    1163 e: -33.8 r:  37.7   
Ukraine=Deaths i: 112 112  43  5/14/2020 p:     800    1163 e: -31.2 r:  39.2   
Ukraine=Deaths i: 113 113  44          . p:     861    1163 e: -26.0 r:  40.9   
Ukraine=Deaths i: 114 114  45  5/16/2020 p:     891    1163 e: -23.4 r:  42.7   
Ukraine=Deaths i: 115 115  46          . p:     921    1163 e: -20.8 r:  44.2   
Ukraine=Deaths i: 116 116  47  5/18/2020 p:     982    1163 e: -15.6 r:  46.0   
Ukraine=Deaths i: 117   0  48          . p:    1012    1163 e: -13.0 r:  47.1 OK 1st
Ukraine=Deaths i: 118   1  49  5/20/2020 p:    1012    1163 e: -13.0 r:  48.5 OK
Ukraine=Deaths i: 119   2  50          . p:    1042    1163 e: -10.4 r:  49.8 OK
Ukraine=Deaths i: 120   3  51  5/22/2020 p:    1042    1163 e: -10.4 r:  50.6 OK
Ukraine=Deaths i: 121   4  52          . p:    1069    1163 e:  -8.1 r:  52.0 OK
Ukraine=Deaths i: 122   5  53  5/24/2020 p:    1121    1163 e:  -3.6 r:  53.1 OK
Ukraine=Deaths i: 123   6  54          . p:    1132    1163 e:  -2.7 r:  53.6 OK
Ukraine=Deaths i: 124   7  55  5/26/2020 p:    1103    1163 e:  -5.2 r:  55.4 OK
Ukraine=Deaths i: 125   8  56          . p:    1103    1163 e:  -5.2 r:  56.6 OK
Ukraine=Deaths i: 126   9  57  5/28/2020 p:    1103    1163 e:  -5.2 r:  57.5 OK
Ukraine=Deaths i: 127  10  58          . p:    1799    1163 e:  54.7 r:  58.4   
Ukraine=Deaths i: 128  11  59  5/30/2020 p:    1134    1163 e:  -2.5 r:  59.8 OK
Ukraine=Deaths i: 129  12  60          . p:    1163    1163 e:   0.0 r:  60.9 OK
Ukraine=Deaths i: 130  13  61   6/1/2020 p:    1163    1163 e:   0.0 r:  62.3 OK
Ukraine=Deaths i: 131  14  62          . p:    1163    1163 e:   0.0 r:  63.0 OK
Ukraine=Deaths i: 132  15  63   6/3/2020 p:    1140    1163 e:  -2.0 r:  63.8 OK
Ukraine=Deaths i: 133  16  64          . p:    1011    1163 e: -13.1 r:  64.9 OK
Ukraine=Deaths i: 134  17  65   6/5/2020 p:    1163    1163 e:   0.0 r:  66.2 OK
Ukraine=Deaths i: 135  18  66          . p:    1163    1163 e:   0.0 r:  67.5 OK
Ukraine=Deaths i: 136  19  67   6/7/2020 p:    1163    1163 e:   0.0 r:  68.4 OK
Ukraine=Deaths i: 137  20  68          . p:    1163    1163 e:   0.0 r:  69.2 OK
Ukraine=Deaths i: 138  21  69   6/9/2020 p:    1163    1163 e:   0.0 r:  70.3 OK
