
  # Process COVID TAB data
p1= 12636 il= 138
p1= 12636 il= 137
p1= 12636 il= 136
p1= 12636 il= 135
p1= 12636 il= 134
Denmark=Confirmed nl = 139, n1= 5 s1= 12636 s2= 159668496 SD= 0 frac%= 0
Denmark=Confirmed i:  42  42  -4   3/5/2020 p:     221   12636 e: -98.3 r:   0.1   
Denmark=Confirmed i:  43  43  -3          . p:   27711   12636 e: 119.3 r:   0.2   
Denmark=Confirmed i:  44  44  -2   3/7/2020 p:    2881   12636 e: -77.2 r:   0.2   
Denmark=Confirmed i:  45  45  -1          . p:    4655   12636 e: -63.2 r:   0.3   
Denmark=Confirmed i:  49  49   3          . p:    5098   12636 e: -59.7 r:   4.9   
Denmark=Confirmed i:  50  50   4  3/13/2020 p:    1108   12636 e: -91.2 r:   6.3   
Denmark=Confirmed i:  51  51   5          . p:    1108   12636 e: -91.2 r:   6.5   
Denmark=Confirmed i:  52  52   6  3/15/2020 p:    1108   12636 e: -91.2 r:   6.8   
Denmark=Confirmed i:  53  53   7          . p:    1108   12636 e: -91.2 r:   7.2   
Denmark=Confirmed i:  54  54   8  3/17/2020 p:    1108   12636 e: -91.2 r:   7.7   
Denmark=Confirmed i:  55  55   9          . p:    1108   12636 e: -91.2 r:   8.4   
Denmark=Confirmed i:  56  56  10  3/19/2020 p:    1551   12636 e: -87.7 r:   9.1   
Denmark=Confirmed i:  57  57  11          . p:    1551   12636 e: -87.7 r:   9.9   
Denmark=Confirmed i:  58  58  12  3/21/2020 p:    1551   12636 e: -87.7 r:  10.5   
Denmark=Confirmed i:  59  59  13          . p:    1551   12636 e: -87.7 r:  11.0   
Denmark=Confirmed i:  60  60  14  3/23/2020 p:    1551   12636 e: -87.7 r:  11.5   
Denmark=Confirmed i:  61  61  15          . p:    1995   12636 e: -84.2 r:  12.6   
Denmark=Confirmed i:  62  62  16  3/25/2020 p:    1995   12636 e: -84.2 r:  13.6   
Denmark=Confirmed i:  63  63  17          . p:    2438   12636 e: -80.7 r:  14.9   
Denmark=Confirmed i:  64  64  18  3/27/2020 p:    2438   12636 e: -80.7 r:  16.2   
Denmark=Confirmed i:  65  65  19          . p:    2881   12636 e: -77.2 r:  17.4   
Denmark=Confirmed i:  66  66  20  3/29/2020 p:    2881   12636 e: -77.2 r:  19.0   
Denmark=Confirmed i:  67  67  21          . p:    3325   12636 e: -73.7 r:  20.4   
Denmark=Confirmed i:  68  68  22  3/31/2020 p:    3768   12636 e: -70.2 r:  22.6   
Denmark=Confirmed i:  69  69  23          . p:    4212   12636 e: -66.7 r:  24.6   
Denmark=Confirmed i:  70  70  24   4/2/2020 p:    4655   12636 e: -63.2 r:  26.8   
Denmark=Confirmed i:  71  71  25          . p:    5098   12636 e: -59.7 r:  29.7   
Denmark=Confirmed i:  72  72  26   4/4/2020 p:    5985   12636 e: -52.6 r:  32.3   
Denmark=Confirmed i:  73  73  27          . p:    6429   12636 e: -49.1 r:  34.6   
Denmark=Confirmed i:  74  74  28   4/6/2020 p:    6872   12636 e: -45.6 r:  37.0   
Denmark=Confirmed i:  75  75  29          . p:    7759   12636 e: -38.6 r:  40.1   
Denmark=Confirmed i:  76  76  30   4/8/2020 p:    8202   12636 e: -35.1 r:  42.8   
Denmark=Confirmed i:  77  77  31          . p:    8645   12636 e: -31.6 r:  44.6   
Denmark=Confirmed i:  78  78  32  4/10/2020 p:    9089   12636 e: -28.1 r:  46.1   
Denmark=Confirmed i:  79  79  33          . p:    9089   12636 e: -28.1 r:  47.5   
Denmark=Confirmed i:  80  80  34  4/12/2020 p:    6872   12636 e: -45.6 r:  48.9   
Denmark=Confirmed i:  81  81  35          . p:    7315   12636 e: -42.1 r:  50.0   
Denmark=Confirmed i:  82  82  36  4/14/2020 p:    7315   12636 e: -42.1 r:  51.5   
Denmark=Confirmed i:  83  83  37          . p:    7759   12636 e: -38.6 r:  52.9   
Denmark=Confirmed i:  84  84  38  4/16/2020 p:    9532   12636 e: -24.6 r:  54.4   
Denmark=Confirmed i:  85  85  39          . p:    9976   12636 e: -21.1 r:  56.0   
Denmark=Confirmed i:  86  86  40  4/18/2020 p:    8645   12636 e: -31.6 r:  57.3   
Denmark=Confirmed i:  87  87  41          . p:    8740   12636 e: -30.8 r:  58.4   
Denmark=Confirmed i:  88  88  42  4/20/2020 p:    9862   12636 e: -22.0 r:  59.5   
Denmark=Confirmed i:  89  89  43          . p:   10025   12636 e: -20.7 r:  60.9   
Denmark=Confirmed i:  90  90  44  4/22/2020 p:    9532   12636 e: -24.6 r:  62.6   
Denmark=Confirmed i:  91  91  45          . p:   10419   12636 e: -17.5 r:  63.9   
Denmark=Confirmed i:  92  92  46  4/24/2020 p:   10419   12636 e: -17.5 r:  65.0   
Denmark=Confirmed i:  93  93  47          . p:   10419   12636 e: -17.5 r:  66.8   
Denmark=Confirmed i:  94  94  48  4/26/2020 p:   10419   12636 e: -17.5 r:  67.9   
Denmark=Confirmed i:  95  95  49          . p:   10552   12636 e: -16.5 r:  68.8   
Denmark=Confirmed i:  96  96  50  4/28/2020 p:   10641   12636 e: -15.8 r:  70.0   
Denmark=Confirmed i:  97   0  51          . p:   10757   12636 e: -14.9 r:  71.3 OK 1st
Denmark=Confirmed i:  98   1  52  4/30/2020 p:   10862   12636 e: -14.0 r:  72.5 OK
Denmark=Confirmed i:  99   2  53          . p:   10862   12636 e: -14.0 r:  73.7 OK
Denmark=Confirmed i: 100   3  54   5/2/2020 p:   11103   12636 e: -12.1 r:  74.4 OK
Denmark=Confirmed i: 101   4  55          . p:   11210   12636 e: -11.3 r:  75.4 OK
Denmark=Confirmed i: 102   5  56   5/4/2020 p:   11314   12636 e: -10.5 r:  76.5 OK
Denmark=Confirmed i: 103   6  57          . p:   11306   12636 e: -10.5 r:  77.7 OK
Denmark=Confirmed i: 104   7  58   5/6/2020 p:   11749   12636 e:  -7.0 r:  78.6 OK
Denmark=Confirmed i: 105   8  59          . p:   11749   12636 e:  -7.0 r:  79.8 OK
Denmark=Confirmed i: 106   9  60   5/8/2020 p:   11749   12636 e:  -7.0 r:  80.9 OK
Denmark=Confirmed i: 107  10  61          . p:   11909   12636 e:  -5.8 r:  81.7 OK
Denmark=Confirmed i: 108  11  62  5/10/2020 p:   11972   12636 e:  -5.3 r:  82.5 OK
Denmark=Confirmed i: 109  12  63          . p:   12150   12636 e:  -3.8 r:  83.2 OK
Denmark=Confirmed i: 110  13  64  5/12/2020 p:   12146   12636 e:  -3.9 r:  83.8 OK
Denmark=Confirmed i: 111  14  65          . p:   12095   12636 e:  -4.3 r:  84.4 OK
Denmark=Confirmed i: 112  15  66  5/14/2020 p:   12129   12636 e:  -4.0 r:  84.8 OK
Denmark=Confirmed i: 113  16  67          . p:   12144   12636 e:  -3.9 r:  85.4 OK
Denmark=Confirmed i: 114  17  68  5/16/2020 p:   12235   12636 e:  -3.2 r:  85.9 OK
Denmark=Confirmed i: 115  18  69          . p:   12192   12636 e:  -3.5 r:  86.5 OK
Denmark=Confirmed i: 116  19  70  5/18/2020 p:   12252   12636 e:  -3.0 r:  86.8 OK
Denmark=Confirmed i: 117  20  71          . p:   12224   12636 e:  -3.3 r:  87.4 OK
Denmark=Confirmed i: 118  21  72  5/20/2020 p:   12192   12636 e:  -3.5 r:  88.0 OK
Denmark=Confirmed i: 119  22  73          . p:   12192   12636 e:  -3.5 r:  88.5 OK
Denmark=Confirmed i: 120  23  74  5/22/2020 p:   12192   12636 e:  -3.5 r:  88.9 OK
Denmark=Confirmed i: 121  24  75          . p:   12228   12636 e:  -3.2 r:  89.3 OK
Denmark=Confirmed i: 122  25  76  5/24/2020 p:   12274   12636 e:  -2.9 r:  89.9 OK
Denmark=Confirmed i: 123  26  77          . p:   12247   12636 e:  -3.1 r:  90.1 OK
Denmark=Confirmed i: 124  27  78  5/26/2020 p:   12223   12636 e:  -3.3 r:  90.4 OK
Denmark=Confirmed i: 125  28  79          . p:   12252   12636 e:  -3.0 r:  90.9 OK
Denmark=Confirmed i: 126  29  80  5/28/2020 p:   12265   12636 e:  -2.9 r:  91.1 OK
Denmark=Confirmed i: 127  30  81          . p:   12192   12636 e:  -3.5 r:  91.7 OK
Denmark=Confirmed i: 128  31  82  5/30/2020 p:   12192   12636 e:  -3.5 r:  92.1 OK
Denmark=Confirmed i: 129  32  83          . p:   12192   12636 e:  -3.5 r:  92.3 OK
Denmark=Confirmed i: 130  33  84   6/1/2020 p:   12192   12636 e:  -3.5 r:  92.6 OK
Denmark=Confirmed i: 131  34  85          . p:   12382   12636 e:  -2.0 r:  92.9 OK
Denmark=Confirmed i: 132  35  86   6/3/2020 p:   12347   12636 e:  -2.3 r:  93.2 OK
Denmark=Confirmed i: 133  36  87          . p:   12636   12636 e:   0.0 r:  93.5 OK
Denmark=Confirmed i: 134  37  88   6/5/2020 p:   12636   12636 e:   0.0 r:  94.0 OK
Denmark=Confirmed i: 135  38  89          . p:   12636   12636 e:   0.0 r:  94.4 OK
Denmark=Confirmed i: 136  39  90   6/7/2020 p:   12636   12636 e:   0.0 r:  94.6 OK
Denmark=Confirmed i: 137  40  91          . p:   12636   12636 e:   0.0 r:  94.7 OK
Denmark=Confirmed i: 138  41  92   6/9/2020 p:   12636   12636 e:   0.0 r:  95.0 OK
