
  # Process COVID TAB data
p1= 659 il= 138
p1= 656 il= 137
p1= 656 il= 136
p1= 656 il= 135
p1= 656 il= 134
US_Pennsylvania_Delaware=Deaths nl = 139, n1= 5 s1= 656.6 s2= 431125 SD= 1.19999999997672 frac%= 0.182759671029046
US_Pennsylvania_Delaware=Deaths i:  69  69  -6          . p:     144     656 e: -78.1 r:   1.1   
US_Pennsylvania_Delaware=Deaths i:  70  70  -5   4/2/2020 p:     211     656 e: -67.9 r:   1.2   
US_Pennsylvania_Delaware=Deaths i:  72  72  -3   4/4/2020 p:       0     656 e: -100.0 r:   2.0   
US_Pennsylvania_Delaware=Deaths i:  73  73  -2          . p:      55     656 e: -91.6 r:   2.1   
US_Pennsylvania_Delaware=Deaths i:  74  74  -1   4/6/2020 p:      11     656 e: -98.3 r:   2.3   
US_Pennsylvania_Delaware=Deaths i:  75  75   0          . p:     144     656 e: -78.1 r:   3.0   
US_Pennsylvania_Delaware=Deaths i:  76  76   1   4/8/2020 p:     189     656 e: -71.2 r:   3.5   
US_Pennsylvania_Delaware=Deaths i:  77  77   2          . p:     189     656 e: -71.2 r:   4.0   
US_Pennsylvania_Delaware=Deaths i:  78  78   3  4/10/2020 p:      77     656 e: -88.3 r:   4.6   
US_Pennsylvania_Delaware=Deaths i:  79  79   4          . p:    1745     656 e: 165.8 r:   5.9   
US_Pennsylvania_Delaware=Deaths i:  80  80   5  4/12/2020 p:     789     656 e:  20.2 r:   5.9   
US_Pennsylvania_Delaware=Deaths i:  81  81   6          . p:      33     656 e: -95.0 r:   6.2   
US_Pennsylvania_Delaware=Deaths i:  82  82   7  4/14/2020 p:      51     656 e: -92.2 r:   7.0   
US_Pennsylvania_Delaware=Deaths i:  83   0   8          . p:     656     656 e:  -0.1 r:   9.1 OK 1st
US_Pennsylvania_Delaware=Deaths i:  84   1   9  4/16/2020 p:       0     656 e: -100.0 r:  10.8   
US_Pennsylvania_Delaware=Deaths i:  85   2  10          . p:    1567     656 e: 138.7 r:  11.1   
US_Pennsylvania_Delaware=Deaths i:  86   3  11  4/18/2020 p:      77     656 e: -88.3 r:  11.7   
US_Pennsylvania_Delaware=Deaths i:  87   4  12          . p:    1612     656 e: 145.5 r:  13.9   
US_Pennsylvania_Delaware=Deaths i:  88   5  13  4/20/2020 p:    1612     656 e: 145.5 r:  15.2   
US_Pennsylvania_Delaware=Deaths i:  89   6  14          . p:    1278     656 e:  94.6 r:  18.0   
US_Pennsylvania_Delaware=Deaths i:  90   7  15  4/22/2020 p:     433     656 e: -34.1 r:  18.7   
US_Pennsylvania_Delaware=Deaths i:  91   8  16          . p:       0     656 e: -100.0 r:  18.7   
US_Pennsylvania_Delaware=Deaths i:  92   9  17  4/24/2020 p:     136     656 e: -79.3 r:  19.6   
US_Pennsylvania_Delaware=Deaths i:  93  10  18          . p:     208     656 e: -68.3 r:  21.3   
US_Pennsylvania_Delaware=Deaths i:  94  11  19  4/26/2020 p:     166     656 e: -74.7 r:  21.5   
US_Pennsylvania_Delaware=Deaths i:  95  12  20          . p:     144     656 e: -78.1 r:  21.6   
US_Pennsylvania_Delaware=Deaths i:  96  13  21  4/28/2020 p:     233     656 e: -64.5 r:  24.5   
US_Pennsylvania_Delaware=Deaths i:  97  14  22          . p:    1098     656 e:  67.2 r:  34.1   
US_Pennsylvania_Delaware=Deaths i:  98  15  23  4/30/2020 p:    1501     656 e: 128.6 r:  35.8   
US_Pennsylvania_Delaware=Deaths i:  99  16  24          . p:       0     656 e: -100.0 r:  36.6   
US_Pennsylvania_Delaware=Deaths i: 100  17  25   5/2/2020 p:     268     656 e: -59.2 r:  38.8   
US_Pennsylvania_Delaware=Deaths i: 101  18  26          . p:     263     656 e: -59.9 r:  38.8   
US_Pennsylvania_Delaware=Deaths i: 102  19  27   5/4/2020 p:     259     656 e: -60.6 r:  39.3   
US_Pennsylvania_Delaware=Deaths i: 103  20  28          . p:       0     656 e: -100.0 r:  48.4   
US_Pennsylvania_Delaware=Deaths i: 104  21  29   5/6/2020 p:    1723     656 e: 162.4 r:  49.6   
US_Pennsylvania_Delaware=Deaths i: 105  22  30          . p:       0     656 e: -100.0 r:  57.3   
US_Pennsylvania_Delaware=Deaths i: 106  23  31   5/8/2020 p:       0     656 e: -100.0 r:  58.2   
US_Pennsylvania_Delaware=Deaths i: 107  24  32          . p:       0     656 e: -100.0 r:  60.0   
US_Pennsylvania_Delaware=Deaths i: 108  25  33  5/10/2020 p:     389     656 e: -40.8 r:  60.2   
US_Pennsylvania_Delaware=Deaths i: 109  26  34          . p:     411     656 e: -37.4 r:  60.8   
US_Pennsylvania_Delaware=Deaths i: 110  27  35  5/12/2020 p:     411     656 e: -37.4 r:  61.7   
US_Pennsylvania_Delaware=Deaths i: 111  28  36          . p:     442     656 e: -32.7 r:  63.8   
US_Pennsylvania_Delaware=Deaths i: 112  29  37  5/14/2020 p:    1669     656 e: 154.2 r:  68.2   
US_Pennsylvania_Delaware=Deaths i: 113  30  38          . p:    1612     656 e: 145.5 r:  71.0   
US_Pennsylvania_Delaware=Deaths i: 114  31  39  5/16/2020 p:     611     656 e:  -6.9 r:  72.8 OK
US_Pennsylvania_Delaware=Deaths i: 115  32  40          . p:    1345     656 e: 104.8 r:  72.8   
US_Pennsylvania_Delaware=Deaths i: 116  33  41  5/18/2020 p:     447     656 e: -31.9 r:  66.4   
US_Pennsylvania_Delaware=Deaths i: 117  34  42          . p:    1138     656 e:  73.3 r:  68.7   
US_Pennsylvania_Delaware=Deaths i: 118  35  43  5/20/2020 p:    1061     656 e:  61.6 r:  71.9   
US_Pennsylvania_Delaware=Deaths i: 119  36  44          . p:     994     656 e:  51.4 r:  73.3   
US_Pennsylvania_Delaware=Deaths i: 120  37  45  5/22/2020 p:     932     656 e:  41.9 r:  76.3   
US_Pennsylvania_Delaware=Deaths i: 121  38  46          . p:     572     656 e: -12.9 r:  78.1 OK
US_Pennsylvania_Delaware=Deaths i: 122  39  47  5/24/2020 p:     578     656 e: -12.0 r:  78.3 OK
US_Pennsylvania_Delaware=Deaths i: 123  40  48          . p:     518     656 e: -21.1 r:  78.3   
US_Pennsylvania_Delaware=Deaths i: 124  41  49  5/26/2020 p:     518     656 e: -21.1 r:  78.3   
US_Pennsylvania_Delaware=Deaths i: 125  42  50          . p:     576     656 e: -12.3 r:  81.0 OK
US_Pennsylvania_Delaware=Deaths i: 126  43  51  5/28/2020 p:     611     656 e:  -6.9 r:  82.9 OK
US_Pennsylvania_Delaware=Deaths i: 127  44  52          . p:     611     656 e:  -6.9 r:  83.8 OK
US_Pennsylvania_Delaware=Deaths i: 128  45  53  5/30/2020 p:     611     656 e:  -6.9 r:  85.0 OK
US_Pennsylvania_Delaware=Deaths i: 129  46  54          . p:     611     656 e:  -6.9 r:  85.0 OK
US_Pennsylvania_Delaware=Deaths i: 130  47  55   6/1/2020 p:     615     656 e:  -6.3 r:  85.1 OK
US_Pennsylvania_Delaware=Deaths i: 131  48  56          . p:     613     656 e:  -6.6 r:  86.4 OK
US_Pennsylvania_Delaware=Deaths i: 132  49  57   6/3/2020 p:     633     656 e:  -3.6 r:  87.7 OK
US_Pennsylvania_Delaware=Deaths i: 133  50  58          . p:     656     656 e:  -0.1 r:  88.9 OK
US_Pennsylvania_Delaware=Deaths i: 134  51  59   6/5/2020 p:     656     656 e:  -0.1 r:  90.0 OK
US_Pennsylvania_Delaware=Deaths i: 135  52  60          . p:     656     656 e:  -0.1 r:  90.8 OK
US_Pennsylvania_Delaware=Deaths i: 136  53  61   6/7/2020 p:     656     656 e:  -0.1 r:  90.9 OK
US_Pennsylvania_Delaware=Deaths i: 137  54  62          . p:     656     656 e:  -0.1 r:  90.9 OK
US_Pennsylvania_Delaware=Deaths i: 138  55  63   6/9/2020 p:     659     656 e:   0.4 r:  91.7 OK
