
  # Process COVID TAB data
p1= 17877 il= 138
p1= 17877 il= 137
p1= 17250 il= 136
p1= 17250 il= 135
p1= 17250 il= 134
Austria=Confirmed nl = 139, n1= 5 s1= 17500.8 s2= 306372351.6 SD= 307.166013745073 frac%= 1.75515412864025
Austria=Confirmed i:  40  40  -4   3/3/2020 p:     313   17500 e: -98.2 r:   0.1   
Austria=Confirmed i:  42  42  -2   3/5/2020 p:     313   17500 e: -98.2 r:   0.2   
Austria=Confirmed i:  43  43  -1          . p:     313   17500 e: -98.2 r:   0.3   
Austria=Confirmed i:  44  44   0   3/7/2020 p:     940   17500 e: -94.6 r:   0.5   
Austria=Confirmed i:  45  45   1          . p:     940   17500 e: -94.6 r:   0.6   
Austria=Confirmed i:  46  46   2   3/9/2020 p:    1568   17500 e: -91.0 r:   0.7   
Austria=Confirmed i:  47  47   3          . p:    4077   17500 e: -76.7 r:   1.0   
Austria=Confirmed i:  48  48   4  3/11/2020 p:   11604   17500 e: -33.7 r:   1.4   
Austria=Confirmed i:  49   0   5          . p:   17250   17500 e:  -1.4 r:   1.7 OK 1st
Austria=Confirmed i:  53   4   9          . p:    2822   17500 e: -83.9 r:   5.8   
Austria=Confirmed i:  54   5  10  3/17/2020 p:    5959   17500 e: -66.0 r:   7.6   
Austria=Confirmed i:  55   6  11          . p:    9095   17500 e: -48.0 r:   9.4   
Austria=Confirmed i:  56   7  12  3/19/2020 p:    9095   17500 e: -48.0 r:  11.5   
Austria=Confirmed i:  57   8  13          . p:   10977   17500 e: -37.3 r:  13.6   
Austria=Confirmed i:  58   9  14  3/21/2020 p:    9722   17500 e: -44.4 r:  16.1   
Austria=Confirmed i:  59  10  15          . p:   29168   17500 e:  66.7 r:  20.5   
Austria=Confirmed i:  60  11  16  3/23/2020 p:       0   17500 e: -100.0 r:  25.6   
Austria=Confirmed i:  61  12  17          . p:       0   17500 e: -100.0 r:  30.2   
Austria=Confirmed i:  62  13  18  3/25/2020 p:       0   17500 e: -100.0 r:  31.9   
Austria=Confirmed i:  63  14  19          . p:       0   17500 e: -100.0 r:  39.5   
Austria=Confirmed i:  64  15  20  3/27/2020 p:   23523   17500 e:  34.4 r:  43.8   
Austria=Confirmed i:  65  16  21          . p:       0   17500 e: -100.0 r:  47.3   
Austria=Confirmed i:  66  17  22  3/29/2020 p:   10350   17500 e: -40.9 r:  50.2   
Austria=Confirmed i:  67  18  23          . p:   14741   17500 e: -15.8 r:  55.0   
Austria=Confirmed i:  68  19  24  3/31/2020 p:   14741   17500 e: -15.8 r:  58.2   
Austria=Confirmed i:  69  20  25          . p:   14741   17500 e: -15.8 r:  61.2   
Austria=Confirmed i:  70  21  26   4/2/2020 p:   14594   17500 e: -16.6 r:  63.6   
Austria=Confirmed i:  71  22  27          . p:   14316   17500 e: -18.2 r:  65.8   
Austria=Confirmed i:  72  23  28   4/4/2020 p:   14073   17500 e: -19.6 r:  67.3   
Austria=Confirmed i:  73  24  29          . p:   13215   17500 e: -24.5 r:  68.9   
Austria=Confirmed i:  74  25  30   4/6/2020 p:   13435   17500 e: -23.2 r:  70.3   
Austria=Confirmed i:  75  26  31          . p:   13804   17500 e: -21.1 r:  72.2   
Austria=Confirmed i:  76  27  32   4/8/2020 p:   14114   17500 e: -19.4 r:  74.0   
Austria=Confirmed i:  77  28  33          . p:   14741   17500 e: -15.8 r:  75.7   
Austria=Confirmed i:  78  29  34  4/10/2020 p:   15368   17500 e: -12.2 r:  77.5 OK
Austria=Confirmed i:  79  30  35          . p:   15368   17500 e: -12.2 r:  78.9 OK
Austria=Confirmed i:  80  31  36  4/12/2020 p:   15173   17500 e: -13.3 r:  79.7 OK
Austria=Confirmed i:  81  32  37          . p:   15190   17500 e: -13.2 r:  80.2 OK
Austria=Confirmed i:  82  33  38  4/14/2020 p:   15184   17500 e: -13.2 r:  81.3 OK
Austria=Confirmed i:  83  34  39          . p:   15245   17500 e: -12.9 r:  81.9 OK
Austria=Confirmed i:  84  35  40  4/16/2020 p:   15368   17500 e: -12.2 r:  82.7 OK
Austria=Confirmed i:  85  36  41          . p:   15326   17500 e: -12.4 r:  83.4 OK
Austria=Confirmed i:  86  37  42  4/18/2020 p:   15391   17500 e: -12.1 r:  83.8 OK
Austria=Confirmed i:  87  38  43          . p:   15339   17500 e: -12.4 r:  84.3 OK
Austria=Confirmed i:  88  39  44  4/20/2020 p:   15352   17500 e: -12.3 r:  84.5 OK
Austria=Confirmed i:  89  40  45          . p:   15364   17500 e: -12.2 r:  85.0 OK
Austria=Confirmed i:  90  41  46  4/22/2020 p:   15375   17500 e: -12.1 r:  85.3 OK
Austria=Confirmed i:  91  42  47          . p:   15368   17500 e: -12.2 r:  85.7 OK
Austria=Confirmed i:  92  43  48  4/24/2020 p:   15368   17500 e: -12.2 r:  86.1 OK
Austria=Confirmed i:  93  44  49          . p:   15368   17500 e: -12.2 r:  86.6 OK
Austria=Confirmed i:  94  45  50  4/26/2020 p:   15368   17500 e: -12.2 r:  87.0 OK
Austria=Confirmed i:  95  46  51          . p:   15368   17500 e: -12.2 r:  87.3 OK
Austria=Confirmed i:  96  47  52  4/28/2020 p:   15368   17500 e: -12.2 r:  87.8 OK
Austria=Confirmed i:  97  48  53          . p:   15368   17500 e: -12.2 r:  88.0 OK
Austria=Confirmed i:  98  49  54  4/30/2020 p:   15642   17500 e: -10.6 r:  88.3 OK
Austria=Confirmed i:  99  50  55          . p:   15995   17500 e:  -8.6 r:  88.7 OK
Austria=Confirmed i: 100  51  56   5/2/2020 p:   15873   17500 e:  -9.3 r:  88.9 OK
Austria=Confirmed i: 101  52  57          . p:   15840   17500 e:  -9.5 r:  89.1 OK
Austria=Confirmed i: 102  53  58   5/4/2020 p:   15819   17500 e:  -9.6 r:  89.3 OK
Austria=Confirmed i: 103  54  59          . p:   15851   17500 e:  -9.4 r:  89.4 OK
Austria=Confirmed i: 104  55  60   5/6/2020 p:   15807   17500 e:  -9.7 r:  89.6 OK
Austria=Confirmed i: 105  56  61          . p:   15995   17500 e:  -8.6 r:  90.0 OK
Austria=Confirmed i: 106  57  62   5/8/2020 p:   15995   17500 e:  -8.6 r:  90.1 OK
Austria=Confirmed i: 107  58  63          . p:   15995   17500 e:  -8.6 r:  90.5 OK
Austria=Confirmed i: 108  59  64  5/10/2020 p:   15995   17500 e:  -8.6 r:  90.7 OK
Austria=Confirmed i: 109  60  65          . p:   15995   17500 e:  -8.6 r:  90.8 OK
Austria=Confirmed i: 110  61  66  5/12/2020 p:   16623   17500 e:  -5.0 r:  91.2 OK
Austria=Confirmed i: 111  62  67          . p:   16623   17500 e:  -5.0 r:  91.4 OK
Austria=Confirmed i: 112  63  68  5/14/2020 p:   16623   17500 e:  -5.0 r:  91.8 OK
Austria=Confirmed i: 113  64  69          . p:   16623   17500 e:  -5.0 r:  92.0 OK
Austria=Confirmed i: 114  65  70  5/16/2020 p:   16623   17500 e:  -5.0 r:  92.6 OK
Austria=Confirmed i: 115  66  71          . p:   16623   17500 e:  -5.0 r:  92.8 OK
Austria=Confirmed i: 116  67  72  5/18/2020 p:   16623   17500 e:  -5.0 r:  93.0 OK
Austria=Confirmed i: 117  68  73          . p:   16623   17500 e:  -5.0 r:  93.3 OK
Austria=Confirmed i: 118  69  74  5/20/2020 p:   16623   17500 e:  -5.0 r:  93.4 OK
Austria=Confirmed i: 119  70  75          . p:   16623   17500 e:  -5.0 r:  93.7 OK
Austria=Confirmed i: 120  71  76  5/22/2020 p:   16623   17500 e:  -5.0 r:  93.9 OK
Austria=Confirmed i: 121  72  77          . p:   17250   17500 e:  -1.4 r:  94.2 OK
Austria=Confirmed i: 122  73  78  5/24/2020 p:   17250   17500 e:  -1.4 r:  94.3 OK
Austria=Confirmed i: 123  74  79          . p:   17250   17500 e:  -1.4 r:  94.5 OK
Austria=Confirmed i: 124  75  80  5/26/2020 p:   17250   17500 e:  -1.4 r:  94.6 OK
Austria=Confirmed i: 125  76  81          . p:   16888   17500 e:  -3.5 r:  94.8 OK
Austria=Confirmed i: 126  77  82  5/28/2020 p:   17250   17500 e:  -1.4 r:  95.0 OK
Austria=Confirmed i: 127  78  83          . p:   17250   17500 e:  -1.4 r:  95.2 OK
Austria=Confirmed i: 128  79  84  5/30/2020 p:   17250   17500 e:  -1.4 r:  95.3 OK
Austria=Confirmed i: 129  80  85          . p:   17250   17500 e:  -1.4 r:  95.6 OK
Austria=Confirmed i: 130  81  86   6/1/2020 p:   17250   17500 e:  -1.4 r:  95.6 OK
Austria=Confirmed i: 131  82  87          . p:   17365   17500 e:  -0.8 r:  95.8 OK
Austria=Confirmed i: 132  83  88   6/3/2020 p:   17323   17500 e:  -1.0 r:  95.8 OK
Austria=Confirmed i: 133  84  89          . p:   17335   17500 e:  -0.9 r:  96.0 OK
Austria=Confirmed i: 134  85  90   6/5/2020 p:   17250   17500 e:  -1.4 r:  96.2 OK
Austria=Confirmed i: 135  86  91          . p:   17250   17500 e:  -1.4 r:  96.6 OK
Austria=Confirmed i: 136  87  92   6/7/2020 p:   17250   17500 e:  -1.4 r:  96.6 OK
Austria=Confirmed i: 137  88  93          . p:   17877   17500 e:   2.1 r:  97.0 OK
Austria=Confirmed i: 138  89  94   6/9/2020 p:   17877   17500 e:   2.1 r:  97.0 OK
