
  # Process COVID TAB data
p1= 17384 il= 138
p1= 17384 il= 137
p1= 17384 il= 136
p1= 17384 il= 135
p1= 17384 il= 134
Japan=Confirmed nl = 139, n1= 5 s1= 17384 s2= 302203456 SD= 0 frac%= 0
Japan=Confirmed i:   6   6 -22  1/29/2020 p:     316   17384 e: -98.2 r:   0.0   
Japan=Confirmed i:   7   7 -21          . p:     316   17384 e: -98.2 r:   0.1   
Japan=Confirmed i:   8   8 -20  1/31/2020 p:     316   17384 e: -98.2 r:   0.1   
Japan=Confirmed i:   9   9 -19          . p:     948   17384 e: -94.5 r:   0.1   
Japan=Confirmed i:  10  10 -18   2/2/2020 p:     316   17384 e: -98.2 r:   0.1   
Japan=Confirmed i:  11  11 -17          . p:     310   17384 e: -98.2 r:   0.1   
Japan=Confirmed i:  15  15 -13          . p:     316   17384 e: -98.2 r:   0.1   
Japan=Confirmed i:  16  16 -12   2/8/2020 p:     316   17384 e: -98.2 r:   0.1   
Japan=Confirmed i:  17  17 -11          . p:     316   17384 e: -98.2 r:   0.1   
Japan=Confirmed i:  18  18 -10  2/10/2020 p:     316   17384 e: -98.2 r:   0.1   
Japan=Confirmed i:  21  21  -7          . p:     316   17384 e: -98.2 r:   0.2   
Japan=Confirmed i:  22  22  -6  2/14/2020 p:     316   17384 e: -98.2 r:   0.2   
Japan=Confirmed i:  23  23  -5          . p:     316   17384 e: -98.2 r:   0.2   
Japan=Confirmed i:  24  24  -4  2/16/2020 p:     316   17384 e: -98.2 r:   0.3   
Japan=Confirmed i:  25  25  -3          . p:     316   17384 e: -98.2 r:   0.4   
Japan=Confirmed i:  26  26  -2  2/18/2020 p:     316   17384 e: -98.2 r:   0.4   
Japan=Confirmed i:  27  27  -1          . p:     316   17384 e: -98.2 r:   0.5   
Japan=Confirmed i:  28  28   0  2/20/2020 p:     316   17384 e: -98.2 r:   0.5   
Japan=Confirmed i:  29  29   1          . p:     316   17384 e: -98.2 r:   0.6   
Japan=Confirmed i:  30  30   2  2/22/2020 p:     316   17384 e: -98.2 r:   0.7   
Japan=Confirmed i:  31  31   3          . p:     316   17384 e: -98.2 r:   0.8   
Japan=Confirmed i:  32  32   4  2/24/2020 p:     316   17384 e: -98.2 r:   0.9   
Japan=Confirmed i:  33  33   5          . p:     316   17384 e: -98.2 r:   1.0   
Japan=Confirmed i:  34  34   6  2/26/2020 p:     316   17384 e: -98.2 r:   1.1   
Japan=Confirmed i:  35  35   7          . p:     316   17384 e: -98.2 r:   1.2   
Japan=Confirmed i:  36  36   8  2/28/2020 p:     948   17384 e: -94.5 r:   1.3   
Japan=Confirmed i:  37  37   9          . p:     316   17384 e: -98.2 r:   1.4   
Japan=Confirmed i:  38  38  10   3/1/2020 p:     316   17384 e: -98.2 r:   1.5   
Japan=Confirmed i:  39  39  11          . p:     316   17384 e: -98.2 r:   1.6   
Japan=Confirmed i:  40  40  12   3/3/2020 p:     316   17384 e: -98.2 r:   1.7   
Japan=Confirmed i:  41  41  13          . p:     948   17384 e: -94.5 r:   1.9   
Japan=Confirmed i:  42  42  14   3/5/2020 p:     948   17384 e: -94.5 r:   2.1   
Japan=Confirmed i:  43  43  15          . p:    1580   17384 e: -90.9 r:   2.4   
Japan=Confirmed i:  44  44  16   3/7/2020 p:    2212   17384 e: -87.3 r:   2.7   
Japan=Confirmed i:  45  45  17          . p:    2844   17384 e: -83.6 r:   2.9   
Japan=Confirmed i:  46  46  18   3/9/2020 p:    2844   17384 e: -83.6 r:   2.9   
Japan=Confirmed i:  47  47  19          . p:    3476   17384 e: -80.0 r:   3.3   
Japan=Confirmed i:  48  48  20  3/11/2020 p:    4741   17384 e: -72.7 r:   3.7   
Japan=Confirmed i:  49  49  21          . p:    4741   17384 e: -72.7 r:   3.9   
Japan=Confirmed i:  50  50  22  3/13/2020 p:    1580   17384 e: -90.9 r:   4.0   
Japan=Confirmed i:  51  51  23          . p:    2212   17384 e: -87.3 r:   4.4   
Japan=Confirmed i:  52  52  24  3/15/2020 p:    3476   17384 e: -80.0 r:   4.8   
Japan=Confirmed i:  53  53  25          . p:    2844   17384 e: -83.6 r:   4.9   
Japan=Confirmed i:  54  54  26  3/17/2020 p:    2212   17384 e: -87.3 r:   5.1   
Japan=Confirmed i:  55  55  27          . p:    1580   17384 e: -90.9 r:   5.1   
Japan=Confirmed i:  56  56  28  3/19/2020 p:    1580   17384 e: -90.9 r:   5.3   
Japan=Confirmed i:  57  57  29          . p:    1580   17384 e: -90.9 r:   5.5   
Japan=Confirmed i:  58  58  30  3/21/2020 p:    1580   17384 e: -90.9 r:   5.8   
Japan=Confirmed i:  59  59  31          . p:    1580   17384 e: -90.9 r:   6.3   
Japan=Confirmed i:  60  60  32  3/23/2020 p:    4109   17384 e: -76.4 r:   6.5   
Japan=Confirmed i:  61  61  33          . p:    2212   17384 e: -87.3 r:   6.9   
Japan=Confirmed i:  62  62  34  3/25/2020 p:    4741   17384 e: -72.7 r:   7.5   
Japan=Confirmed i:  63  63  35          . p:    5373   17384 e: -69.1 r:   8.0   
Japan=Confirmed i:  64  64  36  3/27/2020 p:    6005   17384 e: -65.5 r:   8.4   
Japan=Confirmed i:  65  65  37          . p:    8534   17384 e: -50.9 r:   9.7   
Japan=Confirmed i:  66  66  38  3/29/2020 p:    8534   17384 e: -50.9 r:  10.7   
Japan=Confirmed i:  67  67  39          . p:    9798   17384 e: -43.6 r:  11.0   
Japan=Confirmed i:  68  68  40  3/31/2020 p:   10430   17384 e: -40.0 r:  11.2   
Japan=Confirmed i:  69  69  41          . p:   12327   17384 e: -29.1 r:  12.5   
Japan=Confirmed i:  70   0  42   4/2/2020 p:   17384   17384 e:   0.0 r:  14.4 OK 1st
Japan=Confirmed i:  71   1  43          . p:   21177   17384 e:  21.8 r:  15.1   
Japan=Confirmed i:  72   2  44   4/4/2020 p:   33821   17384 e:  94.6 r:  18.1   
Japan=Confirmed i:  73   3  45          . p:       0   17384 e: -100.0 r:  19.5   
Japan=Confirmed i:  74   4  46   4/6/2020 p:       0   17384 e: -100.0 r:  21.0   
Japan=Confirmed i:  75   5  47          . p:    5373   17384 e: -69.1 r:  22.5   
Japan=Confirmed i:  76   6  48   4/8/2020 p:    7269   17384 e: -58.2 r:  24.5   
Japan=Confirmed i:  77   7  49          . p:   11695   17384 e: -32.7 r:  26.8   
Japan=Confirmed i:  81  11  53          . p:   19913   17384 e:  14.5 r:  42.4 OK
Japan=Confirmed i:  82  12  54  4/14/2020 p:    9166   17384 e: -47.3 r:  44.0   
Japan=Confirmed i:  83  13  55          . p:    9798   17384 e: -43.6 r:  46.6   
Japan=Confirmed i:  84  14  56  4/16/2020 p:   11062   17384 e: -36.4 r:  49.6   
Japan=Confirmed i:  85  15  57          . p:   24970   17384 e:  43.6 r:  56.3   
Japan=Confirmed i:  86  16  58  4/18/2020 p:   24970   17384 e:  43.6 r:  59.2   
Japan=Confirmed i:  87  17  59          . p:   23706   17384 e:  36.4 r:  62.1   
Japan=Confirmed i:  88  18  60  4/20/2020 p:   19913   17384 e:  14.5 r:  63.1 OK
Japan=Confirmed i:  89  19  61          . p:   11695   17384 e: -32.7 r:  64.1   
Japan=Confirmed i:  90  20  62  4/22/2020 p:   12327   17384 e: -29.1 r:  66.2   
Japan=Confirmed i:  91  21  63          . p:   17384   17384 e:   0.0 r:  71.1 OK
Japan=Confirmed i:  92  22  64  4/24/2020 p:   18016   17384 e:   3.6 r:  73.8 OK
Japan=Confirmed i:  93  23  65          . p:   18649   17384 e:   7.3 r:  76.1 OK
Japan=Confirmed i:  94  24  66  4/26/2020 p:   18016   17384 e:   3.6 r:  77.3 OK
Japan=Confirmed i:  95  25  67          . p:   17384   17384 e:   0.0 r:  78.2 OK
Japan=Confirmed i:  96  26  68  4/28/2020 p:   14223   17384 e: -18.2 r:  79.0   
Japan=Confirmed i:  97  27  69          . p:   16752   17384 e:  -3.6 r:  79.9 OK
Japan=Confirmed i:  98  28  70  4/30/2020 p:   15488   17384 e: -10.9 r:  81.0 OK
Japan=Confirmed i:  99  29  71          . p:   16120   17384 e:  -7.3 r:  82.3 OK
Japan=Confirmed i: 100  30  72   5/2/2020 p:   16120   17384 e:  -7.3 r:  83.8 OK
Japan=Confirmed i: 101  31  73          . p:   16752   17384 e:  -3.6 r:  85.6 OK
Japan=Confirmed i: 102  32  74   5/4/2020 p:   16752   17384 e:  -3.6 r:  86.7 OK
Japan=Confirmed i: 103  33  75          . p:   16752   17384 e:  -3.6 r:  87.7 OK
Japan=Confirmed i: 104  34  76   5/6/2020 p:   16752   17384 e:  -3.6 r:  88.4 OK
Japan=Confirmed i: 105  35  77          . p:   16752   17384 e:  -3.6 r:  89.0 OK
Japan=Confirmed i: 106  36  78   5/8/2020 p:   16752   17384 e:  -3.6 r:  89.6 OK
Japan=Confirmed i: 107  37  79          . p:   16752   17384 e:  -3.6 r:  90.1 OK
Japan=Confirmed i: 108  38  80  5/10/2020 p:   16752   17384 e:  -3.6 r:  90.8 OK
Japan=Confirmed i: 109  39  81          . p:   16752   17384 e:  -3.6 r:  91.2 OK
Japan=Confirmed i: 110  40  82  5/12/2020 p:   16752   17384 e:  -3.6 r:  91.9 OK
Japan=Confirmed i: 111  41  83          . p:   16752   17384 e:  -3.6 r:  92.3 OK
Japan=Confirmed i: 112  42  84  5/14/2020 p:   16752   17384 e:  -3.6 r:  92.7 OK
Japan=Confirmed i: 113  43  85          . p:   16752   17384 e:  -3.6 r:  93.2 OK
Japan=Confirmed i: 114  44  86  5/16/2020 p:   16752   17384 e:  -3.6 r:  93.4 OK
Japan=Confirmed i: 115  45  87          . p:   16752   17384 e:  -3.6 r:  93.7 OK
Japan=Confirmed i: 116  46  88  5/18/2020 p:   16752   17384 e:  -3.6 r:  93.8 OK
Japan=Confirmed i: 117  47  89          . p:   16752   17384 e:  -3.6 r:  94.1 OK
Japan=Confirmed i: 118  48  90  5/20/2020 p:   16752   17384 e:  -3.6 r:  94.3 OK
Japan=Confirmed i: 119  49  91          . p:   16752   17384 e:  -3.6 r:  94.5 OK
Japan=Confirmed i: 120  50  92  5/22/2020 p:   16752   17384 e:  -3.6 r:  95.0 OK
Japan=Confirmed i: 121  51  93          . p:   16752   17384 e:  -3.6 r:  95.1 OK
Japan=Confirmed i: 122  52  94  5/24/2020 p:   16752   17384 e:  -3.6 r:  95.2 OK
Japan=Confirmed i: 123  53  95          . p:   16752   17384 e:  -3.6 r:  95.4 OK
Japan=Confirmed i: 124  54  96  5/26/2020 p:   16752   17384 e:  -3.6 r:  95.6 OK
Japan=Confirmed i: 125  55  97          . p:   16752   17384 e:  -3.6 r:  95.8 OK
Japan=Confirmed i: 126  56  98  5/28/2020 p:   16969   17384 e:  -2.4 r:  95.5 OK
Japan=Confirmed i: 127  57  99          . p:   17131   17384 e:  -1.5 r:  95.9 OK
Japan=Confirmed i: 128  58 100  5/30/2020 p:   16752   17384 e:  -3.6 r:  96.2 OK
Japan=Confirmed i: 129  59 101          . p:   16752   17384 e:  -3.6 r:  96.4 OK
Japan=Confirmed i: 130  60 102   6/1/2020 p:   16752   17384 e:  -3.6 r:  96.6 OK
Japan=Confirmed i: 131  61 103          . p:   17384   17384 e:   0.0 r:  96.9 OK
Japan=Confirmed i: 132  62 104   6/3/2020 p:   17384   17384 e:   0.0 r:  97.0 OK
Japan=Confirmed i: 133  63 105          . p:   17384   17384 e:   0.0 r:  97.3 OK
Japan=Confirmed i: 134  64 106   6/5/2020 p:   17384   17384 e:   0.0 r:  97.5 OK
Japan=Confirmed i: 135  65 107          . p:   17384   17384 e:   0.0 r:  97.8 OK
Japan=Confirmed i: 136  66 108   6/7/2020 p:   17384   17384 e:   0.0 r:  98.0 OK
Japan=Confirmed i: 137  67 109          . p:   17384   17384 e:   0.0 r:  98.1 OK
Japan=Confirmed i: 138  68 110   6/9/2020 p:   17384   17384 e:   0.0 r:  98.4 OK
