
  # Process COVID TAB data
p1= 24484 il= 138
p1= 24561 il= 137
p1= 24778 il= 136
p1= 24898 il= 135
p1= 24561 il= 134
US_Massachusetts_Middlesex=Confirmed nl = 139, n1= 5 s1= 24656.4 s2= 607962277.2 SD= 155.615680443873 frac%= 0.631137069660911
US_Massachusetts_Middlesex=Confirmed i:  49  49  -6          . p:     417   24656 e: -98.3 r:   0.2   
US_Massachusetts_Middlesex=Confirmed i:  53  53  -2          . p:     415   24656 e: -98.3 r:   0.3   
US_Massachusetts_Middlesex=Confirmed i:  54  54  -1  3/17/2020 p:     441   24656 e: -98.2 r:   0.4   
US_Massachusetts_Middlesex=Confirmed i:  55  55   0          . p:     422   24656 e: -98.3 r:   0.4   
US_Massachusetts_Middlesex=Confirmed i:  56  56   1  3/19/2020 p:     422   24656 e: -98.3 r:   0.5   
US_Massachusetts_Middlesex=Confirmed i:  57  57   2          . p:     422   24656 e: -98.3 r:   0.6   
US_Massachusetts_Middlesex=Confirmed i:  58  58   3  3/21/2020 p:     422   24656 e: -98.3 r:   0.7   
US_Massachusetts_Middlesex=Confirmed i:  59  59   4          . p:     422   24656 e: -98.3 r:   0.8   
US_Massachusetts_Middlesex=Confirmed i:  60  60   5  3/23/2020 p:     422   24656 e: -98.3 r:   0.9   
US_Massachusetts_Middlesex=Confirmed i:  61  61   6          . p:     422   24656 e: -98.3 r:   1.2   
US_Massachusetts_Middlesex=Confirmed i:  62  62   7  3/25/2020 p:    2954   24656 e: -88.0 r:   1.8   
US_Massachusetts_Middlesex=Confirmed i:  63  63   8          . p:    7174   24656 e: -70.9 r:   2.2   
US_Massachusetts_Middlesex=Confirmed i:  64  64   9  3/27/2020 p:    3798   24656 e: -84.6 r:   2.8   
US_Massachusetts_Middlesex=Confirmed i:  65  65  10          . p:    3798   24656 e: -84.6 r:   3.4   
US_Massachusetts_Middlesex=Confirmed i:  66  66  11  3/29/2020 p:    2110   24656 e: -91.4 r:   4.0   
US_Massachusetts_Middlesex=Confirmed i:  67  67  12          . p:    2954   24656 e: -88.0 r:   4.6   
US_Massachusetts_Middlesex=Confirmed i:  68  68  13  3/31/2020 p:    3798   24656 e: -84.6 r:   5.4   
US_Massachusetts_Middlesex=Confirmed i:  69  69  14          . p:    5486   24656 e: -77.8 r:   6.4   
US_Massachusetts_Middlesex=Confirmed i:  70  70  15   4/2/2020 p:   29118   24656 e:  18.1 r:   7.6   
US_Massachusetts_Middlesex=Confirmed i:  71  71  16          . p:   12238   24656 e: -50.4 r:   8.9   
US_Massachusetts_Middlesex=Confirmed i:  72  72  17   4/4/2020 p:   13926   24656 e: -43.5 r:  10.0   
US_Massachusetts_Middlesex=Confirmed i:  73  73  18          . p:    3798   24656 e: -84.6 r:  10.7   
US_Massachusetts_Middlesex=Confirmed i:  74  74  19   4/6/2020 p:   11394   24656 e: -53.8 r:  12.0   
US_Massachusetts_Middlesex=Confirmed i:  75  75  20          . p:    9706   24656 e: -60.6 r:  12.9   
US_Massachusetts_Middlesex=Confirmed i:  76  76  21   4/8/2020 p:   10550   24656 e: -57.2 r:  14.4   
US_Massachusetts_Middlesex=Confirmed i:  77  77  22          . p:   12238   24656 e: -50.4 r:  16.4   
US_Massachusetts_Middlesex=Confirmed i:  78  78  23  4/10/2020 p:   17302   24656 e: -29.8 r:  18.0   
US_Massachusetts_Middlesex=Confirmed i:  79  79  24          . p:   15614   24656 e: -36.7 r:  19.8   
US_Massachusetts_Middlesex=Confirmed i:  80  80  25  4/12/2020 p:   20678   24656 e: -16.1 r:  23.0   
US_Massachusetts_Middlesex=Confirmed i:  81   0  26          . p:   22366   24656 e:  -9.3 r:  24.3 OK 1st
US_Massachusetts_Middlesex=Confirmed i:  82   1  27  4/14/2020 p:   22366   24656 e:  -9.3 r:  25.4 OK
US_Massachusetts_Middlesex=Confirmed i:  83   2  28          . p:   24054   24656 e:  -2.4 r:  27.1 OK
US_Massachusetts_Middlesex=Confirmed i:  84   3  29  4/16/2020 p:   11280   24656 e: -54.3 r:  29.2   
US_Massachusetts_Middlesex=Confirmed i:  85   4  30          . p:   13926   24656 e: -43.5 r:  31.4   
US_Massachusetts_Middlesex=Confirmed i:  86   5  31  4/18/2020 p:   29118   24656 e:  18.1 r:  33.7   
US_Massachusetts_Middlesex=Confirmed i:  87   6  32          . p:   19834   24656 e: -19.6 r:  35.4   
US_Massachusetts_Middlesex=Confirmed i:  88   7  33  4/20/2020 p:   27430   24656 e:  11.2 r:  37.2 OK
US_Massachusetts_Middlesex=Confirmed i:  89   8  34          . p:   26047   24656 e:   5.6 r:  39.0 OK
US_Massachusetts_Middlesex=Confirmed i:  90   9  35  4/22/2020 p:   25521   24656 e:   3.5 r:  40.9 OK
US_Massachusetts_Middlesex=Confirmed i:  91  10  36          . p:   25742   24656 e:   4.4 r:  43.5 OK
US_Massachusetts_Middlesex=Confirmed i:  92  11  37  4/24/2020 p:   29118   24656 e:  18.1 r:  47.4   
US_Massachusetts_Middlesex=Confirmed i:  93  12  38          . p:   30806   24656 e:  24.9 r:  49.7   
US_Massachusetts_Middlesex=Confirmed i:  94  13  39  4/26/2020 p:   31650   24656 e:  28.4 r:  51.3   
US_Massachusetts_Middlesex=Confirmed i:  95  14  40          . p:   30806   24656 e:  24.9 r:  52.5   
US_Massachusetts_Middlesex=Confirmed i:  96  15  41  4/28/2020 p:   29378   24656 e:  19.1 r:  54.4   
US_Massachusetts_Middlesex=Confirmed i:  97  16  42          . p:   27147   24656 e:  10.1 r:  56.0 OK
US_Massachusetts_Middlesex=Confirmed i:  98  17  43  4/30/2020 p:   28274   24656 e:  14.7 r:  57.6 OK
US_Massachusetts_Middlesex=Confirmed i:  99  18  44          . p:   26586   24656 e:   7.8 r:  59.2 OK
US_Massachusetts_Middlesex=Confirmed i: 100  19  45   5/2/2020 p:   27430   24656 e:  11.2 r:  61.0 OK
US_Massachusetts_Middlesex=Confirmed i: 101  20  46          . p:   26575   24656 e:   7.8 r:  62.3 OK
US_Massachusetts_Middlesex=Confirmed i: 102  21  47   5/4/2020 p:   25823   24656 e:   4.7 r:  63.9 OK
US_Massachusetts_Middlesex=Confirmed i: 103  22  48          . p:   25182   24656 e:   2.1 r:  64.8 OK
US_Massachusetts_Middlesex=Confirmed i: 104  23  49   5/6/2020 p:   25055   24656 e:   1.6 r:  66.2 OK
US_Massachusetts_Middlesex=Confirmed i: 105  24  50          . p:   24548   24656 e:  -0.4 r:  67.6 OK
US_Massachusetts_Middlesex=Confirmed i: 106  25  51   5/8/2020 p:   24898   24656 e:   1.0 r:  69.0 OK
US_Massachusetts_Middlesex=Confirmed i: 107  26  52          . p:   24054   24656 e:  -2.4 r:  70.2 OK
US_Massachusetts_Middlesex=Confirmed i: 108  27  53  5/10/2020 p:   24032   24656 e:  -2.5 r:  71.3 OK
US_Massachusetts_Middlesex=Confirmed i: 109  28  54          . p:   22583   24656 e:  -8.4 r:  72.1 OK
US_Massachusetts_Middlesex=Confirmed i: 110  29  55  5/12/2020 p:   23760   24656 e:  -3.6 r:  72.8 OK
US_Massachusetts_Middlesex=Confirmed i: 111  30  56          . p:   21245   24656 e: -13.8 r:  73.8 OK
US_Massachusetts_Middlesex=Confirmed i: 112  31  57  5/14/2020 p:   23321   24656 e:  -5.4 r:  74.5 OK
US_Massachusetts_Middlesex=Confirmed i: 113  32  58          . p:   21522   24656 e: -12.7 r:  75.8 OK
US_Massachusetts_Middlesex=Confirmed i: 114  33  59  5/16/2020 p:   22366   24656 e:  -9.3 r:  76.6 OK
US_Massachusetts_Middlesex=Confirmed i: 115  34  60          . p:   22366   24656 e:  -9.3 r:  77.6 OK
US_Massachusetts_Middlesex=Confirmed i: 116  35  61  5/18/2020 p:   22366   24656 e:  -9.3 r:  78.5 OK
US_Massachusetts_Middlesex=Confirmed i: 117  36  62          . p:   23210   24656 e:  -5.9 r:  79.1 OK
US_Massachusetts_Middlesex=Confirmed i: 118  37  63  5/20/2020 p:   22881   24656 e:  -7.2 r:  79.9 OK
US_Massachusetts_Middlesex=Confirmed i: 119  38  64          . p:   22353   24656 e:  -9.3 r:  80.8 OK
US_Massachusetts_Middlesex=Confirmed i: 120  39  65  5/22/2020 p:   22353   24656 e:  -9.3 r:  81.5 OK
US_Massachusetts_Middlesex=Confirmed i: 121  40  66          . p:   22585   24656 e:  -8.4 r:  82.1 OK
US_Massachusetts_Middlesex=Confirmed i: 122  41  67  5/24/2020 p:   22627   24656 e:  -8.2 r:  82.9 OK
US_Massachusetts_Middlesex=Confirmed i: 123  42  68          . p:   23014   24656 e:  -6.7 r:  83.3 OK
US_Massachusetts_Middlesex=Confirmed i: 124  43  69  5/26/2020 p:   22619   24656 e:  -8.3 r:  83.6 OK
US_Massachusetts_Middlesex=Confirmed i: 125  44  70          . p:   22647   24656 e:  -8.1 r:  84.0 OK
US_Massachusetts_Middlesex=Confirmed i: 126  45  71  5/28/2020 p:   22885   24656 e:  -7.2 r:  84.6 OK
US_Massachusetts_Middlesex=Confirmed i: 127  46  72          . p:   23210   24656 e:  -5.9 r:  85.1 OK
US_Massachusetts_Middlesex=Confirmed i: 128  47  73  5/30/2020 p:   23210   24656 e:  -5.9 r:  85.7 OK
US_Massachusetts_Middlesex=Confirmed i: 129  48  74          . p:   23210   24656 e:  -5.9 r:  86.3 OK
US_Massachusetts_Middlesex=Confirmed i: 130  49  75   6/1/2020 p:   23835   24656 e:  -3.3 r:  90.1 OK
US_Massachusetts_Middlesex=Confirmed i: 131  50  76          . p:   24075   24656 e:  -2.4 r:  90.4 OK
US_Massachusetts_Middlesex=Confirmed i: 132  51  77   6/3/2020 p:   24317   24656 e:  -1.4 r:  90.9 OK
US_Massachusetts_Middlesex=Confirmed i: 133  52  78          . p:   24317   24656 e:  -1.4 r:  91.2 OK
US_Massachusetts_Middlesex=Confirmed i: 134  53  79   6/5/2020 p:   24561   24656 e:  -0.4 r:  91.6 OK
US_Massachusetts_Middlesex=Confirmed i: 135  54  80          . p:   24898   24656 e:   1.0 r:  92.0 OK
US_Massachusetts_Middlesex=Confirmed i: 136  55  81   6/7/2020 p:   24778   24656 e:   0.5 r:  92.3 OK
US_Massachusetts_Middlesex=Confirmed i: 137  56  82          . p:   24561   24656 e:  -0.4 r:  92.5 OK
US_Massachusetts_Middlesex=Confirmed i: 138  57  83   6/9/2020 p:   24484   24656 e:  -0.7 r:  92.7 OK
