
  # Process COVID TAB data
p1= 1389 il= 138
p1= 1388 il= 137
p1= 1388 il= 136
p1= 1388 il= 135
p1= 1403 il= 134
US_Connecticut_Fairfield=Deaths nl = 139, n1= 5 s1= 1391.2 s2= 1935472.4 SD= 5.91269819961495 frac%= 0.425007058626722
US_Connecticut_Fairfield=Deaths i:  61  61  -4          . p:      24    1391 e: -98.3 r:   0.5   
US_Connecticut_Fairfield=Deaths i:  62  62  -3  3/25/2020 p:      73    1391 e: -94.8 r:   0.9   
US_Connecticut_Fairfield=Deaths i:  63  63  -2          . p:      73    1391 e: -94.8 r:   0.9   
US_Connecticut_Fairfield=Deaths i:  64  64  -1  3/27/2020 p:      24    1391 e: -98.3 r:   1.1   
US_Connecticut_Fairfield=Deaths i:  65  65   0          . p:      73    1391 e: -94.8 r:   1.4   
US_Connecticut_Fairfield=Deaths i:  66  66   1  3/29/2020 p:      24    1391 e: -98.3 r:   1.5   
US_Connecticut_Fairfield=Deaths i:  67  67   2          . p:      24    1391 e: -98.3 r:   1.5   
US_Connecticut_Fairfield=Deaths i:  71  71   6          . p:     219    1391 e: -84.3 r:   5.4   
US_Connecticut_Fairfield=Deaths i:  72  72   7   4/4/2020 p:     121    1391 e: -91.3 r:   6.2   
US_Connecticut_Fairfield=Deaths i:  73  73   8          . p:     121    1391 e: -91.3 r:   6.9   
US_Connecticut_Fairfield=Deaths i:  74  74   9   4/6/2020 p:     121    1391 e: -91.3 r:   7.3   
US_Connecticut_Fairfield=Deaths i:  75  75  10          . p:     365    1391 e: -73.8 r:   9.5   
US_Connecticut_Fairfield=Deaths i:  76  76  11   4/8/2020 p:     268    1391 e: -80.7 r:   9.5   
US_Connecticut_Fairfield=Deaths i:  77  77  12          . p:       0    1391 e: -100.0 r:  12.8   
US_Connecticut_Fairfield=Deaths i:  78  78  13  4/10/2020 p:     998    1391 e: -28.3 r:  14.6   
US_Connecticut_Fairfield=Deaths i:  79  79  14          . p:     365    1391 e: -73.8 r:  15.8   
US_Connecticut_Fairfield=Deaths i:  80  80  15  4/12/2020 p:    1145    1391 e: -17.7 r:  17.8   
US_Connecticut_Fairfield=Deaths i:  81   0  16          . p:    1534    1391 e:  10.3 r:  18.8 OK 1st
US_Connecticut_Fairfield=Deaths i:  82   1  17  4/14/2020 p:     414    1391 e: -70.2 r:  20.6   
US_Connecticut_Fairfield=Deaths i:  83   2  18          . p:    3094    1391 e: 122.4 r:  26.2   
US_Connecticut_Fairfield=Deaths i:  84   3  19  4/16/2020 p:    2071    1391 e:  48.9 r:  29.2   
US_Connecticut_Fairfield=Deaths i:  85   4  20          . p:    2119    1391 e:  52.3 r:  30.5   
US_Connecticut_Fairfield=Deaths i:  86   5  21  4/18/2020 p:     445    1391 e: -68.0 r:  31.1   
US_Connecticut_Fairfield=Deaths i:  87   6  22          . p:     454    1391 e: -67.4 r:  32.1   
US_Connecticut_Fairfield=Deaths i:  88   7  23  4/20/2020 p:    1467    1391 e:   5.4 r:  36.8 OK
US_Connecticut_Fairfield=Deaths i:  89   8  24          . p:    1687    1391 e:  21.3 r:  39.1   
US_Connecticut_Fairfield=Deaths i:  90   9  25  4/22/2020 p:    1681    1391 e:  20.8 r:  42.0   
US_Connecticut_Fairfield=Deaths i:  91  10  26          . p:    1291    1391 e:  -7.2 r:  44.2 OK
US_Connecticut_Fairfield=Deaths i:  92  11  27  4/24/2020 p:    1437    1391 e:   3.3 r:  47.6 OK
US_Connecticut_Fairfield=Deaths i:  93  12  28          . p:    1437    1391 e:   3.3 r:  49.5 OK
US_Connecticut_Fairfield=Deaths i:  94  13  29  4/26/2020 p:    1196    1391 e: -14.0 r:  50.8 OK
US_Connecticut_Fairfield=Deaths i:  95  14  30          . p:     787    1391 e: -43.4 r:  52.3   
US_Connecticut_Fairfield=Deaths i:  96  15  31  4/28/2020 p:    1221    1391 e: -12.2 r:  53.7 OK
US_Connecticut_Fairfield=Deaths i:  97  16  32          . p:     894    1391 e: -35.7 r:  55.6   
US_Connecticut_Fairfield=Deaths i:  98  17  33  4/30/2020 p:    1047    1391 e: -24.7 r:  58.2   
US_Connecticut_Fairfield=Deaths i:  99  18  34          . p:    1193    1391 e: -14.2 r:  60.3 OK
US_Connecticut_Fairfield=Deaths i: 100  19  35   5/2/2020 p:    1145    1391 e: -17.7 r:  62.2   
US_Connecticut_Fairfield=Deaths i: 101  20  36          . p:    1145    1391 e: -17.7 r:  62.2   
US_Connecticut_Fairfield=Deaths i: 102  21  37   5/4/2020 p:    1193    1391 e: -14.2 r:  65.4 OK
US_Connecticut_Fairfield=Deaths i: 103  22  38          . p:    1242    1391 e: -10.7 r:  67.2 OK
US_Connecticut_Fairfield=Deaths i: 104  23  39   5/6/2020 p:    1242    1391 e: -10.7 r:  68.4 OK
US_Connecticut_Fairfield=Deaths i: 105  24  40          . p:    1265    1391 e:  -9.1 r:  70.2 OK
US_Connecticut_Fairfield=Deaths i: 106  25  41   5/8/2020 p:    1341    1391 e:  -3.6 r:  72.3 OK
US_Connecticut_Fairfield=Deaths i: 107  26  42          . p:    1300    1391 e:  -6.6 r:  73.1 OK
US_Connecticut_Fairfield=Deaths i: 108  27  43  5/10/2020 p:    1294    1391 e:  -7.0 r:  73.6 OK
US_Connecticut_Fairfield=Deaths i: 109  28  44          . p:    1278    1391 e:  -8.1 r:  74.3 OK
US_Connecticut_Fairfield=Deaths i: 110  29  45  5/12/2020 p:    1269    1391 e:  -8.8 r:  75.2 OK
US_Connecticut_Fairfield=Deaths i: 111  30  46          . p:    1291    1391 e:  -7.2 r:  76.8 OK
US_Connecticut_Fairfield=Deaths i: 112  31  47  5/14/2020 p:    1291    1391 e:  -7.2 r:  78.6 OK
US_Connecticut_Fairfield=Deaths i: 113  32  48          . p:    1340    1391 e:  -3.7 r:  79.7 OK
US_Connecticut_Fairfield=Deaths i: 114  33  49  5/16/2020 p:    1340    1391 e:  -3.7 r:  80.9 OK
US_Connecticut_Fairfield=Deaths i: 115  34  50          . p:    1340    1391 e:  -3.7 r:  82.4 OK
US_Connecticut_Fairfield=Deaths i: 116  35  51  5/18/2020 p:    1340    1391 e:  -3.7 r:  82.9 OK
US_Connecticut_Fairfield=Deaths i: 117  36  52          . p:    1340    1391 e:  -3.7 r:  83.4 OK
US_Connecticut_Fairfield=Deaths i: 118  37  53  5/20/2020 p:    1331    1391 e:  -4.3 r:  83.9 OK
US_Connecticut_Fairfield=Deaths i: 119  38  54          . p:    1329    1391 e:  -4.5 r:  84.8 OK
US_Connecticut_Fairfield=Deaths i: 120  39  55  5/22/2020 p:    1340    1391 e:  -3.7 r:  85.9 OK
US_Connecticut_Fairfield=Deaths i: 121  40  56          . p:    1340    1391 e:  -3.7 r:  86.8 OK
US_Connecticut_Fairfield=Deaths i: 122  41  57  5/24/2020 p:    1340    1391 e:  -3.7 r:  87.3 OK
US_Connecticut_Fairfield=Deaths i: 123  42  58          . p:    1340    1391 e:  -3.7 r:  87.8 OK
US_Connecticut_Fairfield=Deaths i: 124  43  59  5/26/2020 p:    1340    1391 e:  -3.7 r:  88.5 OK
US_Connecticut_Fairfield=Deaths i: 125  44  60          . p:    1363    1391 e:  -2.0 r:  89.3 OK
US_Connecticut_Fairfield=Deaths i: 126  45  61  5/28/2020 p:    1388    1391 e:  -0.2 r:  89.6 OK
US_Connecticut_Fairfield=Deaths i: 127  46  62          . p:    1388    1391 e:  -0.2 r:  90.4 OK
US_Connecticut_Fairfield=Deaths i: 128  47  63  5/30/2020 p:    1388    1391 e:  -0.2 r:  91.1 OK
US_Connecticut_Fairfield=Deaths i: 129  48  64          . p:    1388    1391 e:  -0.2 r:  91.8 OK
US_Connecticut_Fairfield=Deaths i: 130  49  65   6/1/2020 p:    1388    1391 e:  -0.2 r:  92.2 OK
US_Connecticut_Fairfield=Deaths i: 131  50  66          . p:    1369    1391 e:  -1.6 r:  92.5 OK
US_Connecticut_Fairfield=Deaths i: 132  51  67   6/3/2020 p:    1372    1391 e:  -1.4 r:  92.7 OK
US_Connecticut_Fairfield=Deaths i: 133  52  68          . p:    1374    1391 e:  -1.2 r:  92.9 OK
US_Connecticut_Fairfield=Deaths i: 134  53  69   6/5/2020 p:    1403    1391 e:   0.8 r:  93.7 OK
US_Connecticut_Fairfield=Deaths i: 135  54  70          . p:    1388    1391 e:  -0.2 r:  94.1 OK
US_Connecticut_Fairfield=Deaths i: 136  55  71   6/7/2020 p:    1388    1391 e:  -0.2 r:  94.3 OK
US_Connecticut_Fairfield=Deaths i: 137  56  72          . p:    1388    1391 e:  -0.2 r:  94.6 OK
US_Connecticut_Fairfield=Deaths i: 138  57  73   6/9/2020 p:    1389    1391 e:  -0.2 r:  94.8 OK
