
  # Process COVID TAB data
p1= 1007 il= 138
p1= 1007 il= 137
p1= 1007 il= 136
p1= 1007 il= 135
p1= 1007 il= 134
Italy_Marche=Deaths nl = 139, n1= 5 s1= 1007 s2= 1014049 SD= 0 frac%= 0
Italy_Marche=Deaths i:  46  46  -2   3/9/2020 p:      18    1007 e: -98.2 r:   1.0   
Italy_Marche=Deaths i:  47  47  -1          . p:      54    1007 e: -94.6 r:   1.3   
Italy_Marche=Deaths i:  48  48   0  3/11/2020 p:     274    1007 e: -72.8 r:   1.8   
Italy_Marche=Deaths i:  49  49   1          . p:     494    1007 e: -50.9 r:   2.2   
Italy_Marche=Deaths i:  50  50   2  3/13/2020 p:      91    1007 e: -91.0 r:   2.7   
Italy_Marche=Deaths i:  51  51   3          . p:     751    1007 e: -25.4 r:   3.6   
Italy_Marche=Deaths i:  52  52   4  3/15/2020 p:       0    1007 e: -100.0 r:   4.6   
Italy_Marche=Deaths i:  53  53   5          . p:       0    1007 e: -100.0 r:   5.7   
Italy_Marche=Deaths i:  54  54   6  3/17/2020 p:    1410    1007 e:  40.0 r:   6.9   
Italy_Marche=Deaths i:  58  58  10  3/21/2020 p:     311    1007 e: -69.1 r:  15.3   
Italy_Marche=Deaths i:  59  59  11          . p:     384    1007 e: -61.9 r:  18.3   
Italy_Marche=Deaths i:  60  60  12  3/23/2020 p:     458    1007 e: -54.5 r:  20.2   
Italy_Marche=Deaths i:  61  61  13          . p:     604    1007 e: -40.0 r:  22.9   
Italy_Marche=Deaths i:  62  62  14  3/25/2020 p:    1777    1007 e:  76.5 r:  28.5   
Italy_Marche=Deaths i:  63  63  15          . p:    1667    1007 e:  65.5 r:  30.8   
Italy_Marche=Deaths i:  64  64  16  3/27/2020 p:    1410    1007 e:  40.0 r:  33.4   
Italy_Marche=Deaths i:  65  65  17          . p:    1630    1007 e:  61.9 r:  36.1   
Italy_Marche=Deaths i:  66   0  18  3/29/2020 p:     882    1007 e: -12.4 r:  38.3 OK 1st
Italy_Marche=Deaths i:  67   1  19          . p:     539    1007 e: -46.5 r:  41.4   
Italy_Marche=Deaths i:  68   2  20  3/31/2020 p:     861    1007 e: -14.5 r:  44.9 OK
Italy_Marche=Deaths i:  69   3  21          . p:     861    1007 e: -14.5 r:  47.4 OK
Italy_Marche=Deaths i:  70   4  22   4/2/2020 p:     768    1007 e: -23.7 r:  50.0   
Italy_Marche=Deaths i:  71   5  23          . p:    1007    1007 e:   0.0 r:  55.3 OK
Italy_Marche=Deaths i:  72   6  24   4/4/2020 p:    1007    1007 e:   0.0 r:  57.0 OK
Italy_Marche=Deaths i:  73   7  25          . p:    1027    1007 e:   2.0 r:  59.5 OK
Italy_Marche=Deaths i:  74   8  26   4/6/2020 p:     965    1007 e:  -4.2 r:  60.8 OK
Italy_Marche=Deaths i:  75   9  27          . p:     932    1007 e:  -7.4 r:  62.6 OK
Italy_Marche=Deaths i:  76  10  28   4/8/2020 p:     922    1007 e:  -8.4 r:  64.7 OK
Italy_Marche=Deaths i:  77  11  29          . p:     909    1007 e:  -9.7 r:  66.4 OK
Italy_Marche=Deaths i:  78  12  30  4/10/2020 p:     889    1007 e: -11.7 r:  67.7 OK
Italy_Marche=Deaths i:  79  13  31          . p:     838    1007 e: -16.8 r:  68.4   
Italy_Marche=Deaths i:  80  14  32  4/12/2020 p:     755    1007 e: -25.0 r:  69.5   
Italy_Marche=Deaths i:  81  15  33          . p:     774    1007 e: -23.1 r:  70.8   
Italy_Marche=Deaths i:  82  16  34  4/14/2020 p:     824    1007 e: -18.2 r:  72.3   
Italy_Marche=Deaths i:  83  17  35          . p:     861    1007 e: -14.5 r:  74.1 OK
Italy_Marche=Deaths i:  84  18  36  4/16/2020 p:     861    1007 e: -14.5 r:  75.9 OK
Italy_Marche=Deaths i:  85  19  37          . p:     897    1007 e: -10.9 r:  78.0 OK
Italy_Marche=Deaths i:  86  20  38  4/18/2020 p:     897    1007 e: -10.9 r:  78.9 OK
Italy_Marche=Deaths i:  87  21  39          . p:     897    1007 e: -10.9 r:  80.1 OK
Italy_Marche=Deaths i:  88  22  40  4/20/2020 p:     934    1007 e:  -7.2 r:  81.6 OK
Italy_Marche=Deaths i:  89  23  41          . p:     934    1007 e:  -7.2 r:  82.8 OK
Italy_Marche=Deaths i:  90  24  42  4/22/2020 p:     971    1007 e:  -3.6 r:  83.9 OK
Italy_Marche=Deaths i:  91  25  43          . p:     951    1007 e:  -5.6 r:  85.1 OK
Italy_Marche=Deaths i:  92  26  44  4/24/2020 p:     955    1007 e:  -5.2 r:  85.9 OK
Italy_Marche=Deaths i:  93  27  45          . p:     964    1007 e:  -4.3 r:  86.8 OK
Italy_Marche=Deaths i:  94  28  46  4/26/2020 p:     964    1007 e:  -4.3 r:  87.3 OK
Italy_Marche=Deaths i:  95  29  47          . p:     964    1007 e:  -4.3 r:  87.8 OK
Italy_Marche=Deaths i:  96  30  48  4/28/2020 p:     962    1007 e:  -4.5 r:  88.7 OK
Italy_Marche=Deaths i:  97  31  49          . p:     973    1007 e:  -3.4 r:  89.3 OK
Italy_Marche=Deaths i:  98  32  50  4/30/2020 p:     971    1007 e:  -3.6 r:  90.0 OK
Italy_Marche=Deaths i:  99  33  51          . p:     971    1007 e:  -3.6 r:  90.5 OK
Italy_Marche=Deaths i: 100  34  52   5/2/2020 p:     973    1007 e:  -3.4 r:  91.0 OK
Italy_Marche=Deaths i: 101  35  53          . p:     971    1007 e:  -3.6 r:  92.1 OK
Italy_Marche=Deaths i: 102  36  54   5/4/2020 p:    1007    1007 e:   0.0 r:  92.6 OK
Italy_Marche=Deaths i: 103  37  55          . p:    1007    1007 e:   0.0 r:  92.9 OK
Italy_Marche=Deaths i: 104  38  56   5/6/2020 p:     993    1007 e:  -1.4 r:  93.6 OK
Italy_Marche=Deaths i: 105  39  57          . p:     992    1007 e:  -1.5 r:  94.1 OK
Italy_Marche=Deaths i: 106  40  58   5/8/2020 p:    1007    1007 e:   0.0 r:  94.7 OK
Italy_Marche=Deaths i: 107  41  59          . p:    1007    1007 e:   0.0 r:  95.1 OK
Italy_Marche=Deaths i: 108  42  60  5/10/2020 p:    1001    1007 e:  -0.6 r:  95.3 OK
Italy_Marche=Deaths i: 109  43  61          . p:    1000    1007 e:  -0.7 r:  95.7 OK
Italy_Marche=Deaths i: 110  44  62  5/12/2020 p:    1001    1007 e:  -0.6 r:  96.2 OK
Italy_Marche=Deaths i: 111  45  63          . p:    1007    1007 e:   0.0 r:  96.4 OK
Italy_Marche=Deaths i: 112  46  64  5/14/2020 p:     999    1007 e:  -0.8 r:  96.7 OK
Italy_Marche=Deaths i: 113  47  65          . p:    1023    1007 e:   1.6 r:  97.0 OK
Italy_Marche=Deaths i: 114  48  66  5/16/2020 p:    1007    1007 e:   0.0 r:  97.5 OK
Italy_Marche=Deaths i: 115  49  67          . p:    1007    1007 e:   0.0 r:  97.7 OK
Italy_Marche=Deaths i: 116  50  68  5/18/2020 p:    1024    1007 e:   1.7 r:  97.7 OK
Italy_Marche=Deaths i: 117  51  69          . p:    1013    1007 e:   0.6 r:  97.9 OK
Italy_Marche=Deaths i: 118  52  70  5/20/2020 p:    1014    1007 e:   0.7 r:  98.0 OK
Italy_Marche=Deaths i: 119  53  71          . p:    1007    1007 e:   0.0 r:  98.3 OK
Italy_Marche=Deaths i: 120  54  72  5/22/2020 p:    1007    1007 e:   0.0 r:  98.3 OK
Italy_Marche=Deaths i: 121  55  73          . p:    1007    1007 e:   0.0 r:  98.6 OK
Italy_Marche=Deaths i: 122  56  74  5/24/2020 p:    1007    1007 e:   0.0 r:  98.7 OK
Italy_Marche=Deaths i: 123  57  75          . p:    1007    1007 e:   0.0 r:  98.8 OK
Italy_Marche=Deaths i: 124  58  76  5/26/2020 p:    1008    1007 e:   0.1 r:  98.9 OK
Italy_Marche=Deaths i: 125  59  77          . p:    1014    1007 e:   0.7 r:  98.9 OK
Italy_Marche=Deaths i: 126  60  78  5/28/2020 p:    1014    1007 e:   0.7 r:  99.0 OK
Italy_Marche=Deaths i: 127  61  79          . p:    1014    1007 e:   0.7 r:  97.9 OK
Italy_Marche=Deaths i: 128  62  80  5/30/2020 p:    1007    1007 e:   0.0 r:  98.0 OK
Italy_Marche=Deaths i: 129  63  81          . p:     989    1007 e:  -1.8 r:  98.0 OK
Italy_Marche=Deaths i: 130  64  82   6/1/2020 p:     989    1007 e:  -1.8 r:  98.0 OK
Italy_Marche=Deaths i: 131  65  83          . p:     989    1007 e:  -1.8 r:  98.0 OK
Italy_Marche=Deaths i: 132  66  84   6/3/2020 p:     989    1007 e:  -1.8 r:  98.0 OK
Italy_Marche=Deaths i: 133  67  85          . p:     989    1007 e:  -1.8 r:  98.1 OK
Italy_Marche=Deaths i: 134  68  86   6/5/2020 p:    1007    1007 e:   0.0 r:  98.2 OK
Italy_Marche=Deaths i: 135  69  87          . p:    1007    1007 e:   0.0 r:  98.4 OK
Italy_Marche=Deaths i: 136  70  88   6/7/2020 p:    1007    1007 e:   0.0 r:  98.4 OK
Italy_Marche=Deaths i: 137  71  89          . p:    1007    1007 e:   0.0 r:  98.4 OK
Italy_Marche=Deaths i: 138  72  90   6/9/2020 p:    1007    1007 e:   0.0 r:  98.5 OK
