
  # Process COVID TAB data
p1= 58 il= 138
p1= 63 il= 137
p1= 63 il= 136
p1= 60 il= 135
p1= 65 il= 134
Thailand=Deaths nl = 139, n1= 5 s1= 61.8 s2= 3825.4 SD= 2.48193472919823 frac%= 4.01607561358937
Thailand=Deaths i:  65  65  -7          . p:       7      61 e: -88.7 r:   9.7   
Thailand=Deaths i:  66  66  -6  3/29/2020 p:       7      61 e: -88.7 r:  11.3   
Thailand=Deaths i:  67  67  -5          . p:      13      61 e: -79.0 r:  14.6   
Thailand=Deaths i:  68  68  -4  3/31/2020 p:      16      61 e: -74.1 r:  16.2   
Thailand=Deaths i:  69  69  -3          . p:      18      61 e: -70.9 r:  19.4   
Thailand=Deaths i:  70  70  -2   4/2/2020 p:      31      61 e: -49.8 r:  24.3   
Thailand=Deaths i:  71   0  -1          . p:      58      61 e:  -6.1 r:  30.7 OK 1st
Thailand=Deaths i:  72   1   0   4/4/2020 p:      60      61 e:  -2.9 r:  32.4 OK
Thailand=Deaths i:  73   2   1          . p:      37      61 e: -40.1 r:  37.2   
Thailand=Deaths i:  74   3   2   4/6/2020 p:      41      61 e: -33.7 r:  42.1   
Thailand=Deaths i:  75   4   3          . p:      35      61 e: -43.4 r:  43.7   
Thailand=Deaths i:  76   5   4   4/8/2020 p:      82      61 e:  32.7 r:  48.5   
Thailand=Deaths i:  77   6   5          . p:      46      61 e: -25.6 r:  51.8   
Thailand=Deaths i:  78   7   6  4/10/2020 p:      65      61 e:   5.2 r:  53.4 OK
Thailand=Deaths i:  79   8   7          . p:      46      61 e: -25.6 r:  56.6   
Thailand=Deaths i:  80   9   8  4/12/2020 p:      63      61 e:   1.9 r:  61.5 OK
Thailand=Deaths i:  81  10   9          . p:      54      61 e: -12.6 r:  64.7 OK
Thailand=Deaths i:  82  11  10  4/14/2020 p:      54      61 e: -12.6 r:  66.3 OK
Thailand=Deaths i:  83  12  11          . p:      60      61 e:  -2.9 r:  69.6 OK
Thailand=Deaths i:  84  13  12  4/16/2020 p:      60      61 e:  -2.9 r:  74.4 OK
Thailand=Deaths i:  85  14  13          . p:      60      61 e:  -2.9 r:  76.1 OK
Thailand=Deaths i:  86  15  14  4/18/2020 p:      60      61 e:  -2.9 r:  76.1 OK
Thailand=Deaths i:  87  16  15          . p:      60      61 e:  -2.9 r:  76.1 OK
Thailand=Deaths i:  88  17  16  4/20/2020 p:      58      61 e:  -6.1 r:  76.1 OK
Thailand=Deaths i:  89  18  17          . p:      54      61 e: -12.6 r:  77.7 OK
Thailand=Deaths i:  90  19  18  4/22/2020 p:      54      61 e: -12.6 r:  79.3 OK
Thailand=Deaths i:  91  20  19          . p:      54      61 e: -12.6 r:  80.9 OK
Thailand=Deaths i:  92  21  20  4/24/2020 p:      54      61 e: -12.6 r:  82.5 OK
Thailand=Deaths i:  93  22  21          . p:      54      61 e: -12.6 r:  82.5 OK
Thailand=Deaths i:  94  23  22  4/26/2020 p:      54      61 e: -12.6 r:  82.5 OK
Thailand=Deaths i:  95  24  23          . p:      54      61 e: -12.6 r:  84.1 OK
Thailand=Deaths i:  96  25  24  4/28/2020 p:      56      61 e:  -9.4 r:  87.4 OK
Thailand=Deaths i:  97  26  25          . p:      58      61 e:  -6.1 r:  87.4 OK
Thailand=Deaths i:  98  27  26  4/30/2020 p:      58      61 e:  -6.1 r:  87.4 OK
Thailand=Deaths i:  99  28  27          . p:      56      61 e:  -9.4 r:  87.4 OK
Thailand=Deaths i: 100  29  28   5/2/2020 p:      56      61 e:  -9.4 r:  87.4 OK
Thailand=Deaths i: 101  30  29          . p:      56      61 e:  -9.4 r:  87.4 OK
Thailand=Deaths i: 102  31  30   5/4/2020 p:      55      61 e: -11.0 r:  87.4 OK
Thailand=Deaths i: 103  32  31          . p:      55      61 e: -11.0 r:  87.4 OK
Thailand=Deaths i: 104  33  32   5/6/2020 p:      56      61 e:  -9.4 r:  89.0 OK
Thailand=Deaths i: 105  34  33          . p:      55      61 e: -11.0 r:  89.0 OK
Thailand=Deaths i: 106  35  34   5/8/2020 p:      55      61 e: -11.0 r:  89.0 OK
Thailand=Deaths i: 107  36  35          . p:      58      61 e:  -6.1 r:  90.6 OK
Thailand=Deaths i: 108  37  36  5/10/2020 p:      58      61 e:  -6.1 r:  90.6 OK
Thailand=Deaths i: 109  38  37          . p:      58      61 e:  -6.1 r:  90.6 OK
Thailand=Deaths i: 110  39  38  5/12/2020 p:      58      61 e:  -6.1 r:  90.6 OK
Thailand=Deaths i: 111  40  39          . p:      56      61 e:  -9.4 r:  90.6 OK
Thailand=Deaths i: 112  41  40  5/14/2020 p:      56      61 e:  -9.4 r:  90.6 OK
Thailand=Deaths i: 113  42  41          . p:      56      61 e:  -9.4 r:  90.6 OK
Thailand=Deaths i: 114  43  42  5/16/2020 p:      56      61 e:  -9.4 r:  90.6 OK
Thailand=Deaths i: 115  44  43          . p:      56      61 e:  -9.4 r:  90.6 OK
Thailand=Deaths i: 116  45  44  5/18/2020 p:      55      61 e: -11.0 r:  90.6 OK
Thailand=Deaths i: 117  46  45          . p:      55      61 e: -11.0 r:  90.6 OK
Thailand=Deaths i: 118  47  46  5/20/2020 p:      56      61 e:  -9.4 r:  90.6 OK
Thailand=Deaths i: 119  48  47          . p:      56      61 e:  -9.4 r:  90.6 OK
Thailand=Deaths i: 120  49  48  5/22/2020 p:      56      61 e:  -9.4 r:  90.6 OK
Thailand=Deaths i: 121  50  49          . p:      56      61 e:  -9.4 r:  90.6 OK
Thailand=Deaths i: 122  51  50  5/24/2020 p:      56      61 e:  -9.4 r:  90.6 OK
Thailand=Deaths i: 123  52  51          . p:      56      61 e:  -9.4 r:  92.2 OK
Thailand=Deaths i: 124  53  52  5/26/2020 p:      56      61 e:  -9.4 r:  92.2 OK
Thailand=Deaths i: 125  54  53          . p:      57      61 e:  -7.8 r:  92.2 OK
Thailand=Deaths i: 126  55  54  5/28/2020 p:      58      61 e:  -6.1 r:  92.2 OK
Thailand=Deaths i: 127  56  55          . p:      58      61 e:  -6.1 r:  92.2 OK
Thailand=Deaths i: 128  57  56  5/30/2020 p:      58      61 e:  -6.1 r:  92.2 OK
Thailand=Deaths i: 129  58  57          . p:      58      61 e:  -6.1 r:  92.2 OK
Thailand=Deaths i: 130  59  58   6/1/2020 p:      56      61 e:  -9.4 r:  92.2 OK
Thailand=Deaths i: 131  60  59          . p:      58      61 e:  -6.1 r:  93.9 OK
Thailand=Deaths i: 132  61  60   6/3/2020 p:      58      61 e:  -6.1 r:  93.9 OK
Thailand=Deaths i: 133  62  61          . p:      58      61 e:  -6.1 r:  93.9 OK
Thailand=Deaths i: 134  63  62   6/5/2020 p:      65      61 e:   5.2 r:  93.9 OK
Thailand=Deaths i: 135  64  63          . p:      60      61 e:  -2.9 r:  93.9 OK
Thailand=Deaths i: 136  65  64   6/7/2020 p:      63      61 e:   1.9 r:  93.9 OK
Thailand=Deaths i: 137  66  65          . p:      63      61 e:   1.9 r:  93.9 OK
Thailand=Deaths i: 138  67  66   6/9/2020 p:      58      61 e:  -6.1 r:  93.9 OK
