
  # Process COVID TAB data
p1= 4757 il= 138
p1= 4757 il= 137
p1= 4757 il= 136
p1= 4757 il= 135
p1= 4757 il= 134
US_Colorado_Adams=Confirmed nl = 139, n1= 5 s1= 4757 s2= 22629049 SD= 0 frac%= 0
US_Colorado_Adams=Confirmed i:  58  58  -7  3/21/2020 p:      67    4757 e: -98.6 r:   0.3   
US_Colorado_Adams=Confirmed i:  59  59  -6          . p:      67    4757 e: -98.6 r:   0.4   
US_Colorado_Adams=Confirmed i:  60  60  -5  3/23/2020 p:     201    4757 e: -95.8 r:   0.5   
US_Colorado_Adams=Confirmed i:  61  61  -4          . p:     201    4757 e: -95.8 r:   0.6   
US_Colorado_Adams=Confirmed i:  62  62  -3  3/25/2020 p:    1541    4757 e: -67.6 r:   0.8   
US_Colorado_Adams=Confirmed i:  66  66   1  3/29/2020 p:     737    4757 e: -84.5 r:   2.3   
US_Colorado_Adams=Confirmed i:  67  67   2          . p:    6231    4757 e:  31.0 r:   3.2   
US_Colorado_Adams=Confirmed i:  68  68   3  3/31/2020 p:    2211    4757 e: -53.5 r:   3.8   
US_Colorado_Adams=Confirmed i:  69  69   4          . p:    1005    4757 e: -78.9 r:   4.5   
US_Colorado_Adams=Confirmed i:  70  70   5   4/2/2020 p:    1541    4757 e: -67.6 r:   5.5   
US_Colorado_Adams=Confirmed i:  71  71   6          . p:    1273    4757 e: -73.2 r:   6.2   
US_Colorado_Adams=Confirmed i:  72  72   7   4/4/2020 p:     737    4757 e: -84.5 r:   6.7   
US_Colorado_Adams=Confirmed i:  73  73   8          . p:     603    4757 e: -87.3 r:   7.4   
US_Colorado_Adams=Confirmed i:  74  74   9   4/6/2020 p:     469    4757 e: -90.1 r:   7.7   
US_Colorado_Adams=Confirmed i:  75  75  10          . p:     469    4757 e: -90.1 r:   8.2   
US_Colorado_Adams=Confirmed i:  76  76  11   4/8/2020 p:     603    4757 e: -87.3 r:   8.8   
US_Colorado_Adams=Confirmed i:  77  77  12          . p:     737    4757 e: -84.5 r:  10.0   
US_Colorado_Adams=Confirmed i:  78  78  13  4/10/2020 p:    1005    4757 e: -78.9 r:  11.4   
US_Colorado_Adams=Confirmed i:  79  79  14          . p:    1139    4757 e: -76.1 r:  12.5   
US_Colorado_Adams=Confirmed i:  80  80  15  4/12/2020 p:    1273    4757 e: -73.2 r:  13.6   
US_Colorado_Adams=Confirmed i:  81  81  16          . p:    1407    4757 e: -70.4 r:  14.6   
US_Colorado_Adams=Confirmed i:  82  82  17  4/14/2020 p:    1407    4757 e: -70.4 r:  15.3   
US_Colorado_Adams=Confirmed i:  83  83  18          . p:    1407    4757 e: -70.4 r:  15.9   
US_Colorado_Adams=Confirmed i:  84  84  19  4/16/2020 p:    1427    4757 e: -70.0 r:  16.9   
US_Colorado_Adams=Confirmed i:  85  85  20          . p:    1541    4757 e: -67.6 r:  18.1   
US_Colorado_Adams=Confirmed i:  86  86  21  4/18/2020 p:    1541    4757 e: -67.6 r:  18.8   
US_Colorado_Adams=Confirmed i:  87  87  22          . p:    1464    4757 e: -69.2 r:  19.2   
US_Colorado_Adams=Confirmed i:  88  88  23  4/20/2020 p:    1513    4757 e: -68.2 r:  20.3   
US_Colorado_Adams=Confirmed i:  89  89  24          . p:    1505    4757 e: -68.4 r:  20.9   
US_Colorado_Adams=Confirmed i:  90  90  25  4/22/2020 p:    1541    4757 e: -67.6 r:  21.7   
US_Colorado_Adams=Confirmed i:  91  91  26          . p:    1541    4757 e: -67.6 r:  22.7   
US_Colorado_Adams=Confirmed i:  92  92  27  4/24/2020 p:    1886    4757 e: -60.4 r:  26.3   
US_Colorado_Adams=Confirmed i:  93  93  28          . p:    2054    4757 e: -56.8 r:  27.4   
US_Colorado_Adams=Confirmed i:  94  94  29  4/26/2020 p:    2211    4757 e: -53.5 r:  28.3   
US_Colorado_Adams=Confirmed i:  95  95  30          . p:    2211    4757 e: -53.5 r:  29.2   
US_Colorado_Adams=Confirmed i:  96  96  31  4/28/2020 p:    2345    4757 e: -50.7 r:  30.1   
US_Colorado_Adams=Confirmed i:  97  97  32          . p:    2345    4757 e: -50.7 r:  31.3   
US_Colorado_Adams=Confirmed i:  98  98  33  4/30/2020 p:    2479    4757 e: -47.9 r:  33.3   
US_Colorado_Adams=Confirmed i:  99  99  34          . p:    2613    4757 e: -45.1 r:  35.0   
US_Colorado_Adams=Confirmed i: 100 100  35   5/2/2020 p:    2747    4757 e: -42.3 r:  36.4   
US_Colorado_Adams=Confirmed i: 101 101  36          . p:    2881    4757 e: -39.4 r:  37.4   
US_Colorado_Adams=Confirmed i: 102 102  37   5/4/2020 p:    2881    4757 e: -39.4 r:  38.2   
US_Colorado_Adams=Confirmed i: 103 103  38          . p:    3015    4757 e: -36.6 r:  39.6   
US_Colorado_Adams=Confirmed i: 104 104  39   5/6/2020 p:    3033    4757 e: -36.2 r:  41.0   
US_Colorado_Adams=Confirmed i: 105 105  40          . p:    3149    4757 e: -33.8 r:  43.0   
US_Colorado_Adams=Confirmed i: 106 106  41   5/8/2020 p:    3283    4757 e: -31.0 r:  44.5   
US_Colorado_Adams=Confirmed i: 107 107  42          . p:    3283    4757 e: -31.0 r:  46.4   
US_Colorado_Adams=Confirmed i: 108 108  43  5/10/2020 p:    3551    4757 e: -25.4 r:  47.1   
US_Colorado_Adams=Confirmed i: 109 109  44          . p:    3493    4757 e: -26.6 r:  47.9   
US_Colorado_Adams=Confirmed i: 110 110  45  5/12/2020 p:    3571    4757 e: -24.9 r:  48.8   
US_Colorado_Adams=Confirmed i: 111   0  46          . p:    5458    4757 e:  14.7 r:  49.9 OK 1st
US_Colorado_Adams=Confirmed i: 112   1  47  5/14/2020 p:    3685    4757 e: -22.5 r:  51.5   
US_Colorado_Adams=Confirmed i: 113   2  48          . p:    3685    4757 e: -22.5 r:  53.0   
US_Colorado_Adams=Confirmed i: 114   3  49  5/16/2020 p:    3685    4757 e: -22.5 r:  54.1   
US_Colorado_Adams=Confirmed i: 115   4  50          . p:    3685    4757 e: -22.5 r:  54.9   
US_Colorado_Adams=Confirmed i: 116   5  51  5/18/2020 p:    3819    4757 e: -19.7 r:  55.5   
US_Colorado_Adams=Confirmed i: 117   6  52          . p:    3766    4757 e: -20.8 r:  56.2   
US_Colorado_Adams=Confirmed i: 118   7  53  5/20/2020 p:    3783    4757 e: -20.5 r:  57.5   
US_Colorado_Adams=Confirmed i: 119   8  54          . p:    3819    4757 e: -19.7 r:  58.0   
US_Colorado_Adams=Confirmed i: 120   9  55  5/22/2020 p:    3819    4757 e: -19.7 r:  58.9   
US_Colorado_Adams=Confirmed i: 121  10  56          . p:    3819    4757 e: -19.7 r:  60.0   
US_Colorado_Adams=Confirmed i: 122  11  57  5/24/2020 p:    3819    4757 e: -19.7 r:  60.3   
US_Colorado_Adams=Confirmed i: 123  12  58          . p:    3820    4757 e: -19.7 r:  61.1   
US_Colorado_Adams=Confirmed i: 124  13  59  5/26/2020 p:    3819    4757 e: -19.7 r:  62.3   
US_Colorado_Adams=Confirmed i: 125  14  60          . p:    3819    4757 e: -19.7 r:  63.2   
US_Colorado_Adams=Confirmed i: 126  15  61  5/28/2020 p:    3819    4757 e: -19.7 r:  64.5   
US_Colorado_Adams=Confirmed i: 127  16  62          . p:    3953    4757 e: -16.9 r:  66.1   
US_Colorado_Adams=Confirmed i: 128  17  63  5/30/2020 p:    4221    4757 e: -11.3 r:  67.8 OK
US_Colorado_Adams=Confirmed i: 129  18  64          . p:    4489    4757 e:  -5.6 r:  68.5 OK
US_Colorado_Adams=Confirmed i: 130  19  65   6/1/2020 p:    4489    4757 e:  -5.6 r:  69.2 OK
US_Colorado_Adams=Confirmed i: 131  20  66          . p:    4489    4757 e:  -5.6 r:  70.2 OK
US_Colorado_Adams=Confirmed i: 132  21  67   6/3/2020 p:    4623    4757 e:  -2.8 r:  71.0 OK
US_Colorado_Adams=Confirmed i: 133  22  68          . p:    4623    4757 e:  -2.8 r:  72.7 OK
US_Colorado_Adams=Confirmed i: 134  23  69   6/5/2020 p:    4757    4757 e:   0.0 r:  73.9 OK
US_Colorado_Adams=Confirmed i: 135  24  70          . p:    4757    4757 e:   0.0 r:  74.7 OK
US_Colorado_Adams=Confirmed i: 136  25  71   6/7/2020 p:    4757    4757 e:   0.0 r:  75.2 OK
US_Colorado_Adams=Confirmed i: 137  26  72          . p:    4757    4757 e:   0.0 r:  75.8 OK
US_Colorado_Adams=Confirmed i: 138  27  73   6/9/2020 p:    4757    4757 e:   0.0 r:  76.2 OK
