
  # Process COVID TAB data
p1= 1300 il= 138
p1= 1300 il= 137
p1= 1254 il= 136
p1= 1254 il= 135
p1= 1254 il= 134
US_New_Jersey_Hudson=Deaths nl = 139, n1= 5 s1= 1272.4 s2= 1619509.6 SD= 22.5353056336019 frac%= 1.77108657918909
US_New_Jersey_Hudson=Deaths i:  67  67  -1          . p:      22    1272 e: -98.3 r:   0.6   
US_New_Jersey_Hudson=Deaths i:  71  71   3          . p:     114    1272 e: -91.0 r:   4.6   
US_New_Jersey_Hudson=Deaths i:  72  72   4   4/4/2020 p:     114    1272 e: -91.0 r:   6.1   
US_New_Jersey_Hudson=Deaths i:  73  73   5          . p:     114    1272 e: -91.0 r:   6.8   
US_New_Jersey_Hudson=Deaths i:  74  74   6   4/6/2020 p:     114    1272 e: -91.0 r:   7.2   
US_New_Jersey_Hudson=Deaths i:  75  75   7          . p:     114    1272 e: -91.0 r:   8.1   
US_New_Jersey_Hudson=Deaths i:  76  76   8   4/8/2020 p:     159    1272 e: -87.5 r:   9.6   
US_New_Jersey_Hudson=Deaths i:  77  77   9          . p:     159    1272 e: -87.5 r:  10.4   
US_New_Jersey_Hudson=Deaths i:  78  78  10  4/10/2020 p:     250    1272 e: -80.4 r:  12.8   
US_New_Jersey_Hudson=Deaths i:  79  79  11          . p:     250    1272 e: -80.4 r:  14.4   
US_New_Jersey_Hudson=Deaths i:  80  80  12  4/12/2020 p:     387    1272 e: -69.6 r:  17.8   
US_New_Jersey_Hudson=Deaths i:  81  81  13          . p:     387    1272 e: -69.6 r:  18.5   
US_New_Jersey_Hudson=Deaths i:  82  82  14  4/14/2020 p:     433    1272 e: -66.0 r:  21.8   
US_New_Jersey_Hudson=Deaths i:  83  83  15          . p:     524    1272 e: -58.8 r:  24.5   
US_New_Jersey_Hudson=Deaths i:  84  84  16  4/16/2020 p:     615    1272 e: -51.7 r:  28.7   
US_New_Jersey_Hudson=Deaths i:  85  85  17          . p:     752    1272 e: -40.9 r:  33.0   
US_New_Jersey_Hudson=Deaths i:  86  86  18  4/18/2020 p:     798    1272 e: -37.3 r:  34.1   
US_New_Jersey_Hudson=Deaths i:  87   0  19          . p:    1391    1272 e:   9.3 r:  48.1 OK 1st
US_New_Jersey_Hudson=Deaths i:  88   1  20  4/20/2020 p:    1482    1272 e:  16.5 r:  49.0   
US_New_Jersey_Hudson=Deaths i:  89   2  21          . p:    1528    1272 e:  20.1 r:  50.0   
US_New_Jersey_Hudson=Deaths i:  90   3  22  4/22/2020 p:    1482    1272 e:  16.5 r:  51.6   
US_New_Jersey_Hudson=Deaths i:  91   4  23          . p:    1437    1272 e:  12.9 r:  52.3 OK
US_New_Jersey_Hudson=Deaths i:  92   5  24  4/24/2020 p:    1391    1272 e:   9.3 r:  55.5 OK
US_New_Jersey_Hudson=Deaths i:  93   6  25          . p:    1309    1272 e:   2.9 r:  55.5 OK
US_New_Jersey_Hudson=Deaths i:  94   7  26  4/26/2020 p:     658    1272 e: -48.3 r:  51.9   
US_New_Jersey_Hudson=Deaths i:  95   8  27          . p:    1164    1272 e:  -8.5 r:  52.9 OK
US_New_Jersey_Hudson=Deaths i:  96   9  28  4/28/2020 p:    1213    1272 e:  -4.7 r:  56.7 OK
US_New_Jersey_Hudson=Deaths i:  97  10  29          . p:    1071    1272 e: -15.8 r:  59.6   
US_New_Jersey_Hudson=Deaths i:  98  11  30  4/30/2020 p:    1026    1272 e: -19.4 r:  62.7   
US_New_Jersey_Hudson=Deaths i:  99  12  31          . p:     980    1272 e: -23.0 r:  64.4   
US_New_Jersey_Hudson=Deaths i: 100  13  32   5/2/2020 p:     980    1272 e: -23.0 r:  65.5   
US_New_Jersey_Hudson=Deaths i: 101  14  33          . p:     889    1272 e: -30.1 r:  66.4   
US_New_Jersey_Hudson=Deaths i: 102  15  34   5/4/2020 p:     980    1272 e: -23.0 r:  66.4   
US_New_Jersey_Hudson=Deaths i: 103  16  35          . p:     935    1272 e: -26.5 r:  68.4   
US_New_Jersey_Hudson=Deaths i: 104  17  36   5/6/2020 p:    1026    1272 e: -19.4 r:  71.0   
US_New_Jersey_Hudson=Deaths i: 105  18  37          . p:    1072    1272 e: -15.7 r:  73.5   
US_New_Jersey_Hudson=Deaths i: 106  19  38   5/8/2020 p:    1072    1272 e: -15.7 r:  74.3   
US_New_Jersey_Hudson=Deaths i: 107  20  39          . p:    1072    1272 e: -15.7 r:  75.0   
US_New_Jersey_Hudson=Deaths i: 108  21  40  5/10/2020 p:    1072    1272 e: -15.7 r:  76.2   
US_New_Jersey_Hudson=Deaths i: 109  22  41          . p:    1117    1272 e: -12.2 r:  78.3 OK
US_New_Jersey_Hudson=Deaths i: 110  23  42  5/12/2020 p:    1117    1272 e: -12.2 r:  78.6 OK
US_New_Jersey_Hudson=Deaths i: 111  24  43          . p:    1117    1272 e: -12.2 r:  79.1 OK
US_New_Jersey_Hudson=Deaths i: 112  25  44  5/14/2020 p:    1117    1272 e: -12.2 r:  81.1 OK
US_New_Jersey_Hudson=Deaths i: 113  26  45          . p:    1117    1272 e: -12.2 r:  81.9 OK
US_New_Jersey_Hudson=Deaths i: 114  27  46  5/16/2020 p:    1117    1272 e: -12.2 r:  82.1 OK
US_New_Jersey_Hudson=Deaths i: 115  28  47          . p:    1149    1272 e:  -9.7 r:  83.1 OK
US_New_Jersey_Hudson=Deaths i: 116  29  48  5/18/2020 p:    1153    1272 e:  -9.4 r:  83.9 OK
US_New_Jersey_Hudson=Deaths i: 117  30  49          . p:    1163    1272 e:  -8.6 r:  85.0 OK
US_New_Jersey_Hudson=Deaths i: 118  31  50  5/20/2020 p:    1163    1272 e:  -8.6 r:  86.9 OK
US_New_Jersey_Hudson=Deaths i: 119  32  51          . p:    1209    1272 e:  -5.0 r:  88.1 OK
US_New_Jersey_Hudson=Deaths i: 120  33  52  5/22/2020 p:    1209    1272 e:  -5.0 r:  89.1 OK
US_New_Jersey_Hudson=Deaths i: 121  34  53          . p:    1209    1272 e:  -5.0 r:  89.4 OK
US_New_Jersey_Hudson=Deaths i: 122  35  54  5/24/2020 p:    1209    1272 e:  -5.0 r:  89.5 OK
US_New_Jersey_Hudson=Deaths i: 123  36  55          . p:    1210    1272 e:  -4.9 r:  89.4 OK
US_New_Jersey_Hudson=Deaths i: 124  37  56  5/26/2020 p:    1210    1272 e:  -4.9 r:  89.8 OK
US_New_Jersey_Hudson=Deaths i: 125  38  57          . p:    1209    1272 e:  -5.0 r:  91.0 OK
US_New_Jersey_Hudson=Deaths i: 126  39  58  5/28/2020 p:    1209    1272 e:  -5.0 r:  91.2 OK
US_New_Jersey_Hudson=Deaths i: 127  40  59          . p:    1209    1272 e:  -5.0 r:  91.8 OK
US_New_Jersey_Hudson=Deaths i: 128  41  60  5/30/2020 p:    1254    1272 e:  -1.4 r:  92.2 OK
US_New_Jersey_Hudson=Deaths i: 129  42  61          . p:    1254    1272 e:  -1.4 r:  93.0 OK
US_New_Jersey_Hudson=Deaths i: 130  43  62   6/1/2020 p:    1254    1272 e:  -1.4 r:  93.0 OK
US_New_Jersey_Hudson=Deaths i: 131  44  63          . p:    1254    1272 e:  -1.4 r:  93.4 OK
US_New_Jersey_Hudson=Deaths i: 132  45  64   6/3/2020 p:    1234    1272 e:  -3.0 r:  93.7 OK
US_New_Jersey_Hudson=Deaths i: 133  46  65          . p:    1247    1272 e:  -2.0 r:  94.2 OK
US_New_Jersey_Hudson=Deaths i: 134  47  66   6/5/2020 p:    1254    1272 e:  -1.4 r:  94.7 OK
US_New_Jersey_Hudson=Deaths i: 135  48  67          . p:    1254    1272 e:  -1.4 r:  95.1 OK
US_New_Jersey_Hudson=Deaths i: 136  49  68   6/7/2020 p:    1254    1272 e:  -1.4 r:  95.7 OK
US_New_Jersey_Hudson=Deaths i: 137  50  69          . p:    1300    1272 e:   2.2 r:  96.4 OK
US_New_Jersey_Hudson=Deaths i: 138  51  70   6/9/2020 p:    1300    1272 e:   2.2 r:  97.1 OK
