
  # Process COVID TAB data
p1= 280 il= 138
p1= 277 il= 137
p1= 278 il= 136
p1= 277 il= 135
p1= 280 il= 134
Korea_South=Deaths nl = 139, n1= 5 s1= 278.4 s2= 77508.4 SD= 1.35646599662913 frac%= 0.487236349363912
Korea_South=Deaths i:  34  34  -4  2/26/2020 p:      14     278 e: -95.0 r:   4.3   
Korea_South=Deaths i:  35  35  -3          . p:      14     278 e: -95.0 r:   4.7   
Korea_South=Deaths i:  38  38   0   3/1/2020 p:      19     278 e: -93.2 r:   6.1   
Korea_South=Deaths i:  42  42   4   3/5/2020 p:      45     278 e: -83.8 r:  12.6   
Korea_South=Deaths i:  43  43   5          . p:      56     278 e: -79.9 r:  15.1   
Korea_South=Deaths i:  44  44   6   3/7/2020 p:      56     278 e: -79.9 r:  15.8   
Korea_South=Deaths i:  45  45   7          . p:      96     278 e: -65.5 r:  18.0   
Korea_South=Deaths i:  46  46   8   3/9/2020 p:      70     278 e: -74.9 r:  19.0   
Korea_South=Deaths i:  47  47   9          . p:      67     278 e: -75.9 r:  19.4   
Korea_South=Deaths i:  48  48  10  3/11/2020 p:      78     278 e: -72.0 r:  21.6   
Korea_South=Deaths i:  49  49  11          . p:      96     278 e: -65.5 r:  23.7   
Korea_South=Deaths i:  50  50  12  3/13/2020 p:      96     278 e: -65.5 r:  23.7   
Korea_South=Deaths i:  51  51  13          . p:     107     278 e: -61.6 r:  25.9   
Korea_South=Deaths i:  52  52  14  3/15/2020 p:     105     278 e: -62.3 r:  26.9   
Korea_South=Deaths i:  53  53  15          . p:     101     278 e: -63.7 r:  26.9   
Korea_South=Deaths i:  54  54  16  3/17/2020 p:     105     278 e: -62.3 r:  29.1   
Korea_South=Deaths i:  55  55  17          . p:     113     278 e: -59.4 r:  30.2   
Korea_South=Deaths i:  56  56  18  3/19/2020 p:     127     278 e: -54.4 r:  32.7   
Korea_South=Deaths i:  57  57  19          . p:     137     278 e: -50.8 r:  33.8   
Korea_South=Deaths i:  58  58  20  3/21/2020 p:     158     278 e: -43.2 r:  36.6   
Korea_South=Deaths i:  59  59  21          . p:     188     278 e: -32.5 r:  39.9   
Korea_South=Deaths i:  60  60  22  3/23/2020 p:     188     278 e: -32.5 r:  39.9   
Korea_South=Deaths i:  61  61  23          . p:     208     278 e: -25.3 r:  43.1   
Korea_South=Deaths i:  62  62  24  3/25/2020 p:     219     278 e: -21.3 r:  45.3   
Korea_South=Deaths i:  63   0  25          . p:     239     278 e: -14.2 r:  47.1 OK 1st
Korea_South=Deaths i:  64   1  26  3/27/2020 p:     249     278 e: -10.6 r:  49.9 OK
Korea_South=Deaths i:  65   2  27          . p:     270     278 e:  -3.0 r:  51.7 OK
Korea_South=Deaths i:  66   3  28  3/29/2020 p:     290     278 e:   4.2 r:  54.6 OK
Korea_South=Deaths i:  67   4  29          . p:     300     278 e:   7.8 r:  56.8 OK
Korea_South=Deaths i:  68   5  30  3/31/2020 p:     321     278 e:  15.3 r:  58.2   
Korea_South=Deaths i:  69   6  31          . p:     300     278 e:   7.8 r:  59.3 OK
Korea_South=Deaths i:  70   7  32   4/2/2020 p:     185     278 e: -33.5 r:  60.7   
Korea_South=Deaths i:  71   8  33          . p:     200     278 e: -28.2 r:  62.5   
Korea_South=Deaths i:  72   9  34   4/4/2020 p:     198     278 e: -28.9 r:  63.6   
Korea_South=Deaths i:  73  10  35          . p:     239     278 e: -14.2 r:  65.7 OK
Korea_South=Deaths i:  74  11  36   4/6/2020 p:     239     278 e: -14.2 r:  66.8 OK
Korea_South=Deaths i:  75  12  37          . p:     249     278 e: -10.6 r:  69.0 OK
Korea_South=Deaths i:  76  13  38   4/8/2020 p:     280     278 e:   0.6 r:  71.8 OK
Korea_South=Deaths i:  77  14  39          . p:     290     278 e:   4.2 r:  73.3 OK
Korea_South=Deaths i:  78  15  40  4/10/2020 p:     300     278 e:   7.8 r:  74.7 OK
Korea_South=Deaths i:  79  16  41          . p:     300     278 e:   7.8 r:  75.8 OK
Korea_South=Deaths i:  80  17  42  4/12/2020 p:     300     278 e:   7.8 r:  76.9 OK
Korea_South=Deaths i:  81  18  43          . p:     292     278 e:   4.9 r:  77.9 OK
Korea_South=Deaths i:  82  19  44  4/14/2020 p:     300     278 e:   7.8 r:  79.7 OK
Korea_South=Deaths i:  83  20  45          . p:     300     278 e:   7.8 r:  80.8 OK
Korea_South=Deaths i:  84  21  46  4/16/2020 p:     300     278 e:   7.8 r:  82.3 OK
Korea_South=Deaths i:  85  22  47          . p:     296     278 e:   6.3 r:  82.6 OK
Korea_South=Deaths i:  86  23  48  4/18/2020 p:     289     278 e:   3.8 r:  83.3 OK
Korea_South=Deaths i:  87  24  49          . p:     287     278 e:   3.1 r:  84.1 OK
Korea_South=Deaths i:  88  25  50  4/20/2020 p:     283     278 e:   1.7 r:  84.8 OK
Korea_South=Deaths i:  89  26  51          . p:     308     278 e:  10.6 r:  85.1 OK
Korea_South=Deaths i:  90  27  52  4/22/2020 p:     305     278 e:   9.6 r:  85.5 OK
Korea_South=Deaths i:  91  28  53          . p:     301     278 e:   8.1 r:  86.2 OK
Korea_South=Deaths i:  92  29  54  4/24/2020 p:     298     278 e:   7.0 r:  86.2 OK
Korea_South=Deaths i:  93  30  55          . p:     249     278 e: -10.6 r:  86.9 OK
Korea_South=Deaths i:  94  31  56  4/26/2020 p:     249     278 e: -10.6 r:  87.3 OK
Korea_South=Deaths i:  95  32  57          . p:     251     278 e:  -9.8 r:  87.6 OK
Korea_South=Deaths i:  96  33  58  4/28/2020 p:     259     278 e:  -7.0 r:  88.4 OK
Korea_South=Deaths i:  97  34  59          . p:     259     278 e:  -7.0 r:  88.7 OK
Korea_South=Deaths i:  98  35  60  4/30/2020 p:     259     278 e:  -7.0 r:  89.1 OK
Korea_South=Deaths i:  99  36  61          . p:     259     278 e:  -7.0 r:  89.8 OK
Korea_South=Deaths i: 100  37  62   5/2/2020 p:     259     278 e:  -7.0 r:  89.8 OK
Korea_South=Deaths i: 101  38  63          . p:     259     278 e:  -7.0 r:  90.5 OK
Korea_South=Deaths i: 102  39  64   5/4/2020 p:     270     278 e:  -3.0 r:  91.2 OK
Korea_South=Deaths i: 103  40  65          . p:     270     278 e:  -3.0 r:  91.6 OK
Korea_South=Deaths i: 104  41  66   5/6/2020 p:     270     278 e:  -3.0 r:  92.0 OK
Korea_South=Deaths i: 105  42  67          . p:     270     278 e:  -3.0 r:  92.0 OK
Korea_South=Deaths i: 106  43  68   5/8/2020 p:     267     278 e:  -4.1 r:  92.0 OK
Korea_South=Deaths i: 107  44  69          . p:     264     278 e:  -5.2 r:  92.0 OK
Korea_South=Deaths i: 108  45  70  5/10/2020 p:     264     278 e:  -5.2 r:  92.0 OK
Korea_South=Deaths i: 109  46  71          . p:     270     278 e:  -3.0 r:  92.7 OK
Korea_South=Deaths i: 110  47  72  5/12/2020 p:     270     278 e:  -3.0 r:  93.0 OK
Korea_South=Deaths i: 111  48  73          . p:     270     278 e:  -3.0 r:  93.4 OK
Korea_South=Deaths i: 112  49  74  5/14/2020 p:     270     278 e:  -3.0 r:  93.4 OK
Korea_South=Deaths i: 113  50  75          . p:     270     278 e:  -3.0 r:  94.1 OK
Korea_South=Deaths i: 114  51  76  5/16/2020 p:     270     278 e:  -3.0 r:  94.1 OK
Korea_South=Deaths i: 115  52  77          . p:     270     278 e:  -3.0 r:  94.5 OK
Korea_South=Deaths i: 116  53  78  5/18/2020 p:     270     278 e:  -3.0 r:  94.5 OK
Korea_South=Deaths i: 117  54  79          . p:     270     278 e:  -3.0 r:  94.5 OK
Korea_South=Deaths i: 118  55  80  5/20/2020 p:     270     278 e:  -3.0 r:  94.8 OK
Korea_South=Deaths i: 119  56  81          . p:     269     278 e:  -3.4 r:  94.8 OK
Korea_South=Deaths i: 120  57  82  5/22/2020 p:     270     278 e:  -3.0 r:  95.5 OK
Korea_South=Deaths i: 121  58  83          . p:     270     278 e:  -3.0 r:  95.5 OK
Korea_South=Deaths i: 122  59  84  5/24/2020 p:     270     278 e:  -3.0 r:  95.9 OK
Korea_South=Deaths i: 123  60  85          . p:     270     278 e:  -3.0 r:  96.6 OK
Korea_South=Deaths i: 124  61  86  5/26/2020 p:     270     278 e:  -3.0 r:  96.6 OK
Korea_South=Deaths i: 125  62  87          . p:     270     278 e:  -3.0 r:  96.6 OK
Korea_South=Deaths i: 126  63  88  5/28/2020 p:     270     278 e:  -3.0 r:  96.6 OK
Korea_South=Deaths i: 127  64  89          . p:     270     278 e:  -3.0 r:  96.6 OK
Korea_South=Deaths i: 128  65  90  5/30/2020 p:     270     278 e:  -3.0 r:  97.0 OK
Korea_South=Deaths i: 129  66  91          . p:     270     278 e:  -3.0 r:  97.3 OK
Korea_South=Deaths i: 130  67  92   6/1/2020 p:     270     278 e:  -3.0 r:  97.7 OK
Korea_South=Deaths i: 131  68  93          . p:     270     278 e:  -3.0 r:  98.1 OK
Korea_South=Deaths i: 132  69  94   6/3/2020 p:     280     278 e:   0.6 r:  98.1 OK
Korea_South=Deaths i: 133  70  95          . p:     280     278 e:   0.6 r:  98.1 OK
Korea_South=Deaths i: 134  71  96   6/5/2020 p:     280     278 e:   0.6 r:  98.1 OK
Korea_South=Deaths i: 135  72  97          . p:     277     278 e:  -0.5 r:  98.1 OK
Korea_South=Deaths i: 136  73  98   6/7/2020 p:     278     278 e:  -0.1 r:  98.1 OK
Korea_South=Deaths i: 137  74  99          . p:     277     278 e:  -0.5 r:  98.4 OK
Korea_South=Deaths i: 138  75 100   6/9/2020 p:     280     278 e:   0.6 r:  99.1 OK
