
  # Process COVID TAB data
p1= 96 il= 138
p1= 90 il= 137
p1= 90 il= 136
p1= 204 il= 135
p1= 231 il= 134
US_Texas_El_Paso=Deaths nl = 139, n1= 5 s1= 142.2 s2= 24078.6 SD= 62.1108686141162 frac%= 43.678529264498
US_Texas_El_Paso=Deaths i:  85  85 -13          . p:      32     142 e: -77.5 r:   4.9   
US_Texas_El_Paso=Deaths i:  86  86 -12  4/18/2020 p:       8     142 e: -94.4 r:   4.9   
US_Texas_El_Paso=Deaths i:  87  87 -11          . p:       8     142 e: -94.4 r:   5.6   
US_Texas_El_Paso=Deaths i:  88  88 -10  4/20/2020 p:       8     142 e: -94.4 r:   5.6   
US_Texas_El_Paso=Deaths i:  89  89  -9          . p:      10     142 e: -93.0 r:   6.3   
US_Texas_El_Paso=Deaths i:  90  90  -8  4/22/2020 p:      10     142 e: -93.0 r:   6.3   
US_Texas_El_Paso=Deaths i:  91  91  -7          . p:      12     142 e: -91.6 r:   7.0   
US_Texas_El_Paso=Deaths i:  92  92  -6  4/24/2020 p:      10     142 e: -93.0 r:   7.0   
US_Texas_El_Paso=Deaths i:  93  93  -5          . p:      11     142 e: -92.3 r:   7.0   
US_Texas_El_Paso=Deaths i:  95  95  -3          . p:     111     142 e: -21.9 r:   8.4   
US_Texas_El_Paso=Deaths i:  96  96  -2  4/28/2020 p:      42     142 e: -70.5 r:   8.4   
US_Texas_El_Paso=Deaths i: 100 100   2   5/2/2020 p:     228     142 e:  60.3 r:  15.5   
US_Texas_El_Paso=Deaths i: 101 101   3          . p:      22     142 e: -84.5 r:  15.5   
US_Texas_El_Paso=Deaths i: 102 102   4   5/4/2020 p:      22     142 e: -84.5 r:  15.5   
US_Texas_El_Paso=Deaths i: 103 103   5          . p:      22     142 e: -84.5 r:  15.5   
US_Texas_El_Paso=Deaths i: 104 104   6   5/6/2020 p:      22     142 e: -84.5 r:  15.5   
US_Texas_El_Paso=Deaths i: 105 105   7          . p:      22     142 e: -84.5 r:  16.2   
US_Texas_El_Paso=Deaths i: 107 107   9          . p:     176     142 e:  23.8 r:  22.5   
US_Texas_El_Paso=Deaths i: 108 108  10  5/10/2020 p:      32     142 e: -77.5 r:  22.5   
US_Texas_El_Paso=Deaths i: 109 109  11          . p:      32     142 e: -77.5 r:  23.2   
US_Texas_El_Paso=Deaths i: 110 110  12  5/12/2020 p:      32     142 e: -77.5 r:  23.2   
US_Texas_El_Paso=Deaths i: 111 111  13          . p:      32     142 e: -77.5 r:  23.2   
US_Texas_El_Paso=Deaths i: 112 112  14  5/14/2020 p:     101     142 e: -29.0 r:  28.8   
US_Texas_El_Paso=Deaths i: 113 113  15          . p:     111     142 e: -21.9 r:  30.2   
US_Texas_El_Paso=Deaths i: 114   0  16  5/16/2020 p:     163     142 e:  14.6 r:  31.6 OK 1st
US_Texas_El_Paso=Deaths i: 115   1  17          . p:      46     142 e: -67.7 r:  32.3   
US_Texas_El_Paso=Deaths i: 116   2  18  5/18/2020 p:      49     142 e: -65.5 r:  33.1   
US_Texas_El_Paso=Deaths i: 117   3  19          . p:      94     142 e: -33.9 r:  36.6   
US_Texas_El_Paso=Deaths i: 118   4  20  5/20/2020 p:     152     142 e:   6.9 r:  38.0 OK
US_Texas_El_Paso=Deaths i: 119   5  21          . p:      87     142 e: -38.8 r:  40.1   
US_Texas_El_Paso=Deaths i: 120   6  22  5/22/2020 p:     166     142 e:  16.7 r:  40.1   
US_Texas_El_Paso=Deaths i: 121   7  23          . p:      94     142 e: -33.9 r:  40.1   
US_Texas_El_Paso=Deaths i: 122   8  24  5/24/2020 p:      56     142 e: -60.6 r:  40.8   
US_Texas_El_Paso=Deaths i: 123   9  25          . p:      57     142 e: -59.9 r:  40.8   
US_Texas_El_Paso=Deaths i: 124  10  26  5/26/2020 p:      64     142 e: -55.0 r:  42.2   
US_Texas_El_Paso=Deaths i: 125  11  27          . p:     141     142 e:  -0.8 r:  47.8 OK
US_Texas_El_Paso=Deaths i: 126  12  28  5/28/2020 p:     173     142 e:  21.7 r:  50.6   
US_Texas_El_Paso=Deaths i: 127  13  29          . p:     176     142 e:  23.8 r:  50.6   
US_Texas_El_Paso=Deaths i: 128  14  30  5/30/2020 p:     200     142 e:  40.6 r:  54.9   
US_Texas_El_Paso=Deaths i: 129  15  31          . p:     197     142 e:  38.5 r:  54.9   
US_Texas_El_Paso=Deaths i: 130  16  32   6/1/2020 p:      84     142 e: -40.9 r:  56.3   
US_Texas_El_Paso=Deaths i: 131  17  33          . p:     200     142 e:  40.6 r:  58.4   
US_Texas_El_Paso=Deaths i: 132  18  34   6/3/2020 p:     231     142 e:  62.4 r:  61.9   
US_Texas_El_Paso=Deaths i: 133  19  35          . p:     242     142 e:  70.2 r:  62.6   
US_Texas_El_Paso=Deaths i: 134  20  36   6/5/2020 p:     231     142 e:  62.4 r:  63.3   
US_Texas_El_Paso=Deaths i: 135  21  37          . p:     204     142 e:  43.5 r:  63.3   
US_Texas_El_Paso=Deaths i: 136  22  38   6/7/2020 p:      90     142 e: -36.7 r:  63.3   
US_Texas_El_Paso=Deaths i: 137  23  39          . p:      90     142 e: -36.7 r:  63.3   
US_Texas_El_Paso=Deaths i: 138  24  40   6/9/2020 p:      96     142 e: -32.5 r:  65.4   
