
  # Process COVID TAB data
p1= 6860 il= 138
p1= 6872 il= 137
p1= 6937 il= 136
p1= 6937 il= 135
p1= 6937 il= 134
US_Illinois_Will=Confirmed nl = 139, n1= 5 s1= 6908.6 s2= 47729978.2 SD= 34.9891411725786 frac%= 0.506457765286434
US_Illinois_Will=Confirmed i:  59  59  -4          . p:     126    6908 e: -98.2 r:   0.3   
US_Illinois_Will=Confirmed i:  62  62  -1  3/25/2020 p:     130    6908 e: -98.1 r:   0.6   
US_Illinois_Will=Confirmed i:  63  63   0          . p:     109    6908 e: -98.4 r:   0.6   
US_Illinois_Will=Confirmed i:  64  64   1  3/27/2020 p:   13323    6908 e:  92.8 r:   1.5   
US_Illinois_Will=Confirmed i:  65  65   2          . p:       0    6908 e: -100.0 r:   1.8   
US_Illinois_Will=Confirmed i:  67  67   4          . p:     330    6908 e: -95.2 r:   3.2   
US_Illinois_Will=Confirmed i:  68  68   5  3/31/2020 p:     330    6908 e: -95.2 r:   3.3   
US_Illinois_Will=Confirmed i:  69  69   6          . p:     770    6908 e: -88.9 r:   4.7   
US_Illinois_Will=Confirmed i:  70  70   7   4/2/2020 p:     770    6908 e: -88.9 r:   5.6   
US_Illinois_Will=Confirmed i:  71  71   8          . p:     991    6908 e: -85.7 r:   6.6   
US_Illinois_Will=Confirmed i:  72  72   9   4/4/2020 p:    1651    6908 e: -76.1 r:   8.4   
US_Illinois_Will=Confirmed i:  73  73  10          . p:    1651    6908 e: -76.1 r:   9.4   
US_Illinois_Will=Confirmed i:  74  74  11   4/6/2020 p:    1775    6908 e: -74.3 r:  10.1   
US_Illinois_Will=Confirmed i:  75  75  12          . p:    2008    6908 e: -70.9 r:  12.2   
US_Illinois_Will=Confirmed i:  76   0  13   4/8/2020 p:    7217    6908 e:   4.5 r:  13.2 OK 1st
US_Illinois_Will=Confirmed i:  77   1  14          . p:    2312    6908 e: -66.5 r:  14.6   
US_Illinois_Will=Confirmed i:  78   2  15  4/10/2020 p:    1530    6908 e: -77.9 r:  15.6   
US_Illinois_Will=Confirmed i:  79   3  16          . p:    1278    6908 e: -81.5 r:  16.3   
US_Illinois_Will=Confirmed i:  80   4  17  4/12/2020 p:    1831    6908 e: -73.5 r:  17.8   
US_Illinois_Will=Confirmed i:  81   5  18          . p:    1832    6908 e: -73.5 r:  18.6   
US_Illinois_Will=Confirmed i:  82   6  19  4/14/2020 p:    2167    6908 e: -68.6 r:  19.5   
US_Illinois_Will=Confirmed i:  83   7  20          . p:    2091    6908 e: -69.7 r:  20.7   
US_Illinois_Will=Confirmed i:  84   8  21  4/16/2020 p:    2045    6908 e: -70.4 r:  21.6   
US_Illinois_Will=Confirmed i:  85   9  22          . p:    2191    6908 e: -68.3 r:  22.7   
US_Illinois_Will=Confirmed i:  86  10  23  4/18/2020 p:    2122    6908 e: -69.3 r:  23.2   
US_Illinois_Will=Confirmed i:  87  11  24          . p:    2124    6908 e: -69.3 r:  23.8   
US_Illinois_Will=Confirmed i:  88  12  25  4/20/2020 p:    2122    6908 e: -69.3 r:  24.5   
US_Illinois_Will=Confirmed i:  89  13  26          . p:    2129    6908 e: -69.2 r:  25.1   
US_Illinois_Will=Confirmed i:  90  14  27  4/22/2020 p:    2312    6908 e: -66.5 r:  26.3   
US_Illinois_Will=Confirmed i:  91  15  28          . p:    2312    6908 e: -66.5 r:  27.3   
US_Illinois_Will=Confirmed i:  92  16  29  4/24/2020 p:    2532    6908 e: -63.4 r:  29.1   
US_Illinois_Will=Confirmed i:  93  17  30          . p:    2532    6908 e: -63.4 r:  29.8   
US_Illinois_Will=Confirmed i:  94  18  31  4/26/2020 p:    2752    6908 e: -60.2 r:  30.8   
US_Illinois_Will=Confirmed i:  95  19  32          . p:    2752    6908 e: -60.2 r:  31.5   
US_Illinois_Will=Confirmed i:  96  20  33  4/28/2020 p:    2752    6908 e: -60.2 r:  32.6   
US_Illinois_Will=Confirmed i:  97  21  34          . p:    2973    6908 e: -57.0 r:  34.3   
US_Illinois_Will=Confirmed i:  98  22  35  4/30/2020 p:    2973    6908 e: -57.0 r:  36.1   
US_Illinois_Will=Confirmed i:  99  23  36          . p:    3193    6908 e: -53.8 r:  37.9   
US_Illinois_Will=Confirmed i: 100  24  37   5/2/2020 p:    3413    6908 e: -50.6 r:  40.5   
US_Illinois_Will=Confirmed i: 101  25  38          . p:    3633    6908 e: -47.4 r:  41.5   
US_Illinois_Will=Confirmed i: 102  26  39   5/4/2020 p:    3854    6908 e: -44.2 r:  44.4   
US_Illinois_Will=Confirmed i: 103  27  40          . p:    4074    6908 e: -41.0 r:  45.6   
US_Illinois_Will=Confirmed i: 104  28  41   5/6/2020 p:    4294    6908 e: -37.8 r:  48.2   
US_Illinois_Will=Confirmed i: 105  29  42          . p:    4514    6908 e: -34.7 r:  49.7   
US_Illinois_Will=Confirmed i: 106  30  43   5/8/2020 p:    4734    6908 e: -31.5 r:  51.5   
US_Illinois_Will=Confirmed i: 107  31  44          . p:    4734    6908 e: -31.5 r:  52.6   
US_Illinois_Will=Confirmed i: 108  32  45  5/10/2020 p:    4955    6908 e: -28.3 r:  53.3   
US_Illinois_Will=Confirmed i: 109  33  46          . p:    4955    6908 e: -28.3 r:  54.1   
US_Illinois_Will=Confirmed i: 110  34  47  5/12/2020 p:    5175    6908 e: -25.1 r:  56.4   
US_Illinois_Will=Confirmed i: 111  35  48          . p:    5175    6908 e: -25.1 r:  57.5   
US_Illinois_Will=Confirmed i: 112  36  49  5/14/2020 p:    5175    6908 e: -25.1 r:  59.2   
US_Illinois_Will=Confirmed i: 113  37  50          . p:    6056    6908 e: -12.3 r:  61.9 OK
US_Illinois_Will=Confirmed i: 114  38  51  5/16/2020 p:    5615    6908 e: -18.7 r:  62.4   
US_Illinois_Will=Confirmed i: 115  39  52          . p:    5836    6908 e: -15.5 r:  63.5   
US_Illinois_Will=Confirmed i: 116  40  53  5/18/2020 p:    6056    6908 e: -12.3 r:  64.5 OK
US_Illinois_Will=Confirmed i: 117  41  54          . p:    6099    6908 e: -11.7 r:  66.0 OK
US_Illinois_Will=Confirmed i: 118  42  55  5/20/2020 p:    6496    6908 e:  -6.0 r:  67.9 OK
US_Illinois_Will=Confirmed i: 119  43  56          . p:    6056    6908 e: -12.3 r:  69.4 OK
US_Illinois_Will=Confirmed i: 120  44  57  5/22/2020 p:    6276    6908 e:  -9.2 r:  71.3 OK
US_Illinois_Will=Confirmed i: 121  45  58          . p:    6496    6908 e:  -6.0 r:  72.5 OK
US_Illinois_Will=Confirmed i: 122  46  59  5/24/2020 p:    6496    6908 e:  -6.0 r:  74.1 OK
US_Illinois_Will=Confirmed i: 123  47  60          . p:    6496    6908 e:  -6.0 r:  75.1 OK
US_Illinois_Will=Confirmed i: 124  48  61  5/26/2020 p:    7521    6908 e:   8.9 r:  75.8 OK
US_Illinois_Will=Confirmed i: 125  49  62          . p:    7402    6908 e:   7.1 r:  76.4 OK
US_Illinois_Will=Confirmed i: 126  50  63  5/28/2020 p:    5647    6908 e: -18.3 r:  77.5   
US_Illinois_Will=Confirmed i: 127  51  64          . p:    7338    6908 e:   6.2 r:  78.8 OK
US_Illinois_Will=Confirmed i: 128  52  65  5/30/2020 p:    7377    6908 e:   6.8 r:  79.8 OK
US_Illinois_Will=Confirmed i: 129  53  66          . p:    7377    6908 e:   6.8 r:  80.6 OK
US_Illinois_Will=Confirmed i: 130  54  67   6/1/2020 p:    7377    6908 e:   6.8 r:  81.2 OK
US_Illinois_Will=Confirmed i: 131  55  68          . p:    7193    6908 e:   4.1 r:  81.8 OK
US_Illinois_Will=Confirmed i: 132  56  69   6/3/2020 p:    7078    6908 e:   2.5 r:  82.6 OK
US_Illinois_Will=Confirmed i: 133  57  70          . p:    7081    6908 e:   2.5 r:  83.1 OK
US_Illinois_Will=Confirmed i: 134  58  71   6/5/2020 p:    6937    6908 e:   0.4 r:  83.9 OK
US_Illinois_Will=Confirmed i: 135  59  72          . p:    6937    6908 e:   0.4 r:  84.8 OK
US_Illinois_Will=Confirmed i: 136  60  73   6/7/2020 p:    6937    6908 e:   0.4 r:  85.3 OK
US_Illinois_Will=Confirmed i: 137  61  74          . p:    6872    6908 e:  -0.5 r:  85.6 OK
US_Illinois_Will=Confirmed i: 138  62  75   6/9/2020 p:    6860    6908 e:  -0.7 r:  86.3 OK
