
  # Process COVID TAB data
p1= 468 il= 138
p1= 468 il= 137
p1= 453 il= 136
p1= 439 il= 135
p1= 424 il= 134
Panama=Deaths nl = 139, n1= 5 s1= 450.4 s2= 203150.8 SD= 17.0481670569013 frac%= 3.78511701973829
Panama=Deaths i:  62  62  -4  3/25/2020 p:       7     450 e: -98.4 r:   1.8   
Panama=Deaths i:  63  63  -3          . p:       7     450 e: -98.4 r:   1.8   
Panama=Deaths i:  64  64  -2  3/27/2020 p:       7     450 e: -98.4 r:   2.0   
Panama=Deaths i:  65  65  -1          . p:      37     450 e: -91.8 r:   3.1   
Panama=Deaths i:  66  66   0  3/29/2020 p:      37     450 e: -91.8 r:   3.8   
Panama=Deaths i:  67  67   1          . p:     111     450 e: -75.4 r:   5.3   
Panama=Deaths i:  68  68   2  3/31/2020 p:     200     450 e: -55.6 r:   6.7   
Panama=Deaths i:  69  69   3          . p:      52     450 e: -88.5 r:   6.7   
Panama=Deaths i:  70  70   4   4/2/2020 p:      37     450 e: -91.8 r:   7.1   
Panama=Deaths i:  71  71   5          . p:      52     450 e: -88.5 r:   8.2   
Panama=Deaths i:  72  72   6   4/4/2020 p:      52     450 e: -88.5 r:   9.1   
Panama=Deaths i:  73  73   7          . p:      66     450 e: -85.3 r:  10.2   
Panama=Deaths i:  74  74   8   4/6/2020 p:     111     450 e: -75.4 r:  12.0   
Panama=Deaths i:  75  75   9          . p:     111     450 e: -75.4 r:  12.2   
Panama=Deaths i:  76  76  10   4/8/2020 p:     111     450 e: -75.4 r:  13.1   
Panama=Deaths i:  77  77  11          . p:     104     450 e: -76.9 r:  14.0   
Panama=Deaths i:  78  78  12  4/10/2020 p:     104     450 e: -76.9 r:  14.7   
Panama=Deaths i:  79  79  13          . p:     126     450 e: -72.0 r:  16.4   
Panama=Deaths i:  80  80  14  4/12/2020 p:     126     450 e: -72.0 r:  17.5   
Panama=Deaths i:  81  81  15          . p:     141     450 e: -68.7 r:  19.3   
Panama=Deaths i:  82  82  16  4/14/2020 p:     171     450 e: -62.0 r:  20.9   
Panama=Deaths i:  83  83  17          . p:     171     450 e: -62.0 r:  21.1   
Panama=Deaths i:  84  84  18  4/16/2020 p:     186     450 e: -58.7 r:  22.9   
Panama=Deaths i:  85  85  19          . p:     186     450 e: -58.7 r:  24.2   
Panama=Deaths i:  86  86  20  4/18/2020 p:     200     450 e: -55.6 r:  25.8   
Panama=Deaths i:  87  87  21          . p:     210     450 e: -53.4 r:  26.6   
Panama=Deaths i:  88  88  22  4/20/2020 p:     214     450 e: -52.5 r:  28.0   
Panama=Deaths i:  89  89  23          . p:     230     450 e: -48.9 r:  30.2   
Panama=Deaths i:  90  90  24  4/22/2020 p:     245     450 e: -45.6 r:  31.3   
Panama=Deaths i:  91  91  25          . p:     251     450 e: -44.3 r:  32.4   
Panama=Deaths i:  92  92  26  4/24/2020 p:     233     450 e: -48.3 r:  34.2   
Panama=Deaths i:  93  93  27          . p:     271     450 e: -39.8 r:  35.3   
Panama=Deaths i:  94  94  28  4/26/2020 p:     275     450 e: -38.9 r:  36.6   
Panama=Deaths i:  95  95  29          . p:     278     450 e: -38.3 r:  37.1   
Panama=Deaths i:  96  96  30  4/28/2020 p:     267     450 e: -40.7 r:  37.1   
Panama=Deaths i:  97  97  31          . p:     274     450 e: -39.2 r:  39.5   
Panama=Deaths i:  98  98  32  4/30/2020 p:     290     450 e: -35.6 r:  41.7   
Panama=Deaths i:  99  99  33          . p:     349     450 e: -22.5 r:  42.6   
Panama=Deaths i: 100 100  34   5/2/2020 p:     349     450 e: -22.5 r:  43.7   
Panama=Deaths i: 101 101  35          . p:     320     450 e: -29.0 r:  43.7   
Panama=Deaths i: 102 102  36   5/4/2020 p:     291     450 e: -35.4 r:  44.4   
Panama=Deaths i: 103 103  37          . p:     312     450 e: -30.7 r:  46.6   
Panama=Deaths i: 104 104  38   5/6/2020 p:     338     450 e: -25.0 r:  48.4   
Panama=Deaths i: 105 105  39          . p:     349     450 e: -22.5 r:  50.0   
Panama=Deaths i: 106 106  40   5/8/2020 p:     364     450 e: -19.2 r:  51.3   
Panama=Deaths i: 107 107  41          . p:     379     450 e: -15.9 r:  52.6   
Panama=Deaths i: 108 108  42  5/10/2020 p:     320     450 e: -29.0 r:  54.2   
Panama=Deaths i: 109 109  43          . p:     320     450 e: -29.0 r:  55.3   
Panama=Deaths i: 110   0  44  5/12/2020 p:     409     450 e:  -9.2 r:  56.0 OK 1st
Panama=Deaths i: 111   1  45          . p:     335     450 e: -25.6 r:  56.8   
Panama=Deaths i: 112   2  46  5/14/2020 p:     332     450 e: -26.3 r:  57.7   
Panama=Deaths i: 113   3  47          . p:     409     450 e:  -9.2 r:  59.1 OK
Panama=Deaths i: 114   4  48  5/16/2020 p:     409     450 e:  -9.2 r:  59.7 OK
Panama=Deaths i: 115   5  49          . p:     349     450 e: -22.5 r:  61.1   
Panama=Deaths i: 116   6  50  5/18/2020 p:     349     450 e: -22.5 r:  61.9   
Panama=Deaths i: 117   7  51          . p:     352     450 e: -21.8 r:  62.4   
Panama=Deaths i: 118   8  52  5/20/2020 p:     351     450 e: -22.1 r:  63.7   
Panama=Deaths i: 119   9  53          . p:     358     450 e: -20.5 r:  64.6   
Panama=Deaths i: 120  10  54  5/22/2020 p:     409     450 e:  -9.2 r:  65.5 OK
Panama=Deaths i: 121  11  55          . p:     409     450 e:  -9.2 r:  66.4 OK
Panama=Deaths i: 122  12  56  5/24/2020 p:     409     450 e:  -9.2 r:  67.9 OK
Panama=Deaths i: 123  13  57          . p:     409     450 e:  -9.2 r:  68.8 OK
Panama=Deaths i: 124  14  58  5/26/2020 p:     409     450 e:  -9.2 r:  69.5 OK
Panama=Deaths i: 125  15  59          . p:     372     450 e: -17.4 r:  69.9   
Panama=Deaths i: 126  16  60  5/28/2020 p:     418     450 e:  -7.2 r:  71.0 OK
Panama=Deaths i: 127  17  61          . p:     378     450 e: -16.1 r:  72.4   
Panama=Deaths i: 128  18  62  5/30/2020 p:     439     450 e:  -2.5 r:  73.3 OK
Panama=Deaths i: 129  19  63          . p:     453     450 e:   0.6 r:  74.6 OK
Panama=Deaths i: 130  20  64   6/1/2020 p:     439     450 e:  -2.5 r:  76.4 OK
Panama=Deaths i: 131  21  65          . p:     409     450 e:  -9.2 r:  78.2 OK
Panama=Deaths i: 132  22  66   6/3/2020 p:     409     450 e:  -9.2 r:  79.3 OK
Panama=Deaths i: 133  23  67          . p:     424     450 e:  -5.9 r:  80.6 OK
Panama=Deaths i: 134  24  68   6/5/2020 p:     424     450 e:  -5.9 r:  82.1 OK
Panama=Deaths i: 135  25  69          . p:     439     450 e:  -2.5 r:  85.7 OK
Panama=Deaths i: 136  26  70   6/7/2020 p:     453     450 e:   0.6 r:  87.3 OK
Panama=Deaths i: 137  27  71          . p:     468     450 e:   3.9 r:  88.4 OK
Panama=Deaths i: 138  28  72   6/9/2020 p:     468     450 e:   3.9 r:  89.5 OK
