
  # Process COVID TAB data
p1= 7202 il= 138
p1= 7198 il= 137
p1= 7660 il= 136
p1= 7189 il= 135
p1= 7189 il= 134
US_Massachusetts_Hampden=Confirmed nl = 139, n1= 5 s1= 7287.6 s2= 53143810 SD= 186.269267459757 frac%= 2.55597545776054
US_Massachusetts_Hampden=Confirmed i:  60  60  -4  3/23/2020 p:     117    7287 e: -98.4 r:   0.2   
US_Massachusetts_Hampden=Confirmed i:  61  61  -3          . p:     117    7287 e: -98.4 r:   0.3   
US_Massachusetts_Hampden=Confirmed i:  62  62  -2  3/25/2020 p:    1532    7287 e: -79.0 r:   0.6   
US_Massachusetts_Hampden=Confirmed i:  63  63  -1          . p:     589    7287 e: -91.9 r:   0.8   
US_Massachusetts_Hampden=Confirmed i:  64  64   0  3/27/2020 p:    4124    7287 e: -43.4 r:   1.2   
US_Massachusetts_Hampden=Confirmed i:  67  67   3          . p:     589    7287 e: -91.9 r:   3.5   
US_Massachusetts_Hampden=Confirmed i:  68  68   4  3/31/2020 p:     824    7287 e: -88.7 r:   4.9   
US_Massachusetts_Hampden=Confirmed i:  69  69   5          . p:    1767    7287 e: -75.8 r:   6.5   
US_Massachusetts_Hampden=Confirmed i:  70  70   6   4/2/2020 p:    1532    7287 e: -79.0 r:   7.5   
US_Massachusetts_Hampden=Confirmed i:  71  71   7          . p:    1767    7287 e: -75.8 r:   9.1   
US_Massachusetts_Hampden=Confirmed i:  72  72   8   4/4/2020 p:    1532    7287 e: -79.0 r:  10.1   
US_Massachusetts_Hampden=Confirmed i:  73  73   9          . p:     891    7287 e: -87.8 r:  10.5   
US_Massachusetts_Hampden=Confirmed i:  74  74  10   4/6/2020 p:    1411    7287 e: -80.6 r:  12.2   
US_Massachusetts_Hampden=Confirmed i:  75  75  11          . p:    1563    7287 e: -78.6 r:  13.7   
US_Massachusetts_Hampden=Confirmed i:  76  76  12   4/8/2020 p:    1767    7287 e: -75.8 r:  14.8   
US_Massachusetts_Hampden=Confirmed i:  77  77  13          . p:    2239    7287 e: -69.3 r:  17.5   
US_Massachusetts_Hampden=Confirmed i:  78  78  14  4/10/2020 p:    2474    7287 e: -66.1 r:  19.1   
US_Massachusetts_Hampden=Confirmed i:  79  79  15          . p:    2710    7287 e: -62.8 r:  21.2   
US_Massachusetts_Hampden=Confirmed i:  80  80  16  4/12/2020 p:    2946    7287 e: -59.6 r:  22.6   
US_Massachusetts_Hampden=Confirmed i:  81  81  17          . p:    2889    7287 e: -60.4 r:  23.2   
US_Massachusetts_Hampden=Confirmed i:  82  82  18  4/14/2020 p:    2839    7287 e: -61.0 r:  24.7   
US_Massachusetts_Hampden=Confirmed i:  83  83  19          . p:    2869    7287 e: -60.6 r:  25.9   
US_Massachusetts_Hampden=Confirmed i:  84  84  20  4/16/2020 p:    2946    7287 e: -59.6 r:  27.2   
US_Massachusetts_Hampden=Confirmed i:  85  85  21          . p:    3182    7287 e: -56.3 r:  29.3   
US_Massachusetts_Hampden=Confirmed i:  86  86  22  4/18/2020 p:    3182    7287 e: -56.3 r:  30.9   
US_Massachusetts_Hampden=Confirmed i:  87  87  23          . p:    3182    7287 e: -56.3 r:  32.1   
US_Massachusetts_Hampden=Confirmed i:  88  88  24  4/20/2020 p:    3417    7287 e: -53.1 r:  33.4   
US_Massachusetts_Hampden=Confirmed i:  89  89  25          . p:    3397    7287 e: -53.4 r:  34.8   
US_Massachusetts_Hampden=Confirmed i:  90  90  26  4/22/2020 p:    3653    7287 e: -49.9 r:  36.7   
US_Massachusetts_Hampden=Confirmed i:  91  91  27          . p:    3653    7287 e: -49.9 r:  38.9   
US_Massachusetts_Hampden=Confirmed i:  92  92  28  4/24/2020 p:    4124    7287 e: -43.4 r:  42.0   
US_Massachusetts_Hampden=Confirmed i:  93  93  29          . p:    4360    7287 e: -40.2 r:  44.3   
US_Massachusetts_Hampden=Confirmed i:  94  94  30  4/26/2020 p:    4360    7287 e: -40.2 r:  45.2   
US_Massachusetts_Hampden=Confirmed i:  95  95  31          . p:    4596    7287 e: -36.9 r:  46.4   
US_Massachusetts_Hampden=Confirmed i:  96  96  32  4/28/2020 p:    4596    7287 e: -36.9 r:  48.7   
US_Massachusetts_Hampden=Confirmed i:  97  97  33          . p:    4832    7287 e: -33.7 r:  50.7   
US_Massachusetts_Hampden=Confirmed i:  98  98  34  4/30/2020 p:    4832    7287 e: -33.7 r:  51.8   
US_Massachusetts_Hampden=Confirmed i:  99  99  35          . p:    5067    7287 e: -30.5 r:  53.5   
US_Massachusetts_Hampden=Confirmed i: 100 100  36   5/2/2020 p:    5088    7287 e: -30.2 r:  54.9   
US_Massachusetts_Hampden=Confirmed i: 101 101  37          . p:    5161    7287 e: -29.2 r:  55.8   
US_Massachusetts_Hampden=Confirmed i: 102 102  38   5/4/2020 p:    5182    7287 e: -28.9 r:  56.5   
US_Massachusetts_Hampden=Confirmed i: 103 103  39          . p:    5238    7287 e: -28.1 r:  57.7   
US_Massachusetts_Hampden=Confirmed i: 104 104  40   5/6/2020 p:    5258    7287 e: -27.9 r:  59.3   
US_Massachusetts_Hampden=Confirmed i: 105 105  41          . p:    5303    7287 e: -27.2 r:  60.9   
US_Massachusetts_Hampden=Confirmed i: 106 106  42   5/8/2020 p:    5539    7287 e: -24.0 r:  62.1   
US_Massachusetts_Hampden=Confirmed i: 107 107  43          . p:    5774    7287 e: -20.8 r:  63.8   
US_Massachusetts_Hampden=Confirmed i: 108 108  44  5/10/2020 p:    5774    7287 e: -20.8 r:  64.7   
US_Massachusetts_Hampden=Confirmed i: 109   0  45          . p:    6717    7287 e:  -7.8 r:  65.4 OK 1st
US_Massachusetts_Hampden=Confirmed i: 110   1  46  5/12/2020 p:    5677    7287 e: -22.1 r:  66.3   
US_Massachusetts_Hampden=Confirmed i: 111   2  47          . p:    5948    7287 e: -18.4 r:  67.1   
US_Massachusetts_Hampden=Confirmed i: 112   3  48  5/14/2020 p:    6482    7287 e: -11.1 r:  68.3 OK
US_Massachusetts_Hampden=Confirmed i: 113   4  49          . p:    6482    7287 e: -11.1 r:  69.1 OK
US_Massachusetts_Hampden=Confirmed i: 114   5  50  5/16/2020 p:    6246    7287 e: -14.3 r:  70.4 OK
US_Massachusetts_Hampden=Confirmed i: 115   6  51          . p:    6482    7287 e: -11.1 r:  71.4 OK
US_Massachusetts_Hampden=Confirmed i: 116   7  52  5/18/2020 p:    6482    7287 e: -11.1 r:  72.2 OK
US_Massachusetts_Hampden=Confirmed i: 117   8  53          . p:    6482    7287 e: -11.1 r:  73.2 OK
US_Massachusetts_Hampden=Confirmed i: 118   9  54  5/20/2020 p:    6482    7287 e: -11.1 r:  74.3 OK
US_Massachusetts_Hampden=Confirmed i: 119  10  55          . p:    6482    7287 e: -11.1 r:  75.4 OK
US_Massachusetts_Hampden=Confirmed i: 120  11  56  5/22/2020 p:    6717    7287 e:  -7.8 r:  76.4 OK
US_Massachusetts_Hampden=Confirmed i: 121  12  57          . p:    6717    7287 e:  -7.8 r:  77.1 OK
US_Massachusetts_Hampden=Confirmed i: 122  13  58  5/24/2020 p:    6728    7287 e:  -7.7 r:  78.0 OK
US_Massachusetts_Hampden=Confirmed i: 123  14  59          . p:    6858    7287 e:  -5.9 r:  79.0 OK
US_Massachusetts_Hampden=Confirmed i: 124  15  60  5/26/2020 p:    6934    7287 e:  -4.9 r:  79.5 OK
US_Massachusetts_Hampden=Confirmed i: 125  16  61          . p:    6923    7287 e:  -5.0 r:  80.2 OK
US_Massachusetts_Hampden=Confirmed i: 126  17  62  5/28/2020 p:    6915    7287 e:  -5.1 r:  80.7 OK
US_Massachusetts_Hampden=Confirmed i: 127  18  63          . p:    6895    7287 e:  -5.4 r:  81.5 OK
US_Massachusetts_Hampden=Confirmed i: 128  19  64  5/30/2020 p:    6953    7287 e:  -4.6 r:  82.1 OK
US_Massachusetts_Hampden=Confirmed i: 129  20  65          . p:    6953    7287 e:  -4.6 r:  82.8 OK
US_Massachusetts_Hampden=Confirmed i: 130  21  66   6/1/2020 p:    7189    7287 e:  -1.4 r:  84.9 OK
US_Massachusetts_Hampden=Confirmed i: 131  22  67          . p:    7189    7287 e:  -1.4 r:  85.1 OK
US_Massachusetts_Hampden=Confirmed i: 132  23  68   6/3/2020 p:    7189    7287 e:  -1.4 r:  85.6 OK
US_Massachusetts_Hampden=Confirmed i: 133  24  69          . p:    7189    7287 e:  -1.4 r:  86.0 OK
US_Massachusetts_Hampden=Confirmed i: 134  25  70   6/5/2020 p:    7189    7287 e:  -1.4 r:  86.4 OK
US_Massachusetts_Hampden=Confirmed i: 135  26  71          . p:    7189    7287 e:  -1.4 r:  87.0 OK
US_Massachusetts_Hampden=Confirmed i: 136  27  72   6/7/2020 p:    7660    7287 e:   5.1 r:  87.2 OK
US_Massachusetts_Hampden=Confirmed i: 137  28  73          . p:    7198    7287 e:  -1.2 r:  87.3 OK
US_Massachusetts_Hampden=Confirmed i: 138  29  74   6/9/2020 p:    7202    7287 e:  -1.2 r:  87.5 OK
