
  # Process COVID TAB data
p1= 293 il= 138
p1= 302 il= 137
p1= 326 il= 136
p1= 343 il= 135
p1= 277 il= 134
US_California_San_Bernardino=Deaths nl = 139, n1= 5 s1= 308.2 s2= 95541.4 SD= 23.5406032208184 frac%= 7.63809319299752
US_California_San_Bernardino=Deaths i:  69  69  -8          . p:      20     308 e: -93.5 r:   1.9   
US_California_San_Bernardino=Deaths i:  70  70  -7   4/2/2020 p:      20     308 e: -93.5 r:   1.9   
US_California_San_Bernardino=Deaths i:  71  71  -6          . p:      37     308 e: -88.0 r:   2.6   
US_California_San_Bernardino=Deaths i:  75  75  -2          . p:      20     308 e: -93.5 r:   5.2   
US_California_San_Bernardino=Deaths i:  76  76  -1   4/8/2020 p:      20     308 e: -93.5 r:   5.5   
US_California_San_Bernardino=Deaths i:  77  77   0          . p:      28     308 e: -90.9 r:   6.5   
US_California_San_Bernardino=Deaths i:  78  78   1  4/10/2020 p:      62     308 e: -79.9 r:   7.8   
US_California_San_Bernardino=Deaths i:  79  79   2          . p:      53     308 e: -82.8 r:   8.1   
US_California_San_Bernardino=Deaths i:  80  80   3  4/12/2020 p:      45     308 e: -85.4 r:   8.1   
US_California_San_Bernardino=Deaths i:  81  81   4          . p:      70     308 e: -77.3 r:  10.1   
US_California_San_Bernardino=Deaths i:  82  82   5  4/14/2020 p:      62     308 e: -79.9 r:  10.1   
US_California_San_Bernardino=Deaths i:  83  83   6          . p:      54     308 e: -82.5 r:  10.1   
US_California_San_Bernardino=Deaths i:  84  84   7  4/16/2020 p:      78     308 e: -74.7 r:  12.7   
US_California_San_Bernardino=Deaths i:  85  85   8          . p:     161     308 e: -47.8 r:  15.2   
US_California_San_Bernardino=Deaths i:  86   0   9  4/18/2020 p:     310     308 e:   0.6 r:  18.5 OK 1st
US_California_San_Bernardino=Deaths i:  87   1  10          . p:     401     308 e:  30.1 r:  18.5   
US_California_San_Bernardino=Deaths i:  88   2  11  4/20/2020 p:      62     308 e: -79.9 r:  19.5   
US_California_San_Bernardino=Deaths i:  89   3  12          . p:     359     308 e:  16.5 r:  21.7   
US_California_San_Bernardino=Deaths i:  90   4  13  4/22/2020 p:      78     308 e: -74.7 r:  21.7   
US_California_San_Bernardino=Deaths i:  91   5  14          . p:     343     308 e:  11.3 r:  25.0 OK
US_California_San_Bernardino=Deaths i:  92   6  15  4/24/2020 p:     335     308 e:   8.7 r:  26.0 OK
US_California_San_Bernardino=Deaths i:  93   7  16          . p:     302     308 e:  -2.0 r:  26.0 OK
US_California_San_Bernardino=Deaths i:  94   8  17  4/26/2020 p:      83     308 e: -73.1 r:  26.6   
US_California_San_Bernardino=Deaths i:  95   9  18          . p:      83     308 e: -73.1 r:  26.6   
US_California_San_Bernardino=Deaths i:  96  10  19  4/28/2020 p:      90     308 e: -70.8 r:  27.6   
US_California_San_Bernardino=Deaths i:  97  11  20          . p:     103     308 e: -66.6 r:  28.9   
US_California_San_Bernardino=Deaths i:  98  12  21  4/30/2020 p:     103     308 e: -66.6 r:  30.2   
US_California_San_Bernardino=Deaths i:  99  13  22          . p:     111     308 e: -64.0 r:  30.5   
US_California_San_Bernardino=Deaths i: 100  14  23   5/2/2020 p:     111     308 e: -64.0 r:  31.5   
US_California_San_Bernardino=Deaths i: 101  15  24          . p:     111     308 e: -64.0 r:  31.5   
US_California_San_Bernardino=Deaths i: 102  16  25   5/4/2020 p:     111     308 e: -64.0 r:  31.5   
US_California_San_Bernardino=Deaths i: 103  17  26          . p:     111     308 e: -64.0 r:  32.8   
US_California_San_Bernardino=Deaths i: 104  18  27   5/6/2020 p:     119     308 e: -61.4 r:  33.7   
US_California_San_Bernardino=Deaths i: 105  19  28          . p:     119     308 e: -61.4 r:  35.0   
US_California_San_Bernardino=Deaths i: 106  20  29   5/8/2020 p:     128     308 e: -58.5 r:  36.0   
US_California_San_Bernardino=Deaths i: 107  21  30          . p:     136     308 e: -55.9 r:  37.0   
US_California_San_Bernardino=Deaths i: 108  22  31  5/10/2020 p:     136     308 e: -55.9 r:  37.0   
US_California_San_Bernardino=Deaths i: 109  23  32          . p:     136     308 e: -55.9 r:  37.3   
US_California_San_Bernardino=Deaths i: 110  24  33  5/12/2020 p:     144     308 e: -53.3 r:  38.9   
US_California_San_Bernardino=Deaths i: 114  28  37  5/16/2020 p:     177     308 e: -42.6 r:  50.3   
US_California_San_Bernardino=Deaths i: 115  29  38          . p:     161     308 e: -47.8 r:  50.3   
US_California_San_Bernardino=Deaths i: 116  30  39  5/18/2020 p:     156     308 e: -49.4 r:  50.3   
US_California_San_Bernardino=Deaths i: 117  31  40          . p:     156     308 e: -49.4 r:  50.9   
US_California_San_Bernardino=Deaths i: 118  32  41  5/20/2020 p:     161     308 e: -47.8 r:  51.3   
US_California_San_Bernardino=Deaths i: 119  33  42          . p:     177     308 e: -42.6 r:  53.2   
US_California_San_Bernardino=Deaths i: 121  35  44          . p:     219     308 e: -28.9 r:  57.1   
US_California_San_Bernardino=Deaths i: 122  36  45  5/24/2020 p:     186     308 e: -39.6 r:  57.1   
US_California_San_Bernardino=Deaths i: 123  37  46          . p:     177     308 e: -42.6 r:  57.1   
US_California_San_Bernardino=Deaths i: 124  38  47  5/26/2020 p:     177     308 e: -42.6 r:  57.1   
US_California_San_Bernardino=Deaths i: 125  39  48          . p:     177     308 e: -42.6 r:  57.1   
US_California_San_Bernardino=Deaths i: 126  40  49  5/28/2020 p:     227     308 e: -26.3 r:  61.6   
US_California_San_Bernardino=Deaths i: 127  41  50          . p:     310     308 e:   0.6 r:  64.6 OK
US_California_San_Bernardino=Deaths i: 128  42  51  5/30/2020 p:     310     308 e:   0.6 r:  66.2 OK
US_California_San_Bernardino=Deaths i: 129  43  52          . p:     211     308 e: -31.5 r:  66.2   
US_California_San_Bernardino=Deaths i: 130  44  53   6/1/2020 p:     202     308 e: -34.5 r:  66.2   
US_California_San_Bernardino=Deaths i: 131  45  54          . p:     211     308 e: -31.5 r:  67.5   
US_California_San_Bernardino=Deaths i: 132  46  55   6/3/2020 p:     211     308 e: -31.5 r:  67.8   
US_California_San_Bernardino=Deaths i: 133  47  56          . p:     211     308 e: -31.5 r:  67.8   
US_California_San_Bernardino=Deaths i: 134  48  57   6/5/2020 p:     277     308 e: -10.1 r:  70.4 OK
US_California_San_Bernardino=Deaths i: 135  49  58          . p:     343     308 e:  11.3 r:  72.7 OK
US_California_San_Bernardino=Deaths i: 136  50  59   6/7/2020 p:     326     308 e:   5.8 r:  72.7 OK
US_California_San_Bernardino=Deaths i: 137  51  60          . p:     302     308 e:  -2.0 r:  72.7 OK
US_California_San_Bernardino=Deaths i: 138  52  61   6/9/2020 p:     293     308 e:  -4.9 r:  72.7 OK
