
  # Process COVID TAB data
p1= 189952 il= 138
p1= 189952 il= 137
p1= 189929 il= 136
p1= 189952 il= 135
p1= 189952 il= 134
France=Confirmed nl = 139, n1= 5 s1= 189947.4 s2= 36080014851.4 SD= 9.20000038146972 frac%= 0.00484344633381121
France=Confirmed i:  16  16 -20   2/8/2020 p:   17327  189947 e: -90.9 r:   0.0   
France=Confirmed i:  17  17 -19          . p:   65843  189947 e: -65.3 r:   0.0   
France=Confirmed i:  18  18 -18  2/10/2020 p:   10396  189947 e: -94.5 r:   0.0   
France=Confirmed i:  19  19 -17          . p:    3465  189947 e: -98.2 r:   0.0   
France=Confirmed i:  20  20 -16  2/12/2020 p:    3465  189947 e: -98.2 r:   0.0   
France=Confirmed i:  21  21 -15          . p:    3465  189947 e: -98.2 r:   0.0   
France=Confirmed i:  22  22 -14  2/14/2020 p:    3465  189947 e: -98.2 r:   0.0   
France=Confirmed i:  23  23 -13          . p:    3465  189947 e: -98.2 r:   0.0   
France=Confirmed i:  24  24 -12  2/16/2020 p:    3465  189947 e: -98.2 r:   0.0   
France=Confirmed i:  25  25 -11          . p:    3465  189947 e: -98.2 r:   0.0   
France=Confirmed i:  26  26 -10  2/18/2020 p:    3465  189947 e: -98.2 r:   0.0   
France=Confirmed i:  27  27  -9          . p:    3465  189947 e: -98.2 r:   0.0   
France=Confirmed i:  28  28  -8  2/20/2020 p:    2837  189947 e: -98.5 r:   0.0   
France=Confirmed i:  29  29  -7          . p:    2837  189947 e: -98.5 r:   0.0   
France=Confirmed i:  30  30  -6  2/22/2020 p:    3396  189947 e: -98.2 r:   0.0   
France=Confirmed i:  31  31  -5          . p:    3396  189947 e: -98.2 r:   0.0   
France=Confirmed i:  32  32  -4  2/24/2020 p:    2837  189947 e: -98.5 r:   0.0   
France=Confirmed i:  33  33  -3          . p:    3465  189947 e: -98.2 r:   0.0   
France=Confirmed i:  38  38   2   3/1/2020 p:   10396  189947 e: -94.5 r:   0.1   
France=Confirmed i:  39  39   3          . p:    3465  189947 e: -98.2 r:   0.1   
France=Confirmed i:  40  40   4   3/3/2020 p:    3465  189947 e: -98.2 r:   0.1   
France=Confirmed i:  41  41   5          . p:    3465  189947 e: -98.2 r:   0.2   
France=Confirmed i:  42  42   6   3/5/2020 p:    3465  189947 e: -98.2 r:   0.3   
France=Confirmed i:  43  43   7          . p:   38119  189947 e: -79.9 r:   0.5   
France=Confirmed i:  44  44   8   3/7/2020 p:       0  189947 e: -100.0 r:   0.7   
France=Confirmed i:  45  45   9          . p:       0  189947 e: -100.0 r:   0.8   
France=Confirmed i:  46  46  10   3/9/2020 p:    3465  189947 e: -98.2 r:   0.8   
France=Confirmed i:  47  47  11          . p:   10396  189947 e: -94.5 r:   1.2   
France=Confirmed i:  48  48  12  3/11/2020 p:   17327  189947 e: -90.9 r:   1.6   
France=Confirmed i:  49  49  13          . p:   10396  189947 e: -94.5 r:   1.6   
France=Confirmed i:  50  50  14  3/13/2020 p:   93567  189947 e: -50.7 r:   2.6   
France=Confirmed i:  51   0  15          . p:  190599  189947 e:   0.3 r:   3.1 OK 1st
France=Confirmed i:  52   1  16  3/15/2020 p:   79705  189947 e: -58.0 r:   3.1   
France=Confirmed i:  53   2  17          . p:  246046  189947 e:  29.5 r:   4.6   
France=Confirmed i:  54   3  18  3/17/2020 p:  183668  189947 e:  -3.3 r:   5.3 OK
France=Confirmed i:  55   4  19          . p:   31189  189947 e: -83.6 r:   6.3   
France=Confirmed i:  56   5  20  3/19/2020 p:       0  189947 e: -100.0 r:   7.6   
France=Confirmed i:  57   6  21          . p:   65843  189947 e: -65.3 r:   8.8   
France=Confirmed i:  58   7  22  3/21/2020 p:   38119  189947 e: -79.9 r:   9.9   
France=Confirmed i:  59   8  23          . p:  107428  189947 e: -43.4 r:  11.2   
France=Confirmed i:  60   9  24  3/23/2020 p:  495559  189947 e: 160.9 r:  13.8   
France=Confirmed i:  61  10  25          . p:  509420  189947 e: 168.2 r:  15.5   
France=Confirmed i:  62  11  26  3/25/2020 p:  204461  189947 e:   7.6 r:  17.6 OK
France=Confirmed i:  63  12  27          . p:  301493  189947 e:  58.7 r:  20.3   
France=Confirmed i:  64  13  28  3/27/2020 p:       0  189947 e: -100.0 r:  23.0   
France=Confirmed i:  65  14  29          . p:       0  189947 e: -100.0 r:  26.2   
France=Confirmed i:  66  15  30  3/29/2020 p:  453973  189947 e: 139.0 r:  28.0   
France=Confirmed i:  67  16  31          . p:       0  189947 e: -100.0 r:  31.0   
France=Confirmed i:  68  17  32  3/31/2020 p:  537144  189947 e: 182.8 r:  34.2   
France=Confirmed i:  69  18  33          . p:       0  189947 e: -100.0 r:  37.4   
France=Confirmed i:  70  19  34   4/2/2020 p:  142083  189947 e: -25.2 r:  38.8   
France=Confirmed i:  71  20  35          . p:  162876  189947 e: -14.3 r:  42.2 OK
France=Confirmed i:  72  21  36   4/4/2020 p:  169806  189947 e: -10.6 r:  45.0 OK
France=Confirmed i:  73  22  37          . p:  142083  189947 e: -25.2 r:  46.3   
France=Confirmed i:  74  23  38   4/6/2020 p:  128221  189947 e: -32.5 r:  48.8   
France=Confirmed i:  75  24  39          . p:  149014  189947 e: -21.5 r:  51.3   
France=Confirmed i:  76  25  40   4/8/2020 p:  155945  189947 e: -17.9 r:  53.9   
France=Confirmed i:  77  26  41          . p:  169806  189947 e: -10.6 r:  56.7 OK
France=Confirmed i:  78  27  42  4/10/2020 p:  176737  189947 e:  -7.0 r:  59.5 OK
France=Confirmed i:  79  28  43          . p:  183668  189947 e:  -3.3 r:  61.6 OK
France=Confirmed i:  80  29  44  4/12/2020 p:  183668  189947 e:  -3.3 r:  63.5 OK
France=Confirmed i:  81  30  45          . p:  183668  189947 e:  -3.3 r:  65.4 OK
France=Confirmed i:  82  31  46  4/14/2020 p:  190599  189947 e:   0.3 r:  68.0 OK
France=Confirmed i:  83  32  47          . p:  190599  189947 e:   0.3 r:  69.7 OK
France=Confirmed i:  84  33  48  4/16/2020 p:  218323  189947 e:  14.9 r:  76.3 OK
France=Confirmed i:  85  34  49          . p:  218323  189947 e:  14.9 r:  76.8 OK
France=Confirmed i:  86  35  50  4/18/2020 p:  218323  189947 e:  14.9 r:  77.3 OK
France=Confirmed i:  87  36  51          . p:  218323  189947 e:  14.9 r:  79.9 OK
France=Confirmed i:  88  37  52  4/20/2020 p:  218323  189947 e:  14.9 r:  81.2 OK
France=Confirmed i:  89  38  53          . p:  218323  189947 e:  14.9 r:  81.3 OK
France=Confirmed i:  90  39  54  4/22/2020 p:  211392  189947 e:  11.3 r:  81.5 OK
France=Confirmed i:  91  40  55          . p:  204461  189947 e:   7.6 r:  82.7 OK
France=Confirmed i:  92  41  56  4/24/2020 p:  204461  189947 e:   7.6 r:  83.5 OK
France=Confirmed i:  93  42  57          . p:  197530  189947 e:   4.0 r:  84.4 OK
France=Confirmed i:  94  43  58  4/26/2020 p:  190599  189947 e:   0.3 r:  84.7 OK
France=Confirmed i:  95  44  59          . p:  190599  189947 e:   0.3 r:  86.6 OK
France=Confirmed i:  96  45  60  4/28/2020 p:  190599  189947 e:   0.3 r:  86.8 OK
France=Confirmed i:  97  46  61          . p:  183668  189947 e:  -3.3 r:  86.9 OK
France=Confirmed i:  98  47  62  4/30/2020 p:  183668  189947 e:  -3.3 r:  87.3 OK
France=Confirmed i:  99  48  63          . p:  172006  189947 e:  -9.4 r:  87.6 OK
France=Confirmed i: 100  49  64   5/2/2020 p:  169806  189947 e: -10.6 r:  87.9 OK
France=Confirmed i: 101  50  65          . p:  169806  189947 e: -10.6 r:  88.1 OK
France=Confirmed i: 102  51  66   5/4/2020 p:  169806  189947 e: -10.6 r:  88.4 OK
France=Confirmed i: 103  52  67          . p:  169806  189947 e: -10.6 r:  88.9 OK
France=Confirmed i: 104  53  68   5/6/2020 p:  177704  189947 e:  -6.4 r:  90.8 OK
France=Confirmed i: 105  54  69          . p:  180278  189947 e:  -5.1 r:  91.1 OK
France=Confirmed i: 106  55  70   5/8/2020 p:  183668  189947 e:  -3.3 r:  91.8 OK
France=Confirmed i: 107  56  71          . p:  183668  189947 e:  -3.3 r:  92.0 OK
France=Confirmed i: 108  57  72  5/10/2020 p:  183668  189947 e:  -3.3 r:  92.1 OK
France=Confirmed i: 109  58  73          . p:  183668  189947 e:  -3.3 r:  92.4 OK
France=Confirmed i: 110  59  74  5/12/2020 p:  183668  189947 e:  -3.3 r:  92.5 OK
France=Confirmed i: 111  60  75          . p:  183668  189947 e:  -3.3 r:  92.6 OK
France=Confirmed i: 112  61  76  5/14/2020 p:  182519  189947 e:  -3.9 r:  93.0 OK
France=Confirmed i: 113  62  77          . p:  181693  189947 e:  -4.3 r:  93.2 OK
France=Confirmed i: 114  63  78  5/16/2020 p:  183668  189947 e:  -3.3 r:  93.3 OK
France=Confirmed i: 115  64  79          . p:  181749  189947 e:  -4.3 r:  93.3 OK
France=Confirmed i: 116  65  80  5/18/2020 p:  181587  189947 e:  -4.4 r:  93.5 OK
France=Confirmed i: 117  66  81          . p:  183668  189947 e:  -3.3 r:  93.9 OK
France=Confirmed i: 118  67  82  5/20/2020 p:  183668  189947 e:  -3.3 r:  94.3 OK
France=Confirmed i: 119  68  83          . p:  183668  189947 e:  -3.3 r:  94.4 OK
France=Confirmed i: 120  69  84  5/22/2020 p:  183668  189947 e:  -3.3 r:  94.6 OK
France=Confirmed i: 121  70  85          . p:  183668  189947 e:  -3.3 r:  94.6 OK
France=Confirmed i: 122  71  86  5/24/2020 p:  183668  189947 e:  -3.3 r:  94.7 OK
France=Confirmed i: 123  72  87          . p:  181769  189947 e:  -4.3 r:  94.7 OK
France=Confirmed i: 124  73  88  5/26/2020 p:  181932  189947 e:  -4.2 r:  94.7 OK
France=Confirmed i: 125  74  89          . p:  183668  189947 e:  -3.3 r:  94.8 OK
France=Confirmed i: 126  75  90  5/28/2020 p:  185980  189947 e:  -2.1 r:  96.5 OK
France=Confirmed i: 127  76  91          . p:  187995  189947 e:  -1.0 r:  96.8 OK
France=Confirmed i: 128  77  92  5/30/2020 p:  190599  189947 e:   0.3 r:  97.7 OK
France=Confirmed i: 129  78  93          . p:  189355  189947 e:  -0.3 r:  97.8 OK
France=Confirmed i: 130  79  94   6/1/2020 p:  189356  189947 e:  -0.3 r:  97.9 OK
France=Confirmed i: 131  80  95          . p:  189167  189947 e:  -0.4 r:  97.4 OK
France=Confirmed i: 132  81  96   6/3/2020 p:  189186  189947 e:  -0.4 r:  97.6 OK
France=Confirmed i: 133  82  97          . p:  189952  189947 e:   0.0 r:  97.9 OK
France=Confirmed i: 134  83  98   6/5/2020 p:  189952  189947 e:   0.0 r:  98.2 OK
France=Confirmed i: 135  84  99          . p:  189952  189947 e:   0.0 r:  98.5 OK
France=Confirmed i: 136  85 100   6/7/2020 p:  189929  189947 e:  -0.0 r:  98.6 OK
France=Confirmed i: 137  86 101          . p:  189952  189947 e:   0.0 r:  98.7 OK
France=Confirmed i: 138  87 102   6/9/2020 p:  189952  189947 e:   0.0 r:  98.8 OK
