
  # Process COVID TAB data
p1= 88926 il= 138
p1= 86490 il= 137
p1= 86490 il= 136
p1= 84054 il= 135
p1= 84054 il= 134
US_California_Los_Angeles=Confirmed nl = 139, n1= 5 s1= 86002.8 s2= 7399804701.6 SD= 1822.93547883633 frac%= 2.11962340625692
US_California_Los_Angeles=Confirmed i:  44  44  -9   3/7/2020 p:    1249   86002 e: -98.5 r:   0.0   
US_California_Los_Angeles=Confirmed i:  45  45  -8          . p:    1218   86002 e: -98.6 r:   0.0   
US_California_Los_Angeles=Confirmed i:  46  46  -7   3/9/2020 p:    1218   86002 e: -98.6 r:   0.0   
US_California_Los_Angeles=Confirmed i:  47  47  -6          . p:    1218   86002 e: -98.6 r:   0.0   
US_California_Los_Angeles=Confirmed i:  48  48  -5  3/11/2020 p:    1218   86002 e: -98.6 r:   0.0   
US_California_Los_Angeles=Confirmed i:  49  49  -4          . p:    1218   86002 e: -98.6 r:   0.0   
US_California_Los_Angeles=Confirmed i:  50  50  -3  3/13/2020 p:    1218   86002 e: -98.6 r:   0.0   
US_California_Los_Angeles=Confirmed i:  51  51  -2          . p:    1218   86002 e: -98.6 r:   0.1   
US_California_Los_Angeles=Confirmed i:  52  52  -1  3/15/2020 p:    1218   86002 e: -98.6 r:   0.1   
US_California_Los_Angeles=Confirmed i:  53  53   0          . p:    1218   86002 e: -98.6 r:   0.1   
US_California_Los_Angeles=Confirmed i:  54  54   1  3/17/2020 p:    3654   86002 e: -95.8 r:   0.2   
US_California_Los_Angeles=Confirmed i:  55  55   2          . p:    6090   86002 e: -92.9 r:   0.2   
US_California_Los_Angeles=Confirmed i:  56  56   3  3/19/2020 p:   10963   86002 e: -87.3 r:   0.3   
US_California_Los_Angeles=Confirmed i:  57  57   4          . p:    1218   86002 e: -98.6 r:   0.3   
US_California_Los_Angeles=Confirmed i:  58  58   5  3/21/2020 p:    1218   86002 e: -98.6 r:   0.4   
US_California_Los_Angeles=Confirmed i:  59  59   6          . p:    1218   86002 e: -98.6 r:   0.5   
US_California_Los_Angeles=Confirmed i:  60  60   7  3/23/2020 p:    1218   86002 e: -98.6 r:   0.6   
US_California_Los_Angeles=Confirmed i:  61  61   8          . p:    3654   86002 e: -95.8 r:   0.8   
US_California_Los_Angeles=Confirmed i:  62  62   9  3/25/2020 p:    3654   86002 e: -95.8 r:   0.9   
US_California_Los_Angeles=Confirmed i:  63   0  10          . p:   88926   86002 e:   3.4 r:   1.4 OK 1st
US_California_Los_Angeles=Confirmed i:  64   1  11  3/27/2020 p:       0   86002 e: -100.0 r:   1.7   
US_California_Los_Angeles=Confirmed i:  65   2  12          . p:    6090   86002 e: -92.9 r:   1.9   
US_California_Los_Angeles=Confirmed i:  66   3  13  3/29/2020 p:    1218   86002 e: -98.6 r:   2.1   
US_California_Los_Angeles=Confirmed i:  67   4  14          . p:       0   86002 e: -100.0 r:   2.9   
US_California_Los_Angeles=Confirmed i:  68   5  15  3/31/2020 p:   76745   86002 e: -10.8 r:   3.5 OK
US_California_Los_Angeles=Confirmed i:  69   6  16          . p:   84054   86002 e:  -2.3 r:   4.1 OK
US_California_Los_Angeles=Confirmed i:  70   7  17   4/2/2020 p:   10963   86002 e: -87.3 r:   4.7   
US_California_Los_Angeles=Confirmed i:  71   8  18          . p:    6090   86002 e: -92.9 r:   5.3   
US_California_Los_Angeles=Confirmed i:  72   9  19   4/4/2020 p:    6090   86002 e: -92.9 r:   5.4   
US_California_Los_Angeles=Confirmed i:  73  10  20          . p:   35327   86002 e: -58.9 r:   6.9   
US_California_Los_Angeles=Confirmed i:  74  11  21   4/6/2020 p:   28018   86002 e: -67.4 r:   7.4   
US_California_Los_Angeles=Confirmed i:  75  12  22          . p:   28018   86002 e: -67.4 r:   8.1   
US_California_Los_Angeles=Confirmed i:  76  13  23   4/8/2020 p:   25581   86002 e: -70.3 r:   8.8   
US_California_Los_Angeles=Confirmed i:  77  14  24          . p:   15836   86002 e: -81.6 r:   9.2   
US_California_Los_Angeles=Confirmed i:  78  15  25  4/10/2020 p:   15836   86002 e: -81.6 r:   9.8   
US_California_Los_Angeles=Confirmed i:  79  16  26          . p:   10963   86002 e: -87.3 r:   9.8   
US_California_Los_Angeles=Confirmed i:  80  17  27  4/12/2020 p:   10963   86002 e: -87.3 r:  10.3   
US_California_Los_Angeles=Confirmed i:  81  18  28          . p:   10963   86002 e: -87.3 r:  11.0   
US_California_Los_Angeles=Confirmed i:  82  19  29  4/14/2020 p:   13399   86002 e: -84.4 r:  11.7   
US_California_Los_Angeles=Confirmed i:  83  20  30          . p:   13399   86002 e: -84.4 r:  12.2   
US_California_Los_Angeles=Confirmed i:  84  21  31  4/16/2020 p:   15836   86002 e: -81.6 r:  12.6   
US_California_Los_Angeles=Confirmed i:  85  22  32          . p:   15836   86002 e: -81.6 r:  13.3   
US_California_Los_Angeles=Confirmed i:  86  23  33  4/18/2020 p:   18272   86002 e: -78.8 r:  14.0   
US_California_Los_Angeles=Confirmed i:  87  24  34          . p:   18272   86002 e: -78.8 r:  14.3   
US_California_Los_Angeles=Confirmed i:  88  25  35  4/20/2020 p:   20709   86002 e: -75.9 r:  16.1   
US_California_Los_Angeles=Confirmed i:  89  26  36          . p:   23145   86002 e: -73.1 r:  17.6   
US_California_Los_Angeles=Confirmed i:  90  27  37  4/22/2020 p:   28018   86002 e: -67.4 r:  19.1   
US_California_Los_Angeles=Confirmed i:  91  28  38          . p:   30454   86002 e: -64.6 r:  20.4   
US_California_Los_Angeles=Confirmed i:  92  29  39  4/24/2020 p:   32890   86002 e: -61.8 r:  21.6   
US_California_Los_Angeles=Confirmed i:  93  30  40          . p:   35327   86002 e: -58.9 r:  22.2   
US_California_Los_Angeles=Confirmed i:  94  31  41  4/26/2020 p:   35327   86002 e: -58.9 r:  22.8   
US_California_Los_Angeles=Confirmed i:  95  32  42          . p:   37763   86002 e: -56.1 r:  23.7   
US_California_Los_Angeles=Confirmed i:  96  33  43  4/28/2020 p:   37763   86002 e: -56.1 r:  24.4   
US_California_Los_Angeles=Confirmed i:  97  34  44          . p:   40199   86002 e: -53.3 r:  26.1   
US_California_Los_Angeles=Confirmed i:  98  35  45  4/30/2020 p:   40199   86002 e: -53.3 r:  27.0   
US_California_Los_Angeles=Confirmed i:  99  36  46          . p:   42636   86002 e: -50.4 r:  28.2   
US_California_Los_Angeles=Confirmed i: 100  37  47   5/2/2020 p:   42636   86002 e: -50.4 r:  28.9   
US_California_Los_Angeles=Confirmed i: 101  38  48          . p:   42636   86002 e: -50.4 r:  29.9   
US_California_Los_Angeles=Confirmed i: 102  39  49   5/4/2020 p:   45072   86002 e: -47.6 r:  30.5   
US_California_Los_Angeles=Confirmed i: 103  40  50          . p:   45072   86002 e: -47.6 r:  32.4   
US_California_Los_Angeles=Confirmed i: 104  41  51   5/6/2020 p:   47508   86002 e: -44.8 r:  33.3   
US_California_Los_Angeles=Confirmed i: 105  42  52          . p:   47508   86002 e: -44.8 r:  34.3   
US_California_Los_Angeles=Confirmed i: 106  43  53   5/8/2020 p:   49945   86002 e: -41.9 r:  35.3   
US_California_Los_Angeles=Confirmed i: 107  44  54          . p:   49945   86002 e: -41.9 r:  36.3   
US_California_Los_Angeles=Confirmed i: 108  45  55  5/10/2020 p:   49945   86002 e: -41.9 r:  36.9   
US_California_Los_Angeles=Confirmed i: 109  46  56          . p:   49945   86002 e: -41.9 r:  37.5   
US_California_Los_Angeles=Confirmed i: 110  47  57  5/12/2020 p:   52381   86002 e: -39.1 r:  38.6   
US_California_Los_Angeles=Confirmed i: 111  48  58          . p:   52381   86002 e: -39.1 r:  40.2   
US_California_Los_Angeles=Confirmed i: 112  49  59  5/14/2020 p:   52381   86002 e: -39.1 r:  41.2   
US_California_Los_Angeles=Confirmed i: 113  50  60          . p:   54817   86002 e: -36.3 r:  42.2   
US_California_Los_Angeles=Confirmed i: 114  51  61  5/16/2020 p:   54817   86002 e: -36.3 r:  43.4   
US_California_Los_Angeles=Confirmed i: 115  52  62          . p:   57254   86002 e: -33.4 r:  44.2   
US_California_Los_Angeles=Confirmed i: 116  53  63  5/18/2020 p:   57254   86002 e: -33.4 r:  44.7   
US_California_Los_Angeles=Confirmed i: 117  54  64          . p:   56160   86002 e: -34.7 r:  46.0   
US_California_Los_Angeles=Confirmed i: 118  55  65  5/20/2020 p:   57254   86002 e: -33.4 r:  47.6   
US_California_Los_Angeles=Confirmed i: 119  56  66          . p:   59690   86002 e: -30.6 r:  48.9   
US_California_Los_Angeles=Confirmed i: 120  57  67  5/22/2020 p:   59690   86002 e: -30.6 r:  50.1   
US_California_Los_Angeles=Confirmed i: 121  58  68          . p:   59690   86002 e: -30.6 r:  51.3   
US_California_Los_Angeles=Confirmed i: 122  59  69  5/24/2020 p:   62127   86002 e: -27.8 r:  52.3   
US_California_Los_Angeles=Confirmed i: 123  60  70          . p:   64563   86002 e: -24.9 r:  53.5   
US_California_Los_Angeles=Confirmed i: 124  61  71  5/26/2020 p:   64563   86002 e: -24.9 r:  55.6   
US_California_Los_Angeles=Confirmed i: 125  62  72          . p:   66999   86002 e: -22.1 r:  56.7   
US_California_Los_Angeles=Confirmed i: 126  63  73  5/28/2020 p:   66999   86002 e: -22.1 r:  58.0   
US_California_Los_Angeles=Confirmed i: 127  64  74          . p:   69436   86002 e: -19.3 r:  60.1   
US_California_Los_Angeles=Confirmed i: 128  65  75  5/30/2020 p:   71872   86002 e: -16.4 r:  62.5   
US_California_Los_Angeles=Confirmed i: 129  66  76          . p:   74308   86002 e: -13.6 r:  64.0 OK
US_California_Los_Angeles=Confirmed i: 130  67  77   6/1/2020 p:   76745   86002 e: -10.8 r:  65.1 OK
US_California_Los_Angeles=Confirmed i: 131  68  78          . p:   76745   86002 e: -10.8 r:  66.5 OK
US_California_Los_Angeles=Confirmed i: 132  69  79   6/3/2020 p:   79181   86002 e:  -7.9 r:  67.7 OK
US_California_Los_Angeles=Confirmed i: 133  70  80          . p:   81617   86002 e:  -5.1 r:  69.4 OK
US_California_Los_Angeles=Confirmed i: 134  71  81   6/5/2020 p:   84054   86002 e:  -2.3 r:  71.0 OK
US_California_Los_Angeles=Confirmed i: 135  72  82          . p:   84054   86002 e:  -2.3 r:  72.5 OK
US_California_Los_Angeles=Confirmed i: 136  73  83   6/7/2020 p:   86490   86002 e:   0.6 r:  74.2 OK
US_California_Los_Angeles=Confirmed i: 137  74  84          . p:   86490   86002 e:   0.6 r:  75.2 OK
US_California_Los_Angeles=Confirmed i: 138  75  85   6/9/2020 p:   88926   86002 e:   3.4 r:  76.7 OK
