
  # Process COVID TAB data
p1= 14904 il= 138
p1= 17430 il= 137
p1= - il= 134
p1= - il= 133
p1= 23492 il= 132
Armenia=Confirmed nl = 139, n1= 5 s1= 11165.2 s2= 215561636 SD= 9534.14626277571 frac%= 85.3916299105767
Armenia=Confirmed i:  52  52  -3  3/15/2020 p:     252   11165 e: -97.7 r:   0.2   
Armenia=Confirmed i:  53  53  -2          . p:     252   11165 e: -97.7 r:   0.5   
Armenia=Confirmed i:  54  54  -1  3/17/2020 p:     757   11165 e: -93.2 r:   0.7   
Armenia=Confirmed i:  55  55   0          . p:     252   11165 e: -97.7 r:   0.8   
Armenia=Confirmed i:  56  56   1  3/19/2020 p:     252   11165 e: -97.7 r:   1.0   
Armenia=Confirmed i:  57  57   2          . p:     252   11165 e: -97.7 r:   1.2   
Armenia=Confirmed i:  58  58   3  3/21/2020 p:     252   11165 e: -97.7 r:   1.4   
Armenia=Confirmed i:  59  59   4          . p:     252   11165 e: -97.7 r:   1.7   
Armenia=Confirmed i:  60  60   5  3/23/2020 p:     252   11165 e: -97.7 r:   2.1   
Armenia=Confirmed i:  61  61   6          . p:     252   11165 e: -97.7 r:   2.2   
Armenia=Confirmed i:  62  62   7  3/25/2020 p:     395   11165 e: -96.5 r:   2.4   
Armenia=Confirmed i:  63  63   8          . p:     413   11165 e: -96.3 r:   2.6   
Armenia=Confirmed i:  64  64   9  3/27/2020 p:     461   11165 e: -95.9 r:   2.9   
Armenia=Confirmed i:  65  65  10          . p:     669   11165 e: -94.0 r:   3.6   
Armenia=Confirmed i:  66  66  11  3/29/2020 p:     757   11165 e: -93.2 r:   3.8   
Armenia=Confirmed i:  67  67  12          . p:     757   11165 e: -93.2 r:   4.3   
Armenia=Confirmed i:  68  68  13  3/31/2020 p:    1263   11165 e: -88.7 r:   4.8   
Armenia=Confirmed i:  69  69  14          . p:    1263   11165 e: -88.7 r:   5.1   
Armenia=Confirmed i:  70  70  15   4/2/2020 p:    1263   11165 e: -88.7 r:   5.9   
Armenia=Confirmed i:  71  71  16          . p:    1263   11165 e: -88.7 r:   6.6   
Armenia=Confirmed i:  72  72  17   4/4/2020 p:    1768   11165 e: -84.2 r:   6.9   
Armenia=Confirmed i:  73  73  18          . p:    1478   11165 e: -86.8 r:   7.4   
Armenia=Confirmed i:  74  74  19   4/6/2020 p:    1494   11165 e: -86.6 r:   7.5   
Armenia=Confirmed i:  75  75  20          . p:    1417   11165 e: -87.3 r:   7.6   
Armenia=Confirmed i:  76  76  21   4/8/2020 p:    1657   11165 e: -85.2 r:   7.9   
Armenia=Confirmed i:  77  77  22          . p:    1370   11165 e: -87.7 r:   8.2   
Armenia=Confirmed i:  78  78  23  4/10/2020 p:    1263   11165 e: -88.7 r:   8.4   
Armenia=Confirmed i:  79  79  24          . p:    1263   11165 e: -88.7 r:   8.7   
Armenia=Confirmed i:  80  80  25  4/12/2020 p:    1263   11165 e: -88.7 r:   9.1   
Armenia=Confirmed i:  81  81  26          . p:    1263   11165 e: -88.7 r:   9.3   
Armenia=Confirmed i:  82  82  27  4/14/2020 p:    1263   11165 e: -88.7 r:   9.6   
Armenia=Confirmed i:  83  83  28          . p:    1263   11165 e: -88.7 r:  10.0   
Armenia=Confirmed i:  84  84  29  4/16/2020 p:    1263   11165 e: -88.7 r:  10.4   
Armenia=Confirmed i:  85  85  30          . p:    1263   11165 e: -88.7 r:  10.8   
Armenia=Confirmed i:  86  86  31  4/18/2020 p:    1768   11165 e: -84.2 r:  11.2   
Armenia=Confirmed i:  87  87  32          . p:    1768   11165 e: -84.2 r:  11.6   
Armenia=Confirmed i:  88  88  33  4/20/2020 p:    1768   11165 e: -84.2 r:  12.0   
Armenia=Confirmed i:  89  89  34          . p:    1768   11165 e: -84.2 r:  12.5   
Armenia=Confirmed i:  90  90  35  4/22/2020 p:    1768   11165 e: -84.2 r:  13.2   
Armenia=Confirmed i:  91  91  36          . p:    2273   11165 e: -79.6 r:  13.6   
Armenia=Confirmed i:  92  92  37  4/24/2020 p:    2273   11165 e: -79.6 r:  14.3   
Armenia=Confirmed i:  93  93  38          . p:    2273   11165 e: -79.6 r:  15.0   
Armenia=Confirmed i:  94  94  39  4/26/2020 p:    2273   11165 e: -79.6 r:  15.6   
Armenia=Confirmed i:  95  95  40          . p:    2273   11165 e: -79.6 r:  16.2   
Armenia=Confirmed i:  96  96  41  4/28/2020 p:    2273   11165 e: -79.6 r:  16.7   
Armenia=Confirmed i:  97  97  42          . p:    2273   11165 e: -79.6 r:  17.3   
Armenia=Confirmed i:  98  98  43  4/30/2020 p:    2778   11165 e: -75.1 r:  18.5   
Armenia=Confirmed i:  99  99  44          . p:    2778   11165 e: -75.1 r:  19.2   
Armenia=Confirmed i: 100 100  45   5/2/2020 p:    2778   11165 e: -75.1 r:  20.4   
Armenia=Confirmed i: 101 101  46          . p:    3283   11165 e: -70.6 r:  21.4   
Armenia=Confirmed i: 102 102  47   5/4/2020 p:    3283   11165 e: -70.6 r:  22.5   
Armenia=Confirmed i: 103 103  48          . p:    3283   11165 e: -70.6 r:  23.5   
Armenia=Confirmed i: 104 104  49   5/6/2020 p:    3789   11165 e: -66.1 r:  24.9   
Armenia=Confirmed i: 105 105  50          . p:    3789   11165 e: -66.1 r:  25.8   
Armenia=Confirmed i: 106 106  51   5/8/2020 p:    4294   11165 e: -61.5 r:  27.1   
Armenia=Confirmed i: 107 107  52          . p:    4294   11165 e: -61.5 r:  28.4   
Armenia=Confirmed i: 108 108  53  5/10/2020 p:    4799   11165 e: -57.0 r:  29.7   
Armenia=Confirmed i: 109 109  54          . p:    4799   11165 e: -57.0 r:  30.4   
Armenia=Confirmed i: 110 110  55  5/12/2020 p:    4799   11165 e: -57.0 r:  31.7   
Armenia=Confirmed i: 111 111  56          . p:    5304   11165 e: -52.5 r:  33.3   
Armenia=Confirmed i: 112 112  57  5/14/2020 p:   14398   11165 e:  29.0 r:  34.6   
Armenia=Confirmed i: 113 113  58          . p:    5810   11165 e: -48.0 r:  36.2   
Armenia=Confirmed i: 114 114  59  5/16/2020 p:    6315   11165 e: -43.4 r:  38.4   
Armenia=Confirmed i: 115 115  60          . p:    6820   11165 e: -38.9 r:  40.1   
Armenia=Confirmed i: 116 116  61  5/18/2020 p:    7325   11165 e: -34.4 r:  43.2   
Armenia=Confirmed i: 117 117  62          . p:    7830   11165 e: -29.9 r:  45.1   
Armenia=Confirmed i: 118 118  63  5/20/2020 p:   15409   11165 e:  38.0 r:  47.2   
Armenia=Confirmed i: 119 119  64          . p:   21977   11165 e:  96.8 r:  50.2   
Armenia=Confirmed i: 120 120  65  5/22/2020 p:   30566   11165 e: 173.8 r:  53.1   
Armenia=Confirmed i: 121 121  66          . p:   36123   11165 e: 223.5 r:  56.4   
Armenia=Confirmed i: 122 122  67  5/24/2020 p:       0   11165 e: -100.0 r:  59.7   
Armenia=Confirmed i: 123 123  68          . p:       0   11165 e: -100.0 r:  63.7   
Armenia=Confirmed i: 124 124  69  5/26/2020 p:   30566   11165 e: 173.8 r:  66.3   
Armenia=Confirmed i: 125 125  70          . p:   13388   11165 e:  19.9 r:  69.6   
Armenia=Confirmed i: 126 126  71  5/28/2020 p:   22482   11165 e: 101.4 r:  73.6   
Armenia=Confirmed i: 127 127  72          . p:       0   11165 e: -100.0 r:  77.7   
Armenia=Confirmed i: 128 128  73  5/30/2020 p:   22987   11165 e: 105.9 r:  80.0   
Armenia=Confirmed i: 129 129  74          . p:   16419   11165 e:  47.1 r:  83.1   
Armenia=Confirmed i: 130   0  75   6/1/2020 p:   10862   11165 e:  -2.7 r:  85.0 OK 1st
Armenia=Confirmed i: 131   1  76          . p:   16925   11165 e:  51.6 r:  89.6   
Armenia=Confirmed i: 132   2  77   6/3/2020 p:   23492   11165 e: 110.4 r:  94.3   
Armenia=Confirmed i: 133   3  78          . p:       0   11165 e: -100.0 r: 100.5   
Armenia=Confirmed i: 134   4  79   6/5/2020 p:       0   11165 e: -100.0 r: 105.8   
Armenia=Confirmed i: 137   7  82          . p:   17430   11165 e:  56.1 r: 119.3   
Armenia=Confirmed i: 138   8  83   6/9/2020 p:   14904   11165 e:  33.5 r: 122.5   
