
  # Process COVID TAB data
p1= 1289 il= 138
p1= 1289 il= 137
p1= 1289 il= 136
p1= 1289 il= 135
p1= 1289 il= 134
Poland=Deaths nl = 139, n1= 5 s1= 1289 s2= 1661521 SD= 0 frac%= 0
Poland=Deaths i:  59  59  -6          . p:      21    1289 e: -98.4 r:   0.5   
Poland=Deaths i:  60  60  -5  3/23/2020 p:      21    1289 e: -98.4 r:   0.6   
Poland=Deaths i:  61  61  -4          . p:      21    1289 e: -98.4 r:   0.8   
Poland=Deaths i:  62  62  -3  3/25/2020 p:     152    1289 e: -88.2 r:   1.1   
Poland=Deaths i:  63  63  -2          . p:     502    1289 e: -61.1 r:   1.2   
Poland=Deaths i:  64  64  -1  3/27/2020 p:      21    1289 e: -98.4 r:   1.2   
Poland=Deaths i:  65  65   0          . p:      21    1289 e: -98.4 r:   1.4   
Poland=Deaths i:  66  66   1  3/29/2020 p:      65    1289 e: -95.0 r:   1.7   
Poland=Deaths i:  68  68   3  3/31/2020 p:    2775    1289 e: 115.3 r:   2.6   
Poland=Deaths i:  72  72   7   4/4/2020 p:    2687    1289 e: 108.5 r:   6.1   
Poland=Deaths i:  73  73   8          . p:     196    1289 e: -84.8 r:   7.3   
Poland=Deaths i:  74  74   9   4/6/2020 p:     196    1289 e: -84.8 r:   8.3   
Poland=Deaths i:  75  75  10          . p:     415    1289 e: -67.8 r:  10.0   
Poland=Deaths i:  76   0  11   4/8/2020 p:    1464    1289 e:  13.6 r:  12.3 OK 1st
Poland=Deaths i:  77   1  12          . p:    2731    1289 e: 111.9 r:  13.5   
Poland=Deaths i:  78   2  13  4/10/2020 p:    1070    1289 e: -17.0 r:  14.0   
Poland=Deaths i:  79   3  14          . p:     327    1289 e: -74.6 r:  16.1   
Poland=Deaths i:  80   4  15  4/12/2020 p:     852    1289 e: -33.9 r:  18.0   
Poland=Deaths i:  81   5  16          . p:     590    1289 e: -54.2 r:  19.0   
Poland=Deaths i:  82   6  17  4/14/2020 p:     415    1289 e: -67.8 r:  20.4   
Poland=Deaths i:  83   7  18          . p:     590    1289 e: -54.2 r:  22.2   
Poland=Deaths i:  84   8  19  4/16/2020 p:     590    1289 e: -54.2 r:  24.4   
Poland=Deaths i:  85   9  20          . p:     633    1289 e: -50.9 r:  25.8   
Poland=Deaths i:  86  10  21  4/18/2020 p:     633    1289 e: -50.9 r:  26.9   
Poland=Deaths i:  87  11  22          . p:     633    1289 e: -50.9 r:  27.9   
Poland=Deaths i:  88  12  23  4/20/2020 p:     633    1289 e: -50.9 r:  29.5   
Poland=Deaths i:  89  13  24          . p:     633    1289 e: -50.9 r:  31.1   
Poland=Deaths i:  90  14  25  4/22/2020 p:     677    1289 e: -47.5 r:  33.0   
Poland=Deaths i:  91  15  26          . p:     721    1289 e: -44.1 r:  35.2   
Poland=Deaths i:  92  16  27  4/24/2020 p:     808    1289 e: -37.3 r:  38.3   
Poland=Deaths i:  93  17  28          . p:     895    1289 e: -30.6 r:  40.7   
Poland=Deaths i:  94  18  29  4/26/2020 p:     939    1289 e: -27.2 r:  41.5   
Poland=Deaths i:  95  19  30          . p:    1070    1289 e: -17.0 r:  43.6   
Poland=Deaths i:  96  20  31  4/28/2020 p:    1027    1289 e: -20.3 r:  46.2   
Poland=Deaths i:  97  21  32          . p:    1070    1289 e: -17.0 r:  48.4   
Poland=Deaths i:  98  22  33  4/30/2020 p:    1070    1289 e: -17.0 r:  50.0   
Poland=Deaths i:  99  23  34          . p:    1089    1289 e: -15.5 r:  50.5   
Poland=Deaths i: 100  24  35   5/2/2020 p:    1078    1289 e: -16.4 r:  51.5   
Poland=Deaths i: 101  25  36          . p:    1080    1289 e: -16.2 r:  52.6   
Poland=Deaths i: 102  26  37   5/4/2020 p:    1070    1289 e: -17.0 r:  54.2   
Poland=Deaths i: 103  27  38          . p:    1070    1289 e: -17.0 r:  55.5   
Poland=Deaths i: 104  28  39   5/6/2020 p:    1070    1289 e: -17.0 r:  56.9   
Poland=Deaths i: 105  29  40          . p:    1070    1289 e: -17.0 r:  58.6   
Poland=Deaths i: 106  30  41   5/8/2020 p:    1070    1289 e: -17.0 r:  60.2   
Poland=Deaths i: 107  31  42          . p:    1070    1289 e: -17.0 r:  60.9   
Poland=Deaths i: 108  32  43  5/10/2020 p:    1070    1289 e: -17.0 r:  62.1   
Poland=Deaths i: 109  33  44          . p:    1076    1289 e: -16.5 r:  62.9   
Poland=Deaths i: 110  34  45  5/12/2020 p:    1114    1289 e: -13.6 r:  65.1 OK
Poland=Deaths i: 111  35  46          . p:    1114    1289 e: -13.6 r:  66.8 OK
Poland=Deaths i: 112  36  47  5/14/2020 p:    1158    1289 e: -10.2 r:  68.5 OK
Poland=Deaths i: 113  37  48          . p:    1201    1289 e:  -6.8 r:  70.4 OK
Poland=Deaths i: 114  38  49  5/16/2020 p:    1245    1289 e:  -3.4 r:  71.0 OK
Poland=Deaths i: 115  39  50          . p:    1245    1289 e:  -3.4 r:  71.8 OK
Poland=Deaths i: 116  40  51  5/18/2020 p:    1182    1289 e:  -8.3 r:  72.6 OK
Poland=Deaths i: 117  41  52          . p:    1242    1289 e:  -3.6 r:  73.5 OK
Poland=Deaths i: 118  42  53  5/20/2020 p:    1201    1289 e:  -6.8 r:  74.6 OK
Poland=Deaths i: 119  43  54          . p:    1201    1289 e:  -6.8 r:  75.4 OK
Poland=Deaths i: 120  44  55  5/22/2020 p:    1201    1289 e:  -6.8 r:  76.2 OK
Poland=Deaths i: 121  45  56          . p:    1201    1289 e:  -6.8 r:  77.0 OK
Poland=Deaths i: 122  46  57  5/24/2020 p:    1215    1289 e:  -5.7 r:  77.3 OK
Poland=Deaths i: 123  47  58          . p:    1219    1289 e:  -5.4 r:  78.1 OK
Poland=Deaths i: 124  48  59  5/26/2020 p:    1201    1289 e:  -6.8 r:  79.4 OK
Poland=Deaths i: 125  49  60          . p:    1201    1289 e:  -6.8 r:  79.8 OK
Poland=Deaths i: 126  50  61  5/28/2020 p:    1201    1289 e:  -6.8 r:  80.5 OK
Poland=Deaths i: 127  51  62          . p:    1201    1289 e:  -6.8 r:  81.5 OK
Poland=Deaths i: 128  52  63  5/30/2020 p:    1201    1289 e:  -6.8 r:  82.3 OK
Poland=Deaths i: 129  53  64          . p:    1222    1289 e:  -5.2 r:  82.5 OK
Poland=Deaths i: 130  54  65   6/1/2020 p:    1207    1289 e:  -6.4 r:  83.3 OK
Poland=Deaths i: 131  55  66          . p:    1245    1289 e:  -3.4 r:  84.7 OK
Poland=Deaths i: 132  56  67   6/3/2020 p:    1245    1289 e:  -3.4 r:  86.5 OK
Poland=Deaths i: 133  57  68          . p:    1245    1289 e:  -3.4 r:  86.7 OK
Poland=Deaths i: 134  58  69   6/5/2020 p:    1289    1289 e:   0.0 r:  88.2 OK
Poland=Deaths i: 135  59  70          . p:    1289    1289 e:   0.0 r:  89.4 OK
Poland=Deaths i: 136  60  71   6/7/2020 p:    1289    1289 e:   0.0 r:  89.8 OK
Poland=Deaths i: 137  61  72          . p:    1289    1289 e:   0.0 r:  90.5 OK
Poland=Deaths i: 138  62  73   6/9/2020 p:    1289    1289 e:   0.0 r:  91.8 OK
