
  # Process COVID TAB data
p1= 984 il= 138
p1= 984 il= 137
p1= 984 il= 136
p1= 984 il= 135
p1= 949 il= 134
US_Massachusetts_Suffolk=Deaths nl = 139, n1= 5 s1= 977 s2= 954725 SD= 14 frac%= 1.43295803480041
US_Massachusetts_Suffolk=Deaths i:  66  66  -4  3/29/2020 p:      17     977 e: -98.3 r:   0.3   
US_Massachusetts_Suffolk=Deaths i:  67  67  -3          . p:      86     977 e: -91.2 r:   0.5   
US_Massachusetts_Suffolk=Deaths i:  68  68  -2  3/31/2020 p:      51     977 e: -94.8 r:   0.6   
US_Massachusetts_Suffolk=Deaths i:  71  71   1          . p:     328     977 e: -66.4 r:   2.1   
US_Massachusetts_Suffolk=Deaths i:  72  72   2   4/4/2020 p:      51     977 e: -94.8 r:   2.7   
US_Massachusetts_Suffolk=Deaths i:  73  73   3          . p:      51     977 e: -94.8 r:   2.8   
US_Massachusetts_Suffolk=Deaths i:  74  74   4   4/6/2020 p:      51     977 e: -94.8 r:   3.2   
US_Massachusetts_Suffolk=Deaths i:  75  75   5          . p:      86     977 e: -91.2 r:   4.1   
US_Massachusetts_Suffolk=Deaths i:  76  76   6   4/8/2020 p:     120     977 e: -87.7 r:   4.9   
US_Massachusetts_Suffolk=Deaths i:  77  77   7          . p:     120     977 e: -87.7 r:   4.9   
US_Massachusetts_Suffolk=Deaths i:  78  78   8  4/10/2020 p:      86     977 e: -91.2 r:   4.9   
US_Massachusetts_Suffolk=Deaths i:  79  79   9          . p:     397     977 e: -59.4 r:   8.1   
US_Massachusetts_Suffolk=Deaths i:  80  80  10  4/12/2020 p:     431     977 e: -55.9 r:   8.8   
US_Massachusetts_Suffolk=Deaths i:  81  81  11          . p:      86     977 e: -91.2 r:   8.8   
US_Massachusetts_Suffolk=Deaths i:  82  82  12  4/14/2020 p:      86     977 e: -91.2 r:   8.8   
US_Massachusetts_Suffolk=Deaths i:  83   0  13          . p:     880     977 e:  -9.9 r:  14.8 OK 1st
US_Massachusetts_Suffolk=Deaths i:  84   1  14  4/16/2020 p:     984     977 e:   0.7 r:  14.8 OK
US_Massachusetts_Suffolk=Deaths i:  85   2  15          . p:     189     977 e: -80.7 r:  16.8   
US_Massachusetts_Suffolk=Deaths i:  86   3  16  4/18/2020 p:     224     977 e: -77.1 r:  19.2   
US_Massachusetts_Suffolk=Deaths i:  87   4  17          . p:     466     977 e: -52.3 r:  24.2   
US_Massachusetts_Suffolk=Deaths i:  88   5  18  4/20/2020 p:     362     977 e: -62.9 r:  24.2   
US_Massachusetts_Suffolk=Deaths i:  89   6  19          . p:    2365     977 e: 142.1 r:  29.2   
US_Massachusetts_Suffolk=Deaths i:  90   7  20  4/22/2020 p:     431     977 e: -55.9 r:  29.2   
US_Massachusetts_Suffolk=Deaths i:  91   8  21          . p:     397     977 e: -59.4 r:  29.2   
US_Massachusetts_Suffolk=Deaths i:  92   9  22  4/24/2020 p:     362     977 e: -62.9 r:  29.2   
US_Massachusetts_Suffolk=Deaths i:  93  10  23          . p:    1813     977 e:  85.6 r:  40.0   
US_Massachusetts_Suffolk=Deaths i:  94  11  24  4/26/2020 p:    2089     977 e: 113.8 r:  42.9   
US_Massachusetts_Suffolk=Deaths i:  95  12  25          . p:    2193     977 e: 124.5 r:  45.9   
US_Massachusetts_Suffolk=Deaths i:  96  13  26  4/28/2020 p:     500     977 e: -48.8 r:  48.0   
US_Massachusetts_Suffolk=Deaths i:  97  14  27          . p:    1502     977 e:  53.7 r:  51.6   
US_Massachusetts_Suffolk=Deaths i:  98  15  28  4/30/2020 p:    2048     977 e: 109.6 r:  53.6   
US_Massachusetts_Suffolk=Deaths i:  99  16  29          . p:     947     977 e:  -3.1 r:  56.3 OK
US_Massachusetts_Suffolk=Deaths i: 100  17  30   5/2/2020 p:    1904     977 e:  94.9 r:  58.2   
US_Massachusetts_Suffolk=Deaths i: 101  18  31          . p:    1794     977 e:  83.6 r:  60.2   
US_Massachusetts_Suffolk=Deaths i: 102  19  32   5/4/2020 p:     649     977 e: -33.6 r:  61.0   
US_Massachusetts_Suffolk=Deaths i: 103  20  33          . p:     660     977 e: -32.4 r:  62.3   
US_Massachusetts_Suffolk=Deaths i: 104  21  34   5/6/2020 p:     800     977 e: -18.1 r:  65.7   
US_Massachusetts_Suffolk=Deaths i: 105  22  35          . p:     881     977 e:  -9.8 r:  67.9 OK
US_Massachusetts_Suffolk=Deaths i: 106  23  36   5/8/2020 p:     880     977 e:  -9.9 r:  69.9 OK
US_Massachusetts_Suffolk=Deaths i: 107  24  37          . p:    1260     977 e:  29.0 r:  72.0   
US_Massachusetts_Suffolk=Deaths i: 108  25  38  5/10/2020 p:    1226     977 e:  25.5 r:  73.5   
US_Massachusetts_Suffolk=Deaths i: 109  26  39          . p:     917     977 e:  -6.1 r:  74.8 OK
US_Massachusetts_Suffolk=Deaths i: 110  27  40  5/12/2020 p:     762     977 e: -22.0 r:  74.9   
US_Massachusetts_Suffolk=Deaths i: 111  28  41          . p:     804     977 e: -17.7 r:  76.7   
US_Massachusetts_Suffolk=Deaths i: 112  29  42  5/14/2020 p:     855     977 e: -12.5 r:  77.7 OK
US_Massachusetts_Suffolk=Deaths i: 113  30  43          . p:     846     977 e: -13.4 r:  78.6 OK
US_Massachusetts_Suffolk=Deaths i: 114  31  44  5/16/2020 p:     899     977 e:  -8.0 r:  79.6 OK
US_Massachusetts_Suffolk=Deaths i: 115  32  45          . p:     890     977 e:  -8.9 r:  80.6 OK
US_Massachusetts_Suffolk=Deaths i: 116  33  46  5/18/2020 p:     878     977 e: -10.1 r:  81.2 OK
US_Massachusetts_Suffolk=Deaths i: 117  34  47          . p:     882     977 e:  -9.7 r:  81.6 OK
US_Massachusetts_Suffolk=Deaths i: 118  35  48  5/20/2020 p:     877     977 e: -10.2 r:  82.6 OK
US_Massachusetts_Suffolk=Deaths i: 119  36  49          . p:     880     977 e:  -9.9 r:  83.2 OK
US_Massachusetts_Suffolk=Deaths i: 120  37  50  5/22/2020 p:     880     977 e:  -9.9 r:  83.7 OK
US_Massachusetts_Suffolk=Deaths i: 121  38  51          . p:     880     977 e:  -9.9 r:  84.6 OK
US_Massachusetts_Suffolk=Deaths i: 122  39  52  5/24/2020 p:     880     977 e:  -9.9 r:  85.8 OK
US_Massachusetts_Suffolk=Deaths i: 123  40  53          . p:     880     977 e:  -9.9 r:  85.9 OK
US_Massachusetts_Suffolk=Deaths i: 124  41  54  5/26/2020 p:     892     977 e:  -8.7 r:  86.4 OK
US_Massachusetts_Suffolk=Deaths i: 125  42  55          . p:     896     977 e:  -8.3 r:  87.0 OK
US_Massachusetts_Suffolk=Deaths i: 126  43  56  5/28/2020 p:     898     977 e:  -8.1 r:  87.2 OK
US_Massachusetts_Suffolk=Deaths i: 127  44  57          . p:     915     977 e:  -6.3 r:  88.1 OK
US_Massachusetts_Suffolk=Deaths i: 128  45  58  5/30/2020 p:     915     977 e:  -6.3 r:  88.8 OK
US_Massachusetts_Suffolk=Deaths i: 129  46  59          . p:     915     977 e:  -6.3 r:  89.2 OK
US_Massachusetts_Suffolk=Deaths i: 130  47  60   6/1/2020 p:     949     977 e:  -2.9 r:  91.7 OK
US_Massachusetts_Suffolk=Deaths i: 131  48  61          . p:     949     977 e:  -2.9 r:  92.3 OK
US_Massachusetts_Suffolk=Deaths i: 132  49  62   6/3/2020 p:     949     977 e:  -2.9 r:  92.9 OK
US_Massachusetts_Suffolk=Deaths i: 133  50  63          . p:     949     977 e:  -2.9 r:  93.4 OK
US_Massachusetts_Suffolk=Deaths i: 134  51  64   6/5/2020 p:     949     977 e:  -2.9 r:  94.4 OK
US_Massachusetts_Suffolk=Deaths i: 135  52  65          . p:     984     977 e:   0.7 r:  94.5 OK
US_Massachusetts_Suffolk=Deaths i: 136  53  66   6/7/2020 p:     984     977 e:   0.7 r:  94.6 OK
US_Massachusetts_Suffolk=Deaths i: 137  54  67          . p:     984     977 e:   0.7 r:  95.3 OK
US_Massachusetts_Suffolk=Deaths i: 138  55  68   6/9/2020 p:     984     977 e:   0.7 r:  95.7 OK
