
  # Process COVID TAB data
p1= 3324 il= 138
p1= 3336 il= 137
p1= 3336 il= 136
p1= 3336 il= 135
p1= 3336 il= 134
Italy_Friuli_Venezia_Giulia=Confirmed nl = 139, n1= 5 s1= 3333.6 s2= 11112912 SD= 4.80000000010089 frac%= 0.143988480924553
Italy_Friuli_Venezia_Giulia=Confirmed i:  44  44  -2   3/7/2020 p:       0    3333 e: -100.0 r:   1.3   
Italy_Friuli_Venezia_Giulia=Confirmed i:  48  48   2  3/11/2020 p:     303    3333 e: -90.9 r:   3.8   
Italy_Friuli_Venezia_Giulia=Confirmed i:  49  49   3          . p:     545    3333 e: -83.7 r:   5.0   
Italy_Friuli_Venezia_Giulia=Confirmed i:  52  52   6  3/15/2020 p:       0    3333 e: -100.0 r:  10.4   
Italy_Friuli_Venezia_Giulia=Confirmed i:  53  53   7          . p:     424    3333 e: -87.3 r:  11.6   
Italy_Friuli_Venezia_Giulia=Confirmed i:  54  54   8  3/17/2020 p:     434    3333 e: -87.0 r:  11.8   
Italy_Friuli_Venezia_Giulia=Confirmed i:  55  55   9          . p:     623    3333 e: -81.3 r:  13.9   
Italy_Friuli_Venezia_Giulia=Confirmed i:  56  56  10  3/19/2020 p:    1818    3333 e: -45.5 r:  18.0   
Italy_Friuli_Venezia_Giulia=Confirmed i:  57  57  11          . p:    2123    3333 e: -36.3 r:  19.7   
Italy_Friuli_Venezia_Giulia=Confirmed i:  58   0  12  3/21/2020 p:    2972    3333 e: -10.8 r:  23.7 OK 1st
Italy_Friuli_Venezia_Giulia=Confirmed i:  59   1  13          . p:    3336    3333 e:   0.1 r:  26.2 OK
Italy_Friuli_Venezia_Giulia=Confirmed i:  60   2  14  3/23/2020 p:    3215    3333 e:  -3.6 r:  27.9 OK
Italy_Friuli_Venezia_Giulia=Confirmed i:  61   3  15          . p:    2972    3333 e: -10.8 r:  29.8 OK
Italy_Friuli_Venezia_Giulia=Confirmed i:  62   4  16  3/25/2020 p:    3215    3333 e:  -3.6 r:  34.2 OK
Italy_Friuli_Venezia_Giulia=Confirmed i:  63   5  17          . p:    3622    3333 e:   8.7 r:  36.7 OK
Italy_Friuli_Venezia_Giulia=Confirmed i:  64   6  18  3/27/2020 p:    3336    3333 e:   0.1 r:  39.5 OK
Italy_Friuli_Venezia_Giulia=Confirmed i:  65   7  19          . p:    3579    3333 e:   7.4 r:  43.1 OK
Italy_Friuli_Venezia_Giulia=Confirmed i:  66   8  20  3/29/2020 p:    3824    3333 e:  14.7 r:  44.4 OK
Italy_Friuli_Venezia_Giulia=Confirmed i:  67   9  21          . p:    3121    3333 e:  -6.4 r:  45.0 OK
Italy_Friuli_Venezia_Giulia=Confirmed i:  68  10  22  3/31/2020 p:    2202    3333 e: -33.9 r:  47.8   
Italy_Friuli_Venezia_Giulia=Confirmed i:  69  11  23          . p:    2413    3333 e: -27.6 r:  50.5   
Italy_Friuli_Venezia_Giulia=Confirmed i:  70  12  24   4/2/2020 p:    2972    3333 e: -10.8 r:  54.0 OK
Italy_Friuli_Venezia_Giulia=Confirmed i:  71  13  25          . p:    2972    3333 e: -10.8 r:  56.4 OK
Italy_Friuli_Venezia_Giulia=Confirmed i:  72  14  26   4/4/2020 p:    3215    3333 e:  -3.6 r:  59.6 OK
Italy_Friuli_Venezia_Giulia=Confirmed i:  73  15  27          . p:    3215    3333 e:  -3.6 r:  61.4 OK
Italy_Friuli_Venezia_Giulia=Confirmed i:  74  16  28   4/6/2020 p:    3215    3333 e:  -3.6 r:  63.1 OK
Italy_Friuli_Venezia_Giulia=Confirmed i:  75  17  29          . p:    3192    3333 e:  -4.2 r:  64.6 OK
Italy_Friuli_Venezia_Giulia=Confirmed i:  76  18  30   4/8/2020 p:    3161    3333 e:  -5.2 r:  66.5 OK
Italy_Friuli_Venezia_Giulia=Confirmed i:  77  19  31          . p:    3215    3333 e:  -3.6 r:  69.0 OK
Italy_Friuli_Venezia_Giulia=Confirmed i:  78  20  32  4/10/2020 p:    3215    3333 e:  -3.6 r:  70.5 OK
Italy_Friuli_Venezia_Giulia=Confirmed i:  79  21  33          . p:    3157    3333 e:  -5.3 r:  71.8 OK
Italy_Friuli_Venezia_Giulia=Confirmed i:  80  22  34  4/12/2020 p:    3157    3333 e:  -5.3 r:  72.9 OK
Italy_Friuli_Venezia_Giulia=Confirmed i:  81  23  35          . p:    3162    3333 e:  -5.1 r:  74.5 OK
Italy_Friuli_Venezia_Giulia=Confirmed i:  82  24  36  4/14/2020 p:    3118    3333 e:  -6.5 r:  75.6 OK
Italy_Friuli_Venezia_Giulia=Confirmed i:  83  25  37          . p:    3115    3333 e:  -6.6 r:  76.3 OK
Italy_Friuli_Venezia_Giulia=Confirmed i:  84  26  38  4/16/2020 p:    3093    3333 e:  -7.2 r:  78.5 OK
Italy_Friuli_Venezia_Giulia=Confirmed i:  85  27  39          . p:    3215    3333 e:  -3.6 r:  80.2 OK
Italy_Friuli_Venezia_Giulia=Confirmed i:  86  28  40  4/18/2020 p:    3215    3333 e:  -3.6 r:  81.9 OK
Italy_Friuli_Venezia_Giulia=Confirmed i:  87  29  41          . p:    3215    3333 e:  -3.6 r:  82.3 OK
Italy_Friuli_Venezia_Giulia=Confirmed i:  88  30  42  4/20/2020 p:    3190    3333 e:  -4.3 r:  83.2 OK
Italy_Friuli_Venezia_Giulia=Confirmed i:  89  31  43          . p:    3210    3333 e:  -3.7 r:  83.8 OK
Italy_Friuli_Venezia_Giulia=Confirmed i:  90  32  44  4/22/2020 p:    3223    3333 e:  -3.3 r:  84.5 OK
Italy_Friuli_Venezia_Giulia=Confirmed i:  91  33  45          . p:    3215    3333 e:  -3.6 r:  85.7 OK
Italy_Friuli_Venezia_Giulia=Confirmed i:  92  34  46  4/24/2020 p:    3215    3333 e:  -3.6 r:  86.5 OK
Italy_Friuli_Venezia_Giulia=Confirmed i:  93  35  47          . p:    3215    3333 e:  -3.6 r:  87.1 OK
Italy_Friuli_Venezia_Giulia=Confirmed i:  94  36  48  4/26/2020 p:    3215    3333 e:  -3.6 r:  87.5 OK
Italy_Friuli_Venezia_Giulia=Confirmed i:  95  37  49          . p:    3215    3333 e:  -3.6 r:  89.3 OK
Italy_Friuli_Venezia_Giulia=Confirmed i:  96  38  50  4/28/2020 p:    3336    3333 e:   0.1 r:  89.8 OK
Italy_Friuli_Venezia_Giulia=Confirmed i:  97  39  51          . p:    3336    3333 e:   0.1 r:  90.3 OK
Italy_Friuli_Venezia_Giulia=Confirmed i:  98  40  52  4/30/2020 p:    3336    3333 e:   0.1 r:  90.7 OK
Italy_Friuli_Venezia_Giulia=Confirmed i:  99  41  53          . p:    3240    3333 e:  -2.8 r:  91.2 OK
Italy_Friuli_Venezia_Giulia=Confirmed i: 100  42  54   5/2/2020 p:    3336    3333 e:   0.1 r:  91.8 OK
Italy_Friuli_Venezia_Giulia=Confirmed i: 101  43  55          . p:    3336    3333 e:   0.1 r:  92.2 OK
Italy_Friuli_Venezia_Giulia=Confirmed i: 102  44  56   5/4/2020 p:    3291    3333 e:  -1.3 r:  92.3 OK
Italy_Friuli_Venezia_Giulia=Confirmed i: 103  45  57          . p:    3275    3333 e:  -1.8 r:  92.5 OK
Italy_Friuli_Venezia_Giulia=Confirmed i: 104  46  58   5/6/2020 p:    3258    3333 e:  -2.3 r:  92.8 OK
Italy_Friuli_Venezia_Giulia=Confirmed i: 105  47  59          . p:    3215    3333 e:  -3.6 r:  93.2 OK
Italy_Friuli_Venezia_Giulia=Confirmed i: 106  48  60   5/8/2020 p:    3215    3333 e:  -3.6 r:  93.5 OK
Italy_Friuli_Venezia_Giulia=Confirmed i: 107  49  61          . p:    3215    3333 e:  -3.6 r:  93.7 OK
Italy_Friuli_Venezia_Giulia=Confirmed i: 108  50  62  5/10/2020 p:    3277    3333 e:  -1.7 r:  93.9 OK
Italy_Friuli_Venezia_Giulia=Confirmed i: 109  51  63          . p:    3253    3333 e:  -2.4 r:  94.1 OK
Italy_Friuli_Venezia_Giulia=Confirmed i: 110  52  64  5/12/2020 p:    3215    3333 e:  -3.6 r:  94.4 OK
Italy_Friuli_Venezia_Giulia=Confirmed i: 111  53  65          . p:    3215    3333 e:  -3.6 r:  94.7 OK
Italy_Friuli_Venezia_Giulia=Confirmed i: 112  54  66  5/14/2020 p:    3215    3333 e:  -3.6 r:  94.8 OK
Italy_Friuli_Venezia_Giulia=Confirmed i: 113  55  67          . p:    3215    3333 e:  -3.6 r:  95.2 OK
Italy_Friuli_Venezia_Giulia=Confirmed i: 114  56  68  5/16/2020 p:    3215    3333 e:  -3.6 r:  95.5 OK
Italy_Friuli_Venezia_Giulia=Confirmed i: 115  57  69          . p:    3215    3333 e:  -3.6 r:  95.7 OK
Italy_Friuli_Venezia_Giulia=Confirmed i: 116  58  70  5/18/2020 p:    3215    3333 e:  -3.6 r:  95.9 OK
Italy_Friuli_Venezia_Giulia=Confirmed i: 117  59  71          . p:    3336    3333 e:   0.1 r:  96.1 OK
Italy_Friuli_Venezia_Giulia=Confirmed i: 118  60  72  5/20/2020 p:    3292    3333 e:  -1.2 r:  96.3 OK
Italy_Friuli_Venezia_Giulia=Confirmed i: 119  61  73          . p:    3278    3333 e:  -1.7 r:  96.4 OK
Italy_Friuli_Venezia_Giulia=Confirmed i: 120  62  74  5/22/2020 p:    3336    3333 e:   0.1 r:  96.8 OK
Italy_Friuli_Venezia_Giulia=Confirmed i: 121  63  75          . p:    3336    3333 e:   0.1 r:  97.0 OK
Italy_Friuli_Venezia_Giulia=Confirmed i: 122  64  76  5/24/2020 p:    3336    3333 e:   0.1 r:  97.1 OK
Italy_Friuli_Venezia_Giulia=Confirmed i: 123  65  77          . p:    3281    3333 e:  -1.6 r:  97.2 OK
Italy_Friuli_Venezia_Giulia=Confirmed i: 124  66  78  5/26/2020 p:    3336    3333 e:   0.1 r:  97.5 OK
Italy_Friuli_Venezia_Giulia=Confirmed i: 125  67  79          . p:    3336    3333 e:   0.1 r:  97.6 OK
Italy_Friuli_Venezia_Giulia=Confirmed i: 126  68  80  5/28/2020 p:    3336    3333 e:   0.1 r:  97.9 OK
Italy_Friuli_Venezia_Giulia=Confirmed i: 127  69  81          . p:    3336    3333 e:   0.1 r:  98.0 OK
Italy_Friuli_Venezia_Giulia=Confirmed i: 128  70  82  5/30/2020 p:    3336    3333 e:   0.1 r:  98.1 OK
Italy_Friuli_Venezia_Giulia=Confirmed i: 129  71  83          . p:    3321    3333 e:  -0.4 r:  98.2 OK
Italy_Friuli_Venezia_Giulia=Confirmed i: 130  72  84   6/1/2020 p:    3322    3333 e:  -0.3 r:  98.2 OK
Italy_Friuli_Venezia_Giulia=Confirmed i: 131  73  85          . p:    3322    3333 e:  -0.3 r:  98.3 OK
Italy_Friuli_Venezia_Giulia=Confirmed i: 132  74  86   6/3/2020 p:    3324    3333 e:  -0.3 r:  98.3 OK
Italy_Friuli_Venezia_Giulia=Confirmed i: 133  75  87          . p:    3336    3333 e:   0.1 r:  98.4 OK
Italy_Friuli_Venezia_Giulia=Confirmed i: 134  76  88   6/5/2020 p:    3336    3333 e:   0.1 r:  98.4 OK
Italy_Friuli_Venezia_Giulia=Confirmed i: 135  77  89          . p:    3336    3333 e:   0.1 r:  98.5 OK
Italy_Friuli_Venezia_Giulia=Confirmed i: 136  78  90   6/7/2020 p:    3336    3333 e:   0.1 r:  98.5 OK
Italy_Friuli_Venezia_Giulia=Confirmed i: 137  79  91          . p:    3336    3333 e:   0.1 r:  98.5 OK
Italy_Friuli_Venezia_Giulia=Confirmed i: 138  80  92   6/9/2020 p:    3324    3333 e:  -0.3 r:  98.5 OK
