
  # Process COVID TAB data
p1= 16836 il= 138
p1= 16643 il= 137
p1= 16643 il= 136
p1= 16643 il= 135
p1= 16643 il= 134
US_Massachusetts_Essex=Confirmed nl = 139, n1= 5 s1= 16681.6 s2= 278281738.4 SD= 77.2000000002162 frac%= 0.462785344332775
US_Massachusetts_Essex=Confirmed i:  55  55  -5          . p:     279   16681 e: -98.3 r:   0.1   
US_Massachusetts_Essex=Confirmed i:  56  56  -4  3/19/2020 p:     282   16681 e: -98.3 r:   0.1   
US_Massachusetts_Essex=Confirmed i:  57  57  -3          . p:    8180   16681 e: -51.0 r:   0.2   
US_Massachusetts_Essex=Confirmed i:  59  59  -1          . p:    8744   16681 e: -47.6 r:   0.4   
US_Massachusetts_Essex=Confirmed i:  60  60   0  3/23/2020 p:     846   16681 e: -94.9 r:   0.4   
US_Massachusetts_Essex=Confirmed i:  65  65   5          . p:    6488   16681 e: -61.1 r:   2.8   
US_Massachusetts_Essex=Confirmed i:  66  66   6  3/29/2020 p:    2538   16681 e: -84.8 r:   3.4   
US_Massachusetts_Essex=Confirmed i:  67  67   7          . p:    1410   16681 e: -91.5 r:   3.9   
US_Massachusetts_Essex=Confirmed i:  68  68   8  3/31/2020 p:    1410   16681 e: -91.5 r:   4.7   
US_Massachusetts_Essex=Confirmed i:  69  69   9          . p:    1410   16681 e: -91.5 r:   5.3   
US_Massachusetts_Essex=Confirmed i:  70  70  10   4/2/2020 p:    1974   16681 e: -88.2 r:   6.2   
US_Massachusetts_Essex=Confirmed i:  71  71  11          . p:    3103   16681 e: -81.4 r:   7.4   
US_Massachusetts_Essex=Confirmed i:  72  72  12   4/4/2020 p:    3667   16681 e: -78.0 r:   8.4   
US_Massachusetts_Essex=Confirmed i:  73  73  13          . p:    3092   16681 e: -81.5 r:   9.0   
US_Massachusetts_Essex=Confirmed i:  74  74  14   4/6/2020 p:    3346   16681 e: -79.9 r:   9.9   
US_Massachusetts_Essex=Confirmed i:  75  75  15          . p:    3586   16681 e: -78.5 r:  11.0   
US_Massachusetts_Essex=Confirmed i:  76  76  16   4/8/2020 p:    4231   16681 e: -74.6 r:  12.6   
US_Massachusetts_Essex=Confirmed i:  77  77  17          . p:    5359   16681 e: -67.9 r:  14.0   
US_Massachusetts_Essex=Confirmed i:  78  78  18  4/10/2020 p:    5923   16681 e: -64.5 r:  16.0   
US_Massachusetts_Essex=Confirmed i:  79  79  19          . p:    6488   16681 e: -61.1 r:  17.4   
US_Massachusetts_Essex=Confirmed i:  80  80  20  4/12/2020 p:    7052   16681 e: -57.7 r:  19.0   
US_Massachusetts_Essex=Confirmed i:  81  81  21          . p:    7616   16681 e: -54.3 r:  20.5   
US_Massachusetts_Essex=Confirmed i:  82  82  22  4/14/2020 p:    7809   16681 e: -53.2 r:  21.5   
US_Massachusetts_Essex=Confirmed i:  83  83  23          . p:    8098   16681 e: -51.5 r:  23.3   
US_Massachusetts_Essex=Confirmed i:  84  84  24  4/16/2020 p:    8744   16681 e: -47.6 r:  25.4   
US_Massachusetts_Essex=Confirmed i:  85  85  25          . p:    9309   16681 e: -44.2 r:  27.5   
US_Massachusetts_Essex=Confirmed i:  86  86  26  4/18/2020 p:    9873   16681 e: -40.8 r:  29.5   
US_Massachusetts_Essex=Confirmed i:  87  87  27          . p:   10437   16681 e: -37.4 r:  30.9   
US_Massachusetts_Essex=Confirmed i:  88  88  28  4/20/2020 p:   10357   16681 e: -37.9 r:  32.0   
US_Massachusetts_Essex=Confirmed i:  89  89  29          . p:   10425   16681 e: -37.5 r:  33.1   
US_Massachusetts_Essex=Confirmed i:  90  90  30  4/22/2020 p:   10349   16681 e: -38.0 r:  34.7   
US_Massachusetts_Essex=Confirmed i:  91  91  31          . p:   10661   16681 e: -36.1 r:  37.3   
US_Massachusetts_Essex=Confirmed i:  92  92  32  4/24/2020 p:   11620   16681 e: -30.3 r:  41.0   
US_Massachusetts_Essex=Confirmed i:  93  93  33          . p:   12130   16681 e: -27.3 r:  43.2   
US_Massachusetts_Essex=Confirmed i:  94  94  34  4/26/2020 p:   12694   16681 e: -23.9 r:  44.9   
US_Massachusetts_Essex=Confirmed i:  95  95  35          . p:   13258   16681 e: -20.5 r:  46.2   
US_Massachusetts_Essex=Confirmed i:  96  96  36  4/28/2020 p:   13822   16681 e: -17.1 r:  47.8   
US_Massachusetts_Essex=Confirmed i:  97  97  37          . p:   13822   16681 e: -17.1 r:  50.2   
US_Massachusetts_Essex=Confirmed i:  98  98  38  4/30/2020 p:   13822   16681 e: -17.1 r:  52.0   
US_Massachusetts_Essex=Confirmed i:  99   0  39          . p:   14386   16681 e: -13.8 r:  54.1 OK 1st
US_Massachusetts_Essex=Confirmed i: 100   1  40   5/2/2020 p:   14951   16681 e: -10.4 r:  56.1 OK
US_Massachusetts_Essex=Confirmed i: 101   2  41          . p:   14951   16681 e: -10.4 r:  57.2 OK
US_Massachusetts_Essex=Confirmed i: 102   3  42   5/4/2020 p:   18603   16681 e:  11.5 r:  58.6 OK
US_Massachusetts_Essex=Confirmed i: 103   4  43          . p:   14943   16681 e: -10.4 r:  59.8 OK
US_Massachusetts_Essex=Confirmed i: 104   5  44   5/6/2020 p:   18336   16681 e:   9.9 r:  62.0 OK
US_Massachusetts_Essex=Confirmed i: 105   6  45          . p:   18336   16681 e:   9.9 r:  63.6 OK
US_Massachusetts_Essex=Confirmed i: 106   7  46   5/8/2020 p:   18336   16681 e:   9.9 r:  65.9 OK
US_Massachusetts_Essex=Confirmed i: 107   8  47          . p:   18336   16681 e:   9.9 r:  67.2 OK
US_Massachusetts_Essex=Confirmed i: 108   9  48  5/10/2020 p:   15515   16681 e:  -7.0 r:  68.1 OK
US_Massachusetts_Essex=Confirmed i: 109  10  49          . p:   15701   16681 e:  -5.9 r:  68.5 OK
US_Massachusetts_Essex=Confirmed i: 110  11  50  5/12/2020 p:   15608   16681 e:  -6.4 r:  69.4 OK
US_Massachusetts_Essex=Confirmed i: 111  12  51          . p:   15554   16681 e:  -6.8 r:  70.2 OK
US_Massachusetts_Essex=Confirmed i: 112  13  52  5/14/2020 p:   16643   16681 e:  -0.2 r:  71.6 OK
US_Massachusetts_Essex=Confirmed i: 113  14  53          . p:   15515   16681 e:  -7.0 r:  72.7 OK
US_Massachusetts_Essex=Confirmed i: 114  15  54  5/16/2020 p:   15515   16681 e:  -7.0 r:  73.8 OK
US_Massachusetts_Essex=Confirmed i: 115  16  55          . p:   15515   16681 e:  -7.0 r:  74.7 OK
US_Massachusetts_Essex=Confirmed i: 116  17  56  5/18/2020 p:   15515   16681 e:  -7.0 r:  75.5 OK
US_Massachusetts_Essex=Confirmed i: 117  18  57          . p:   15515   16681 e:  -7.0 r:  76.4 OK
US_Massachusetts_Essex=Confirmed i: 118  19  58  5/20/2020 p:   15515   16681 e:  -7.0 r:  77.5 OK
US_Massachusetts_Essex=Confirmed i: 119  20  59          . p:   15515   16681 e:  -7.0 r:  78.3 OK
US_Massachusetts_Essex=Confirmed i: 120  21  60  5/22/2020 p:   15515   16681 e:  -7.0 r:  79.3 OK
US_Massachusetts_Essex=Confirmed i: 121  22  61          . p:   15604   16681 e:  -6.5 r:  79.9 OK
US_Massachusetts_Essex=Confirmed i: 122  23  62  5/24/2020 p:   15607   16681 e:  -6.4 r:  80.7 OK
US_Massachusetts_Essex=Confirmed i: 123  24  63          . p:   15578   16681 e:  -6.6 r:  81.4 OK
US_Massachusetts_Essex=Confirmed i: 124  25  64  5/26/2020 p:   15611   16681 e:  -6.4 r:  81.9 OK
US_Massachusetts_Essex=Confirmed i: 125  26  65          . p:   15608   16681 e:  -6.4 r:  82.6 OK
US_Massachusetts_Essex=Confirmed i: 126  27  66  5/28/2020 p:   15539   16681 e:  -6.8 r:  83.3 OK
US_Massachusetts_Essex=Confirmed i: 127  28  67          . p:   15790   16681 e:  -5.3 r:  83.9 OK
US_Massachusetts_Essex=Confirmed i: 128  29  68  5/30/2020 p:   15764   16681 e:  -5.5 r:  84.5 OK
US_Massachusetts_Essex=Confirmed i: 129  30  69          . p:   15515   16681 e:  -7.0 r:  85.3 OK
US_Massachusetts_Essex=Confirmed i: 130  31  70   6/1/2020 p:   16079   16681 e:  -3.6 r:  88.2 OK
US_Massachusetts_Essex=Confirmed i: 131  32  71          . p:   16643   16681 e:  -0.2 r:  88.7 OK
US_Massachusetts_Essex=Confirmed i: 132  33  72   6/3/2020 p:   16643   16681 e:  -0.2 r:  89.1 OK
US_Massachusetts_Essex=Confirmed i: 133  34  73          . p:   16643   16681 e:  -0.2 r:  89.7 OK
US_Massachusetts_Essex=Confirmed i: 134  35  74   6/5/2020 p:   16643   16681 e:  -0.2 r:  90.3 OK
US_Massachusetts_Essex=Confirmed i: 135  36  75          . p:   16643   16681 e:  -0.2 r:  90.9 OK
US_Massachusetts_Essex=Confirmed i: 136  37  76   6/7/2020 p:   16643   16681 e:  -0.2 r:  91.2 OK
US_Massachusetts_Essex=Confirmed i: 137  38  77          . p:   16643   16681 e:  -0.2 r:  91.3 OK
US_Massachusetts_Essex=Confirmed i: 138  39  78   6/9/2020 p:   16836   16681 e:   0.9 r:  91.5 OK
