
  # Process COVID TAB data
p1= 756 il= 138
p1= 733 il= 137
p1= 686 il= 136
p1= 686 il= 135
p1= 681 il= 134
US_Indiana_Marion=Deaths nl = 139, n1= 5 s1= 708.4 s2= 502755.6 SD= 30.4144702403319 frac%= 4.29340347830773
US_Indiana_Marion=Deaths i:  60  60  -8  3/23/2020 p:      11     708 e: -98.4 r:   0.4   
US_Indiana_Marion=Deaths i:  62  62  -6  3/25/2020 p:       0     708 e: -100.0 r:   0.8   
US_Indiana_Marion=Deaths i:  63  63  -5          . p:      81     708 e: -88.6 r:   0.8   
US_Indiana_Marion=Deaths i:  64  64  -4  3/27/2020 p:      11     708 e: -98.4 r:   1.1   
US_Indiana_Marion=Deaths i:  65  65  -3          . p:      11     708 e: -98.4 r:   1.4   
US_Indiana_Marion=Deaths i:  66  66  -2  3/29/2020 p:      11     708 e: -98.4 r:   1.4   
US_Indiana_Marion=Deaths i:  67  67  -1          . p:      17     708 e: -97.6 r:   1.7   
US_Indiana_Marion=Deaths i:  68  68   0  3/31/2020 p:     128     708 e: -81.9 r:   2.4   
US_Indiana_Marion=Deaths i:  69  69   1          . p:     384     708 e: -45.8 r:   3.0   
US_Indiana_Marion=Deaths i:  70   0   2   4/2/2020 p:     616     708 e: -13.0 r:   3.4 OK 1st
US_Indiana_Marion=Deaths i:  73   3   5          . p:      34     708 e: -95.2 r:   5.2   
US_Indiana_Marion=Deaths i:  74   4   6   4/6/2020 p:      34     708 e: -95.2 r:   5.2   
US_Indiana_Marion=Deaths i:  75   5   7          . p:     128     708 e: -81.9 r:   6.8   
US_Indiana_Marion=Deaths i:  76   6   8   4/8/2020 p:     337     708 e: -52.4 r:   8.2   
US_Indiana_Marion=Deaths i:  80  10  12  4/12/2020 p:     128     708 e: -81.9 r:  17.4   
US_Indiana_Marion=Deaths i:  81  11  13          . p:     128     708 e: -81.9 r:  17.4   
US_Indiana_Marion=Deaths i:  82  12  14  4/14/2020 p:     174     708 e: -75.4 r:  19.9   
US_Indiana_Marion=Deaths i:  83  13  15          . p:     197     708 e: -72.2 r:  21.9   
US_Indiana_Marion=Deaths i:  84  14  16  4/16/2020 p:     221     708 e: -68.8 r:  23.2   
US_Indiana_Marion=Deaths i:  85  15  17          . p:     244     708 e: -65.6 r:  25.7   
US_Indiana_Marion=Deaths i:  86  16  18  4/18/2020 p:     244     708 e: -65.6 r:  26.8   
US_Indiana_Marion=Deaths i:  87  17  19          . p:     244     708 e: -65.6 r:  27.1   
US_Indiana_Marion=Deaths i:  88  18  20  4/20/2020 p:     221     708 e: -68.8 r:  27.1   
US_Indiana_Marion=Deaths i:  89  19  21          . p:     244     708 e: -65.6 r:  29.1   
US_Indiana_Marion=Deaths i:  90  20  22  4/22/2020 p:     244     708 e: -65.6 r:  30.2   
US_Indiana_Marion=Deaths i:  91  21  23          . p:     267     708 e: -62.3 r:  32.2   
US_Indiana_Marion=Deaths i:  92  22  24  4/24/2020 p:     290     708 e: -59.1 r:  33.6   
US_Indiana_Marion=Deaths i:  93  23  25          . p:     337     708 e: -52.4 r:  36.0   
US_Indiana_Marion=Deaths i:  94  24  26  4/26/2020 p:     337     708 e: -52.4 r:  36.6   
US_Indiana_Marion=Deaths i:  95  25  27          . p:     337     708 e: -52.4 r:  37.7   
US_Indiana_Marion=Deaths i:  96  26  28  4/28/2020 p:     360     708 e: -49.2 r:  39.8   
US_Indiana_Marion=Deaths i:  97  27  29          . p:     407     708 e: -42.5 r:  43.1   
US_Indiana_Marion=Deaths i:  98  28  30  4/30/2020 p:     477     708 e: -32.7 r:  46.3   
US_Indiana_Marion=Deaths i:  99  29  31          . p:     500     708 e: -29.4 r:  47.9   
US_Indiana_Marion=Deaths i: 100  30  32   5/2/2020 p:     546     708 e: -22.9 r:  50.4   
US_Indiana_Marion=Deaths i: 101  31  33          . p:     546     708 e: -22.9 r:  50.8   
US_Indiana_Marion=Deaths i: 102  32  34   5/4/2020 p:     546     708 e: -22.9 r:  51.2   
US_Indiana_Marion=Deaths i: 103  33  35          . p:     546     708 e: -22.9 r:  52.8   
US_Indiana_Marion=Deaths i: 104  34  36   5/6/2020 p:     570     708 e: -19.5 r:  55.1   
US_Indiana_Marion=Deaths i: 105  35  37          . p:     570     708 e: -19.5 r:  56.2   
US_Indiana_Marion=Deaths i: 106  36  38   5/8/2020 p:     570     708 e: -19.5 r:  56.9   
US_Indiana_Marion=Deaths i: 107  37  39          . p:     570     708 e: -19.5 r:  58.2   
US_Indiana_Marion=Deaths i: 108  38  40  5/10/2020 p:     566     708 e: -20.1 r:  58.7   
US_Indiana_Marion=Deaths i: 109  39  41          . p:     566     708 e: -20.1 r:  59.7   
US_Indiana_Marion=Deaths i: 110  40  42  5/12/2020 p:     559     708 e: -21.1 r:  60.6   
US_Indiana_Marion=Deaths i: 111  41  43          . p:     570     708 e: -19.5 r:  62.1   
US_Indiana_Marion=Deaths i: 112  42  44  5/14/2020 p:     570     708 e: -19.5 r:  63.7   
US_Indiana_Marion=Deaths i: 113  43  45          . p:     570     708 e: -19.5 r:  65.6   
US_Indiana_Marion=Deaths i: 114  44  46  5/16/2020 p:     593     708 e: -16.3 r:  66.9   
US_Indiana_Marion=Deaths i: 115  45  47          . p:     593     708 e: -16.3 r:  67.3   
US_Indiana_Marion=Deaths i: 116  46  48  5/18/2020 p:     593     708 e: -16.3 r:  67.8   
US_Indiana_Marion=Deaths i: 117  47  49          . p:     616     708 e: -13.0 r:  70.2 OK
US_Indiana_Marion=Deaths i: 118  48  50  5/20/2020 p:     616     708 e: -13.0 r:  71.3 OK
US_Indiana_Marion=Deaths i: 119  49  51          . p:     616     708 e: -13.0 r:  73.1 OK
US_Indiana_Marion=Deaths i: 120  50  52  5/22/2020 p:     640     708 e:  -9.7 r:  74.5 OK
US_Indiana_Marion=Deaths i: 121  51  53          . p:     640     708 e:  -9.7 r:  75.0 OK
US_Indiana_Marion=Deaths i: 122  52  54  5/24/2020 p:     640     708 e:  -9.7 r:  75.2 OK
US_Indiana_Marion=Deaths i: 123  53  55          . p:     646     708 e:  -8.8 r:  75.2 OK
US_Indiana_Marion=Deaths i: 124  54  56  5/26/2020 p:     639     708 e:  -9.8 r:  76.1 OK
US_Indiana_Marion=Deaths i: 125  55  57          . p:     641     708 e:  -9.5 r:  77.1 OK
US_Indiana_Marion=Deaths i: 126  56  58  5/28/2020 p:     686     708 e:  -3.2 r:  78.8 OK
US_Indiana_Marion=Deaths i: 127  57  59          . p:     663     708 e:  -6.4 r:  80.6 OK
US_Indiana_Marion=Deaths i: 128  58  60  5/30/2020 p:     663     708 e:  -6.4 r:  81.3 OK
US_Indiana_Marion=Deaths i: 129  59  61          . p:     663     708 e:  -6.4 r:  81.6 OK
US_Indiana_Marion=Deaths i: 130  60  62   6/1/2020 p:     709     708 e:   0.1 r:  82.0 OK
US_Indiana_Marion=Deaths i: 131  61  63          . p:     686     708 e:  -3.2 r:  83.6 OK
US_Indiana_Marion=Deaths i: 132  62  64   6/3/2020 p:     686     708 e:  -3.2 r:  83.9 OK
US_Indiana_Marion=Deaths i: 133  63  65          . p:     686     708 e:  -3.2 r:  84.4 OK
US_Indiana_Marion=Deaths i: 134  64  66   6/5/2020 p:     681     708 e:  -3.9 r:  85.3 OK
US_Indiana_Marion=Deaths i: 135  65  67          . p:     686     708 e:  -3.2 r:  87.0 OK
US_Indiana_Marion=Deaths i: 136  66  68   6/7/2020 p:     686     708 e:  -3.2 r:  87.7 OK
US_Indiana_Marion=Deaths i: 137  67  69          . p:     733     708 e:   3.5 r:  87.9 OK
US_Indiana_Marion=Deaths i: 138  68  70   6/9/2020 p:     756     708 e:   6.7 r:  88.9 OK
