
  # Process COVID TAB data
p1= 537 il= 138
p1= 523 il= 137
p1= 523 il= 136
p1= 523 il= 135
p1= 523 il= 134
US_Florida_Palm_Beach=Deaths nl = 139, n1= 5 s1= 525.8 s2= 276497 SD= 5.60000000000395 frac%= 1.06504374286876
US_Florida_Palm_Beach=Deaths i:  71   0   2          . p:     494     525 e:  -6.0 r:   5.5 OK 1st
US_Florida_Palm_Beach=Deaths i:  72   1   3   4/4/2020 p:      50     525 e: -90.5 r:   6.7   
US_Florida_Palm_Beach=Deaths i:  73   2   4          . p:     164     525 e: -68.8 r:   9.3   
US_Florida_Palm_Beach=Deaths i:  74   3   5   4/6/2020 p:     107     525 e: -79.7 r:   9.3   
US_Florida_Palm_Beach=Deaths i:  75   4   6          . p:      78     525 e: -85.2 r:   9.7   
US_Florida_Palm_Beach=Deaths i:  76   5   7   4/8/2020 p:     136     525 e: -74.1 r:  13.1   
US_Florida_Palm_Beach=Deaths i:  77   6   8          . p:     136     525 e: -74.1 r:  13.9   
US_Florida_Palm_Beach=Deaths i:  78   7   9  4/10/2020 p:     120     525 e: -77.2 r:  14.5   
US_Florida_Palm_Beach=Deaths i:  79   8  10          . p:     113     525 e: -78.5 r:  15.2   
US_Florida_Palm_Beach=Deaths i:  80   9  11  4/12/2020 p:     101     525 e: -80.8 r:  15.4   
US_Florida_Palm_Beach=Deaths i:  81  10  12          . p:     117     525 e: -77.7 r:  17.5   
US_Florida_Palm_Beach=Deaths i:  82  11  13  4/14/2020 p:     115     525 e: -78.1 r:  17.7   
US_Florida_Palm_Beach=Deaths i:  83  12  14          . p:     136     525 e: -74.1 r:  20.0   
US_Florida_Palm_Beach=Deaths i:  84  13  15  4/16/2020 p:     150     525 e: -71.5 r:  21.3   
US_Florida_Palm_Beach=Deaths i:  85  14  16          . p:     150     525 e: -71.5 r:  21.5   
US_Florida_Palm_Beach=Deaths i:  86  15  17  4/18/2020 p:     144     525 e: -72.6 r:  21.7   
US_Florida_Palm_Beach=Deaths i:  87  16  18          . p:     148     525 e: -71.9 r:  23.0   
US_Florida_Palm_Beach=Deaths i:  88  17  19  4/20/2020 p:     147     525 e: -72.0 r:  23.2   
US_Florida_Palm_Beach=Deaths i:  89  18  20          . p:     164     525 e: -68.8 r:  24.9   
US_Florida_Palm_Beach=Deaths i:  90  19  21  4/22/2020 p:     164     525 e: -68.8 r:  24.9   
US_Florida_Palm_Beach=Deaths i:  91  20  22          . p:     179     525 e: -66.0 r:  27.4   
US_Florida_Palm_Beach=Deaths i:  92  21  23  4/24/2020 p:     193     525 e: -63.3 r:  29.5   
US_Florida_Palm_Beach=Deaths i:  93  22  24          . p:     193     525 e: -63.3 r:  29.5   
US_Florida_Palm_Beach=Deaths i:  94  23  25  4/26/2020 p:     193     525 e: -63.3 r:  29.5   
US_Florida_Palm_Beach=Deaths i:  95  24  26          . p:     193     525 e: -63.3 r:  29.7   
US_Florida_Palm_Beach=Deaths i:  96  25  27  4/28/2020 p:     207     525 e: -60.6 r:  32.9   
US_Florida_Palm_Beach=Deaths i:  97  26  28          . p:     465     525 e: -11.6 r:  33.9 OK
US_Florida_Palm_Beach=Deaths i:  98  27  29  4/30/2020 p:     222     525 e: -57.8 r:  35.4   
US_Florida_Palm_Beach=Deaths i:  99  28  30          . p:     236     525 e: -55.1 r:  36.3   
US_Florida_Palm_Beach=Deaths i: 100  29  31   5/2/2020 p:     236     525 e: -55.1 r:  37.1   
US_Florida_Palm_Beach=Deaths i: 101  30  32          . p:     236     525 e: -55.1 r:  37.3   
US_Florida_Palm_Beach=Deaths i: 102  31  33   5/4/2020 p:     241     525 e: -54.2 r:  37.3   
US_Florida_Palm_Beach=Deaths i: 103  32  34          . p:     243     525 e: -53.8 r:  39.0   
US_Florida_Palm_Beach=Deaths i: 104  33  35   5/6/2020 p:     254     525 e: -51.7 r:  40.9   
US_Florida_Palm_Beach=Deaths i: 105  34  36          . p:     365     525 e: -30.6 r:  42.2   
US_Florida_Palm_Beach=Deaths i: 106  35  37   5/8/2020 p:     279     525 e: -46.9 r:  43.6   
US_Florida_Palm_Beach=Deaths i: 107  36  38          . p:     523     525 e:  -0.5 r:  45.1 OK
US_Florida_Palm_Beach=Deaths i: 108  37  39  5/10/2020 p:     508     525 e:  -3.4 r:  45.1 OK
US_Florida_Palm_Beach=Deaths i: 109  38  40          . p:     293     525 e: -44.3 r:  45.3   
US_Florida_Palm_Beach=Deaths i: 110  39  41  5/12/2020 p:     351     525 e: -33.2 r:  46.6   
US_Florida_Palm_Beach=Deaths i: 111  40  42          . p:     480     525 e:  -8.7 r:  48.3 OK
US_Florida_Palm_Beach=Deaths i: 112  41  43  5/14/2020 p:     508     525 e:  -3.4 r:  50.0 OK
US_Florida_Palm_Beach=Deaths i: 113  42  44          . p:     537     525 e:   2.1 r:  51.5 OK
US_Florida_Palm_Beach=Deaths i: 114  43  45  5/16/2020 p:     551     525 e:   4.8 r:  52.3 OK
US_Florida_Palm_Beach=Deaths i: 115  44  46          . p:     551     525 e:   4.8 r:  52.3 OK
US_Florida_Palm_Beach=Deaths i: 116  45  47  5/18/2020 p:     523     525 e:  -0.5 r:  52.3 OK
US_Florida_Palm_Beach=Deaths i: 117  46  48          . p:     337     525 e: -35.9 r:  54.0   
US_Florida_Palm_Beach=Deaths i: 118  47  49  5/20/2020 p:     508     525 e:  -3.4 r:  55.3 OK
US_Florida_Palm_Beach=Deaths i: 119  48  50          . p:     566     525 e:   7.6 r:  58.6 OK
US_Florida_Palm_Beach=Deaths i: 120  49  51  5/22/2020 p:     580     525 e:  10.3 r:  59.1 OK
US_Florida_Palm_Beach=Deaths i: 121  50  52          . p:     652     525 e:  24.0 r:  59.9   
US_Florida_Palm_Beach=Deaths i: 122  51  53  5/24/2020 p:     594     525 e:  13.0 r:  59.9 OK
US_Florida_Palm_Beach=Deaths i: 123  52  54          . p:     623     525 e:  18.5 r:  59.9   
US_Florida_Palm_Beach=Deaths i: 124  53  55  5/26/2020 p:     566     525 e:   7.6 r:  59.9 OK
US_Florida_Palm_Beach=Deaths i: 125  54  56          . p:     538     525 e:   2.3 r:  60.9 OK
US_Florida_Palm_Beach=Deaths i: 126  55  57  5/28/2020 p:     523     525 e:  -0.5 r:  62.2 OK
US_Florida_Palm_Beach=Deaths i: 127  56  58          . p:     523     525 e:  -0.5 r:  63.7 OK
US_Florida_Palm_Beach=Deaths i: 128  57  59  5/30/2020 p:     523     525 e:  -0.5 r:  64.1 OK
US_Florida_Palm_Beach=Deaths i: 129  58  60          . p:     394     525 e: -25.1 r:  64.1   
US_Florida_Palm_Beach=Deaths i: 130  59  61   6/1/2020 p:     508     525 e:  -3.4 r:  64.1 OK
US_Florida_Palm_Beach=Deaths i: 131  60  62          . p:     494     525 e:  -6.0 r:  66.8 OK
US_Florida_Palm_Beach=Deaths i: 132  61  63   6/3/2020 p:     508     525 e:  -3.4 r:  68.3 OK
US_Florida_Palm_Beach=Deaths i: 133  62  64          . p:     523     525 e:  -0.5 r:  69.0 OK
US_Florida_Palm_Beach=Deaths i: 134  63  65   6/5/2020 p:     523     525 e:  -0.5 r:  69.8 OK
US_Florida_Palm_Beach=Deaths i: 135  64  66          . p:     523     525 e:  -0.5 r:  70.4 OK
US_Florida_Palm_Beach=Deaths i: 136  65  67   6/7/2020 p:     523     525 e:  -0.5 r:  70.7 OK
US_Florida_Palm_Beach=Deaths i: 137  66  68          . p:     523     525 e:  -0.5 r:  70.9 OK
US_Florida_Palm_Beach=Deaths i: 138  67  69   6/9/2020 p:     537     525 e:   2.1 r:  73.8 OK
