
  # Process COVID TAB data
p1= 8360 il= 138
p1= 8066 il= 137
p1= 8066 il= 136
p1= 8066 il= 135
p1= 8066 il= 134
US_Louisiana_Jefferson=Confirmed nl = 139, n1= 5 s1= 8124.8 s2= 66026204.8 SD= 117.599999999959 frac%= 1.44742024419013
US_Louisiana_Jefferson=Confirmed i:  56  56   0  3/19/2020 p:     733    8124 e: -91.0 r:   0.8   
US_Louisiana_Jefferson=Confirmed i:  57  57   1          . p:    6600    8124 e: -18.8 r:   1.3   
US_Louisiana_Jefferson=Confirmed i:  59  59   3          . p:       0    8124 e: -100.0 r:   2.6   
US_Louisiana_Jefferson=Confirmed i:  60  60   4  3/23/2020 p:     440    8124 e: -94.6 r:   3.1   
US_Louisiana_Jefferson=Confirmed i:  61  61   5          . p:     378    8124 e: -95.3 r:   3.6   
US_Louisiana_Jefferson=Confirmed i:  62  62   6  3/25/2020 p:     605    8124 e: -92.6 r:   4.4   
US_Louisiana_Jefferson=Confirmed i:  63  63   7          . p:    1320    8124 e: -83.8 r:   5.6   
US_Louisiana_Jefferson=Confirmed i:  64  64   8  3/27/2020 p:    1613    8124 e: -80.1 r:   6.7   
US_Louisiana_Jefferson=Confirmed i:  65  65   9          . p:    3666    8124 e: -54.9 r:   9.2   
US_Louisiana_Jefferson=Confirmed i:  66  66  10  3/29/2020 p:    3080    8124 e: -62.1 r:   9.4   
US_Louisiana_Jefferson=Confirmed i:  67  67  11          . p:    2786    8124 e: -65.7 r:  10.3   
US_Louisiana_Jefferson=Confirmed i:  68  68  12  3/31/2020 p:    5426    8124 e: -33.2 r:  14.7   
US_Louisiana_Jefferson=Confirmed i:  69   0  13          . p:    8066    8124 e:  -0.7 r:  17.6 OK 1st
US_Louisiana_Jefferson=Confirmed i:  70   1  14   4/2/2020 p:       0    8124 e: -100.0 r:  26.8   
US_Louisiana_Jefferson=Confirmed i:  71   2  15          . p:       0    8124 e: -100.0 r:  30.7   
US_Louisiana_Jefferson=Confirmed i:  72   3  16   4/4/2020 p:    8360    8124 e:   2.9 r:  37.0 OK
US_Louisiana_Jefferson=Confirmed i:  73   4  17          . p:    3666    8124 e: -54.9 r:  38.0   
US_Louisiana_Jefferson=Confirmed i:  74   5  18   4/6/2020 p:    4546    8124 e: -44.0 r:  43.4   
US_Louisiana_Jefferson=Confirmed i:  75   6  19          . p:    5133    8124 e: -36.8 r:  48.3   
US_Louisiana_Jefferson=Confirmed i:  76   7  20   4/8/2020 p:    5133    8124 e: -36.8 r:  50.4   
US_Louisiana_Jefferson=Confirmed i:  77   8  21          . p:    5720    8124 e: -29.6 r:  55.1   
US_Louisiana_Jefferson=Confirmed i:  78   9  22  4/10/2020 p:    5742    8124 e: -29.3 r:  57.6   
US_Louisiana_Jefferson=Confirmed i:  79  10  23          . p:    5908    8124 e: -27.3 r:  60.0   
US_Louisiana_Jefferson=Confirmed i:  80  11  24  4/12/2020 p:    5812    8124 e: -28.5 r:  61.4   
US_Louisiana_Jefferson=Confirmed i:  81  12  25          . p:    5729    8124 e: -29.5 r:  62.6   
US_Louisiana_Jefferson=Confirmed i:  82  13  26  4/14/2020 p:    5510    8124 e: -32.2 r:  63.9   
US_Louisiana_Jefferson=Confirmed i:  83  14  27          . p:    5588    8124 e: -31.2 r:  64.8   
US_Louisiana_Jefferson=Confirmed i:  84  15  28  4/16/2020 p:    5646    8124 e: -30.5 r:  65.8   
US_Louisiana_Jefferson=Confirmed i:  85  16  29          . p:    5720    8124 e: -29.6 r:  67.4   
US_Louisiana_Jefferson=Confirmed i:  86  17  30  4/18/2020 p:    5720    8124 e: -29.6 r:  68.2   
US_Louisiana_Jefferson=Confirmed i:  87  18  31          . p:    5894    8124 e: -27.5 r:  68.8   
US_Louisiana_Jefferson=Confirmed i:  88  19  32  4/20/2020 p:    6013    8124 e: -26.0 r:  70.9   
US_Louisiana_Jefferson=Confirmed i:  89  20  33          . p:    6013    8124 e: -26.0 r:  71.4   
US_Louisiana_Jefferson=Confirmed i:  90  21  34  4/22/2020 p:    6120    8124 e: -24.7 r:  72.1   
US_Louisiana_Jefferson=Confirmed i:  91  22  35          . p:    6172    8124 e: -24.0 r:  73.0   
US_Louisiana_Jefferson=Confirmed i:  92  23  36  4/24/2020 p:    6237    8124 e: -23.2 r:  73.7   
US_Louisiana_Jefferson=Confirmed i:  93  24  37          . p:    6257    8124 e: -23.0 r:  73.9   
US_Louisiana_Jefferson=Confirmed i:  94  25  38  4/26/2020 p:    6241    8124 e: -23.2 r:  74.6   
US_Louisiana_Jefferson=Confirmed i:  95  26  39          . p:    6312    8124 e: -22.3 r:  75.1   
US_Louisiana_Jefferson=Confirmed i:  96  27  40  4/28/2020 p:    6320    8124 e: -22.2 r:  75.5   
US_Louisiana_Jefferson=Confirmed i:  97  28  41          . p:    6294    8124 e: -22.5 r:  76.0   
US_Louisiana_Jefferson=Confirmed i:  98  29  42  4/30/2020 p:    6383    8124 e: -21.4 r:  76.3   
US_Louisiana_Jefferson=Confirmed i:  99  30  43          . p:    6600    8124 e: -18.8 r:  77.6   
US_Louisiana_Jefferson=Confirmed i: 100  31  44   5/2/2020 p:    6600    8124 e: -18.8 r:  78.3   
US_Louisiana_Jefferson=Confirmed i: 101  32  45          . p:    6600    8124 e: -18.8 r:  78.6   
US_Louisiana_Jefferson=Confirmed i: 102  33  46   5/4/2020 p:    6600    8124 e: -18.8 r:  79.1   
US_Louisiana_Jefferson=Confirmed i: 103  34  47          . p:    6600    8124 e: -18.8 r:  79.9   
US_Louisiana_Jefferson=Confirmed i: 104  35  48   5/6/2020 p:    7186    8124 e: -11.6 r:  80.7 OK
US_Louisiana_Jefferson=Confirmed i: 105  36  49          . p:    7186    8124 e: -11.6 r:  81.1 OK
US_Louisiana_Jefferson=Confirmed i: 106  37  50   5/8/2020 p:    6893    8124 e: -15.2 r:  81.4   
US_Louisiana_Jefferson=Confirmed i: 107  38  51          . p:    7480    8124 e:  -7.9 r:  82.2 OK
US_Louisiana_Jefferson=Confirmed i: 108  39  52  5/10/2020 p:    7480    8124 e:  -7.9 r:  82.6 OK
US_Louisiana_Jefferson=Confirmed i: 109  40  53          . p:    7480    8124 e:  -7.9 r:  83.1 OK
US_Louisiana_Jefferson=Confirmed i: 110  41  54  5/12/2020 p:    7773    8124 e:  -4.3 r:  83.6 OK
US_Louisiana_Jefferson=Confirmed i: 111  42  55          . p:    7773    8124 e:  -4.3 r:  84.1 OK
US_Louisiana_Jefferson=Confirmed i: 112  43  56  5/14/2020 p:    6994    8124 e: -13.9 r:  84.4 OK
US_Louisiana_Jefferson=Confirmed i: 113  44  57          . p:    7027    8124 e: -13.5 r:  84.9 OK
US_Louisiana_Jefferson=Confirmed i: 114  45  58  5/16/2020 p:    8066    8124 e:  -0.7 r:  85.9 OK
US_Louisiana_Jefferson=Confirmed i: 115  46  59          . p:    7773    8124 e:  -4.3 r:  86.6 OK
US_Louisiana_Jefferson=Confirmed i: 116  47  60  5/18/2020 p:    8066    8124 e:  -0.7 r:  86.9 OK
US_Louisiana_Jefferson=Confirmed i: 117  48  61          . p:    8066    8124 e:  -0.7 r:  87.3 OK
US_Louisiana_Jefferson=Confirmed i: 118  49  62  5/20/2020 p:    7186    8124 e: -11.6 r:  87.7 OK
US_Louisiana_Jefferson=Confirmed i: 119  50  63          . p:    7773    8124 e:  -4.3 r:  88.3 OK
US_Louisiana_Jefferson=Confirmed i: 120  51  64  5/22/2020 p:    8066    8124 e:  -0.7 r:  89.0 OK
US_Louisiana_Jefferson=Confirmed i: 121  52  65          . p:    7773    8124 e:  -4.3 r:  89.0 OK
US_Louisiana_Jefferson=Confirmed i: 122  53  66  5/24/2020 p:    7954    8124 e:  -2.1 r:  89.2 OK
US_Louisiana_Jefferson=Confirmed i: 123  54  67          . p:    9058    8124 e:  11.5 r:  89.8 OK
US_Louisiana_Jefferson=Confirmed i: 124  55  68  5/26/2020 p:    8066    8124 e:  -0.7 r:  90.2 OK
US_Louisiana_Jefferson=Confirmed i: 125  56  69          . p:    9240    8124 e:  13.7 r:  91.0 OK
US_Louisiana_Jefferson=Confirmed i: 126  57  70  5/28/2020 p:    8653    8124 e:   6.5 r:  91.4 OK
US_Louisiana_Jefferson=Confirmed i: 127  58  71          . p:    9240    8124 e:  13.7 r:  91.4 OK
US_Louisiana_Jefferson=Confirmed i: 128  59  72  5/30/2020 p:   10120    8124 e:  24.6 r:  92.8   
US_Louisiana_Jefferson=Confirmed i: 129  60  73          . p:   10120    8124 e:  24.6 r:  93.3   
US_Louisiana_Jefferson=Confirmed i: 130  61  74   6/1/2020 p:   11000    8124 e:  35.4 r:  94.2   
US_Louisiana_Jefferson=Confirmed i: 131  62  75          . p:   12173    8124 e:  49.8 r:  94.9   
US_Louisiana_Jefferson=Confirmed i: 132  63  76   6/3/2020 p:   12760    8124 e:  57.1 r:  95.2   
US_Louisiana_Jefferson=Confirmed i: 133  64  77          . p:   13347    8124 e:  64.3 r:  95.5   
US_Louisiana_Jefferson=Confirmed i: 134  65  78   6/5/2020 p:    8066    8124 e:  -0.7 r:  96.0 OK
US_Louisiana_Jefferson=Confirmed i: 135  66  79          . p:    8066    8124 e:  -0.7 r:  96.4 OK
US_Louisiana_Jefferson=Confirmed i: 136  67  80   6/7/2020 p:    8066    8124 e:  -0.7 r:  96.8 OK
US_Louisiana_Jefferson=Confirmed i: 137  68  81          . p:    8066    8124 e:  -0.7 r:  97.0 OK
US_Louisiana_Jefferson=Confirmed i: 138  69  82   6/9/2020 p:    8360    8124 e:   2.9 r:  97.7 OK
