
  # Process COVID TAB data
p1= 7090 il= 138
p1= 6923 il= 137
p1= 6757 il= 136
p1= 7090 il= 135
p1= 6590 il= 134
Senegal=Confirmed nl = 139, n1= 5 s1= 6890 s2= 47509855.6 SD= 194.308002923198 frac%= 2.82014518030766
Senegal=Confirmed i:  54  54  -8  3/17/2020 p:      83    6890 e: -98.8 r:   0.4   
Senegal=Confirmed i:  55  55  -7          . p:      83    6890 e: -98.8 r:   0.4   
Senegal=Confirmed i:  56  56  -6  3/19/2020 p:      83    6890 e: -98.8 r:   0.4   
Senegal=Confirmed i:  57  57  -5          . p:      83    6890 e: -98.8 r:   0.6   
Senegal=Confirmed i:  58  58  -4  3/21/2020 p:      83    6890 e: -98.8 r:   0.7   
Senegal=Confirmed i:  59  59  -3          . p:     250    6890 e: -96.4 r:   1.0   
Senegal=Confirmed i:  60  60  -2  3/23/2020 p:     250    6890 e: -96.4 r:   1.1   
Senegal=Confirmed i:  61  61  -1          . p:     250    6890 e: -96.4 r:   1.2   
Senegal=Confirmed i:  62  62   0  3/25/2020 p:     417    6890 e: -93.9 r:   1.4   
Senegal=Confirmed i:  63  63   1          . p:     250    6890 e: -96.4 r:   1.5   
Senegal=Confirmed i:  64  64   2  3/27/2020 p:     250    6890 e: -96.4 r:   1.7   
Senegal=Confirmed i:  65  65   3          . p:     250    6890 e: -96.4 r:   1.9   
Senegal=Confirmed i:  66  66   4  3/29/2020 p:     417    6890 e: -93.9 r:   2.1   
Senegal=Confirmed i:  67  67   5          . p:     417    6890 e: -93.9 r:   2.4   
Senegal=Confirmed i:  68  68   6  3/31/2020 p:     417    6890 e: -93.9 r:   2.5   
Senegal=Confirmed i:  69  69   7          . p:     417    6890 e: -93.9 r:   2.8   
Senegal=Confirmed i:  70  70   8   4/2/2020 p:     349    6890 e: -94.9 r:   2.8   
Senegal=Confirmed i:  71  71   9          . p:     340    6890 e: -95.1 r:   3.0   
Senegal=Confirmed i:  72  72  10   4/4/2020 p:     278    6890 e: -96.0 r:   3.2   
Senegal=Confirmed i:  73  73  11          . p:     391    6890 e: -94.3 r:   3.2   
Senegal=Confirmed i:  74  74  12   4/6/2020 p:     249    6890 e: -96.4 r:   3.3   
Senegal=Confirmed i:  75  75  13          . p:     306    6890 e: -95.6 r:   3.4   
Senegal=Confirmed i:  76  76  14   4/8/2020 p:     304    6890 e: -95.6 r:   3.5   
Senegal=Confirmed i:  77  77  15          . p:     250    6890 e: -96.4 r:   3.6   
Senegal=Confirmed i:  78  78  16  4/10/2020 p:     417    6890 e: -93.9 r:   3.8   
Senegal=Confirmed i:  79  79  17          . p:     417    6890 e: -93.9 r:   4.0   
Senegal=Confirmed i:  80  80  18  4/12/2020 p:     417    6890 e: -93.9 r:   4.1   
Senegal=Confirmed i:  81  81  19          . p:     417    6890 e: -93.9 r:   4.2   
Senegal=Confirmed i:  82  82  20  4/14/2020 p:     417    6890 e: -93.9 r:   4.3   
Senegal=Confirmed i:  83  83  21          . p:     417    6890 e: -93.9 r:   4.6   
Senegal=Confirmed i:  84  84  22  4/16/2020 p:     417    6890 e: -93.9 r:   4.9   
Senegal=Confirmed i:  85  85  23          . p:     417    6890 e: -93.9 r:   5.0   
Senegal=Confirmed i:  86  86  24  4/18/2020 p:     417    6890 e: -93.9 r:   5.1   
Senegal=Confirmed i:  87  87  25          . p:     417    6890 e: -93.9 r:   5.3   
Senegal=Confirmed i:  88  88  26  4/20/2020 p:     417    6890 e: -93.9 r:   5.5   
Senegal=Confirmed i:  89  89  27          . p:     583    6890 e: -91.5 r:   6.0   
Senegal=Confirmed i:  90  90  28  4/22/2020 p:     583    6890 e: -91.5 r:   6.4   
Senegal=Confirmed i:  91  91  29          . p:     750    6890 e: -89.1 r:   7.0   
Senegal=Confirmed i:  92  92  30  4/24/2020 p:     917    6890 e: -86.7 r:   7.9   
Senegal=Confirmed i:  93  93  31          . p:    1084    6890 e: -84.3 r:   8.9   
Senegal=Confirmed i:  94  94  32  4/26/2020 p:    1251    6890 e: -81.8 r:   9.7   
Senegal=Confirmed i:  95  95  33          . p:    1584    6890 e: -77.0 r:  10.7   
Senegal=Confirmed i:  96  96  34  4/28/2020 p:    1918    6890 e: -72.2 r:  11.9   
Senegal=Confirmed i:  97  97  35          . p:    2252    6890 e: -67.3 r:  12.8   
Senegal=Confirmed i:  98  98  36  4/30/2020 p:    1751    6890 e: -74.6 r:  13.5   
Senegal=Confirmed i:  99  99  37          . p:    2419    6890 e: -64.9 r:  14.9   
Senegal=Confirmed i: 100   0  38   5/2/2020 p:    7591    6890 e:  10.2 r:  16.2 OK 1st
Senegal=Confirmed i: 101   1  39          . p:    4254    6890 e: -38.3 r:  17.2   
Senegal=Confirmed i: 102   2  40   5/4/2020 p:    3920    6890 e: -43.1 r:  18.4   
Senegal=Confirmed i: 103   3  41          . p:    3920    6890 e: -43.1 r:  19.3   
Senegal=Confirmed i: 104   4  42   5/6/2020 p:    4087    6890 e: -40.7 r:  20.8   
Senegal=Confirmed i: 105   5  43          . p:    3920    6890 e: -43.1 r:  21.7   
Senegal=Confirmed i: 106   6  44   5/8/2020 p:    2419    6890 e: -64.9 r:  22.5   
Senegal=Confirmed i: 107   7  45          . p:    3420    6890 e: -50.4 r:  23.7   
Senegal=Confirmed i: 108   8  46  5/10/2020 p:    3420    6890 e: -50.4 r:  24.8   
Senegal=Confirmed i: 109   9  47          . p:    4588    6890 e: -33.4 r:  27.4   
Senegal=Confirmed i: 110  10  48  5/12/2020 p:    5589    6890 e: -18.9 r:  29.0   
Senegal=Confirmed i: 111  11  49          . p:    6590    6890 e:  -4.4 r:  30.6 OK
Senegal=Confirmed i: 112  12  50  5/14/2020 p:    2752    6890 e: -60.1 r:  31.8   
Senegal=Confirmed i: 113  13  51          . p:   10093    6890 e:  46.5 r:  33.5   
Senegal=Confirmed i: 114  14  52  5/16/2020 p:       0    6890 e: -100.0 r:  35.3   
Senegal=Confirmed i: 115  15  53          . p:    7924    6890 e:  15.0 r:  36.0   
Senegal=Confirmed i: 116  16  54  5/18/2020 p:    3253    6890 e: -52.8 r:  36.9   
Senegal=Confirmed i: 117  17  55          . p:    3086    6890 e: -55.2 r:  38.0   
Senegal=Confirmed i: 118  18  56  5/20/2020 p:    3420    6890 e: -50.4 r:  39.4   
Senegal=Confirmed i: 119  19  57          . p:    6423    6890 e:  -6.8 r:  40.8 OK
Senegal=Confirmed i: 120  20  58  5/22/2020 p:    6256    6890 e:  -9.2 r:  42.2 OK
Senegal=Confirmed i: 121  21  59          . p:    6256    6890 e:  -9.2 r:  43.2 OK
Senegal=Confirmed i: 122  22  60  5/24/2020 p:    6089    6890 e: -11.6 r:  44.2 OK
Senegal=Confirmed i: 123  23  61          . p:    5922    6890 e: -14.0 r:  45.4 OK
Senegal=Confirmed i: 124  24  62  5/26/2020 p:    5589    6890 e: -18.9 r:  45.9   
Senegal=Confirmed i: 125  25  63          . p:    4254    6890 e: -38.3 r:  47.2   
Senegal=Confirmed i: 126  26  64  5/28/2020 p:    5422    6890 e: -21.3 r:  48.6   
Senegal=Confirmed i: 127  27  65          . p:    5422    6890 e: -21.3 r:  49.8   
Senegal=Confirmed i: 128  28  66  5/30/2020 p:    5589    6890 e: -18.9 r:  51.3   
Senegal=Confirmed i: 129  29  67          . p:    5589    6890 e: -18.9 r:  52.9   
Senegal=Confirmed i: 130  30  68   6/1/2020 p:    5755    6890 e: -16.5 r:  54.3   
Senegal=Confirmed i: 131  31  69          . p:    5922    6890 e: -14.0 r:  55.7 OK
Senegal=Confirmed i: 132  32  70   6/3/2020 p:    6089    6890 e: -11.6 r:  57.1 OK
Senegal=Confirmed i: 133  33  71          . p:    6423    6890 e:  -6.8 r:  58.4 OK
Senegal=Confirmed i: 134  34  72   6/5/2020 p:    6590    6890 e:  -4.4 r:  60.3 OK
Senegal=Confirmed i: 135  35  73          . p:    7090    6890 e:   2.9 r:  61.7 OK
Senegal=Confirmed i: 136  36  74   6/7/2020 p:    6757    6890 e:  -1.9 r:  62.8 OK
Senegal=Confirmed i: 137  37  75          . p:    6923    6890 e:   0.5 r:  64.3 OK
Senegal=Confirmed i: 138  38  76   6/9/2020 p:    7090    6890 e:   2.9 r:  65.5 OK
