
  # Process COVID TAB data
p1= - il= 138
p1= - il= 137
p1= - il= 136
p1= - il= 135
p1= 6039 il= 134
Pakistan=Deaths nl = 139, n1= 5 s1= 1207.8 s2= 7293904.2 SD= 2415.6 frac%= 200
Pakistan=Deaths i:  64  64  -2  3/27/2020 p:      41    1207 e: -96.6 r:   0.9   
Pakistan=Deaths i:  65  65  -1          . p:      41    1207 e: -96.6 r:   1.0   
Pakistan=Deaths i:  66  66   0  3/29/2020 p:      41    1207 e: -96.6 r:   1.2   
Pakistan=Deaths i:  67   0   1          . p:    1124    1207 e:  -6.9 r:   1.7 OK 1st
Pakistan=Deaths i:  70   3   4   4/2/2020 p:      41    1207 e: -96.6 r:   2.8   
Pakistan=Deaths i:  71   4   5          . p:      41    1207 e: -96.6 r:   3.3   
Pakistan=Deaths i:  72   5   6   4/4/2020 p:      41    1207 e: -96.6 r:   3.4   
Pakistan=Deaths i:  73   6   7          . p:      41    1207 e: -96.6 r:   3.9   
Pakistan=Deaths i:  74   7   8   4/6/2020 p:     124    1207 e: -89.7 r:   4.4   
Pakistan=Deaths i:  75   8   9          . p:      95    1207 e: -92.1 r:   4.7   
Pakistan=Deaths i:  76   9  10   4/8/2020 p:      93    1207 e: -92.3 r:   5.1   
Pakistan=Deaths i:  77  10  11          . p:      97    1207 e: -92.0 r:   5.4   
Pakistan=Deaths i:  78  11  12  4/10/2020 p:      90    1207 e: -92.5 r:   5.5   
Pakistan=Deaths i:  79  12  13          . p:     232    1207 e: -80.8 r:   7.1   
Pakistan=Deaths i:  80  13  14  4/12/2020 p:     273    1207 e: -77.4 r:   7.5   
Pakistan=Deaths i:  81  14  15          . p:      96    1207 e: -92.1 r:   7.7   
Pakistan=Deaths i:  82  15  16  4/14/2020 p:      98    1207 e: -91.9 r:   7.9   
Pakistan=Deaths i:  83  16  17          . p:     261    1207 e: -78.4 r:   9.2   
Pakistan=Deaths i:  84  17  18  4/16/2020 p:     458    1207 e: -62.1 r:  10.6   
Pakistan=Deaths i:  85  18  19          . p:     541    1207 e: -55.2 r:  11.2   
Pakistan=Deaths i:  86  19  20  4/18/2020 p:     541    1207 e: -55.2 r:  11.8   
Pakistan=Deaths i:  87  20  21          . p:     708    1207 e: -41.4 r:  13.9   
Pakistan=Deaths i:  88  21  22  4/20/2020 p:     791    1207 e: -34.5 r:  14.6   
Pakistan=Deaths i:  89  22  23          . p:    1041    1207 e: -13.8 r:  16.6 OK
Pakistan=Deaths i:  90  23  24  4/22/2020 p:    1291    1207 e:   6.9 r:  17.6 OK
Pakistan=Deaths i:  91  24  25          . p:    1624    1207 e:  34.5 r:  19.6   
Pakistan=Deaths i:  92  25  26  4/24/2020 p:    1874    1207 e:  55.2 r:  20.9   
Pakistan=Deaths i:  93  26  27          . p:    2041    1207 e:  69.0 r:  22.3   
Pakistan=Deaths i:  94  27  28  4/26/2020 p:    2124    1207 e:  75.9 r:  23.3   
Pakistan=Deaths i:  95  28  29          . p:     374    1207 e: -69.0 r:  24.2   
Pakistan=Deaths i:  96  29  30  4/28/2020 p:     458    1207 e: -62.1 r:  25.8   
Pakistan=Deaths i:  97  30  31          . p:     874    1207 e: -27.6 r:  28.4   
Pakistan=Deaths i:  98  31  32  4/30/2020 p:    2124    1207 e:  75.9 r:  31.9   
Pakistan=Deaths i:  99  32  33          . p:    3040    1207 e: 151.7 r:  34.5   
Pakistan=Deaths i: 100  33  34   5/2/2020 p:    1291    1207 e:   6.9 r:  36.4 OK
Pakistan=Deaths i: 101  34  35          . p:     541    1207 e: -55.2 r:  37.8   
Pakistan=Deaths i: 102  35  36   5/4/2020 p:     541    1207 e: -55.2 r:  39.4   
Pakistan=Deaths i: 103  36  37          . p:    3790    1207 e: 213.8 r:  42.6   
Pakistan=Deaths i: 104  37  38   5/6/2020 p:       0    1207 e: -100.0 r:  46.7   
Pakistan=Deaths i: 105  38  39          . p:    1457    1207 e:  20.6 r:  48.4   
Pakistan=Deaths i: 106  39  40   5/8/2020 p:    4457    1207 e: 269.0 r:  49.6   
Pakistan=Deaths i: 107  40  41          . p:    5040    1207 e: 317.3 r:  52.7   
Pakistan=Deaths i: 108  41  42  5/10/2020 p:    3790    1207 e: 213.8 r:  54.6   
Pakistan=Deaths i: 109  42  43          . p:    3957    1207 e: 227.6 r:  58.5   
Pakistan=Deaths i: 110  43  44  5/12/2020 p:    3873    1207 e: 220.7 r:  61.0   
Pakistan=Deaths i: 111  44  45          . p:    1624    1207 e:  34.5 r:  63.0   
Pakistan=Deaths i: 112  45  46  5/14/2020 p:    1483    1207 e:  22.8 r:  63.8   
Pakistan=Deaths i: 113  46  47          . p:    3290    1207 e: 172.4 r:  69.1   
Pakistan=Deaths i: 114  47  48  5/16/2020 p:    2957    1207 e: 144.8 r:  70.6   
Pakistan=Deaths i: 115  48  49          . p:    1710    1207 e:  41.6 r:  72.3   
Pakistan=Deaths i: 116  49  50  5/18/2020 p:    1410    1207 e:  16.7 r:  74.8   
Pakistan=Deaths i: 117  50  51          . p:    1733    1207 e:  43.5 r:  77.7   
Pakistan=Deaths i: 118  51  52  5/20/2020 p:    2041    1207 e:  69.0 r:  81.6   
Pakistan=Deaths i: 119  52  53          . p:    2707    1207 e: 124.1 r:  84.2   
Pakistan=Deaths i: 120  53  54  5/22/2020 p:    2707    1207 e: 124.1 r:  88.3   
Pakistan=Deaths i: 121  54  55          . p:    2874    1207 e: 138.0 r:  91.2   
Pakistan=Deaths i: 122  55  56  5/24/2020 p:    2874    1207 e: 138.0 r:  93.8   
Pakistan=Deaths i: 123  56  57          . p:    2957    1207 e: 144.8 r:  96.6   
Pakistan=Deaths i: 124  57  58  5/26/2020 p:    2957    1207 e: 144.8 r:  99.1   
Pakistan=Deaths i: 125  58  59          . p:    2907    1207 e: 140.7 r: 101.4   
Pakistan=Deaths i: 126  59  60  5/28/2020 p:    2896    1207 e: 139.8 r: 104.3   
Pakistan=Deaths i: 127  60  61          . p:    2957    1207 e: 144.8 r: 109.0   
Pakistan=Deaths i: 128  61  62  5/30/2020 p:    3207    1207 e: 165.5 r: 115.5   
Pakistan=Deaths i: 129  62  63          . p:    3707    1207 e: 206.9 r: 122.8   
Pakistan=Deaths i: 130  63  64   6/1/2020 p:    4623    1207 e: 282.8 r: 127.8   
Pakistan=Deaths i: 131  64  65          . p:    4457    1207 e: 269.0 r: 134.2   
Pakistan=Deaths i: 132  65  66   6/3/2020 p:    4956    1207 e: 310.3 r: 139.8   
Pakistan=Deaths i: 133  66  67          . p:    5790    1207 e: 379.4 r: 146.5   
Pakistan=Deaths i: 134  67  68   6/5/2020 p:    6039    1207 e: 400.0 r: 152.2   
Pakistan=Deaths i: 135  68  69          . p:       0    1207 e: -100.0 r: 160.2   
Pakistan=Deaths i: 136  69  70   6/7/2020 p:       0    1207 e: -100.0 r: 165.8   
Pakistan=Deaths i: 137  70  71          . p:       0    1207 e: -100.0 r: 179.8   
Pakistan=Deaths i: 138  71  72   6/9/2020 p:       0    1207 e: -100.0 r: 186.7   
