
  # Process COVID TAB data
p1= 22613 il= 138
p1= 22613 il= 137
p1= 22613 il= 136
p1= 22613 il= 135
p1= 23380 il= 134
Romania=Confirmed nl = 139, n1= 5 s1= 22766.4 s2= 518403095.2 SD= 306.799999999918 frac%= 1.34759997188804
Romania=Confirmed i:  43  43  -7          . p:     383   22766 e: -98.3 r:   0.0   
Romania=Confirmed i:  44  44  -6   3/7/2020 p:     383   22766 e: -98.3 r:   0.0   
Romania=Confirmed i:  45  45  -5          . p:   13415   22766 e: -41.1 r:   0.1   
Romania=Confirmed i:  46  46  -4   3/9/2020 p:     383   22766 e: -98.3 r:   0.1   
Romania=Confirmed i:  51  51   1          . p:   15714   22766 e: -31.0 r:   0.5   
Romania=Confirmed i:  52  52   2  3/15/2020 p:     383   22766 e: -98.3 r:   0.6   
Romania=Confirmed i:  53  53   3          . p:     383   22766 e: -98.3 r:   0.7   
Romania=Confirmed i:  54  54   4  3/17/2020 p:     383   22766 e: -98.3 r:   0.8   
Romania=Confirmed i:  55  55   5          . p:    1149   22766 e: -95.0 r:   1.1   
Romania=Confirmed i:  56  56   6  3/19/2020 p:    1149   22766 e: -95.0 r:   1.2   
Romania=Confirmed i:  57  57   7          . p:     383   22766 e: -98.3 r:   1.4   
Romania=Confirmed i:  58  58   8  3/21/2020 p:    1149   22766 e: -95.0 r:   1.6   
Romania=Confirmed i:  59  59   9          . p:    1149   22766 e: -95.0 r:   1.9   
Romania=Confirmed i:  60  60  10  3/23/2020 p:    2683   22766 e: -88.2 r:   2.5   
Romania=Confirmed i:  61  61  11          . p:    8815   22766 e: -61.3 r:   3.5   
Romania=Confirmed i:  62  62  12  3/25/2020 p:   13415   22766 e: -41.1 r:   4.0   
Romania=Confirmed i:  63  63  13          . p:   16481   22766 e: -27.6 r:   4.5   
Romania=Confirmed i:  64  64  14  3/27/2020 p:   45611   22766 e: 100.3 r:   5.7   
Romania=Confirmed i:  65  65  15          . p:    4982   22766 e: -78.1 r:   6.4   
Romania=Confirmed i:  66  66  16  3/29/2020 p:   57876   22766 e: 154.2 r:   8.0   
Romania=Confirmed i:  67   0  17          . p:   21847   22766 e:  -4.0 r:   9.3 OK 1st
Romania=Confirmed i:  68   1  18  3/31/2020 p:   11881   22766 e: -47.8 r:   9.9   
Romania=Confirmed i:  69   2  19          . p:    3449   22766 e: -84.9 r:  10.8   
Romania=Confirmed i:  70   3  20   4/2/2020 p:    7282   22766 e: -68.0 r:  12.0   
Romania=Confirmed i:  71   4  21          . p:    9582   22766 e: -57.9 r:  14.0   
Romania=Confirmed i:  72   5  22   4/4/2020 p:   12648   22766 e: -44.4 r:  15.9   
Romania=Confirmed i:  73   6  23          . p:   14181   22766 e: -37.7 r:  17.0   
Romania=Confirmed i:  74   7  24   4/6/2020 p:   11115   22766 e: -51.2 r:  17.8   
Romania=Confirmed i:  75   8  25          . p:   11115   22766 e: -51.2 r:  19.4   
Romania=Confirmed i:  76   9  26   4/8/2020 p:   11115   22766 e: -51.2 r:  20.9   
Romania=Confirmed i:  77  10  27          . p:   11881   22766 e: -47.8 r:  22.8   
Romania=Confirmed i:  78  11  28  4/10/2020 p:   11881   22766 e: -47.8 r:  24.0   
Romania=Confirmed i:  79  12  29          . p:   14181   22766 e: -37.7 r:  26.3   
Romania=Confirmed i:  80  13  30  4/12/2020 p:   14948   22766 e: -34.3 r:  27.7   
Romania=Confirmed i:  81  14  31          . p:   14948   22766 e: -34.3 r:  29.1   
Romania=Confirmed i:  82  15  32  4/14/2020 p:   13677   22766 e: -39.9 r:  30.2   
Romania=Confirmed i:  83  16  33          . p:   13642   22766 e: -40.1 r:  31.7   
Romania=Confirmed i:  84  17  34  4/16/2020 p:   14948   22766 e: -34.3 r:  33.9   
Romania=Confirmed i:  85  18  35          . p:   15714   22766 e: -31.0 r:  35.4   
Romania=Confirmed i:  86  19  36  4/18/2020 p:   16481   22766 e: -27.6 r:  37.0   
Romania=Confirmed i:  87  20  37          . p:   16481   22766 e: -27.6 r:  38.4   
Romania=Confirmed i:  88  21  38  4/20/2020 p:   15397   22766 e: -32.4 r:  39.3   
Romania=Confirmed i:  89  22  39          . p:   15488   22766 e: -32.0 r:  40.6   
Romania=Confirmed i:  90  23  40  4/22/2020 p:   16562   22766 e: -27.3 r:  42.7   
Romania=Confirmed i:  91  24  41          . p:   16481   22766 e: -27.6 r:  44.3   
Romania=Confirmed i:  92  25  42  4/24/2020 p:   17247   22766 e: -24.2 r:  45.8   
Romania=Confirmed i:  93  26  43          . p:   17247   22766 e: -24.2 r:  46.7   
Romania=Confirmed i:  94  27  44  4/26/2020 p:   18366   22766 e: -19.3 r:  48.5   
Romania=Confirmed i:  95  28  45          . p:   17886   22766 e: -21.4 r:  49.8   
Romania=Confirmed i:  96  29  46  4/28/2020 p:   17883   22766 e: -21.5 r:  51.0   
Romania=Confirmed i:  97  30  47          . p:   17247   22766 e: -24.2 r:  52.6   
Romania=Confirmed i:  98  31  48  4/30/2020 p:   18399   22766 e: -19.2 r:  53.8   
Romania=Confirmed i:  99  32  49          . p:   18325   22766 e: -19.5 r:  55.2   
Romania=Confirmed i: 100  33  50   5/2/2020 p:   18440   22766 e: -19.0 r:  55.9   
Romania=Confirmed i: 101  34  51          . p:   18287   22766 e: -19.7 r:  57.8   
Romania=Confirmed i: 102  35  52   5/4/2020 p:   18781   22766 e: -17.5 r:  59.4   
Romania=Confirmed i: 103  36  53          . p:   18781   22766 e: -17.5 r:  60.8   
Romania=Confirmed i: 104  37  54   5/6/2020 p:   18781   22766 e: -17.5 r:  62.0   
Romania=Confirmed i: 105  38  55          . p:   19547   22766 e: -14.1 r:  63.7 OK
Romania=Confirmed i: 106  39  56   5/8/2020 p:   19547   22766 e: -14.1 r:  65.1 OK
Romania=Confirmed i: 107  40  57          . p:   19547   22766 e: -14.1 r:  66.5 OK
Romania=Confirmed i: 108  41  58  5/10/2020 p:   20011   22766 e: -12.1 r:  67.5 OK
Romania=Confirmed i: 109  42  59          . p:   20143   22766 e: -11.5 r:  68.5 OK
Romania=Confirmed i: 110  43  60  5/12/2020 p:   20351   22766 e: -10.6 r:  69.3 OK
Romania=Confirmed i: 111  44  61          . p:   20311   22766 e: -10.8 r:  70.3 OK
Romania=Confirmed i: 112  45  62  5/14/2020 p:   20314   22766 e: -10.8 r:  71.4 OK
Romania=Confirmed i: 113  46  63          . p:   20314   22766 e: -10.8 r:  72.2 OK
Romania=Confirmed i: 114  47  64  5/16/2020 p:   21080   22766 e:  -7.4 r:  73.4 OK
Romania=Confirmed i: 115  48  65          . p:   20714   22766 e:  -9.0 r:  74.1 OK
Romania=Confirmed i: 116  49  66  5/18/2020 p:   20797   22766 e:  -8.7 r:  74.8 OK
Romania=Confirmed i: 117  50  67          . p:   20762   22766 e:  -8.8 r:  75.5 OK
Romania=Confirmed i: 118  51  68  5/20/2020 p:   20924   22766 e:  -8.1 r:  76.4 OK
Romania=Confirmed i: 119  52  69          . p:   21080   22766 e:  -7.4 r:  77.2 OK
Romania=Confirmed i: 120  53  70  5/22/2020 p:   21080   22766 e:  -7.4 r:  77.8 OK
Romania=Confirmed i: 121  54  71          . p:   20928   22766 e:  -8.1 r:  78.4 OK
Romania=Confirmed i: 122  55  72  5/24/2020 p:   21027   22766 e:  -7.6 r:  79.4 OK
Romania=Confirmed i: 123  56  73          . p:   21080   22766 e:  -7.4 r:  80.3 OK
Romania=Confirmed i: 124  57  74  5/26/2020 p:   21080   22766 e:  -7.4 r:  80.9 OK
Romania=Confirmed i: 125  58  75          . p:   21080   22766 e:  -7.4 r:  81.7 OK
Romania=Confirmed i: 126  59  76  5/28/2020 p:   21847   22766 e:  -4.0 r:  82.5 OK
Romania=Confirmed i: 127  60  77          . p:   22613   22766 e:  -0.7 r:  83.4 OK
Romania=Confirmed i: 128  61  78  5/30/2020 p:   22613   22766 e:  -0.7 r:  84.0 OK
Romania=Confirmed i: 129  62  79          . p:   22584   22766 e:  -0.8 r:  84.6 OK
Romania=Confirmed i: 130  63  80   6/1/2020 p:   22778   22766 e:   0.1 r:  85.2 OK
Romania=Confirmed i: 131  64  81          . p:   22753   22766 e:  -0.1 r:  85.7 OK
Romania=Confirmed i: 132  65  82   6/3/2020 p:   21888   22766 e:  -3.9 r:  86.4 OK
Romania=Confirmed i: 133  66  83          . p:   22613   22766 e:  -0.7 r:  87.4 OK
Romania=Confirmed i: 134  67  84   6/5/2020 p:   23380   22766 e:   2.7 r:  88.3 OK
Romania=Confirmed i: 135  68  85          . p:   22613   22766 e:  -0.7 r:  89.1 OK
Romania=Confirmed i: 136  69  86   6/7/2020 p:   22613   22766 e:  -0.7 r:  90.0 OK
Romania=Confirmed i: 137  70  87          . p:   22613   22766 e:  -0.7 r:  90.5 OK
Romania=Confirmed i: 138  71  88   6/9/2020 p:   22613   22766 e:  -0.7 r:  91.1 OK
