
  # Process COVID TAB data
p1= 530 il= 138
p1= 566 il= 137
p1= 584 il= 136
p1= 620 il= 135
p1= 458 il= 134
Bolivia=Deaths nl = 139, n1= 5 s1= 551.6 s2= 307295.2 SD= 55.0694107468022 frac%= 9.9835770026835
Bolivia=Deaths i:  78  78  -1  4/10/2020 p:      44     551 e: -92.0 r:   3.4   
Bolivia=Deaths i:  79  79   0          . p:      26     551 e: -95.3 r:   3.6   
Bolivia=Deaths i:  80   0   1  4/12/2020 p:     530     551 e:  -3.9 r:   4.4 OK 1st
Bolivia=Deaths i:  81   1   2          . p:     206     551 e: -62.7 r:   4.9   
Bolivia=Deaths i:  82   2   3  4/14/2020 p:     116     551 e: -79.0 r:   5.1   
Bolivia=Deaths i:  83   3   4          . p:      26     551 e: -95.3 r:   5.1   
Bolivia=Deaths i:  84   4   5  4/16/2020 p:      28     551 e: -94.9 r:   5.3   
Bolivia=Deaths i:  85   5   6          . p:      34     551 e: -93.8 r:   5.6   
Bolivia=Deaths i:  86   6   7  4/18/2020 p:      44     551 e: -92.0 r:   5.6   
Bolivia=Deaths i:  87   7   8          . p:      44     551 e: -92.0 r:   5.8   
Bolivia=Deaths i:  88   8   9  4/20/2020 p:      44     551 e: -92.0 r:   6.0   
Bolivia=Deaths i:  89   9  10          . p:      37     551 e: -93.3 r:   6.2   
Bolivia=Deaths i:  90  10  11  4/22/2020 p:      44     551 e: -92.0 r:   6.7   
Bolivia=Deaths i:  92  12  13  4/24/2020 p:      80     551 e: -85.5 r:   8.0   
Bolivia=Deaths i:  93  13  14          . p:      98     551 e: -82.2 r:   8.3   
Bolivia=Deaths i:  94  14  15  4/26/2020 p:     116     551 e: -79.0 r:   9.1   
Bolivia=Deaths i:  95  15  16          . p:     134     551 e: -75.7 r:   9.6   
Bolivia=Deaths i:  96  16  17  4/28/2020 p:      80     551 e: -85.5 r:  10.0   
Bolivia=Deaths i:  97  17  18          . p:      98     551 e: -82.2 r:  10.7   
Bolivia=Deaths i:  98  18  19  4/30/2020 p:     188     551 e: -65.9 r:  11.2   
Bolivia=Deaths i:  99  19  20          . p:     206     551 e: -62.7 r:  12.0   
Bolivia=Deaths i: 100  20  21   5/2/2020 p:     242     551 e: -56.1 r:  12.9   
Bolivia=Deaths i: 101  21  22          . p:     296     551 e: -46.3 r:  13.8   
Bolivia=Deaths i: 102  22  23   5/4/2020 p:     368     551 e: -33.3 r:  14.9   
Bolivia=Deaths i: 103  23  24          . p:     602     551 e:   9.1 r:  15.6 OK
Bolivia=Deaths i: 104  24  25   5/6/2020 p:     152     551 e: -72.4 r:  16.5   
Bolivia=Deaths i: 105  25  26          . p:     782     551 e:  41.8 r:  18.5   
Bolivia=Deaths i: 106  26  27   5/8/2020 p:     998     551 e:  80.9 r:  19.2   
Bolivia=Deaths i: 107  27  28          . p:    1340     551 e: 142.9 r:  20.7   
Bolivia=Deaths i: 108  28  29  5/10/2020 p:     152     551 e: -72.4 r:  21.4   
Bolivia=Deaths i: 109  29  30          . p:     134     551 e: -75.7 r:  22.1   
Bolivia=Deaths i: 110  30  31  5/12/2020 p:     152     551 e: -72.4 r:  23.2   
Bolivia=Deaths i: 111  31  32          . p:    1016     551 e:  84.2 r:  25.7   
Bolivia=Deaths i: 112  32  33  5/14/2020 p:       0     551 e: -100.0 r:  27.6   
Bolivia=Deaths i: 114  34  35  5/16/2020 p:     224     551 e: -59.4 r:  29.9   
Bolivia=Deaths i: 115  35  36          . p:     170     551 e: -69.2 r:  30.6   
Bolivia=Deaths i: 116  36  37  5/18/2020 p:     188     551 e: -65.9 r:  31.5   
Bolivia=Deaths i: 117  37  38          . p:     386     551 e: -30.0 r:  34.3   
Bolivia=Deaths i: 118  38  39  5/20/2020 p:     404     551 e: -26.8 r:  36.1   
Bolivia=Deaths i: 119  39  40          . p:       0     551 e: -100.0 r:  39.0   
Bolivia=Deaths i: 121  41  42          . p:     476     551 e: -13.7 r:  43.5 OK
Bolivia=Deaths i: 122  42  43  5/24/2020 p:     332     551 e: -39.8 r:  45.3   
Bolivia=Deaths i: 123  43  44          . p:     350     551 e: -36.5 r:  47.3   
Bolivia=Deaths i: 124  44  45  5/26/2020 p:     404     551 e: -26.8 r:  49.7   
Bolivia=Deaths i: 125  45  46          . p:     386     551 e: -30.0 r:  50.8   
Bolivia=Deaths i: 126  46  47  5/28/2020 p:     404     551 e: -26.8 r:  53.1   
Bolivia=Deaths i: 127  47  48          . p:     386     551 e: -30.0 r:  54.4   
Bolivia=Deaths i: 128  48  49  5/30/2020 p:     422     551 e: -23.5 r:  56.2   
Bolivia=Deaths i: 129  49  50          . p:     386     551 e: -30.0 r:  56.7   
Bolivia=Deaths i: 130  50  51   6/1/2020 p:     656     551 e:  18.9 r:  62.2   
Bolivia=Deaths i: 131  51  52          . p:       0     551 e: -100.0 r:  68.2   
Bolivia=Deaths i: 132  52  53   6/3/2020 p:       0     551 e: -100.0 r:  72.5   
Bolivia=Deaths i: 133  53  54          . p:     674     551 e:  22.2 r:  75.2   
Bolivia=Deaths i: 134  54  55   6/5/2020 p:     458     551 e: -17.0 r:  77.4   
Bolivia=Deaths i: 135  55  56          . p:     620     551 e:  12.4 r:  82.3 OK
Bolivia=Deaths i: 136  56  57   6/7/2020 p:     584     551 e:   5.9 r:  84.3 OK
Bolivia=Deaths i: 137  57  58          . p:     566     551 e:   2.6 r:  86.1 OK
Bolivia=Deaths i: 138  58  59   6/9/2020 p:     530     551 e:  -3.9 r:  88.3 OK
