
  # Process COVID TAB data
p1= 14586 il= 138
p1= 14279 il= 137
p1= 13665 il= 136
p1= 13051 il= 135
p1= 12436 il= 134
Cameroon=Confirmed nl = 139, n1= 5 s1= 13603.4 s2= 185671231.8 SD= 786.600432239908 frac%= 5.78238111236829
Cameroon=Confirmed i:  56  56  -9  3/19/2020 p:     153   13603 e: -98.9 r:   0.1   
Cameroon=Confirmed i:  57  57  -8          . p:     153   13603 e: -98.9 r:   0.1   
Cameroon=Confirmed i:  58  58  -7  3/21/2020 p:     153   13603 e: -98.9 r:   0.2   
Cameroon=Confirmed i:  59  59  -6          . p:     153   13603 e: -98.9 r:   0.3   
Cameroon=Confirmed i:  60  60  -5  3/23/2020 p:     767   13603 e: -94.4 r:   0.4   
Cameroon=Confirmed i:  61  61  -4          . p:     460   13603 e: -96.6 r:   0.5   
Cameroon=Confirmed i:  62  62  -3  3/25/2020 p:     153   13603 e: -98.9 r:   0.6   
Cameroon=Confirmed i:  63  63  -2          . p:     153   13603 e: -98.9 r:   0.6   
Cameroon=Confirmed i:  64  64  -1  3/27/2020 p:     153   13603 e: -98.9 r:   0.7   
Cameroon=Confirmed i:  65  65   0          . p:     153   13603 e: -98.9 r:   0.7   
Cameroon=Confirmed i:  66  66   1  3/29/2020 p:     460   13603 e: -96.6 r:   1.0   
Cameroon=Confirmed i:  67  67   2          . p:     767   13603 e: -94.4 r:   1.2   
Cameroon=Confirmed i:  68  68   3  3/31/2020 p:    1074   13603 e: -92.1 r:   1.4   
Cameroon=Confirmed i:  69  69   4          . p:    1074   13603 e: -92.1 r:   1.7   
Cameroon=Confirmed i:  70  70   5   4/2/2020 p:    1996   13603 e: -85.3 r:   2.2   
Cameroon=Confirmed i:  71   0   6          . p:   15200   13603 e:  11.7 r:   3.7 OK 1st
Cameroon=Confirmed i:  72   1   7   4/4/2020 p:       0   13603 e: -100.0 r:   4.1   
Cameroon=Confirmed i:  73   2   8          . p:       0   13603 e: -100.0 r:   4.8   
Cameroon=Confirmed i:  74   3   9   4/6/2020 p:     767   13603 e: -94.4 r:   4.8   
Cameroon=Confirmed i:  75   4  10          . p:     767   13603 e: -94.4 r:   4.8   
Cameroon=Confirmed i:  76   5  11   4/8/2020 p:     767   13603 e: -94.4 r:   5.4   
Cameroon=Confirmed i:  77   6  12          . p:     767   13603 e: -94.4 r:   5.7   
Cameroon=Confirmed i:  78   7  13  4/10/2020 p:     767   13603 e: -94.4 r:   6.0   
Cameroon=Confirmed i:  79   8  14          . p:    1074   13603 e: -92.1 r:   6.0   
Cameroon=Confirmed i:  80   9  15  4/12/2020 p:     767   13603 e: -94.4 r:   6.0   
Cameroon=Confirmed i:  81  10  16          . p:     934   13603 e: -93.1 r:   6.0   
Cameroon=Confirmed i:  82  11  17  4/14/2020 p:     887   13603 e: -93.5 r:   6.2   
Cameroon=Confirmed i:  83  12  18          . p:     906   13603 e: -93.3 r:   6.2   
Cameroon=Confirmed i:  84  13  19  4/16/2020 p:    1231   13603 e: -91.0 r:   7.3   
Cameroon=Confirmed i:  85  14  20          . p:    1246   13603 e: -90.8 r:   7.4   
Cameroon=Confirmed i:  86  15  21  4/18/2020 p:    1381   13603 e: -89.8 r:   7.5   
Cameroon=Confirmed i:  87  16  22          . p:    1074   13603 e: -92.1 r:   7.5   
Cameroon=Confirmed i:  88  17  23  4/20/2020 p:    1381   13603 e: -89.8 r:   8.5   
Cameroon=Confirmed i:  89  18  24          . p:    1381   13603 e: -89.8 r:   8.5   
Cameroon=Confirmed i:  90  19  25  4/22/2020 p:    1381   13603 e: -89.8 r:   8.5   
Cameroon=Confirmed i:  91  20  26          . p:    1688   13603 e: -87.6 r:   9.8   
Cameroon=Confirmed i:  92  21  27  4/24/2020 p:    1996   13603 e: -85.3 r:  10.5   
Cameroon=Confirmed i:  93  22  28          . p:    1996   13603 e: -85.3 r:  11.2   
Cameroon=Confirmed i:  94  23  29  4/26/2020 p:    2303   13603 e: -83.1 r:  11.9   
Cameroon=Confirmed i:  95  24  30          . p:    2610   13603 e: -80.8 r:  12.5   
Cameroon=Confirmed i:  96  25  31  4/28/2020 p:    2610   13603 e: -80.8 r:  13.0   
Cameroon=Confirmed i:  97  26  32          . p:    2610   13603 e: -80.8 r:  13.5   
Cameroon=Confirmed i:  98  27  33  4/30/2020 p:    2610   13603 e: -80.8 r:  13.5   
Cameroon=Confirmed i:  99  28  34          . p:    2610   13603 e: -80.8 r:  13.5   
Cameroon=Confirmed i: 100  29  35   5/2/2020 p:    2917   13603 e: -78.6 r:  15.3   
Cameroon=Confirmed i: 101  30  36          . p:    2917   13603 e: -78.6 r:  15.4   
Cameroon=Confirmed i: 102  31  37   5/4/2020 p:    3224   13603 e: -76.3 r:  15.5   
Cameroon=Confirmed i: 103  32  38          . p:    3224   13603 e: -76.3 r:  15.5   
Cameroon=Confirmed i: 104  33  39   5/6/2020 p:    3224   13603 e: -76.3 r:  16.7   
Cameroon=Confirmed i: 105  34  40          . p:    3224   13603 e: -76.3 r:  16.7   
Cameroon=Confirmed i: 106  35  41   5/8/2020 p:    3224   13603 e: -76.3 r:  16.7   
Cameroon=Confirmed i: 107  36  42          . p:    3224   13603 e: -76.3 r:  16.7   
Cameroon=Confirmed i: 108  37  43  5/10/2020 p:    3531   13603 e: -74.0 r:  19.0   
Cameroon=Confirmed i: 109  38  44          . p:    3531   13603 e: -74.0 r:  19.8   
Cameroon=Confirmed i: 110  39  45  5/12/2020 p:    3838   13603 e: -71.8 r:  20.2   
Cameroon=Confirmed i: 111  40  46          . p:    3838   13603 e: -71.8 r:  20.6   
Cameroon=Confirmed i: 112  41  47  5/14/2020 p:    4145   13603 e: -69.5 r:  21.7   
Cameroon=Confirmed i: 113  42  48          . p:    4145   13603 e: -69.5 r:  22.8   
Cameroon=Confirmed i: 114  43  49  5/16/2020 p:    4452   13603 e: -67.3 r:  22.8   
Cameroon=Confirmed i: 115  44  50          . p:    4452   13603 e: -67.3 r:  22.8   
Cameroon=Confirmed i: 116  45  51  5/18/2020 p:    4759   13603 e: -65.0 r:  25.9   
Cameroon=Confirmed i: 117  46  52          . p:    5066   13603 e: -62.8 r:  26.7   
Cameroon=Confirmed i: 118  47  53  5/20/2020 p:    5373   13603 e: -60.5 r:  27.4   
Cameroon=Confirmed i: 119  48  54          . p:    5988   13603 e: -56.0 r:  31.5   
Cameroon=Confirmed i: 120  49  55  5/22/2020 p:    6602   13603 e: -51.5 r:  32.3   
Cameroon=Confirmed i: 121  50  56          . p:    6602   13603 e: -51.5 r:  32.3   
Cameroon=Confirmed i: 122  51  57  5/24/2020 p:    7523   13603 e: -44.7 r:  35.9   
Cameroon=Confirmed i: 123  52  58          . p:    8137   13603 e: -40.2 r:  38.0   
Cameroon=Confirmed i: 124  53  59  5/26/2020 p:    8751   13603 e: -35.7 r:  40.0   
Cameroon=Confirmed i: 125  54  60          . p:    9059   13603 e: -33.4 r:  40.0   
Cameroon=Confirmed i: 126  55  61  5/28/2020 p:    9366   13603 e: -31.1 r:  40.0   
Cameroon=Confirmed i: 127  56  62          . p:    9673   13603 e: -28.9 r:  40.0   
Cameroon=Confirmed i: 128  57  63  5/30/2020 p:    9980   13603 e: -26.6 r:  43.4   
Cameroon=Confirmed i: 129  58  64          . p:   10287   13603 e: -24.4 r:  45.2   
Cameroon=Confirmed i: 130  59  65   6/1/2020 p:   10901   13603 e: -19.9 r:  47.0   
Cameroon=Confirmed i: 131  60  66          . p:   11208   13603 e: -17.6 r:  48.4   
Cameroon=Confirmed i: 132  61  67   6/3/2020 p:   10287   13603 e: -24.4 r:  49.2   
Cameroon=Confirmed i: 133  62  68          . p:   11822   13603 e: -13.1 r:  49.9 OK
Cameroon=Confirmed i: 134  63  69   6/5/2020 p:   12436   13603 e:  -8.6 r:  54.3 OK
Cameroon=Confirmed i: 135  64  70          . p:   13051   13603 e:  -4.1 r:  55.9 OK
Cameroon=Confirmed i: 136  65  71   6/7/2020 p:   13665   13603 e:   0.5 r:  58.1 OK
Cameroon=Confirmed i: 137  66  72          . p:   14279   13603 e:   5.0 r:  59.2 OK
Cameroon=Confirmed i: 138  67  73   6/9/2020 p:   14586   13603 e:   7.2 r:  61.1 OK
