
  # Process COVID TAB data
p1= 3343 il= 138
p1= 3577 il= 137
p1= 3551 il= 136
p1= 3585 il= 135
p1= 3582 il= 134
US_Pennsylvania_Northampton=Confirmed nl = 139, n1= 5 s1= 3527.6 s2= 12452625.6 SD= 93.0797507517067 frac%= 2.63861409319953
US_Pennsylvania_Northampton=Confirmed i:  59  59  -6          . p:      58    3527 e: -98.4 r:   0.6   
US_Pennsylvania_Northampton=Confirmed i:  60  60  -5  3/23/2020 p:      58    3527 e: -98.4 r:   0.7   
US_Pennsylvania_Northampton=Confirmed i:  61  61  -4          . p:      55    3527 e: -98.4 r:   0.9   
US_Pennsylvania_Northampton=Confirmed i:  62  62  -3  3/25/2020 p:      74    3527 e: -97.9 r:   1.2   
US_Pennsylvania_Northampton=Confirmed i:  63  63  -2          . p:     175    3527 e: -95.0 r:   1.6   
US_Pennsylvania_Northampton=Confirmed i:  64  64  -1  3/27/2020 p:     175    3527 e: -95.0 r:   2.2   
US_Pennsylvania_Northampton=Confirmed i:  65  65   0          . p:     293    3527 e: -91.7 r:   2.7   
US_Pennsylvania_Northampton=Confirmed i:  66  66   1  3/29/2020 p:     410    3527 e: -88.4 r:   3.6   
US_Pennsylvania_Northampton=Confirmed i:  67  67   2          . p:     879    3527 e: -75.1 r:   5.2   
US_Pennsylvania_Northampton=Confirmed i:  68  68   3  3/31/2020 p:    1700    3527 e: -51.8 r:   6.9   
US_Pennsylvania_Northampton=Confirmed i:  69  69   4          . p:    2756    3527 e: -21.9 r:   8.8   
US_Pennsylvania_Northampton=Confirmed i:  70  70   5   4/2/2020 p:    1348    3527 e: -61.8 r:  10.7   
US_Pennsylvania_Northampton=Confirmed i:  71  71   6          . p:    1348    3527 e: -61.8 r:  13.2   
US_Pennsylvania_Northampton=Confirmed i:  72  72   7   4/4/2020 p:    7683    3527 e: 117.8 r:  16.7   
US_Pennsylvania_Northampton=Confirmed i:  73  73   8          . p:    7331    3527 e: 107.8 r:  18.0   
US_Pennsylvania_Northampton=Confirmed i:  74  74   9   4/6/2020 p:    1114    3527 e: -68.4 r:  20.3   
US_Pennsylvania_Northampton=Confirmed i:  75  75  10          . p:    1114    3527 e: -68.4 r:  21.9   
US_Pennsylvania_Northampton=Confirmed i:  76  76  11   4/8/2020 p:    1270    3527 e: -64.0 r:  24.3   
US_Pennsylvania_Northampton=Confirmed i:  77  77  12          . p:    1466    3527 e: -58.4 r:  26.9   
US_Pennsylvania_Northampton=Confirmed i:  78  78  13  4/10/2020 p:    1498    3527 e: -57.5 r:  28.2   
US_Pennsylvania_Northampton=Confirmed i:  79  79  14          . p:    1437    3527 e: -59.3 r:  29.5   
US_Pennsylvania_Northampton=Confirmed i:  80  80  15  4/12/2020 p:    1375    3527 e: -61.0 r:  30.7   
US_Pennsylvania_Northampton=Confirmed i:  81  81  16          . p:    1402    3527 e: -60.3 r:  32.0   
US_Pennsylvania_Northampton=Confirmed i:  82  82  17  4/14/2020 p:    1421    3527 e: -59.7 r:  33.3   
US_Pennsylvania_Northampton=Confirmed i:  83  83  18          . p:    1583    3527 e: -55.1 r:  35.5   
US_Pennsylvania_Northampton=Confirmed i:  84  84  19  4/16/2020 p:    1583    3527 e: -55.1 r:  36.7   
US_Pennsylvania_Northampton=Confirmed i:  85  85  20          . p:    1583    3527 e: -55.1 r:  37.8   
US_Pennsylvania_Northampton=Confirmed i:  86  86  21  4/18/2020 p:    1667    3527 e: -52.7 r:  39.6   
US_Pennsylvania_Northampton=Confirmed i:  87  87  22          . p:    1714    3527 e: -51.4 r:  40.8   
US_Pennsylvania_Northampton=Confirmed i:  88  88  23  4/20/2020 p:    1725    3527 e: -51.1 r:  41.6   
US_Pennsylvania_Northampton=Confirmed i:  89  89  24          . p:    1818    3527 e: -48.5 r:  43.8   
US_Pennsylvania_Northampton=Confirmed i:  90  90  25  4/22/2020 p:    1935    3527 e: -45.1 r:  45.1   
US_Pennsylvania_Northampton=Confirmed i:  91  91  26          . p:    1935    3527 e: -45.1 r:  46.9   
US_Pennsylvania_Northampton=Confirmed i:  92  92  27  4/24/2020 p:    2052    3527 e: -41.8 r:  48.6   
US_Pennsylvania_Northampton=Confirmed i:  93  93  28          . p:    2170    3527 e: -38.5 r:  50.5   
US_Pennsylvania_Northampton=Confirmed i:  94  94  29  4/26/2020 p:    2170    3527 e: -38.5 r:  51.4   
US_Pennsylvania_Northampton=Confirmed i:  95  95  30          . p:    2188    3527 e: -38.0 r:  52.0   
US_Pennsylvania_Northampton=Confirmed i:  96  96  31  4/28/2020 p:    2287    3527 e: -35.2 r:  55.8   
US_Pennsylvania_Northampton=Confirmed i:  97  97  32          . p:    2404    3527 e: -31.9 r:  56.9   
US_Pennsylvania_Northampton=Confirmed i:  98  98  33  4/30/2020 p:    2404    3527 e: -31.9 r:  58.1   
US_Pennsylvania_Northampton=Confirmed i:  99  99  34          . p:    2448    3527 e: -30.6 r:  59.6   
US_Pennsylvania_Northampton=Confirmed i: 100 100  35   5/2/2020 p:    2512    3527 e: -28.8 r:  61.9   
US_Pennsylvania_Northampton=Confirmed i: 101 101  36          . p:    2639    3527 e: -25.2 r:  62.8   
US_Pennsylvania_Northampton=Confirmed i: 102 102  37   5/4/2020 p:    2622    3527 e: -25.7 r:  63.5   
US_Pennsylvania_Northampton=Confirmed i: 103 103  38          . p:    2656    3527 e: -24.7 r:  64.6   
US_Pennsylvania_Northampton=Confirmed i: 104 104  39   5/6/2020 p:    2669    3527 e: -24.3 r:  65.6   
US_Pennsylvania_Northampton=Confirmed i: 105 105  40          . p:    2756    3527 e: -21.9 r:  66.8   
US_Pennsylvania_Northampton=Confirmed i: 106 106  41   5/8/2020 p:    2756    3527 e: -21.9 r:  67.8   
US_Pennsylvania_Northampton=Confirmed i: 107 107  42          . p:    2756    3527 e: -21.9 r:  68.9   
US_Pennsylvania_Northampton=Confirmed i: 108 108  43  5/10/2020 p:    2756    3527 e: -21.9 r:  69.5   
US_Pennsylvania_Northampton=Confirmed i: 109 109  44          . p:    2766    3527 e: -21.6 r:  69.9   
US_Pennsylvania_Northampton=Confirmed i: 110 110  45  5/12/2020 p:    2780    3527 e: -21.2 r:  70.8   
US_Pennsylvania_Northampton=Confirmed i: 111 111  46          . p:    2783    3527 e: -21.1 r:  71.4   
US_Pennsylvania_Northampton=Confirmed i: 112 112  47  5/14/2020 p:    2873    3527 e: -18.6 r:  72.7   
US_Pennsylvania_Northampton=Confirmed i: 113 113  48          . p:    2873    3527 e: -18.6 r:  73.7   
US_Pennsylvania_Northampton=Confirmed i: 114 114  49  5/16/2020 p:    2873    3527 e: -18.6 r:  75.4   
US_Pennsylvania_Northampton=Confirmed i: 115   0  50          . p:    3225    3527 e:  -8.6 r:  76.6 OK 1st
US_Pennsylvania_Northampton=Confirmed i: 116   1  51  5/18/2020 p:    2991    3527 e: -15.2 r:  77.3   
US_Pennsylvania_Northampton=Confirmed i: 117   2  52          . p:    2991    3527 e: -15.2 r:  78.2   
US_Pennsylvania_Northampton=Confirmed i: 118   3  53  5/20/2020 p:    3460    3527 e:  -1.9 r:  78.8 OK
US_Pennsylvania_Northampton=Confirmed i: 119   4  54          . p:    3460    3527 e:  -1.9 r:  79.8 OK
US_Pennsylvania_Northampton=Confirmed i: 120   5  55  5/22/2020 p:    3460    3527 e:  -1.9 r:  80.6 OK
US_Pennsylvania_Northampton=Confirmed i: 121   6  56          . p:    3460    3527 e:  -1.9 r:  81.2 OK
US_Pennsylvania_Northampton=Confirmed i: 122   7  57  5/24/2020 p:    3460    3527 e:  -1.9 r:  82.5 OK
US_Pennsylvania_Northampton=Confirmed i: 123   8  58          . p:    3460    3527 e:  -1.9 r:  82.8 OK
US_Pennsylvania_Northampton=Confirmed i: 124   9  59  5/26/2020 p:    3497    3527 e:  -0.9 r:  83.1 OK
US_Pennsylvania_Northampton=Confirmed i: 125  10  60          . p:    3502    3527 e:  -0.7 r:  83.9 OK
US_Pennsylvania_Northampton=Confirmed i: 126  11  61  5/28/2020 p:    3577    3527 e:   1.4 r:  85.7 OK
US_Pennsylvania_Northampton=Confirmed i: 127  12  62          . p:    3577    3527 e:   1.4 r:  86.3 OK
US_Pennsylvania_Northampton=Confirmed i: 128  13  63  5/30/2020 p:    3577    3527 e:   1.4 r:  86.8 OK
US_Pennsylvania_Northampton=Confirmed i: 129  14  64          . p:    3694    3527 e:   4.7 r:  87.1 OK
US_Pennsylvania_Northampton=Confirmed i: 130  15  65   6/1/2020 p:    3609    3527 e:   2.3 r:  87.4 OK
US_Pennsylvania_Northampton=Confirmed i: 131  16  66          . p:    3607    3527 e:   2.3 r:  88.1 OK
US_Pennsylvania_Northampton=Confirmed i: 132  17  67   6/3/2020 p:    3577    3527 e:   1.4 r:  88.4 OK
US_Pennsylvania_Northampton=Confirmed i: 133  18  68          . p:    3636    3527 e:   3.1 r:  88.6 OK
US_Pennsylvania_Northampton=Confirmed i: 134  19  69   6/5/2020 p:    3582    3527 e:   1.5 r:  88.9 OK
US_Pennsylvania_Northampton=Confirmed i: 135  20  70          . p:    3585    3527 e:   1.6 r:  89.1 OK
US_Pennsylvania_Northampton=Confirmed i: 136  21  71   6/7/2020 p:    3551    3527 e:   0.7 r:  89.3 OK
US_Pennsylvania_Northampton=Confirmed i: 137  22  72          . p:    3577    3527 e:   1.4 r:  89.8 OK
US_Pennsylvania_Northampton=Confirmed i: 138  23  73   6/9/2020 p:    3343    3527 e:  -5.2 r:  90.0 OK
