
  # Process COVID TAB data
p1= 202 il= 138
p1= 104 il= 137
p1= 113 il= 136
p1= 110 il= 135
p1= 84 il= 134
US_Tennessee_Davidson=Deaths nl = 139, n1= 5 s1= 122.6 s2= 16709 SD= 40.9663276362429 frac%= 33.4146228680611
US_Tennessee_Davidson=Deaths i:  69  69 -21          . p:      19     122 e: -84.5 r:   3.3   
US_Tennessee_Davidson=Deaths i:  71  71 -19          . p:      39     122 e: -68.2 r:   4.9   
US_Tennessee_Davidson=Deaths i:  72  72 -18   4/4/2020 p:      10     122 e: -91.8 r:   4.9   
US_Tennessee_Davidson=Deaths i:  73  73 -17          . p:       7     122 e: -94.3 r:   4.9   
US_Tennessee_Davidson=Deaths i:  74  74 -16   4/6/2020 p:      10     122 e: -91.8 r:   5.7   
US_Tennessee_Davidson=Deaths i:  75  75 -15          . p:      39     122 e: -68.2 r:   7.3   
US_Tennessee_Davidson=Deaths i:  79  79 -11          . p:      33     122 e: -73.1 r:  10.6   
US_Tennessee_Davidson=Deaths i:  80  80 -10  4/12/2020 p:      19     122 e: -84.5 r:  10.6   
US_Tennessee_Davidson=Deaths i:  81  81  -9          . p:      19     122 e: -84.5 r:  13.1   
US_Tennessee_Davidson=Deaths i:  82  82  -8  4/14/2020 p:      25     122 e: -79.6 r:  14.7   
US_Tennessee_Davidson=Deaths i:  83  83  -7          . p:      25     122 e: -79.6 r:  14.7   
US_Tennessee_Davidson=Deaths i:  84  84  -6  4/16/2020 p:      25     122 e: -79.6 r:  15.5   
US_Tennessee_Davidson=Deaths i:  85  85  -5          . p:      22     122 e: -82.1 r:  15.5   
US_Tennessee_Davidson=Deaths i:  86  86  -4  4/18/2020 p:      19     122 e: -84.5 r:  15.5   
US_Tennessee_Davidson=Deaths i:  87  87  -3          . p:      19     122 e: -84.5 r:  15.5   
US_Tennessee_Davidson=Deaths i:  88  88  -2  4/20/2020 p:      19     122 e: -84.5 r:  15.5   
US_Tennessee_Davidson=Deaths i:  89  89  -1          . p:      22     122 e: -82.1 r:  16.3   
US_Tennessee_Davidson=Deaths i:  90  90   0  4/22/2020 p:      20     122 e: -83.7 r:  16.3   
US_Tennessee_Davidson=Deaths i:  91  91   1          . p:      22     122 e: -82.1 r:  17.1   
US_Tennessee_Davidson=Deaths i:  92  92   2  4/24/2020 p:      22     122 e: -82.1 r:  17.1   
US_Tennessee_Davidson=Deaths i:  93  93   3          . p:      25     122 e: -79.6 r:  17.9   
US_Tennessee_Davidson=Deaths i:  94  94   4  4/26/2020 p:      25     122 e: -79.6 r:  18.8   
US_Tennessee_Davidson=Deaths i:  95  95   5          . p:      31     122 e: -74.7 r:  20.4   
US_Tennessee_Davidson=Deaths i:  96  96   6  4/28/2020 p:      31     122 e: -74.7 r:  20.4   
US_Tennessee_Davidson=Deaths i:  97  97   7          . p:      31     122 e: -74.7 r:  20.4   
US_Tennessee_Davidson=Deaths i:  98  98   8  4/30/2020 p:      33     122 e: -73.1 r:  22.8   
US_Tennessee_Davidson=Deaths i:  99  99   9          . p:      36     122 e: -70.6 r:  22.8   
US_Tennessee_Davidson=Deaths i: 100 100  10   5/2/2020 p:      36     122 e: -70.6 r:  22.8   
US_Tennessee_Davidson=Deaths i: 101 101  11          . p:      36     122 e: -70.6 r:  22.8   
US_Tennessee_Davidson=Deaths i: 102 102  12   5/4/2020 p:      36     122 e: -70.6 r:  23.7   
US_Tennessee_Davidson=Deaths i: 103 103  13          . p:      36     122 e: -70.6 r:  24.5   
US_Tennessee_Davidson=Deaths i: 104 104  14   5/6/2020 p:      36     122 e: -70.6 r:  25.3   
US_Tennessee_Davidson=Deaths i: 105 105  15          . p:      36     122 e: -70.6 r:  25.3   
US_Tennessee_Davidson=Deaths i: 106 106  16   5/8/2020 p:      36     122 e: -70.6 r:  25.3   
US_Tennessee_Davidson=Deaths i: 107 107  17          . p:      36     122 e: -70.6 r:  25.3   
US_Tennessee_Davidson=Deaths i: 108 108  18  5/10/2020 p:      36     122 e: -70.6 r:  25.3   
US_Tennessee_Davidson=Deaths i: 109 109  19          . p:      36     122 e: -70.6 r:  26.1   
US_Tennessee_Davidson=Deaths i: 110 110  20  5/12/2020 p:      36     122 e: -70.6 r:  26.9   
US_Tennessee_Davidson=Deaths i: 111 111  21          . p:      69     122 e: -43.7 r:  30.2   
US_Tennessee_Davidson=Deaths i: 112   0  22  5/14/2020 p:     125     122 e:   2.0 r:  32.6 OK 1st
US_Tennessee_Davidson=Deaths i: 113   1  23          . p:     214     122 e:  74.6 r:  33.4   
US_Tennessee_Davidson=Deaths i: 114   2  24  5/16/2020 p:      42     122 e: -65.7 r:  33.4   
US_Tennessee_Davidson=Deaths i: 115   3  25          . p:      51     122 e: -58.4 r:  35.9   
US_Tennessee_Davidson=Deaths i: 116   4  26  5/18/2020 p:      51     122 e: -58.4 r:  35.9   
US_Tennessee_Davidson=Deaths i: 117   5  27          . p:      51     122 e: -58.4 r:  37.5   
US_Tennessee_Davidson=Deaths i: 118   6  28  5/20/2020 p:      48     122 e: -60.8 r:  37.5   
US_Tennessee_Davidson=Deaths i: 119   7  29          . p:      54     122 e: -56.0 r:  39.2   
US_Tennessee_Davidson=Deaths i: 120   8  30  5/22/2020 p:      51     122 e: -58.4 r:  39.2   
US_Tennessee_Davidson=Deaths i: 121   9  31          . p:       0     122 e: -100.0 r:  44.0   
US_Tennessee_Davidson=Deaths i: 124  12  34  5/26/2020 p:      63     122 e: -48.6 r:  48.9   
US_Tennessee_Davidson=Deaths i: 125  13  35          . p:      60     122 e: -51.1 r:  48.9   
US_Tennessee_Davidson=Deaths i: 126  14  36  5/28/2020 p:      60     122 e: -51.1 r:  48.9   
US_Tennessee_Davidson=Deaths i: 127  15  37          . p:      60     122 e: -51.1 r:  48.9   
US_Tennessee_Davidson=Deaths i: 128  16  38  5/30/2020 p:      63     122 e: -48.6 r:  50.6   
US_Tennessee_Davidson=Deaths i: 129  17  39          . p:      63     122 e: -48.6 r:  50.6   
US_Tennessee_Davidson=Deaths i: 130  18  40   6/1/2020 p:      63     122 e: -48.6 r:  50.6   
US_Tennessee_Davidson=Deaths i: 131  19  41          . p:      66     122 e: -46.2 r:  52.2   
US_Tennessee_Davidson=Deaths i: 132  20  42   6/3/2020 p:      69     122 e: -43.7 r:  53.0   
US_Tennessee_Davidson=Deaths i: 133  21  43          . p:      69     122 e: -43.7 r:  53.8   
US_Tennessee_Davidson=Deaths i: 134  22  44   6/5/2020 p:      84     122 e: -31.5 r:  56.3   
US_Tennessee_Davidson=Deaths i: 135  23  45          . p:     110     122 e: -10.3 r:  59.5 OK
US_Tennessee_Davidson=Deaths i: 136  24  46   6/7/2020 p:     113     122 e:  -7.8 r:  59.5 OK
US_Tennessee_Davidson=Deaths i: 137  25  47          . p:     104     122 e: -15.2 r:  59.5   
US_Tennessee_Davidson=Deaths i: 138  26  48   6/9/2020 p:     202     122 e:  64.8 r:  65.3   
