
  # Process COVID TAB data
p1= 4170 il= 138
p1= 4024 il= 137
p1= 4024 il= 136
p1= 4024 il= 135
p1= 4024 il= 134
Italy_Piemonte=Deaths nl = 139, n1= 5 s1= 4053.2 s2= 16431840.8 SD= 58.4000000000204 frac%= 1.44083686963437
Italy_Piemonte=Deaths i:  48  48   1  3/11/2020 p:      73    4053 e: -98.2 r:   0.5   
Italy_Piemonte=Deaths i:  49  49   2          . p:      72    4053 e: -98.2 r:   0.6   
Italy_Piemonte=Deaths i:  50  50   3  3/13/2020 p:     365    4053 e: -91.0 r:   1.1   
Italy_Piemonte=Deaths i:  51  51   4          . p:     512    4053 e: -87.4 r:   1.5   
Italy_Piemonte=Deaths i:  52  52   5  3/15/2020 p:     951    4053 e: -76.5 r:   2.0   
Italy_Piemonte=Deaths i:  53  53   6          . p:    2268    4053 e: -44.0 r:   2.7   
Italy_Piemonte=Deaths i:  54  54   7  3/17/2020 p:     365    4053 e: -91.0 r:   3.3   
Italy_Piemonte=Deaths i:  55  55   8          . p:    1172    4053 e: -71.1 r:   3.8   
Italy_Piemonte=Deaths i:  56  56   9  3/19/2020 p:     301    4053 e: -92.6 r:   4.3   
Italy_Piemonte=Deaths i:  57  57  10          . p:     392    4053 e: -90.3 r:   5.2   
Italy_Piemonte=Deaths i:  58  58  11  3/21/2020 p:     477    4053 e: -88.2 r:   5.9   
Italy_Piemonte=Deaths i:  59  59  12          . p:     804    4053 e: -80.2 r:   7.0   
Italy_Piemonte=Deaths i:  60  60  13  3/23/2020 p:     951    4053 e: -76.5 r:   7.8   
Italy_Piemonte=Deaths i:  61  61  14          . p:    1097    4053 e: -72.9 r:   9.2   
Italy_Piemonte=Deaths i:  62  62  15  3/25/2020 p:    1536    4053 e: -62.1 r:  11.1   
Italy_Piemonte=Deaths i:  63  63  16          . p:    1975    4053 e: -51.3 r:  12.6   
Italy_Piemonte=Deaths i:  64  64  17  3/27/2020 p:    2268    4053 e: -44.0 r:  14.0   
Italy_Piemonte=Deaths i:  65  65  18          . p:    2268    4053 e: -44.0 r:  15.2   
Italy_Piemonte=Deaths i:  66  66  19  3/29/2020 p:    2414    4053 e: -40.4 r:  16.9   
Italy_Piemonte=Deaths i:  67  67  20          . p:    2399    4053 e: -40.8 r:  18.5   
Italy_Piemonte=Deaths i:  68  68  21  3/31/2020 p:    2707    4053 e: -33.2 r:  21.1   
Italy_Piemonte=Deaths i:  69  69  22          . p:    2414    4053 e: -40.4 r:  21.9   
Italy_Piemonte=Deaths i:  70  70  23   4/2/2020 p:    2682    4053 e: -33.8 r:  24.3   
Italy_Piemonte=Deaths i:  71  71  24          . p:    2723    4053 e: -32.8 r:  25.7   
Italy_Piemonte=Deaths i:  72  72  25   4/4/2020 p:    2735    4053 e: -32.5 r:  27.8   
Italy_Piemonte=Deaths i:  73  73  26          . p:    2007    4053 e: -50.5 r:  28.8   
Italy_Piemonte=Deaths i:  74  74  27   4/6/2020 p:    2705    4053 e: -33.3 r:  30.9   
Italy_Piemonte=Deaths i:  75  75  28          . p:    2762    4053 e: -31.9 r:  32.5   
Italy_Piemonte=Deaths i:  76  76  29   4/8/2020 p:    2280    4053 e: -43.7 r:  34.0   
Italy_Piemonte=Deaths i:  77  77  30          . p:    2582    4053 e: -36.3 r:  35.9   
Italy_Piemonte=Deaths i:  78  78  31  4/10/2020 p:    2853    4053 e: -29.6 r:  37.8   
Italy_Piemonte=Deaths i:  79  79  32          . p:    2999    4053 e: -26.0 r:  40.3   
Italy_Piemonte=Deaths i:  80  80  33  4/12/2020 p:    3146    4053 e: -22.4 r:  42.7   
Italy_Piemonte=Deaths i:  81  81  34          . p:    3146    4053 e: -22.4 r:  45.1   
Italy_Piemonte=Deaths i:  82   0  35  4/14/2020 p:    3731    4053 e:  -7.9 r:  47.5 OK 1st
Italy_Piemonte=Deaths i:  83   1  36          . p:    3878    4053 e:  -4.3 r:  49.7 OK
Italy_Piemonte=Deaths i:  84   2  37  4/16/2020 p:    4024    4053 e:  -0.7 r:  51.7 OK
Italy_Piemonte=Deaths i:  85   3  38          . p:    4170    4053 e:   2.9 r:  53.6 OK
Italy_Piemonte=Deaths i:  86   4  39  4/18/2020 p:    3624    4053 e: -10.6 r:  55.6 OK
Italy_Piemonte=Deaths i:  87   5  40          . p:    4268    4053 e:   5.3 r:  57.5 OK
Italy_Piemonte=Deaths i:  88   6  41  4/20/2020 p:    4337    4053 e:   7.0 r:  59.4 OK
Italy_Piemonte=Deaths i:  89   7  42          . p:    3834    4053 e:  -5.4 r:  61.3 OK
Italy_Piemonte=Deaths i:  90   8  43  4/22/2020 p:    4420    4053 e:   9.0 r:  63.1 OK
Italy_Piemonte=Deaths i:  91   9  44          . p:    4416    4053 e:   9.0 r:  64.9 OK
Italy_Piemonte=Deaths i:  92  10  45  4/24/2020 p:    4465    4053 e:  10.2 r:  66.6 OK
Italy_Piemonte=Deaths i:  93  11  46          . p:    4209    4053 e:   3.8 r:  68.3 OK
Italy_Piemonte=Deaths i:  94  12  47  4/26/2020 p:    4005    4053 e:  -1.2 r:  69.6 OK
Italy_Piemonte=Deaths i:  95  13  48          . p:    4409    4053 e:   8.8 r:  71.0 OK
Italy_Piemonte=Deaths i:  96  14  49  4/28/2020 p:    4421    4053 e:   9.1 r:  72.4 OK
Italy_Piemonte=Deaths i:  97  15  50          . p:    4632    4053 e:  14.3 r:  74.1 OK
Italy_Piemonte=Deaths i:  98  16  51  4/30/2020 p:    4170    4053 e:   2.9 r:  75.6 OK
Italy_Piemonte=Deaths i:  99  17  52          . p:    4082    4053 e:   0.7 r:  76.4 OK
Italy_Piemonte=Deaths i: 100  18  53   5/2/2020 p:    4343    4053 e:   7.1 r:  77.1 OK
Italy_Piemonte=Deaths i: 101  19  54          . p:    4300    4053 e:   6.1 r:  77.8 OK
Italy_Piemonte=Deaths i: 102  20  55   5/4/2020 p:    4257    4053 e:   5.0 r:  78.6 OK
Italy_Piemonte=Deaths i: 103  21  56          . p:    4170    4053 e:   2.9 r:  79.3 OK
Italy_Piemonte=Deaths i: 104  22  57   5/6/2020 p:    4170    4053 e:   2.9 r:  80.1 OK
Italy_Piemonte=Deaths i: 105  23  58          . p:    4024    4053 e:  -0.7 r:  81.0 OK
Italy_Piemonte=Deaths i: 106  24  59   5/8/2020 p:    4024    4053 e:  -0.7 r:  81.5 OK
Italy_Piemonte=Deaths i: 107  25  60          . p:    4010    4053 e:  -1.1 r:  82.2 OK
Italy_Piemonte=Deaths i: 108  26  61  5/10/2020 p:    3962    4053 e:  -2.3 r:  83.1 OK
Italy_Piemonte=Deaths i: 109  27  62          . p:    3731    4053 e:  -7.9 r:  83.9 OK
Italy_Piemonte=Deaths i: 110  28  63  5/12/2020 p:    3731    4053 e:  -7.9 r:  84.6 OK
Italy_Piemonte=Deaths i: 111  29  64          . p:    3878    4053 e:  -4.3 r:  85.4 OK
Italy_Piemonte=Deaths i: 112  30  65  5/14/2020 p:    3878    4053 e:  -4.3 r:  86.2 OK
Italy_Piemonte=Deaths i: 113  31  66          . p:    4024    4053 e:  -0.7 r:  87.8 OK
Italy_Piemonte=Deaths i: 114  32  67  5/16/2020 p:    4024    4053 e:  -0.7 r:  88.7 OK
Italy_Piemonte=Deaths i: 115  33  68          . p:    4024    4053 e:  -0.7 r:  89.1 OK
Italy_Piemonte=Deaths i: 116  34  69  5/18/2020 p:    4024    4053 e:  -0.7 r:  89.6 OK
Italy_Piemonte=Deaths i: 117  35  70          . p:    4024    4053 e:  -0.7 r:  90.8 OK
Italy_Piemonte=Deaths i: 118  36  71  5/20/2020 p:    4024    4053 e:  -0.7 r:  91.7 OK
Italy_Piemonte=Deaths i: 119  37  72          . p:    4170    4053 e:   2.9 r:  92.3 OK
Italy_Piemonte=Deaths i: 120  38  73  5/22/2020 p:    4170    4053 e:   2.9 r:  92.7 OK
Italy_Piemonte=Deaths i: 121  39  74          . p:    4170    4053 e:   2.9 r:  93.0 OK
Italy_Piemonte=Deaths i: 122  40  75  5/24/2020 p:    4123    4053 e:   1.7 r:  93.3 OK
Italy_Piemonte=Deaths i: 123  41  76          . p:    4106    4053 e:   1.3 r:  93.7 OK
Italy_Piemonte=Deaths i: 124  42  77  5/26/2020 p:    4121    4053 e:   1.7 r:  94.0 OK
Italy_Piemonte=Deaths i: 125  43  78          . p:    4170    4053 e:   2.9 r:  94.4 OK
Italy_Piemonte=Deaths i: 126  44  79  5/28/2020 p:    4144    4053 e:   2.2 r:  94.7 OK
Italy_Piemonte=Deaths i: 127  45  80          . p:    4130    4053 e:   1.9 r:  95.0 OK
Italy_Piemonte=Deaths i: 128  46  81  5/30/2020 p:    4125    4053 e:   1.8 r:  95.2 OK
Italy_Piemonte=Deaths i: 129  47  82          . p:    4129    4053 e:   1.9 r:  95.4 OK
Italy_Piemonte=Deaths i: 130  48  83   6/1/2020 p:    4131    4053 e:   1.9 r:  95.6 OK
Italy_Piemonte=Deaths i: 131  49  84          . p:    4131    4053 e:   1.9 r:  95.8 OK
Italy_Piemonte=Deaths i: 132  50  85   6/3/2020 p:    4024    4053 e:  -0.7 r:  96.2 OK
Italy_Piemonte=Deaths i: 133  51  86          . p:    4024    4053 e:  -0.7 r:  96.5 OK
Italy_Piemonte=Deaths i: 134  52  87   6/5/2020 p:    4024    4053 e:  -0.7 r:  96.9 OK
Italy_Piemonte=Deaths i: 135  53  88          . p:    4024    4053 e:  -0.7 r:  97.1 OK
Italy_Piemonte=Deaths i: 136  54  89   6/7/2020 p:    4024    4053 e:  -0.7 r:  97.2 OK
Italy_Piemonte=Deaths i: 137  55  90          . p:    4024    4053 e:  -0.7 r:  97.6 OK
Italy_Piemonte=Deaths i: 138  56  91   6/9/2020 p:    4170    4053 e:   2.9 r:  97.7 OK
