
  # Process COVID TAB data
p1= 5903 il= 138
p1= 6941 il= 137
p1= 5903 il= 136
p1= 5644 il= 135
p1= 5514 il= 134
US_Texas_El_Paso=Confirmed nl = 139, n1= 5 s1= 5981 s2= 36025446.2 SD= 503.075739824535 frac%= 8.4112312293017
US_Texas_El_Paso=Confirmed i:  57  57 -14          . p:      62    5981 e: -99.0 r:   0.1   
US_Texas_El_Paso=Confirmed i:  61  61 -10          . p:      64    5981 e: -98.9 r:   0.2   
US_Texas_El_Paso=Confirmed i:  62  62  -9  3/25/2020 p:      64    5981 e: -98.9 r:   0.3   
US_Texas_El_Paso=Confirmed i:  65  65  -6          . p:     194    5981 e: -96.8 r:   0.6   
US_Texas_El_Paso=Confirmed i:  66  66  -5  3/29/2020 p:      64    5981 e: -98.9 r:   0.7   
US_Texas_El_Paso=Confirmed i:  67  67  -4          . p:      64    5981 e: -98.9 r:   0.7   
US_Texas_El_Paso=Confirmed i:  68  68  -3  3/31/2020 p:      64    5981 e: -98.9 r:   0.9   
US_Texas_El_Paso=Confirmed i:  69  69  -2          . p:      64    5981 e: -98.9 r:   1.0   
US_Texas_El_Paso=Confirmed i:  70  70  -1   4/2/2020 p:     324    5981 e: -94.6 r:   1.3   
US_Texas_El_Paso=Confirmed i:  71  71   0          . p:     194    5981 e: -96.8 r:   1.4   
US_Texas_El_Paso=Confirmed i:  72  72   1   4/4/2020 p:     324    5981 e: -94.6 r:   1.7   
US_Texas_El_Paso=Confirmed i:  73  73   2          . p:     454    5981 e: -92.4 r:   1.9   
US_Texas_El_Paso=Confirmed i:  74  74   3   4/6/2020 p:     583    5981 e: -90.3 r:   2.2   
US_Texas_El_Paso=Confirmed i:  75  75   4          . p:     454    5981 e: -92.4 r:   2.2   
US_Texas_El_Paso=Confirmed i:  76  76   5   4/8/2020 p:     324    5981 e: -94.6 r:   2.6   
US_Texas_El_Paso=Confirmed i:  77  77   6          . p:     843    5981 e: -85.9 r:   3.2   
US_Texas_El_Paso=Confirmed i:  78  78   7  4/10/2020 p:    3178    5981 e: -46.9 r:   3.8   
US_Texas_El_Paso=Confirmed i:  79  79   8          . p:    4087    5981 e: -31.7 r:   4.2   
US_Texas_El_Paso=Confirmed i:  80  80   9  4/12/2020 p:    4216    5981 e: -29.5 r:   4.5   
US_Texas_El_Paso=Confirmed i:  81  81  10          . p:     324    5981 e: -94.6 r:   4.9   
US_Texas_El_Paso=Confirmed i:  82  82  11  4/14/2020 p:     324    5981 e: -94.6 r:   5.0   
US_Texas_El_Paso=Confirmed i:  83  83  12          . p:    3151    5981 e: -47.3 r:   5.8   
US_Texas_El_Paso=Confirmed i:  84  84  13  4/16/2020 p:    2600    5981 e: -56.5 r:   6.6   
US_Texas_El_Paso=Confirmed i:  85  85  14          . p:    3049    5981 e: -49.0 r:   7.5   
US_Texas_El_Paso=Confirmed i:  86  86  15  4/18/2020 p:    3438    5981 e: -42.5 r:   8.1   
US_Texas_El_Paso=Confirmed i:  87  87  16          . p:    4216    5981 e: -29.5 r:   8.4   
US_Texas_El_Paso=Confirmed i:  88  88  17  4/20/2020 p:    3977    5981 e: -33.5 r:   8.9   
US_Texas_El_Paso=Confirmed i:  89  89  18          . p:    2815    5981 e: -52.9 r:   9.0   
US_Texas_El_Paso=Confirmed i:  90  90  19  4/22/2020 p:    3231    5981 e: -46.0 r:   9.8   
US_Texas_El_Paso=Confirmed i:  91  91  20          . p:    2645    5981 e: -55.8 r:  11.3   
US_Texas_El_Paso=Confirmed i:  92  92  21  4/24/2020 p:    2789    5981 e: -53.4 r:  11.8   
US_Texas_El_Paso=Confirmed i:  93  93  22          . p:    2789    5981 e: -53.4 r:  12.4   
US_Texas_El_Paso=Confirmed i:  94  94  23  4/26/2020 p:    2659    5981 e: -55.5 r:  13.0   
US_Texas_El_Paso=Confirmed i:  95  95  24          . p:    2580    5981 e: -56.9 r:  13.4   
US_Texas_El_Paso=Confirmed i:  96  96  25  4/28/2020 p:    1930    5981 e: -67.7 r:  13.9   
US_Texas_El_Paso=Confirmed i:  97  97  26          . p:    2790    5981 e: -53.4 r:  14.3   
US_Texas_El_Paso=Confirmed i:  98  98  27  4/30/2020 p:    1021    5981 e: -82.9 r:  14.8   
US_Texas_El_Paso=Confirmed i:  99  99  28          . p:    2270    5981 e: -62.0 r:  15.4   
US_Texas_El_Paso=Confirmed i: 100 100  29   5/2/2020 p:    2270    5981 e: -62.0 r:  16.1   
US_Texas_El_Paso=Confirmed i: 101 101  30          . p:    2140    5981 e: -64.2 r:  16.5   
US_Texas_El_Paso=Confirmed i: 102 102  31   5/4/2020 p:    2089    5981 e: -65.1 r:  16.7   
US_Texas_El_Paso=Confirmed i: 103 103  32          . p:    1387    5981 e: -76.8 r:  17.2   
US_Texas_El_Paso=Confirmed i: 104 104  33   5/6/2020 p:    1953    5981 e: -67.3 r:  18.1   
US_Texas_El_Paso=Confirmed i: 105 105  34          . p:    1621    5981 e: -72.9 r:  18.7   
US_Texas_El_Paso=Confirmed i: 106 106  35   5/8/2020 p:    2011    5981 e: -66.4 r:  19.9   
US_Texas_El_Paso=Confirmed i: 107 107  36          . p:    2140    5981 e: -64.2 r:  21.3   
US_Texas_El_Paso=Confirmed i: 108 108  37  5/10/2020 p:    2270    5981 e: -62.0 r:  22.1   
US_Texas_El_Paso=Confirmed i: 109 109  38          . p:    2270    5981 e: -62.0 r:  22.4   
US_Texas_El_Paso=Confirmed i: 110 110  39  5/12/2020 p:    2270    5981 e: -62.0 r:  22.5   
US_Texas_El_Paso=Confirmed i: 111 111  40          . p:    2400    5981 e: -59.9 r:  23.6   
US_Texas_El_Paso=Confirmed i: 112 112  41  5/14/2020 p:    2400    5981 e: -59.9 r:  24.3   
US_Texas_El_Paso=Confirmed i: 113 113  42          . p:    2659    5981 e: -55.5 r:  26.9   
US_Texas_El_Paso=Confirmed i: 114 114  43  5/16/2020 p:    2789    5981 e: -53.4 r:  27.7   
US_Texas_El_Paso=Confirmed i: 115 115  44          . p:    2919    5981 e: -51.2 r:  28.9   
US_Texas_El_Paso=Confirmed i: 116 116  45  5/18/2020 p:    3049    5981 e: -49.0 r:  29.6   
US_Texas_El_Paso=Confirmed i: 117 117  46          . p:    3178    5981 e: -46.9 r:  31.0   
US_Texas_El_Paso=Confirmed i: 118 118  47  5/20/2020 p:    3308    5981 e: -44.7 r:  32.3   
US_Texas_El_Paso=Confirmed i: 119 119  48          . p:    3568    5981 e: -40.3 r:  34.2   
US_Texas_El_Paso=Confirmed i: 120 120  49  5/22/2020 p:    3827    5981 e: -36.0 r:  36.0   
US_Texas_El_Paso=Confirmed i: 121 121  50          . p:    4087    5981 e: -31.7 r:  37.9   
US_Texas_El_Paso=Confirmed i: 122 122  51  5/24/2020 p:    4346    5981 e: -27.3 r:  39.1   
US_Texas_El_Paso=Confirmed i: 123 123  52          . p:    4476    5981 e: -25.2 r:  39.7   
US_Texas_El_Paso=Confirmed i: 124 124  53  5/26/2020 p:    4606    5981 e: -23.0 r:  40.0   
US_Texas_El_Paso=Confirmed i: 125 125  54          . p:    4735    5981 e: -20.8 r:  41.1   
US_Texas_El_Paso=Confirmed i: 126 126  55  5/28/2020 p:    4735    5981 e: -20.8 r:  43.0   
US_Texas_El_Paso=Confirmed i: 127 127  56          . p:    4995    5981 e: -16.5 r:  44.1   
US_Texas_El_Paso=Confirmed i: 128 128  57  5/30/2020 p:    4995    5981 e: -16.5 r:  45.2   
US_Texas_El_Paso=Confirmed i: 129   0  58          . p:    5125    5981 e: -14.3 r:  46.2 OK 1st
US_Texas_El_Paso=Confirmed i: 130   1  59   6/1/2020 p:    5125    5981 e: -14.3 r:  46.7 OK
US_Texas_El_Paso=Confirmed i: 131   2  60          . p:    3568    5981 e: -40.3 r:  47.4   
US_Texas_El_Paso=Confirmed i: 132   3  61   6/3/2020 p:    3049    5981 e: -49.0 r:  48.0   
US_Texas_El_Paso=Confirmed i: 133   4  62          . p:    4476    5981 e: -25.2 r:  51.3   
US_Texas_El_Paso=Confirmed i: 134   5  63   6/5/2020 p:    5514    5981 e:  -7.8 r:  53.7 OK
US_Texas_El_Paso=Confirmed i: 135   6  64          . p:    5644    5981 e:  -5.6 r:  55.1 OK
US_Texas_El_Paso=Confirmed i: 136   7  65   6/7/2020 p:    5903    5981 e:  -1.3 r:  56.4 OK
US_Texas_El_Paso=Confirmed i: 137   8  66          . p:    6941    5981 e:  16.1 r:  56.4   
US_Texas_El_Paso=Confirmed i: 138   9  67   6/9/2020 p:    5903    5981 e:  -1.3 r:  58.7 OK
