
  # Process COVID TAB data
p1= 284 il= 138
p1= 276 il= 137
p1= 236 il= 136
p1= 212 il= 135
p1= 196 il= 134
Armenia=Deaths nl = 139, n1= 5 s1= 240.8 s2= 59177.6 SD= 34.5392530318765 frac%= 14.3435436178889
Armenia=Deaths i:  70  70 -17   4/2/2020 p:      84     240 e: -65.1 r:   2.9   
Armenia=Deaths i:  71  71 -16          . p:      16     240 e: -93.4 r:   2.9   
Armenia=Deaths i:  72  72 -15   4/4/2020 p:      12     240 e: -95.0 r:   2.9   
Armenia=Deaths i:  73  73 -14          . p:      12     240 e: -95.0 r:   2.9   
Armenia=Deaths i:  74  74 -13   4/6/2020 p:       8     240 e: -96.7 r:   3.3   
Armenia=Deaths i:  75  75 -12          . p:       7     240 e: -97.1 r:   3.3   
Armenia=Deaths i:  76  76 -11   4/8/2020 p:      12     240 e: -95.0 r:   3.7   
Armenia=Deaths i:  77  77 -10          . p:      12     240 e: -95.0 r:   4.2   
Armenia=Deaths i:  78  78  -9  4/10/2020 p:      20     240 e: -91.7 r:   5.0   
Armenia=Deaths i:  79  79  -8          . p:      20     240 e: -91.7 r:   5.4   
Armenia=Deaths i:  80  80  -7  4/12/2020 p:      20     240 e: -91.7 r:   5.4   
Armenia=Deaths i:  81  81  -6          . p:      20     240 e: -91.7 r:   5.8   
Armenia=Deaths i:  82  82  -5  4/14/2020 p:      20     240 e: -91.7 r:   6.6   
Armenia=Deaths i:  83  83  -4          . p:      36     240 e: -85.0 r:   7.1   
Armenia=Deaths i:  84  84  -3  4/16/2020 p:      36     240 e: -85.0 r:   7.5   
Armenia=Deaths i:  85  85  -2          . p:      36     240 e: -85.0 r:   7.9   
Armenia=Deaths i:  86  86  -1  4/18/2020 p:      28     240 e: -88.4 r:   8.3   
Armenia=Deaths i:  87  87   0          . p:      30     240 e: -87.5 r:   8.3   
Armenia=Deaths i:  88  88   1  4/20/2020 p:      36     240 e: -85.0 r:   9.1   
Armenia=Deaths i:  89  89   2          . p:      52     240 e: -78.4 r:  10.0   
Armenia=Deaths i:  90  90   3  4/22/2020 p:      44     240 e: -81.7 r:  10.0   
Armenia=Deaths i:  91  91   4          . p:      44     240 e: -81.7 r:  10.0   
Armenia=Deaths i:  92  92   5  4/24/2020 p:      52     240 e: -78.4 r:  11.2   
Armenia=Deaths i:  93  93   6          . p:      52     240 e: -78.4 r:  11.6   
Armenia=Deaths i:  94  94   7  4/26/2020 p:      52     240 e: -78.4 r:  11.6   
Armenia=Deaths i:  95  95   8          . p:      50     240 e: -79.2 r:  12.0   
Armenia=Deaths i:  96  96   9  4/28/2020 p:      51     240 e: -78.8 r:  12.5   
Armenia=Deaths i:  97  97  10          . p:      49     240 e: -79.7 r:  12.5   
Armenia=Deaths i:  98  98  11  4/30/2020 p:      44     240 e: -81.7 r:  13.3   
Armenia=Deaths i:  99  99  12          . p:      52     240 e: -78.4 r:  13.7   
Armenia=Deaths i: 100 100  13   5/2/2020 p:      44     240 e: -81.7 r:  13.7   
Armenia=Deaths i: 101 101  14          . p:      52     240 e: -78.4 r:  14.5   
Armenia=Deaths i: 102 102  15   5/4/2020 p:      68     240 e: -71.8 r:  16.2   
Armenia=Deaths i: 103 103  16          . p:      76     240 e: -68.4 r:  16.6   
Armenia=Deaths i: 104 104  17   5/6/2020 p:      76     240 e: -68.4 r:  16.6   
Armenia=Deaths i: 105 105  18          . p:      84     240 e: -65.1 r:  17.4   
Armenia=Deaths i: 106 106  19   5/8/2020 p:      84     240 e: -65.1 r:  17.9   
Armenia=Deaths i: 107 107  20          . p:      84     240 e: -65.1 r:  18.3   
Armenia=Deaths i: 108 108  21  5/10/2020 p:      52     240 e: -78.4 r:  18.7   
Armenia=Deaths i: 109 109  22          . p:      52     240 e: -78.4 r:  19.1   
Armenia=Deaths i: 110 110  23  5/12/2020 p:      52     240 e: -78.4 r:  19.5   
Armenia=Deaths i: 111 111  24          . p:      86     240 e: -64.3 r:  19.9   
Armenia=Deaths i: 112 112  25  5/14/2020 p:      86     240 e: -64.3 r:  20.3   
Armenia=Deaths i: 113 113  26          . p:      92     240 e: -61.8 r:  21.6   
Armenia=Deaths i: 114 114  27  5/16/2020 p:     100     240 e: -58.5 r:  22.8   
Armenia=Deaths i: 115 115  28          . p:     124     240 e: -48.5 r:  24.9   
Armenia=Deaths i: 116 116  29  5/18/2020 p:     140     240 e: -41.9 r:  25.3   
Armenia=Deaths i: 117 117  30          . p:     156     240 e: -35.2 r:  26.6   
Armenia=Deaths i: 118 118  31  5/20/2020 p:     108     240 e: -55.1 r:  27.8   
Armenia=Deaths i: 119   0  32          . p:     212     240 e: -12.0 r:  29.1 OK 1st
Armenia=Deaths i: 120   1  33  5/22/2020 p:     252     240 e:   4.7 r:  30.7 OK
Armenia=Deaths i: 121   2  34          . p:     180     240 e: -25.2 r:  32.0   
Armenia=Deaths i: 122   3  35  5/24/2020 p:     356     240 e:  47.8 r:  33.6   
Armenia=Deaths i: 123   4  36          . p:     460     240 e:  91.0 r:  36.1   
Armenia=Deaths i: 124   5  37  5/26/2020 p:     220     240 e:  -8.6 r:  37.8 OK
Armenia=Deaths i: 125   6  38          . p:     260     240 e:   8.0 r:  40.7 OK
Armenia=Deaths i: 126   7  39  5/28/2020 p:     492     240 e: 104.3 r:  46.9   
Armenia=Deaths i: 127   8  40          . p:       0     240 e: -100.0 r:  49.8   
Armenia=Deaths i: 128   9  41  5/30/2020 p:       0     240 e: -100.0 r:  52.7   
Armenia=Deaths i: 129  10  42          . p:     140     240 e: -41.9 r:  54.4   
Armenia=Deaths i: 130  11  43   6/1/2020 p:     164     240 e: -31.9 r:  57.7   
Armenia=Deaths i: 134  15  47   6/5/2020 p:     196     240 e: -18.6 r:  76.0   
Armenia=Deaths i: 135  16  48          . p:     212     240 e: -12.0 r:  78.9 OK
Armenia=Deaths i: 136  17  49   6/7/2020 p:     236     240 e:  -2.0 r:  83.1 OK
Armenia=Deaths i: 137  18  50          . p:     276     240 e:  14.6 r:  87.6 OK
Armenia=Deaths i: 138  19  51   6/9/2020 p:     284     240 e:  17.9 r:  90.1   
