
  # Process COVID TAB data
p1= 1426 il= 138
p1= 1440 il= 137
p1= 1440 il= 136
p1= 1417 il= 135
p1= 1417 il= 134
US_New_York_Westchester=Deaths nl = 139, n1= 5 s1= 1428 s2= 2039290.8 SD= 10.3344085462133 frac%= 0.723698077465918
US_New_York_Westchester=Deaths i:  69  69   1          . p:      65    1428 e: -95.4 r:   1.8   
US_New_York_Westchester=Deaths i:  70   0   2   4/2/2020 p:    1262    1428 e: -11.6 r:   4.5 OK 1st
US_New_York_Westchester=Deaths i:  71   1   3          . p:     541    1428 e: -62.1 r:   4.7   
US_New_York_Westchester=Deaths i:  72   2   4   4/4/2020 p:      77    1428 e: -94.6 r:   4.7   
US_New_York_Westchester=Deaths i:  73   3   5          . p:      77    1428 e: -94.6 r:   4.7   
US_New_York_Westchester=Deaths i:  74   4   6   4/6/2020 p:       0    1428 e: -100.0 r:  14.8   
US_New_York_Westchester=Deaths i:  75   5   7          . p:       0    1428 e: -100.0 r:  17.3   
US_New_York_Westchester=Deaths i:  76   6   8   4/8/2020 p:     334    1428 e: -76.6 r:  19.8   
US_New_York_Westchester=Deaths i:  77   7   9          . p:     438    1428 e: -69.3 r:  25.1   
US_New_York_Westchester=Deaths i:  78   8  10  4/10/2020 p:     438    1428 e: -69.3 r:  27.2   
US_New_York_Westchester=Deaths i:  79   9  11          . p:     592    1428 e: -58.5 r:  32.3   
US_New_York_Westchester=Deaths i:  80  10  12  4/12/2020 p:     653    1428 e: -54.3 r:  35.8   
US_New_York_Westchester=Deaths i:  81  11  13          . p:     692    1428 e: -51.5 r:  39.0   
US_New_York_Westchester=Deaths i:  82  12  14  4/14/2020 p:     858    1428 e: -39.9 r:  41.7   
US_New_York_Westchester=Deaths i:  83  13  15          . p:     873    1428 e: -38.9 r:  44.8   
US_New_York_Westchester=Deaths i:  84  14  16  4/16/2020 p:     779    1428 e: -45.4 r:  46.8   
US_New_York_Westchester=Deaths i:  85  15  17          . p:     782    1428 e: -45.2 r:  46.8   
US_New_York_Westchester=Deaths i:  86  16  18  4/18/2020 p:     741    1428 e: -48.1 r:  46.8   
US_New_York_Westchester=Deaths i:  87  17  19          . p:     764    1428 e: -46.5 r:  46.8   
US_New_York_Westchester=Deaths i:  88  18  20  4/20/2020 p:     953    1428 e: -33.3 r:  54.3   
US_New_York_Westchester=Deaths i:  89  19  21          . p:     953    1428 e: -33.3 r:  56.7   
US_New_York_Westchester=Deaths i:  90  20  22  4/22/2020 p:    1004    1428 e: -29.7 r:  58.7   
US_New_York_Westchester=Deaths i:  91  21  23          . p:    1004    1428 e: -29.7 r:  60.4   
US_New_York_Westchester=Deaths i:  92  22  24  4/24/2020 p:    1004    1428 e: -29.7 r:  62.4   
US_New_York_Westchester=Deaths i:  93  23  25          . p:    1056    1428 e: -26.1 r:  64.4   
US_New_York_Westchester=Deaths i:  94  24  26  4/26/2020 p:    1063    1428 e: -25.6 r:  66.2   
US_New_York_Westchester=Deaths i:  95  25  27          . p:    1076    1428 e: -24.6 r:  67.4   
US_New_York_Westchester=Deaths i:  96  26  28  4/28/2020 p:    1094    1428 e: -23.4 r:  68.8   
US_New_York_Westchester=Deaths i:  97  27  29          . p:    1110    1428 e: -22.3 r:  70.4   
US_New_York_Westchester=Deaths i:  98  28  30  4/30/2020 p:    1108    1428 e: -22.4 r:  72.2   
US_New_York_Westchester=Deaths i:  99  29  31          . p:    1159    1428 e: -18.8 r:  73.5   
US_New_York_Westchester=Deaths i: 100  30  32   5/2/2020 p:    1155    1428 e: -19.1 r:  74.7   
US_New_York_Westchester=Deaths i: 101  31  33          . p:    1177    1428 e: -17.6 r:  76.1   
US_New_York_Westchester=Deaths i: 102  32  34   5/4/2020 p:    1191    1428 e: -16.6 r:  77.1   
US_New_York_Westchester=Deaths i: 103  33  35          . p:    1188    1428 e: -16.8 r:  78.2   
US_New_York_Westchester=Deaths i: 104  34  36   5/6/2020 p:    1468    1428 e:   2.8 r:  81.7 OK
US_New_York_Westchester=Deaths i: 105  35  37          . p:    1520    1428 e:   6.4 r:  82.9 OK
US_New_York_Westchester=Deaths i: 106  36  38   5/8/2020 p:    1468    1428 e:   2.8 r:  83.4 OK
US_New_York_Westchester=Deaths i: 107  37  39          . p:    1515    1428 e:   6.1 r:  84.2 OK
US_New_York_Westchester=Deaths i: 108  38  40  5/10/2020 p:    1448    1428 e:   1.4 r:  85.3 OK
US_New_York_Westchester=Deaths i: 109  39  41          . p:    1452    1428 e:   1.7 r:  85.9 OK
US_New_York_Westchester=Deaths i: 110  40  42  5/12/2020 p:    1417    1428 e:  -0.8 r:  86.7 OK
US_New_York_Westchester=Deaths i: 111  41  43          . p:    1316    1428 e:  -7.8 r:  87.2 OK
US_New_York_Westchester=Deaths i: 112  42  44  5/14/2020 p:    1342    1428 e:  -6.0 r:  88.0 OK
US_New_York_Westchester=Deaths i: 113  43  45          . p:    1417    1428 e:  -0.8 r:  88.9 OK
US_New_York_Westchester=Deaths i: 114  44  46  5/16/2020 p:    1417    1428 e:  -0.8 r:  89.3 OK
US_New_York_Westchester=Deaths i: 115  45  47          . p:    1417    1428 e:  -0.8 r:  90.3 OK
US_New_York_Westchester=Deaths i: 116  46  48  5/18/2020 p:    1417    1428 e:  -0.8 r:  90.7 OK
US_New_York_Westchester=Deaths i: 117  47  49          . p:    1407    1428 e:  -1.5 r:  90.9 OK
US_New_York_Westchester=Deaths i: 118  48  50  5/20/2020 p:    1411    1428 e:  -1.2 r:  91.4 OK
US_New_York_Westchester=Deaths i: 119  49  51          . p:    1411    1428 e:  -1.2 r:  91.9 OK
US_New_York_Westchester=Deaths i: 120  50  52  5/22/2020 p:    1417    1428 e:  -0.8 r:  92.4 OK
US_New_York_Westchester=Deaths i: 121  51  53          . p:    1417    1428 e:  -0.8 r:  92.9 OK
US_New_York_Westchester=Deaths i: 122  52  54  5/24/2020 p:    1417    1428 e:  -0.8 r:  93.6 OK
US_New_York_Westchester=Deaths i: 123  53  55          . p:    1417    1428 e:  -0.8 r:  94.0 OK
US_New_York_Westchester=Deaths i: 124  54  56  5/26/2020 p:    1417    1428 e:  -0.8 r:  94.2 OK
US_New_York_Westchester=Deaths i: 125  55  57          . p:    1417    1428 e:  -0.8 r:  94.7 OK
US_New_York_Westchester=Deaths i: 126  56  58  5/28/2020 p:    1422    1428 e:  -0.4 r:  95.0 OK
US_New_York_Westchester=Deaths i: 127  57  59          . p:    1425    1428 e:  -0.2 r:  95.2 OK
US_New_York_Westchester=Deaths i: 128  58  60  5/30/2020 p:    1425    1428 e:  -0.2 r:  95.5 OK
US_New_York_Westchester=Deaths i: 129  59  61          . p:    1417    1428 e:  -0.8 r:  96.0 OK
US_New_York_Westchester=Deaths i: 130  60  62   6/1/2020 p:    1417    1428 e:  -0.8 r:  96.2 OK
US_New_York_Westchester=Deaths i: 131  61  63          . p:    1417    1428 e:  -0.8 r:  96.5 OK
US_New_York_Westchester=Deaths i: 132  62  64   6/3/2020 p:    1421    1428 e:  -0.5 r:  96.7 OK
US_New_York_Westchester=Deaths i: 133  63  65          . p:    1439    1428 e:   0.8 r:  97.0 OK
US_New_York_Westchester=Deaths i: 134  64  66   6/5/2020 p:    1417    1428 e:  -0.8 r:  97.3 OK
US_New_York_Westchester=Deaths i: 135  65  67          . p:    1417    1428 e:  -0.8 r:  97.5 OK
US_New_York_Westchester=Deaths i: 136  66  68   6/7/2020 p:    1440    1428 e:   0.8 r:  97.5 OK
US_New_York_Westchester=Deaths i: 137  67  69          . p:    1440    1428 e:   0.8 r:  97.7 OK
US_New_York_Westchester=Deaths i: 138  68  70   6/9/2020 p:    1426    1428 e:  -0.1 r:  97.7 OK
