
  # Process COVID TAB data
p1= 657656 il= 138
p1= 657656 il= 137
p1= 636778 il= 136
p1= 636778 il= 135
p1= 636778 il= 134
WholeWorld=Deaths nl = 139, n1= 5 s1= 645129.2 s2= 416296298504.8 SD= 10228.0893699671 frac%= 1.58543271176799
WholeWorld=Deaths i:   6   6   6  1/29/2020 p:   10368  645129 e: -98.4 r:   0.1   
WholeWorld=Deaths i:  10  10  10   2/2/2020 p:   10438  645129 e: -98.4 r:   0.2   
WholeWorld=Deaths i:  11  11  11          . p:   10438  645129 e: -98.4 r:   0.2   
WholeWorld=Deaths i:  12  12  12   2/4/2020 p:   10438  645129 e: -98.4 r:   0.2   
WholeWorld=Deaths i:  13  13  13          . p:   10635  645129 e: -98.4 r:   0.2   
WholeWorld=Deaths i:  14  14  14   2/6/2020 p:   10329  645129 e: -98.4 r:   0.3   
WholeWorld=Deaths i:  16  16  16   2/8/2020 p:   10333  645129 e: -98.4 r:   0.4   
WholeWorld=Deaths i:  17  17  17          . p:   10300  645129 e: -98.4 r:   0.4   
WholeWorld=Deaths i:  18  18  18  2/10/2020 p:   10226  645129 e: -98.4 r:   0.4   
WholeWorld=Deaths i:  19  19  19          . p:   10375  645129 e: -98.4 r:   0.5   
WholeWorld=Deaths i:  20  20  20  2/12/2020 p:   10236  645129 e: -98.4 r:   0.5   
WholeWorld=Deaths i:  21  21  21          . p:   10250  645129 e: -98.4 r:   0.6   
WholeWorld=Deaths i:  22  22  22  2/14/2020 p:   10438  645129 e: -98.4 r:   0.7   
WholeWorld=Deaths i:  23  23  23          . p:   10438  645129 e: -98.4 r:   0.7   
WholeWorld=Deaths i:  24  24  24  2/16/2020 p:   10396  645129 e: -98.4 r:   0.8   
WholeWorld=Deaths i:  25  25  25          . p:   10301  645129 e: -98.4 r:   0.8   
WholeWorld=Deaths i:  26  26  26  2/18/2020 p:   10307  645129 e: -98.4 r:   0.9   
WholeWorld=Deaths i:  27  27  27          . p:   10359  645129 e: -98.4 r:   0.9   
WholeWorld=Deaths i:  28  28  28  2/20/2020 p:   18249  645129 e: -97.2 r:   1.0   
WholeWorld=Deaths i:  29  29  29          . p:   13967  645129 e: -97.8 r:   1.0   
WholeWorld=Deaths i:  30  30  30  2/22/2020 p:   13280  645129 e: -97.9 r:   1.1   
WholeWorld=Deaths i:  31  31  31          . p:   10336  645129 e: -98.4 r:   1.1   
WholeWorld=Deaths i:  32  32  32  2/24/2020 p:   10361  645129 e: -98.4 r:   1.1   
WholeWorld=Deaths i:  33  33  33          . p:   10356  645129 e: -98.4 r:   1.2   
WholeWorld=Deaths i:  34  34  34  2/26/2020 p:   10354  645129 e: -98.4 r:   1.2   
WholeWorld=Deaths i:  35  35  35          . p:   10356  645129 e: -98.4 r:   1.2   
WholeWorld=Deaths i:  36  36  36  2/28/2020 p:   10334  645129 e: -98.4 r:   1.2   
WholeWorld=Deaths i:  37  37  37          . p:   10350  645129 e: -98.4 r:   1.3   
WholeWorld=Deaths i:  38  38  38   3/1/2020 p:   10438  645129 e: -98.4 r:   1.3   
WholeWorld=Deaths i:  39  39  39          . p:   10438  645129 e: -98.4 r:   1.3   
WholeWorld=Deaths i:  40  40  40   3/3/2020 p:   10438  645129 e: -98.4 r:   1.3   
WholeWorld=Deaths i:  41  41  41          . p:   10438  645129 e: -98.4 r:   1.4   
WholeWorld=Deaths i:  42  42  42   3/5/2020 p:   10438  645129 e: -98.4 r:   1.4   
WholeWorld=Deaths i:  43  43  43          . p:   10438  645129 e: -98.4 r:   1.4   
WholeWorld=Deaths i:  44  44  44   3/7/2020 p:   10438  645129 e: -98.4 r:   1.4   
WholeWorld=Deaths i:  45  45  45          . p:   10438  645129 e: -98.4 r:   1.5   
WholeWorld=Deaths i:  46  46  46   3/9/2020 p:   10438  645129 e: -98.4 r:   1.6   
WholeWorld=Deaths i:  47  47  47          . p:   10438  645129 e: -98.4 r:   1.6   
WholeWorld=Deaths i:  48  48  48  3/11/2020 p:   10438  645129 e: -98.4 r:   1.7   
WholeWorld=Deaths i:  49  49  49          . p:   10438  645129 e: -98.4 r:   1.8   
WholeWorld=Deaths i:  50  50  50  3/13/2020 p:   10438  645129 e: -98.4 r:   1.9   
WholeWorld=Deaths i:  51  51  51          . p:   10438  645129 e: -98.4 r:   2.0   
WholeWorld=Deaths i:  52  52  52  3/15/2020 p:   31316  645129 e: -95.1 r:   2.1   
WholeWorld=Deaths i:  53  53  53          . p:   31316  645129 e: -95.1 r:   2.3   
WholeWorld=Deaths i:  54  54  54  3/17/2020 p:   52194  645129 e: -91.9 r:   2.5   
WholeWorld=Deaths i:  55  55  55          . p:   73072  645129 e: -88.7 r:   2.7   
WholeWorld=Deaths i:  56  56  56  3/19/2020 p:  302730  645129 e: -53.1 r:   2.9   
WholeWorld=Deaths i:  57  57  57          . p:       0  645129 e: -100.0 r:   3.3   
WholeWorld=Deaths i:  61  61  61          . p: 1367508  645129 e: 112.0 r:   4.9   
WholeWorld=Deaths i:  66  66  66  3/29/2020 p: 1638922  645129 e: 154.0 r:   8.4   
WholeWorld=Deaths i:  67  67  67          . p:  344486  645129 e: -46.6 r:   9.2   
WholeWorld=Deaths i:  68  68  68  3/31/2020 p:  866436  645129 e:  34.3 r:  10.2   
WholeWorld=Deaths i:  72  72  72   4/4/2020 p:  490632  645129 e: -23.9 r:  15.2   
WholeWorld=Deaths i:  73  73  73          . p:  198340  645129 e: -69.3 r:  16.3   
WholeWorld=Deaths i:  74  74  74   4/6/2020 p:  198340  645129 e: -69.3 r:  17.5   
WholeWorld=Deaths i:  75  75  75          . p:  407120  645129 e: -36.9 r:  19.2   
WholeWorld=Deaths i:  76  76  76   4/8/2020 p:  511510  645129 e: -20.7 r:  20.7   
WholeWorld=Deaths i:  77   0  77          . p:  615900  645129 e:  -4.5 r:  22.2 OK 1st
WholeWorld=Deaths i:  78   1  78  4/10/2020 p:  448876  645129 e: -30.4 r:  23.8   
WholeWorld=Deaths i:  79   2  79          . p:  260974  645129 e: -59.5 r:  25.1   
WholeWorld=Deaths i:  80   3  80  4/12/2020 p:  490632  645129 e: -23.9 r:  26.3   
WholeWorld=Deaths i:  81   4  81          . p:  427998  645129 e: -33.7 r:  27.6   
WholeWorld=Deaths i:  82   5  82  4/14/2020 p:  407120  645129 e: -36.9 r:  29.1   
WholeWorld=Deaths i:  83   6  83          . p:  448876  645129 e: -30.4 r:  30.9   
WholeWorld=Deaths i:  84   7  84  4/16/2020 p:  469754  645129 e: -27.2 r:  32.5   
WholeWorld=Deaths i:  85   8  85          . p:  511510  645129 e: -20.7 r:  34.0   
WholeWorld=Deaths i:  86   9  86  4/18/2020 p:  511510  645129 e: -20.7 r:  35.4   
WholeWorld=Deaths i:  87  10  87          . p:  490632  645129 e: -23.9 r:  36.4   
WholeWorld=Deaths i:  88  11  88  4/20/2020 p:  469754  645129 e: -27.2 r:  37.7   
WholeWorld=Deaths i:  89  12  89          . p:  469754  645129 e: -27.2 r:  39.2   
WholeWorld=Deaths i:  90  13  90  4/22/2020 p:  469754  645129 e: -27.2 r:  40.7   
WholeWorld=Deaths i:  91  14  91          . p:  490632  645129 e: -23.9 r:  42.2   
WholeWorld=Deaths i:  92  15  92  4/24/2020 p:  490632  645129 e: -23.9 r:  43.5   
WholeWorld=Deaths i:  93  16  93          . p:  511510  645129 e: -20.7 r:  44.9   
WholeWorld=Deaths i:  94  17  94  4/26/2020 p:  490632  645129 e: -23.9 r:  45.7   
WholeWorld=Deaths i:  95  18  95          . p:  490632  645129 e: -23.9 r:  46.7   
WholeWorld=Deaths i:  96  19  96  4/28/2020 p:  490632  645129 e: -23.9 r:  48.1   
WholeWorld=Deaths i:  97  20  97          . p:  490632  645129 e: -23.9 r:  49.6   
WholeWorld=Deaths i:  98  21  98  4/30/2020 p:  511510  645129 e: -20.7 r:  50.9   
WholeWorld=Deaths i:  99  22  99          . p:  511510  645129 e: -20.7 r:  52.1   
WholeWorld=Deaths i: 100  23 100   5/2/2020 p:  511510  645129 e: -20.7 r:  53.2   
WholeWorld=Deaths i: 101  24 101          . p:  511510  645129 e: -20.7 r:  54.0   
WholeWorld=Deaths i: 102  25 102   5/4/2020 p:  511510  645129 e: -20.7 r:  54.9   
WholeWorld=Deaths i: 103  26 103          . p:  511510  645129 e: -20.7 r:  56.2   
WholeWorld=Deaths i: 104  27 104   5/6/2020 p:  511510  645129 e: -20.7 r:  57.6   
WholeWorld=Deaths i: 105  28 105          . p:  532388  645129 e: -17.5 r:  58.8   
WholeWorld=Deaths i: 106  29 106   5/8/2020 p:  532388  645129 e: -17.5 r:  60.0   
WholeWorld=Deaths i: 107  30 107          . p:  532388  645129 e: -17.5 r:  61.0   
WholeWorld=Deaths i: 108  31 108  5/10/2020 p:  553266  645129 e: -14.2 r:  61.7 OK
WholeWorld=Deaths i: 109  32 109          . p:  553266  645129 e: -14.2 r:  62.5 OK
WholeWorld=Deaths i: 110  33 110  5/12/2020 p:  553266  645129 e: -14.2 r:  63.7 OK
WholeWorld=Deaths i: 111  34 111          . p:  553266  645129 e: -14.2 r:  64.8 OK
WholeWorld=Deaths i: 112  35 112  5/14/2020 p:  553266  645129 e: -14.2 r:  65.9 OK
WholeWorld=Deaths i: 113  36 113          . p:  553266  645129 e: -14.2 r:  67.0 OK
WholeWorld=Deaths i: 114  37 114  5/16/2020 p:  574144  645129 e: -11.0 r:  67.9 OK
WholeWorld=Deaths i: 115  38 115          . p:  574144  645129 e: -11.0 r:  68.6 OK
WholeWorld=Deaths i: 116  39 116  5/18/2020 p:  574144  645129 e: -11.0 r:  69.2 OK
WholeWorld=Deaths i: 117  40 117          . p:  574144  645129 e: -11.0 r:  70.3 OK
WholeWorld=Deaths i: 118  41 118  5/20/2020 p:  574144  645129 e: -11.0 r:  71.3 OK
WholeWorld=Deaths i: 119  42 119          . p:  574144  645129 e: -11.0 r:  72.3 OK
WholeWorld=Deaths i: 120  43 120  5/22/2020 p:  574144  645129 e: -11.0 r:  73.3 OK
WholeWorld=Deaths i: 121  44 121          . p:  595022  645129 e:  -7.8 r:  74.1 OK
WholeWorld=Deaths i: 122  45 122  5/24/2020 p:  595022  645129 e:  -7.8 r:  74.7 OK
WholeWorld=Deaths i: 123  46 123          . p:  595022  645129 e:  -7.8 r:  75.0 OK
WholeWorld=Deaths i: 124  47 124  5/26/2020 p:  595022  645129 e:  -7.8 r:  75.8 OK
WholeWorld=Deaths i: 125  48 125          . p:  615900  645129 e:  -4.5 r:  76.8 OK
WholeWorld=Deaths i: 126  49 126  5/28/2020 p:  657656  645129 e:   1.9 r:  77.8 OK
WholeWorld=Deaths i: 127  50 127          . p:  615900  645129 e:  -4.5 r:  78.7 OK
WholeWorld=Deaths i: 128  51 128  5/30/2020 p:  615900  645129 e:  -4.5 r:  79.5 OK
WholeWorld=Deaths i: 129  52 129          . p:  615900  645129 e:  -4.5 r:  80.1 OK
WholeWorld=Deaths i: 130  53 130   6/1/2020 p:  615900  645129 e:  -4.5 r:  80.8 OK
WholeWorld=Deaths i: 131  54 131          . p:  615900  645129 e:  -4.5 r:  81.7 OK
WholeWorld=Deaths i: 132  55 132   6/3/2020 p:  615900  645129 e:  -4.5 r:  82.8 OK
WholeWorld=Deaths i: 133  56 133          . p:  636778  645129 e:  -1.3 r:  83.8 OK
WholeWorld=Deaths i: 134  57 134   6/5/2020 p:  636778  645129 e:  -1.3 r:  84.7 OK
WholeWorld=Deaths i: 135  58 135          . p:  636778  645129 e:  -1.3 r:  85.5 OK
WholeWorld=Deaths i: 136  59 136   6/7/2020 p:  636778  645129 e:  -1.3 r:  86.0 OK
WholeWorld=Deaths i: 137  60 137          . p:  657656  645129 e:   1.9 r:  86.7 OK
WholeWorld=Deaths i: 138  61 138   6/9/2020 p:  657656  645129 e:   1.9 r:  87.6 OK
