
  # Process COVID TAB data
p1= 31004 il= 138
p1= 30155 il= 137
p1= 29305 il= 136
p1= 28456 il= 135
p1= 27606 il= 134
Philippines=Confirmed nl = 139, n1= 5 s1= 29305.2 s2= 860238047.6 SD= 1201.37444620732 frac%= 4.09952652159794
Philippines=Confirmed i:  18  18 -32  2/10/2020 p:     424   29305 e: -98.6 r:   0.0   
Philippines=Confirmed i:  19  19 -31          . p:     404   29305 e: -98.6 r:   0.0   
Philippines=Confirmed i:  20  20 -30  2/12/2020 p:     424   29305 e: -98.6 r:   0.0   
Philippines=Confirmed i:  21  21 -29          . p:     317   29305 e: -98.9 r:   0.0   
Philippines=Confirmed i:  22  22 -28  2/14/2020 p:     424   29305 e: -98.6 r:   0.0   
Philippines=Confirmed i:  23  23 -27          . p:     424   29305 e: -98.6 r:   0.0   
Philippines=Confirmed i:  24  24 -26  2/16/2020 p:     424   29305 e: -98.6 r:   0.0   
Philippines=Confirmed i:  25  25 -25          . p:     320   29305 e: -98.9 r:   0.0   
Philippines=Confirmed i:  26  26 -24  2/18/2020 p:     320   29305 e: -98.9 r:   0.0   
Philippines=Confirmed i:  27  27 -23          . p:     320   29305 e: -98.9 r:   0.0   
Philippines=Confirmed i:  28  28 -22  2/20/2020 p:     320   29305 e: -98.9 r:   0.0   
Philippines=Confirmed i:  29  29 -21          . p:     311   29305 e: -98.9 r:   0.0   
Philippines=Confirmed i:  30  30 -20  2/22/2020 p:     320   29305 e: -98.9 r:   0.0   
Philippines=Confirmed i:  31  31 -19          . p:     279   29305 e: -99.0 r:   0.0   
Philippines=Confirmed i:  32  32 -18  2/24/2020 p:     320   29305 e: -98.9 r:   0.0   
Philippines=Confirmed i:  44  44  -6   3/7/2020 p:     424   29305 e: -98.6 r:   0.0   
Philippines=Confirmed i:  49  49  -1          . p:     424   29305 e: -98.6 r:   0.2   
Philippines=Confirmed i:  50  50   0  3/13/2020 p:     424   29305 e: -98.6 r:   0.2   
Philippines=Confirmed i:  51  51   1          . p:     424   29305 e: -98.6 r:   0.4   
Philippines=Confirmed i:  52  52   2  3/15/2020 p:    1274   29305 e: -95.7 r:   0.5   
Philippines=Confirmed i:  53  53   3          . p:     424   29305 e: -98.6 r:   0.5   
Philippines=Confirmed i:  54  54   4  3/17/2020 p:     424   29305 e: -98.6 r:   0.6   
Philippines=Confirmed i:  55  55   5          . p:     424   29305 e: -98.6 r:   0.7   
Philippines=Confirmed i:  56  56   6  3/19/2020 p:     424   29305 e: -98.6 r:   0.7   
Philippines=Confirmed i:  57  57   7          . p:     424   29305 e: -98.6 r:   0.8   
Philippines=Confirmed i:  58  58   8  3/21/2020 p:     424   29305 e: -98.6 r:   1.0   
Philippines=Confirmed i:  59  59   9          . p:    1274   29305 e: -95.7 r:   1.3   
Philippines=Confirmed i:  60  60  10  3/23/2020 p:    1274   29305 e: -95.7 r:   1.6   
Philippines=Confirmed i:  61  61  11          . p:    2123   29305 e: -92.8 r:   1.9   
Philippines=Confirmed i:  62  62  12  3/25/2020 p:    2973   29305 e: -89.9 r:   2.2   
Philippines=Confirmed i:  63  63  13          . p:    2973   29305 e: -89.9 r:   2.4   
Philippines=Confirmed i:  64  64  14  3/27/2020 p:    3822   29305 e: -87.0 r:   2.7   
Philippines=Confirmed i:  65  65  15          . p:    6370   29305 e: -78.3 r:   3.7   
Philippines=Confirmed i:  66  66  16  3/29/2020 p:   14015   29305 e: -52.2 r:   4.8   
Philippines=Confirmed i:  67  67  17          . p:   16564   29305 e: -43.5 r:   5.3   
Philippines=Confirmed i:  68   0  18  3/31/2020 p:   32703   29305 e:  11.6 r:   7.1 OK 1st
Philippines=Confirmed i:  69   1  19          . p:   47144   29305 e:  60.9 r:   7.9   
Philippines=Confirmed i:  70   2  20   4/2/2020 p:    5521   29305 e: -81.2 r:   9.0   
Philippines=Confirmed i:  71   3  21          . p:    6370   29305 e: -78.3 r:  10.3   
Philippines=Confirmed i:  72   4  22   4/4/2020 p:    4671   29305 e: -84.1 r:  10.6   
Philippines=Confirmed i:  73   5  23          . p:    3822   29305 e: -87.0 r:  11.1   
Philippines=Confirmed i:  74   6  24   4/6/2020 p:    4671   29305 e: -84.1 r:  12.5   
Philippines=Confirmed i:  75   7  25          . p:    4671   29305 e: -84.1 r:  12.8   
Philippines=Confirmed i:  76   8  26   4/8/2020 p:    4671   29305 e: -84.1 r:  13.2   
Philippines=Confirmed i:  77   9  27          . p:    4671   29305 e: -84.1 r:  13.9   
Philippines=Confirmed i:  78  10  28  4/10/2020 p:    4671   29305 e: -84.1 r:  14.3   
Philippines=Confirmed i:  79  11  29          . p:    5521   29305 e: -81.2 r:  15.1   
Philippines=Confirmed i:  80  12  30  4/12/2020 p:    5521   29305 e: -81.2 r:  15.9   
Philippines=Confirmed i:  81  13  31          . p:    6370   29305 e: -78.3 r:  16.8   
Philippines=Confirmed i:  82  14  32  4/14/2020 p:    6370   29305 e: -78.3 r:  17.8   
Philippines=Confirmed i:  83  15  33          . p:    7220   29305 e: -75.4 r:  18.6   
Philippines=Confirmed i:  84  16  34  4/16/2020 p:    7220   29305 e: -75.4 r:  19.3   
Philippines=Confirmed i:  85  17  35          . p:    8069   29305 e: -72.5 r:  20.1   
Philippines=Confirmed i:  86  18  36  4/18/2020 p:    8069   29305 e: -72.5 r:  20.8   
Philippines=Confirmed i:  87  19  37          . p:    8069   29305 e: -72.5 r:  21.4   
Philippines=Confirmed i:  88  20  38  4/20/2020 p:    8069   29305 e: -72.5 r:  22.0   
Philippines=Confirmed i:  89  21  39          . p:    8069   29305 e: -72.5 r:  22.5   
Philippines=Confirmed i:  90  22  40  4/22/2020 p:    8069   29305 e: -72.5 r:  22.9   
Philippines=Confirmed i:  91  23  41          . p:    8919   29305 e: -69.6 r:  23.8   
Philippines=Confirmed i:  92  24  42  4/24/2020 p:    8919   29305 e: -69.6 r:  24.5   
Philippines=Confirmed i:  93  25  43          . p:    9768   29305 e: -66.7 r:  24.9   
Philippines=Confirmed i:  94  26  44  4/26/2020 p:   10618   29305 e: -63.8 r:  25.9   
Philippines=Confirmed i:  95  27  45          . p:    9768   29305 e: -66.7 r:  26.5   
Philippines=Confirmed i:  96  28  46  4/28/2020 p:    9768   29305 e: -66.7 r:  27.2   
Philippines=Confirmed i:  97  29  47          . p:   10618   29305 e: -63.8 r:  28.0   
Philippines=Confirmed i:  98  30  48  4/30/2020 p:   10618   29305 e: -63.8 r:  29.0   
Philippines=Confirmed i:  99  31  49          . p:   11467   29305 e: -60.9 r:  29.9   
Philippines=Confirmed i: 100  32  50   5/2/2020 p:   11467   29305 e: -60.9 r:  30.5   
Philippines=Confirmed i: 101  33  51          . p:   11467   29305 e: -60.9 r:  31.5   
Philippines=Confirmed i: 102  34  52   5/4/2020 p:   12316   29305 e: -58.0 r:  32.4   
Philippines=Confirmed i: 103  35  53          . p:   12316   29305 e: -58.0 r:  33.0   
Philippines=Confirmed i: 104  36  54   5/6/2020 p:   13166   29305 e: -55.1 r:  34.1   
Philippines=Confirmed i: 105  37  55          . p:   13166   29305 e: -55.1 r:  35.3   
Philippines=Confirmed i: 106  38  56   5/8/2020 p:   13166   29305 e: -55.1 r:  35.7   
Philippines=Confirmed i: 107  39  57          . p:   13166   29305 e: -55.1 r:  36.2   
Philippines=Confirmed i: 108  40  58  5/10/2020 p:   14015   29305 e: -52.2 r:  36.8   
Philippines=Confirmed i: 109  41  59          . p:   13601   29305 e: -53.6 r:  37.8   
Philippines=Confirmed i: 110  42  60  5/12/2020 p:   14015   29305 e: -52.2 r:  38.7   
Philippines=Confirmed i: 111  43  61          . p:   14865   29305 e: -49.3 r:  39.6   
Philippines=Confirmed i: 112  44  62  5/14/2020 p:   14865   29305 e: -49.3 r:  40.5   
Philippines=Confirmed i: 113  45  63          . p:   14865   29305 e: -49.3 r:  41.3   
Philippines=Confirmed i: 114  46  64  5/16/2020 p:   14865   29305 e: -49.3 r:  42.0   
Philippines=Confirmed i: 115  47  65          . p:   15714   29305 e: -46.4 r:  42.7   
Philippines=Confirmed i: 116  48  66  5/18/2020 p:   15907   29305 e: -45.7 r:  43.4   
Philippines=Confirmed i: 117  49  67          . p:   15798   29305 e: -46.1 r:  44.2   
Philippines=Confirmed i: 118  50  68  5/20/2020 p:   16564   29305 e: -43.5 r:  45.1   
Philippines=Confirmed i: 119  51  69          . p:   16564   29305 e: -43.5 r:  45.8   
Philippines=Confirmed i: 120  52  70  5/22/2020 p:   16557   29305 e: -43.5 r:  46.4   
Philippines=Confirmed i: 121  53  71          . p:   16894   29305 e: -42.4 r:  47.0   
Philippines=Confirmed i: 122  54  72  5/24/2020 p:   17210   29305 e: -41.3 r:  47.9   
Philippines=Confirmed i: 123  55  73          . p:   17413   29305 e: -40.6 r:  48.9   
Philippines=Confirmed i: 124  56  74  5/26/2020 p:   17413   29305 e: -40.6 r:  50.1   
Philippines=Confirmed i: 125  57  75          . p:   18263   29305 e: -37.7 r:  51.4   
Philippines=Confirmed i: 126  58  76  5/28/2020 p:   18263   29305 e: -37.7 r:  53.2   
Philippines=Confirmed i: 127  59  77          . p:   19961   29305 e: -31.9 r:  56.8   
Philippines=Confirmed i: 128  60  78  5/30/2020 p:   20811   29305 e: -29.0 r:  58.8   
Philippines=Confirmed i: 129  61  79          . p:   22510   29305 e: -23.2 r:  61.7   
Philippines=Confirmed i: 130  62  80   6/1/2020 p:   23359   29305 e: -20.3 r:  63.6   
Philippines=Confirmed i: 131  63  81          . p:   25058   29305 e: -14.5 r:  64.8 OK
Philippines=Confirmed i: 132  64  82   6/3/2020 p:   26757   29305 e:  -8.7 r:  67.4 OK
Philippines=Confirmed i: 133  65  83          . p:   26757   29305 e:  -8.7 r:  69.6 OK
Philippines=Confirmed i: 134  66  84   6/5/2020 p:   27606   29305 e:  -5.8 r:  70.4 OK
Philippines=Confirmed i: 135  67  85          . p:   28456   29305 e:  -2.9 r:  72.8 OK
Philippines=Confirmed i: 136  68  86   6/7/2020 p:   29305   29305 e:  -0.0 r:  74.7 OK
Philippines=Confirmed i: 137  69  87          . p:   30155   29305 e:   2.9 r:  76.7 OK
Philippines=Confirmed i: 138  70  88   6/9/2020 p:   31004   29305 e:   5.8 r:  78.5 OK
