
  # Process COVID TAB data
p1= 69224 il= 138
p1= 69224 il= 137
p1= 69224 il= 136
p1= 69224 il= 135
p1= 69224 il= 134
China_Hubei=Confirmed nl = 139, n1= 5 s1= 69224 s2= 4791962176 SD= 0 frac%= 0
China_Hubei=Confirmed i:   8   8   8  1/31/2020 p:   11861   69224 e: -82.9 r:  14.2   
China_Hubei=Confirmed i:  10  10  10   2/2/2020 p:   28948   69224 e: -58.2 r:  22.2   
China_Hubei=Confirmed i:  11  11  11          . p:   36500   69224 e: -47.3 r:  26.8   
China_Hubei=Confirmed i:  12  12  12   2/4/2020 p:   56638   69224 e: -18.2 r:  33.1   
China_Hubei=Confirmed i:  13   0  13          . p:   71742   69224 e:   3.6 r:  39.0 OK 1st
China_Hubei=Confirmed i:  14   1  14   2/6/2020 p:   74259   69224 e:   7.3 r:  43.9 OK
China_Hubei=Confirmed i:  15   2  15          . p:   64190   69224 e:  -7.3 r:  49.5 OK
China_Hubei=Confirmed i:  16   3  16   2/8/2020 p:   55156   69224 e: -20.3 r:  53.8   
China_Hubei=Confirmed i:  17   4  17          . p:   65154   69224 e:  -5.9 r:  58.8 OK
China_Hubei=Confirmed i:  18   5  18  2/10/2020 p:   90952   69224 e:  31.4 r:  63.0   
China_Hubei=Confirmed i:  19   6  19          . p:   67923   69224 e:  -1.9 r:  67.0 OK
China_Hubei=Confirmed i:  20   7  20  2/12/2020 p:   66708   69224 e:  -3.6 r:  71.0 OK
China_Hubei=Confirmed i:  21   8  21          . p:   76830   69224 e:  11.0 r:  74.8 OK
China_Hubei=Confirmed i:  22   9  22  2/14/2020 p:   71555   69224 e:   3.4 r:  78.6 OK
China_Hubei=Confirmed i:  23  10  23          . p:   76159   69224 e:  10.0 r:  81.3 OK
China_Hubei=Confirmed i:  24  11  24  2/16/2020 p:   75434   69224 e:   9.0 r:  84.0 OK
China_Hubei=Confirmed i:  25  12  25          . p:   75460   69224 e:   9.0 r:  86.7 OK
China_Hubei=Confirmed i:  26  13  26  2/18/2020 p:   75476   69224 e:   9.0 r:  89.1 OK
China_Hubei=Confirmed i:  27  14  27          . p:   72444   69224 e:   4.7 r:  89.6 OK
China_Hubei=Confirmed i:  28  15  28  2/20/2020 p:   70303   69224 e:   1.6 r:  90.2 OK
China_Hubei=Confirmed i:  29  16  29          . p:   68911   69224 e:  -0.5 r:  90.5 OK
China_Hubei=Confirmed i:  30  17  30  2/22/2020 p:   68225   69224 e:  -1.4 r:  92.6 OK
China_Hubei=Confirmed i:  31  18  31          . p:   67546   69224 e:  -2.4 r:  92.7 OK
China_Hubei=Confirmed i:  32  19  32  2/24/2020 p:   66209   69224 e:  -4.4 r:  92.9 OK
China_Hubei=Confirmed i:  33  20  33          . p:   66238   69224 e:  -4.3 r:  93.6 OK
China_Hubei=Confirmed i:  34  21  34  2/26/2020 p:   66926   69224 e:  -3.3 r:  94.2 OK
China_Hubei=Confirmed i:  35  22  35          . p:   66707   69224 e:  -3.6 r:  94.8 OK
China_Hubei=Confirmed i:  36  23  36  2/28/2020 p:   66707   69224 e:  -3.6 r:  95.2 OK
China_Hubei=Confirmed i:  37  24  37          . p:   66707   69224 e:  -3.6 r:  95.8 OK
China_Hubei=Confirmed i:  38  25  38   3/1/2020 p:   69224   69224 e:   0.0 r:  96.7 OK
China_Hubei=Confirmed i:  39  26  39          . p:   69224   69224 e:   0.0 r:  96.9 OK
China_Hubei=Confirmed i:  40  27  40   3/3/2020 p:   69224   69224 e:   0.0 r:  97.1 OK
China_Hubei=Confirmed i:  41  28  41          . p:   68316   69224 e:  -1.3 r:  97.3 OK
China_Hubei=Confirmed i:  42  29  42   3/5/2020 p:   68255   69224 e:  -1.4 r:  97.5 OK
China_Hubei=Confirmed i:  43  30  43          . p:   68294   69224 e:  -1.3 r:  97.6 OK
China_Hubei=Confirmed i:  44  31  44   3/7/2020 p:   68279   69224 e:  -1.4 r:  97.7 OK
China_Hubei=Confirmed i:  45  32  45          . p:   68302   69224 e:  -1.3 r:  97.8 OK
China_Hubei=Confirmed i:  46  33  46   3/9/2020 p:   68302   69224 e:  -1.3 r:  97.9 OK
China_Hubei=Confirmed i:  64  51  64  3/27/2020 p:   67178   69224 e:  -3.0 r:  97.9 OK
China_Hubei=Confirmed i:  65  52  65          . p:   69238   69224 e:   0.0 r:  97.9 OK
China_Hubei=Confirmed i:  66  53  66  3/29/2020 p:   69238   69224 e:   0.0 r:  97.9 OK
China_Hubei=Confirmed i:  67  54  67          . p:   69224   69224 e:   0.0 r:  97.9 OK
China_Hubei=Confirmed i:  68  55  68  3/31/2020 p:   69224   69224 e:   0.0 r:  97.9 OK
China_Hubei=Confirmed i:  69  56  69          . p:   69224   69224 e:   0.0 r:  97.9 OK
China_Hubei=Confirmed i:  70  57  70   4/2/2020 p:   69224   69224 e:   0.0 r:  97.9 OK
China_Hubei=Confirmed i:  71  58  71          . p:   68928   69224 e:  -0.4 r:  97.9 OK
China_Hubei=Confirmed i:  72  59  72   4/4/2020 p:   68535   69224 e:  -1.0 r:  97.9 OK
China_Hubei=Confirmed i:  73  60  73          . p:   68928   69224 e:  -0.4 r:  97.9 OK
China_Hubei=Confirmed i:  74  61  74   4/6/2020 p:   68928   69224 e:  -0.4 r:  97.9 OK
China_Hubei=Confirmed i:  75  62  75          . p:   68928   69224 e:  -0.4 r:  97.9 OK
China_Hubei=Confirmed i:  76  63  76   4/8/2020 p:   68928   69224 e:  -0.4 r:  97.9 OK
China_Hubei=Confirmed i:  77  64  77          . p:   68928   69224 e:  -0.4 r:  97.9 OK
China_Hubei=Confirmed i:  78  65  78  4/10/2020 p:   68779   69224 e:  -0.6 r:  97.9 OK
China_Hubei=Confirmed i:  79  66  79          . p:   68779   69224 e:  -0.6 r:  97.9 OK
China_Hubei=Confirmed i:  80  67  80  4/12/2020 p:   68928   69224 e:  -0.4 r:  97.9 OK
China_Hubei=Confirmed i:  81  68  81          . p:   68928   69224 e:  -0.4 r:  97.9 OK
China_Hubei=Confirmed i:  82  69  82  4/14/2020 p:   67417   69224 e:  -2.6 r:  97.9 OK
China_Hubei=Confirmed i:  83  70  83          . p:   67417   69224 e:  -2.6 r:  97.9 OK
China_Hubei=Confirmed i:  86  73  86  4/18/2020 p:   68989   69224 e:  -0.3 r:  98.4 OK
China_Hubei=Confirmed i:  87  74  87          . p:   68911   69224 e:  -0.5 r:  98.4 OK
China_Hubei=Confirmed i:  88  75  88  4/20/2020 p:       0   69224 e: -100.0 r:  98.4   
China_Hubei=Confirmed i:  89  76  89          . p:       0   69224 e: -100.0 r:  98.4   
China_Hubei=Confirmed i:  90  77  90  4/22/2020 p:       0   69224 e: -100.0 r:  98.4   
China_Hubei=Confirmed i:  91  78  91          . p:       0   69224 e: -100.0 r:  98.4   
China_Hubei=Confirmed i:  92  79  92  4/24/2020 p:       0   69224 e: -100.0 r:  98.4   
China_Hubei=Confirmed i:  93  80  93          . p:       0   69224 e: -100.0 r:  98.4   
China_Hubei=Confirmed i:  94  81  94  4/26/2020 p:       0   69224 e: -100.0 r:  98.4   
China_Hubei=Confirmed i:  95  82  95          . p:       0   69224 e: -100.0 r:  98.4   
China_Hubei=Confirmed i:  96  83  96  4/28/2020 p:       0   69224 e: -100.0 r:  98.4   
China_Hubei=Confirmed i:  97  84  97          . p:       0   69224 e: -100.0 r:  98.4   
China_Hubei=Confirmed i:  98  85  98  4/30/2020 p:       0   69224 e: -100.0 r:  98.4   
China_Hubei=Confirmed i:  99  86  99          . p:       0   69224 e: -100.0 r:  98.4   
China_Hubei=Confirmed i: 100  87 100   5/2/2020 p:       0   69224 e: -100.0 r:  98.4   
China_Hubei=Confirmed i: 101  88 101          . p:       0   69224 e: -100.0 r:  98.4   
China_Hubei=Confirmed i: 102  89 102   5/4/2020 p:       0   69224 e: -100.0 r:  98.4   
China_Hubei=Confirmed i: 103  90 103          . p:       0   69224 e: -100.0 r:  98.4   
China_Hubei=Confirmed i: 104  91 104   5/6/2020 p:       0   69224 e: -100.0 r:  98.4   
China_Hubei=Confirmed i: 105  92 105          . p:       0   69224 e: -100.0 r:  98.4   
China_Hubei=Confirmed i: 106  93 106   5/8/2020 p:       0   69224 e: -100.0 r:  98.4   
China_Hubei=Confirmed i: 107  94 107          . p:   69224   69224 e:   0.0 r:  98.4 OK
China_Hubei=Confirmed i: 108  95 108  5/10/2020 p:   69224   69224 e:   0.0 r:  98.4 OK
China_Hubei=Confirmed i: 109  96 109          . p:   69224   69224 e:   0.0 r:  98.4 OK
China_Hubei=Confirmed i: 110  97 110  5/12/2020 p:   69224   69224 e:   0.0 r:  98.4 OK
China_Hubei=Confirmed i: 111  98 111          . p:   69224   69224 e:   0.0 r:  98.4 OK
China_Hubei=Confirmed i: 112  99 112  5/14/2020 p:   69224   69224 e:   0.0 r:  98.4 OK
China_Hubei=Confirmed i: 113 100 113          . p:   69224   69224 e:   0.0 r:  98.4 OK
China_Hubei=Confirmed i: 114 101 114  5/16/2020 p:   69224   69224 e:   0.0 r:  98.4 OK
China_Hubei=Confirmed i: 115 102 115          . p:   67178   69224 e:  -3.0 r:  98.4 OK
China_Hubei=Confirmed i: 116 103 116  5/18/2020 p:   69224   69224 e:   0.0 r:  98.4 OK
China_Hubei=Confirmed i: 117 104 117          . p:   69224   69224 e:   0.0 r:  98.4 OK
China_Hubei=Confirmed i: 118 105 118  5/20/2020 p:   69224   69224 e:   0.0 r:  98.4 OK
China_Hubei=Confirmed i: 119 106 119          . p:   69224   69224 e:   0.0 r:  98.4 OK
China_Hubei=Confirmed i: 120 107 120  5/22/2020 p:   69224   69224 e:   0.0 r:  98.4 OK
China_Hubei=Confirmed i: 121 108 121          . p:   69224   69224 e:   0.0 r:  98.4 OK
China_Hubei=Confirmed i: 122 109 122  5/24/2020 p:   69224   69224 e:   0.0 r:  98.4 OK
China_Hubei=Confirmed i: 123 110 123          . p:   69224   69224 e:   0.0 r:  98.4 OK
China_Hubei=Confirmed i: 124 111 124  5/26/2020 p:   69224   69224 e:   0.0 r:  98.4 OK
China_Hubei=Confirmed i: 125 112 125          . p:   69224   69224 e:   0.0 r:  98.4 OK
China_Hubei=Confirmed i: 126 113 126  5/28/2020 p:   69224   69224 e:   0.0 r:  98.4 OK
China_Hubei=Confirmed i: 127 114 127          . p:   69224   69224 e:   0.0 r:  98.4 OK
China_Hubei=Confirmed i: 128 115 128  5/30/2020 p:   69224   69224 e:   0.0 r:  98.4 OK
China_Hubei=Confirmed i: 129 116 129          . p:   69224   69224 e:   0.0 r:  98.4 OK
China_Hubei=Confirmed i: 130 117 130   6/1/2020 p:   69224   69224 e:   0.0 r:  98.4 OK
China_Hubei=Confirmed i: 131 118 131          . p:   69224   69224 e:   0.0 r:  98.4 OK
China_Hubei=Confirmed i: 132 119 132   6/3/2020 p:   69224   69224 e:   0.0 r:  98.4 OK
China_Hubei=Confirmed i: 133 120 133          . p:   69224   69224 e:   0.0 r:  98.4 OK
China_Hubei=Confirmed i: 134 121 134   6/5/2020 p:   69224   69224 e:   0.0 r:  98.4 OK
China_Hubei=Confirmed i: 135 122 135          . p:   69224   69224 e:   0.0 r:  98.4 OK
China_Hubei=Confirmed i: 136 123 136   6/7/2020 p:   69224   69224 e:   0.0 r:  98.4 OK
China_Hubei=Confirmed i: 137 124 137          . p:   69224   69224 e:   0.0 r:  98.4 OK
China_Hubei=Confirmed i: 138 125 138   6/9/2020 p:   69224   69224 e:   0.0 r:  98.4 OK
