
  # Process COVID TAB data
p1= 1145 il= 138
p1= 1145 il= 137
p1= 1145 il= 136
p1= 1145 il= 135
p1= 1145 il= 134
Philippines=Deaths nl = 139, n1= 5 s1= 1145 s2= 1311025 SD= 0 frac%= 0
Philippines=Deaths i:  52  52  -6  3/15/2020 p:     319    1145 e: -72.1 r:   1.0   
Philippines=Deaths i:  53  53  -5          . p:      18    1145 e: -98.4 r:   1.0   
Philippines=Deaths i:  54  54  -4  3/17/2020 p:      18    1145 e: -98.4 r:   1.0   
Philippines=Deaths i:  55  55  -3          . p:      56    1145 e: -95.1 r:   1.7   
Philippines=Deaths i:  56  56  -2  3/19/2020 p:      18    1145 e: -98.4 r:   1.5   
Philippines=Deaths i:  57  57  -1          . p:      18    1145 e: -98.4 r:   1.6   
Philippines=Deaths i:  58  58   0  3/21/2020 p:      18    1145 e: -98.4 r:   1.7   
Philippines=Deaths i:  59  59   1          . p:      56    1145 e: -95.1 r:   2.2   
Philippines=Deaths i:  60  60   2  3/23/2020 p:      93    1145 e: -91.9 r:   2.9   
Philippines=Deaths i:  61  61   3          . p:      56    1145 e: -95.1 r:   3.1   
Philippines=Deaths i:  62  62   4  3/25/2020 p:      56    1145 e: -95.1 r:   3.3   
Philippines=Deaths i:  63  63   5          . p:      93    1145 e: -91.9 r:   3.9   
Philippines=Deaths i:  64  64   6  3/27/2020 p:     131    1145 e: -88.6 r:   4.7   
Philippines=Deaths i:  65  65   7          . p:     169    1145 e: -85.2 r:   5.9   
Philippines=Deaths i:  66  66   8  3/29/2020 p:     206    1145 e: -82.0 r:   6.2   
Philippines=Deaths i:  67  67   9          . p:     206    1145 e: -82.0 r:   6.8   
Philippines=Deaths i:  68  68  10  3/31/2020 p:     244    1145 e: -78.7 r:   7.7   
Philippines=Deaths i:  69  69  11          . p:     281    1145 e: -75.5 r:   8.4   
Philippines=Deaths i:  70  70  12   4/2/2020 p:     281    1145 e: -75.5 r:   9.3   
Philippines=Deaths i:  71  71  13          . p:     432    1145 e: -62.3 r:  11.9   
Philippines=Deaths i:  72  72  14   4/4/2020 p:     507    1145 e: -55.7 r:  12.6   
Philippines=Deaths i:  73  73  15          . p:     544    1145 e: -52.5 r:  13.3   
Philippines=Deaths i:  74  74  16   4/6/2020 p:     582    1145 e: -49.2 r:  14.2   
Philippines=Deaths i:  75  75  17          . p:     619    1145 e: -45.9 r:  15.5   
Philippines=Deaths i:  76  76  18   4/8/2020 p:     507    1145 e: -55.7 r:  15.9   
Philippines=Deaths i:  77  77  19          . p:     319    1145 e: -72.1 r:  17.7   
Philippines=Deaths i:  78  78  20  4/10/2020 p:     657    1145 e: -42.6 r:  19.3   
Philippines=Deaths i:  79  79  21          . p:     770    1145 e: -32.8 r:  21.6   
Philippines=Deaths i:  80  80  22  4/12/2020 p:    2723    1145 e: 137.8 r:  25.9   
Philippines=Deaths i:  81   0  23          . p:    1145    1145 e:   0.0 r:  27.5 OK 1st
Philippines=Deaths i:  82   1  24  4/14/2020 p:    1258    1145 e:   9.9 r:  29.3 OK
Philippines=Deaths i:  83   2  25          . p:     394    1145 e: -65.6 r:  30.5   
Philippines=Deaths i:  84   3  26  4/16/2020 p:     394    1145 e: -65.6 r:  31.6   
Philippines=Deaths i:  85   4  27          . p:     469    1145 e: -59.0 r:  33.8   
Philippines=Deaths i:  86   5  28  4/18/2020 p:    2160    1145 e:  88.6 r:  34.7   
Philippines=Deaths i:  87   6  29          . p:    1859    1145 e:  62.4 r:  35.7   
Philippines=Deaths i:  88   7  30  4/20/2020 p:     507    1145 e: -55.7 r:  37.4   
Philippines=Deaths i:  89   8  31          . p:     507    1145 e: -55.7 r:  38.2   
Philippines=Deaths i:  90   9  32  4/22/2020 p:     507    1145 e: -55.7 r:  39.0   
Philippines=Deaths i:  91  10  33          . p:    1145    1145 e:   0.0 r:  40.3 OK
Philippines=Deaths i:  92  11  34  4/24/2020 p:     657    1145 e: -42.6 r:  41.7   
Philippines=Deaths i:  93  12  35          . p:     582    1145 e: -49.2 r:  43.1   
Philippines=Deaths i:  94  13  36  4/26/2020 p:     582    1145 e: -49.2 r:  43.8   
Philippines=Deaths i:  95  14  37          . p:     619    1145 e: -45.9 r:  44.6   
Philippines=Deaths i:  96  15  38  4/28/2020 p:     619    1145 e: -45.9 r:  46.3   
Philippines=Deaths i:  97  16  39          . p:     695    1145 e: -39.3 r:  48.7   
Philippines=Deaths i:  98  17  40  4/30/2020 p:     732    1145 e: -36.1 r:  49.6   
Philippines=Deaths i:  99  18  41          . p:     732    1145 e: -36.1 r:  50.6   
Philippines=Deaths i: 100  19  42   5/2/2020 p:     807    1145 e: -29.5 r:  52.7   
Philippines=Deaths i: 101  20  43          . p:     807    1145 e: -29.5 r:  53.0   
Philippines=Deaths i: 102  21  44   5/4/2020 p:     807    1145 e: -29.5 r:  54.4   
Philippines=Deaths i: 103  22  45          . p:     807    1145 e: -29.5 r:  55.6   
Philippines=Deaths i: 104  23  46   5/6/2020 p:     845    1145 e: -26.2 r:  57.5   
Philippines=Deaths i: 105  24  47          . p:     920    1145 e: -19.7 r:  59.8   
Philippines=Deaths i: 106  25  48   5/8/2020 p:     920    1145 e: -19.7 r:  60.8   
Philippines=Deaths i: 107  26  49          . p:     958    1145 e: -16.3 r:  61.5   
Philippines=Deaths i: 108  27  50  5/10/2020 p:     958    1145 e: -16.3 r:  62.8   
Philippines=Deaths i: 109  28  51          . p:     975    1145 e: -14.8 r:  63.4 OK
Philippines=Deaths i: 110  29  52  5/12/2020 p:     999    1145 e: -12.8 r:  65.6 OK
Philippines=Deaths i: 111  30  53          . p:    1025    1145 e: -10.5 r:  67.4 OK
Philippines=Deaths i: 112  31  54  5/14/2020 p:    1033    1145 e:  -9.8 r:  69.0 OK
Philippines=Deaths i: 113  32  55          . p:    1070    1145 e:  -6.6 r:  70.4 OK
Philippines=Deaths i: 114  33  56  5/16/2020 p:    1070    1145 e:  -6.6 r:  71.4 OK
Philippines=Deaths i: 115  34  57          . p:    1108    1145 e:  -3.2 r:  72.0 OK
Philippines=Deaths i: 116  35  58  5/18/2020 p:    1089    1145 e:  -4.9 r:  72.6 OK
Philippines=Deaths i: 117  36  59          . p:    1087    1145 e:  -5.1 r:  73.1 OK
Philippines=Deaths i: 118  37  60  5/20/2020 p:    1090    1145 e:  -4.8 r:  73.5 OK
Philippines=Deaths i: 119  38  61          . p:    1076    1145 e:  -6.0 r:  73.9 OK
Philippines=Deaths i: 120  39  62  5/22/2020 p:    1108    1145 e:  -3.2 r:  74.8 OK
Philippines=Deaths i: 121  40  63          . p:    1070    1145 e:  -6.6 r:  75.4 OK
Philippines=Deaths i: 122  41  64  5/24/2020 p:    1070    1145 e:  -6.6 r:  75.8 OK
Philippines=Deaths i: 123  42  65          . p:    1070    1145 e:  -6.6 r:  76.2 OK
Philippines=Deaths i: 124  43  66  5/26/2020 p:    1070    1145 e:  -6.6 r:  77.4 OK
Philippines=Deaths i: 125  44  67          . p:    1070    1145 e:  -6.6 r:  79.0 OK
Philippines=Deaths i: 126  45  68  5/28/2020 p:    1070    1145 e:  -6.6 r:  80.4 OK
Philippines=Deaths i: 127  46  69          . p:    1108    1145 e:  -3.2 r:  82.3 OK
Philippines=Deaths i: 128  47  70  5/30/2020 p:    1108    1145 e:  -3.2 r:  83.0 OK
Philippines=Deaths i: 129  48  71          . p:    1108    1145 e:  -3.2 r:  83.6 OK
Philippines=Deaths i: 130  49  72   6/1/2020 p:    1108    1145 e:  -3.2 r:  83.8 OK
Philippines=Deaths i: 131  50  73          . p:    1108    1145 e:  -3.2 r:  84.4 OK
Philippines=Deaths i: 132  51  74   6/3/2020 p:    1145    1145 e:   0.0 r:  85.1 OK
Philippines=Deaths i: 133  52  75          . p:    1145    1145 e:   0.0 r:  85.9 OK
Philippines=Deaths i: 134  53  76   6/5/2020 p:    1145    1145 e:   0.0 r:  86.2 OK
Philippines=Deaths i: 135  54  77          . p:    1145    1145 e:   0.0 r:  86.8 OK
Philippines=Deaths i: 136  55  78   6/7/2020 p:    1145    1145 e:   0.0 r:  87.6 OK
Philippines=Deaths i: 137  56  79          . p:    1145    1145 e:   0.0 r:  88.3 OK
Philippines=Deaths i: 138  57  80   6/9/2020 p:    1145    1145 e:   0.0 r:  88.8 OK
