
  # Process COVID TAB data
p1= 22 il= 138
p1= 22 il= 137
p1= 22 il= 136
p1= 23 il= 135
p1= 23 il= 134
New_Zealand=Deaths nl = 139, n1= 5 s1= 22.4 s2= 502 SD= 0.489897948556703 frac%= 2.18704441319957
New_Zealand=Deaths i:  81  81 -21          . p:       6      22 e: -73.2 r:  22.3   
New_Zealand=Deaths i:  83  83 -19          . p:       0      22 e: -100.0 r:  40.2   
New_Zealand=Deaths i:  84  84 -18  4/16/2020 p:      28      22 e:  25.0 r:  40.2   
New_Zealand=Deaths i:  85  85 -17          . p:      14      22 e: -37.5 r:  49.1   
New_Zealand=Deaths i:  86  86 -16  4/18/2020 p:      11      22 e: -50.9 r:  49.1   
New_Zealand=Deaths i:  87  87 -15          . p:      13      22 e: -42.0 r:  53.6   
New_Zealand=Deaths i:  88  88 -14  4/20/2020 p:      13      22 e: -42.0 r:  53.6   
New_Zealand=Deaths i:  89  89 -13          . p:      14      22 e: -37.5 r:  58.0   
New_Zealand=Deaths i:  90  90 -12  4/22/2020 p:      14      22 e: -37.5 r:  62.5   
New_Zealand=Deaths i:  91  91 -11          . p:      26      22 e:  16.1 r:  75.9   
New_Zealand=Deaths i:  92  92 -10  4/24/2020 p:      26      22 e:  16.1 r:  80.4   
New_Zealand=Deaths i:  93   0  -9          . p:      24      22 e:   7.1 r:  80.4 OK 1st
New_Zealand=Deaths i:  94   1  -8  4/26/2020 p:      27      22 e:  20.5 r:  84.8   
New_Zealand=Deaths i:  95   2  -7          . p:      19      22 e: -15.2 r:  84.8   
New_Zealand=Deaths i:  96   3  -6  4/28/2020 p:      19      22 e: -15.2 r:  84.8   
New_Zealand=Deaths i:  97   4  -5          . p:      23      22 e:   2.7 r:  84.8 OK
New_Zealand=Deaths i:  98   5  -4  4/30/2020 p:      21      22 e:  -6.2 r:  84.8 OK
New_Zealand=Deaths i:  99   6  -3          . p:      20      22 e: -10.7 r:  89.3 OK
New_Zealand=Deaths i: 100   7  -2   5/2/2020 p:      21      22 e:  -6.2 r:  89.3 OK
New_Zealand=Deaths i: 101   8  -1          . p:      21      22 e:  -6.2 r:  89.3 OK
New_Zealand=Deaths i: 102   9   0   5/4/2020 p:      20      22 e: -10.7 r:  89.3 OK
New_Zealand=Deaths i: 103  10   1          . p:      22      22 e:  -1.8 r:  93.8 OK
New_Zealand=Deaths i: 104  11   2   5/6/2020 p:      22      22 e:  -1.8 r:  93.8 OK
New_Zealand=Deaths i: 105  12   3          . p:      22      22 e:  -1.8 r:  93.8 OK
New_Zealand=Deaths i: 106  13   4   5/8/2020 p:      20      22 e: -10.7 r:  93.8 OK
New_Zealand=Deaths i: 107  14   5          . p:      20      22 e: -10.7 r:  93.8 OK
New_Zealand=Deaths i: 108  15   6  5/10/2020 p:      20      22 e: -10.7 r:  93.8 OK
New_Zealand=Deaths i: 109  16   7          . p:      20      22 e: -10.7 r:  93.8 OK
New_Zealand=Deaths i: 110  17   8  5/12/2020 p:      20      22 e: -10.7 r:  93.8 OK
New_Zealand=Deaths i: 111  18   9          . p:      20      22 e: -10.7 r:  93.8 OK
New_Zealand=Deaths i: 112  19  10  5/14/2020 p:      20      22 e: -10.7 r:  93.8 OK
New_Zealand=Deaths i: 113  20  11          . p:      20      22 e: -10.7 r:  93.8 OK
New_Zealand=Deaths i: 114  21  12  5/16/2020 p:      20      22 e: -10.7 r:  93.8 OK
New_Zealand=Deaths i: 126  33  24  5/28/2020 p:      24      22 e:   7.1 r:  98.2 OK
New_Zealand=Deaths i: 127  34  25          . p:      23      22 e:   2.7 r:  98.2 OK
New_Zealand=Deaths i: 128  35  26  5/30/2020 p:       0      22 e: -100.0 r:  98.2   
New_Zealand=Deaths i: 129  36  27          . p:       0      22 e: -100.0 r:  98.2   
New_Zealand=Deaths i: 130  37  28   6/1/2020 p:       0      22 e: -100.0 r:  98.2   
New_Zealand=Deaths i: 131  38  29          . p:       0      22 e: -100.0 r:  98.2   
New_Zealand=Deaths i: 132  39  30   6/3/2020 p:      23      22 e:   2.7 r:  98.2 OK
New_Zealand=Deaths i: 133  40  31          . p:      23      22 e:   2.7 r:  98.2 OK
New_Zealand=Deaths i: 134  41  32   6/5/2020 p:      23      22 e:   2.7 r:  98.2 OK
New_Zealand=Deaths i: 135  42  33          . p:      23      22 e:   2.7 r:  98.2 OK
New_Zealand=Deaths i: 136  43  34   6/7/2020 p:      22      22 e:  -1.8 r:  98.2 OK
New_Zealand=Deaths i: 137  44  35          . p:      22      22 e:  -1.8 r:  98.2 OK
New_Zealand=Deaths i: 138  45  36   6/9/2020 p:      22      22 e:  -1.8 r:  98.2 OK
