
  # Process COVID TAB data
p1= 735 il= 138
p1= 735 il= 137
p1= 735 il= 136
p1= 735 il= 135
p1= 716 il= 134
US_Arizona_Maricopa=Deaths nl = 139, n1= 5 s1= 731.2 s2= 534711.2 SD= 7.59999999999295 frac%= 1.03938730853295
US_Arizona_Maricopa=Deaths i:  67  67  -4          . p:    1313     731 e:  79.6 r:   0.7   
US_Arizona_Maricopa=Deaths i:  68  68  -3  3/31/2020 p:      78     731 e: -89.3 r:   0.7   
US_Arizona_Maricopa=Deaths i:  69  69  -2          . p:      26     731 e: -96.4 r:   0.7   
US_Arizona_Maricopa=Deaths i:  71   0   0          . p:     754     731 e:   3.1 r:   1.6 OK 1st
US_Arizona_Maricopa=Deaths i:  74   3   3   4/6/2020 p:      27     731 e: -96.3 r:   4.2   
US_Arizona_Maricopa=Deaths i:  75   4   4          . p:      27     731 e: -96.3 r:   4.8   
US_Arizona_Maricopa=Deaths i:  76   5   5   4/8/2020 p:      46     731 e: -93.7 r:   5.1   
US_Arizona_Maricopa=Deaths i:  77   6   6          . p:      46     731 e: -93.7 r:   5.3   
US_Arizona_Maricopa=Deaths i:  78   7   7  4/10/2020 p:      46     731 e: -93.7 r:   5.3   
US_Arizona_Maricopa=Deaths i:  79   8   8          . p:      65     731 e: -91.1 r:   6.4   
US_Arizona_Maricopa=Deaths i:  80   9   9  4/12/2020 p:      65     731 e: -91.1 r:   6.4   
US_Arizona_Maricopa=Deaths i:  81  10  10          . p:      65     731 e: -91.1 r:   7.1   
US_Arizona_Maricopa=Deaths i:  82  11  11  4/14/2020 p:      65     731 e: -91.1 r:   7.4   
US_Arizona_Maricopa=Deaths i:  83  12  12          . p:      83     731 e: -88.6 r:   8.2   
US_Arizona_Maricopa=Deaths i:  84  13  13  4/16/2020 p:      83     731 e: -88.6 r:   8.8   
US_Arizona_Maricopa=Deaths i:  85  14  14          . p:      83     731 e: -88.6 r:   9.4   
US_Arizona_Maricopa=Deaths i:  86  15  15  4/18/2020 p:     102     731 e: -86.1 r:   9.6   
US_Arizona_Maricopa=Deaths i:  87  16  16          . p:     102     731 e: -86.1 r:  10.3   
US_Arizona_Maricopa=Deaths i:  88  17  17  4/20/2020 p:      96     731 e: -86.9 r:  10.3   
US_Arizona_Maricopa=Deaths i:  89  18  18          . p:     102     731 e: -86.1 r:  11.4   
US_Arizona_Maricopa=Deaths i:  90  19  19  4/22/2020 p:     158     731 e: -78.4 r:  13.3   
US_Arizona_Maricopa=Deaths i:  91  20  20          . p:     232     731 e: -68.3 r:  15.7   
US_Arizona_Maricopa=Deaths i:  92  21  21  4/24/2020 p:     251     731 e: -65.7 r:  16.4   
US_Arizona_Maricopa=Deaths i:  93  22  22          . p:     251     731 e: -65.7 r:  16.5   
US_Arizona_Maricopa=Deaths i:  94  23  23  4/26/2020 p:     121     731 e: -83.5 r:  16.7   
US_Arizona_Maricopa=Deaths i:  95  24  24          . p:     232     731 e: -68.3 r:  16.7   
US_Arizona_Maricopa=Deaths i:  96  25  25  4/28/2020 p:     121     731 e: -83.5 r:  16.7   
US_Arizona_Maricopa=Deaths i:  97  26  26          . p:     232     731 e: -68.3 r:  19.1   
US_Arizona_Maricopa=Deaths i:  98  27  27  4/30/2020 p:     232     731 e: -68.3 r:  19.8   
US_Arizona_Maricopa=Deaths i:  99  28  28          . p:     232     731 e: -68.3 r:  20.1   
US_Arizona_Maricopa=Deaths i: 100  29  29   5/2/2020 p:     232     731 e: -68.3 r:  20.1   
US_Arizona_Maricopa=Deaths i: 101  30  30          . p:     232     731 e: -68.3 r:  20.1   
US_Arizona_Maricopa=Deaths i: 102  31  31   5/4/2020 p:     232     731 e: -68.3 r:  20.1   
US_Arizona_Maricopa=Deaths i: 103  32  32          . p:     251     731 e: -65.7 r:  23.9   
US_Arizona_Maricopa=Deaths i: 104  33  33   5/6/2020 p:     288     731 e: -60.6 r:  25.4   
US_Arizona_Maricopa=Deaths i: 105  34  34          . p:     325     731 e: -55.6 r:  27.9   
US_Arizona_Maricopa=Deaths i: 106  35  35   5/8/2020 p:     418     731 e: -42.8 r:  32.5   
US_Arizona_Maricopa=Deaths i: 107  36  36          . p:     474     731 e: -35.2 r:  33.5   
US_Arizona_Maricopa=Deaths i: 108  37  37  5/10/2020 p:     512     731 e: -30.0 r:  33.8   
US_Arizona_Maricopa=Deaths i: 109  38  38          . p:     512     731 e: -30.0 r:  34.2   
US_Arizona_Maricopa=Deaths i: 110  39  39  5/12/2020 p:     530     731 e: -27.5 r:  35.4   
US_Arizona_Maricopa=Deaths i: 111  40  40          . p:     567     731 e: -22.5 r:  38.4   
US_Arizona_Maricopa=Deaths i: 112  41  41  5/14/2020 p:     605     731 e: -17.3 r:  39.9   
US_Arizona_Maricopa=Deaths i: 113  42  42          . p:     623     731 e: -14.8 r:  41.3 OK
US_Arizona_Maricopa=Deaths i: 114  43  43  5/16/2020 p:     661     731 e:  -9.6 r:  43.6 OK
US_Arizona_Maricopa=Deaths i: 115  44  44          . p:     679     731 e:  -7.1 r:  43.6 OK
US_Arizona_Maricopa=Deaths i: 116  45  45  5/18/2020 p:     679     731 e:  -7.1 r:  44.3 OK
US_Arizona_Maricopa=Deaths i: 117  46  46          . p:     418     731 e: -42.8 r:  46.4   
US_Arizona_Maricopa=Deaths i: 118  47  47  5/20/2020 p:     716     731 e:  -2.1 r:  48.8 OK
US_Arizona_Maricopa=Deaths i: 119  48  48          . p:     716     731 e:  -2.1 r:  49.4 OK
US_Arizona_Maricopa=Deaths i: 120  49  49  5/22/2020 p:     735     731 e:   0.5 r:  50.3 OK
US_Arizona_Maricopa=Deaths i: 121  50  50          . p:     735     731 e:   0.5 r:  52.4 OK
US_Arizona_Maricopa=Deaths i: 122  51  51  5/24/2020 p:     520     731 e: -28.9 r:  52.5   
US_Arizona_Maricopa=Deaths i: 123  52  52          . p:     475     731 e: -35.0 r:  52.7   
US_Arizona_Maricopa=Deaths i: 124  53  53  5/26/2020 p:     463     731 e: -36.7 r:  52.5   
US_Arizona_Maricopa=Deaths i: 125  54  54          . p:     447     731 e: -38.9 r:  54.3   
US_Arizona_Maricopa=Deaths i: 126  55  55  5/28/2020 p:     471     731 e: -35.6 r:  55.1   
US_Arizona_Maricopa=Deaths i: 127  56  56          . p:     493     731 e: -32.6 r:  57.3   
US_Arizona_Maricopa=Deaths i: 128  57  57  5/30/2020 p:     716     731 e:  -2.1 r:  58.8 OK
US_Arizona_Maricopa=Deaths i: 129  58  58          . p:     549     731 e: -24.9 r:  59.1   
US_Arizona_Maricopa=Deaths i: 130  59  59   6/1/2020 p:     716     731 e:  -2.1 r:  59.2 OK
US_Arizona_Maricopa=Deaths i: 131  60  60          . p:     716     731 e:  -2.1 r:  61.3 OK
US_Arizona_Maricopa=Deaths i: 132  61  61   6/3/2020 p:     716     731 e:  -2.1 r:  63.7 OK
US_Arizona_Maricopa=Deaths i: 133  62  62          . p:     716     731 e:  -2.1 r:  64.4 OK
US_Arizona_Maricopa=Deaths i: 134  63  63   6/5/2020 p:     716     731 e:  -2.1 r:  65.5 OK
US_Arizona_Maricopa=Deaths i: 135  64  64          . p:     735     731 e:   0.5 r:  66.9 OK
US_Arizona_Maricopa=Deaths i: 136  65  65   6/7/2020 p:     735     731 e:   0.5 r:  67.0 OK
US_Arizona_Maricopa=Deaths i: 137  66  66          . p:     735     731 e:   0.5 r:  67.1 OK
US_Arizona_Maricopa=Deaths i: 138  67  67   6/9/2020 p:     735     731 e:   0.5 r:  68.9 OK
