
  # Process COVID TAB data
p1= 4510 il= 137
p1= 4510 il= 136
p1= 4510 il= 135
p1= 4492 il= 134
p1= 4486 il= 133
Italy_P.A._Trento_P_A_Trento=Confirmed nl = 139, n1= 5 s1= 4501.6 s2= 20264512 SD= 10.4613574643837 frac%= 0.232391982059349
Italy_P.A._Trento_P_A_Trento=Confirmed i:  49  49   1          . p:       0    4501 e: -100.0 r:   2.4   
Italy_P.A._Trento_P_A_Trento=Confirmed i:  51   0   3          . p:    4838    4501 e:   7.5 r:   4.6 OK 1st
Italy_P.A._Trento_P_A_Trento=Confirmed i:  54   3   6  3/17/2020 p:     410    4501 e: -90.9 r:   8.6   
Italy_P.A._Trento_P_A_Trento=Confirmed i:  55   4   7          . p:     574    4501 e: -87.2 r:  10.1   
Italy_P.A._Trento_P_A_Trento=Confirmed i:  56   5   8  3/19/2020 p:     628    4501 e: -86.0 r:  11.6   
Italy_P.A._Trento_P_A_Trento=Confirmed i:  57   6   9          . p:    1066    4501 e: -76.3 r:  14.3   
Italy_P.A._Trento_P_A_Trento=Confirmed i:  58   7  10  3/21/2020 p:    2050    4501 e: -54.5 r:  17.4   
Italy_P.A._Trento_P_A_Trento=Confirmed i:  59   8  11          . p:    2870    4501 e: -36.2 r:  21.2   
Italy_P.A._Trento_P_A_Trento=Confirmed i:  60   9  12  3/23/2020 p:    3034    4501 e: -32.6 r:  22.7   
Italy_P.A._Trento_P_A_Trento=Confirmed i:  61  10  13          . p:    2870    4501 e: -36.2 r:  24.7   
Italy_P.A._Trento_P_A_Trento=Confirmed i:  62  11  14  3/25/2020 p:    2870    4501 e: -36.2 r:  27.1   
Italy_P.A._Trento_P_A_Trento=Confirmed i:  63  12  15          . p:    2661    4501 e: -40.9 r:  28.8   
Italy_P.A._Trento_P_A_Trento=Confirmed i:  64  13  16  3/27/2020 p:    2587    4501 e: -42.5 r:  30.9   
Italy_P.A._Trento_P_A_Trento=Confirmed i:  65  14  17          . p:    2655    4501 e: -41.0 r:  33.4   
Italy_P.A._Trento_P_A_Trento=Confirmed i:  66  15  18  3/29/2020 p:    2649    4501 e: -41.2 r:  35.4   
Italy_P.A._Trento_P_A_Trento=Confirmed i:  67  16  19          . p:    2670    4501 e: -40.7 r:  37.4   
Italy_P.A._Trento_P_A_Trento=Confirmed i:  68  17  20  3/31/2020 p:    2644    4501 e: -41.3 r:  38.8   
Italy_P.A._Trento_P_A_Trento=Confirmed i:  69  18  21          . p:    2727    4501 e: -39.4 r:  41.5   
Italy_P.A._Trento_P_A_Trento=Confirmed i:  70  19  22   4/2/2020 p:    2870    4501 e: -36.2 r:  44.5   
Italy_P.A._Trento_P_A_Trento=Confirmed i:  71  20  23          . p:    3034    4501 e: -32.6 r:  46.9   
Italy_P.A._Trento_P_A_Trento=Confirmed i:  72  21  24   4/4/2020 p:    3198    4501 e: -29.0 r:  49.3   
Italy_P.A._Trento_P_A_Trento=Confirmed i:  73  22  25          . p:    3198    4501 e: -29.0 r:  50.8   
Italy_P.A._Trento_P_A_Trento=Confirmed i:  74  23  26   4/6/2020 p:    3225    4501 e: -28.4 r:  52.2   
Italy_P.A._Trento_P_A_Trento=Confirmed i:  75  24  27          . p:    3320    4501 e: -26.2 r:  55.0   
Italy_P.A._Trento_P_A_Trento=Confirmed i:  76  25  28   4/8/2020 p:    3464    4501 e: -23.0 r:  57.8   
Italy_P.A._Trento_P_A_Trento=Confirmed i:  77  26  29          . p:    3526    4501 e: -21.7 r:  60.2   
Italy_P.A._Trento_P_A_Trento=Confirmed i:  78  27  30  4/10/2020 p:    3690    4501 e: -18.0 r:  62.6   
Italy_P.A._Trento_P_A_Trento=Confirmed i:  79  28  31          . p:    3854    4501 e: -14.4 r:  66.0 OK
Italy_P.A._Trento_P_A_Trento=Confirmed i:  80  29  32  4/12/2020 p:    4018    4501 e: -10.7 r:  67.8 OK
Italy_P.A._Trento_P_A_Trento=Confirmed i:  81  30  33          . p:    4018    4501 e: -10.7 r:  69.4 OK
Italy_P.A._Trento_P_A_Trento=Confirmed i:  82  31  34  4/14/2020 p:    4062    4501 e:  -9.8 r:  69.8 OK
Italy_P.A._Trento_P_A_Trento=Confirmed i:  83  32  35          . p:    4089    4501 e:  -9.2 r:  71.5 OK
Italy_P.A._Trento_P_A_Trento=Confirmed i:  84  33  36  4/16/2020 p:    4105    4501 e:  -8.8 r:  73.2 OK
Italy_P.A._Trento_P_A_Trento=Confirmed i:  85  34  37          . p:    4182    4501 e:  -7.1 r:  75.0 OK
Italy_P.A._Trento_P_A_Trento=Confirmed i:  86  35  38  4/18/2020 p:    4182    4501 e:  -7.1 r:  76.2 OK
Italy_P.A._Trento_P_A_Trento=Confirmed i:  87  36  39          . p:    4510    4501 e:   0.2 r:  78.5 OK
Italy_P.A._Trento_P_A_Trento=Confirmed i:  88  37  40  4/20/2020 p:    4346    4501 e:  -3.5 r:  79.7 OK
Italy_P.A._Trento_P_A_Trento=Confirmed i:  89  38  41          . p:    4346    4501 e:  -3.5 r:  80.3 OK
Italy_P.A._Trento_P_A_Trento=Confirmed i:  90  39  42  4/22/2020 p:    4274    4501 e:  -5.1 r:  81.0 OK
Italy_P.A._Trento_P_A_Trento=Confirmed i:  91  40  43          . p:    4317    4501 e:  -4.1 r:  82.8 OK
Italy_P.A._Trento_P_A_Trento=Confirmed i:  92  41  44  4/24/2020 p:    4301    4501 e:  -4.5 r:  83.9 OK
Italy_P.A._Trento_P_A_Trento=Confirmed i:  93  42  45          . p:    4510    4501 e:   0.2 r:  85.3 OK
Italy_P.A._Trento_P_A_Trento=Confirmed i:  94  43  46  4/26/2020 p:    4510    4501 e:   0.2 r:  86.5 OK
Italy_P.A._Trento_P_A_Trento=Confirmed i:  95  44  47          . p:    4674    4501 e:   3.8 r:  88.7 OK
Italy_P.A._Trento_P_A_Trento=Confirmed i:  96  45  48  4/28/2020 p:    4838    4501 e:   7.5 r:  89.4 OK
Italy_P.A._Trento_P_A_Trento=Confirmed i:  97  46  49          . p:    4838    4501 e:   7.5 r:  90.4 OK
Italy_P.A._Trento_P_A_Trento=Confirmed i:  98  47  50  4/30/2020 p:    4838    4501 e:   7.5 r:  91.4 OK
Italy_P.A._Trento_P_A_Trento=Confirmed i:  99  48  51          . p:    4845    4501 e:   7.6 r:  91.8 OK
Italy_P.A._Trento_P_A_Trento=Confirmed i: 100  49  52   5/2/2020 p:    4835    4501 e:   7.4 r:  92.9 OK
Italy_P.A._Trento_P_A_Trento=Confirmed i: 101  50  53          . p:    4838    4501 e:   7.5 r:  94.3 OK
Italy_P.A._Trento_P_A_Trento=Confirmed i: 102  51  54   5/4/2020 p:    4838    4501 e:   7.5 r:  94.6 OK
Italy_P.A._Trento_P_A_Trento=Confirmed i: 103  52  55          . p:    4907    4501 e:   9.0 r:  94.7 OK
Italy_P.A._Trento_P_A_Trento=Confirmed i: 104  53  56   5/6/2020 p:    4863    4501 e:   8.0 r:  95.1 OK
Italy_P.A._Trento_P_A_Trento=Confirmed i: 105  54  57          . p:    4818    4501 e:   7.0 r:  95.1 OK
Italy_P.A._Trento_P_A_Trento=Confirmed i: 106  55  58   5/8/2020 p:    4771    4501 e:   6.0 r:  95.2 OK
Italy_P.A._Trento_P_A_Trento=Confirmed i: 107  56  59          . p:    4724    4501 e:   4.9 r:  95.3 OK
Italy_P.A._Trento_P_A_Trento=Confirmed i: 108  57  60  5/10/2020 p:    4630    4501 e:   2.9 r:  95.4 OK
Italy_P.A._Trento_P_A_Trento=Confirmed i: 109  58  61          . p:    4625    4501 e:   2.7 r:  95.5 OK
Italy_P.A._Trento_P_A_Trento=Confirmed i: 110  59  62  5/12/2020 p:    4674    4501 e:   3.8 r:  95.6 OK
Italy_P.A._Trento_P_A_Trento=Confirmed i: 111  60  63          . p:    4510    4501 e:   0.2 r:  95.8 OK
Italy_P.A._Trento_P_A_Trento=Confirmed i: 112  61  64  5/14/2020 p:    4510    4501 e:   0.2 r:  95.9 OK
Italy_P.A._Trento_P_A_Trento=Confirmed i: 113  62  65          . p:    4510    4501 e:   0.2 r:  95.9 OK
Italy_P.A._Trento_P_A_Trento=Confirmed i: 114  63  66  5/16/2020 p:    4510    4501 e:   0.2 r:  96.1 OK
Italy_P.A._Trento_P_A_Trento=Confirmed i: 115  64  67          . p:    4510    4501 e:   0.2 r:  96.4 OK
Italy_P.A._Trento_P_A_Trento=Confirmed i: 116  65  68  5/18/2020 p:    4510    4501 e:   0.2 r:  96.7 OK
Italy_P.A._Trento_P_A_Trento=Confirmed i: 117  66  69          . p:    4510    4501 e:   0.2 r:  96.8 OK
Italy_P.A._Trento_P_A_Trento=Confirmed i: 118  67  70  5/20/2020 p:    4510    4501 e:   0.2 r:  97.0 OK
Italy_P.A._Trento_P_A_Trento=Confirmed i: 119  68  71          . p:    4510    4501 e:   0.2 r:  97.3 OK
Italy_P.A._Trento_P_A_Trento=Confirmed i: 120  69  72  5/22/2020 p:    4510    4501 e:   0.2 r:  97.5 OK
Italy_P.A._Trento_P_A_Trento=Confirmed i: 121  70  73          . p:    4510    4501 e:   0.2 r:  97.6 OK
Italy_P.A._Trento_P_A_Trento=Confirmed i: 122  71  74  5/24/2020 p:    4510    4501 e:   0.2 r:  97.8 OK
Italy_P.A._Trento_P_A_Trento=Confirmed i: 123  72  75          . p:    4510    4501 e:   0.2 r:  97.9 OK
Italy_P.A._Trento_P_A_Trento=Confirmed i: 124  73  76  5/26/2020 p:    4510    4501 e:   0.2 r:  98.1 OK
Italy_P.A._Trento_P_A_Trento=Confirmed i: 125  74  77          . p:    4510    4501 e:   0.2 r:  98.2 OK
Italy_P.A._Trento_P_A_Trento=Confirmed i: 126  75  78  5/28/2020 p:    4510    4501 e:   0.2 r:  98.3 OK
Italy_P.A._Trento_P_A_Trento=Confirmed i: 127  76  79          . p:    4510    4501 e:   0.2 r:  98.4 OK
Italy_P.A._Trento_P_A_Trento=Confirmed i: 128  77  80  5/30/2020 p:    4510    4501 e:   0.2 r:  98.4 OK
Italy_P.A._Trento_P_A_Trento=Confirmed i: 129  78  81          . p:    4510    4501 e:   0.2 r:  98.4 OK
Italy_P.A._Trento_P_A_Trento=Confirmed i: 130  79  82   6/1/2020 p:    4510    4501 e:   0.2 r:  98.5 OK
Italy_P.A._Trento_P_A_Trento=Confirmed i: 131  80  83          . p:    4491    4501 e:  -0.2 r:  98.5 OK
Italy_P.A._Trento_P_A_Trento=Confirmed i: 132  81  84   6/3/2020 p:    4491    4501 e:  -0.2 r:  98.5 OK
Italy_P.A._Trento_P_A_Trento=Confirmed i: 133  82  85          . p:    4486    4501 e:  -0.3 r:  98.5 OK
Italy_P.A._Trento_P_A_Trento=Confirmed i: 134  83  86   6/5/2020 p:    4492    4501 e:  -0.2 r:  98.5 OK
Italy_P.A._Trento_P_A_Trento=Confirmed i: 135  84  87          . p:    4510    4501 e:   0.2 r:  98.5 OK
Italy_P.A._Trento_P_A_Trento=Confirmed i: 136  85  88   6/7/2020 p:    4510    4501 e:   0.2 r:  98.5 OK
Italy_P.A._Trento_P_A_Trento=Confirmed i: 137  86  89          . p:    4510    4501 e:   0.2 r:  98.5 OK
