
  # Process COVID TAB data
p1= 10307 il= 138
p1= 10307 il= 137
p1= 10307 il= 136
p1= 10271 il= 135
p1= 10271 il= 134
Italy_Toscana=Confirmed nl = 139, n1= 5 s1= 10292.6 s2= 105937925.8 SD= 17.6363261478023 frac%= 0.171349572972838
Italy_Toscana=Confirmed i:  41  41  -2          . p:     187   10292 e: -98.2 r:   0.4   
Italy_Toscana=Confirmed i:  42  42  -1   3/5/2020 p:    2061   10292 e: -80.0 r:   0.6   
Italy_Toscana=Confirmed i:  43  43   0          . p:    3185   10292 e: -69.1 r:   0.8   
Italy_Toscana=Confirmed i:  44  44   1   3/7/2020 p:     562   10292 e: -94.5 r:   1.1   
Italy_Toscana=Confirmed i:  45  45   2          . p:     937   10292 e: -90.9 r:   1.6   
Italy_Toscana=Confirmed i:  46  46   3   3/9/2020 p:     937   10292 e: -90.9 r:   2.0   
Italy_Toscana=Confirmed i:  47  47   4          . p:     937   10292 e: -90.9 r:   2.6   
Italy_Toscana=Confirmed i:  48  48   5  3/11/2020 p:     937   10292 e: -90.9 r:   3.1   
Italy_Toscana=Confirmed i:  49  49   6          . p:     964   10292 e: -90.6 r:   3.5   
Italy_Toscana=Confirmed i:  50  50   7  3/13/2020 p:    2061   10292 e: -80.0 r:   4.6   
Italy_Toscana=Confirmed i:  51  51   8          . p:    3263   10292 e: -68.3 r:   6.1   
Italy_Toscana=Confirmed i:  52  52   9  3/15/2020 p:   12555   10292 e:  22.0 r:   7.6   
Italy_Toscana=Confirmed i:  53  53  10          . p:    5059   10292 e: -50.8 r:   8.4   
Italy_Toscana=Confirmed i:  54  54  11  3/17/2020 p:   21176   10292 e: 105.7 r:  10.2   
Italy_Toscana=Confirmed i:  55   0  12          . p:   11431   10292 e:  11.1 r:  12.9 OK 1st
Italy_Toscana=Confirmed i:  56   1  13  3/19/2020 p:    7683   10292 e: -25.4 r:  14.4   
Italy_Toscana=Confirmed i:  57   2  14          . p:   26048   10292 e: 153.1 r:  17.4   
Italy_Toscana=Confirmed i:  58   3  15  3/21/2020 p:   25299   10292 e: 145.8 r:  19.5   
Italy_Toscana=Confirmed i:  59   4  16          . p:   14055   10292 e:  36.6 r:  22.1   
Italy_Toscana=Confirmed i:  60   5  17  3/23/2020 p:   14735   10292 e:  43.2 r:  23.9   
Italy_Toscana=Confirmed i:  61   6  18          . p:    4702   10292 e: -54.3 r:  26.2   
Italy_Toscana=Confirmed i:  62   7  19  3/25/2020 p:   15327   10292 e:  48.9 r:  28.9   
Italy_Toscana=Confirmed i:  63   8  20          . p:    7317   10292 e: -28.9 r:  31.3   
Italy_Toscana=Confirmed i:  64   9  21  3/27/2020 p:    7190   10292 e: -30.1 r:  33.5   
Italy_Toscana=Confirmed i:  65  10  22          . p:    8058   10292 e: -21.7 r:  37.1   
Italy_Toscana=Confirmed i:  66  11  23  3/29/2020 p:   11056   10292 e:   7.4 r:  40.0 OK
Italy_Toscana=Confirmed i:  67  12  24          . p:    9182   10292 e: -10.8 r:  42.9 OK
Italy_Toscana=Confirmed i:  68  13  25  3/31/2020 p:    9118   10292 e: -11.4 r:  44.8 OK
Italy_Toscana=Confirmed i:  69  14  26          . p:    9111   10292 e: -11.5 r:  47.3 OK
Italy_Toscana=Confirmed i:  70  15  27   4/2/2020 p:   11056   10292 e:   7.4 r:  51.2 OK
Italy_Toscana=Confirmed i:  71  16  28          . p:   11056   10292 e:   7.4 r:  53.4 OK
Italy_Toscana=Confirmed i:  72  17  29   4/4/2020 p:   10043   10292 e:  -2.4 r:  55.1 OK
Italy_Toscana=Confirmed i:  73  18  30          . p:   10744   10292 e:   4.4 r:  56.8 OK
Italy_Toscana=Confirmed i:  74  19  31   4/6/2020 p:    9560   10292 e:  -7.1 r:  58.3 OK
Italy_Toscana=Confirmed i:  75  20  32          . p:    9296   10292 e:  -9.7 r:  60.0 OK
Italy_Toscana=Confirmed i:  76  21  33   4/8/2020 p:    9182   10292 e: -10.8 r:  62.0 OK
Italy_Toscana=Confirmed i:  77  22  34          . p:    9182   10292 e: -10.8 r:  63.7 OK
Italy_Toscana=Confirmed i:  78  23  35  4/10/2020 p:    9182   10292 e: -10.8 r:  65.4 OK
Italy_Toscana=Confirmed i:  79  24  36          . p:    9182   10292 e: -10.8 r:  67.6 OK
Italy_Toscana=Confirmed i:  80  25  37  4/12/2020 p:    9182   10292 e: -10.8 r:  70.3 OK
Italy_Toscana=Confirmed i:  81  26  38          . p:    9557   10292 e:  -7.1 r:  71.8 OK
Italy_Toscana=Confirmed i:  82  27  39  4/14/2020 p:    9932   10292 e:  -3.5 r:  73.1 OK
Italy_Toscana=Confirmed i:  83  28  40          . p:    9778   10292 e:  -5.0 r:  74.5 OK
Italy_Toscana=Confirmed i:  84  29  41  4/16/2020 p:    9976   10292 e:  -3.1 r:  77.2 OK
Italy_Toscana=Confirmed i:  85  30  42          . p:   10307   10292 e:   0.1 r:  78.8 OK
Italy_Toscana=Confirmed i:  86  31  43  4/18/2020 p:   10307   10292 e:   0.1 r:  80.0 OK
Italy_Toscana=Confirmed i:  87  32  44          . p:   10263   10292 e:  -0.3 r:  81.3 OK
Italy_Toscana=Confirmed i:  88  33  45  4/20/2020 p:   10225   10292 e:  -0.7 r:  82.7 OK
Italy_Toscana=Confirmed i:  89  34  46          . p:   10270   10292 e:  -0.2 r:  83.6 OK
Italy_Toscana=Confirmed i:  90  35  47  4/22/2020 p:   10231   10292 e:  -0.6 r:  84.5 OK
Italy_Toscana=Confirmed i:  91  36  48          . p:   10224   10292 e:  -0.7 r:  85.3 OK
Italy_Toscana=Confirmed i:  92  37  49  4/24/2020 p:   10230   10292 e:  -0.6 r:  86.2 OK
Italy_Toscana=Confirmed i:  93  38  50          . p:   10307   10292 e:   0.1 r:  87.6 OK
Italy_Toscana=Confirmed i:  94  39  51  4/26/2020 p:   10307   10292 e:   0.1 r:  88.9 OK
Italy_Toscana=Confirmed i:  95  40  52          . p:   10307   10292 e:   0.1 r:  89.2 OK
Italy_Toscana=Confirmed i:  96  41  53  4/28/2020 p:   10377   10292 e:   0.8 r:  89.7 OK
Italy_Toscana=Confirmed i:  97  42  54          . p:   10371   10292 e:   0.8 r:  90.3 OK
Italy_Toscana=Confirmed i:  98  43  55  4/30/2020 p:   10374   10292 e:   0.8 r:  90.9 OK
Italy_Toscana=Confirmed i:  99  44  56          . p:   10307   10292 e:   0.1 r:  91.8 OK
Italy_Toscana=Confirmed i: 100  45  57   5/2/2020 p:   10307   10292 e:   0.1 r:  92.5 OK
Italy_Toscana=Confirmed i: 101  46  58          . p:   10307   10292 e:   0.1 r:  92.9 OK
Italy_Toscana=Confirmed i: 102  47  59   5/4/2020 p:   10307   10292 e:   0.1 r:  93.3 OK
Italy_Toscana=Confirmed i: 103  48  60          . p:   10357   10292 e:   0.6 r:  93.6 OK
Italy_Toscana=Confirmed i: 104  49  61   5/6/2020 p:   10167   10292 e:  -1.2 r:  93.8 OK
Italy_Toscana=Confirmed i: 105  50  62          . p:   10167   10292 e:  -1.2 r:  94.1 OK
Italy_Toscana=Confirmed i: 106  51  63   5/8/2020 p:   10239   10292 e:  -0.5 r:  94.4 OK
Italy_Toscana=Confirmed i: 107  52  64          . p:   10307   10292 e:   0.1 r:  94.7 OK
Italy_Toscana=Confirmed i: 108  53  65  5/10/2020 p:   10307   10292 e:   0.1 r:  95.0 OK
Italy_Toscana=Confirmed i: 109  54  66          . p:   10271   10292 e:  -0.2 r:  95.1 OK
Italy_Toscana=Confirmed i: 110  55  67  5/12/2020 p:   10066   10292 e:  -2.2 r:  95.2 OK
Italy_Toscana=Confirmed i: 111  56  68          . p:   10066   10292 e:  -2.2 r:  95.5 OK
Italy_Toscana=Confirmed i: 112  57  69  5/14/2020 p:   10307   10292 e:   0.1 r:  95.8 OK
Italy_Toscana=Confirmed i: 113  58  70          . p:   10307   10292 e:   0.1 r:  96.0 OK
Italy_Toscana=Confirmed i: 114  59  71  5/16/2020 p:   10307   10292 e:   0.1 r:  96.3 OK
Italy_Toscana=Confirmed i: 115  60  72          . p:   10307   10292 e:   0.1 r:  96.7 OK
Italy_Toscana=Confirmed i: 116  61  73  5/18/2020 p:   10307   10292 e:   0.1 r:  96.8 OK
Italy_Toscana=Confirmed i: 117  62  74          . p:   10307   10292 e:   0.1 r:  96.8 OK
Italy_Toscana=Confirmed i: 118  63  75  5/20/2020 p:   10167   10292 e:  -1.2 r:  97.0 OK
Italy_Toscana=Confirmed i: 119  64  76          . p:   10158   10292 e:  -1.3 r:  97.2 OK
Italy_Toscana=Confirmed i: 120  65  77  5/22/2020 p:   10307   10292 e:   0.1 r:  97.5 OK
Italy_Toscana=Confirmed i: 121  66  78          . p:   10307   10292 e:   0.1 r:  97.6 OK
Italy_Toscana=Confirmed i: 122  67  79  5/24/2020 p:   10307   10292 e:   0.1 r:  97.8 OK
Italy_Toscana=Confirmed i: 123  68  80          . p:   10307   10292 e:   0.1 r:  97.8 OK
Italy_Toscana=Confirmed i: 124  69  81  5/26/2020 p:   10270   10292 e:  -0.2 r:  97.8 OK
Italy_Toscana=Confirmed i: 125  70  82          . p:   10270   10292 e:  -0.2 r:  98.0 OK
Italy_Toscana=Confirmed i: 126  71  83  5/28/2020 p:   10271   10292 e:  -0.2 r:  98.0 OK
Italy_Toscana=Confirmed i: 127  72  84          . p:   10271   10292 e:  -0.2 r:  98.0 OK
Italy_Toscana=Confirmed i: 128  73  85  5/30/2020 p:   10307   10292 e:   0.1 r:  98.1 OK
Italy_Toscana=Confirmed i: 129  74  86          . p:   10307   10292 e:   0.1 r:  98.2 OK
Italy_Toscana=Confirmed i: 130  75  87   6/1/2020 p:   10307   10292 e:   0.1 r:  98.2 OK
Italy_Toscana=Confirmed i: 131  76  88          . p:   10307   10292 e:   0.1 r:  98.3 OK
Italy_Toscana=Confirmed i: 132  77  89   6/3/2020 p:   10307   10292 e:   0.1 r:  98.3 OK
Italy_Toscana=Confirmed i: 133  78  90          . p:   10270   10292 e:  -0.2 r:  98.3 OK
Italy_Toscana=Confirmed i: 134  79  91   6/5/2020 p:   10271   10292 e:  -0.2 r:  98.4 OK
Italy_Toscana=Confirmed i: 135  80  92          . p:   10271   10292 e:  -0.2 r:  98.5 OK
Italy_Toscana=Confirmed i: 136  81  93   6/7/2020 p:   10307   10292 e:   0.1 r:  98.5 OK
Italy_Toscana=Confirmed i: 137  82  94          . p:   10307   10292 e:   0.1 r:  98.6 OK
Italy_Toscana=Confirmed i: 138  83  95   6/9/2020 p:   10307   10292 e:   0.1 r:  98.6 OK
