
  # Process COVID TAB data
p1= 12172 il= 138
p1= 12780 il= 137
p1= 13316 il= 136
p1= 14001 il= 135
p1= 13229 il= 134
US_Ohio_Cuyahoga=Confirmed nl = 139, n1= 5 s1= 13099.6 s2= 171967256.4 SD= 606.41259881372 frac%= 4.62924515873553
US_Ohio_Cuyahoga=Confirmed i:  54  54  -4  3/17/2020 p:    1003   13099 e: -92.3 r:   0.2   
US_Ohio_Cuyahoga=Confirmed i:  55  55  -3          . p:      91   13099 e: -99.3 r:   0.3   
US_Ohio_Cuyahoga=Confirmed i:  56  56  -2  3/19/2020 p:     273   13099 e: -97.9 r:   0.4   
US_Ohio_Cuyahoga=Confirmed i:  57  57  -1          . p:     340   13099 e: -97.4 r:   0.5   
US_Ohio_Cuyahoga=Confirmed i:  58  58   0  3/21/2020 p:     273   13099 e: -97.9 r:   0.7   
US_Ohio_Cuyahoga=Confirmed i:  59  59   1          . p:    1186   13099 e: -90.9 r:   1.0   
US_Ohio_Cuyahoga=Confirmed i:  60  60   2  3/23/2020 p:    2645   13099 e: -79.8 r:   1.1   
US_Ohio_Cuyahoga=Confirmed i:  61  61   3          . p:    1378   13099 e: -89.5 r:   1.3   
US_Ohio_Cuyahoga=Confirmed i:  62  62   4  3/25/2020 p:     554   13099 e: -95.8 r:   1.6   
US_Ohio_Cuyahoga=Confirmed i:  63  63   5          . p:    1356   13099 e: -89.6 r:   2.0   
US_Ohio_Cuyahoga=Confirmed i:  64  64   6  3/27/2020 p:    2463   13099 e: -81.2 r:   2.5   
US_Ohio_Cuyahoga=Confirmed i:  65  65   7          . p:    5017   13099 e: -61.7 r:   2.8   
US_Ohio_Cuyahoga=Confirmed i:  66  66   8  3/29/2020 p:    1368   13099 e: -89.6 r:   3.4   
US_Ohio_Cuyahoga=Confirmed i:  67  67   9          . p:    1003   13099 e: -92.3 r:   3.8   
US_Ohio_Cuyahoga=Confirmed i:  68  68  10  3/31/2020 p:     712   13099 e: -94.6 r:   4.0   
US_Ohio_Cuyahoga=Confirmed i:  69  69  11          . p:     903   13099 e: -93.1 r:   4.5   
US_Ohio_Cuyahoga=Confirmed i:  70  70  12   4/2/2020 p:    2548   13099 e: -80.5 r:   5.1   
US_Ohio_Cuyahoga=Confirmed i:  71  71  13          . p:    2828   13099 e: -78.4 r:   6.0   
US_Ohio_Cuyahoga=Confirmed i:  72  72  14   4/4/2020 p:    2463   13099 e: -81.2 r:   6.0   
US_Ohio_Cuyahoga=Confirmed i:  73  73  15          . p:    2218   13099 e: -83.1 r:   6.3   
US_Ohio_Cuyahoga=Confirmed i:  74  74  16   4/6/2020 p:    1416   13099 e: -89.2 r:   6.6   
US_Ohio_Cuyahoga=Confirmed i:  75  75  17          . p:    1336   13099 e: -89.8 r:   7.0   
US_Ohio_Cuyahoga=Confirmed i:  76  76  18   4/8/2020 p:    1368   13099 e: -89.6 r:   7.3   
US_Ohio_Cuyahoga=Confirmed i:  77  77  19          . p:    1368   13099 e: -89.6 r:   7.7   
US_Ohio_Cuyahoga=Confirmed i:  78  78  20  4/10/2020 p:    1368   13099 e: -89.6 r:   8.0   
US_Ohio_Cuyahoga=Confirmed i:  79  79  21          . p:    1550   13099 e: -88.2 r:   8.5   
US_Ohio_Cuyahoga=Confirmed i:  80  80  22  4/12/2020 p:    1550   13099 e: -88.2 r:   8.8   
US_Ohio_Cuyahoga=Confirmed i:  81  81  23          . p:    1733   13099 e: -86.8 r:   9.1   
US_Ohio_Cuyahoga=Confirmed i:  82  82  24  4/14/2020 p:    1648   13099 e: -87.4 r:   9.5   
US_Ohio_Cuyahoga=Confirmed i:  83  83  25          . p:    1669   13099 e: -87.3 r:   9.8   
US_Ohio_Cuyahoga=Confirmed i:  84  84  26  4/16/2020 p:    1733   13099 e: -86.8 r:  10.2   
US_Ohio_Cuyahoga=Confirmed i:  85  85  27          . p:    1733   13099 e: -86.8 r:  10.6   
US_Ohio_Cuyahoga=Confirmed i:  86  86  28  4/18/2020 p:    1915   13099 e: -85.4 r:  11.1   
US_Ohio_Cuyahoga=Confirmed i:  87  87  29          . p:    1915   13099 e: -85.4 r:  11.2   
US_Ohio_Cuyahoga=Confirmed i:  88  88  30  4/20/2020 p:    2098   13099 e: -84.0 r:  12.0   
US_Ohio_Cuyahoga=Confirmed i:  89  89  31          . p:    2098   13099 e: -84.0 r:  12.6   
US_Ohio_Cuyahoga=Confirmed i:  90  90  32  4/22/2020 p:    2280   13099 e: -82.6 r:  13.1   
US_Ohio_Cuyahoga=Confirmed i:  91  91  33          . p:    2280   13099 e: -82.6 r:  13.5   
US_Ohio_Cuyahoga=Confirmed i:  92  92  34  4/24/2020 p:    2463   13099 e: -81.2 r:  13.9   
US_Ohio_Cuyahoga=Confirmed i:  93  93  35          . p:    2463   13099 e: -81.2 r:  14.3   
US_Ohio_Cuyahoga=Confirmed i:  94  94  36  4/26/2020 p:    2463   13099 e: -81.2 r:  14.5   
US_Ohio_Cuyahoga=Confirmed i:  95  95  37          . p:    2177   13099 e: -83.4 r:  14.8   
US_Ohio_Cuyahoga=Confirmed i:  96  96  38  4/28/2020 p:    2536   13099 e: -80.6 r:  15.1   
US_Ohio_Cuyahoga=Confirmed i:  97  97  39          . p:    2463   13099 e: -81.2 r:  15.5   
US_Ohio_Cuyahoga=Confirmed i:  98  98  40  4/30/2020 p:    2645   13099 e: -79.8 r:  16.2   
US_Ohio_Cuyahoga=Confirmed i:  99  99  41          . p:    6295   13099 e: -51.9 r:  16.9   
US_Ohio_Cuyahoga=Confirmed i: 100 100  42   5/2/2020 p:    2828   13099 e: -78.4 r:  17.6   
US_Ohio_Cuyahoga=Confirmed i: 101 101  43          . p:    3010   13099 e: -77.0 r:  17.8   
US_Ohio_Cuyahoga=Confirmed i: 102 102  44   5/4/2020 p:    3010   13099 e: -77.0 r:  18.3   
US_Ohio_Cuyahoga=Confirmed i: 103 103  45          . p:    3010   13099 e: -77.0 r:  18.5   
US_Ohio_Cuyahoga=Confirmed i: 104 104  46   5/6/2020 p:    3193   13099 e: -75.6 r:  19.4   
US_Ohio_Cuyahoga=Confirmed i: 105 105  47          . p:    3193   13099 e: -75.6 r:  19.8   
US_Ohio_Cuyahoga=Confirmed i: 106 106  48   5/8/2020 p:    3375   13099 e: -74.2 r:  20.4   
US_Ohio_Cuyahoga=Confirmed i: 107 107  49          . p:    3375   13099 e: -74.2 r:  21.0   
US_Ohio_Cuyahoga=Confirmed i: 108 108  50  5/10/2020 p:    3558   13099 e: -72.8 r:  21.3   
US_Ohio_Cuyahoga=Confirmed i: 109 109  51          . p:    3558   13099 e: -72.8 r:  21.8   
US_Ohio_Cuyahoga=Confirmed i: 110 110  52  5/12/2020 p:    3558   13099 e: -72.8 r:  22.2   
US_Ohio_Cuyahoga=Confirmed i: 111 111  53          . p:    3740   13099 e: -71.4 r:  22.7   
US_Ohio_Cuyahoga=Confirmed i: 112 112  54  5/14/2020 p:    8667   13099 e: -33.8 r:  23.4   
US_Ohio_Cuyahoga=Confirmed i: 113 113  55          . p:    3923   13099 e: -70.1 r:  24.1   
US_Ohio_Cuyahoga=Confirmed i: 114 114  56  5/16/2020 p:    3923   13099 e: -70.1 r:  24.6   
US_Ohio_Cuyahoga=Confirmed i: 115 115  57          . p:   10309   13099 e: -21.3 r:  25.4   
US_Ohio_Cuyahoga=Confirmed i: 116 116  58  5/18/2020 p:    4288   13099 e: -67.3 r:  26.0   
US_Ohio_Cuyahoga=Confirmed i: 117 117  59          . p:    4288   13099 e: -67.3 r:  26.4   
US_Ohio_Cuyahoga=Confirmed i: 118 118  60  5/20/2020 p:    4470   13099 e: -65.9 r:  26.8   
US_Ohio_Cuyahoga=Confirmed i: 119 119  61          . p:    4470   13099 e: -65.9 r:  28.0   
US_Ohio_Cuyahoga=Confirmed i: 120 120  62  5/22/2020 p:    4652   13099 e: -64.5 r:  28.7   
US_Ohio_Cuyahoga=Confirmed i: 121 121  63          . p:    4835   13099 e: -63.1 r:  29.4   
US_Ohio_Cuyahoga=Confirmed i: 122 122  64  5/24/2020 p:    5017   13099 e: -61.7 r:  30.0   
US_Ohio_Cuyahoga=Confirmed i: 123 123  65          . p:    5017   13099 e: -61.7 r:  30.3   
US_Ohio_Cuyahoga=Confirmed i: 124 124  66  5/26/2020 p:    5017   13099 e: -61.7 r:  31.0   
US_Ohio_Cuyahoga=Confirmed i: 125 125  67          . p:    5200   13099 e: -60.3 r:  31.6   
US_Ohio_Cuyahoga=Confirmed i: 126 126  68  5/28/2020 p:    5382   13099 e: -58.9 r:  32.1   
US_Ohio_Cuyahoga=Confirmed i: 127 127  69          . p:    5382   13099 e: -58.9 r:  33.0   
US_Ohio_Cuyahoga=Confirmed i: 128 128  70  5/30/2020 p:    5930   13099 e: -54.7 r:  33.4   
US_Ohio_Cuyahoga=Confirmed i: 129 129  71          . p:    5565   13099 e: -57.5 r:  33.9   
US_Ohio_Cuyahoga=Confirmed i: 130 130  72   6/1/2020 p:    5909   13099 e: -54.9 r:  34.4   
US_Ohio_Cuyahoga=Confirmed i: 131 131  73          . p:       0   13099 e: -100.0 r:  35.0   
US_Ohio_Cuyahoga=Confirmed i: 132 132  74   6/3/2020 p:    6477   13099 e: -50.6 r:  35.6   
US_Ohio_Cuyahoga=Confirmed i: 133 133  75          . p:    6660   13099 e: -49.2 r:  36.1   
US_Ohio_Cuyahoga=Confirmed i: 134   0  76   6/5/2020 p:   13229   13099 e:   1.0 r:  36.6 OK 1st
US_Ohio_Cuyahoga=Confirmed i: 135   1  77          . p:   14001   13099 e:   6.9 r:  36.8 OK
US_Ohio_Cuyahoga=Confirmed i: 136   2  78   6/7/2020 p:   13316   13099 e:   1.7 r:  37.1 OK
US_Ohio_Cuyahoga=Confirmed i: 137   3  79          . p:   12780   13099 e:  -2.4 r:  37.5 OK
US_Ohio_Cuyahoga=Confirmed i: 138   4  80   6/9/2020 p:   12172   13099 e:  -7.1 r:  37.7 OK
