
  # Process COVID TAB data
p1= 11034 il= 138
p1= 10978 il= 137
p1= 11095 il= 136
p1= 11025 il= 135
p1= 11025 il= 134
US_District_of_Columbia=Confirmed nl = 139, n1= 5 s1= 11031.4 s2= 121693183 SD= 37.3769982744275 frac%= 0.338823705734789
US_District_of_Columbia=Confirmed i:  59  59   1          . p:    2975   11031 e: -73.0 r:   0.9   
US_District_of_Columbia=Confirmed i:  60  60   2  3/23/2020 p:     172   11031 e: -98.4 r:   1.1   
US_District_of_Columbia=Confirmed i:  61  61   3          . p:     180   11031 e: -98.4 r:   1.3   
US_District_of_Columbia=Confirmed i:  62  62   4  3/25/2020 p:     875   11031 e: -92.1 r:   1.7   
US_District_of_Columbia=Confirmed i:  63  63   5          . p:     875   11031 e: -92.1 r:   2.1   
US_District_of_Columbia=Confirmed i:  64  64   6  3/27/2020 p:    1225   11031 e: -88.9 r:   2.5   
US_District_of_Columbia=Confirmed i:  65  65   7          . p:    1225   11031 e: -88.9 r:   2.8   
US_District_of_Columbia=Confirmed i:  66  66   8  3/29/2020 p:     983   11031 e: -91.1 r:   3.1   
US_District_of_Columbia=Confirmed i:  67  67   9          . p:    1294   11031 e: -88.3 r:   3.6   
US_District_of_Columbia=Confirmed i:  68  68  10  3/31/2020 p:    2275   11031 e: -79.4 r:   4.5   
US_District_of_Columbia=Confirmed i:  69  69  11          . p:    3325   11031 e: -69.9 r:   5.3   
US_District_of_Columbia=Confirmed i:  70  70  12   4/2/2020 p:    4025   11031 e: -63.5 r:   5.9   
US_District_of_Columbia=Confirmed i:  71  71  13          . p:    6125   11031 e: -44.5 r:   6.9   
US_District_of_Columbia=Confirmed i:  72  72  14   4/4/2020 p:   15925   11031 e:  44.4 r:   8.2   
US_District_of_Columbia=Confirmed i:  73  73  15          . p:    7175   11031 e: -35.0 r:   9.1   
US_District_of_Columbia=Confirmed i:  74   0  16   4/6/2020 p:   10325   11031 e:  -6.4 r:   9.9 OK 1st
US_District_of_Columbia=Confirmed i:  75   1  17          . p:    3675   11031 e: -66.7 r:  11.0   
US_District_of_Columbia=Confirmed i:  76   2  18   4/8/2020 p:       0   11031 e: -100.0 r:  13.1   
US_District_of_Columbia=Confirmed i:  77   3  19          . p:    7875   11031 e: -28.6 r:  13.8   
US_District_of_Columbia=Confirmed i:  78   4  20  4/10/2020 p:    6825   11031 e: -38.1 r:  15.0   
US_District_of_Columbia=Confirmed i:  79   5  21          . p:    4400   11031 e: -60.1 r:  16.1   
US_District_of_Columbia=Confirmed i:  80   6  22  4/12/2020 p:   10479   11031 e:  -5.0 r:  17.0 OK
US_District_of_Columbia=Confirmed i:  81   7  23          . p:    2292   11031 e: -79.2 r:  17.7   
US_District_of_Columbia=Confirmed i:  82   8  24  4/14/2020 p:    2514   11031 e: -77.2 r:  18.7   
US_District_of_Columbia=Confirmed i:  83   9  25          . p:    3325   11031 e: -69.9 r:  19.9   
US_District_of_Columbia=Confirmed i:  84  10  26  4/16/2020 p:    3675   11031 e: -66.7 r:  21.3   
US_District_of_Columbia=Confirmed i:  85  11  27          . p:    4025   11031 e: -63.5 r:  22.4   
US_District_of_Columbia=Confirmed i:  86  12  28  4/18/2020 p:    4725   11031 e: -57.2 r:  24.2   
US_District_of_Columbia=Confirmed i:  87  13  29          . p:    5075   11031 e: -54.0 r:  25.3   
US_District_of_Columbia=Confirmed i:  88  14  30  4/20/2020 p:    6475   11031 e: -41.3 r:  26.5   
US_District_of_Columbia=Confirmed i:  89  15  31          . p:    5775   11031 e: -47.6 r:  28.1   
US_District_of_Columbia=Confirmed i:  90  16  32  4/22/2020 p:    5775   11031 e: -47.6 r:  29.1   
US_District_of_Columbia=Confirmed i:  91  17  33          . p:    5919   11031 e: -46.3 r:  30.5   
US_District_of_Columbia=Confirmed i:  92  18  34  4/24/2020 p:    6342   11031 e: -42.5 r:  32.0   
US_District_of_Columbia=Confirmed i:  93  19  35          . p:    6825   11031 e: -38.1 r:  33.5   
US_District_of_Columbia=Confirmed i:  94  20  36  4/26/2020 p:    6825   11031 e: -38.1 r:  34.8   
US_District_of_Columbia=Confirmed i:  95  21  37          . p:    7026   11031 e: -36.3 r:  35.3   
US_District_of_Columbia=Confirmed i:  96  22  38  4/28/2020 p:    6720   11031 e: -39.1 r:  36.2   
US_District_of_Columbia=Confirmed i:  97  23  39          . p:    6674   11031 e: -39.5 r:  37.2   
US_District_of_Columbia=Confirmed i:  98  24  40  4/30/2020 p:    6825   11031 e: -38.1 r:  39.2   
US_District_of_Columbia=Confirmed i:  99  25  41          . p:    7525   11031 e: -31.8 r:  42.2   
US_District_of_Columbia=Confirmed i: 100  26  42   5/2/2020 p:    7875   11031 e: -28.6 r:  43.5   
US_District_of_Columbia=Confirmed i: 101  27  43          . p:    8225   11031 e: -25.4 r:  45.5   
US_District_of_Columbia=Confirmed i: 102  28  44   5/4/2020 p:    8575   11031 e: -22.3 r:  46.9   
US_District_of_Columbia=Confirmed i: 103  29  45          . p:    8575   11031 e: -22.3 r:  48.2   
US_District_of_Columbia=Confirmed i: 104  30  46   5/6/2020 p:    8925   11031 e: -19.1 r:  49.5   
US_District_of_Columbia=Confirmed i: 105  31  47          . p:    9275   11031 e: -15.9 r:  51.3   
US_District_of_Columbia=Confirmed i: 106  32  48   5/8/2020 p:    9625   11031 e: -12.7 r:  53.5 OK
US_District_of_Columbia=Confirmed i: 107  33  49          . p:    9625   11031 e: -12.7 r:  55.3 OK
US_District_of_Columbia=Confirmed i: 108  34  50  5/10/2020 p:    9975   11031 e:  -9.6 r:  56.9 OK
US_District_of_Columbia=Confirmed i: 109  35  51          . p:   10325   11031 e:  -6.4 r:  57.9 OK
US_District_of_Columbia=Confirmed i: 110  36  52  5/12/2020 p:   10333   11031 e:  -6.3 r:  58.8 OK
US_District_of_Columbia=Confirmed i: 111  37  53          . p:   10323   11031 e:  -6.4 r:  59.7 OK
US_District_of_Columbia=Confirmed i: 112  38  54  5/14/2020 p:   10445   11031 e:  -5.3 r:  61.1 OK
US_District_of_Columbia=Confirmed i: 113  39  55          . p:   10325   11031 e:  -6.4 r:  62.3 OK
US_District_of_Columbia=Confirmed i: 114  40  56  5/16/2020 p:   10675   11031 e:  -3.2 r:  63.8 OK
US_District_of_Columbia=Confirmed i: 115  41  57          . p:   10675   11031 e:  -3.2 r:  64.6 OK
US_District_of_Columbia=Confirmed i: 116  42  58  5/18/2020 p:    9275   11031 e: -15.9 r:  65.9   
US_District_of_Columbia=Confirmed i: 117  43  59          . p:    9625   11031 e: -12.7 r:  67.4 OK
US_District_of_Columbia=Confirmed i: 118  44  60  5/20/2020 p:   10675   11031 e:  -3.2 r:  68.5 OK
US_District_of_Columbia=Confirmed i: 119  45  61          . p:   11025   11031 e:  -0.1 r:  70.6 OK
US_District_of_Columbia=Confirmed i: 120  46  62  5/22/2020 p:   11025   11031 e:  -0.1 r:  71.6 OK
US_District_of_Columbia=Confirmed i: 121  47  63          . p:   11025   11031 e:  -0.1 r:  72.2 OK
US_District_of_Columbia=Confirmed i: 122  48  64  5/24/2020 p:   11025   11031 e:  -0.1 r:  73.5 OK
US_District_of_Columbia=Confirmed i: 123  49  65          . p:   12676   11031 e:  14.9 r:  74.6 OK
US_District_of_Columbia=Confirmed i: 124  50  66  5/26/2020 p:   11375   11031 e:   3.1 r:  75.5 OK
US_District_of_Columbia=Confirmed i: 125  51  67          . p:   11014   11031 e:  -0.2 r:  76.2 OK
US_District_of_Columbia=Confirmed i: 126  52  68  5/28/2020 p:   11578   11031 e:   5.0 r:  77.0 OK
US_District_of_Columbia=Confirmed i: 127  53  69          . p:   11250   11031 e:   2.0 r:  77.4 OK
US_District_of_Columbia=Confirmed i: 128  54  70  5/30/2020 p:   11205   11031 e:   1.6 r:  79.0 OK
US_District_of_Columbia=Confirmed i: 129  55  71          . p:   11322   11031 e:   2.6 r:  79.8 OK
US_District_of_Columbia=Confirmed i: 130  56  72   6/1/2020 p:   11375   11031 e:   3.1 r:  80.3 OK
US_District_of_Columbia=Confirmed i: 131  57  73          . p:   10978   11031 e:  -0.5 r:  80.6 OK
US_District_of_Columbia=Confirmed i: 132  58  74   6/3/2020 p:   10989   11031 e:  -0.4 r:  81.7 OK
US_District_of_Columbia=Confirmed i: 133  59  75          . p:   11027   11031 e:  -0.0 r:  82.7 OK
US_District_of_Columbia=Confirmed i: 134  60  76   6/5/2020 p:   11025   11031 e:  -0.1 r:  83.4 OK
US_District_of_Columbia=Confirmed i: 135  61  77          . p:   11025   11031 e:  -0.1 r:  84.0 OK
US_District_of_Columbia=Confirmed i: 136  62  78   6/7/2020 p:   11095   11031 e:   0.6 r:  84.6 OK
US_District_of_Columbia=Confirmed i: 137  63  79          . p:   10978   11031 e:  -0.5 r:  85.1 OK
US_District_of_Columbia=Confirmed i: 138  64  80   6/9/2020 p:   11034   11031 e:   0.0 r:  85.9 OK
