
  # Process COVID TAB data
p1= 2179 il= 138
p1= 2179 il= 137
p1= 2179 il= 136
p1= 2160 il= 135
p1= 2138 il= 134
US_New_York_Nassau=Deaths nl = 139, n1= 5 s1= 2167 s2= 4696153.4 SD= 16.2603812993537 frac%= 0.750363696324584
US_New_York_Nassau=Deaths i:  64  64   0  3/27/2020 p:      39    2167 e: -98.2 r:   0.9   
US_New_York_Nassau=Deaths i:  65  65   1          . p:      39    2167 e: -98.2 r:   1.2   
US_New_York_Nassau=Deaths i:  66  66   2  3/29/2020 p:     118    2167 e: -94.6 r:   1.8   
US_New_York_Nassau=Deaths i:  67  67   3          . p:     118    2167 e: -94.6 r:   1.8   
US_New_York_Nassau=Deaths i:  68  68   4  3/31/2020 p:     118    2167 e: -94.6 r:   2.2   
US_New_York_Nassau=Deaths i:  69  69   5          . p:    1307    2167 e: -39.7 r:   3.5   
US_New_York_Nassau=Deaths i:  70  70   6   4/2/2020 p:     356    2167 e: -83.6 r:   3.5   
US_New_York_Nassau=Deaths i:  71  71   7          . p:     435    2167 e: -79.9 r:   4.4   
US_New_York_Nassau=Deaths i:  72  72   8   4/4/2020 p:     346    2167 e: -84.0 r:   4.4   
US_New_York_Nassau=Deaths i:  73   0   9          . p:    2258    2167 e:   4.2 r:   7.5 OK 1st
US_New_York_Nassau=Deaths i:  74   1  10   4/6/2020 p:    2020    2167 e:  -6.8 r:   7.5 OK
US_New_York_Nassau=Deaths i:  77   4  13          . p:     673    2167 e: -68.9 r:  29.2   
US_New_York_Nassau=Deaths i:  78   5  14  4/10/2020 p:     752    2167 e: -65.3 r:  33.4   
US_New_York_Nassau=Deaths i:  79   6  15          . p:     911    2167 e: -58.0 r:  36.5   
US_New_York_Nassau=Deaths i:  80   7  16  4/12/2020 p:     911    2167 e: -58.0 r:  39.0   
US_New_York_Nassau=Deaths i:  81   8  17          . p:     990    2167 e: -54.3 r:  42.0   
US_New_York_Nassau=Deaths i:  82   9  18  4/14/2020 p:    1228    2167 e: -43.3 r:  46.2   
US_New_York_Nassau=Deaths i:  83  10  19          . p:    1228    2167 e: -43.3 r:  48.8   
US_New_York_Nassau=Deaths i:  84  11  20  4/16/2020 p:    1228    2167 e: -43.3 r:  51.2   
US_New_York_Nassau=Deaths i:  85  12  21          . p:    1228    2167 e: -43.3 r:  51.2   
US_New_York_Nassau=Deaths i:  86  13  22  4/18/2020 p:    1228    2167 e: -43.3 r:  51.2   
US_New_York_Nassau=Deaths i:  87  14  23          . p:    1228    2167 e: -43.3 r:  51.2   
US_New_York_Nassau=Deaths i:  88  15  24  4/20/2020 p:    1624    2167 e: -25.1 r:  61.3   
US_New_York_Nassau=Deaths i:  89  16  25          . p:    1703    2167 e: -21.4 r:  64.1   
US_New_York_Nassau=Deaths i:  90  17  26  4/22/2020 p:    1545    2167 e: -28.7 r:  66.0   
US_New_York_Nassau=Deaths i:  91  18  27          . p:    1545    2167 e: -28.7 r:  67.9   
US_New_York_Nassau=Deaths i:  92  19  28  4/24/2020 p:    1783    2167 e: -17.7 r:  70.1   
US_New_York_Nassau=Deaths i:  93  20  29          . p:    1776    2167 e: -18.0 r:  71.9   
US_New_York_Nassau=Deaths i:  94  21  30  4/26/2020 p:    1797    2167 e: -17.1 r:  73.2   
US_New_York_Nassau=Deaths i:  95  22  31          . p:    1956    2167 e:  -9.7 r:  74.8 OK
US_New_York_Nassau=Deaths i:  96  23  32  4/28/2020 p:    1822    2167 e: -15.9 r:  76.0   
US_New_York_Nassau=Deaths i:  97  24  33          . p:    1824    2167 e: -15.8 r:  77.4   
US_New_York_Nassau=Deaths i:  98  25  34  4/30/2020 p:    1846    2167 e: -14.8 r:  78.4 OK
US_New_York_Nassau=Deaths i:  99  26  35          . p:    1862    2167 e: -14.1 r:  79.4 OK
US_New_York_Nassau=Deaths i: 100  27  36   5/2/2020 p:    1939    2167 e: -10.5 r:  80.5 OK
US_New_York_Nassau=Deaths i: 101  28  37          . p:    1879    2167 e: -13.3 r:  81.7 OK
US_New_York_Nassau=Deaths i: 102  29  38   5/4/2020 p:    1941    2167 e: -10.4 r:  82.7 OK
US_New_York_Nassau=Deaths i: 103  30  39          . p:    1941    2167 e: -10.4 r:  83.9 OK
US_New_York_Nassau=Deaths i: 104  31  40   5/6/2020 p:    2020    2167 e:  -6.8 r:  87.3 OK
US_New_York_Nassau=Deaths i: 105  32  41          . p:    2179    2167 e:   0.6 r:  87.9 OK
US_New_York_Nassau=Deaths i: 106  33  42   5/8/2020 p:    2179    2167 e:   0.6 r:  88.5 OK
US_New_York_Nassau=Deaths i: 107  34  43          . p:    2099    2167 e:  -3.1 r:  89.5 OK
US_New_York_Nassau=Deaths i: 108  35  44  5/10/2020 p:    2099    2167 e:  -3.1 r:  90.6 OK
US_New_York_Nassau=Deaths i: 109  36  45          . p:    2099    2167 e:  -3.1 r:  91.0 OK
US_New_York_Nassau=Deaths i: 110  37  46  5/12/2020 p:    2099    2167 e:  -3.1 r:  91.9 OK
US_New_York_Nassau=Deaths i: 111  38  47          . p:    2096    2167 e:  -3.3 r:  92.5 OK
US_New_York_Nassau=Deaths i: 112  39  48  5/14/2020 p:    2103    2167 e:  -3.0 r:  93.0 OK
US_New_York_Nassau=Deaths i: 113  40  49          . p:    2127    2167 e:  -1.8 r:  93.5 OK
US_New_York_Nassau=Deaths i: 114  41  50  5/16/2020 p:    2121    2167 e:  -2.1 r:  93.9 OK
US_New_York_Nassau=Deaths i: 115  42  51          . p:    2123    2167 e:  -2.0 r:  94.3 OK
US_New_York_Nassau=Deaths i: 116  43  52  5/18/2020 p:    2125    2167 e:  -1.9 r:  94.7 OK
US_New_York_Nassau=Deaths i: 117  44  53          . p:    2127    2167 e:  -1.8 r:  95.1 OK
US_New_York_Nassau=Deaths i: 118  45  54  5/20/2020 p:    2127    2167 e:  -1.8 r:  95.3 OK
US_New_York_Nassau=Deaths i: 119  46  55          . p:    2127    2167 e:  -1.8 r:  95.7 OK
US_New_York_Nassau=Deaths i: 120  47  56  5/22/2020 p:    2179    2167 e:   0.6 r:  96.1 OK
US_New_York_Nassau=Deaths i: 121  48  57          . p:    2179    2167 e:   0.6 r:  96.3 OK
US_New_York_Nassau=Deaths i: 122  49  58  5/24/2020 p:    2179    2167 e:   0.6 r:  96.6 OK
US_New_York_Nassau=Deaths i: 123  50  59          . p:    2179    2167 e:   0.6 r:  97.0 OK
US_New_York_Nassau=Deaths i: 124  51  60  5/26/2020 p:    2179    2167 e:   0.6 r:  97.3 OK
US_New_York_Nassau=Deaths i: 125  52  61          . p:    2166    2167 e:  -0.0 r:  97.4 OK
US_New_York_Nassau=Deaths i: 126  53  62  5/28/2020 p:    2170    2167 e:   0.1 r:  97.6 OK
US_New_York_Nassau=Deaths i: 127  54  63          . p:    2160    2167 e:  -0.3 r:  97.7 OK
US_New_York_Nassau=Deaths i: 128  55  64  5/30/2020 p:    2160    2167 e:  -0.3 r:  97.9 OK
US_New_York_Nassau=Deaths i: 129  56  65          . p:    2138    2167 e:  -1.3 r:  97.9 OK
US_New_York_Nassau=Deaths i: 130  57  66   6/1/2020 p:    2138    2167 e:  -1.3 r:  98.1 OK
US_New_York_Nassau=Deaths i: 131  58  67          . p:    2138    2167 e:  -1.3 r:  98.2 OK
US_New_York_Nassau=Deaths i: 132  59  68   6/3/2020 p:    2179    2167 e:   0.6 r:  98.3 OK
US_New_York_Nassau=Deaths i: 133  60  69          . p:    2179    2167 e:   0.6 r:  98.4 OK
US_New_York_Nassau=Deaths i: 134  61  70   6/5/2020 p:    2138    2167 e:  -1.3 r:  98.4 OK
US_New_York_Nassau=Deaths i: 135  62  71          . p:    2160    2167 e:  -0.3 r:  98.5 OK
US_New_York_Nassau=Deaths i: 136  63  72   6/7/2020 p:    2179    2167 e:   0.6 r:  98.8 OK
US_New_York_Nassau=Deaths i: 137  64  73          . p:    2179    2167 e:   0.6 r:  99.0 OK
US_New_York_Nassau=Deaths i: 138  65  74   6/9/2020 p:    2179    2167 e:   0.6 r:  99.0 OK
