
  # Process COVID TAB data
p1= 16319 il= 138
p1= 16319 il= 137
p1= 16319 il= 136
p1= 16319 il= 135
p1= 16319 il= 134
China_non_Hubei=Confirmed nl = 139, n1= 5 s1= 16319 s2= 266309761 SD= 0 frac%= 0
China_non_Hubei=Confirmed i:   6   6   6  1/29/2020 p:    8066   16319 e: -50.6 r:  15.8   
China_non_Hubei=Confirmed i:   7   7   7          . p:   10372   16319 e: -36.4 r:  20.2   
China_non_Hubei=Confirmed i:   8   8   8  1/31/2020 p:   11939   16319 e: -26.8 r:  24.9   
China_non_Hubei=Confirmed i:   9   9   9          . p:   12470   16319 e: -23.6 r:  29.5   
China_non_Hubei=Confirmed i:  10  10  10   2/2/2020 p:   12514   16319 e: -23.3 r:  33.9   
China_non_Hubei=Confirmed i:  11  11  11          . p:   12728   16319 e: -22.0 r:  38.5   
China_non_Hubei=Confirmed i:  12   0  12   2/4/2020 p:   14415   16319 e: -11.7 r:  43.7 OK 1st
China_non_Hubei=Confirmed i:  13   1  13          . p:   15261   16319 e:  -6.5 r:  48.3 OK
China_non_Hubei=Confirmed i:  14   2  14   2/6/2020 p:   15399   16319 e:  -5.6 r:  52.7 OK
China_non_Hubei=Confirmed i:  15   3  15          . p:   15577   16319 e:  -4.5 r:  57.0 OK
China_non_Hubei=Confirmed i:  16   4  16   2/8/2020 p:   15311   16319 e:  -6.2 r:  60.5 OK
China_non_Hubei=Confirmed i:  17   5  17          . p:   14864   16319 e:  -8.9 r:  63.5 OK
China_non_Hubei=Confirmed i:  18   6  18  2/10/2020 p:   14423   16319 e: -11.6 r:  66.2 OK
China_non_Hubei=Confirmed i:  19   7  19          . p:   13273   16319 e: -18.7 r:  68.6   
China_non_Hubei=Confirmed i:  20   8  20  2/12/2020 p:   13569   16319 e: -16.9 r:  70.9   
China_non_Hubei=Confirmed i:  21   9  21          . p:   14139   16319 e: -13.4 r:  72.8 OK
China_non_Hubei=Confirmed i:  22  10  22  2/14/2020 p:   13716   16319 e: -16.0 r:  74.4   
China_non_Hubei=Confirmed i:  23  11  23          . p:   13719   16319 e: -15.9 r:  75.7   
China_non_Hubei=Confirmed i:  24  12  24  2/16/2020 p:   13579   16319 e: -16.8 r:  76.8   
China_non_Hubei=Confirmed i:  25  13  25          . p:   13444   16319 e: -17.6 r:  77.5   
China_non_Hubei=Confirmed i:  26  14  26  2/18/2020 p:   13584   16319 e: -16.8 r:  78.0   
China_non_Hubei=Confirmed i:  27  15  27          . p:   13042   16319 e: -20.1 r:  78.4   
China_non_Hubei=Confirmed i:  28  16  28  2/20/2020 p:   13042   16319 e: -20.1 r:  78.7   
China_non_Hubei=Confirmed i:  29  17  29          . p:   13047   16319 e: -20.1 r:  79.0   
China_non_Hubei=Confirmed i:  30  18  30  2/22/2020 p:   13050   16319 e: -20.0 r:  79.2   
China_non_Hubei=Confirmed i:  31  19  31          . p:   13050   16319 e: -20.0 r:  79.3   
China_non_Hubei=Confirmed i:  32  20  32  2/24/2020 p:   13052   16319 e: -20.0 r:  79.4   
China_non_Hubei=Confirmed i:  33  21  33          . p:   13052   16319 e: -20.0 r:  79.5   
China_non_Hubei=Confirmed i:  34  22  34  2/26/2020 p:   13052   16319 e: -20.0 r:  79.5   
China_non_Hubei=Confirmed i:  35  23  35          . p:   12759   16319 e: -21.8 r:  79.7   
China_non_Hubei=Confirmed i:  36  24  36  2/28/2020 p:   13352   16319 e: -18.2 r:  79.7   
China_non_Hubei=Confirmed i:  37  25  37          . p:   13183   16319 e: -19.2 r:  79.8   
China_non_Hubei=Confirmed i:  40  28  40   3/3/2020 p:   13352   16319 e: -18.2 r:  79.9   
China_non_Hubei=Confirmed i:  41  29  41          . p:   13352   16319 e: -18.2 r:  80.0   
China_non_Hubei=Confirmed i:  42  30  42   3/5/2020 p:   13352   16319 e: -18.2 r:  80.1   
China_non_Hubei=Confirmed i:  43  31  43          . p:   13352   16319 e: -18.2 r:  80.3   
China_non_Hubei=Confirmed i:  44  32  44   3/7/2020 p:   13352   16319 e: -18.2 r:  80.3   
China_non_Hubei=Confirmed i:  45  33  45          . p:   13352   16319 e: -18.2 r:  80.4   
China_non_Hubei=Confirmed i:  46  34  46   3/9/2020 p:   13352   16319 e: -18.2 r:  80.4   
China_non_Hubei=Confirmed i:  47  35  47          . p:   13352   16319 e: -18.2 r:  80.4   
China_non_Hubei=Confirmed i:  48  36  48  3/11/2020 p:   13352   16319 e: -18.2 r:  80.6   
China_non_Hubei=Confirmed i:  49  37  49          . p:   13352   16319 e: -18.2 r:  80.6   
China_non_Hubei=Confirmed i:  50  38  50  3/13/2020 p:   13352   16319 e: -18.2 r:  80.6   
China_non_Hubei=Confirmed i:  51  39  51          . p:   13352   16319 e: -18.2 r:  80.8   
China_non_Hubei=Confirmed i:  52  40  52  3/15/2020 p:   13352   16319 e: -18.2 r:  80.9   
China_non_Hubei=Confirmed i:  53  41  53          . p:   13352   16319 e: -18.2 r:  81.1   
China_non_Hubei=Confirmed i:  54  42  54  3/17/2020 p:   13352   16319 e: -18.2 r:  81.2   
China_non_Hubei=Confirmed i:  55  43  55          . p:   13946   16319 e: -14.5 r:  81.5 OK
China_non_Hubei=Confirmed i:  56  44  56  3/19/2020 p:   13946   16319 e: -14.5 r:  81.8 OK
China_non_Hubei=Confirmed i:  57  45  57          . p:   14539   16319 e: -10.9 r:  82.4 OK
China_non_Hubei=Confirmed i:  58  46  58  3/21/2020 p:   15726   16319 e:  -3.6 r:  82.8 OK
China_non_Hubei=Confirmed i:  62  50  62  3/25/2020 p:   15132   16319 e:  -7.3 r:  84.9 OK
China_non_Hubei=Confirmed i:  63  51  63          . p:   21067   16319 e:  29.1 r:  85.7   
China_non_Hubei=Confirmed i:  67  55  67          . p:   15726   16319 e:  -3.6 r:  88.2 OK
China_non_Hubei=Confirmed i:  68  56  68  3/31/2020 p:   15132   16319 e:  -7.3 r:  88.7 OK
China_non_Hubei=Confirmed i:  69  57  69          . p:   15132   16319 e:  -7.3 r:  89.2 OK
China_non_Hubei=Confirmed i:  70  58  70   4/2/2020 p:   15132   16319 e:  -7.3 r:  89.7 OK
China_non_Hubei=Confirmed i:  71  59  71          . p:   15726   16319 e:  -3.6 r:  90.1 OK
China_non_Hubei=Confirmed i:  72  60  72   4/4/2020 p:   15132   16319 e:  -7.3 r:  90.3 OK
China_non_Hubei=Confirmed i:  73  61  73          . p:   15132   16319 e:  -7.3 r:  90.7 OK
China_non_Hubei=Confirmed i:  74  62  74   4/6/2020 p:   15726   16319 e:  -3.6 r:  91.1 OK
China_non_Hubei=Confirmed i:  75  63  75          . p:   15726   16319 e:  -3.6 r:  91.4 OK
China_non_Hubei=Confirmed i:  76  64  76   4/8/2020 p:   16319   16319 e:   0.0 r:  92.0 OK
China_non_Hubei=Confirmed i:  77  65  77          . p:   16319   16319 e:   0.0 r:  92.4 OK
China_non_Hubei=Confirmed i:  78  66  78  4/10/2020 p:   16319   16319 e:   0.0 r:  92.8 OK
China_non_Hubei=Confirmed i:  79  67  79          . p:   16319   16319 e:   0.0 r:  93.2 OK
China_non_Hubei=Confirmed i:  80  68  80  4/12/2020 p:   17506   16319 e:   7.3 r:  93.9 OK
China_non_Hubei=Confirmed i:  81  69  81          . p:   17506   16319 e:   7.3 r:  94.4 OK
China_non_Hubei=Confirmed i:  82  70  82  4/14/2020 p:   18693   16319 e:  14.5 r:  95.0 OK
China_non_Hubei=Confirmed i:  83  71  83          . p:   19287   16319 e:  18.2 r:  95.3   
China_non_Hubei=Confirmed i:  84  72  84  4/16/2020 p:   19287   16319 e:  18.2 r:  95.6   
China_non_Hubei=Confirmed i:  85  73  85          . p:   18693   16319 e:  14.5 r:  95.8 OK
China_non_Hubei=Confirmed i:  86  74  86  4/18/2020 p:   18693   16319 e:  14.5 r:  96.0 OK
China_non_Hubei=Confirmed i:  87  75  87          . p:   15726   16319 e:  -3.6 r:  96.1 OK
China_non_Hubei=Confirmed i:  88  76  88  4/20/2020 p:   15726   16319 e:  -3.6 r:  96.1 OK
China_non_Hubei=Confirmed i:  89  77  89          . p:   17506   16319 e:   7.3 r:  96.4 OK
China_non_Hubei=Confirmed i:  90  78  90  4/22/2020 p:   15726   16319 e:  -3.6 r:  96.5 OK
China_non_Hubei=Confirmed i:  91  79  91          . p:   15726   16319 e:  -3.6 r:  96.6 OK
China_non_Hubei=Confirmed i:  92  80  92  4/24/2020 p:   15726   16319 e:  -3.6 r:  96.6 OK
China_non_Hubei=Confirmed i:  93  81  93          . p:   15726   16319 e:  -3.6 r:  96.7 OK
China_non_Hubei=Confirmed i:  94  82  94  4/26/2020 p:   15726   16319 e:  -3.6 r:  96.7 OK
China_non_Hubei=Confirmed i:  95  83  95          . p:   15726   16319 e:  -3.6 r:  96.8 OK
China_non_Hubei=Confirmed i:  96  84  96  4/28/2020 p:   15726   16319 e:  -3.6 r:  96.9 OK
China_non_Hubei=Confirmed i:  97  85  97          . p:   15726   16319 e:  -3.6 r:  96.9 OK
China_non_Hubei=Confirmed i:  98  86  98  4/30/2020 p:   15726   16319 e:  -3.6 r:  97.0 OK
China_non_Hubei=Confirmed i:  99  87  99          . p:   15726   16319 e:  -3.6 r:  97.0 OK
China_non_Hubei=Confirmed i: 100  88 100   5/2/2020 p:   15726   16319 e:  -3.6 r:  97.0 OK
China_non_Hubei=Confirmed i: 101  89 101          . p:   15726   16319 e:  -3.6 r:  97.0 OK
China_non_Hubei=Confirmed i: 102  90 102   5/4/2020 p:   15726   16319 e:  -3.6 r:  97.1 OK
China_non_Hubei=Confirmed i: 103  91 103          . p:   15726   16319 e:  -3.6 r:  97.1 OK
China_non_Hubei=Confirmed i: 104  92 104   5/6/2020 p:   15726   16319 e:  -3.6 r:  97.1 OK
China_non_Hubei=Confirmed i: 105  93 105          . p:   15726   16319 e:  -3.6 r:  97.1 OK
China_non_Hubei=Confirmed i: 106  94 106   5/8/2020 p:   15726   16319 e:  -3.6 r:  97.1 OK
China_non_Hubei=Confirmed i: 107  95 107          . p:   15726   16319 e:  -3.6 r:  97.2 OK
China_non_Hubei=Confirmed i: 108  96 108  5/10/2020 p:   15726   16319 e:  -3.6 r:  97.3 OK
China_non_Hubei=Confirmed i: 109  97 109          . p:   15726   16319 e:  -3.6 r:  97.3 OK
China_non_Hubei=Confirmed i: 110  98 110  5/12/2020 p:   15726   16319 e:  -3.6 r:  97.3 OK
China_non_Hubei=Confirmed i: 111  99 111          . p:   15726   16319 e:  -3.6 r:  97.4 OK
China_non_Hubei=Confirmed i: 112 100 112  5/14/2020 p:   16319   16319 e:   0.0 r:  97.4 OK
China_non_Hubei=Confirmed i: 113 101 113          . p:   16319   16319 e:   0.0 r:  97.5 OK
China_non_Hubei=Confirmed i: 114 102 114  5/16/2020 p:   16319   16319 e:   0.0 r:  97.5 OK
China_non_Hubei=Confirmed i: 115 103 115          . p:   16319   16319 e:   0.0 r:  97.6 OK
China_non_Hubei=Confirmed i: 116 104 116  5/18/2020 p:   16319   16319 e:   0.0 r:  97.6 OK
China_non_Hubei=Confirmed i: 117 105 117          . p:   16319   16319 e:   0.0 r:  97.6 OK
China_non_Hubei=Confirmed i: 118 106 118  5/20/2020 p:   16319   16319 e:   0.0 r:  97.6 OK
China_non_Hubei=Confirmed i: 119 107 119          . p:   16319   16319 e:   0.0 r:  97.6 OK
China_non_Hubei=Confirmed i: 120 108 120  5/22/2020 p:   16319   16319 e:   0.0 r:  97.7 OK
China_non_Hubei=Confirmed i: 121 109 121          . p:   16319   16319 e:   0.0 r:  97.7 OK
China_non_Hubei=Confirmed i: 122 110 122  5/24/2020 p:   16319   16319 e:   0.0 r:  97.8 OK
China_non_Hubei=Confirmed i: 123 111 123          . p:   16319   16319 e:   0.0 r:  97.8 OK
China_non_Hubei=Confirmed i: 124 112 124  5/26/2020 p:   16319   16319 e:   0.0 r:  97.8 OK
China_non_Hubei=Confirmed i: 125 113 125          . p:   16319   16319 e:   0.0 r:  97.9 OK
China_non_Hubei=Confirmed i: 126 114 126  5/28/2020 p:   16319   16319 e:   0.0 r:  97.9 OK
China_non_Hubei=Confirmed i: 127 115 127          . p:   16319   16319 e:   0.0 r:  98.0 OK
China_non_Hubei=Confirmed i: 128 116 128  5/30/2020 p:   16319   16319 e:   0.0 r:  98.0 OK
China_non_Hubei=Confirmed i: 129 117 129          . p:   16319   16319 e:   0.0 r:  98.1 OK
China_non_Hubei=Confirmed i: 130 118 130   6/1/2020 p:   16319   16319 e:   0.0 r:  98.2 OK
China_non_Hubei=Confirmed i: 131 119 131          . p:   16319   16319 e:   0.0 r:  98.2 OK
China_non_Hubei=Confirmed i: 132 120 132   6/3/2020 p:   16319   16319 e:   0.0 r:  98.2 OK
China_non_Hubei=Confirmed i: 133 121 133          . p:   16319   16319 e:   0.0 r:  98.3 OK
China_non_Hubei=Confirmed i: 134 122 134   6/5/2020 p:   16319   16319 e:   0.0 r:  98.3 OK
China_non_Hubei=Confirmed i: 135 123 135          . p:   16319   16319 e:   0.0 r:  98.4 OK
China_non_Hubei=Confirmed i: 136 124 136   6/7/2020 p:   16319   16319 e:   0.0 r:  98.4 OK
China_non_Hubei=Confirmed i: 137 125 137          . p:   16319   16319 e:   0.0 r:  98.4 OK
China_non_Hubei=Confirmed i: 138 126 138   6/9/2020 p:   16319   16319 e:   0.0 r:  98.4 OK
