
  # Process COVID TAB data
p1= 8744 il= 138
p1= 8497 il= 137
p1= 8497 il= 136
p1= 8251 il= 135
p1= 8251 il= 134
US_Ohio_Franklin=Confirmed nl = 139, n1= 5 s1= 8448 s2= 71402711.2 SD= 184.410411853569 frac%= 2.18288839788789
US_Ohio_Franklin=Confirmed i:  57  57  -5          . p:     123    8448 e: -98.5 r:   0.2   
US_Ohio_Franklin=Confirmed i:  58  58  -4  3/21/2020 p:     615    8448 e: -92.7 r:   0.2   
US_Ohio_Franklin=Confirmed i:  59  59  -3          . p:       0    8448 e: -100.0 r:   0.4   
US_Ohio_Franklin=Confirmed i:  62  62   0  3/25/2020 p:    5788    8448 e: -31.5 r:   1.0   
US_Ohio_Franklin=Confirmed i:  63  63   1          . p:     369    8448 e: -95.6 r:   1.3   
US_Ohio_Franklin=Confirmed i:  64  64   2  3/27/2020 p:    1354    8448 e: -84.0 r:   1.8   
US_Ohio_Franklin=Confirmed i:  65  65   3          . p:   17611    8448 e: 108.5 r:   2.6   
US_Ohio_Franklin=Confirmed i:  66  66   4  3/29/2020 p:    5788    8448 e: -31.5 r:   2.9   
US_Ohio_Franklin=Confirmed i:  67  67   5          . p:    2093    8448 e: -75.2 r:   3.3   
US_Ohio_Franklin=Confirmed i:  68  68   6  3/31/2020 p:     463    8448 e: -94.5 r:   3.8   
US_Ohio_Franklin=Confirmed i:  69  69   7          . p:     804    8448 e: -90.5 r:   4.6   
US_Ohio_Franklin=Confirmed i:  70  70   8   4/2/2020 p:    1108    8448 e: -86.9 r:   5.2   
US_Ohio_Franklin=Confirmed i:  71  71   9          . p:    1354    8448 e: -84.0 r:   6.0   
US_Ohio_Franklin=Confirmed i:  72  72  10   4/4/2020 p:    1354    8448 e: -84.0 r:   6.6   
US_Ohio_Franklin=Confirmed i:  73  73  11          . p:    1298    8448 e: -84.6 r:   7.1   
US_Ohio_Franklin=Confirmed i:  74  74  12   4/6/2020 p:    1219    8448 e: -85.6 r:   7.6   
US_Ohio_Franklin=Confirmed i:  75  75  13          . p:    1258    8448 e: -85.1 r:   8.3   
US_Ohio_Franklin=Confirmed i:  76  76  14   4/8/2020 p:    1368    8448 e: -83.8 r:   9.0   
US_Ohio_Franklin=Confirmed i:  77  77  15          . p:    1329    8448 e: -84.3 r:   9.5   
US_Ohio_Franklin=Confirmed i:  78  78  16  4/10/2020 p:    1348    8448 e: -84.0 r:  10.1   
US_Ohio_Franklin=Confirmed i:  79  79  17          . p:    1345    8448 e: -84.1 r:  10.6   
US_Ohio_Franklin=Confirmed i:  80  80  18  4/12/2020 p:    1373    8448 e: -83.7 r:  11.2   
US_Ohio_Franklin=Confirmed i:  81  81  19          . p:    1601    8448 e: -81.0 r:  12.0   
US_Ohio_Franklin=Confirmed i:  82  82  20  4/14/2020 p:    1601    8448 e: -81.0 r:  12.5   
US_Ohio_Franklin=Confirmed i:  83  83  21          . p:    1532    8448 e: -81.9 r:  13.0   
US_Ohio_Franklin=Confirmed i:  84  84  22  4/16/2020 p:    1847    8448 e: -78.1 r:  14.3   
US_Ohio_Franklin=Confirmed i:  85  85  23          . p:    1847    8448 e: -78.1 r:  15.6   
US_Ohio_Franklin=Confirmed i:  86  86  24  4/18/2020 p:    2093    8448 e: -75.2 r:  16.6   
US_Ohio_Franklin=Confirmed i:  87  87  25          . p:    2093    8448 e: -75.2 r:  17.2   
US_Ohio_Franklin=Confirmed i:  88  88  26  4/20/2020 p:    2339    8448 e: -72.3 r:  17.9   
US_Ohio_Franklin=Confirmed i:  89  89  27          . p:    2339    8448 e: -72.3 r:  18.4   
US_Ohio_Franklin=Confirmed i:  90  90  28  4/22/2020 p:    2342    8448 e: -72.3 r:  18.9   
US_Ohio_Franklin=Confirmed i:  91  91  29          . p:    2339    8448 e: -72.3 r:  19.8   
US_Ohio_Franklin=Confirmed i:  92  92  30  4/24/2020 p:    2339    8448 e: -72.3 r:  20.9   
US_Ohio_Franklin=Confirmed i:  93  93  31          . p:    2586    8448 e: -69.4 r:  21.8   
US_Ohio_Franklin=Confirmed i:  94  94  32  4/26/2020 p:    2586    8448 e: -69.4 r:  23.0   
US_Ohio_Franklin=Confirmed i:  95  95  33          . p:    2832    8448 e: -66.5 r:  23.7   
US_Ohio_Franklin=Confirmed i:  96  96  34  4/28/2020 p:    2832    8448 e: -66.5 r:  24.7   
US_Ohio_Franklin=Confirmed i:  97  97  35          . p:    3078    8448 e: -63.6 r:  26.2   
US_Ohio_Franklin=Confirmed i:  98  98  36  4/30/2020 p:    3325    8448 e: -60.6 r:  28.9   
US_Ohio_Franklin=Confirmed i:  99  99  37          . p:    3817    8448 e: -54.8 r:  30.6   
US_Ohio_Franklin=Confirmed i: 100 100  38   5/2/2020 p:    3817    8448 e: -54.8 r:  31.9   
US_Ohio_Franklin=Confirmed i: 101 101  39          . p:    4310    8448 e: -49.0 r:  34.4   
US_Ohio_Franklin=Confirmed i: 102 102  40   5/4/2020 p:    4556    8448 e: -46.1 r:  35.4   
US_Ohio_Franklin=Confirmed i: 103 103  41          . p:    4803    8448 e: -43.1 r:  36.7   
US_Ohio_Franklin=Confirmed i: 104 104  42   5/6/2020 p:    5049    8448 e: -40.2 r:  38.3   
US_Ohio_Franklin=Confirmed i: 105 105  43          . p:    5541    8448 e: -34.4 r:  40.0   
US_Ohio_Franklin=Confirmed i: 106 106  44   5/8/2020 p:    5541    8448 e: -34.4 r:  42.8   
US_Ohio_Franklin=Confirmed i: 107 107  45          . p:    5788    8448 e: -31.5 r:  43.9   
US_Ohio_Franklin=Confirmed i: 108 108  46  5/10/2020 p:    6034    8448 e: -28.6 r:  44.7   
US_Ohio_Franklin=Confirmed i: 109 109  47          . p:    6034    8448 e: -28.6 r:  45.9   
US_Ohio_Franklin=Confirmed i: 110 110  48  5/12/2020 p:    6034    8448 e: -28.6 r:  47.4   
US_Ohio_Franklin=Confirmed i: 111 111  49          . p:    6034    8448 e: -28.6 r:  48.7   
US_Ohio_Franklin=Confirmed i: 112 112  50  5/14/2020 p:    5295    8448 e: -37.3 r:  50.0   
US_Ohio_Franklin=Confirmed i: 113 113  51          . p:    6034    8448 e: -28.6 r:  51.3   
US_Ohio_Franklin=Confirmed i: 114 114  52  5/16/2020 p:    6034    8448 e: -28.6 r:  52.3   
US_Ohio_Franklin=Confirmed i: 115 115  53          . p:    5948    8448 e: -29.6 r:  53.2   
US_Ohio_Franklin=Confirmed i: 116 116  54  5/18/2020 p:    5926    8448 e: -29.9 r:  54.1   
US_Ohio_Franklin=Confirmed i: 117 117  55          . p:    6034    8448 e: -28.6 r:  55.7   
US_Ohio_Franklin=Confirmed i: 118 118  56  5/20/2020 p:    6280    8448 e: -25.7 r:  56.7   
US_Ohio_Franklin=Confirmed i: 119 119  57          . p:    6280    8448 e: -25.7 r:  57.8   
US_Ohio_Franklin=Confirmed i: 120 120  58  5/22/2020 p:    6527    8448 e: -22.7 r:  59.1   
US_Ohio_Franklin=Confirmed i: 121 121  59          . p:    6773    8448 e: -19.8 r:  60.3   
US_Ohio_Franklin=Confirmed i: 122 122  60  5/24/2020 p:    6773    8448 e: -19.8 r:  61.4   
US_Ohio_Franklin=Confirmed i: 123   0  61          . p:    7266    8448 e: -14.0 r:  62.9 OK 1st
US_Ohio_Franklin=Confirmed i: 124   1  62  5/26/2020 p:    7266    8448 e: -14.0 r:  64.1 OK
US_Ohio_Franklin=Confirmed i: 125   2  63          . p:    7266    8448 e: -14.0 r:  64.9 OK
US_Ohio_Franklin=Confirmed i: 126   3  64  5/28/2020 p:    7584    8448 e: -10.2 r:  65.9 OK
US_Ohio_Franklin=Confirmed i: 127   4  65          . p:    7674    8448 e:  -9.2 r:  67.2 OK
US_Ohio_Franklin=Confirmed i: 128   5  66  5/30/2020 p:    7512    8448 e: -11.1 r:  68.3 OK
US_Ohio_Franklin=Confirmed i: 129   6  67          . p:    7758    8448 e:  -8.2 r:  69.4 OK
US_Ohio_Franklin=Confirmed i: 130   7  68   6/1/2020 p:    7744    8448 e:  -8.3 r:  70.2 OK
US_Ohio_Franklin=Confirmed i: 131   8  69          . p:    7730    8448 e:  -8.5 r:  71.0 OK
US_Ohio_Franklin=Confirmed i: 132   9  70   6/3/2020 p:    7939    8448 e:  -6.0 r:  72.3 OK
US_Ohio_Franklin=Confirmed i: 133  10  71          . p:    8005    8448 e:  -5.2 r:  73.6 OK
US_Ohio_Franklin=Confirmed i: 134  11  72   6/5/2020 p:    8251    8448 e:  -2.3 r:  74.8 OK
US_Ohio_Franklin=Confirmed i: 135  12  73          . p:    8251    8448 e:  -2.3 r:  75.8 OK
US_Ohio_Franklin=Confirmed i: 136  13  74   6/7/2020 p:    8497    8448 e:   0.6 r:  77.1 OK
US_Ohio_Franklin=Confirmed i: 137  14  75          . p:    8497    8448 e:   0.6 r:  78.0 OK
US_Ohio_Franklin=Confirmed i: 138  15  76   6/9/2020 p:    8744    8448 e:   3.5 r:  78.9 OK
