
  # Process COVID TAB data
p1= 202564 il= 138
p1= 198553 il= 137
p1= 154430 il= 136
p1= 190531 il= 135
p1= 190531 il= 134
Saudi_Arabia=Confirmed nl = 139, n1= 5 s1= 187321.8 s2= 35381643345.4 SD= 17093.466300315 frac%= 9.12518793878501
Saudi_Arabia=Confirmed i:  49  49  -1          . p:    2005  187321 e: -98.9 r:   0.0   
Saudi_Arabia=Confirmed i:  50   0   0  3/13/2020 p:  210587  187321 e:  12.4 r:   0.0 OK 1st
Saudi_Arabia=Confirmed i:  51   1   1          . p:  282788  187321 e:  51.0 r:   0.1   
Saudi_Arabia=Confirmed i:  52   2   2  3/15/2020 p:    2005  187321 e: -98.9 r:   0.1   
Saudi_Arabia=Confirmed i:  53   3   3          . p:    2005  187321 e: -98.9 r:   0.1   
Saudi_Arabia=Confirmed i:  54   4   4  3/17/2020 p:    2005  187321 e: -98.9 r:   0.1   
Saudi_Arabia=Confirmed i:  55   5   5          . p:    2005  187321 e: -98.9 r:   0.1   
Saudi_Arabia=Confirmed i:  56   6   6  3/19/2020 p:    2005  187321 e: -98.9 r:   0.1   
Saudi_Arabia=Confirmed i:  57   7   7          . p:    2005  187321 e: -98.9 r:   0.2   
Saudi_Arabia=Confirmed i:  58   8   8  3/21/2020 p:    2005  187321 e: -98.9 r:   0.2   
Saudi_Arabia=Confirmed i:  59   9   9          . p:    6016  187321 e: -96.8 r:   0.3   
Saudi_Arabia=Confirmed i:  60  10  10  3/23/2020 p:    2005  187321 e: -98.9 r:   0.3   
Saudi_Arabia=Confirmed i:  61  11  11          . p:    6016  187321 e: -96.8 r:   0.4   
Saudi_Arabia=Confirmed i:  62  12  12  3/25/2020 p:   10027  187321 e: -94.6 r:   0.5   
Saudi_Arabia=Confirmed i:  63  13  13          . p:   10027  187321 e: -94.6 r:   0.5   
Saudi_Arabia=Confirmed i:  64  14  14  3/27/2020 p:   10027  187321 e: -94.6 r:   0.6   
Saudi_Arabia=Confirmed i:  65  15  15          . p:    2021  187321 e: -98.9 r:   0.6   
Saudi_Arabia=Confirmed i:  66  16  16  3/29/2020 p:    1959  187321 e: -99.0 r:   0.7   
Saudi_Arabia=Confirmed i:  67  17  17          . p:    2102  187321 e: -98.9 r:   0.8   
Saudi_Arabia=Confirmed i:  68  18  18  3/31/2020 p:    6016  187321 e: -96.8 r:   0.8   
Saudi_Arabia=Confirmed i:  69  19  19          . p:    6016  187321 e: -96.8 r:   0.9   
Saudi_Arabia=Confirmed i:  70  20  20   4/2/2020 p:    6016  187321 e: -96.8 r:   1.0   
Saudi_Arabia=Confirmed i:  71  21  21          . p:    6016  187321 e: -96.8 r:   1.1   
Saudi_Arabia=Confirmed i:  72  22  22   4/4/2020 p:    6016  187321 e: -96.8 r:   1.2   
Saudi_Arabia=Confirmed i:  73  23  23          . p:    6016  187321 e: -96.8 r:   1.3   
Saudi_Arabia=Confirmed i:  74  24  24   4/6/2020 p:    6016  187321 e: -96.8 r:   1.4   
Saudi_Arabia=Confirmed i:  75  25  25          . p:    6016  187321 e: -96.8 r:   1.5   
Saudi_Arabia=Confirmed i:  76  26  26   4/8/2020 p:    6631  187321 e: -96.5 r:   1.6   
Saudi_Arabia=Confirmed i:  77  27  27          . p:    6016  187321 e: -96.8 r:   1.8   
Saudi_Arabia=Confirmed i:  78  28  28  4/10/2020 p:   10027  187321 e: -94.6 r:   1.9   
Saudi_Arabia=Confirmed i:  79  29  29          . p:   10027  187321 e: -94.6 r:   2.2   
Saudi_Arabia=Confirmed i:  80  30  30  4/12/2020 p:   10027  187321 e: -94.6 r:   2.4   
Saudi_Arabia=Confirmed i:  81  31  31          . p:   14039  187321 e: -92.5 r:   2.6   
Saudi_Arabia=Confirmed i:  82  32  32  4/14/2020 p:   14039  187321 e: -92.5 r:   2.9   
Saudi_Arabia=Confirmed i:  83  33  33          . p:   14039  187321 e: -92.5 r:   3.1   
Saudi_Arabia=Confirmed i:  84  34  34  4/16/2020 p:   18050  187321 e: -90.4 r:   3.4   
Saudi_Arabia=Confirmed i:  85  35  35          . p:   22061  187321 e: -88.2 r:   3.8   
Saudi_Arabia=Confirmed i:  86  36  36  4/18/2020 p:   22061  187321 e: -88.2 r:   4.4   
Saudi_Arabia=Confirmed i:  87  37  37          . p:   30083  187321 e: -83.9 r:   5.0   
Saudi_Arabia=Confirmed i:  88  38  38  4/20/2020 p:   42117  187321 e: -77.5 r:   5.6   
Saudi_Arabia=Confirmed i:  89  39  39          . p:   42117  187321 e: -77.5 r:   6.2   
Saudi_Arabia=Confirmed i:  90  40  40  4/22/2020 p:   50139  187321 e: -73.2 r:   6.8   
Saudi_Arabia=Confirmed i:  91  41  41          . p:   58162  187321 e: -69.0 r:   7.4   
Saudi_Arabia=Confirmed i:  92  42  42  4/24/2020 p:   38106  187321 e: -79.7 r:   8.1   
Saudi_Arabia=Confirmed i:  93  43  43          . p:   38106  187321 e: -79.7 r:   8.7   
Saudi_Arabia=Confirmed i:  94  44  44  4/26/2020 p:   42117  187321 e: -77.5 r:   9.4   
Saudi_Arabia=Confirmed i:  95  45  45          . p:   42117  187321 e: -77.5 r:  10.0   
Saudi_Arabia=Confirmed i:  96  46  46  4/28/2020 p:   46128  187321 e: -75.4 r:  10.7   
Saudi_Arabia=Confirmed i:  97  47  47          . p:   50139  187321 e: -73.2 r:  11.4   
Saudi_Arabia=Confirmed i:  98  48  48  4/30/2020 p:   50139  187321 e: -73.2 r:  12.1   
Saudi_Arabia=Confirmed i:  99  49  49          . p:   82229  187321 e: -56.1 r:  12.9   
Saudi_Arabia=Confirmed i: 100  50  50   5/2/2020 p:   82229  187321 e: -56.1 r:  13.6   
Saudi_Arabia=Confirmed i: 101  51  51          . p:   62173  187321 e: -66.8 r:  14.4   
Saudi_Arabia=Confirmed i: 102  52  52   5/4/2020 p:   66184  187321 e: -64.7 r:  15.3   
Saudi_Arabia=Confirmed i: 103  53  53          . p:   70195  187321 e: -62.5 r:  16.1   
Saudi_Arabia=Confirmed i: 104  54  54   5/6/2020 p:  182508  187321 e:  -2.6 r:  17.0 OK
Saudi_Arabia=Confirmed i: 105  55  55          . p:   82229  187321 e: -56.1 r:  18.0   
Saudi_Arabia=Confirmed i: 106  56  56   5/8/2020 p:   86240  187321 e: -54.0 r:  18.9   
Saudi_Arabia=Confirmed i: 107  57  57          . p:   94262  187321 e: -49.7 r:  19.8   
Saudi_Arabia=Confirmed i: 108  58  58  5/10/2020 p:   98274  187321 e: -47.5 r:  20.8   
Saudi_Arabia=Confirmed i: 109  59  59          . p:  106296  187321 e: -43.3 r:  21.9   
Saudi_Arabia=Confirmed i: 110  60  60  5/12/2020 p:  110307  187321 e: -41.1 r:  22.9   
Saudi_Arabia=Confirmed i: 111  61  61          . p:  118329  187321 e: -36.8 r:  23.9   
Saudi_Arabia=Confirmed i: 112  62  62  5/14/2020 p:  122341  187321 e: -34.7 r:  25.0   
Saudi_Arabia=Confirmed i: 113  63  63          . p:  130363  187321 e: -30.4 r:  26.3   
Saudi_Arabia=Confirmed i: 114  64  64  5/16/2020 p:  142397  187321 e: -24.0 r:  27.8   
Saudi_Arabia=Confirmed i: 115  65  65          . p:  154430  187321 e: -17.6 r:  29.2   
Saudi_Arabia=Confirmed i: 116  66  66  5/18/2020 p:  170475  187321 e:  -9.0 r:  30.6 OK
Saudi_Arabia=Confirmed i: 117  67  67          . p:  182508  187321 e:  -2.6 r:  32.0 OK
Saudi_Arabia=Confirmed i: 118  68  68  5/20/2020 p:  190531  187321 e:   1.7 r:  33.4 OK
Saudi_Arabia=Confirmed i: 119  69  69          . p:  202564  187321 e:   8.1 r:  34.7 OK
Saudi_Arabia=Confirmed i: 120  70  70  5/22/2020 p:  214598  187321 e:  14.6 r:  36.2 OK
Saudi_Arabia=Confirmed i: 121  71  71          . p:  222620  187321 e:  18.8 r:  37.5   
Saudi_Arabia=Confirmed i: 122  72  72  5/24/2020 p:  226631  187321 e:  21.0 r:  38.7   
Saudi_Arabia=Confirmed i: 123  73  73          . p:  232319  187321 e:  24.0 r:  39.9   
Saudi_Arabia=Confirmed i: 124  74  74  5/26/2020 p:  233267  187321 e:  24.5 r:  41.0   
Saudi_Arabia=Confirmed i: 125  75  75          . p:  240348  187321 e:  28.3 r:  41.9   
Saudi_Arabia=Confirmed i: 126  76  76  5/28/2020 p:  226631  187321 e:  21.0 r:  42.8   
Saudi_Arabia=Confirmed i: 127  77  77          . p:  222972  187321 e:  19.0 r:  43.7   
Saudi_Arabia=Confirmed i: 128  78  78  5/30/2020 p:  216791  187321 e:  15.7 r:  44.5   
Saudi_Arabia=Confirmed i: 129  79  79          . p:  103653  187321 e: -44.7 r:  45.5   
Saudi_Arabia=Confirmed i: 130  80  80   6/1/2020 p:  110307  187321 e: -41.1 r:  46.5   
Saudi_Arabia=Confirmed i: 131  81  81          . p:  198553  187321 e:   6.0 r:  47.5 OK
Saudi_Arabia=Confirmed i: 132  82  82   6/3/2020 p:  118329  187321 e: -36.8 r:  48.7   
Saudi_Arabia=Confirmed i: 133  83  83          . p:  122341  187321 e: -34.7 r:  49.7   
Saudi_Arabia=Confirmed i: 134  84  84   6/5/2020 p:  190531  187321 e:   1.7 r:  51.1 OK
Saudi_Arabia=Confirmed i: 135  85  85          . p:  190531  187321 e:   1.7 r:  52.8 OK
Saudi_Arabia=Confirmed i: 136  86  86   6/7/2020 p:  154430  187321 e: -17.6 r:  54.4   
Saudi_Arabia=Confirmed i: 137  87  87          . p:  198553  187321 e:   6.0 r:  56.2 OK
Saudi_Arabia=Confirmed i: 138  88  88   6/9/2020 p:  202564  187321 e:   8.1 r:  58.0 OK
