
  # Process COVID TAB data
p1= 61 il= 138
p1= 61 il= 137
p1= 61 il= 136
p1= 55 il= 135
p1= 55 il= 130
Kazakhstan=Deaths nl = 139, n1= 5 s1= 58.6 s2= 3442.6 SD= 2.93938769133979 frac%= 5.01601995109179
Kazakhstan=Deaths i:  70  70 -21   4/2/2020 p:      16      58 e: -72.7 r:   5.1   
Kazakhstan=Deaths i:  72  72 -19   4/4/2020 p:       5      58 e: -91.5 r:   8.5   
Kazakhstan=Deaths i:  74  74 -17   4/6/2020 p:      34      58 e: -42.0 r:  10.2   
Kazakhstan=Deaths i:  75  75 -16          . p:       5      58 e: -91.5 r:  10.2   
Kazakhstan=Deaths i:  76  76 -15   4/8/2020 p:       7      58 e: -88.1 r:  11.9   
Kazakhstan=Deaths i:  77  77 -14          . p:      10      58 e: -82.9 r:  13.7   
Kazakhstan=Deaths i:  78  78 -13  4/10/2020 p:      14      58 e: -76.1 r:  17.1   
Kazakhstan=Deaths i:  79  79 -12          . p:      14      58 e: -76.1 r:  17.1   
Kazakhstan=Deaths i:  80  80 -11  4/12/2020 p:      14      58 e: -76.1 r:  17.1   
Kazakhstan=Deaths i:  81  81 -10          . p:      23      58 e: -60.8 r:  20.5   
Kazakhstan=Deaths i:  82  82  -9  4/14/2020 p:      23      58 e: -60.8 r:  23.9   
Kazakhstan=Deaths i:  83  83  -8          . p:      32      58 e: -45.4 r:  27.3   
Kazakhstan=Deaths i:  84  84  -7  4/16/2020 p:      37      58 e: -36.9 r:  29.0   
Kazakhstan=Deaths i:  85  85  -6          . p:      37      58 e: -36.9 r:  29.0   
Kazakhstan=Deaths i:  86  86  -5  4/18/2020 p:      34      58 e: -42.0 r:  29.0   
Kazakhstan=Deaths i:  87  87  -4          . p:      30      58 e: -48.8 r:  29.0   
Kazakhstan=Deaths i:  88  88  -3  4/20/2020 p:      20      58 e: -65.9 r:  32.4   
Kazakhstan=Deaths i:  89  89  -2          . p:      21      58 e: -64.2 r:  32.4   
Kazakhstan=Deaths i:  90  90  -1  4/22/2020 p:      28      58 e: -52.2 r:  32.4   
Kazakhstan=Deaths i:  91  91   0          . p:      21      58 e: -64.2 r:  34.1   
Kazakhstan=Deaths i:  93  93   2          . p:      41      58 e: -30.0 r:  42.7   
Kazakhstan=Deaths i:  94  94   3  4/26/2020 p:      41      58 e: -30.0 r:  42.7   
Kazakhstan=Deaths i:  95  95   4          . p:      39      58 e: -33.4 r:  42.7   
Kazakhstan=Deaths i:  96  96   5  4/28/2020 p:      39      58 e: -33.4 r:  42.7   
Kazakhstan=Deaths i:  97  97   6          . p:      37      58 e: -36.9 r:  42.7   
Kazakhstan=Deaths i:  98  98   7  4/30/2020 p:      37      58 e: -36.9 r:  42.7   
Kazakhstan=Deaths i:  99  99   8          . p:      37      58 e: -36.9 r:  42.7   
Kazakhstan=Deaths i: 100 100   9   5/2/2020 p:      34      58 e: -42.0 r:  42.7   
Kazakhstan=Deaths i: 101 101  10          . p:      28      58 e: -52.2 r:  46.1   
Kazakhstan=Deaths i: 102 102  11   5/4/2020 p:      36      58 e: -38.6 r:  49.5   
Kazakhstan=Deaths i: 103 103  12          . p:      34      58 e: -42.0 r:  49.5   
Kazakhstan=Deaths i: 104 104  13   5/6/2020 p:      37      58 e: -36.9 r:  51.2   
Kazakhstan=Deaths i: 105 105  14          . p:      37      58 e: -36.9 r:  51.2   
Kazakhstan=Deaths i: 106 106  15   5/8/2020 p:      37      58 e: -36.9 r:  52.9   
Kazakhstan=Deaths i: 107 107  16          . p:      37      58 e: -36.9 r:  52.9   
Kazakhstan=Deaths i: 108 108  17  5/10/2020 p:      37      58 e: -36.9 r:  52.9   
Kazakhstan=Deaths i: 109 109  18          . p:      37      58 e: -36.9 r:  54.6   
Kazakhstan=Deaths i: 110 110  19  5/12/2020 p:      37      58 e: -36.9 r:  54.6   
Kazakhstan=Deaths i: 111 111  20          . p:      36      58 e: -38.6 r:  54.6   
Kazakhstan=Deaths i: 112 112  21  5/14/2020 p:      36      58 e: -38.6 r:  54.6   
Kazakhstan=Deaths i: 113 113  22          . p:      37      58 e: -36.9 r:  58.0   
Kazakhstan=Deaths i: 114 114  23  5/16/2020 p:      37      58 e: -36.9 r:  58.0   
Kazakhstan=Deaths i: 115 115  24          . p:      39      58 e: -33.4 r:  58.0   
Kazakhstan=Deaths i: 116 116  25  5/18/2020 p:      39      58 e: -33.4 r:  59.7   
Kazakhstan=Deaths i: 117 117  26          . p:      39      58 e: -33.4 r:  59.7   
Kazakhstan=Deaths i: 118 118  27  5/20/2020 p:      39      58 e: -33.4 r:  59.7   
Kazakhstan=Deaths i: 119 119  28          . p:      39      58 e: -33.4 r:  59.7   
Kazakhstan=Deaths i: 120 120  29  5/22/2020 p:      38      58 e: -35.2 r:  59.7   
Kazakhstan=Deaths i: 121 121  30          . p:      37      58 e: -36.9 r:  59.7   
Kazakhstan=Deaths i: 122 122  31  5/24/2020 p:      38      58 e: -35.2 r:  59.7   
Kazakhstan=Deaths i: 123 123  32          . p:      37      58 e: -36.9 r:  59.7   
Kazakhstan=Deaths i: 124 124  33  5/26/2020 p:      39      58 e: -33.4 r:  63.1   
Kazakhstan=Deaths i: 125 125  34          . p:      39      58 e: -33.4 r:  63.1   
Kazakhstan=Deaths i: 126 126  35  5/28/2020 p:      39      58 e: -33.4 r:  63.1   
Kazakhstan=Deaths i: 127 127  36          . p:      39      58 e: -33.4 r:  63.1   
Kazakhstan=Deaths i: 128 128  37  5/30/2020 p:      41      58 e: -30.0 r:  64.8   
Kazakhstan=Deaths i: 129 129  38          . p:      46      58 e: -21.5 r:  68.3   
Kazakhstan=Deaths i: 130   0  39   6/1/2020 p:      55      58 e:  -6.1 r:  70.0 OK 1st
Kazakhstan=Deaths i: 135   5  44          . p:      55      58 e:  -6.1 r:  90.4 OK
Kazakhstan=Deaths i: 136   6  45   6/7/2020 p:      61      58 e:   4.1 r:  95.6 OK
Kazakhstan=Deaths i: 137   7  46          . p:      61      58 e:   4.1 r:  95.6 OK
Kazakhstan=Deaths i: 138   8  47   6/9/2020 p:      61      58 e:   4.1 r: 104.1 OK
