
  # Process COVID TAB data
p1= 4021 il= 138
p1= 3885 il= 137
p1= 3885 il= 136
p1= 3885 il= 135
p1= 3748 il= 134
Ecuador=Deaths nl = 139, n1= 5 s1= 3884.8 s2= 15099124 SD= 86.3305276249313 frac%= 2.22226440550173
Ecuador=Deaths i:  61   0   1          . p:    3476    3884 e: -10.5 r:   0.7 OK 1st
Ecuador=Deaths i:  62   1   2  3/25/2020 p:      68    3884 e: -98.2 r:   0.7   
Ecuador=Deaths i:  63   2   3          . p:      68    3884 e: -98.2 r:   0.9   
Ecuador=Deaths i:  64   3   4  3/27/2020 p:      68    3884 e: -98.2 r:   0.9   
Ecuador=Deaths i:  65   4   5          . p:      68    3884 e: -98.2 r:   1.2   
Ecuador=Deaths i:  66   5   6  3/29/2020 p:      68    3884 e: -98.2 r:   1.5   
Ecuador=Deaths i:  67   6   7          . p:      68    3884 e: -98.2 r:   1.5   
Ecuador=Deaths i:  68   7   8  3/31/2020 p:     204    3884 e: -94.7 r:   1.9   
Ecuador=Deaths i:  69   8   9          . p:     204    3884 e: -94.7 r:   2.4   
Ecuador=Deaths i:  70   9  10   4/2/2020 p:     477    3884 e: -87.7 r:   3.1   
Ecuador=Deaths i:  71  10  11          . p:     749    3884 e: -80.7 r:   3.7   
Ecuador=Deaths i:  72  11  12   4/4/2020 p:    1022    3884 e: -73.7 r:   4.4   
Ecuador=Deaths i:  73  12  13          . p:    1158    3884 e: -70.2 r:   4.6   
Ecuador=Deaths i:  74  13  14   4/6/2020 p:     204    3884 e: -94.7 r:   4.9   
Ecuador=Deaths i:  75  14  15          . p:     204    3884 e: -94.7 r:   4.9   
Ecuador=Deaths i:  76  15  16   4/8/2020 p:     886    3884 e: -77.2 r:   6.2   
Ecuador=Deaths i:  77  16  17          . p:     912    3884 e: -76.5 r:   7.0   
Ecuador=Deaths i:  78  17  18  4/10/2020 p:    1022    3884 e: -73.7 r:   7.6   
Ecuador=Deaths i:  79  18  19          . p:    1022    3884 e: -73.7 r:   8.1   
Ecuador=Deaths i:  80  19  20  4/12/2020 p:    1022    3884 e: -73.7 r:   8.6   
Ecuador=Deaths i:  81  20  21          . p:     408    3884 e: -89.5 r:   9.1   
Ecuador=Deaths i:  82  21  22  4/14/2020 p:     973    3884 e: -75.0 r:   9.5   
Ecuador=Deaths i:  83  22  23          . p:     619    3884 e: -84.1 r:  10.0   
Ecuador=Deaths i:  84  23  24  4/16/2020 p:     587    3884 e: -84.9 r:  10.4   
Ecuador=Deaths i:  85  24  25          . p:     597    3884 e: -84.6 r:  10.8   
Ecuador=Deaths i:  86  25  26  4/18/2020 p:     749    3884 e: -80.7 r:  11.7   
Ecuador=Deaths i:  87  26  27          . p:     749    3884 e: -80.7 r:  12.2   
Ecuador=Deaths i:  88  27  28  4/20/2020 p:     886    3884 e: -77.2 r:  13.1   
Ecuador=Deaths i:  89  28  29          . p:     886    3884 e: -77.2 r:  13.4   
Ecuador=Deaths i:  90  29  30  4/22/2020 p:     886    3884 e: -77.2 r:  13.8   
Ecuador=Deaths i:  91  30  31          . p:     876    3884 e: -77.5 r:  14.4   
Ecuador=Deaths i:  92  31  32  4/24/2020 p:     877    3884 e: -77.4 r:  14.8   
Ecuador=Deaths i:  93  32  33          . p:     846    3884 e: -78.2 r:  14.8   
Ecuador=Deaths i:  94  33  34  4/26/2020 p:     840    3884 e: -78.4 r:  14.8   
Ecuador=Deaths i:  95  34  35          . p:     922    3884 e: -76.3 r:  17.1   
Ecuador=Deaths i:  98  37  38  4/30/2020 p:     886    3884 e: -77.2 r:  23.2   
Ecuador=Deaths i:  99  38  39          . p:    2522    3884 e: -35.1 r:  27.4   
Ecuador=Deaths i: 102  41  42   5/4/2020 p:    7975    3884 e: 105.3 r:  40.4   
Ecuador=Deaths i: 103  42  43          . p:    1567    3884 e: -59.7 r:  40.4   
Ecuador=Deaths i: 104  43  44   5/6/2020 p:    1704    3884 e: -56.1 r:  41.6   
Ecuador=Deaths i: 105  44  45          . p:    1704    3884 e: -56.1 r:  42.6   
Ecuador=Deaths i: 106  45  46   5/8/2020 p:    1840    3884 e: -52.6 r:  43.9   
Ecuador=Deaths i: 107  46  47          . p:    1840    3884 e: -52.6 r:  44.2   
Ecuador=Deaths i: 108  47  48  5/10/2020 p:    5248    3884 e:  35.1 r:  54.8   
Ecuador=Deaths i: 109  48  49          . p:    4021    3884 e:   3.5 r:  55.2 OK
Ecuador=Deaths i: 110  49  50  5/12/2020 p:    4342    3884 e:  11.8 r:  59.9 OK
Ecuador=Deaths i: 111  50  51          . p:    2468    3884 e: -36.5 r:  60.1   
Ecuador=Deaths i: 112  51  52  5/14/2020 p:    2347    3884 e: -39.6 r:  60.2   
Ecuador=Deaths i: 113  52  53          . p:    4021    3884 e:   3.5 r:  66.8 OK
Ecuador=Deaths i: 114  53  54  5/16/2020 p:    4294    3884 e:  10.5 r:  69.2 OK
Ecuador=Deaths i: 115  54  55          . p:    4294    3884 e:  10.5 r:  70.4 OK
Ecuador=Deaths i: 116  55  56  5/18/2020 p:    4157    3884 e:   7.0 r:  72.1 OK
Ecuador=Deaths i: 117  56  57          . p:    4066    3884 e:   4.7 r:  73.1 OK
Ecuador=Deaths i: 118  57  58  5/20/2020 p:    3107    3884 e: -20.0 r:  74.3   
Ecuador=Deaths i: 119  58  59          . p:    3920    3884 e:   0.9 r:  75.7 OK
Ecuador=Deaths i: 120  59  60  5/22/2020 p:    4021    3884 e:   3.5 r:  78.7 OK
Ecuador=Deaths i: 121  60  61          . p:    3885    3884 e:   0.0 r:  79.7 OK
Ecuador=Deaths i: 122  61  62  5/24/2020 p:    3476    3884 e: -10.5 r:  80.0 OK
Ecuador=Deaths i: 123  62  63          . p:    3885    3884 e:   0.0 r:  82.4 OK
Ecuador=Deaths i: 124  63  64  5/26/2020 p:    3885    3884 e:   0.0 r:  83.4 OK
Ecuador=Deaths i: 125  64  65          . p:    3885    3884 e:   0.0 r:  84.3 OK
Ecuador=Deaths i: 126  65  66  5/28/2020 p:    3833    3884 e:  -1.3 r:  85.3 OK
Ecuador=Deaths i: 127  66  67          . p:    3849    3884 e:  -0.9 r:  85.8 OK
Ecuador=Deaths i: 128  67  68  5/30/2020 p:    3812    3884 e:  -1.9 r:  85.8 OK
Ecuador=Deaths i: 129  68  69          . p:    3610    3884 e:  -7.1 r:  86.4 OK
Ecuador=Deaths i: 130  69  70   6/1/2020 p:    3547    3884 e:  -8.7 r:  86.4 OK
Ecuador=Deaths i: 131  70  71          . p:    3721    3884 e:  -4.2 r:  88.5 OK
Ecuador=Deaths i: 132  71  72   6/3/2020 p:    3748    3884 e:  -3.5 r:  89.7 OK
Ecuador=Deaths i: 133  72  73          . p:    3748    3884 e:  -3.5 r:  89.7 OK
Ecuador=Deaths i: 134  73  74   6/5/2020 p:    3748    3884 e:  -3.5 r:  91.0 OK
Ecuador=Deaths i: 135  74  75          . p:    3885    3884 e:   0.0 r:  92.9 OK
Ecuador=Deaths i: 136  75  76   6/7/2020 p:    3885    3884 e:   0.0 r:  93.2 OK
Ecuador=Deaths i: 137  76  77          . p:    3885    3884 e:   0.0 r:  93.8 OK
Ecuador=Deaths i: 138  77  78   6/9/2020 p:    4021    3884 e:   3.5 r:  95.0 OK
