
  # Process COVID TAB data
p1= 111 il= 138
p1= 105 il= 137
p1= 102 il= 136
p1= 102 il= 135
p1= 98 il= 134
US_Utah_Salt_Lake=Deaths nl = 139, n1= 5 s1= 103.6 s2= 10751.6 SD= 4.31740662898472 frac%= 4.16738091600842
US_Utah_Salt_Lake=Deaths i:  75  75 -16          . p:      20     103 e: -80.7 r:   6.8   
US_Utah_Salt_Lake=Deaths i:  76  76 -15   4/8/2020 p:      11     103 e: -89.4 r:   6.8   
US_Utah_Salt_Lake=Deaths i:  77  77 -14          . p:      10     103 e: -90.3 r:   6.8   
US_Utah_Salt_Lake=Deaths i:  78  78 -13  4/10/2020 p:       9     103 e: -91.3 r:   6.8   
US_Utah_Salt_Lake=Deaths i:  79  79 -12          . p:       9     103 e: -91.3 r:   6.8   
US_Utah_Salt_Lake=Deaths i:  80  80 -11  4/12/2020 p:       9     103 e: -91.3 r:   6.8   
US_Utah_Salt_Lake=Deaths i:  81  81 -10          . p:       9     103 e: -91.3 r:   6.8   
US_Utah_Salt_Lake=Deaths i:  82  82  -9  4/14/2020 p:       7     103 e: -93.2 r:   6.8   
US_Utah_Salt_Lake=Deaths i:  83  83  -8          . p:       7     103 e: -93.2 r:   6.8   
US_Utah_Salt_Lake=Deaths i:  84  84  -7  4/16/2020 p:       6     103 e: -94.2 r:   6.8   
US_Utah_Salt_Lake=Deaths i:  85  85  -6          . p:      45     103 e: -56.6 r:  11.6   
US_Utah_Salt_Lake=Deaths i:  86  86  -5  4/18/2020 p:      67     103 e: -35.3 r:  12.5   
US_Utah_Salt_Lake=Deaths i:  87  87  -4          . p:      20     103 e: -80.7 r:  14.5   
US_Utah_Salt_Lake=Deaths i:  88  88  -3  4/20/2020 p:      17     103 e: -83.6 r:  14.5   
US_Utah_Salt_Lake=Deaths i:  89  89  -2          . p:      23     103 e: -77.8 r:  17.4   
US_Utah_Salt_Lake=Deaths i:  90  90  -1  4/22/2020 p:      20     103 e: -80.7 r:  17.4   
US_Utah_Salt_Lake=Deaths i:  91  91   0          . p:      23     103 e: -77.8 r:  19.3   
US_Utah_Salt_Lake=Deaths i:  92  92   1  4/24/2020 p:      36     103 e: -65.3 r:  22.2   
US_Utah_Salt_Lake=Deaths i:  93  93   2          . p:      32     103 e: -69.1 r:  23.2   
US_Utah_Salt_Lake=Deaths i:  94  94   3  4/26/2020 p:      29     103 e: -72.0 r:  23.2   
US_Utah_Salt_Lake=Deaths i:  95  95   4          . p:      29     103 e: -72.0 r:  23.2   
US_Utah_Salt_Lake=Deaths i:  96  96   5  4/28/2020 p:      29     103 e: -72.0 r:  23.2   
US_Utah_Salt_Lake=Deaths i:  97  97   6          . p:      48     103 e: -53.7 r:  27.0   
US_Utah_Salt_Lake=Deaths i:  98  98   7  4/30/2020 p:      36     103 e: -65.3 r:  28.0   
US_Utah_Salt_Lake=Deaths i:  99  99   8          . p:      45     103 e: -56.6 r:  28.0   
US_Utah_Salt_Lake=Deaths i: 100 100   9   5/2/2020 p:      42     103 e: -59.5 r:  29.0   
US_Utah_Salt_Lake=Deaths i: 101 101  10          . p:      38     103 e: -63.3 r:  29.9   
US_Utah_Salt_Lake=Deaths i: 102 102  11   5/4/2020 p:      35     103 e: -66.2 r:  29.9   
US_Utah_Salt_Lake=Deaths i: 103 103  12          . p:      45     103 e: -56.6 r:  33.8   
US_Utah_Salt_Lake=Deaths i: 104 104  13   5/6/2020 p:      67     103 e: -35.3 r:  35.7   
US_Utah_Salt_Lake=Deaths i: 105   0  14          . p:     114     103 e:  10.0 r:  37.6 OK 1st
US_Utah_Salt_Lake=Deaths i: 106   1  15   5/8/2020 p:      61     103 e: -41.1 r:  37.6   
US_Utah_Salt_Lake=Deaths i: 107   2  16          . p:      67     103 e: -35.3 r:  41.5   
US_Utah_Salt_Lake=Deaths i: 108   3  17  5/10/2020 p:     127     103 e:  22.6 r:  42.5   
US_Utah_Salt_Lake=Deaths i: 109   4  18          . p:      73     103 e: -29.5 r:  43.4   
US_Utah_Salt_Lake=Deaths i: 110   5  19  5/12/2020 p:      89     103 e: -14.1 r:  47.3 OK
US_Utah_Salt_Lake=Deaths i: 111   6  20          . p:     155     103 e:  49.6 r:  49.2   
US_Utah_Salt_Lake=Deaths i: 112   7  21  5/14/2020 p:      98     103 e:  -5.4 r:  49.2 OK
US_Utah_Salt_Lake=Deaths i: 113   8  22          . p:      51     103 e: -50.8 r:  50.2   
US_Utah_Salt_Lake=Deaths i: 114   9  23  5/16/2020 p:      54     103 e: -47.9 r:  51.2   
US_Utah_Salt_Lake=Deaths i: 115  10  24          . p:      67     103 e: -35.3 r:  53.1   
US_Utah_Salt_Lake=Deaths i: 116  11  25  5/18/2020 p:      61     103 e: -41.1 r:  53.1   
US_Utah_Salt_Lake=Deaths i: 117  12  26          . p:      98     103 e:  -5.4 r:  58.9 OK
US_Utah_Salt_Lake=Deaths i: 118  13  27  5/20/2020 p:     105     103 e:   1.4 r:  59.8 OK
US_Utah_Salt_Lake=Deaths i: 119  14  28          . p:     111     103 e:   7.1 r:  61.8 OK
US_Utah_Salt_Lake=Deaths i: 120  15  29  5/22/2020 p:     111     103 e:   7.1 r:  61.8 OK
US_Utah_Salt_Lake=Deaths i: 121  16  30          . p:     152     103 e:  46.7 r:  64.7   
US_Utah_Salt_Lake=Deaths i: 122  17  31  5/24/2020 p:     111     103 e:   7.1 r:  64.7 OK
US_Utah_Salt_Lake=Deaths i: 123  18  32          . p:     111     103 e:   7.1 r:  64.7 OK
US_Utah_Salt_Lake=Deaths i: 124  19  33  5/26/2020 p:     143     103 e:  38.0 r:  66.6   
US_Utah_Salt_Lake=Deaths i: 125  20  34          . p:     115     103 e:  11.0 r:  67.6 OK
US_Utah_Salt_Lake=Deaths i: 126  21  35  5/28/2020 p:     137     103 e:  32.2 r:  67.6   
US_Utah_Salt_Lake=Deaths i: 127  22  36          . p:      72     103 e: -30.5 r:  68.5   
US_Utah_Salt_Lake=Deaths i: 128  23  37  5/30/2020 p:      92     103 e: -11.2 r:  71.4 OK
US_Utah_Salt_Lake=Deaths i: 129  24  38          . p:     124     103 e:  19.7 r:  71.4   
US_Utah_Salt_Lake=Deaths i: 130  25  39   6/1/2020 p:      89     103 e: -14.1 r:  71.4 OK
US_Utah_Salt_Lake=Deaths i: 131  26  40          . p:      86     103 e: -17.0 r:  71.4   
US_Utah_Salt_Lake=Deaths i: 132  27  41   6/3/2020 p:      92     103 e: -11.2 r:  75.3 OK
US_Utah_Salt_Lake=Deaths i: 133  28  42          . p:      92     103 e: -11.2 r:  75.3 OK
US_Utah_Salt_Lake=Deaths i: 134  29  43   6/5/2020 p:      98     103 e:  -5.4 r:  78.2 OK
US_Utah_Salt_Lake=Deaths i: 135  30  44          . p:     102     103 e:  -1.5 r:  78.2 OK
US_Utah_Salt_Lake=Deaths i: 136  31  45   6/7/2020 p:     102     103 e:  -1.5 r:  78.2 OK
US_Utah_Salt_Lake=Deaths i: 137  32  46          . p:     105     103 e:   1.4 r:  80.1 OK
US_Utah_Salt_Lake=Deaths i: 138  33  47   6/9/2020 p:     111     103 e:   7.1 r:  82.0 OK
