
  # Process COVID TAB data
p1= 27024 il= 136
p1= 27569 il= 135
p1= 27569 il= 134
p1= 27569 il= 133
p1= 27457 il= 132
Spain=Deaths nl = 139, n1= 5 s1= 27437.6 s2= 752866541.6 SD= 211.300354945638 frac%= 0.770112382080204
Spain=Deaths i:  47  47   2          . p:     662   27437 e: -97.6 r:   0.1   
Spain=Deaths i:  48  48   3  3/11/2020 p:     489   27437 e: -98.2 r:   0.2   
Spain=Deaths i:  49  49   4          . p:     496   27437 e: -98.2 r:   0.2   
Spain=Deaths i:  53  53   8          . p:     501   27437 e: -98.2 r:   1.2   
Spain=Deaths i:  54  54   9  3/17/2020 p:    3508   27437 e: -87.2 r:   1.9   
Spain=Deaths i:  55  55  10          . p:    2506   27437 e: -90.9 r:   2.3   
Spain=Deaths i:  56  56  11  3/19/2020 p:    3508   27437 e: -87.2 r:   3.0   
Spain=Deaths i:  57  57  12          . p:   21105   27437 e: -23.1 r:   3.8   
Spain=Deaths i:  58  58  13  3/21/2020 p:       0   27437 e: -100.0 r:   5.0   
Spain=Deaths i:  59  59  14          . p:   15539   27437 e: -43.4 r:   6.5   
Spain=Deaths i:  60   0  15  3/23/2020 p:   30577   27437 e:  11.4 r:   8.4 OK 1st
Spain=Deaths i:  61   1  16          . p:   42608   27437 e:  55.3 r:  10.2   
Spain=Deaths i:  62   2  17  3/25/2020 p:   74689   27437 e: 172.2 r:  13.3   
Spain=Deaths i:  63   3  18          . p:       0   27437 e: -100.0 r:  15.9   
Spain=Deaths i:  64   4  19  3/27/2020 p:   26567   27437 e:  -3.2 r:  18.7 OK
Spain=Deaths i:  65   5  20          . p:       0   27437 e: -100.0 r:  21.8   
Spain=Deaths i:  66   6  21  3/29/2020 p:   14536   27437 e: -47.0 r:  24.8   
Spain=Deaths i:  67   7  22          . p:   17658   27437 e: -35.6 r:  28.1   
Spain=Deaths i:  68   8  23  3/31/2020 p:   18178   27437 e: -33.7 r:  30.8   
Spain=Deaths i:  69   9  24          . p:   20868   27437 e: -23.9 r:  34.2   
Spain=Deaths i:  70  10  25   4/2/2020 p:   21424   27437 e: -21.9 r:  37.7   
Spain=Deaths i:  71  11  26          . p:   22011   27437 e: -19.8 r:  40.8   
Spain=Deaths i:  72  12  27   4/4/2020 p:   22079   27437 e: -19.5 r:  43.5   
Spain=Deaths i:  73  13  28          . p:   21685   27437 e: -21.0 r:  46.1   
Spain=Deaths i:  74  14  29   4/6/2020 p:   21016   27437 e: -23.4 r:  48.6   
Spain=Deaths i:  75  15  30          . p:   21109   27437 e: -23.1 r:  51.2   
Spain=Deaths i:  76  16  31   4/8/2020 p:   21578   27437 e: -21.4 r:  53.9   
Spain=Deaths i:  77  17  32          . p:   22207   27437 e: -19.1 r:  56.3   
Spain=Deaths i:  78  18  33  4/10/2020 p:   22305   27437 e: -18.7 r:  58.6   
Spain=Deaths i:  79  19  34          . p:   22848   27437 e: -16.7 r:  60.5   
Spain=Deaths i:  80  20  35  4/12/2020 p:   22848   27437 e: -16.7 r:  62.7   
Spain=Deaths i:  81  21  36          . p:   22869   27437 e: -16.7 r:  64.7   
Spain=Deaths i:  82  22  37  4/14/2020 p:   22708   27437 e: -17.2 r:  65.8   
Spain=Deaths i:  83  23  38          . p:   24569   27437 e: -10.5 r:  68.2 OK
Spain=Deaths i:  84  24  39  4/16/2020 p:   23535   27437 e: -14.2 r:  70.4 OK
Spain=Deaths i:  85  25  40          . p:   24562   27437 e: -10.5 r:  72.9 OK
Spain=Deaths i:  86  26  41  4/18/2020 p:   24562   27437 e: -10.5 r:  73.0 OK
Spain=Deaths i:  87  27  42          . p:   24359   27437 e: -11.2 r:  74.5 OK
Spain=Deaths i:  88  28  43  4/20/2020 p:   24270   27437 e: -11.5 r:  76.0 OK
Spain=Deaths i:  89  29  44          . p:   24569   27437 e: -10.5 r:  77.6 OK
Spain=Deaths i:  90  30  45  4/22/2020 p:   24562   27437 e: -10.5 r:  79.2 OK
Spain=Deaths i:  91  31  46          . p:   25564   27437 e:  -6.8 r:  80.8 OK
Spain=Deaths i:  92  32  47  4/24/2020 p:   25564   27437 e:  -6.8 r:  82.1 OK
Spain=Deaths i:  93  33  48          . p:   25564   27437 e:  -6.8 r:  83.5 OK
Spain=Deaths i:  94  34  49  4/26/2020 p:   26318   27437 e:  -4.1 r:  84.5 OK
Spain=Deaths i:  95  35  50          . p:   26066   27437 e:  -5.0 r:  85.7 OK
Spain=Deaths i:  96  36  51  4/28/2020 p:   26393   27437 e:  -3.8 r:  86.8 OK
Spain=Deaths i:  97  37  52          . p:   26567   27437 e:  -3.2 r:  88.5 OK
Spain=Deaths i:  98  38  53  4/30/2020 p:   26567   27437 e:  -3.2 r:  89.5 OK
Spain=Deaths i:  99  39  54          . p:   27105   27437 e:  -1.2 r:  90.5 OK
Spain=Deaths i: 100  40  55   5/2/2020 p:   27338   27437 e:  -0.4 r:  91.5 OK
Spain=Deaths i: 101  41  56          . p:   27370   27437 e:  -0.2 r:  92.1 OK
Spain=Deaths i: 102  42  57   5/4/2020 p:   27389   27437 e:  -0.2 r:  92.7 OK
Spain=Deaths i: 103  43  58          . p:   27640   27437 e:   0.7 r:  93.4 OK
Spain=Deaths i: 104  44  59   5/6/2020 p:   27683   27437 e:   0.9 r:  94.2 OK
Spain=Deaths i: 105  45  60          . p:   27569   27437 e:   0.5 r:  95.0 OK
Spain=Deaths i: 106  46  61   5/8/2020 p:   29575   27437 e:   7.8 r:  95.9 OK
Spain=Deaths i: 107  47  62          . p:   29575   27437 e:   7.8 r:  96.5 OK
Spain=Deaths i: 108  48  63  5/10/2020 p:   29575   27437 e:   7.8 r:  97.0 OK
Spain=Deaths i: 109  49  64          . p:   28302   27437 e:   3.2 r:  97.5 OK
Spain=Deaths i: 110  50  65  5/12/2020 p:   28169   27437 e:   2.7 r:  98.1 OK
Spain=Deaths i: 111  51  66          . p:   29575   27437 e:   7.8 r:  98.8 OK
Spain=Deaths i: 112  52  67  5/14/2020 p:   29575   27437 e:   7.8 r:  99.6 OK
Spain=Deaths i: 113  53  68          . p:   29575   27437 e:   7.8 r: 100.1 OK
Spain=Deaths i: 114  54  69  5/16/2020 p:   29575   27437 e:   7.8 r: 100.5 OK
Spain=Deaths i: 115  55  70          . p:   28768   27437 e:   4.8 r: 100.7 OK
Spain=Deaths i: 116  56  71  5/18/2020 p:   29753   27437 e:   8.4 r: 101.0 OK
Spain=Deaths i: 117  57  72          . p:   29764   27437 e:   8.5 r: 101.2 OK
Spain=Deaths i: 118  58  73  5/20/2020 p:   29575   27437 e:   7.8 r: 101.6 OK
Spain=Deaths i: 119  59  74          . p:   29575   27437 e:   7.8 r: 101.8 OK
Spain=Deaths i: 120  60  75  5/22/2020 p:   30354   27437 e:  10.6 r: 104.3 OK
Spain=Deaths i: 121  61  76          . p:   30975   27437 e:  12.9 r: 104.5 OK
Spain=Deaths i: 122  62  77  5/24/2020 p:   30636   27437 e:  11.7 r: 104.8 OK
Spain=Deaths i: 123  63  78          . p:   28579   27437 e:   4.2 r:  97.8 OK
Spain=Deaths i: 124  64  79  5/26/2020 p:   28579   27437 e:   4.2 r:  98.8 OK
Spain=Deaths i: 125  65  80          . p:   28453   27437 e:   3.7 r:  98.8 OK
Spain=Deaths i: 126  66  81  5/28/2020 p:   28529   27437 e:   4.0 r:  98.8 OK
Spain=Deaths i: 127  67  82          . p:   27742   27437 e:   1.1 r:  98.8 OK
Spain=Deaths i: 128  68  83  5/30/2020 p:   27457   27437 e:   0.1 r:  98.9 OK
Spain=Deaths i: 129  69  84          . p:   27569   27437 e:   0.5 r:  98.9 OK
Spain=Deaths i: 130  70  85   6/1/2020 p:   27569   27437 e:   0.5 r:  98.9 OK
Spain=Deaths i: 131  71  86          . p:   27569   27437 e:   0.5 r:  98.9 OK
Spain=Deaths i: 132  72  87   6/3/2020 p:   27457   27437 e:   0.1 r:  98.9 OK
Spain=Deaths i: 133  73  88          . p:   27569   27437 e:   0.5 r:  98.9 OK
Spain=Deaths i: 134  74  89   6/5/2020 p:   27569   27437 e:   0.5 r:  98.9 OK
Spain=Deaths i: 135  75  90          . p:   27569   27437 e:   0.5 r:  98.9 OK
Spain=Deaths i: 136  76  91   6/7/2020 p:   27024   27437 e:  -1.5 r:  98.9 OK
