
  # Process COVID TAB data
p1= 113 il= 138
p1= 109 il= 137
p1= 109 il= 136
p1= 109 il= 135
p1= 105 il= 134
US_Washington_Yakima=Deaths nl = 139, n1= 5 s1= 109 s2= 11887.4 SD= 2.52982212813463 frac%= 2.32093773223361
US_Washington_Yakima=Deaths i:  72  72  -7   4/4/2020 p:       9     109 e: -91.7 r:   6.4   
US_Washington_Yakima=Deaths i:  73  73  -6          . p:      13     109 e: -88.1 r:   8.3   
US_Washington_Yakima=Deaths i:  74  74  -5   4/6/2020 p:      32     109 e: -70.6 r:  11.0   
US_Washington_Yakima=Deaths i:  75  75  -4          . p:      21     109 e: -80.7 r:  11.0   
US_Washington_Yakima=Deaths i:  76  76  -3   4/8/2020 p:      86     109 e: -21.1 r:  15.6   
US_Washington_Yakima=Deaths i:  77  77  -2          . p:      63     109 e: -42.2 r:  16.5   
US_Washington_Yakima=Deaths i:  78  78  -1  4/10/2020 p:      44     109 e: -59.6 r:  17.4   
US_Washington_Yakima=Deaths i:  79  79   0          . p:      21     109 e: -80.7 r:  18.3   
US_Washington_Yakima=Deaths i:  80  80   1  4/12/2020 p:      21     109 e: -80.7 r:  19.3   
US_Washington_Yakima=Deaths i:  81  81   2          . p:      22     109 e: -79.8 r:  19.3   
US_Washington_Yakima=Deaths i:  82  82   3  4/14/2020 p:      35     109 e: -67.9 r:  22.9   
US_Washington_Yakima=Deaths i:  83  83   4          . p:      52     109 e: -52.3 r:  26.6   
US_Washington_Yakima=Deaths i:  84  84   5  4/16/2020 p:      51     109 e: -53.2 r:  26.6   
US_Washington_Yakima=Deaths i:  85  85   6          . p:      48     109 e: -56.0 r:  26.6   
US_Washington_Yakima=Deaths i:  86  86   7  4/18/2020 p:      51     109 e: -53.2 r:  31.2   
US_Washington_Yakima=Deaths i:  87  87   8          . p:      59     109 e: -45.9 r:  33.0   
US_Washington_Yakima=Deaths i:  88  88   9  4/20/2020 p:      55     109 e: -49.5 r:  33.0   
US_Washington_Yakima=Deaths i:  89  89  10          . p:      59     109 e: -45.9 r:  34.9   
US_Washington_Yakima=Deaths i:  90  90  11  4/22/2020 p:      56     109 e: -48.6 r:  34.9   
US_Washington_Yakima=Deaths i:  91  91  12          . p:      59     109 e: -45.9 r:  37.6   
US_Washington_Yakima=Deaths i:  92  92  13  4/24/2020 p:      59     109 e: -45.9 r:  39.4   
US_Washington_Yakima=Deaths i:  93  93  14          . p:      59     109 e: -45.9 r:  40.4   
US_Washington_Yakima=Deaths i:  94  94  15  4/26/2020 p:      59     109 e: -45.9 r:  40.4   
US_Washington_Yakima=Deaths i:  95  95  16          . p:      57     109 e: -47.7 r:  41.3   
US_Washington_Yakima=Deaths i:  96  96  17  4/28/2020 p:      56     109 e: -48.6 r:  41.3   
US_Washington_Yakima=Deaths i:  97  97  18          . p:      56     109 e: -48.6 r:  43.1   
US_Washington_Yakima=Deaths i:  98  98  19  4/30/2020 p:      55     109 e: -49.5 r:  43.1   
US_Washington_Yakima=Deaths i:  99  99  20          . p:      55     109 e: -49.5 r:  43.1   
US_Washington_Yakima=Deaths i: 100 100  21   5/2/2020 p:      51     109 e: -53.2 r:  43.1   
US_Washington_Yakima=Deaths i: 101 101  22          . p:      51     109 e: -53.2 r:  43.1   
US_Washington_Yakima=Deaths i: 102 102  23   5/4/2020 p:      49     109 e: -55.0 r:  44.0   
US_Washington_Yakima=Deaths i: 104 104  25   5/6/2020 p:      59     109 e: -45.9 r:  47.7   
US_Washington_Yakima=Deaths i: 107 107  28          . p:      59     109 e: -45.9 r:  54.1   
US_Washington_Yakima=Deaths i: 108 108  29  5/10/2020 p:      59     109 e: -45.9 r:  54.1   
US_Washington_Yakima=Deaths i: 109 109  30          . p:      71     109 e: -34.9 r:  56.9   
US_Washington_Yakima=Deaths i: 110   0  31  5/12/2020 p:      97     109 e: -11.0 r:  59.6 OK 1st
US_Washington_Yakima=Deaths i: 111   1  32          . p:     147     109 e:  34.9 r:  62.4   
US_Washington_Yakima=Deaths i: 112   2  33  5/14/2020 p:       0     109 e: -100.0 r:  65.1   
US_Washington_Yakima=Deaths i: 113   3  34          . p:      82     109 e: -24.8 r:  66.1   
US_Washington_Yakima=Deaths i: 114   4  35  5/16/2020 p:      78     109 e: -28.4 r:  67.9   
US_Washington_Yakima=Deaths i: 115   5  36          . p:      78     109 e: -28.4 r:  68.8   
US_Washington_Yakima=Deaths i: 116   6  37  5/18/2020 p:      78     109 e: -28.4 r:  68.8   
US_Washington_Yakima=Deaths i: 117   7  38          . p:     186     109 e:  70.6 r:  74.3   
US_Washington_Yakima=Deaths i: 118   8  39  5/20/2020 p:     205     109 e:  88.1 r:  75.2   
US_Washington_Yakima=Deaths i: 119   9  40          . p:     167     109 e:  53.2 r:  76.1   
US_Washington_Yakima=Deaths i: 120  10  41  5/22/2020 p:      82     109 e: -24.8 r:  76.1   
US_Washington_Yakima=Deaths i: 121  11  42          . p:      82     109 e: -24.8 r:  76.1   
US_Washington_Yakima=Deaths i: 122  12  43  5/24/2020 p:     124     109 e:  13.8 r:  79.8 OK
US_Washington_Yakima=Deaths i: 123  13  44          . p:     147     109 e:  34.9 r:  83.5   
US_Washington_Yakima=Deaths i: 124  14  45  5/26/2020 p:     151     109 e:  38.5 r:  83.5   
US_Washington_Yakima=Deaths i: 125  15  46          . p:     136     109 e:  24.8 r:  83.5   
US_Washington_Yakima=Deaths i: 126  16  47  5/28/2020 p:     128     109 e:  17.4 r:  85.3   
US_Washington_Yakima=Deaths i: 127  17  48          . p:     128     109 e:  17.4 r:  86.2   
US_Washington_Yakima=Deaths i: 128  18  49  5/30/2020 p:     128     109 e:  17.4 r:  87.2   
US_Washington_Yakima=Deaths i: 129  19  50          . p:      97     109 e: -11.0 r:  87.2 OK
US_Washington_Yakima=Deaths i: 130  20  51   6/1/2020 p:      97     109 e: -11.0 r:  87.2 OK
US_Washington_Yakima=Deaths i: 131  21  52          . p:      95     109 e: -12.8 r:  88.1 OK
US_Washington_Yakima=Deaths i: 132  22  53   6/3/2020 p:     101     109 e:  -7.3 r:  89.0 OK
US_Washington_Yakima=Deaths i: 133  23  54          . p:      97     109 e: -11.0 r:  89.0 OK
US_Washington_Yakima=Deaths i: 134  24  55   6/5/2020 p:     105     109 e:  -3.7 r:  90.8 OK
US_Washington_Yakima=Deaths i: 135  25  56          . p:     109     109 e:   0.0 r:  91.7 OK
US_Washington_Yakima=Deaths i: 136  26  57   6/7/2020 p:     109     109 e:   0.0 r:  91.7 OK
US_Washington_Yakima=Deaths i: 137  27  58          . p:     109     109 e:   0.0 r:  92.7 OK
US_Washington_Yakima=Deaths i: 138  28  59   6/9/2020 p:     113     109 e:   3.7 r:  95.4 OK
