
  # Process COVID TAB data
p1= 318 il= 138
p1= 206 il= 137
p1= 198 il= 136
p1= 206 il= 135
p1= 303 il= 134
US_Georgia_Cobb=Deaths nl = 139, n1= 5 s1= 246.2 s2= 63401.8 SD= 52.7954543497829 frac%= 21.4441325547453
US_Georgia_Cobb=Deaths i:  62  62 -10  3/25/2020 p:     546     246 e: 121.8 r:   0.8   
US_Georgia_Cobb=Deaths i:  63  63  -9          . p:     462     246 e:  87.7 r:   0.8   
US_Georgia_Cobb=Deaths i:  64  64  -8  3/27/2020 p:       0     246 e: -100.0 r:   0.8   
US_Georgia_Cobb=Deaths i:  67  67  -5          . p:      11     246 e: -95.5 r:   3.7   
US_Georgia_Cobb=Deaths i:  68  68  -4  3/31/2020 p:      18     246 e: -92.7 r:   4.9   
US_Georgia_Cobb=Deaths i:  69  69  -3          . p:      18     246 e: -92.7 r:   6.1   
US_Georgia_Cobb=Deaths i:  70  70  -2   4/2/2020 p:      18     246 e: -92.7 r:   6.9   
US_Georgia_Cobb=Deaths i:  71  71  -1          . p:      18     246 e: -92.7 r:   7.3   
US_Georgia_Cobb=Deaths i:  72  72   0   4/4/2020 p:      26     246 e: -89.4 r:   8.1   
US_Georgia_Cobb=Deaths i:  73  73   1          . p:      33     246 e: -86.6 r:   9.3   
US_Georgia_Cobb=Deaths i:  74  74   2   4/6/2020 p:      33     246 e: -86.6 r:  10.2   
US_Georgia_Cobb=Deaths i:  75  75   3          . p:      41     246 e: -83.3 r:  11.8   
US_Georgia_Cobb=Deaths i:  76  76   4   4/8/2020 p:      41     246 e: -83.3 r:  11.8   
US_Georgia_Cobb=Deaths i:  77  77   5          . p:      33     246 e: -86.6 r:  11.8   
US_Georgia_Cobb=Deaths i:  78  78   6  4/10/2020 p:      48     246 e: -80.5 r:  13.4   
US_Georgia_Cobb=Deaths i:  79  79   7          . p:      41     246 e: -83.3 r:  13.4   
US_Georgia_Cobb=Deaths i:  80  80   8  4/12/2020 p:      41     246 e: -83.3 r:  13.4   
US_Georgia_Cobb=Deaths i:  81  81   9          . p:      40     246 e: -83.8 r:  14.2   
US_Georgia_Cobb=Deaths i:  82  82  10  4/14/2020 p:      54     246 e: -78.1 r:  16.7   
US_Georgia_Cobb=Deaths i:  83  83  11          . p:      63     246 e: -74.4 r:  17.5   
US_Georgia_Cobb=Deaths i:  84  84  12  4/16/2020 p:      71     246 e: -71.2 r:  19.1   
US_Georgia_Cobb=Deaths i:  85  85  13          . p:      78     246 e: -68.3 r:  20.7   
US_Georgia_Cobb=Deaths i:  86  86  14  4/18/2020 p:      78     246 e: -68.3 r:  20.7   
US_Georgia_Cobb=Deaths i:  87  87  15          . p:      78     246 e: -68.3 r:  20.7   
US_Georgia_Cobb=Deaths i:  88  88  16  4/20/2020 p:      78     246 e: -68.3 r:  22.7   
US_Georgia_Cobb=Deaths i:  89  89  17          . p:      86     246 e: -65.1 r:  24.0   
US_Georgia_Cobb=Deaths i:  90  90  18  4/22/2020 p:      93     246 e: -62.2 r:  25.6   
US_Georgia_Cobb=Deaths i:  91  91  19          . p:     116     246 e: -52.9 r:  26.8   
US_Georgia_Cobb=Deaths i:  92  92  20  4/24/2020 p:     108     246 e: -56.1 r:  29.2   
US_Georgia_Cobb=Deaths i:  93  93  21          . p:     116     246 e: -52.9 r:  30.1   
US_Georgia_Cobb=Deaths i:  94  94  22  4/26/2020 p:     116     246 e: -52.9 r:  30.5   
US_Georgia_Cobb=Deaths i:  95  95  23          . p:     123     246 e: -50.0 r:  32.9   
US_Georgia_Cobb=Deaths i:  96  96  24  4/28/2020 p:     123     246 e: -50.0 r:  32.9   
US_Georgia_Cobb=Deaths i:  97  97  25          . p:     131     246 e: -46.8 r:  35.7   
US_Georgia_Cobb=Deaths i:  98  98  26  4/30/2020 p:     146     246 e: -40.7 r:  38.2   
US_Georgia_Cobb=Deaths i:  99  99  27          . p:     153     246 e: -37.9 r:  39.0   
US_Georgia_Cobb=Deaths i: 100 100  28   5/2/2020 p:     153     246 e: -37.9 r:  39.0   
US_Georgia_Cobb=Deaths i: 101 101  29          . p:      97     246 e: -60.6 r:  39.4   
US_Georgia_Cobb=Deaths i: 102 102  30   5/4/2020 p:     150     246 e: -39.1 r:  41.0   
US_Georgia_Cobb=Deaths i: 103 103  31          . p:     153     246 e: -37.9 r:  41.4   
US_Georgia_Cobb=Deaths i: 104 104  32   5/6/2020 p:     153     246 e: -37.9 r:  43.5   
US_Georgia_Cobb=Deaths i: 105 105  33          . p:     153     246 e: -37.9 r:  43.9   
US_Georgia_Cobb=Deaths i: 106 106  34   5/8/2020 p:     161     246 e: -34.6 r:  45.9   
US_Georgia_Cobb=Deaths i: 107 107  35          . p:     161     246 e: -34.6 r:  47.1   
US_Georgia_Cobb=Deaths i: 108 108  36  5/10/2020 p:     161     246 e: -34.6 r:  47.5   
US_Georgia_Cobb=Deaths i: 109 109  37          . p:     161     246 e: -34.6 r:  47.9   
US_Georgia_Cobb=Deaths i: 110 110  38  5/12/2020 p:     168     246 e: -31.8 r:  50.4   
US_Georgia_Cobb=Deaths i: 111 111  39          . p:     168     246 e: -31.8 r:  51.6   
US_Georgia_Cobb=Deaths i: 112 112  40  5/14/2020 p:     176     246 e: -28.5 r:  52.4   
US_Georgia_Cobb=Deaths i: 113 113  41          . p:     198     246 e: -19.6 r:  53.6   
US_Georgia_Cobb=Deaths i: 114 114  42  5/16/2020 p:     198     246 e: -19.6 r:  53.6   
US_Georgia_Cobb=Deaths i: 115 115  43          . p:     175     246 e: -28.9 r:  53.6   
US_Georgia_Cobb=Deaths i: 116 116  44  5/18/2020 p:     182     246 e: -26.1 r:  54.0   
US_Georgia_Cobb=Deaths i: 117 117  45          . p:     174     246 e: -29.3 r:  54.8   
US_Georgia_Cobb=Deaths i: 118 118  46  5/20/2020 p:     174     246 e: -29.3 r:  54.8   
US_Georgia_Cobb=Deaths i: 119 119  47          . p:     168     246 e: -31.8 r:  56.1   
US_Georgia_Cobb=Deaths i: 120 120  48  5/22/2020 p:     168     246 e: -31.8 r:  57.3   
US_Georgia_Cobb=Deaths i: 121 121  49          . p:     168     246 e: -31.8 r:  57.3   
US_Georgia_Cobb=Deaths i: 122 122  50  5/24/2020 p:     168     246 e: -31.8 r:  57.7   
US_Georgia_Cobb=Deaths i: 123 123  51          . p:     168     246 e: -31.8 r:  59.3   
US_Georgia_Cobb=Deaths i: 124 124  52  5/26/2020 p:     176     246 e: -28.5 r:  60.9   
US_Georgia_Cobb=Deaths i: 125 125  53          . p:     183     246 e: -25.7 r:  63.8   
US_Georgia_Cobb=Deaths i: 126 126  54  5/28/2020 p:     198     246 e: -19.6 r:  68.2   
US_Georgia_Cobb=Deaths i: 127 127  55          . p:     206     246 e: -16.3 r:  69.0   
US_Georgia_Cobb=Deaths i: 128   0  56  5/30/2020 p:     213     246 e: -13.5 r:  69.5 OK 1st
US_Georgia_Cobb=Deaths i: 129   1  57          . p:     213     246 e: -13.5 r:  71.1 OK
US_Georgia_Cobb=Deaths i: 130   2  58   6/1/2020 p:     273     246 e:  10.9 r:  74.3 OK
US_Georgia_Cobb=Deaths i: 131   3  59          . p:     281     246 e:  14.1 r:  74.3 OK
US_Georgia_Cobb=Deaths i: 132   4  60   6/3/2020 p:     288     246 e:  17.0 r:  75.5   
US_Georgia_Cobb=Deaths i: 133   5  61          . p:     296     246 e:  20.2 r:  77.2   
US_Georgia_Cobb=Deaths i: 134   6  62   6/5/2020 p:     303     246 e:  23.1 r:  77.6   
US_Georgia_Cobb=Deaths i: 135   7  63          . p:     206     246 e: -16.3 r:  78.4   
US_Georgia_Cobb=Deaths i: 136   8  64   6/7/2020 p:     198     246 e: -19.6 r:  78.4   
US_Georgia_Cobb=Deaths i: 137   9  65          . p:     206     246 e: -16.3 r:  79.6   
US_Georgia_Cobb=Deaths i: 138  10  66   6/9/2020 p:     318     246 e:  29.2 r:  82.5   
