
  # Process COVID TAB data
p1= 728 il= 138
p1= 728 il= 137
p1= 728 il= 136
p1= 728 il= 135
p1= 706 il= 134
US_Maryland_Prince_Georges_Prince_George_s=Deaths nl = 139, n1= 5 s1= 723.6 s2= 523674.4 SD= 8.80000000000013 frac%= 1.216141514649
US_Maryland_Prince_Georges_Prince_George_s=Deaths i:  65  65  -8          . p:       0     723 e: -100.0 r:   0.3   
US_Maryland_Prince_Georges_Prince_George_s=Deaths i:  66  66  -7  3/29/2020 p:      11     723 e: -98.5 r:   0.4   
US_Maryland_Prince_Georges_Prince_George_s=Deaths i:  69  69  -4          . p:      11     723 e: -98.5 r:   1.0   
US_Maryland_Prince_Georges_Prince_George_s=Deaths i:  70  70  -3   4/2/2020 p:      11     723 e: -98.5 r:   1.2   
US_Maryland_Prince_Georges_Prince_George_s=Deaths i:  71  71  -2          . p:      11     723 e: -98.5 r:   1.2   
US_Maryland_Prince_Georges_Prince_George_s=Deaths i:  72  72  -1   4/4/2020 p:      56     723 e: -92.3 r:   1.8   
US_Maryland_Prince_Georges_Prince_George_s=Deaths i:  73  73   0          . p:      56     723 e: -92.3 r:   2.2   
US_Maryland_Prince_Georges_Prince_George_s=Deaths i:  74  74   1   4/6/2020 p:     325     723 e: -55.1 r:   3.2   
US_Maryland_Prince_Georges_Prince_George_s=Deaths i:  75  75   2          . p:     414     723 e: -42.8 r:   3.6   
US_Maryland_Prince_Georges_Prince_George_s=Deaths i:  76  76   3   4/8/2020 p:      78     723 e: -89.2 r:   4.4   
US_Maryland_Prince_Georges_Prince_George_s=Deaths i:  77  77   4          . p:      56     723 e: -92.3 r:   4.7   
US_Maryland_Prince_Georges_Prince_George_s=Deaths i:  78  78   5  4/10/2020 p:      78     723 e: -89.2 r:   5.8   
US_Maryland_Prince_Georges_Prince_George_s=Deaths i:  79  79   6          . p:     145     723 e: -80.0 r:   6.9   
US_Maryland_Prince_Georges_Prince_George_s=Deaths i:  80  80   7  4/12/2020 p:     168     723 e: -76.8 r:   7.6   
US_Maryland_Prince_Georges_Prince_George_s=Deaths i:  81  81   8          . p:     213     723 e: -70.6 r:   8.7   
US_Maryland_Prince_Georges_Prince_George_s=Deaths i:  82  82   9  4/14/2020 p:     257     723 e: -64.5 r:  10.0   
US_Maryland_Prince_Georges_Prince_George_s=Deaths i:  83  83  10          . p:     190     723 e: -73.7 r:  10.0   
US_Maryland_Prince_Georges_Prince_George_s=Deaths i:  84  84  11  4/16/2020 p:     145     723 e: -80.0 r:  10.0   
US_Maryland_Prince_Georges_Prince_George_s=Deaths i:  85  85  12          . p:      78     723 e: -89.2 r:  10.6   
US_Maryland_Prince_Georges_Prince_George_s=Deaths i:  86  86  13  4/18/2020 p:     257     723 e: -64.5 r:  13.1   
US_Maryland_Prince_Georges_Prince_George_s=Deaths i:  87  87  14          . p:     302     723 e: -58.3 r:  14.5   
US_Maryland_Prince_Georges_Prince_George_s=Deaths i:  88  88  15  4/20/2020 p:     257     723 e: -64.5 r:  15.5   
US_Maryland_Prince_Georges_Prince_George_s=Deaths i:  89  89  16          . p:     302     723 e: -58.3 r:  16.3   
US_Maryland_Prince_Georges_Prince_George_s=Deaths i:  90  90  17  4/22/2020 p:     347     723 e: -52.0 r:  18.2   
US_Maryland_Prince_Georges_Prince_George_s=Deaths i:  91  91  18          . p:     414     723 e: -42.8 r:  20.7   
US_Maryland_Prince_Georges_Prince_George_s=Deaths i:  92  92  19  4/24/2020 p:     414     723 e: -42.8 r:  21.8   
US_Maryland_Prince_Georges_Prince_George_s=Deaths i:  93  93  20          . p:     482     723 e: -33.4 r:  23.9   
US_Maryland_Prince_Georges_Prince_George_s=Deaths i:  94  94  21  4/26/2020 p:     482     723 e: -33.4 r:  24.0   
US_Maryland_Prince_Georges_Prince_George_s=Deaths i:  95  95  22          . p:     549     723 e: -24.1 r:  27.4   
US_Maryland_Prince_Georges_Prince_George_s=Deaths i:  96  96  23  4/28/2020 p:     571     723 e: -21.1 r:  28.5   
US_Maryland_Prince_Georges_Prince_George_s=Deaths i:  97   0  24          . p:     616     723 e: -14.9 r:  31.0 OK 1st
US_Maryland_Prince_Georges_Prince_George_s=Deaths i:  98   1  25  4/30/2020 p:     683     723 e:  -5.6 r:  33.2 OK
US_Maryland_Prince_Georges_Prince_George_s=Deaths i:  99   2  26          . p:     661     723 e:  -8.7 r:  33.6 OK
US_Maryland_Prince_Georges_Prince_George_s=Deaths i: 100   3  27   5/2/2020 p:     728     723 e:   0.6 r:  37.2 OK
US_Maryland_Prince_Georges_Prince_George_s=Deaths i: 101   4  28          . p:     728     723 e:   0.6 r:  38.3 OK
US_Maryland_Prince_Georges_Prince_George_s=Deaths i: 102   5  29   5/4/2020 p:     744     723 e:   2.8 r:  39.2 OK
US_Maryland_Prince_Georges_Prince_George_s=Deaths i: 103   6  30          . p:     727     723 e:   0.5 r:  40.8 OK
US_Maryland_Prince_Georges_Prince_George_s=Deaths i: 104   7  31   5/6/2020 p:     727     723 e:   0.5 r:  43.0 OK
US_Maryland_Prince_Georges_Prince_George_s=Deaths i: 105   8  32          . p:     728     723 e:   0.6 r:  44.8 OK
US_Maryland_Prince_Georges_Prince_George_s=Deaths i: 106   9  33   5/8/2020 p:     728     723 e:   0.6 r:  46.8 OK
US_Maryland_Prince_Georges_Prince_George_s=Deaths i: 107  10  34          . p:     616     723 e: -14.9 r:  48.2 OK
US_Maryland_Prince_Georges_Prince_George_s=Deaths i: 108  11  35  5/10/2020 p:     728     723 e:   0.6 r:  48.8 OK
US_Maryland_Prince_Georges_Prince_George_s=Deaths i: 109  12  36          . p:     692     723 e:  -4.4 r:  49.6 OK
US_Maryland_Prince_Georges_Prince_George_s=Deaths i: 110  13  37  5/12/2020 p:     510     723 e: -29.5 r:  51.5   
US_Maryland_Prince_Georges_Prince_George_s=Deaths i: 111  14  38          . p:     690     723 e:  -4.6 r:  53.8 OK
US_Maryland_Prince_Georges_Prince_George_s=Deaths i: 112  15  39  5/14/2020 p:     683     723 e:  -5.6 r:  55.0 OK
US_Maryland_Prince_Georges_Prince_George_s=Deaths i: 113  16  40          . p:     683     723 e:  -5.6 r:  57.1 OK
US_Maryland_Prince_Georges_Prince_George_s=Deaths i: 114  17  41  5/16/2020 p:     683     723 e:  -5.6 r:  58.0 OK
US_Maryland_Prince_Georges_Prince_George_s=Deaths i: 115  18  42          . p:     683     723 e:  -5.6 r:  59.3 OK
US_Maryland_Prince_Georges_Prince_George_s=Deaths i: 116  19  43  5/18/2020 p:     618     723 e: -14.6 r:  60.3 OK
US_Maryland_Prince_Georges_Prince_George_s=Deaths i: 117  20  44          . p:     678     723 e:  -6.3 r:  61.5 OK
US_Maryland_Prince_Georges_Prince_George_s=Deaths i: 118  21  45  5/20/2020 p:     661     723 e:  -8.7 r:  62.6 OK
US_Maryland_Prince_Georges_Prince_George_s=Deaths i: 119  22  46          . p:     661     723 e:  -8.7 r:  64.4 OK
US_Maryland_Prince_Georges_Prince_George_s=Deaths i: 120  23  47  5/22/2020 p:     683     723 e:  -5.6 r:  65.9 OK
US_Maryland_Prince_Georges_Prince_George_s=Deaths i: 121  24  48          . p:     683     723 e:  -5.6 r:  66.9 OK
US_Maryland_Prince_Georges_Prince_George_s=Deaths i: 122  25  49  5/24/2020 p:     683     723 e:  -5.6 r:  67.7 OK
US_Maryland_Prince_Georges_Prince_George_s=Deaths i: 123  26  50          . p:     677     723 e:  -6.4 r:  68.7 OK
US_Maryland_Prince_Georges_Prince_George_s=Deaths i: 124  27  51  5/26/2020 p:     676     723 e:  -6.6 r:  69.9 OK
US_Maryland_Prince_Georges_Prince_George_s=Deaths i: 125  28  52          . p:     683     723 e:  -5.6 r:  71.9 OK
US_Maryland_Prince_Georges_Prince_George_s=Deaths i: 126  29  53  5/28/2020 p:     683     723 e:  -5.6 r:  73.2 OK
US_Maryland_Prince_Georges_Prince_George_s=Deaths i: 127  30  54          . p:     683     723 e:  -5.6 r:  73.2 OK
US_Maryland_Prince_Georges_Prince_George_s=Deaths i: 128  31  55  5/30/2020 p:     683     723 e:  -5.6 r:  74.5 OK
US_Maryland_Prince_Georges_Prince_George_s=Deaths i: 129  32  56          . p:     692     723 e:  -4.4 r:  74.8 OK
US_Maryland_Prince_Georges_Prince_George_s=Deaths i: 130  33  57   6/1/2020 p:     684     723 e:  -5.5 r:  75.3 OK
US_Maryland_Prince_Georges_Prince_George_s=Deaths i: 131  34  58          . p:     683     723 e:  -5.6 r:  76.3 OK
US_Maryland_Prince_Georges_Prince_George_s=Deaths i: 132  35  59   6/3/2020 p:     683     723 e:  -5.6 r:  78.1 OK
US_Maryland_Prince_Georges_Prince_George_s=Deaths i: 133  36  60          . p:     706     723 e:  -2.4 r:  80.2 OK
US_Maryland_Prince_Georges_Prince_George_s=Deaths i: 134  37  61   6/5/2020 p:     706     723 e:  -2.4 r:  81.1 OK
US_Maryland_Prince_Georges_Prince_George_s=Deaths i: 135  38  62          . p:     728     723 e:   0.6 r:  82.2 OK
US_Maryland_Prince_Georges_Prince_George_s=Deaths i: 136  39  63   6/7/2020 p:     728     723 e:   0.6 r:  82.6 OK
US_Maryland_Prince_Georges_Prince_George_s=Deaths i: 137  40  64          . p:     728     723 e:   0.6 r:  83.2 OK
US_Maryland_Prince_Georges_Prince_George_s=Deaths i: 138  41  65   6/9/2020 p:     728     723 e:   0.6 r:  83.9 OK
