
  # Process COVID TAB data
p1= 6153 il= 138
p1= 5980 il= 137
p1= 5807 il= 136
p1= 5633 il= 135
p1= 5633 il= 134
US_Georgia_Gwinnett=Confirmed nl = 139, n1= 5 s1= 5841.2 s2= 34160487.2 SD= 202.16270674881 frac%= 3.46097902398155
US_Georgia_Gwinnett=Confirmed i:  55  55  -8          . p:      86    5841 e: -98.5 r:   0.1   
US_Georgia_Gwinnett=Confirmed i:  56  56  -7  3/19/2020 p:      86    5841 e: -98.5 r:   0.2   
US_Georgia_Gwinnett=Confirmed i:  59  59  -4          . p:      86    5841 e: -98.5 r:   0.5   
US_Georgia_Gwinnett=Confirmed i:  60  60  -3  3/23/2020 p:      86    5841 e: -98.5 r:   0.6   
US_Georgia_Gwinnett=Confirmed i:  61  61  -2          . p:      86    5841 e: -98.5 r:   0.8   
US_Georgia_Gwinnett=Confirmed i:  62  62  -1  3/25/2020 p:      86    5841 e: -98.5 r:   0.8   
US_Georgia_Gwinnett=Confirmed i:  63  63   0          . p:     606    5841 e: -89.6 r:   1.3   
US_Georgia_Gwinnett=Confirmed i:  64  64   1  3/27/2020 p:    4766    5841 e: -18.4 r:   1.7   
US_Georgia_Gwinnett=Confirmed i:  65  65   2          . p:       0    5841 e: -100.0 r:   2.2   
US_Georgia_Gwinnett=Confirmed i:  66  66   3  3/29/2020 p:     260    5841 e: -95.5 r:   2.4   
US_Georgia_Gwinnett=Confirmed i:  67  67   4          . p:     260    5841 e: -95.5 r:   2.7   
US_Georgia_Gwinnett=Confirmed i:  68  68   5  3/31/2020 p:       0    5841 e: -100.0 r:   4.1   
US_Georgia_Gwinnett=Confirmed i:  69   0   6          . p:    5113    5841 e: -12.5 r:   4.3 OK 1st
US_Georgia_Gwinnett=Confirmed i:  70   1   7   4/2/2020 p:     606    5841 e: -89.6 r:   4.8   
US_Georgia_Gwinnett=Confirmed i:  71   2   8          . p:     433    5841 e: -92.6 r:   5.6   
US_Georgia_Gwinnett=Confirmed i:  72   3   9   4/4/2020 p:     433    5841 e: -92.6 r:   6.2   
US_Georgia_Gwinnett=Confirmed i:  73   4  10          . p:     606    5841 e: -89.6 r:   7.0   
US_Georgia_Gwinnett=Confirmed i:  74   5  11   4/6/2020 p:     953    5841 e: -83.7 r:   7.6   
US_Georgia_Gwinnett=Confirmed i:  75   6  12          . p:    1300    5841 e: -77.7 r:   9.0   
US_Georgia_Gwinnett=Confirmed i:  76   7  13   4/8/2020 p:    1473    5841 e: -74.8 r:   9.7   
US_Georgia_Gwinnett=Confirmed i:  77   8  14          . p:    1473    5841 e: -74.8 r:  10.3   
US_Georgia_Gwinnett=Confirmed i:  78   9  15  4/10/2020 p:    1375    5841 e: -76.5 r:  11.1   
US_Georgia_Gwinnett=Confirmed i:  79  10  16          . p:    1412    5841 e: -75.8 r:  11.6   
US_Georgia_Gwinnett=Confirmed i:  80  11  17  4/12/2020 p:     778    5841 e: -86.7 r:  11.8   
US_Georgia_Gwinnett=Confirmed i:  81  12  18          . p:     913    5841 e: -84.4 r:  12.7   
US_Georgia_Gwinnett=Confirmed i:  82  13  19  4/14/2020 p:    1339    5841 e: -77.1 r:  14.0   
US_Georgia_Gwinnett=Confirmed i:  83  14  20          . p:    1473    5841 e: -74.8 r:  14.6   
US_Georgia_Gwinnett=Confirmed i:  84  15  21  4/16/2020 p:    1473    5841 e: -74.8 r:  15.3   
US_Georgia_Gwinnett=Confirmed i:  85  16  22          . p:    1993    5841 e: -65.9 r:  17.4   
US_Georgia_Gwinnett=Confirmed i:  86  17  23  4/18/2020 p:    1993    5841 e: -65.9 r:  18.0   
US_Georgia_Gwinnett=Confirmed i:  87  18  24          . p:    1993    5841 e: -65.9 r:  18.8   
US_Georgia_Gwinnett=Confirmed i:  88  19  25  4/20/2020 p:    2166    5841 e: -62.9 r:  20.2   
US_Georgia_Gwinnett=Confirmed i:  89  20  26          . p:    2166    5841 e: -62.9 r:  20.9   
US_Georgia_Gwinnett=Confirmed i:  90  21  27  4/22/2020 p:    2166    5841 e: -62.9 r:  21.8   
US_Georgia_Gwinnett=Confirmed i:  91  22  28          . p:    2340    5841 e: -59.9 r:  23.1   
US_Georgia_Gwinnett=Confirmed i:  92  23  29  4/24/2020 p:    2389    5841 e: -59.1 r:  23.7   
US_Georgia_Gwinnett=Confirmed i:  93  24  30          . p:    2340    5841 e: -59.9 r:  25.0   
US_Georgia_Gwinnett=Confirmed i:  94  25  31  4/26/2020 p:    2434    5841 e: -58.3 r:  25.7   
US_Georgia_Gwinnett=Confirmed i:  95  26  32          . p:    2460    5841 e: -57.9 r:  26.5   
US_Georgia_Gwinnett=Confirmed i:  96  27  33  4/28/2020 p:    2519    5841 e: -56.9 r:  27.4   
US_Georgia_Gwinnett=Confirmed i:  97  28  34          . p:    2686    5841 e: -54.0 r:  29.4   
US_Georgia_Gwinnett=Confirmed i:  98  29  35  4/30/2020 p:    2686    5841 e: -54.0 r:  30.6   
US_Georgia_Gwinnett=Confirmed i:  99  30  36          . p:    2860    5841 e: -51.0 r:  31.6   
US_Georgia_Gwinnett=Confirmed i: 100  31  37   5/2/2020 p:    3033    5841 e: -48.1 r:  33.1   
US_Georgia_Gwinnett=Confirmed i: 101  32  38          . p:    3033    5841 e: -48.1 r:  33.8   
US_Georgia_Gwinnett=Confirmed i: 102  33  39   5/4/2020 p:    3206    5841 e: -45.1 r:  35.2   
US_Georgia_Gwinnett=Confirmed i: 103  34  40          . p:    3206    5841 e: -45.1 r:  36.0   
US_Georgia_Gwinnett=Confirmed i: 104  35  41   5/6/2020 p:    3380    5841 e: -42.1 r:  38.0   
US_Georgia_Gwinnett=Confirmed i: 105  36  42          . p:    3380    5841 e: -42.1 r:  38.6   
US_Georgia_Gwinnett=Confirmed i: 106  37  43   5/8/2020 p:    3380    5841 e: -42.1 r:  39.8   
US_Georgia_Gwinnett=Confirmed i: 107  38  44          . p:    3583    5841 e: -38.7 r:  41.1   
US_Georgia_Gwinnett=Confirmed i: 108  39  45  5/10/2020 p:    3554    5841 e: -39.2 r:  41.9   
US_Georgia_Gwinnett=Confirmed i: 109  40  46          . p:    3588    5841 e: -38.6 r:  42.4   
US_Georgia_Gwinnett=Confirmed i: 110  41  47  5/12/2020 p:    3587    5841 e: -38.6 r:  42.7   
US_Georgia_Gwinnett=Confirmed i: 111  42  48          . p:    3590    5841 e: -38.5 r:  43.0   
US_Georgia_Gwinnett=Confirmed i: 112  43  49  5/14/2020 p:    3540    5841 e: -39.4 r:  43.7   
US_Georgia_Gwinnett=Confirmed i: 113  44  50          . p:    3552    5841 e: -39.2 r:  44.5   
US_Georgia_Gwinnett=Confirmed i: 114  45  51  5/16/2020 p:    3553    5841 e: -39.2 r:  44.5   
US_Georgia_Gwinnett=Confirmed i: 115  46  52          . p:    3553    5841 e: -39.2 r:  44.4   
US_Georgia_Gwinnett=Confirmed i: 116  47  53  5/18/2020 p:    3553    5841 e: -39.2 r:  45.9   
US_Georgia_Gwinnett=Confirmed i: 117  48  54          . p:    3553    5841 e: -39.2 r:  47.4   
US_Georgia_Gwinnett=Confirmed i: 118  49  55  5/20/2020 p:    3553    5841 e: -39.2 r:  48.3   
US_Georgia_Gwinnett=Confirmed i: 119  50  56          . p:    3553    5841 e: -39.2 r:  49.3   
US_Georgia_Gwinnett=Confirmed i: 120  51  57  5/22/2020 p:    3726    5841 e: -36.2 r:  50.7   
US_Georgia_Gwinnett=Confirmed i: 121  52  58          . p:    3900    5841 e: -33.2 r:  51.3   
US_Georgia_Gwinnett=Confirmed i: 122  53  59  5/24/2020 p:    4073    5841 e: -30.3 r:  52.3   
US_Georgia_Gwinnett=Confirmed i: 123  54  60          . p:    4420    5841 e: -24.3 r:  54.7   
US_Georgia_Gwinnett=Confirmed i: 124  55  61  5/26/2020 p:    4073    5841 e: -30.3 r:  56.6   
US_Georgia_Gwinnett=Confirmed i: 125  56  62          . p:    4246    5841 e: -27.3 r:  59.6   
US_Georgia_Gwinnett=Confirmed i: 126  57  63  5/28/2020 p:    4420    5841 e: -24.3 r:  62.0   
US_Georgia_Gwinnett=Confirmed i: 127  58  64          . p:    4766    5841 e: -18.4 r:  63.9   
US_Georgia_Gwinnett=Confirmed i: 128  59  65  5/30/2020 p:    4766    5841 e: -18.4 r:  64.5   
US_Georgia_Gwinnett=Confirmed i: 129  60  66          . p:    4940    5841 e: -15.4 r:  64.7   
US_Georgia_Gwinnett=Confirmed i: 130  61  67   6/1/2020 p:    4940    5841 e: -15.4 r:  66.3   
US_Georgia_Gwinnett=Confirmed i: 131  62  68          . p:    5113    5841 e: -12.5 r:  66.6 OK
US_Georgia_Gwinnett=Confirmed i: 132  63  69   6/3/2020 p:    5113    5841 e: -12.5 r:  69.6 OK
US_Georgia_Gwinnett=Confirmed i: 133  64  70          . p:    5460    5841 e:  -6.5 r:  73.1 OK
US_Georgia_Gwinnett=Confirmed i: 134  65  71   6/5/2020 p:    5633    5841 e:  -3.6 r:  74.8 OK
US_Georgia_Gwinnett=Confirmed i: 135  66  72          . p:    5633    5841 e:  -3.6 r:  75.9 OK
US_Georgia_Gwinnett=Confirmed i: 136  67  73   6/7/2020 p:    5807    5841 e:  -0.6 r:  76.0 OK
US_Georgia_Gwinnett=Confirmed i: 137  68  74          . p:    5980    5841 e:   2.4 r:  78.7 OK
US_Georgia_Gwinnett=Confirmed i: 138  69  75   6/9/2020 p:    6153    5841 e:   5.3 r:  80.3 OK
