
  # Process COVID TAB data
p1= 157 il= 138
p1= 157 il= 137
p1= 157 il= 136
p1= 157 il= 135
p1= 157 il= 134
US_Washington_Snohomish=Deaths nl = 139, n1= 5 s1= 157 s2= 24649 SD= 0 frac%= 0
US_Washington_Snohomish=Deaths i:  52  52 -11  3/15/2020 p:       4     157 e: -97.5 r:   2.5   
US_Washington_Snohomish=Deaths i:  53  53 -10          . p:       4     157 e: -97.5 r:   2.5   
US_Washington_Snohomish=Deaths i:  54  54  -9  3/17/2020 p:       7     157 e: -95.5 r:   3.8   
US_Washington_Snohomish=Deaths i:  55  55  -8          . p:       8     157 e: -94.9 r:   3.8   
US_Washington_Snohomish=Deaths i:  56  56  -7  3/19/2020 p:       8     157 e: -94.9 r:   4.5   
US_Washington_Snohomish=Deaths i:  57  57  -6          . p:      14     157 e: -91.1 r:   5.1   
US_Washington_Snohomish=Deaths i:  58  58  -5  3/21/2020 p:      14     157 e: -91.1 r:   6.4   
US_Washington_Snohomish=Deaths i:  59  59  -4          . p:      20     157 e: -87.3 r:   6.4   
US_Washington_Snohomish=Deaths i:  60  60  -3  3/23/2020 p:      14     157 e: -91.1 r:   7.0   
US_Washington_Snohomish=Deaths i:  61  61  -2          . p:      77     157 e: -51.0 r:  10.2   
US_Washington_Snohomish=Deaths i:  62  62  -1  3/25/2020 p:      65     157 e: -58.6 r:  10.2   
US_Washington_Snohomish=Deaths i:  63  63   0          . p:      65     157 e: -58.6 r:  11.5   
US_Washington_Snohomish=Deaths i:  64  64   1  3/27/2020 p:     105     157 e: -33.1 r:  14.6   
US_Washington_Snohomish=Deaths i:  65  65   2          . p:     271     157 e:  72.6 r:  14.6   
US_Washington_Snohomish=Deaths i:  66  66   3  3/29/2020 p:      37     157 e: -76.4 r:  14.6   
US_Washington_Snohomish=Deaths i:  67  67   4          . p:      94     157 e: -40.1 r:  14.6   
US_Washington_Snohomish=Deaths i:  68   0   5  3/31/2020 p:     145     157 e:  -7.6 r:  21.0 OK 1st
US_Washington_Snohomish=Deaths i:  69   1   6          . p:     294     157 e:  87.3 r:  25.5   
US_Washington_Snohomish=Deaths i:  70   2   7   4/2/2020 p:      60     157 e: -61.8 r:  26.1   
US_Washington_Snohomish=Deaths i:  71   3   8          . p:      42     157 e: -73.2 r:  26.8   
US_Washington_Snohomish=Deaths i:  72   4   9   4/4/2020 p:      48     157 e: -69.4 r:  28.7   
US_Washington_Snohomish=Deaths i:  73   5  10          . p:      54     157 e: -65.6 r:  30.6   
US_Washington_Snohomish=Deaths i:  74   6  11   4/6/2020 p:       0     157 e: -100.0 r:  36.9   
US_Washington_Snohomish=Deaths i:  75   7  12          . p:     128     157 e: -18.5 r:  38.9   
US_Washington_Snohomish=Deaths i:  76   8  13   4/8/2020 p:     329     157 e: 109.6 r:  40.1   
US_Washington_Snohomish=Deaths i:  77   9  14          . p:      65     157 e: -58.6 r:  40.8   
US_Washington_Snohomish=Deaths i:  78  10  15  4/10/2020 p:      65     157 e: -58.6 r:  40.8   
US_Washington_Snohomish=Deaths i:  79  11  16          . p:     272     157 e:  73.2 r:  43.3   
US_Washington_Snohomish=Deaths i:  80  12  17  4/12/2020 p:      77     157 e: -51.0 r:  43.9   
US_Washington_Snohomish=Deaths i:  81  13  18          . p:      83     157 e: -47.1 r:  46.5   
US_Washington_Snohomish=Deaths i:  82  14  19  4/14/2020 p:      94     157 e: -40.1 r:  49.0   
US_Washington_Snohomish=Deaths i:  83  15  20          . p:     105     157 e: -33.1 r:  51.0   
US_Washington_Snohomish=Deaths i:  84  16  21  4/16/2020 p:     134     157 e: -14.6 r:  54.8 OK
US_Washington_Snohomish=Deaths i:  85  17  22          . p:     145     157 e:  -7.6 r:  56.1 OK
US_Washington_Snohomish=Deaths i:  86  18  23  4/18/2020 p:     134     157 e: -14.6 r:  58.0 OK
US_Washington_Snohomish=Deaths i:  87  19  24          . p:     134     157 e: -14.6 r:  59.2 OK
US_Washington_Snohomish=Deaths i:  88  20  25  4/20/2020 p:     174     157 e:  10.8 r:  61.8 OK
US_Washington_Snohomish=Deaths i:  89  21  26          . p:     134     157 e: -14.6 r:  62.4 OK
US_Washington_Snohomish=Deaths i:  90  22  27  4/22/2020 p:     134     157 e: -14.6 r:  62.4 OK
US_Washington_Snohomish=Deaths i:  91  23  28          . p:     142     157 e:  -9.6 r:  64.3 OK
US_Washington_Snohomish=Deaths i:  92  24  29  4/24/2020 p:     109     157 e: -30.6 r:  65.0   
US_Washington_Snohomish=Deaths i:  93  25  30          . p:     128     157 e: -18.5 r:  65.0   
US_Washington_Snohomish=Deaths i:  94  26  31  4/26/2020 p:     129     157 e: -17.8 r:  66.2   
US_Washington_Snohomish=Deaths i:  95  27  32          . p:     123     157 e: -21.7 r:  67.5   
US_Washington_Snohomish=Deaths i:  96  28  33  4/28/2020 p:     123     157 e: -21.7 r:  68.8   
US_Washington_Snohomish=Deaths i:  97  29  34          . p:     123     157 e: -21.7 r:  68.8   
US_Washington_Snohomish=Deaths i:  98  30  35  4/30/2020 p:     123     157 e: -21.7 r:  68.8   
US_Washington_Snohomish=Deaths i:  99  31  36          . p:     118     157 e: -24.8 r:  69.4   
US_Washington_Snohomish=Deaths i: 100  32  37   5/2/2020 p:     114     157 e: -27.4 r:  69.4   
US_Washington_Snohomish=Deaths i: 101  33  38          . p:     112     157 e: -28.7 r:  69.4   
US_Washington_Snohomish=Deaths i: 102  34  39   5/4/2020 p:     114     157 e: -27.4 r:  70.7   
US_Washington_Snohomish=Deaths i: 103  35  40          . p:     117     157 e: -25.5 r:  71.3   
US_Washington_Snohomish=Deaths i: 104  36  41   5/6/2020 p:     117     157 e: -25.5 r:  71.3   
US_Washington_Snohomish=Deaths i: 105  37  42          . p:     117     157 e: -25.5 r:  72.6   
US_Washington_Snohomish=Deaths i: 106  38  43   5/8/2020 p:     117     157 e: -25.5 r:  73.2   
US_Washington_Snohomish=Deaths i: 107  39  44          . p:     123     157 e: -21.7 r:  74.5   
US_Washington_Snohomish=Deaths i: 108  40  45  5/10/2020 p:     123     157 e: -21.7 r:  74.5   
US_Washington_Snohomish=Deaths i: 109  41  46          . p:     123     157 e: -21.7 r:  75.2   
US_Washington_Snohomish=Deaths i: 110  42  47  5/12/2020 p:     128     157 e: -18.5 r:  77.1   
US_Washington_Snohomish=Deaths i: 111  43  48          . p:     128     157 e: -18.5 r:  77.1   
US_Washington_Snohomish=Deaths i: 112  44  49  5/14/2020 p:     128     157 e: -18.5 r:  77.7   
US_Washington_Snohomish=Deaths i: 113  45  50          . p:     134     157 e: -14.6 r:  79.6 OK
US_Washington_Snohomish=Deaths i: 114  46  51  5/16/2020 p:     134     157 e: -14.6 r:  79.6 OK
US_Washington_Snohomish=Deaths i: 115  47  52          . p:     134     157 e: -14.6 r:  79.6 OK
US_Washington_Snohomish=Deaths i: 116  48  53  5/18/2020 p:     134     157 e: -14.6 r:  79.6 OK
US_Washington_Snohomish=Deaths i: 117  49  54          . p:     140     157 e: -10.8 r:  84.1 OK
US_Washington_Snohomish=Deaths i: 118  50  55  5/20/2020 p:     140     157 e: -10.8 r:  84.1 OK
US_Washington_Snohomish=Deaths i: 119  51  56          . p:     134     157 e: -14.6 r:  84.7 OK
US_Washington_Snohomish=Deaths i: 120  52  57  5/22/2020 p:     140     157 e: -10.8 r:  86.0 OK
US_Washington_Snohomish=Deaths i: 121  53  58          . p:     134     157 e: -14.6 r:  86.0 OK
US_Washington_Snohomish=Deaths i: 122  54  59  5/24/2020 p:     134     157 e: -14.6 r:  86.0 OK
US_Washington_Snohomish=Deaths i: 123  55  60          . p:     134     157 e: -14.6 r:  86.6 OK
US_Washington_Snohomish=Deaths i: 124  56  61  5/26/2020 p:     323     157 e: 105.7 r:  90.4   
US_Washington_Snohomish=Deaths i: 125  57  62          . p:       0     157 e: -100.0 r:  92.4   
US_Washington_Snohomish=Deaths i: 126  58  63  5/28/2020 p:     300     157 e:  91.1 r:  93.6   
US_Washington_Snohomish=Deaths i: 127  59  64          . p:     145     157 e:  -7.6 r:  93.6 OK
US_Washington_Snohomish=Deaths i: 128  60  65  5/30/2020 p:     145     157 e:  -7.6 r:  94.3 OK
US_Washington_Snohomish=Deaths i: 129  61  66          . p:     145     157 e:  -7.6 r:  94.3 OK
US_Washington_Snohomish=Deaths i: 130  62  67   6/1/2020 p:     151     157 e:  -3.8 r:  94.9 OK
US_Washington_Snohomish=Deaths i: 131  63  68          . p:     151     157 e:  -3.8 r:  94.9 OK
US_Washington_Snohomish=Deaths i: 132  64  69   6/3/2020 p:     151     157 e:  -3.8 r:  95.5 OK
US_Washington_Snohomish=Deaths i: 133  65  70          . p:     151     157 e:  -3.8 r:  95.5 OK
US_Washington_Snohomish=Deaths i: 134  66  71   6/5/2020 p:     157     157 e:   0.0 r:  96.8 OK
US_Washington_Snohomish=Deaths i: 135  67  72          . p:     157     157 e:   0.0 r:  96.8 OK
US_Washington_Snohomish=Deaths i: 136  68  73   6/7/2020 p:     157     157 e:   0.0 r:  96.8 OK
US_Washington_Snohomish=Deaths i: 137  69  74          . p:     157     157 e:   0.0 r:  97.5 OK
US_Washington_Snohomish=Deaths i: 138  70  75   6/9/2020 p:     157     157 e:   0.0 r:  98.7 OK
