
  # Process COVID TAB data
p1= 16897 il= 138
p1= 16960 il= 137
p1= 16960 il= 136
p1= 16960 il= 135
p1= 16960 il= 134
US_Connecticut_Fairfield=Confirmed nl = 139, n1= 5 s1= 16947.4 s2= 287215001.8 SD= 25.1999999992431 frac%= 0.148695375097319
US_Connecticut_Fairfield=Confirmed i:  53  53  -2          . p:     387   16947 e: -97.7 r:   0.2   
US_Connecticut_Fairfield=Confirmed i:  54  54  -1  3/17/2020 p:    3098   16947 e: -81.7 r:   0.3   
US_Connecticut_Fairfield=Confirmed i:  55  55   0          . p:    4463   16947 e: -73.7 r:   0.4   
US_Connecticut_Fairfield=Confirmed i:  56  56   1  3/19/2020 p:    6843   16947 e: -59.6 r:   0.6   
US_Connecticut_Fairfield=Confirmed i:  57  57   2          . p:     304   16947 e: -98.2 r:   0.7   
US_Connecticut_Fairfield=Confirmed i:  58  58   3  3/21/2020 p:     295   16947 e: -98.3 r:   0.7   
US_Connecticut_Fairfield=Confirmed i:  59  59   4          . p:    2082   16947 e: -87.7 r:   1.2   
US_Connecticut_Fairfield=Confirmed i:  60  60   5  3/23/2020 p:    3868   16947 e: -77.2 r:   1.6   
US_Connecticut_Fairfield=Confirmed i:  61  61   6          . p:    6248   16947 e: -63.1 r:   2.3   
US_Connecticut_Fairfield=Confirmed i:  62   0   7  3/25/2020 p:   15175   16947 e: -10.5 r:   3.2 OK 1st
US_Connecticut_Fairfield=Confirmed i:  63   1   8          . p:   37194   16947 e: 119.5 r:   3.6   
US_Connecticut_Fairfield=Confirmed i:  64   2   9  3/27/2020 p:    1487   16947 e: -91.2 r:   4.4   
US_Connecticut_Fairfield=Confirmed i:  65   3  10          . p:    2082   16947 e: -87.7 r:   5.4   
US_Connecticut_Fairfield=Confirmed i:  66   4  11  3/29/2020 p:    8033   16947 e: -52.6 r:   7.3   
US_Connecticut_Fairfield=Confirmed i:  67   5  12          . p:   44335   16947 e: 161.6 r:   8.5   
US_Connecticut_Fairfield=Confirmed i:  68   6  13  3/31/2020 p:   43145   16947 e: 154.6 r:  11.0   
US_Connecticut_Fairfield=Confirmed i:  69   7  14          . p:    5058   16947 e: -70.2 r:  11.7   
US_Connecticut_Fairfield=Confirmed i:  70   8  15   4/2/2020 p:    2413   16947 e: -85.8 r:  12.6   
US_Connecticut_Fairfield=Confirmed i:  71   9  16          . p:   10386   16947 e: -38.7 r:  16.0   
US_Connecticut_Fairfield=Confirmed i:  72  10  17   4/4/2020 p:   12110   16947 e: -28.5 r:  16.7   
US_Connecticut_Fairfield=Confirmed i:  73  11  18          . p:    8538   16947 e: -49.6 r:  18.0   
US_Connecticut_Fairfield=Confirmed i:  74  12  19   4/6/2020 p:   12199   16947 e: -28.0 r:  21.9   
US_Connecticut_Fairfield=Confirmed i:  75  13  20          . p:   13389   16947 e: -21.0 r:  24.4   
US_Connecticut_Fairfield=Confirmed i:  76  14  21   4/8/2020 p:   16365   16947 e:  -3.4 r:  26.6 OK
US_Connecticut_Fairfield=Confirmed i:  77  15  22          . p:   16365   16947 e:  -3.4 r:  28.8 OK
US_Connecticut_Fairfield=Confirmed i:  78  16  23  4/10/2020 p:   13440   16947 e: -20.7 r:  30.6   
US_Connecticut_Fairfield=Confirmed i:  79  17  24          . p:   13212   16947 e: -22.0 r:  31.9   
US_Connecticut_Fairfield=Confirmed i:  80  18  25  4/12/2020 p:   16309   16947 e:  -3.8 r:  32.7 OK
US_Connecticut_Fairfield=Confirmed i:  81  19  26          . p:   11258   16947 e: -33.6 r:  35.4   
US_Connecticut_Fairfield=Confirmed i:  82  20  27  4/14/2020 p:    8052   16947 e: -52.5 r:  36.7   
US_Connecticut_Fairfield=Confirmed i:  83  21  28          . p:   10414   16947 e: -38.6 r:  38.2   
US_Connecticut_Fairfield=Confirmed i:  84  22  29  4/16/2020 p:    9819   16947 e: -42.1 r:  40.2   
US_Connecticut_Fairfield=Confirmed i:  85  23  30          . p:   10414   16947 e: -38.6 r:  42.2   
US_Connecticut_Fairfield=Confirmed i:  86  24  31  4/18/2020 p:   10414   16947 e: -38.6 r:  43.4   
US_Connecticut_Fairfield=Confirmed i:  87  25  32          . p:   10066   16947 e: -40.6 r:  43.9   
US_Connecticut_Fairfield=Confirmed i:  88  26  33  4/20/2020 p:   11604   16947 e: -31.5 r:  49.1   
US_Connecticut_Fairfield=Confirmed i:  89  27  34          . p:   12199   16947 e: -28.0 r:  50.0   
US_Connecticut_Fairfield=Confirmed i:  90  28  35  4/22/2020 p:   14580   16947 e: -14.0 r:  58.3 OK
US_Connecticut_Fairfield=Confirmed i:  91  29  36          . p:   15770   16947 e:  -6.9 r:  59.1 OK
US_Connecticut_Fairfield=Confirmed i:  92  30  37  4/24/2020 p:   15770   16947 e:  -6.9 r:  60.3 OK
US_Connecticut_Fairfield=Confirmed i:  93  31  38          . p:   15770   16947 e:  -6.9 r:  61.2 OK
US_Connecticut_Fairfield=Confirmed i:  94  32  39  4/26/2020 p:   15770   16947 e:  -6.9 r:  62.1 OK
US_Connecticut_Fairfield=Confirmed i:  95  33  40          . p:   15770   16947 e:  -6.9 r:  63.5 OK
US_Connecticut_Fairfield=Confirmed i:  96  34  41  4/28/2020 p:   15770   16947 e:  -6.9 r:  64.2 OK
US_Connecticut_Fairfield=Confirmed i:  97  35  42          . p:   15504   16947 e:  -8.5 r:  64.8 OK
US_Connecticut_Fairfield=Confirmed i:  98  36  43  4/30/2020 p:   15175   16947 e: -10.5 r:  66.6 OK
US_Connecticut_Fairfield=Confirmed i:  99  37  44          . p:   15175   16947 e: -10.5 r:  68.5 OK
US_Connecticut_Fairfield=Confirmed i: 100  38  45   5/2/2020 p:   15175   16947 e: -10.5 r:  69.6 OK
US_Connecticut_Fairfield=Confirmed i: 101  39  46          . p:   15175   16947 e: -10.5 r:  70.9 OK
US_Connecticut_Fairfield=Confirmed i: 102  40  47   5/4/2020 p:   15175   16947 e: -10.5 r:  72.3 OK
US_Connecticut_Fairfield=Confirmed i: 103  41  48          . p:   15175   16947 e: -10.5 r:  72.9 OK
US_Connecticut_Fairfield=Confirmed i: 104  42  49   5/6/2020 p:   15175   16947 e: -10.5 r:  73.5 OK
US_Connecticut_Fairfield=Confirmed i: 105  43  50          . p:   15175   16947 e: -10.5 r:  74.8 OK
US_Connecticut_Fairfield=Confirmed i: 106  44  51   5/8/2020 p:   15187   16947 e: -10.4 r:  76.0 OK
US_Connecticut_Fairfield=Confirmed i: 107  45  52          . p:   15175   16947 e: -10.5 r:  76.9 OK
US_Connecticut_Fairfield=Confirmed i: 108  46  53  5/10/2020 p:   15175   16947 e: -10.5 r:  78.1 OK
US_Connecticut_Fairfield=Confirmed i: 109  47  54          . p:   15175   16947 e: -10.5 r:  78.5 OK
US_Connecticut_Fairfield=Confirmed i: 110  48  55  5/12/2020 p:   15293   16947 e:  -9.8 r:  79.6 OK
US_Connecticut_Fairfield=Confirmed i: 111  49  56          . p:   15356   16947 e:  -9.4 r:  80.5 OK
US_Connecticut_Fairfield=Confirmed i: 112  50  57  5/14/2020 p:   15770   16947 e:  -6.9 r:  81.6 OK
US_Connecticut_Fairfield=Confirmed i: 113  51  58          . p:   15770   16947 e:  -6.9 r:  82.7 OK
US_Connecticut_Fairfield=Confirmed i: 114  52  59  5/16/2020 p:   15770   16947 e:  -6.9 r:  83.4 OK
US_Connecticut_Fairfield=Confirmed i: 115  53  60          . p:   15618   16947 e:  -7.8 r:  84.1 OK
US_Connecticut_Fairfield=Confirmed i: 116  54  61  5/18/2020 p:   15816   16947 e:  -6.7 r:  85.2 OK
US_Connecticut_Fairfield=Confirmed i: 117  55  62          . p:   16087   16947 e:  -5.1 r:  85.7 OK
US_Connecticut_Fairfield=Confirmed i: 118  56  63  5/20/2020 p:   16365   16947 e:  -3.4 r:  86.9 OK
US_Connecticut_Fairfield=Confirmed i: 119  57  64          . p:   16432   16947 e:  -3.0 r:  87.0 OK
US_Connecticut_Fairfield=Confirmed i: 120  58  65  5/22/2020 p:   16083   16947 e:  -5.1 r:  87.9 OK
US_Connecticut_Fairfield=Confirmed i: 121  59  66          . p:   16085   16947 e:  -5.1 r:  88.4 OK
US_Connecticut_Fairfield=Confirmed i: 122  60  67  5/24/2020 p:   16562   16947 e:  -2.3 r:  89.2 OK
US_Connecticut_Fairfield=Confirmed i: 123  61  68          . p:   16365   16947 e:  -3.4 r:  89.8 OK
US_Connecticut_Fairfield=Confirmed i: 124  62  69  5/26/2020 p:   16795   16947 e:  -0.9 r:  90.1 OK
US_Connecticut_Fairfield=Confirmed i: 125  63  70          . p:   16463   16947 e:  -2.9 r:  90.4 OK
US_Connecticut_Fairfield=Confirmed i: 126  64  71  5/28/2020 p:   16299   16947 e:  -3.8 r:  90.6 OK
US_Connecticut_Fairfield=Confirmed i: 127  65  72          . p:   16600   16947 e:  -2.0 r:  90.9 OK
US_Connecticut_Fairfield=Confirmed i: 128  66  73  5/30/2020 p:   16365   16947 e:  -3.4 r:  91.5 OK
US_Connecticut_Fairfield=Confirmed i: 129  67  74          . p:   16365   16947 e:  -3.4 r:  91.7 OK
US_Connecticut_Fairfield=Confirmed i: 130  68  75   6/1/2020 p:   16365   16947 e:  -3.4 r:  92.7 OK
US_Connecticut_Fairfield=Confirmed i: 131  69  76          . p:   16960   16947 e:   0.1 r:  93.1 OK
US_Connecticut_Fairfield=Confirmed i: 132  70  77   6/3/2020 p:   16960   16947 e:   0.1 r:  93.2 OK
US_Connecticut_Fairfield=Confirmed i: 133  71  78          . p:   16960   16947 e:   0.1 r:  93.5 OK
US_Connecticut_Fairfield=Confirmed i: 134  72  79   6/5/2020 p:   16960   16947 e:   0.1 r:  93.9 OK
US_Connecticut_Fairfield=Confirmed i: 135  73  80          . p:   16960   16947 e:   0.1 r:  94.5 OK
US_Connecticut_Fairfield=Confirmed i: 136  74  81   6/7/2020 p:   16960   16947 e:   0.1 r:  94.7 OK
US_Connecticut_Fairfield=Confirmed i: 137  75  82          . p:   16960   16947 e:   0.1 r:  95.0 OK
US_Connecticut_Fairfield=Confirmed i: 138  76  83   6/9/2020 p:   16897   16947 e:  -0.3 r:  95.0 OK
