
  # Process COVID TAB data
p1= 12 il= 124
p1= 12 il= 123
p1= 12 il= 122
p1= 12 il= 121
p1= 12 il= 120
Diamond_Princess=Deaths nl = 139, n1= 5 s1= 12 s2= 144 SD= 0 frac%= 0
Diamond_Princess=Deaths i:  35  35  36          . p:       4      12 e: -66.7 r:  33.3   
Diamond_Princess=Deaths i:  38  38  39   3/1/2020 p:      32      12 e: 166.7 r:  50.0   
Diamond_Princess=Deaths i:  39  39  40          . p:      10      12 e: -16.7 r:  50.0   
Diamond_Princess=Deaths i:  40  40  41   3/3/2020 p:       7      12 e: -41.7 r:  50.0   
Diamond_Princess=Deaths i:  41  41  42          . p:       6      12 e: -50.0 r:  50.0   
Diamond_Princess=Deaths i:  42  42  43   3/5/2020 p:      16      12 e:  33.3 r:  50.0   
Diamond_Princess=Deaths i:  51  51  52          . p:       0      12 e: -100.0 r:  58.3   
Diamond_Princess=Deaths i:  52  52  53  3/15/2020 p:       6      12 e: -50.0 r:  58.3   
Diamond_Princess=Deaths i:  53  53  54          . p:       6      12 e: -50.0 r:  58.3   
Diamond_Princess=Deaths i:  54  54  55  3/17/2020 p:       6      12 e: -50.0 r:  58.3   
Diamond_Princess=Deaths i:  55  55  56          . p:       6      12 e: -50.0 r:  58.3   
Diamond_Princess=Deaths i:  56  56  57  3/19/2020 p:       6      12 e: -50.0 r:  58.3   
Diamond_Princess=Deaths i:  57  57  58          . p:       6      12 e: -50.0 r:  58.3   
Diamond_Princess=Deaths i:  59  59  60          . p:      18      12 e:  50.0 r:  66.7   
Diamond_Princess=Deaths i:  60  60  61  3/23/2020 p:       9      12 e: -25.0 r:  66.7   
Diamond_Princess=Deaths i:  65  65  66          . p:      21      12 e:  75.0 r:  83.3   
Diamond_Princess=Deaths i:  66  66  67  3/29/2020 p:      15      12 e:  25.0 r:  83.3   
Diamond_Princess=Deaths i:  67   0  68          . p:      13      12 e:   8.3 r:  83.3 OK 1st
Diamond_Princess=Deaths i:  68   1  69  3/31/2020 p:      17      12 e:  41.7 r:  83.3   
Diamond_Princess=Deaths i:  69   2  70          . p:      12      12 e:   0.0 r:  91.7 OK
Diamond_Princess=Deaths i:  70   3  71   4/2/2020 p:      12      12 e:   0.0 r:  91.7 OK
Diamond_Princess=Deaths i:  71   4  72          . p:      10      12 e: -16.7 r:  91.7   
Diamond_Princess=Deaths i:  72   5  73   4/4/2020 p:      10      12 e: -16.7 r:  91.7   
Diamond_Princess=Deaths i:  73   6  74          . p:      10      12 e: -16.7 r:  91.7   
Diamond_Princess=Deaths i:  74   7  75   4/6/2020 p:      10      12 e: -16.7 r:  91.7   
Diamond_Princess=Deaths i:  75   8  76          . p:      10      12 e: -16.7 r:  91.7   
Diamond_Princess=Deaths i:  76   9  77   4/8/2020 p:      10      12 e: -16.7 r:  91.7   
Diamond_Princess=Deaths i:  77  10  78          . p:      10      12 e: -16.7 r:  91.7   
Diamond_Princess=Deaths i:  78  11  79  4/10/2020 p:      10      12 e: -16.7 r:  91.7   
Diamond_Princess=Deaths i:  79  12  80          . p:      10      12 e: -16.7 r:  91.7   
Diamond_Princess=Deaths i:  80  13  81  4/12/2020 p:      10      12 e: -16.7 r:  91.7   
Diamond_Princess=Deaths i:  81  14  82          . p:      10      12 e: -16.7 r:  91.7   
Diamond_Princess=Deaths i:  82  15  83  4/14/2020 p:      14      12 e:  16.7 r: 100.0   
Diamond_Princess=Deaths i:  83  16  84          . p:      13      12 e:   8.3 r: 100.0 OK
Diamond_Princess=Deaths i:  84  17  85  4/16/2020 p:      13      12 e:   8.3 r: 100.0 OK
Diamond_Princess=Deaths i:  85  18  86          . p:      13      12 e:   8.3 r: 108.3 OK
Diamond_Princess=Deaths i:  86  19  87  4/18/2020 p:      17      12 e:  41.7 r: 108.3   
Diamond_Princess=Deaths i:  87  20  88          . p:      16      12 e:  33.3 r: 108.3   
Diamond_Princess=Deaths i:  88  21  89  4/20/2020 p:      16      12 e:  33.3 r: 108.3   
Diamond_Princess=Deaths i:  89  22  90          . p:      16      12 e:  33.3 r: 108.3   
Diamond_Princess=Deaths i:  90  23  91  4/22/2020 p:      16      12 e:  33.3 r: 108.3   
Diamond_Princess=Deaths i:  91  24  92          . p:      16      12 e:  33.3 r: 108.3   
Diamond_Princess=Deaths i:  92  25  93  4/24/2020 p:      16      12 e:  33.3 r: 108.3   
Diamond_Princess=Deaths i:  93  26  94          . p:      15      12 e:  25.0 r: 108.3   
Diamond_Princess=Deaths i:  94  27  95  4/26/2020 p:      15      12 e:  25.0 r: 108.3   
Diamond_Princess=Deaths i:  95  28  96          . p:      15      12 e:  25.0 r: 108.3   
Diamond_Princess=Deaths i:  96  29  97  4/28/2020 p:      15      12 e:  25.0 r: 108.3   
Diamond_Princess=Deaths i:  97  30  98          . p:      15      12 e:  25.0 r: 108.3   
Diamond_Princess=Deaths i:  98  31  99  4/30/2020 p:      15      12 e:  25.0 r: 108.3   
Diamond_Princess=Deaths i:  99  32 100          . p:      15      12 e:  25.0 r: 108.3   
Diamond_Princess=Deaths i: 100  33 101   5/2/2020 p:      15      12 e:  25.0 r: 108.3   
Diamond_Princess=Deaths i: 101  34 102          . p:      15      12 e:  25.0 r: 108.3   
Diamond_Princess=Deaths i: 102  35 103   5/4/2020 p:      14      12 e:  16.7 r: 108.3   
Diamond_Princess=Deaths i: 103  36 104          . p:      13      12 e:   8.3 r: 108.3 OK
Diamond_Princess=Deaths i: 104  37 105   5/6/2020 p:      14      12 e:  16.7 r: 108.3   
Diamond_Princess=Deaths i: 105  38 106          . p:      14      12 e:  16.7 r: 108.3   
Diamond_Princess=Deaths i: 106  39 107   5/8/2020 p:      14      12 e:  16.7 r: 108.3   
Diamond_Princess=Deaths i: 107  40 108          . p:      14      12 e:  16.7 r: 108.3   
Diamond_Princess=Deaths i: 108  41 109  5/10/2020 p:      14      12 e:  16.7 r: 108.3   
Diamond_Princess=Deaths i: 109  42 110          . p:      13      12 e:   8.3 r: 108.3 OK
Diamond_Princess=Deaths i: 110  43 111  5/12/2020 p:      13      12 e:   8.3 r: 108.3 OK
Diamond_Princess=Deaths i: 111  44 112          . p:      13      12 e:   8.3 r: 108.3 OK
Diamond_Princess=Deaths i: 112  45 113  5/14/2020 p:      13      12 e:   8.3 r: 108.3 OK
Diamond_Princess=Deaths i: 113  46 114          . p:      13      12 e:   8.3 r: 108.3 OK
Diamond_Princess=Deaths i: 114  47 115  5/16/2020 p:      13      12 e:   8.3 r: 108.3 OK
Diamond_Princess=Deaths i: 115  48 116          . p:      13      12 e:   8.3 r: 108.3 OK
Diamond_Princess=Deaths i: 116  49 117  5/18/2020 p:      13      12 e:   8.3 r: 108.3 OK
Diamond_Princess=Deaths i: 117  50 118          . p:      12      12 e:   0.0 r: 108.3 OK
Diamond_Princess=Deaths i: 118  51 119  5/20/2020 p:      12      12 e:   0.0 r: 108.3 OK
Diamond_Princess=Deaths i: 119  52 120          . p:      12      12 e:   0.0 r: 108.3 OK
Diamond_Princess=Deaths i: 120  53 121  5/22/2020 p:      12      12 e:   0.0 r: 108.3 OK
Diamond_Princess=Deaths i: 121  54 122          . p:      12      12 e:   0.0 r: 108.3 OK
Diamond_Princess=Deaths i: 122  55 123  5/24/2020 p:      12      12 e:   0.0 r: 108.3 OK
Diamond_Princess=Deaths i: 123  56 124          . p:      12      12 e:   0.0 r: 108.3 OK
Diamond_Princess=Deaths i: 124  57 125  5/26/2020 p:      12      12 e:   0.0 r: 108.3 OK
