
  # Process COVID TAB data
p1= - il= 138
p1= - il= 137
p1= 2144709 il= 136
p1= 2062746 il= 135
p1= 1980782 il= 134
Brazil=Confirmed nl = 139, n1= 5 s1= 1237647.4 s2= 2555639017344.2 SD= 1011863.59289058 frac%= 81.7570168119437
Brazil=Confirmed i:  42  42  -7   3/5/2020 p:   13660 1237647 e: -98.9 r:   0.0   
Brazil=Confirmed i:  45  45  -4          . p:   13660 1237647 e: -98.9 r:   0.0   
Brazil=Confirmed i:  46  46  -3   3/9/2020 p:   13660 1237647 e: -98.9 r:   0.0   
Brazil=Confirmed i:  47  47  -2          . p:   13660 1237647 e: -98.9 r:   0.0   
Brazil=Confirmed i:  48  48  -1  3/11/2020 p:   13660 1237647 e: -98.9 r:   0.0   
Brazil=Confirmed i:  49  49   0          . p:   13660 1237647 e: -98.9 r:   0.0   
Brazil=Confirmed i:  53  53   4          . p:   13660 1237647 e: -98.9 r:   0.0   
Brazil=Confirmed i:  54  54   5  3/17/2020 p:   13660 1237647 e: -98.9 r:   0.0   
Brazil=Confirmed i:  55  55   6          . p:   13660 1237647 e: -98.9 r:   0.0   
Brazil=Confirmed i:  56  56   7  3/19/2020 p:   13660 1237647 e: -98.9 r:   0.1   
Brazil=Confirmed i:  57  57   8          . p:   40981 1237647 e: -96.7 r:   0.1   
Brazil=Confirmed i:  58  58   9  3/21/2020 p:   13660 1237647 e: -98.9 r:   0.1   
Brazil=Confirmed i:  59   0  10          . p: 1407038 1237647 e:  13.7 r:   0.1 OK 1st
Brazil=Confirmed i:  60   1  11  3/23/2020 p:   40981 1237647 e: -96.7 r:   0.2   
Brazil=Confirmed i:  61   2  12          . p:   13660 1237647 e: -98.9 r:   0.2   
Brazil=Confirmed i:  62   3  13  3/25/2020 p:   13660 1237647 e: -98.9 r:   0.2   
Brazil=Confirmed i:  63   4  14          . p:   13660 1237647 e: -98.9 r:   0.2   
Brazil=Confirmed i:  64   5  15  3/27/2020 p:   13660 1237647 e: -98.9 r:   0.3   
Brazil=Confirmed i:  65   6  16          . p:   13660 1237647 e: -98.9 r:   0.3   
Brazil=Confirmed i:  66   7  17  3/29/2020 p:   13660 1237647 e: -98.9 r:   0.3   
Brazil=Confirmed i:  67   8  18          . p:   13660 1237647 e: -98.9 r:   0.4   
Brazil=Confirmed i:  68   9  19  3/31/2020 p:   13660 1237647 e: -98.9 r:   0.5   
Brazil=Confirmed i:  69  10  20          . p:   40981 1237647 e: -96.7 r:   0.6   
Brazil=Confirmed i:  70  11  21   4/2/2020 p:   40981 1237647 e: -96.7 r:   0.6   
Brazil=Confirmed i:  71  12  22          . p:   40981 1237647 e: -96.7 r:   0.7   
Brazil=Confirmed i:  72  13  23   4/4/2020 p:   68302 1237647 e: -94.5 r:   0.8   
Brazil=Confirmed i:  73  14  24          . p:   68302 1237647 e: -94.5 r:   0.9   
Brazil=Confirmed i:  74  15  25   4/6/2020 p:   68302 1237647 e: -94.5 r:   1.0   
Brazil=Confirmed i:  75  16  26          . p:   68302 1237647 e: -94.5 r:   1.1   
Brazil=Confirmed i:  76  17  27   4/8/2020 p:   68302 1237647 e: -94.5 r:   1.3   
Brazil=Confirmed i:  77  18  28          . p:   95623 1237647 e: -92.3 r:   1.5   
Brazil=Confirmed i:  78  19  29  4/10/2020 p:   95623 1237647 e: -92.3 r:   1.6   
Brazil=Confirmed i:  79  20  30          . p:   95623 1237647 e: -92.3 r:   1.7   
Brazil=Confirmed i:  80  21  31  4/12/2020 p:   99585 1237647 e: -92.0 r:   1.8   
Brazil=Confirmed i:  81  22  32          . p:   97350 1237647 e: -92.1 r:   1.9   
Brazil=Confirmed i:  82  23  33  4/14/2020 p:   95399 1237647 e: -92.3 r:   2.0   
Brazil=Confirmed i:  83  24  34          . p:   95623 1237647 e: -92.3 r:   2.3   
Brazil=Confirmed i:  84  25  35  4/16/2020 p:   95623 1237647 e: -92.3 r:   2.5   
Brazil=Confirmed i:  85  26  36          . p:  122945 1237647 e: -90.1 r:   2.7   
Brazil=Confirmed i:  86  27  37  4/18/2020 p:  122945 1237647 e: -90.1 r:   3.0   
Brazil=Confirmed i:  87  28  38          . p:  150266 1237647 e: -87.9 r:   3.1   
Brazil=Confirmed i:  88  29  39  4/20/2020 p:  150266 1237647 e: -87.9 r:   3.3   
Brazil=Confirmed i:  89  30  40          . p:  150266 1237647 e: -87.9 r:   3.5   
Brazil=Confirmed i:  90  31  41  4/22/2020 p:  150266 1237647 e: -87.9 r:   3.7   
Brazil=Confirmed i:  91  32  42          . p:  150266 1237647 e: -87.9 r:   4.0   
Brazil=Confirmed i:  92  33  43  4/24/2020 p:  150266 1237647 e: -87.9 r:   4.4   
Brazil=Confirmed i:  93  34  44          . p:  177587 1237647 e: -85.7 r:   4.8   
Brazil=Confirmed i:  94  35  45  4/26/2020 p:  177587 1237647 e: -85.7 r:   5.1   
Brazil=Confirmed i:  95  36  46          . p:  204908 1237647 e: -83.4 r:   5.4   
Brazil=Confirmed i:  96  37  47  4/28/2020 p:  204908 1237647 e: -83.4 r:   5.9   
Brazil=Confirmed i:  97  38  48          . p:  232229 1237647 e: -81.2 r:   6.4   
Brazil=Confirmed i:  98  39  49  4/30/2020 p:  259550 1237647 e: -79.0 r:   7.0   
Brazil=Confirmed i:  99  40  50          . p:  286871 1237647 e: -76.8 r:   7.4   
Brazil=Confirmed i: 100  41  51   5/2/2020 p:  314193 1237647 e: -74.6 r:   7.8   
Brazil=Confirmed i: 101  42  52          . p:  314193 1237647 e: -74.6 r:   8.2   
Brazil=Confirmed i: 102  43  53   5/4/2020 p:  341514 1237647 e: -72.4 r:   8.8   
Brazil=Confirmed i: 103  44  54          . p:  368835 1237647 e: -70.2 r:   9.3   
Brazil=Confirmed i: 104  45  55   5/6/2020 p:  368835 1237647 e: -70.2 r:  10.2   
Brazil=Confirmed i: 105  46  56          . p:  423477 1237647 e: -65.8 r:  11.0   
Brazil=Confirmed i: 106  47  57   5/8/2020 p:  450798 1237647 e: -63.6 r:  11.9   
Brazil=Confirmed i: 107  48  58          . p:  478119 1237647 e: -61.4 r:  12.6   
Brazil=Confirmed i: 108  49  59  5/10/2020 p:  505441 1237647 e: -59.2 r:  13.1   
Brazil=Confirmed i: 109  50  60          . p:  532762 1237647 e: -57.0 r:  13.7   
Brazil=Confirmed i: 110  51  61  5/12/2020 p:  560083 1237647 e: -54.7 r:  14.4   
Brazil=Confirmed i: 111  52  62          . p:  587404 1237647 e: -52.5 r:  15.4   
Brazil=Confirmed i: 112  53  63  5/14/2020 p:  614725 1237647 e: -50.3 r:  16.4   
Brazil=Confirmed i: 113  54  64          . p:  669367 1237647 e: -45.9 r:  17.8   
Brazil=Confirmed i: 114  55  65  5/16/2020 p:  696689 1237647 e: -43.7 r:  18.9   
Brazil=Confirmed i: 115  56  66          . p:  751331 1237647 e: -39.3 r:  19.5   
Brazil=Confirmed i: 116  57  67  5/18/2020 p:  778652 1237647 e: -37.1 r:  20.6   
Brazil=Confirmed i: 117  58  68          . p:  833294 1237647 e: -32.7 r:  22.0   
Brazil=Confirmed i: 118  59  69  5/20/2020 p:  887937 1237647 e: -28.3 r:  23.6   
Brazil=Confirmed i: 119  60  70          . p:  942579 1237647 e: -23.8 r:  25.1   
Brazil=Confirmed i: 120  61  71  5/22/2020 p:  997221 1237647 e: -19.4 r:  26.7   
Brazil=Confirmed i: 121  62  72          . p: 1079185 1237647 e: -12.8 r:  28.1 OK
Brazil=Confirmed i: 122  63  73  5/24/2020 p: 1133827 1237647 e:  -8.4 r:  29.3 OK
Brazil=Confirmed i: 123  64  74          . p: 1188469 1237647 e:  -4.0 r:  30.3 OK
Brazil=Confirmed i: 124  65  75  5/26/2020 p: 1243111 1237647 e:   0.4 r:  31.6 OK
Brazil=Confirmed i: 125  66  76          . p: 1297754 1237647 e:   4.9 r:  33.3 OK
Brazil=Confirmed i: 126  67  77  5/28/2020 p: 1352396 1237647 e:   9.3 r:  35.4 OK
Brazil=Confirmed i: 127  68  78          . p: 1434359 1237647 e:  15.9 r:  37.6   
Brazil=Confirmed i: 128  69  79  5/30/2020 p: 1516323 1237647 e:  22.5 r:  40.3   
Brazil=Confirmed i: 129  70  80          . p: 1598286 1237647 e:  29.1 r:  41.6   
Brazil=Confirmed i: 130  71  81   6/1/2020 p: 1652929 1237647 e:  33.6 r:  42.5   
Brazil=Confirmed i: 131  72  82          . p: 1734892 1237647 e:  40.2 r:  44.9   
Brazil=Confirmed i: 132  73  83   6/3/2020 p: 1816855 1237647 e:  46.8 r:  47.2   
Brazil=Confirmed i: 133  74  84          . p: 1898819 1237647 e:  53.4 r:  49.7   
Brazil=Confirmed i: 134  75  85   6/5/2020 p: 1980782 1237647 e:  60.0 r:  52.2   
Brazil=Confirmed i: 135  76  86          . p: 2062746 1237647 e:  66.7 r:  54.4   
Brazil=Confirmed i: 136  77  87   6/7/2020 p: 2144709 1237647 e:  73.3 r:  55.9   
Brazil=Confirmed i: 137  78  88          . p:       0 1237647 e: -100.0 r:  57.2   
Brazil=Confirmed i: 138  79  89   6/9/2020 p:       0 1237647 e: -100.0 r:  59.8   
