
  # Process COVID TAB data
p1= 348 il= 138
p1= 348 il= 137
p1= 348 il= 136
p1= 336 il= 135
p1= 336 il= 134
US_Pennsylvania_Lancaster=Deaths nl = 139, n1= 5 s1= 343.2 s2= 117820.8 SD= 5.87877538268067 frac%= 1.71292989005847
US_Pennsylvania_Lancaster=Deaths i:  71  71  -6          . p:      17     343 e: -95.0 r:   1.5   
US_Pennsylvania_Lancaster=Deaths i:  72  72  -5   4/4/2020 p:       9     343 e: -97.4 r:   1.5   
US_Pennsylvania_Lancaster=Deaths i:  76  76  -1   4/8/2020 p:      29     343 e: -91.6 r:   4.1   
US_Pennsylvania_Lancaster=Deaths i:  77  77   0          . p:      17     343 e: -95.0 r:   5.0   
US_Pennsylvania_Lancaster=Deaths i:  78  78   1  4/10/2020 p:      41     343 e: -88.1 r:   6.1   
US_Pennsylvania_Lancaster=Deaths i:  79  79   2          . p:      41     343 e: -88.1 r:   6.7   
US_Pennsylvania_Lancaster=Deaths i:  80  80   3  4/12/2020 p:      39     343 e: -88.6 r:   7.0   
US_Pennsylvania_Lancaster=Deaths i:  81  81   4          . p:      23     343 e: -93.3 r:   7.0   
US_Pennsylvania_Lancaster=Deaths i:  84  84   7  4/16/2020 p:      52     343 e: -84.8 r:   9.6   
US_Pennsylvania_Lancaster=Deaths i:  85  85   8          . p:      52     343 e: -84.8 r:  10.2   
US_Pennsylvania_Lancaster=Deaths i:  86  86   9  4/18/2020 p:      47     343 e: -86.3 r:  10.5   
US_Pennsylvania_Lancaster=Deaths i:  90  90  13  4/22/2020 p:     107     343 e: -68.8 r:  31.2   
US_Pennsylvania_Lancaster=Deaths i:  95  95  18          . p:     171     343 e: -50.2 r:  44.3   
US_Pennsylvania_Lancaster=Deaths i:  96  96  19  4/28/2020 p:     195     343 e: -43.2 r:  47.8   
US_Pennsylvania_Lancaster=Deaths i:  97  97  20          . p:     183     343 e: -46.7 r:  47.8   
US_Pennsylvania_Lancaster=Deaths i:  98  98  21  4/30/2020 p:     183     343 e: -46.7 r:  49.5   
US_Pennsylvania_Lancaster=Deaths i:  99  99  22          . p:     179     343 e: -47.8 r:  50.4   
US_Pennsylvania_Lancaster=Deaths i: 100 100  23   5/2/2020 p:     176     343 e: -48.7 r:  50.4   
US_Pennsylvania_Lancaster=Deaths i: 101 101  24          . p:     175     343 e: -49.0 r:  50.4   
US_Pennsylvania_Lancaster=Deaths i: 103 103  26          . p:     218     343 e: -36.5 r:  57.7   
US_Pennsylvania_Lancaster=Deaths i: 104 104  27   5/6/2020 p:     277     343 e: -19.3 r:  60.0   
US_Pennsylvania_Lancaster=Deaths i: 105 105  28          . p:     242     343 e: -29.5 r:  62.9   
US_Pennsylvania_Lancaster=Deaths i: 106 106  29   5/8/2020 p:     254     343 e: -26.0 r:  64.7   
US_Pennsylvania_Lancaster=Deaths i: 107 107  30          . p:     242     343 e: -29.5 r:  64.7   
US_Pennsylvania_Lancaster=Deaths i: 108 108  31  5/10/2020 p:     242     343 e: -29.5 r:  66.4   
US_Pennsylvania_Lancaster=Deaths i: 109 109  32          . p:     265     343 e: -22.8 r:  67.9   
US_Pennsylvania_Lancaster=Deaths i: 110 110  33  5/12/2020 p:     277     343 e: -19.3 r:  69.6   
US_Pennsylvania_Lancaster=Deaths i: 111 111  34          . p:     277     343 e: -19.3 r:  70.2   
US_Pennsylvania_Lancaster=Deaths i: 112 112  35  5/14/2020 p:     277     343 e: -19.3 r:  71.4   
US_Pennsylvania_Lancaster=Deaths i: 113 113  36          . p:     277     343 e: -19.3 r:  72.6   
US_Pennsylvania_Lancaster=Deaths i: 114 114  37  5/16/2020 p:     286     343 e: -16.7 r:  73.7   
US_Pennsylvania_Lancaster=Deaths i: 115 115  38          . p:     282     343 e: -17.8 r:  74.3   
US_Pennsylvania_Lancaster=Deaths i: 116 116  39  5/18/2020 p:     289     343 e: -15.8 r:  76.6   
US_Pennsylvania_Lancaster=Deaths i: 117 117  40          . p:     289     343 e: -15.8 r:  76.6   
US_Pennsylvania_Lancaster=Deaths i: 118 118  41  5/20/2020 p:     289     343 e: -15.8 r:  77.5   
US_Pennsylvania_Lancaster=Deaths i: 119   0  42          . p:     295     343 e: -14.0 r:  78.4 OK 1st
US_Pennsylvania_Lancaster=Deaths i: 120   1  43  5/22/2020 p:     297     343 e: -13.5 r:  79.3 OK
US_Pennsylvania_Lancaster=Deaths i: 121   2  44          . p:     301     343 e: -12.3 r:  81.3 OK
US_Pennsylvania_Lancaster=Deaths i: 122   3  45  5/24/2020 p:     301     343 e: -12.3 r:  81.3 OK
US_Pennsylvania_Lancaster=Deaths i: 123   4  46          . p:     313     343 e:  -8.8 r:  81.6 OK
US_Pennsylvania_Lancaster=Deaths i: 124   5  47  5/26/2020 p:     304     343 e: -11.4 r:  81.9 OK
US_Pennsylvania_Lancaster=Deaths i: 125   6  48          . p:     307     343 e: -10.5 r:  82.2 OK
US_Pennsylvania_Lancaster=Deaths i: 126   7  49  5/28/2020 p:     307     343 e: -10.5 r:  83.3 OK
US_Pennsylvania_Lancaster=Deaths i: 127   8  50          . p:     310     343 e:  -9.7 r:  85.1 OK
US_Pennsylvania_Lancaster=Deaths i: 128   9  51  5/30/2020 p:     313     343 e:  -8.8 r:  86.0 OK
US_Pennsylvania_Lancaster=Deaths i: 129  10  52          . p:     313     343 e:  -8.8 r:  86.5 OK
US_Pennsylvania_Lancaster=Deaths i: 130  11  53   6/1/2020 p:     313     343 e:  -8.8 r:  86.5 OK
US_Pennsylvania_Lancaster=Deaths i: 131  12  54          . p:     325     343 e:  -5.3 r:  89.2 OK
US_Pennsylvania_Lancaster=Deaths i: 132  13  55   6/3/2020 p:     325     343 e:  -5.3 r:  90.3 OK
US_Pennsylvania_Lancaster=Deaths i: 133  14  56          . p:     336     343 e:  -2.1 r:  91.8 OK
US_Pennsylvania_Lancaster=Deaths i: 134  15  57   6/5/2020 p:     336     343 e:  -2.1 r:  92.4 OK
US_Pennsylvania_Lancaster=Deaths i: 135  16  58          . p:     336     343 e:  -2.1 r:  92.4 OK
US_Pennsylvania_Lancaster=Deaths i: 136  17  59   6/7/2020 p:     348     343 e:   1.4 r:  92.7 OK
US_Pennsylvania_Lancaster=Deaths i: 137  18  60          . p:     348     343 e:   1.4 r:  92.7 OK
US_Pennsylvania_Lancaster=Deaths i: 138  19  61   6/9/2020 p:     348     343 e:   1.4 r:  93.2 OK
