
  # Process COVID TAB data
p1= 9104 il= 138
p1= 9097 il= 137
p1= 9159 il= 136
p1= 9159 il= 135
p1= 9089 il= 134
US_Massachusetts_Plymouth=Confirmed nl = 139, n1= 5 s1= 9121.6 s2= 83204541.6 SD= 30.9037214586149 frac%= 0.338797156843261
US_Massachusetts_Plymouth=Confirmed i:  60  60  -1  3/23/2020 p:     155    9121 e: -98.3 r:   0.4   
US_Massachusetts_Plymouth=Confirmed i:  61  61   0          . p:    4502    9121 e: -50.6 r:   0.7   
US_Massachusetts_Plymouth=Confirmed i:  64  64   3  3/27/2020 p:    1086    9121 e: -88.1 r:   2.1   
US_Massachusetts_Plymouth=Confirmed i:  65  65   4          . p:    1397    9121 e: -84.7 r:   3.0   
US_Massachusetts_Plymouth=Confirmed i:  66  66   5  3/29/2020 p:    1086    9121 e: -88.1 r:   3.6   
US_Massachusetts_Plymouth=Confirmed i:  67  67   6          . p:     776    9121 e: -91.5 r:   4.2   
US_Massachusetts_Plymouth=Confirmed i:  68  68   7  3/31/2020 p:    1086    9121 e: -88.1 r:   5.0   
US_Massachusetts_Plymouth=Confirmed i:  69  69   8          . p:    1649    9121 e: -81.9 r:   6.2   
US_Massachusetts_Plymouth=Confirmed i:  70  70   9   4/2/2020 p:    1355    9121 e: -85.1 r:   6.8   
US_Massachusetts_Plymouth=Confirmed i:  71  71  10          . p:    2018    9121 e: -77.9 r:   8.2   
US_Massachusetts_Plymouth=Confirmed i:  72  72  11   4/4/2020 p:    2949    9121 e: -67.7 r:   9.8   
US_Massachusetts_Plymouth=Confirmed i:  73  73  12          . p:    2730    9121 e: -70.1 r:  10.6   
US_Massachusetts_Plymouth=Confirmed i:  74  74  13   4/6/2020 p:    2648    9121 e: -71.0 r:  11.7   
US_Massachusetts_Plymouth=Confirmed i:  75  75  14          . p:    2743    9121 e: -69.9 r:  13.1   
US_Massachusetts_Plymouth=Confirmed i:  76  76  15   4/8/2020 p:    2885    9121 e: -68.4 r:  14.5   
US_Massachusetts_Plymouth=Confirmed i:  77  77  16          . p:    3260    9121 e: -64.3 r:  16.5   
US_Massachusetts_Plymouth=Confirmed i:  78  78  17  4/10/2020 p:    3570    9121 e: -60.9 r:  18.4   
US_Massachusetts_Plymouth=Confirmed i:  79  79  18          . p:    3881    9121 e: -57.5 r:  19.8   
US_Massachusetts_Plymouth=Confirmed i:  80  80  19  4/12/2020 p:    4191    9121 e: -54.1 r:  22.2   
US_Massachusetts_Plymouth=Confirmed i:  81  81  20          . p:    4502    9121 e: -50.6 r:  23.5   
US_Massachusetts_Plymouth=Confirmed i:  82  82  21  4/14/2020 p:    4345    9121 e: -52.4 r:  24.2   
US_Massachusetts_Plymouth=Confirmed i:  83  83  22          . p:    4304    9121 e: -52.8 r:  25.3   
US_Massachusetts_Plymouth=Confirmed i:  84  84  23  4/16/2020 p:    4308    9121 e: -52.8 r:  27.0   
US_Massachusetts_Plymouth=Confirmed i:  85  85  24          . p:    4191    9121 e: -54.1 r:  28.3   
US_Massachusetts_Plymouth=Confirmed i:  86  86  25  4/18/2020 p:    4191    9121 e: -54.1 r:  29.5   
US_Massachusetts_Plymouth=Confirmed i:  87  87  26          . p:    4191    9121 e: -54.1 r:  31.0   
US_Massachusetts_Plymouth=Confirmed i:  88  88  27  4/20/2020 p:    4191    9121 e: -54.1 r:  32.2   
US_Massachusetts_Plymouth=Confirmed i:  89  89  28          . p:    4401    9121 e: -51.8 r:  33.4   
US_Massachusetts_Plymouth=Confirmed i:  90  90  29  4/22/2020 p:    4812    9121 e: -47.2 r:  35.7   
US_Massachusetts_Plymouth=Confirmed i:  91  91  30          . p:    5123    9121 e: -43.8 r:  38.7   
US_Massachusetts_Plymouth=Confirmed i:  92  92  31  4/24/2020 p:    6186    9121 e: -32.2 r:  45.6   
US_Massachusetts_Plymouth=Confirmed i:  93  93  32          . p:    6675    9121 e: -26.8 r:  48.0   
US_Massachusetts_Plymouth=Confirmed i:  94  94  33  4/26/2020 p:    5123    9121 e: -43.8 r:  49.3   
US_Massachusetts_Plymouth=Confirmed i:  95  95  34          . p:    4812    9121 e: -47.2 r:  50.5   
US_Massachusetts_Plymouth=Confirmed i:  96  96  35  4/28/2020 p:    7606    9121 e: -16.6 r:  52.0   
US_Massachusetts_Plymouth=Confirmed i:  97  97  36          . p:    7606    9121 e: -16.6 r:  53.4   
US_Massachusetts_Plymouth=Confirmed i:  98  98  37  4/30/2020 p:    7606    9121 e: -16.6 r:  55.7   
US_Massachusetts_Plymouth=Confirmed i:  99   0  38          . p:    7917    9121 e: -13.2 r:  57.7 OK 1st
US_Massachusetts_Plymouth=Confirmed i: 100   1  39   5/2/2020 p:    7917    9121 e: -13.2 r:  59.3 OK
US_Massachusetts_Plymouth=Confirmed i: 101   2  40          . p:    8227    9121 e:  -9.8 r:  60.4 OK
US_Massachusetts_Plymouth=Confirmed i: 102   3  41   5/4/2020 p:    8066    9121 e: -11.6 r:  61.4 OK
US_Massachusetts_Plymouth=Confirmed i: 103   4  42          . p:    8072    9121 e: -11.5 r:  62.9 OK
US_Massachusetts_Plymouth=Confirmed i: 104   5  43   5/6/2020 p:    8227    9121 e:  -9.8 r:  64.7 OK
US_Massachusetts_Plymouth=Confirmed i: 105   6  44          . p:    8227    9121 e:  -9.8 r:  66.7 OK
US_Massachusetts_Plymouth=Confirmed i: 106   7  45   5/8/2020 p:    8227    9121 e:  -9.8 r:  67.9 OK
US_Massachusetts_Plymouth=Confirmed i: 107   8  46          . p:   10090    9121 e:  10.6 r:  69.2 OK
US_Massachusetts_Plymouth=Confirmed i: 108   9  47  5/10/2020 p:    8274    9121 e:  -9.3 r:  70.0 OK
US_Massachusetts_Plymouth=Confirmed i: 109  10  48          . p:    8336    9121 e:  -8.6 r:  70.8 OK
US_Massachusetts_Plymouth=Confirmed i: 110  11  49  5/12/2020 p:    8231    9121 e:  -9.8 r:  71.3 OK
US_Massachusetts_Plymouth=Confirmed i: 111  12  50          . p:    9080    9121 e:  -0.5 r:  72.3 OK
US_Massachusetts_Plymouth=Confirmed i: 112  13  51  5/14/2020 p:    9034    9121 e:  -1.0 r:  74.3 OK
US_Massachusetts_Plymouth=Confirmed i: 113  14  52          . p:    8538    9121 e:  -6.4 r:  75.4 OK
US_Massachusetts_Plymouth=Confirmed i: 114  15  53  5/16/2020 p:    8848    9121 e:  -3.0 r:  76.6 OK
US_Massachusetts_Plymouth=Confirmed i: 115  16  54          . p:    8848    9121 e:  -3.0 r:  77.4 OK
US_Massachusetts_Plymouth=Confirmed i: 116  17  55  5/18/2020 p:    8848    9121 e:  -3.0 r:  78.3 OK
US_Massachusetts_Plymouth=Confirmed i: 117  18  56          . p:    8848    9121 e:  -3.0 r:  78.9 OK
US_Massachusetts_Plymouth=Confirmed i: 118  19  57  5/20/2020 p:    8819    9121 e:  -3.3 r:  79.8 OK
US_Massachusetts_Plymouth=Confirmed i: 119  20  58          . p:    8848    9121 e:  -3.0 r:  80.8 OK
US_Massachusetts_Plymouth=Confirmed i: 120  21  59  5/22/2020 p:    8848    9121 e:  -3.0 r:  81.4 OK
US_Massachusetts_Plymouth=Confirmed i: 121  22  60          . p:    8723    9121 e:  -4.4 r:  82.0 OK
US_Massachusetts_Plymouth=Confirmed i: 122  23  61  5/24/2020 p:    8770    9121 e:  -3.9 r:  82.9 OK
US_Massachusetts_Plymouth=Confirmed i: 123  24  62          . p:    8765    9121 e:  -3.9 r:  83.3 OK
US_Massachusetts_Plymouth=Confirmed i: 124  25  63  5/26/2020 p:    8767    9121 e:  -3.9 r:  83.7 OK
US_Massachusetts_Plymouth=Confirmed i: 125  26  64          . p:    8680    9121 e:  -4.8 r:  83.9 OK
US_Massachusetts_Plymouth=Confirmed i: 126  27  65  5/28/2020 p:    8594    9121 e:  -5.8 r:  84.7 OK
US_Massachusetts_Plymouth=Confirmed i: 127  28  66          . p:    8538    9121 e:  -6.4 r:  85.1 OK
US_Massachusetts_Plymouth=Confirmed i: 128  29  67  5/30/2020 p:    8538    9121 e:  -6.4 r:  85.7 OK
US_Massachusetts_Plymouth=Confirmed i: 129  30  68          . p:    8538    9121 e:  -6.4 r:  86.2 OK
US_Massachusetts_Plymouth=Confirmed i: 130  31  69   6/1/2020 p:    8938    9121 e:  -2.0 r:  89.9 OK
US_Massachusetts_Plymouth=Confirmed i: 131  32  70          . p:    9019    9121 e:  -1.1 r:  90.2 OK
US_Massachusetts_Plymouth=Confirmed i: 132  33  71   6/3/2020 p:    9110    9121 e:  -0.1 r:  90.4 OK
US_Massachusetts_Plymouth=Confirmed i: 133  34  72          . p:    9110    9121 e:  -0.1 r:  90.8 OK
US_Massachusetts_Plymouth=Confirmed i: 134  35  73   6/5/2020 p:    9089    9121 e:  -0.4 r:  91.1 OK
US_Massachusetts_Plymouth=Confirmed i: 135  36  74          . p:    9159    9121 e:   0.4 r:  91.5 OK
US_Massachusetts_Plymouth=Confirmed i: 136  37  75   6/7/2020 p:    9159    9121 e:   0.4 r:  91.7 OK
US_Massachusetts_Plymouth=Confirmed i: 137  38  76          . p:    9097    9121 e:  -0.3 r:  91.8 OK
US_Massachusetts_Plymouth=Confirmed i: 138  39  77   6/9/2020 p:    9104    9121 e:  -0.2 r:  92.1 OK
