
  # Process COVID TAB data
p1= 112 il= 138
p1= 120 il= 137
p1= 153 il= 136
p1= 137 il= 135
p1= 129 il= 134
US_North_Carolina_Mecklenburg=Deaths nl = 139, n1= 5 s1= 130.2 s2= 17152.6 SD= 14.1619207736804 frac%= 10.8770512854688
US_North_Carolina_Mecklenburg=Deaths i:  73  73 -10          . p:       4     130 e: -96.9 r:   3.1   
US_North_Carolina_Mecklenburg=Deaths i:  74  74  -9   4/6/2020 p:      67     130 e: -48.5 r:   5.4   
US_North_Carolina_Mecklenburg=Deaths i:  75  75  -8          . p:      14     130 e: -89.2 r:   5.4   
US_North_Carolina_Mecklenburg=Deaths i:  76  76  -7   4/8/2020 p:      26     130 e: -80.0 r:   7.7   
US_North_Carolina_Mecklenburg=Deaths i:  77  77  -6          . p:      18     130 e: -86.2 r:   7.7   
US_North_Carolina_Mecklenburg=Deaths i:  78  78  -5  4/10/2020 p:      18     130 e: -86.2 r:   7.7   
US_North_Carolina_Mecklenburg=Deaths i:  79  79  -4          . p:      17     130 e: -86.9 r:   9.2   
US_North_Carolina_Mecklenburg=Deaths i:  80  80  -3  4/12/2020 p:      12     130 e: -90.8 r:   9.2   
US_North_Carolina_Mecklenburg=Deaths i:  81  81  -2          . p:      12     130 e: -90.8 r:   9.2   
US_North_Carolina_Mecklenburg=Deaths i:  82  82  -1  4/14/2020 p:      22     130 e: -83.1 r:  11.5   
US_North_Carolina_Mecklenburg=Deaths i:  83  83   0          . p:      22     130 e: -83.1 r:  12.3   
US_North_Carolina_Mecklenburg=Deaths i:  85  85   2          . p:     161     130 e:  23.7 r:  18.4   
US_North_Carolina_Mecklenburg=Deaths i:  86  86   3  4/18/2020 p:      47     130 e: -63.9 r:  18.4   
US_North_Carolina_Mecklenburg=Deaths i:  87  87   4          . p:      75     130 e: -42.4 r:  22.3   
US_North_Carolina_Mecklenburg=Deaths i:  88   0   5  4/20/2020 p:     145     130 e:  11.4 r:  27.6 OK 1st
US_North_Carolina_Mecklenburg=Deaths i:  89   1   6          . p:     137     130 e:   5.2 r:  27.6 OK
US_North_Carolina_Mecklenburg=Deaths i:  90   2   7  4/22/2020 p:     108     130 e: -17.1 r:  27.6   
US_North_Carolina_Mecklenburg=Deaths i:  91   3   8          . p:      38     130 e: -70.8 r:  28.4   
US_North_Carolina_Mecklenburg=Deaths i:  92   4   9  4/24/2020 p:      38     130 e: -70.8 r:  28.4   
US_North_Carolina_Mecklenburg=Deaths i:  93   5  10          . p:      47     130 e: -63.9 r:  31.5   
US_North_Carolina_Mecklenburg=Deaths i:  94   6  11  4/26/2020 p:      47     130 e: -63.9 r:  31.5   
US_North_Carolina_Mecklenburg=Deaths i:  95   7  12          . p:      47     130 e: -63.9 r:  33.0   
US_North_Carolina_Mecklenburg=Deaths i:  96   8  13  4/28/2020 p:      47     130 e: -63.9 r:  33.0   
US_North_Carolina_Mecklenburg=Deaths i:  97   9  14          . p:      47     130 e: -63.9 r:  33.0   
US_North_Carolina_Mecklenburg=Deaths i:  98  10  15  4/30/2020 p:      67     130 e: -48.5 r:  36.1   
US_North_Carolina_Mecklenburg=Deaths i:  99  11  16          . p:      67     130 e: -48.5 r:  37.6   
US_North_Carolina_Mecklenburg=Deaths i: 100  12  17   5/2/2020 p:      67     130 e: -48.5 r:  37.6   
US_North_Carolina_Mecklenburg=Deaths i: 101  13  18          . p:      55     130 e: -57.8 r:  37.6   
US_North_Carolina_Mecklenburg=Deaths i: 102  14  19   5/4/2020 p:      63     130 e: -51.6 r:  39.2   
US_North_Carolina_Mecklenburg=Deaths i: 103  15  20          . p:      71     130 e: -45.5 r:  43.8   
US_North_Carolina_Mecklenburg=Deaths i: 104  16  21   5/6/2020 p:      75     130 e: -42.4 r:  44.5   
US_North_Carolina_Mecklenburg=Deaths i: 105  17  22          . p:      75     130 e: -42.4 r:  44.5   
US_North_Carolina_Mecklenburg=Deaths i: 106  18  23   5/8/2020 p:      75     130 e: -42.4 r:  44.5   
US_North_Carolina_Mecklenburg=Deaths i: 107  19  24          . p:      75     130 e: -42.4 r:  46.9   
US_North_Carolina_Mecklenburg=Deaths i: 108  20  25  5/10/2020 p:      75     130 e: -42.4 r:  46.9   
US_North_Carolina_Mecklenburg=Deaths i: 109  21  26          . p:      75     130 e: -42.4 r:  48.4   
US_North_Carolina_Mecklenburg=Deaths i: 110  22  27  5/12/2020 p:      75     130 e: -42.4 r:  48.4   
US_North_Carolina_Mecklenburg=Deaths i: 111  23  28          . p:      76     130 e: -41.6 r:  48.4   
US_North_Carolina_Mecklenburg=Deaths i: 112  24  29  5/14/2020 p:      74     130 e: -43.2 r:  48.4   
US_North_Carolina_Mecklenburg=Deaths i: 113  25  30          . p:      75     130 e: -42.4 r:  48.4   
US_North_Carolina_Mecklenburg=Deaths i: 114  26  31  5/16/2020 p:      73     130 e: -43.9 r:  48.4   
US_North_Carolina_Mecklenburg=Deaths i: 115  27  32          . p:      72     130 e: -44.7 r:  49.2   
US_North_Carolina_Mecklenburg=Deaths i: 116  28  33  5/18/2020 p:      71     130 e: -45.5 r:  49.2   
US_North_Carolina_Mecklenburg=Deaths i: 117  29  34          . p:      63     130 e: -51.6 r:  49.2   
US_North_Carolina_Mecklenburg=Deaths i: 119  31  36          . p:      74     130 e: -43.2 r:  53.0   
US_North_Carolina_Mecklenburg=Deaths i: 120  32  37  5/22/2020 p:      92     130 e: -29.3 r:  56.1   
US_North_Carolina_Mecklenburg=Deaths i: 121  33  38          . p:      96     130 e: -26.3 r:  56.1   
US_North_Carolina_Mecklenburg=Deaths i: 122  34  39  5/24/2020 p:      96     130 e: -26.3 r:  56.1   
US_North_Carolina_Mecklenburg=Deaths i: 123  35  40          . p:      96     130 e: -26.3 r:  56.1   
US_North_Carolina_Mecklenburg=Deaths i: 124  36  41  5/26/2020 p:      92     130 e: -29.3 r:  56.1   
US_North_Carolina_Mecklenburg=Deaths i: 125  37  42          . p:     116     130 e: -10.9 r:  61.4 OK
US_North_Carolina_Mecklenburg=Deaths i: 126  38  43  5/28/2020 p:     166     130 e:  27.5 r:  65.3   
US_North_Carolina_Mecklenburg=Deaths i: 127  39  44          . p:     248     130 e:  90.5 r:  67.6   
US_North_Carolina_Mecklenburg=Deaths i: 128  40  45  5/30/2020 p:      92     130 e: -29.3 r:  67.6   
US_North_Carolina_Mecklenburg=Deaths i: 129  41  46          . p:      88     130 e: -32.4 r:  68.4   
US_North_Carolina_Mecklenburg=Deaths i: 130  42  47   6/1/2020 p:      96     130 e: -26.3 r:  70.7   
US_North_Carolina_Mecklenburg=Deaths i: 131  43  48          . p:     108     130 e: -17.1 r:  73.0   
US_North_Carolina_Mecklenburg=Deaths i: 132  44  49   6/3/2020 p:     108     130 e: -17.1 r:  74.5   
US_North_Carolina_Mecklenburg=Deaths i: 133  45  50          . p:     133     130 e:   2.2 r:  78.3 OK
US_North_Carolina_Mecklenburg=Deaths i: 134  46  51   6/5/2020 p:     129     130 e:  -0.9 r:  78.3 OK
US_North_Carolina_Mecklenburg=Deaths i: 135  47  52          . p:     137     130 e:   5.2 r:  81.4 OK
US_North_Carolina_Mecklenburg=Deaths i: 136  48  53   6/7/2020 p:     153     130 e:  17.5 r:  83.7   
US_North_Carolina_Mecklenburg=Deaths i: 137  49  54          . p:     120     130 e:  -7.8 r:  84.5 OK
US_North_Carolina_Mecklenburg=Deaths i: 138  50  55   6/9/2020 p:     112     130 e: -14.0 r:  85.3 OK
