
  # Process COVID TAB data
p1= 8980 il= 138
p1= 8980 il= 137
p1= 8980 il= 136
p1= 8980 il= 135
p1= 8665 il= 134
US_Washington_King=Confirmed nl = 139, n1= 5 s1= 8917 s2= 79528765 SD= 126 frac%= 1.41303128854996
US_Washington_King=Confirmed i:  40  40  -6   3/3/2020 p:     157    8917 e: -98.2 r:   0.2   
US_Washington_King=Confirmed i:  41  41  -5          . p:     157    8917 e: -98.2 r:   0.3   
US_Washington_King=Confirmed i:  42  42  -4   3/5/2020 p:     157    8917 e: -98.2 r:   0.6   
US_Washington_King=Confirmed i:  43  43  -3          . p:     157    8917 e: -98.2 r:   0.7   
US_Washington_King=Confirmed i:  44  44  -2   3/7/2020 p:     157    8917 e: -98.2 r:   0.8   
US_Washington_King=Confirmed i:  45  45  -1          . p:     157    8917 e: -98.2 r:   0.9   
US_Washington_King=Confirmed i:  46  46   0   3/9/2020 p:     157    8917 e: -98.2 r:   0.9   
US_Washington_King=Confirmed i:  47  47   1          . p:     157    8917 e: -98.2 r:   1.3   
US_Washington_King=Confirmed i:  48  48   2  3/11/2020 p:    1417    8917 e: -84.1 r:   2.1   
US_Washington_King=Confirmed i:  49  49   3          . p:    2678    8917 e: -70.0 r:   3.0   
US_Washington_King=Confirmed i:  50  50   4  3/13/2020 p:    3938    8917 e: -55.8 r:   3.7   
US_Washington_King=Confirmed i:  51  51   5          . p:     787    8917 e: -91.2 r:   4.3   
US_Washington_King=Confirmed i:  52  52   6  3/15/2020 p:     472    8917 e: -94.7 r:   4.9   
US_Washington_King=Confirmed i:  53  53   7          . p:     787    8917 e: -91.2 r:   5.5   
US_Washington_King=Confirmed i:  54  54   8  3/17/2020 p:     787    8917 e: -91.2 r:   5.9   
US_Washington_King=Confirmed i:  55  55   9          . p:     787    8917 e: -91.2 r:   6.3   
US_Washington_King=Confirmed i:  56  56  10  3/19/2020 p:    4253    8917 e: -52.3 r:   7.8   
US_Washington_King=Confirmed i:  57  57  11          . p:    2363    8917 e: -73.5 r:   8.9   
US_Washington_King=Confirmed i:  58  58  12  3/21/2020 p:    4884    8917 e: -45.2 r:  10.5   
US_Washington_King=Confirmed i:  59  59  13          . p:    5199    8917 e: -41.7 r:  11.7   
US_Washington_King=Confirmed i:  60  60  14  3/23/2020 p:    5514    8917 e: -38.2 r:  13.1   
US_Washington_King=Confirmed i:  61  61  15          . p:    5514    8917 e: -38.2 r:  14.2   
US_Washington_King=Confirmed i:  62  62  16  3/25/2020 p:    5199    8917 e: -41.7 r:  15.2   
US_Washington_King=Confirmed i:  63  63  17          . p:    4569    8917 e: -48.8 r:  17.7   
US_Washington_King=Confirmed i:  64  64  18  3/27/2020 p:    5199    8917 e: -41.7 r:  20.5   
US_Washington_King=Confirmed i:  65  65  19          . p:    6144    8917 e: -31.1 r:  23.3   
US_Washington_King=Confirmed i:  66  66  20  3/29/2020 p:    6459    8917 e: -27.6 r:  24.2   
US_Washington_King=Confirmed i:  67   0  21          . p:    9295    8917 e:   4.2 r:  24.2 OK 1st
US_Washington_King=Confirmed i:  68   1  22  3/31/2020 p:    8665    8917 e:  -2.8 r:  26.1 OK
US_Washington_King=Confirmed i:  69   2  23          . p:    8350    8917 e:  -6.4 r:  28.0 OK
US_Washington_King=Confirmed i:  70   3  24   4/2/2020 p:    7720    8917 e: -13.4 r:  29.8 OK
US_Washington_King=Confirmed i:  71   4  25          . p:    7720    8917 e: -13.4 r:  31.3 OK
US_Washington_King=Confirmed i:  72   5  26   4/4/2020 p:    7404    8917 e: -17.0 r:  32.5   
US_Washington_King=Confirmed i:  73   6  27          . p:    7404    8917 e: -17.0 r:  35.5   
US_Washington_King=Confirmed i:  74   7  28   4/6/2020 p:    7404    8917 e: -17.0 r:  37.4   
US_Washington_King=Confirmed i:  75   8  29          . p:    6459    8917 e: -27.6 r:  39.1   
US_Washington_King=Confirmed i:  76   9  30   4/8/2020 p:    7089    8917 e: -20.5 r:  41.4   
US_Washington_King=Confirmed i:  77  10  31          . p:    7720    8917 e: -13.4 r:  43.6 OK
US_Washington_King=Confirmed i:  78  11  32  4/10/2020 p:    8035    8917 e:  -9.9 r:  46.2 OK
US_Washington_King=Confirmed i:  79  12  33          . p:    8350    8917 e:  -6.4 r:  47.8 OK
US_Washington_King=Confirmed i:  80  13  34  4/12/2020 p:    8350    8917 e:  -6.4 r:  49.6 OK
US_Washington_King=Confirmed i:  81  14  35          . p:    8350    8917 e:  -6.4 r:  50.3 OK
US_Washington_King=Confirmed i:  82  15  36  4/14/2020 p:    8350    8917 e:  -6.4 r:  51.0 OK
US_Washington_King=Confirmed i:  83  16  37          . p:    7720    8917 e: -13.4 r:  51.8 OK
US_Washington_King=Confirmed i:  84  17  38  4/16/2020 p:    7404    8917 e: -17.0 r:  52.7   
US_Washington_King=Confirmed i:  85  18  39          . p:    7720    8917 e: -13.4 r:  55.0 OK
US_Washington_King=Confirmed i:  86  19  40  4/18/2020 p:    7404    8917 e: -17.0 r:  56.5   
US_Washington_King=Confirmed i:  87  20  41          . p:    7404    8917 e: -17.0 r:  58.0   
US_Washington_King=Confirmed i:  88  21  42  4/20/2020 p:    7404    8917 e: -17.0 r:  58.7   
US_Washington_King=Confirmed i:  89  22  43          . p:    7404    8917 e: -17.0 r:  59.4   
US_Washington_King=Confirmed i:  90  23  44  4/22/2020 p:    7404    8917 e: -17.0 r:  60.3   
US_Washington_King=Confirmed i:  91  24  45          . p:    7326    8917 e: -17.8 r:  62.0   
US_Washington_King=Confirmed i:  92  25  46  4/24/2020 p:    7404    8917 e: -17.0 r:  63.2   
US_Washington_King=Confirmed i:  93  26  47          . p:    7404    8917 e: -17.0 r:  64.4   
US_Washington_King=Confirmed i:  94  27  48  4/26/2020 p:    7404    8917 e: -17.0 r:  65.8   
US_Washington_King=Confirmed i:  95  28  49          . p:    7404    8917 e: -17.0 r:  66.7   
US_Washington_King=Confirmed i:  96  29  50  4/28/2020 p:    7404    8917 e: -17.0 r:  67.3   
US_Washington_King=Confirmed i:  97  30  51          . p:    7447    8917 e: -16.5 r:  68.4   
US_Washington_King=Confirmed i:  98  31  52  4/30/2020 p:    7449    8917 e: -16.5 r:  69.6   
US_Washington_King=Confirmed i:  99  32  53          . p:    7404    8917 e: -17.0 r:  70.4   
US_Washington_King=Confirmed i: 100  33  54   5/2/2020 p:    7720    8917 e: -13.4 r:  71.2 OK
US_Washington_King=Confirmed i: 101  34  55          . p:    7720    8917 e: -13.4 r:  72.3 OK
US_Washington_King=Confirmed i: 102  35  56   5/4/2020 p:    7720    8917 e: -13.4 r:  73.4 OK
US_Washington_King=Confirmed i: 103  36  57          . p:    7720    8917 e: -13.4 r:  74.3 OK
US_Washington_King=Confirmed i: 104  37  58   5/6/2020 p:    7720    8917 e: -13.4 r:  75.2 OK
US_Washington_King=Confirmed i: 105  38  59          . p:    7720    8917 e: -13.4 r:  76.4 OK
US_Washington_King=Confirmed i: 106  39  60   5/8/2020 p:    7914    8917 e: -11.2 r:  77.0 OK
US_Washington_King=Confirmed i: 107  40  61          . p:    7886    8917 e: -11.6 r:  77.9 OK
US_Washington_King=Confirmed i: 108  41  62  5/10/2020 p:    7957    8917 e: -10.8 r:  78.6 OK
US_Washington_King=Confirmed i: 109  42  63          . p:    7943    8917 e: -10.9 r:  79.3 OK
US_Washington_King=Confirmed i: 110  43  64  5/12/2020 p:    8047    8917 e:  -9.8 r:  80.0 OK
US_Washington_King=Confirmed i: 111  44  65          . p:    8035    8917 e:  -9.9 r:  80.9 OK
US_Washington_King=Confirmed i: 112  45  66  5/14/2020 p:    8350    8917 e:  -6.4 r:  81.8 OK
US_Washington_King=Confirmed i: 113  46  67          . p:    8257    8917 e:  -7.4 r:  82.1 OK
US_Washington_King=Confirmed i: 114  47  68  5/16/2020 p:    8350    8917 e:  -6.4 r:  83.3 OK
US_Washington_King=Confirmed i: 115  48  69          . p:    8350    8917 e:  -6.4 r:  83.8 OK
US_Washington_King=Confirmed i: 116  49  70  5/18/2020 p:    8265    8917 e:  -7.3 r:  84.3 OK
US_Washington_King=Confirmed i: 117  50  71          . p:    8280    8917 e:  -7.1 r:  84.8 OK
US_Washington_King=Confirmed i: 118  51  72  5/20/2020 p:    8258    8917 e:  -7.4 r:  85.3 OK
US_Washington_King=Confirmed i: 119  52  73          . p:    8365    8917 e:  -6.2 r:  85.6 OK
US_Washington_King=Confirmed i: 120  53  74  5/22/2020 p:    8365    8917 e:  -6.2 r:  86.0 OK
US_Washington_King=Confirmed i: 121  54  75          . p:    8375    8917 e:  -6.1 r:  86.0 OK
US_Washington_King=Confirmed i: 122  55  76  5/24/2020 p:    8375    8917 e:  -6.1 r:  87.3 OK
US_Washington_King=Confirmed i: 123  56  77          . p:    8665    8917 e:  -2.8 r:  87.8 OK
US_Washington_King=Confirmed i: 124  57  78  5/26/2020 p:    8665    8917 e:  -2.8 r:  87.9 OK
US_Washington_King=Confirmed i: 125  58  79          . p:    8665    8917 e:  -2.8 r:  88.2 OK
US_Washington_King=Confirmed i: 126  59  80  5/28/2020 p:    8665    8917 e:  -2.8 r:  88.9 OK
US_Washington_King=Confirmed i: 127  60  81          . p:    8665    8917 e:  -2.8 r:  89.1 OK
US_Washington_King=Confirmed i: 128  61  82  5/30/2020 p:    8665    8917 e:  -2.8 r:  89.6 OK
US_Washington_King=Confirmed i: 129  62  83          . p:    8665    8917 e:  -2.8 r:  90.7 OK
US_Washington_King=Confirmed i: 130  63  84   6/1/2020 p:    8665    8917 e:  -2.8 r:  91.1 OK
US_Washington_King=Confirmed i: 131  64  85          . p:    8665    8917 e:  -2.8 r:  91.7 OK
US_Washington_King=Confirmed i: 132  65  86   6/3/2020 p:    8665    8917 e:  -2.8 r:  92.7 OK
US_Washington_King=Confirmed i: 133  66  87          . p:    8665    8917 e:  -2.8 r:  93.3 OK
US_Washington_King=Confirmed i: 134  67  88   6/5/2020 p:    8665    8917 e:  -2.8 r:  93.9 OK
US_Washington_King=Confirmed i: 135  68  89          . p:    8980    8917 e:   0.7 r:  94.4 OK
US_Washington_King=Confirmed i: 136  69  90   6/7/2020 p:    8980    8917 e:   0.7 r:  94.8 OK
US_Washington_King=Confirmed i: 137  70  91          . p:    8980    8917 e:   0.7 r:  95.3 OK
US_Washington_King=Confirmed i: 138  71  92   6/9/2020 p:    8980    8917 e:   0.7 r:  95.6 OK
