
  # Process COVID TAB data
p1= - il= 138
p1= - il= 137
p1= 1070 il= 136
p1= 900 il= 135
p1= 858 il= 134
Afghanistan=Deaths nl = 139, n1= 5 s1= 565.6 s2= 538212.8 SD= 467.235957520395 frac%= 82.6089033805507
Afghanistan=Deaths i:  65  65 -15          . p:      21     565 e: -96.3 r:   0.7   
Afghanistan=Deaths i:  66  66 -14  3/29/2020 p:       7     565 e: -98.8 r:   0.7   
Afghanistan=Deaths i:  67  67 -13          . p:       7     565 e: -98.8 r:   0.7   
Afghanistan=Deaths i:  70  70 -10   4/2/2020 p:       7     565 e: -98.8 r:   1.1   
Afghanistan=Deaths i:  71  71  -9          . p:       7     565 e: -98.8 r:   1.1   
Afghanistan=Deaths i:  72  72  -8   4/4/2020 p:       7     565 e: -98.8 r:   1.2   
Afghanistan=Deaths i:  73  73  -7          . p:       9     565 e: -98.4 r:   1.2   
Afghanistan=Deaths i:  76  76  -4   4/8/2020 p:     177     565 e: -68.7 r:   2.5   
Afghanistan=Deaths i:  77  77  -3          . p:      21     565 e: -96.3 r:   2.7   
Afghanistan=Deaths i:  78  78  -2  4/10/2020 p:      21     565 e: -96.3 r:   2.7   
Afghanistan=Deaths i:  79  79  -1          . p:     120     565 e: -78.8 r:   3.2   
Afghanistan=Deaths i:  80  80   0  4/12/2020 p:      21     565 e: -96.3 r:   3.2   
Afghanistan=Deaths i:  81  81   1          . p:      35     565 e: -93.8 r:   3.7   
Afghanistan=Deaths i:  82  82   2  4/14/2020 p:      35     565 e: -93.8 r:   4.1   
Afghanistan=Deaths i:  83  83   3          . p:      49     565 e: -91.3 r:   4.4   
Afghanistan=Deaths i:  84  84   4  4/16/2020 p:      78     565 e: -86.2 r:   5.3   
Afghanistan=Deaths i:  85  85   5          . p:      78     565 e: -86.2 r:   5.3   
Afghanistan=Deaths i:  86  86   6  4/18/2020 p:      63     565 e: -88.9 r:   5.3   
Afghanistan=Deaths i:  87  87   7          . p:      63     565 e: -88.9 r:   5.8   
Afghanistan=Deaths i:  88  88   8  4/20/2020 p:      78     565 e: -86.2 r:   6.4   
Afghanistan=Deaths i:  89  89   9          . p:      49     565 e: -91.3 r:   6.4   
Afghanistan=Deaths i:  90  90  10  4/22/2020 p:      78     565 e: -86.2 r:   7.1   
Afghanistan=Deaths i:  91  91  11          . p:      78     565 e: -86.2 r:   7.4   
Afghanistan=Deaths i:  92  92  12  4/24/2020 p:      78     565 e: -86.2 r:   7.6   
Afghanistan=Deaths i:  93  93  13          . p:      92     565 e: -83.7 r:   8.3   
Afghanistan=Deaths i:  94  94  14  4/26/2020 p:     106     565 e: -81.3 r:   8.8   
Afghanistan=Deaths i:  95  95  15          . p:     134     565 e: -76.3 r:  10.1   
Afghanistan=Deaths i:  96  96  16  4/28/2020 p:     148     565 e: -73.8 r:  10.3   
Afghanistan=Deaths i:  97  97  17          . p:     191     565 e: -66.2 r:  10.6   
Afghanistan=Deaths i:  98  98  18  4/30/2020 p:     163     565 e: -71.2 r:  11.3   
Afghanistan=Deaths i:  99  99  19          . p:     205     565 e: -63.8 r:  12.0   
Afghanistan=Deaths i: 100 100  20   5/2/2020 p:     219     565 e: -61.3 r:  12.7   
Afghanistan=Deaths i: 101 101  21          . p:     276     565 e: -51.2 r:  15.0   
Afghanistan=Deaths i: 102 102  22   5/4/2020 p:     347     565 e: -38.6 r:  15.9   
Afghanistan=Deaths i: 103 103  23          . p:     404     565 e: -28.6 r:  16.8   
Afghanistan=Deaths i: 104   0  24   5/6/2020 p:     531     565 e:  -6.1 r:  18.4 OK 1st
Afghanistan=Deaths i: 105   1  25          . p:     588     565 e:   4.0 r:  18.7 OK
Afghanistan=Deaths i: 106   2  26   5/8/2020 p:     617     565 e:   9.1 r:  19.3 OK
Afghanistan=Deaths i: 107   3  27          . p:     645     565 e:  14.0 r:  20.3 OK
Afghanistan=Deaths i: 108   4  28  5/10/2020 p:     659     565 e:  16.5 r:  21.2   
Afghanistan=Deaths i: 109   5  29          . p:     148     565 e: -73.8 r:  21.6   
Afghanistan=Deaths i: 110   6  30  5/12/2020 p:     163     565 e: -71.2 r:  22.5   
Afghanistan=Deaths i: 111   7  31          . p:     163     565 e: -71.2 r:  23.3   
Afghanistan=Deaths i: 112   8  32  5/14/2020 p:     602     565 e:   6.4 r:  24.0 OK
Afghanistan=Deaths i: 113   9  33          . p:     659     565 e:  16.5 r:  27.1   
Afghanistan=Deaths i: 114  10  34  5/16/2020 p:     787     565 e:  39.1 r:  29.7   
Afghanistan=Deaths i: 115  11  35          . p:     844     565 e:  49.2 r:  29.9   
Afghanistan=Deaths i: 116  12  36  5/18/2020 p:     858     565 e:  51.7 r:  30.6   
Afghanistan=Deaths i: 117  13  37          . p:     787     565 e:  39.1 r:  31.5   
Afghanistan=Deaths i: 118  14  38  5/20/2020 p:     758     565 e:  34.0 r:  33.1   
Afghanistan=Deaths i: 119  15  39          . p:     702     565 e:  24.1 r:  34.1   
Afghanistan=Deaths i: 120  16  40  5/22/2020 p:     801     565 e:  41.6 r:  36.2   
Afghanistan=Deaths i: 121  17  41          . p:     985     565 e:  74.2 r:  38.2   
Afghanistan=Deaths i: 122  18  42  5/24/2020 p:     886     565 e:  56.6 r:  38.5   
Afghanistan=Deaths i: 123  19  43          . p:     304     565 e: -46.3 r:  38.7   
Afghanistan=Deaths i: 124  20  44  5/26/2020 p:     276     565 e: -51.2 r:  38.9   
Afghanistan=Deaths i: 125  21  45          . p:     890     565 e:  57.4 r:  40.1   
Afghanistan=Deaths i: 126  22  46  5/28/2020 p:     281     565 e: -50.3 r:  41.5   
Afghanistan=Deaths i: 127  23  47          . p:     546     565 e:  -3.5 r:  43.5 OK
Afghanistan=Deaths i: 128  24  48  5/30/2020 p:     333     565 e: -41.1 r:  44.0   
Afghanistan=Deaths i: 129  25  49          . p:     489     565 e: -13.5 r:  45.4 OK
Afghanistan=Deaths i: 130  26  50   6/1/2020 p:     489     565 e: -13.5 r:  46.9 OK
Afghanistan=Deaths i: 131  27  51          . p:     503     565 e: -11.1 r:  47.7 OK
Afghanistan=Deaths i: 132  28  52   6/3/2020 p:     617     565 e:   9.1 r:  52.0 OK
Afghanistan=Deaths i: 133  29  53          . p:     659     565 e:  16.5 r:  53.0   
Afghanistan=Deaths i: 134  30  54   6/5/2020 p:     858     565 e:  51.7 r:  54.6   
Afghanistan=Deaths i: 135  31  55          . p:     900     565 e:  59.1 r:  57.8   
Afghanistan=Deaths i: 136  32  56   6/7/2020 p:    1070     565 e:  89.2 r:  63.1   
Afghanistan=Deaths i: 137  33  57          . p:       0     565 e: -100.0 r:  65.2   
Afghanistan=Deaths i: 138  34  58   6/9/2020 p:       0     565 e: -100.0 r:  67.9   
