
  # Process COVID TAB data
p1= 5983 il= 138
p1= 5442 il= 137
p1= 6046 il= 136
p1= 5320 il= 135
p1= 5152 il= 134
US_Michigan_Kent=Confirmed nl = 139, n1= 5 s1= 5588.6 s2= 31362254.6 SD= 360.284110113112 frac%= 6.446768602389
US_Michigan_Kent=Confirmed i:  60  60  -6  3/23/2020 p:      78    5588 e: -98.6 r:   0.6   
US_Michigan_Kent=Confirmed i:  61  61  -5          . p:      78    5588 e: -98.6 r:   0.7   
US_Michigan_Kent=Confirmed i:  62  62  -4  3/25/2020 p:      78    5588 e: -98.6 r:   0.8   
US_Michigan_Kent=Confirmed i:  63  63  -3          . p:      78    5588 e: -98.6 r:   0.9   
US_Michigan_Kent=Confirmed i:  64  64  -2  3/27/2020 p:      75    5588 e: -98.7 r:   1.0   
US_Michigan_Kent=Confirmed i:  65  65  -1          . p:      78    5588 e: -98.6 r:   1.2   
US_Michigan_Kent=Confirmed i:  66  66   0  3/29/2020 p:     390    5588 e: -93.0 r:   1.6   
US_Michigan_Kent=Confirmed i:  67  67   1          . p:    1263    5588 e: -77.4 r:   2.1   
US_Michigan_Kent=Confirmed i:  68  68   2  3/31/2020 p:    1951    5588 e: -65.1 r:   2.4   
US_Michigan_Kent=Confirmed i:  69  69   3          . p:    1951    5588 e: -65.1 r:   2.6   
US_Michigan_Kent=Confirmed i:  70  70   4   4/2/2020 p:     234    5588 e: -95.8 r:   2.8   
US_Michigan_Kent=Confirmed i:  71  71   5          . p:     234    5588 e: -95.8 r:   3.0   
US_Michigan_Kent=Confirmed i:  72  72   6   4/4/2020 p:     702    5588 e: -87.4 r:   3.4   
US_Michigan_Kent=Confirmed i:  73  73   7          . p:     390    5588 e: -93.0 r:   3.6   
US_Michigan_Kent=Confirmed i:  74  74   8   4/6/2020 p:     546    5588 e: -90.2 r:   3.9   
US_Michigan_Kent=Confirmed i:  75  75   9          . p:     324    5588 e: -94.2 r:   4.1   
US_Michigan_Kent=Confirmed i:  76  76  10   4/8/2020 p:     546    5588 e: -90.2 r:   4.6   
US_Michigan_Kent=Confirmed i:  77  77  11          . p:     702    5588 e: -87.4 r:   5.1   
US_Michigan_Kent=Confirmed i:  78  78  12  4/10/2020 p:     702    5588 e: -87.4 r:   5.5   
US_Michigan_Kent=Confirmed i:  79  79  13          . p:     702    5588 e: -87.4 r:   6.0   
US_Michigan_Kent=Confirmed i:  80  80  14  4/12/2020 p:     858    5588 e: -84.6 r:   6.3   
US_Michigan_Kent=Confirmed i:  81  81  15          . p:     858    5588 e: -84.6 r:   6.9   
US_Michigan_Kent=Confirmed i:  82  82  16  4/14/2020 p:     858    5588 e: -84.6 r:   7.2   
US_Michigan_Kent=Confirmed i:  83  83  17          . p:    1014    5588 e: -81.9 r:   7.8   
US_Michigan_Kent=Confirmed i:  84  84  18  4/16/2020 p:    1170    5588 e: -79.1 r:   8.5   
US_Michigan_Kent=Confirmed i:  85  85  19          . p:    1482    5588 e: -73.5 r:   9.5   
US_Michigan_Kent=Confirmed i:  86  86  20  4/18/2020 p:    1326    5588 e: -76.3 r:  10.1   
US_Michigan_Kent=Confirmed i:  87  87  21          . p:    1482    5588 e: -73.5 r:  11.1   
US_Michigan_Kent=Confirmed i:  88  88  22  4/20/2020 p:    1795    5588 e: -67.9 r:  12.1   
US_Michigan_Kent=Confirmed i:  89  89  23          . p:    2263    5588 e: -59.5 r:  13.8   
US_Michigan_Kent=Confirmed i:  90  90  24  4/22/2020 p:    2575    5588 e: -53.9 r:  15.0   
US_Michigan_Kent=Confirmed i:  91  91  25          . p:    2887    5588 e: -48.3 r:  16.1   
US_Michigan_Kent=Confirmed i:  92  92  26  4/24/2020 p:    3512    5588 e: -37.2 r:  17.9   
US_Michigan_Kent=Confirmed i:  93  93  27          . p:    3824    5588 e: -31.6 r:  18.4   
US_Michigan_Kent=Confirmed i:  94  94  28  4/26/2020 p:    4292    5588 e: -23.2 r:  20.4   
US_Michigan_Kent=Confirmed i:  95  95  29          . p:    3199    5588 e: -42.8 r:  21.7   
US_Michigan_Kent=Confirmed i:  96   0  30  4/28/2020 p:    5229    5588 e:  -6.4 r:  23.4 OK 1st
US_Michigan_Kent=Confirmed i:  97   1  31          . p:    5072    5588 e:  -9.2 r:  25.0 OK
US_Michigan_Kent=Confirmed i:  98   2  32  4/30/2020 p:    5072    5588 e:  -9.2 r:  26.5 OK
US_Michigan_Kent=Confirmed i:  99   3  33          . p:    6633    5588 e:  18.7 r:  28.6   
US_Michigan_Kent=Confirmed i: 100   4  34   5/2/2020 p:    7258    5588 e:  29.9 r:  30.4   
US_Michigan_Kent=Confirmed i: 101   5  35          . p:    7570    5588 e:  35.5 r:  32.0   
US_Michigan_Kent=Confirmed i: 102   6  36   5/4/2020 p:    8038    5588 e:  43.8 r:  33.2   
US_Michigan_Kent=Confirmed i: 103   7  37          . p:    5229    5588 e:  -6.4 r:  34.2 OK
US_Michigan_Kent=Confirmed i: 104   8  38   5/6/2020 p:    2731    5588 e: -51.1 r:  36.1   
US_Michigan_Kent=Confirmed i: 105   9  39          . p:    3199    5588 e: -42.8 r:  37.1   
US_Michigan_Kent=Confirmed i: 106  10  40   5/8/2020 p:    2731    5588 e: -51.1 r:  38.2   
US_Michigan_Kent=Confirmed i: 107  11  41          . p:    2887    5588 e: -48.3 r:  39.6   
US_Michigan_Kent=Confirmed i: 108  12  42  5/10/2020 p:    3043    5588 e: -45.5 r:  40.8   
US_Michigan_Kent=Confirmed i: 109  13  43          . p:    3043    5588 e: -45.5 r:  41.7   
US_Michigan_Kent=Confirmed i: 110  14  44  5/12/2020 p:    3199    5588 e: -42.8 r:  43.2   
US_Michigan_Kent=Confirmed i: 111  15  45          . p:    3202    5588 e: -42.7 r:  43.8   
US_Michigan_Kent=Confirmed i: 112  16  46  5/14/2020 p:    3824    5588 e: -31.6 r:  47.0   
US_Michigan_Kent=Confirmed i: 113  17  47          . p:    4136    5588 e: -26.0 r:  48.4   
US_Michigan_Kent=Confirmed i: 114  18  48  5/16/2020 p:    4292    5588 e: -23.2 r:  49.5   
US_Michigan_Kent=Confirmed i: 115  19  49          . p:    4448    5588 e: -20.4 r:  50.5   
US_Michigan_Kent=Confirmed i: 116  20  50  5/18/2020 p:    4292    5588 e: -23.2 r:  51.3   
US_Michigan_Kent=Confirmed i: 117  21  51          . p:    4368    5588 e: -21.8 r:  52.5   
US_Michigan_Kent=Confirmed i: 118  22  52  5/20/2020 p:    4448    5588 e: -20.4 r:  54.3   
US_Michigan_Kent=Confirmed i: 119  23  53          . p:    4604    5588 e: -17.6 r:  56.3   
US_Michigan_Kent=Confirmed i: 120  24  54  5/22/2020 p:    4760    5588 e: -14.8 r:  57.8 OK
US_Michigan_Kent=Confirmed i: 121  25  55          . p:    4916    5588 e: -12.0 r:  59.2 OK
US_Michigan_Kent=Confirmed i: 122  26  56  5/24/2020 p:    5072    5588 e:  -9.2 r:  60.1 OK
US_Michigan_Kent=Confirmed i: 123  27  57          . p:    5072    5588 e:  -9.2 r:  60.6 OK
US_Michigan_Kent=Confirmed i: 124  28  58  5/26/2020 p:    4960    5588 e: -11.2 r:  61.2 OK
US_Michigan_Kent=Confirmed i: 125  29  59          . p:    3570    5588 e: -36.1 r:  61.8   
US_Michigan_Kent=Confirmed i: 126  30  60  5/28/2020 p:    4858    5588 e: -13.1 r:  63.3 OK
US_Michigan_Kent=Confirmed i: 127  31  61          . p:    4849    5588 e: -13.2 r:  64.3 OK
US_Michigan_Kent=Confirmed i: 128  32  62  5/30/2020 p:    4916    5588 e: -12.0 r:  65.2 OK
US_Michigan_Kent=Confirmed i: 129  33  63          . p:    4916    5588 e: -12.0 r:  66.5 OK
US_Michigan_Kent=Confirmed i: 130  34  64   6/1/2020 p:    4916    5588 e: -12.0 r:  67.1 OK
US_Michigan_Kent=Confirmed i: 131  35  65          . p:    4916    5588 e: -12.0 r:  67.6 OK
US_Michigan_Kent=Confirmed i: 132  36  66   6/3/2020 p:    4817    5588 e: -13.8 r:  68.3 OK
US_Michigan_Kent=Confirmed i: 133  37  67          . p:    4870    5588 e: -12.9 r:  68.9 OK
US_Michigan_Kent=Confirmed i: 134  38  68   6/5/2020 p:    5152    5588 e:  -7.8 r:  73.9 OK
US_Michigan_Kent=Confirmed i: 135  39  69          . p:    5320    5588 e:  -4.8 r:  74.5 OK
US_Michigan_Kent=Confirmed i: 136  40  70   6/7/2020 p:    6046    5588 e:   8.2 r:  75.0 OK
US_Michigan_Kent=Confirmed i: 137  41  71          . p:    5442    5588 e:  -2.6 r:  75.2 OK
US_Michigan_Kent=Confirmed i: 138  42  72   6/9/2020 p:    5983    5588 e:   7.1 r:  75.6 OK
