
  # Process COVID TAB data
p1= 397 il= 138
p1= 401 il= 137
p1= 407 il= 136
p1= 407 il= 135
p1= 407 il= 134
US_Colorado_Arapahoe=Deaths nl = 139, n1= 5 s1= 403.8 s2= 163071.4 SD= 4.11825205639381 frac%= 1.01987420911189
US_Colorado_Arapahoe=Deaths i:  69  69  -8          . p:       7     403 e: -98.3 r:   1.7   
US_Colorado_Arapahoe=Deaths i:  70  70  -7   4/2/2020 p:      54     403 e: -86.6 r:   2.5   
US_Colorado_Arapahoe=Deaths i:  71  71  -6          . p:      31     403 e: -92.3 r:   2.5   
US_Colorado_Arapahoe=Deaths i:  72  72  -5   4/4/2020 p:      16     403 e: -96.0 r:   2.5   
US_Colorado_Arapahoe=Deaths i:  73  73  -4          . p:      23     403 e: -94.3 r:   3.2   
US_Colorado_Arapahoe=Deaths i:  74  74  -3   4/6/2020 p:      28     403 e: -93.1 r:   3.7   
US_Colorado_Arapahoe=Deaths i:  75  75  -2          . p:      21     403 e: -94.8 r:   3.7   
US_Colorado_Arapahoe=Deaths i:  76  76  -1   4/8/2020 p:      42     403 e: -89.6 r:   4.7   
US_Colorado_Arapahoe=Deaths i:  77  77   0          . p:      30     403 e: -92.6 r:   4.7   
US_Colorado_Arapahoe=Deaths i:  81  81   4          . p:      42     403 e: -89.6 r:   9.7   
US_Colorado_Arapahoe=Deaths i:  82  82   5  4/14/2020 p:      42     403 e: -89.6 r:  10.6   
US_Colorado_Arapahoe=Deaths i:  83  83   6          . p:     103     403 e: -74.5 r:  12.9   
US_Colorado_Arapahoe=Deaths i:  84  84   7  4/16/2020 p:      91     403 e: -77.5 r:  13.6   
US_Colorado_Arapahoe=Deaths i:  85  85   8          . p:      78     403 e: -80.7 r:  14.4   
US_Colorado_Arapahoe=Deaths i:  86  86   9  4/18/2020 p:      79     403 e: -80.4 r:  15.4   
US_Colorado_Arapahoe=Deaths i:  87  87  10          . p:      75     403 e: -81.4 r:  16.1   
US_Colorado_Arapahoe=Deaths i:  88  88  11  4/20/2020 p:     103     403 e: -74.5 r:  17.8   
US_Colorado_Arapahoe=Deaths i:  89  89  12          . p:     127     403 e: -68.5 r:  19.8   
US_Colorado_Arapahoe=Deaths i:  90  90  13  4/22/2020 p:     164     403 e: -59.4 r:  21.5   
US_Colorado_Arapahoe=Deaths i:  91  91  14          . p:     297     403 e: -26.4 r:  25.0   
US_Colorado_Arapahoe=Deaths i:  92  92  15  4/24/2020 p:     965     403 e: 139.0 r:  31.0   
US_Colorado_Arapahoe=Deaths i:  93  93  16          . p:       0     403 e: -100.0 r:  31.5   
US_Colorado_Arapahoe=Deaths i:  94  94  17  4/26/2020 p:     127     403 e: -68.5 r:  31.5   
US_Colorado_Arapahoe=Deaths i:  95  95  18          . p:     917     403 e: 127.1 r:  32.2   
US_Colorado_Arapahoe=Deaths i:  96  96  19  4/28/2020 p:     783     403 e:  93.9 r:  33.7   
US_Colorado_Arapahoe=Deaths i:  97  97  20          . p:     151     403 e: -62.6 r:  34.7   
US_Colorado_Arapahoe=Deaths i:  98  98  21  4/30/2020 p:     139     403 e: -65.6 r:  34.9   
US_Colorado_Arapahoe=Deaths i:  99   0  22          . p:     419     403 e:   3.8 r:  37.6 OK 1st
US_Colorado_Arapahoe=Deaths i: 100   1  23   5/2/2020 p:     382     403 e:  -5.4 r:  37.9 OK
US_Colorado_Arapahoe=Deaths i: 101   2  24          . p:     176     403 e: -56.4 r:  38.6   
US_Colorado_Arapahoe=Deaths i: 102   3  25   5/4/2020 p:     164     403 e: -59.4 r:  38.9   
US_Colorado_Arapahoe=Deaths i: 103   4  26          . p:     321     403 e: -20.5 r:  40.9   
US_Colorado_Arapahoe=Deaths i: 104   5  27   5/6/2020 p:     188     403 e: -53.4 r:  41.4   
US_Colorado_Arapahoe=Deaths i: 105   6  28          . p:     188     403 e: -53.4 r:  42.6   
US_Colorado_Arapahoe=Deaths i: 106   7  29   5/8/2020 p:     212     403 e: -47.5 r:  43.1   
US_Colorado_Arapahoe=Deaths i: 107   8  30          . p:     194     403 e: -52.0 r:  43.6   
US_Colorado_Arapahoe=Deaths i: 108   9  31  5/10/2020 p:     191     403 e: -52.7 r:  43.6   
US_Colorado_Arapahoe=Deaths i: 109  10  32          . p:     192     403 e: -52.5 r:  44.3   
US_Colorado_Arapahoe=Deaths i: 110  11  33  5/12/2020 p:     200     403 e: -50.5 r:  45.3   
US_Colorado_Arapahoe=Deaths i: 111  12  34          . p:     237     403 e: -41.3 r:  49.5   
US_Colorado_Arapahoe=Deaths i: 112  13  35  5/14/2020 p:     271     403 e: -32.9 r:  52.7   
US_Colorado_Arapahoe=Deaths i: 113  14  36          . p:     297     403 e: -26.4 r:  56.2   
US_Colorado_Arapahoe=Deaths i: 114  15  37  5/16/2020 p:     334     403 e: -17.3 r:  60.4   
US_Colorado_Arapahoe=Deaths i: 115  16  38          . p:     346     403 e: -14.3 r:  61.4 OK
US_Colorado_Arapahoe=Deaths i: 116  17  39  5/18/2020 p:     370     403 e:  -8.4 r:  62.7 OK
US_Colorado_Arapahoe=Deaths i: 117  18  40          . p:     261     403 e: -35.4 r:  63.9   
US_Colorado_Arapahoe=Deaths i: 118  19  41  5/20/2020 p:     407     403 e:   0.8 r:  67.4 OK
US_Colorado_Arapahoe=Deaths i: 119  20  42          . p:     407     403 e:   0.8 r:  67.6 OK
US_Colorado_Arapahoe=Deaths i: 120  21  43  5/22/2020 p:     419     403 e:   3.8 r:  68.4 OK
US_Colorado_Arapahoe=Deaths i: 121  22  44          . p:     280     403 e: -30.7 r:  68.8   
US_Colorado_Arapahoe=Deaths i: 122  23  45  5/24/2020 p:     283     403 e: -29.9 r:  69.3   
US_Colorado_Arapahoe=Deaths i: 123  24  46          . p:     283     403 e: -29.9 r:  69.3   
US_Colorado_Arapahoe=Deaths i: 124  25  47  5/26/2020 p:     297     403 e: -26.4 r:  70.3   
US_Colorado_Arapahoe=Deaths i: 125  26  48          . p:     414     403 e:   2.5 r:  73.8 OK
US_Colorado_Arapahoe=Deaths i: 126  27  49  5/28/2020 p:     419     403 e:   3.8 r:  74.5 OK
US_Colorado_Arapahoe=Deaths i: 127  28  50          . p:     419     403 e:   3.8 r:  75.3 OK
US_Colorado_Arapahoe=Deaths i: 128  29  51  5/30/2020 p:     419     403 e:   3.8 r:  75.5 OK
US_Colorado_Arapahoe=Deaths i: 129  30  52          . p:     305     403 e: -24.5 r:  75.5   
US_Colorado_Arapahoe=Deaths i: 130  31  53   6/1/2020 p:     309     403 e: -23.5 r:  76.0   
US_Colorado_Arapahoe=Deaths i: 131  32  54          . p:     312     403 e: -22.7 r:  76.5   
US_Colorado_Arapahoe=Deaths i: 132  33  55   6/3/2020 p:     404     403 e:   0.0 r:  79.2 OK
US_Colorado_Arapahoe=Deaths i: 133  34  56          . p:     406     403 e:   0.5 r:  80.5 OK
US_Colorado_Arapahoe=Deaths i: 134  35  57   6/5/2020 p:     407     403 e:   0.8 r:  80.7 OK
US_Colorado_Arapahoe=Deaths i: 135  36  58          . p:     407     403 e:   0.8 r:  80.7 OK
US_Colorado_Arapahoe=Deaths i: 136  37  59   6/7/2020 p:     407     403 e:   0.8 r:  80.7 OK
US_Colorado_Arapahoe=Deaths i: 137  38  60          . p:     401     403 e:  -0.7 r:  80.7 OK
US_Colorado_Arapahoe=Deaths i: 138  39  61   6/9/2020 p:     397     403 e:  -1.7 r:  81.5 OK
