
  # Process COVID TAB data
p1= 5237 il= 138
p1= 5002 il= 137
p1= 4767 il= 136
p1= 4531 il= 135
p1= 3472 il= 134
US_Kentucky_Jefferson=Confirmed nl = 139, n1= 5 s1= 4601.8 s2= 21551041.4 SD= 611.946206786182 frac%= 13.297974853018
US_Kentucky_Jefferson=Confirmed i:  53  53 -13          . p:      58    4601 e: -98.7 r:   0.1   
US_Kentucky_Jefferson=Confirmed i:  54  54 -12  3/17/2020 p:      58    4601 e: -98.7 r:   0.2   
US_Kentucky_Jefferson=Confirmed i:  55  55 -11          . p:      58    4601 e: -98.7 r:   0.2   
US_Kentucky_Jefferson=Confirmed i:  60  60  -6  3/23/2020 p:      58    4601 e: -98.7 r:   0.7   
US_Kentucky_Jefferson=Confirmed i:  61  61  -5          . p:      58    4601 e: -98.7 r:   0.7   
US_Kentucky_Jefferson=Confirmed i:  62  62  -4  3/25/2020 p:      58    4601 e: -98.7 r:   0.8   
US_Kentucky_Jefferson=Confirmed i:  63  63  -3          . p:      54    4601 e: -98.8 r:   0.8   
US_Kentucky_Jefferson=Confirmed i:  64  64  -2  3/27/2020 p:      57    4601 e: -98.8 r:   0.8   
US_Kentucky_Jefferson=Confirmed i:  65  65  -1          . p:     648    4601 e: -85.9 r:   1.4   
US_Kentucky_Jefferson=Confirmed i:  66  66   0  3/29/2020 p:    3590    4601 e: -22.0 r:   2.1   
US_Kentucky_Jefferson=Confirmed i:  67  67   1          . p:    1471    4601 e: -68.0 r:   2.5   
US_Kentucky_Jefferson=Confirmed i:  70  70   4   4/2/2020 p:     294    4601 e: -93.6 r:   5.0   
US_Kentucky_Jefferson=Confirmed i:  71  71   5          . p:     176    4601 e: -96.2 r:   5.0   
US_Kentucky_Jefferson=Confirmed i:  72  72   6   4/4/2020 p:     529    4601 e: -88.5 r:   6.5   
US_Kentucky_Jefferson=Confirmed i:  73  73   7          . p:     529    4601 e: -88.5 r:   6.6   
US_Kentucky_Jefferson=Confirmed i:  74  74   8   4/6/2020 p:     411    4601 e: -91.1 r:   6.6   
US_Kentucky_Jefferson=Confirmed i:  75  75   9          . p:     411    4601 e: -91.1 r:   6.9   
US_Kentucky_Jefferson=Confirmed i:  76  76  10   4/8/2020 p:     294    4601 e: -93.6 r:   6.9   
US_Kentucky_Jefferson=Confirmed i:  77  77  11          . p:     529    4601 e: -88.5 r:   8.3   
US_Kentucky_Jefferson=Confirmed i:  78  78  12  4/10/2020 p:     489    4601 e: -89.4 r:   8.3   
US_Kentucky_Jefferson=Confirmed i:  79  79  13          . p:     529    4601 e: -88.5 r:   8.3   
US_Kentucky_Jefferson=Confirmed i:  80  80  14  4/12/2020 p:     882    4601 e: -80.8 r:  10.8   
US_Kentucky_Jefferson=Confirmed i:  81  81  15          . p:     882    4601 e: -80.8 r:  11.1   
US_Kentucky_Jefferson=Confirmed i:  82  82  16  4/14/2020 p:     882    4601 e: -80.8 r:  11.5   
US_Kentucky_Jefferson=Confirmed i:  83  83  17          . p:     882    4601 e: -80.8 r:  12.5   
US_Kentucky_Jefferson=Confirmed i:  84  84  18  4/16/2020 p:     882    4601 e: -80.8 r:  12.7   
US_Kentucky_Jefferson=Confirmed i:  85  85  19          . p:     882    4601 e: -80.8 r:  13.0   
US_Kentucky_Jefferson=Confirmed i:  86  86  20  4/18/2020 p:    1118    4601 e: -75.7 r:  15.0   
US_Kentucky_Jefferson=Confirmed i:  87  87  21          . p:    1589    4601 e: -65.5 r:  17.7   
US_Kentucky_Jefferson=Confirmed i:  88  88  22  4/20/2020 p:    1824    4601 e: -60.4 r:  18.8   
US_Kentucky_Jefferson=Confirmed i:  89  89  23          . p:    2059    4601 e: -55.3 r:  20.1   
US_Kentucky_Jefferson=Confirmed i:  90  90  24  4/22/2020 p:    2177    4601 e: -52.7 r:  20.7   
US_Kentucky_Jefferson=Confirmed i:  91  91  25          . p:    2295    4601 e: -50.1 r:  21.9   
US_Kentucky_Jefferson=Confirmed i:  92  92  26  4/24/2020 p:    2530    4601 e: -45.0 r:  24.4   
US_Kentucky_Jefferson=Confirmed i:  93  93  27          . p:    2530    4601 e: -45.0 r:  24.4   
US_Kentucky_Jefferson=Confirmed i:  94  94  28  4/26/2020 p:    2530    4601 e: -45.0 r:  24.3   
US_Kentucky_Jefferson=Confirmed i:  95  95  29          . p:    2530    4601 e: -45.0 r:  24.8   
US_Kentucky_Jefferson=Confirmed i:  96  96  30  4/28/2020 p:    2530    4601 e: -45.0 r:  26.6   
US_Kentucky_Jefferson=Confirmed i:  97  97  31          . p:    2530    4601 e: -45.0 r:  27.8   
US_Kentucky_Jefferson=Confirmed i:  98  98  32  4/30/2020 p:    2530    4601 e: -45.0 r:  28.4   
US_Kentucky_Jefferson=Confirmed i:  99  99  33          . p:    2530    4601 e: -45.0 r:  29.4   
US_Kentucky_Jefferson=Confirmed i: 100 100  34   5/2/2020 p:    1842    4601 e: -60.0 r:  29.4   
US_Kentucky_Jefferson=Confirmed i: 101 101  35          . p:    2469    4601 e: -46.3 r:  30.5   
US_Kentucky_Jefferson=Confirmed i: 102 102  36   5/4/2020 p:    1726    4601 e: -62.5 r:  30.8   
US_Kentucky_Jefferson=Confirmed i: 103 103  37          . p:    2412    4601 e: -47.6 r:  32.5   
US_Kentucky_Jefferson=Confirmed i: 104 104  38   5/6/2020 p:    2412    4601 e: -47.6 r:  33.4   
US_Kentucky_Jefferson=Confirmed i: 105 105  39          . p:    2412    4601 e: -47.6 r:  34.3   
US_Kentucky_Jefferson=Confirmed i: 106 106  40   5/8/2020 p:    2412    4601 e: -47.6 r:  35.0   
US_Kentucky_Jefferson=Confirmed i: 107 107  41          . p:    2412    4601 e: -47.6 r:  35.7   
US_Kentucky_Jefferson=Confirmed i: 108 108  42  5/10/2020 p:    2412    4601 e: -47.6 r:  35.7   
US_Kentucky_Jefferson=Confirmed i: 109 109  43          . p:    2428    4601 e: -47.2 r:  36.7   
US_Kentucky_Jefferson=Confirmed i: 110 110  44  5/12/2020 p:    2412    4601 e: -47.6 r:  37.2   
US_Kentucky_Jefferson=Confirmed i: 111 111  45          . p:    2330    4601 e: -49.4 r:  37.2   
US_Kentucky_Jefferson=Confirmed i: 112 112  46  5/14/2020 p:    2073    4601 e: -55.0 r:  37.8   
US_Kentucky_Jefferson=Confirmed i: 113 113  47          . p:    2077    4601 e: -54.9 r:  38.5   
US_Kentucky_Jefferson=Confirmed i: 114 114  48  5/16/2020 p:    2379    4601 e: -48.3 r:  40.5   
US_Kentucky_Jefferson=Confirmed i: 115 115  49          . p:    2412    4601 e: -47.6 r:  41.1   
US_Kentucky_Jefferson=Confirmed i: 116 116  50  5/18/2020 p:    2412    4601 e: -47.6 r:  41.6   
US_Kentucky_Jefferson=Confirmed i: 117 117  51          . p:    2412    4601 e: -47.6 r:  42.6   
US_Kentucky_Jefferson=Confirmed i: 118 118  52  5/20/2020 p:    2530    4601 e: -45.0 r:  42.8   
US_Kentucky_Jefferson=Confirmed i: 119 119  53          . p:    2530    4601 e: -45.0 r:  43.3   
US_Kentucky_Jefferson=Confirmed i: 120 120  54  5/22/2020 p:    2530    4601 e: -45.0 r:  43.9   
US_Kentucky_Jefferson=Confirmed i: 121 121  55          . p:    2530    4601 e: -45.0 r:  44.5   
US_Kentucky_Jefferson=Confirmed i: 122 122  56  5/24/2020 p:    2530    4601 e: -45.0 r:  44.5   
US_Kentucky_Jefferson=Confirmed i: 123 123  57          . p:    2511    4601 e: -45.4 r:  44.5   
US_Kentucky_Jefferson=Confirmed i: 124 124  58  5/26/2020 p:    2648    4601 e: -42.5 r:  48.2   
US_Kentucky_Jefferson=Confirmed i: 125 125  59          . p:    2648    4601 e: -42.5 r:  49.0   
US_Kentucky_Jefferson=Confirmed i: 126 126  60  5/28/2020 p:    2766    4601 e: -39.9 r:  49.3   
US_Kentucky_Jefferson=Confirmed i: 127 127  61          . p:    2766    4601 e: -39.9 r:  50.6   
US_Kentucky_Jefferson=Confirmed i: 128 128  62  5/30/2020 p:    2883    4601 e: -37.4 r:  53.0   
US_Kentucky_Jefferson=Confirmed i: 129 129  63          . p:    3001    4601 e: -34.8 r:  53.8   
US_Kentucky_Jefferson=Confirmed i: 130 130  64   6/1/2020 p:    3119    4601 e: -32.2 r:  54.7   
US_Kentucky_Jefferson=Confirmed i: 131 131  65          . p:    3119    4601 e: -32.2 r:  55.7   
US_Kentucky_Jefferson=Confirmed i: 132 132  66   6/3/2020 p:    3236    4601 e: -29.7 r:  56.8   
US_Kentucky_Jefferson=Confirmed i: 133 133  67          . p:    3354    4601 e: -27.1 r:  60.0   
US_Kentucky_Jefferson=Confirmed i: 134 134  68   6/5/2020 p:    3472    4601 e: -24.6 r:  61.8   
US_Kentucky_Jefferson=Confirmed i: 135   0  69          . p:    4531    4601 e:  -1.5 r:  66.1 OK 1st
US_Kentucky_Jefferson=Confirmed i: 136   1  70   6/7/2020 p:    4767    4601 e:   3.6 r:  66.8 OK
US_Kentucky_Jefferson=Confirmed i: 137   2  71          . p:    5002    4601 e:   8.7 r:  67.5 OK
US_Kentucky_Jefferson=Confirmed i: 138   3  72   6/9/2020 p:    5237    4601 e:  13.8 r:  69.2 OK
