
  # Process COVID TAB data
p1= 399 il= 138
p1= 397 il= 137
p1= 397 il= 136
p1= 397 il= 135
p1= 397 il= 134
US_Nevada_Clark=Deaths nl = 139, n1= 5 s1= 397.4 s2= 157927.4 SD= 0.800000000008731 frac%= 0.201308505286545
US_Nevada_Clark=Deaths i:  61  61  -6          . p:      47     397 e: -88.2 r:   1.0   
US_Nevada_Clark=Deaths i:  62  62  -5  3/25/2020 p:     222     397 e: -44.1 r:   1.5   
US_Nevada_Clark=Deaths i:  63  63  -4          . p:       6     397 e: -98.5 r:   1.5   
US_Nevada_Clark=Deaths i:  64  64  -3  3/27/2020 p:     155     397 e: -61.0 r:   2.5   
US_Nevada_Clark=Deaths i:  65  65  -2          . p:      47     397 e: -88.2 r:   2.5   
US_Nevada_Clark=Deaths i:  66  66  -1  3/29/2020 p:     101     397 e: -74.6 r:   3.5   
US_Nevada_Clark=Deaths i:  67  67   0          . p:      20     397 e: -95.0 r:   3.5   
US_Nevada_Clark=Deaths i:  68  68   1  3/31/2020 p:       0     397 e: -100.0 r:   5.8   
US_Nevada_Clark=Deaths i:  70  70   3   4/2/2020 p:       0     397 e: -100.0 r:   8.6   
US_Nevada_Clark=Deaths i:  71  71   4          . p:      60     397 e: -84.9 r:   9.8   
US_Nevada_Clark=Deaths i:  72  72   5   4/4/2020 p:      47     397 e: -88.2 r:  10.3   
US_Nevada_Clark=Deaths i:  73  73   6          . p:      47     397 e: -88.2 r:  10.3   
US_Nevada_Clark=Deaths i:  74  74   7   4/6/2020 p:      47     397 e: -88.2 r:  10.3   
US_Nevada_Clark=Deaths i:  75  75   8          . p:     101     397 e: -74.6 r:  13.6   
US_Nevada_Clark=Deaths i:  76  76   9   4/8/2020 p:     168     397 e: -57.7 r:  16.4   
US_Nevada_Clark=Deaths i:  77  77  10          . p:     195     397 e: -50.9 r:  17.9   
US_Nevada_Clark=Deaths i:  78  78  11  4/10/2020 p:     195     397 e: -50.9 r:  18.9   
US_Nevada_Clark=Deaths i:  79  79  12          . p:     155     397 e: -61.0 r:  18.9   
US_Nevada_Clark=Deaths i:  80  80  13  4/12/2020 p:     330     397 e: -17.0 r:  25.2   
US_Nevada_Clark=Deaths i:  81  81  14          . p:     330     397 e: -17.0 r:  25.4   
US_Nevada_Clark=Deaths i:  82  82  15  4/14/2020 p:     303     397 e: -23.8 r:  26.7   
US_Nevada_Clark=Deaths i:  83  83  16          . p:     303     397 e: -23.8 r:  28.9   
US_Nevada_Clark=Deaths i:  84  84  17  4/16/2020 p:     289     397 e: -27.3 r:  28.9   
US_Nevada_Clark=Deaths i:  85  85  18          . p:     276     397 e: -30.5 r:  31.2   
US_Nevada_Clark=Deaths i:  86  86  19  4/18/2020 p:     276     397 e: -30.5 r:  33.5   
US_Nevada_Clark=Deaths i:  87  87  20          . p:     262     397 e: -34.1 r:  34.5   
US_Nevada_Clark=Deaths i:  88  88  21  4/20/2020 p:     235     397 e: -40.9 r:  34.5   
US_Nevada_Clark=Deaths i:  89  89  22          . p:     221     397 e: -44.4 r:  35.5   
US_Nevada_Clark=Deaths i:  90  90  23  4/22/2020 p:     218     397 e: -45.1 r:  37.7   
US_Nevada_Clark=Deaths i:  91  91  24          . p:     235     397 e: -40.9 r:  41.0   
US_Nevada_Clark=Deaths i:  92  92  25  4/24/2020 p:     249     397 e: -37.3 r:  42.3   
US_Nevada_Clark=Deaths i:  93  93  26          . p:     262     397 e: -34.1 r:  43.8   
US_Nevada_Clark=Deaths i:  94  94  27  4/26/2020 p:     262     397 e: -34.1 r:  43.8   
US_Nevada_Clark=Deaths i:  95  95  28          . p:     249     397 e: -37.3 r:  43.8   
US_Nevada_Clark=Deaths i:  96  96  29  4/28/2020 p:     262     397 e: -34.1 r:  46.8   
US_Nevada_Clark=Deaths i:  97  97  30          . p:     262     397 e: -34.1 r:  49.3   
US_Nevada_Clark=Deaths i:  98  98  31  4/30/2020 p:     276     397 e: -30.5 r:  50.8   
US_Nevada_Clark=Deaths i:  99  99  32          . p:     276     397 e: -30.5 r:  51.8   
US_Nevada_Clark=Deaths i: 100 100  33   5/2/2020 p:     289     397 e: -27.3 r:  54.1   
US_Nevada_Clark=Deaths i: 101 101  34          . p:     289     397 e: -27.3 r:  54.9   
US_Nevada_Clark=Deaths i: 102 102  35   5/4/2020 p:     289     397 e: -27.3 r:  56.1   
US_Nevada_Clark=Deaths i: 103 103  36          . p:     295     397 e: -25.8 r:  56.9   
US_Nevada_Clark=Deaths i: 104 104  37   5/6/2020 p:     302     397 e: -24.0 r:  59.9   
US_Nevada_Clark=Deaths i: 105 105  38          . p:     316     397 e: -20.5 r:  61.7   
US_Nevada_Clark=Deaths i: 106 106  39   5/8/2020 p:     316     397 e: -20.5 r:  61.7   
US_Nevada_Clark=Deaths i: 107 107  40          . p:     330     397 e: -17.0 r:  64.4   
US_Nevada_Clark=Deaths i: 108 108  41  5/10/2020 p:     330     397 e: -17.0 r:  65.4   
US_Nevada_Clark=Deaths i: 109 109  42          . p:     330     397 e: -17.0 r:  65.4   
US_Nevada_Clark=Deaths i: 110 110  43  5/12/2020 p:     333     397 e: -16.2 r:  67.2   
US_Nevada_Clark=Deaths i: 111   0  44          . p:     343     397 e: -13.7 r:  69.2 OK 1st
US_Nevada_Clark=Deaths i: 112   1  45  5/14/2020 p:     343     397 e: -13.7 r:  69.2 OK
US_Nevada_Clark=Deaths i: 113   2  46          . p:     357     397 e: -10.2 r:  73.2 OK
US_Nevada_Clark=Deaths i: 114   3  47  5/16/2020 p:     357     397 e: -10.2 r:  73.7 OK
US_Nevada_Clark=Deaths i: 115   4  48          . p:     357     397 e: -10.2 r:  74.5 OK
US_Nevada_Clark=Deaths i: 116   5  49  5/18/2020 p:     492     397 e:  23.8 r:  74.5   
US_Nevada_Clark=Deaths i: 117   6  50          . p:     471     397 e:  18.5 r:  74.5   
US_Nevada_Clark=Deaths i: 118   7  51  5/20/2020 p:     370     397 e:  -6.9 r:  79.0 OK
US_Nevada_Clark=Deaths i: 119   8  52          . p:     384     397 e:  -3.4 r:  80.5 OK
US_Nevada_Clark=Deaths i: 120   9  53  5/22/2020 p:     384     397 e:  -3.4 r:  81.0 OK
US_Nevada_Clark=Deaths i: 121  10  54          . p:     505     397 e:  27.1 r:  81.0   
US_Nevada_Clark=Deaths i: 122  11  55  5/24/2020 p:     492     397 e:  23.8 r:  81.0   
US_Nevada_Clark=Deaths i: 123  12  56          . p:     387     397 e:  -2.6 r:  82.8 OK
US_Nevada_Clark=Deaths i: 124  13  57  5/26/2020 p:     386     397 e:  -2.9 r:  82.8 OK
US_Nevada_Clark=Deaths i: 125  14  58          . p:     384     397 e:  -3.4 r:  83.3 OK
US_Nevada_Clark=Deaths i: 126  15  59  5/28/2020 p:     438     397 e:  10.2 r:  85.3 OK
US_Nevada_Clark=Deaths i: 127  16  60          . p:     438     397 e:  10.2 r:  85.3 OK
US_Nevada_Clark=Deaths i: 128  17  61  5/30/2020 p:     438     397 e:  10.2 r:  86.3 OK
US_Nevada_Clark=Deaths i: 129  18  62          . p:     397     397 e:  -0.1 r:  86.3 OK
US_Nevada_Clark=Deaths i: 130  19  63   6/1/2020 p:     397     397 e:  -0.1 r:  86.3 OK
US_Nevada_Clark=Deaths i: 131  20  64          . p:     411     397 e:   3.4 r:  86.3 OK
US_Nevada_Clark=Deaths i: 132  21  65   6/3/2020 p:     397     397 e:  -0.1 r:  89.3 OK
US_Nevada_Clark=Deaths i: 133  22  66          . p:     397     397 e:  -0.1 r:  89.3 OK
US_Nevada_Clark=Deaths i: 134  23  67   6/5/2020 p:     397     397 e:  -0.1 r:  89.8 OK
US_Nevada_Clark=Deaths i: 135  24  68          . p:     397     397 e:  -0.1 r:  90.1 OK
US_Nevada_Clark=Deaths i: 136  25  69   6/7/2020 p:     397     397 e:  -0.1 r:  90.3 OK
US_Nevada_Clark=Deaths i: 137  26  70          . p:     397     397 e:  -0.1 r:  91.3 OK
US_Nevada_Clark=Deaths i: 138  27  71   6/9/2020 p:     399     397 e:   0.4 r:  91.8 OK
