
  # Process COVID TAB data
p1= 56838 il= 138
p1= 55141 il= 137
p1= 55141 il= 136
p1= 53445 il= 135
p1= 51748 il= 134
Sweden=Confirmed nl = 139, n1= 5 s1= 54462.6 s2= 2969168307 SD= 1730.17578297705 frac%= 3.17681451670881
Sweden=Confirmed i:  37  37  -5          . p:     848   54462 e: -98.4 r:   0.0   
Sweden=Confirmed i:  38  38  -4   3/1/2020 p:     848   54462 e: -98.4 r:   0.0   
Sweden=Confirmed i:  39  39  -3          . p:     848   54462 e: -98.4 r:   0.0   
Sweden=Confirmed i:  40  40  -2   3/3/2020 p:     848   54462 e: -98.4 r:   0.0   
Sweden=Confirmed i:  41  41  -1          . p:     848   54462 e: -98.4 r:   0.1   
Sweden=Confirmed i:  44  44   2   3/7/2020 p:   16118   54462 e: -70.4 r:   0.3   
Sweden=Confirmed i:  45  45   3          . p:     848   54462 e: -98.4 r:   0.4   
Sweden=Confirmed i:  46  46   4   3/9/2020 p:     848   54462 e: -98.4 r:   0.5   
Sweden=Confirmed i:  47  47   5          . p:     848   54462 e: -98.4 r:   0.7   
Sweden=Confirmed i:  48  48   6  3/11/2020 p:    2545   54462 e: -95.3 r:   0.9   
Sweden=Confirmed i:  49  49   7          . p:    4241   54462 e: -92.2 r:   1.1   
Sweden=Confirmed i:  50  50   8  3/13/2020 p:    5938   54462 e: -89.1 r:   1.5   
Sweden=Confirmed i:  51  51   9          . p:    4241   54462 e: -92.2 r:   1.8   
Sweden=Confirmed i:  52  52  10  3/15/2020 p:    7635   54462 e: -86.0 r:   1.9   
Sweden=Confirmed i:  53  53  11          . p:     848   54462 e: -98.4 r:   2.0   
Sweden=Confirmed i:  54  54  12  3/17/2020 p:    2545   54462 e: -95.3 r:   2.2   
Sweden=Confirmed i:  55  55  13          . p:    2545   54462 e: -95.3 r:   2.3   
Sweden=Confirmed i:  56  56  14  3/19/2020 p:    2545   54462 e: -95.3 r:   2.6   
Sweden=Confirmed i:  57  57  15          . p:    2545   54462 e: -95.3 r:   3.0   
Sweden=Confirmed i:  58  58  16  3/21/2020 p:    2545   54462 e: -95.3 r:   3.2   
Sweden=Confirmed i:  59  59  17          . p:    2545   54462 e: -95.3 r:   3.6   
Sweden=Confirmed i:  60  60  18  3/23/2020 p:    2545   54462 e: -95.3 r:   3.8   
Sweden=Confirmed i:  61  61  19          . p:    4241   54462 e: -92.2 r:   4.2   
Sweden=Confirmed i:  62  62  20  3/25/2020 p:    4241   54462 e: -92.2 r:   4.6   
Sweden=Confirmed i:  63  63  21          . p:    5938   54462 e: -89.1 r:   5.2   
Sweden=Confirmed i:  64  64  22  3/27/2020 p:    5938   54462 e: -89.1 r:   5.6   
Sweden=Confirmed i:  65  65  23          . p:    5938   54462 e: -89.1 r:   6.3   
Sweden=Confirmed i:  66  66  24  3/29/2020 p:    7635   54462 e: -86.0 r:   6.8   
Sweden=Confirmed i:  67  67  25          . p:    7635   54462 e: -86.0 r:   7.4   
Sweden=Confirmed i:  68  68  26  3/31/2020 p:    9331   54462 e: -82.9 r:   8.1   
Sweden=Confirmed i:  69  69  27          . p:    9331   54462 e: -82.9 r:   9.1   
Sweden=Confirmed i:  70  70  28   4/2/2020 p:   11028   54462 e: -79.8 r:  10.2   
Sweden=Confirmed i:  71  71  29          . p:   12725   54462 e: -76.6 r:  11.3   
Sweden=Confirmed i:  72  72  30   4/4/2020 p:   14421   54462 e: -73.5 r:  11.8   
Sweden=Confirmed i:  73  73  31          . p:   16118   54462 e: -70.4 r:  12.5   
Sweden=Confirmed i:  74  74  32   4/6/2020 p:   16118   54462 e: -70.4 r:  13.2   
Sweden=Confirmed i:  75  75  33          . p:   17815   54462 e: -67.3 r:  14.1   
Sweden=Confirmed i:  76  76  34   4/8/2020 p:   19511   54462 e: -64.2 r:  15.5   
Sweden=Confirmed i:  77  77  35          . p:   21208   54462 e: -61.1 r:  16.8   
Sweden=Confirmed i:  78  78  36  4/10/2020 p:   21208   54462 e: -61.1 r:  17.8   
Sweden=Confirmed i:  79  79  37          . p:   22905   54462 e: -57.9 r:  18.6   
Sweden=Confirmed i:  80  80  38  4/12/2020 p:   22905   54462 e: -57.9 r:  19.2   
Sweden=Confirmed i:  81  81  39          . p:   24601   54462 e: -54.8 r:  20.1   
Sweden=Confirmed i:  82  82  40  4/14/2020 p:   22905   54462 e: -57.9 r:  21.0   
Sweden=Confirmed i:  83  83  41          . p:   24601   54462 e: -54.8 r:  21.9   
Sweden=Confirmed i:  84  84  42  4/16/2020 p:   24601   54462 e: -54.8 r:  23.0   
Sweden=Confirmed i:  85  85  43          . p:   26298   54462 e: -51.7 r:  24.3   
Sweden=Confirmed i:  86  86  44  4/18/2020 p:   27995   54462 e: -48.6 r:  25.4   
Sweden=Confirmed i:  87  87  45          . p:   29691   54462 e: -45.5 r:  26.4   
Sweden=Confirmed i:  88  88  46  4/20/2020 p:   29691   54462 e: -45.5 r:  27.1   
Sweden=Confirmed i:  89  89  47          . p:   29691   54462 e: -45.5 r:  28.1   
Sweden=Confirmed i:  90  90  48  4/22/2020 p:   30488   54462 e: -44.0 r:  29.4   
Sweden=Confirmed i:  91  91  49          . p:   33085   54462 e: -39.3 r:  30.8   
Sweden=Confirmed i:  92  92  50  4/24/2020 p:   36478   54462 e: -33.0 r:  32.3   
Sweden=Confirmed i:  93  93  51          . p:   38175   54462 e: -29.9 r:  33.4   
Sweden=Confirmed i:  94  94  52  4/26/2020 p:   38175   54462 e: -29.9 r:  34.2   
Sweden=Confirmed i:  95  95  53          . p:   38269   54462 e: -29.7 r:  34.8   
Sweden=Confirmed i:  96  96  54  4/28/2020 p:   38815   54462 e: -28.7 r:  36.0   
Sweden=Confirmed i:  97  97  55          . p:   39201   54462 e: -28.0 r:  37.3   
Sweden=Confirmed i:  98  98  56  4/30/2020 p:   41568   54462 e: -23.7 r:  38.7   
Sweden=Confirmed i:  99  99  57          . p:   41568   54462 e: -23.7 r:  39.5   
Sweden=Confirmed i: 100 100  58   5/2/2020 p:   41568   54462 e: -23.7 r:  40.5   
Sweden=Confirmed i: 101 101  59          . p:   40772   54462 e: -25.1 r:  41.0   
Sweden=Confirmed i: 102 102  60   5/4/2020 p:   40245   54462 e: -26.1 r:  41.7   
Sweden=Confirmed i: 103 103  61          . p:   39998   54462 e: -26.6 r:  42.6   
Sweden=Confirmed i: 104 104  62   5/6/2020 p:   36478   54462 e: -33.0 r:  43.9   
Sweden=Confirmed i: 105 105  63          . p:   36478   54462 e: -33.0 r:  45.2   
Sweden=Confirmed i: 106 106  64   5/8/2020 p:   41568   54462 e: -23.7 r:  46.4   
Sweden=Confirmed i: 107 107  65          . p:   44961   54462 e: -17.4 r:  47.6   
Sweden=Confirmed i: 108 108  66  5/10/2020 p:   44961   54462 e: -17.4 r:  48.3   
Sweden=Confirmed i: 109 109  67          . p:   44961   54462 e: -17.4 r:  49.0   
Sweden=Confirmed i: 110 110  68  5/12/2020 p:   44961   54462 e: -17.4 r:  50.1   
Sweden=Confirmed i: 111   0  69          . p:   46658   54462 e: -14.3 r:  51.2 OK 1st
Sweden=Confirmed i: 112   1  70  5/14/2020 p:   46658   54462 e: -14.3 r:  52.5 OK
Sweden=Confirmed i: 113   2  71          . p:   44961   54462 e: -17.4 r:  53.6   
Sweden=Confirmed i: 114   3  72  5/16/2020 p:   44961   54462 e: -17.4 r:  54.5   
Sweden=Confirmed i: 115   4  73          . p:   46658   54462 e: -14.3 r:  55.3 OK
Sweden=Confirmed i: 116   5  74  5/18/2020 p:   45522   54462 e: -16.4 r:  55.8   
Sweden=Confirmed i: 117   6  75          . p:   45496   54462 e: -16.5 r:  56.6   
Sweden=Confirmed i: 118   7  76  5/20/2020 p:   45832   54462 e: -15.8 r:  57.9   
Sweden=Confirmed i: 119   8  77          . p:   46658   54462 e: -14.3 r:  59.1 OK
Sweden=Confirmed i: 120   9  78  5/22/2020 p:   46658   54462 e: -14.3 r:  60.2 OK
Sweden=Confirmed i: 121  10  79          . p:   48355   54462 e: -11.2 r:  60.9 OK
Sweden=Confirmed i: 122  11  80  5/24/2020 p:   48355   54462 e: -11.2 r:  61.4 OK
Sweden=Confirmed i: 123  12  81          . p:   47758   54462 e: -12.3 r:  62.1 OK
Sweden=Confirmed i: 124  13  82  5/26/2020 p:   48128   54462 e: -11.6 r:  63.2 OK
Sweden=Confirmed i: 125  14  83          . p:   48355   54462 e: -11.2 r:  64.4 OK
Sweden=Confirmed i: 126  15  84  5/28/2020 p:   50051   54462 e:  -8.1 r:  65.6 OK
Sweden=Confirmed i: 127  16  85          . p:   50051   54462 e:  -8.1 r:  67.0 OK
Sweden=Confirmed i: 128  17  86  5/30/2020 p:   50051   54462 e:  -8.1 r:  68.1 OK
Sweden=Confirmed i: 129  18  87          . p:   46658   54462 e: -14.3 r:  68.9 OK
Sweden=Confirmed i: 130  19  88   6/1/2020 p:   51748   54462 e:  -5.0 r:  69.4 OK
Sweden=Confirmed i: 131  20  89          . p:   51748   54462 e:  -5.0 r:  70.9 OK
Sweden=Confirmed i: 132  21  90   6/3/2020 p:   50051   54462 e:  -8.1 r:  74.9 OK
Sweden=Confirmed i: 133  22  91          . p:   50051   54462 e:  -8.1 r:  76.9 OK
Sweden=Confirmed i: 134  23  92   6/5/2020 p:   51748   54462 e:  -5.0 r:  78.8 OK
Sweden=Confirmed i: 135  24  93          . p:   53445   54462 e:  -1.9 r:  80.6 OK
Sweden=Confirmed i: 136  25  94   6/7/2020 p:   55141   54462 e:   1.2 r:  82.1 OK
Sweden=Confirmed i: 137  26  95          . p:   55141   54462 e:   1.2 r:  82.9 OK
Sweden=Confirmed i: 138  27  96   6/9/2020 p:   56838   54462 e:   4.4 r:  84.3 OK
