
  # Process COVID TAB data
p1= 19431 il= 138
p1= 19497 il= 137
p1= 19497 il= 136
p1= 19497 il= 135
p1= 19497 il= 134
Italy_Veneto=Confirmed nl = 139, n1= 5 s1= 19483.8 s2= 379619159.4 SD= 26.3999999995936 frac%= 0.135497182272419
Italy_Veneto=Confirmed i:  38  38   4   3/1/2020 p:    1108   19483 e: -94.3 r:   1.3   
Italy_Veneto=Confirmed i:  39  39   5          . p:     554   19483 e: -97.2 r:   1.4   
Italy_Veneto=Confirmed i:  40  40   6   3/3/2020 p:     379   19483 e: -98.1 r:   1.6   
Italy_Veneto=Confirmed i:  41  41   7          . p:     533   19483 e: -97.3 r:   1.8   
Italy_Veneto=Confirmed i:  42  42   8   3/5/2020 p:     614   19483 e: -96.8 r:   2.1   
Italy_Veneto=Confirmed i:  43  43   9          . p:    1063   19483 e: -94.5 r:   2.5   
Italy_Veneto=Confirmed i:  44  44  10   3/7/2020 p:    1063   19483 e: -94.5 r:   2.8   
Italy_Veneto=Confirmed i:  45  45  11          . p:    1772   19483 e: -90.9 r:   3.4   
Italy_Veneto=Confirmed i:  46  46  12   3/9/2020 p:    1772   19483 e: -90.9 r:   3.8   
Italy_Veneto=Confirmed i:  47  47  13          . p:    2481   19483 e: -87.3 r:   4.4   
Italy_Veneto=Confirmed i:  48  48  14  3/11/2020 p:    3190   19483 e: -83.6 r:   5.3   
Italy_Veneto=Confirmed i:  49  49  15          . p:    8862   19483 e: -54.5 r:   7.1   
Italy_Veneto=Confirmed i:  50  50  16  3/13/2020 p:   15952   19483 e: -18.1 r:   8.2   
Italy_Veneto=Confirmed i:  51  51  17          . p:   31551   19483 e:  61.9 r:   9.9   
Italy_Veneto=Confirmed i:  52  52  18  3/15/2020 p:    4608   19483 e: -76.3 r:  11.1   
Italy_Veneto=Confirmed i:  53  53  19          . p:    3899   19483 e: -80.0 r:  12.7   
Italy_Veneto=Confirmed i:  54  54  20  3/17/2020 p:    3899   19483 e: -80.0 r:  13.9   
Italy_Veneto=Confirmed i:  55  55  21          . p:    8153   19483 e: -58.2 r:  16.5   
Italy_Veneto=Confirmed i:  56  56  22  3/19/2020 p:    8862   19483 e: -54.5 r:  17.9   
Italy_Veneto=Confirmed i:  57  57  23          . p:   12407   19483 e: -36.3 r:  20.7   
Italy_Veneto=Confirmed i:  58   0  24  3/21/2020 p:   20206   19483 e:   3.7 r:  23.7 OK 1st
Italy_Veneto=Confirmed i:  59   1  25          . p:   25879   19483 e:  32.8 r:  26.3   
Italy_Veneto=Confirmed i:  60   2  26  3/23/2020 p:   13825   19483 e: -29.0 r:  28.3   
Italy_Veneto=Confirmed i:  61   3  27          . p:   55657   19483 e: 185.7 r:  30.5   
Italy_Veneto=Confirmed i:  62   4  28  3/25/2020 p:   21624   19483 e:  11.0 r:  33.1 OK
Italy_Veneto=Confirmed i:  63   5  29          . p:   12407   19483 e: -36.3 r:  35.6   
Italy_Veneto=Confirmed i:  64   6  30  3/27/2020 p:   15243   19483 e: -21.8 r:  38.5   
Italy_Veneto=Confirmed i:  65   7  31          . p:   20915   19483 e:   7.3 r:  40.7 OK
Italy_Veneto=Confirmed i:  66   8  32  3/29/2020 p:   20233   19483 e:   3.8 r:  42.9 OK
Italy_Veneto=Confirmed i:  67   9  33          . p:   18833   19483 e:  -3.3 r:  44.8 OK
Italy_Veneto=Confirmed i:  68  10  34  3/31/2020 p:   12559   19483 e: -35.5 r:  47.0   
Italy_Veneto=Confirmed i:  69  11  35          . p:   15185   19483 e: -22.1 r:  49.4   
Italy_Veneto=Confirmed i:  70  12  36   4/2/2020 p:   18079   19483 e:  -7.2 r:  51.9 OK
Italy_Veneto=Confirmed i:  71  13  37          . p:   17591   19483 e:  -9.7 r:  53.7 OK
Italy_Veneto=Confirmed i:  72  14  38   4/4/2020 p:   17394   19483 e: -10.7 r:  55.6 OK
Italy_Veneto=Confirmed i:  73  15  39          . p:   17497   19483 e: -10.2 r:  57.6 OK
Italy_Veneto=Confirmed i:  74  16  40   4/6/2020 p:   17479   19483 e: -10.3 r:  59.5 OK
Italy_Veneto=Confirmed i:  75  17  41          . p:   17535   19483 e: -10.0 r:  61.2 OK
Italy_Veneto=Confirmed i:  76  18  42   4/8/2020 p:   17370   19483 e: -10.8 r:  63.7 OK
Italy_Veneto=Confirmed i:  77  19  43          . p:   18788   19483 e:  -3.6 r:  66.4 OK
Italy_Veneto=Confirmed i:  78  20  44  4/10/2020 p:   19497   19483 e:   0.1 r:  68.9 OK
Italy_Veneto=Confirmed i:  79  21  45          . p:   19497   19483 e:   0.1 r:  70.7 OK
Italy_Veneto=Confirmed i:  80  22  46  4/12/2020 p:   19497   19483 e:   0.1 r:  72.2 OK
Italy_Veneto=Confirmed i:  81  23  47          . p:   19707   19483 e:   1.1 r:  73.1 OK
Italy_Veneto=Confirmed i:  82  24  48  4/14/2020 p:   19630   19483 e:   0.8 r:  74.1 OK
Italy_Veneto=Confirmed i:  83  25  49          . p:   19391   19483 e:  -0.5 r:  75.1 OK
Italy_Veneto=Confirmed i:  84  26  50  4/16/2020 p:   19497   19483 e:   0.1 r:  76.9 OK
Italy_Veneto=Confirmed i:  85  27  51          . p:   19369   19483 e:  -0.6 r:  78.9 OK
Italy_Veneto=Confirmed i:  86  28  52  4/18/2020 p:   19497   19483 e:   0.1 r:  80.5 OK
Italy_Veneto=Confirmed i:  87  29  53          . p:   19497   19483 e:   0.1 r:  81.8 OK
Italy_Veneto=Confirmed i:  88  30  54  4/20/2020 p:   20206   19483 e:   3.7 r:  82.8 OK
Italy_Veneto=Confirmed i:  89  31  55          . p:   20206   19483 e:   3.7 r:  84.2 OK
Italy_Veneto=Confirmed i:  90  32  56  4/22/2020 p:   20915   19483 e:   7.3 r:  85.9 OK
Italy_Veneto=Confirmed i:  91  33  57          . p:   20915   19483 e:   7.3 r:  86.6 OK
Italy_Veneto=Confirmed i:  92  34  58  4/24/2020 p:   21624   19483 e:  11.0 r:  88.4 OK
Italy_Veneto=Confirmed i:  93  35  59          . p:   21492   19483 e:  10.3 r:  89.3 OK
Italy_Veneto=Confirmed i:  94  36  60  4/26/2020 p:   21445   19483 e:  10.1 r:  89.7 OK
Italy_Veneto=Confirmed i:  95  37  61          . p:   21248   19483 e:   9.1 r:  90.2 OK
Italy_Veneto=Confirmed i:  96  38  62  4/28/2020 p:   20816   19483 e:   6.8 r:  90.9 OK
Italy_Veneto=Confirmed i:  97  39  63          . p:   20390   19483 e:   4.7 r:  91.5 OK
Italy_Veneto=Confirmed i:  98  40  64  4/30/2020 p:   20206   19483 e:   3.7 r:  92.2 OK
Italy_Veneto=Confirmed i:  99  41  65          . p:   20206   19483 e:   3.7 r:  92.9 OK
Italy_Veneto=Confirmed i: 100  42  66   5/2/2020 p:   20206   19483 e:   3.7 r:  93.5 OK
Italy_Veneto=Confirmed i: 101  43  67          . p:   20206   19483 e:   3.7 r:  94.0 OK
Italy_Veneto=Confirmed i: 102  44  68   5/4/2020 p:   20212   19483 e:   3.7 r:  94.3 OK
Italy_Veneto=Confirmed i: 103  45  69          . p:   20221   19483 e:   3.8 r:  94.4 OK
Italy_Veneto=Confirmed i: 104  46  70   5/6/2020 p:   20015   19483 e:   2.7 r:  94.8 OK
Italy_Veneto=Confirmed i: 105  47  71          . p:   20020   19483 e:   2.8 r:  95.2 OK
Italy_Veneto=Confirmed i: 106  48  72   5/8/2020 p:   19497   19483 e:   0.1 r:  95.6 OK
Italy_Veneto=Confirmed i: 107  49  73          . p:   19497   19483 e:   0.1 r:  95.8 OK
Italy_Veneto=Confirmed i: 108  50  74  5/10/2020 p:   19497   19483 e:   0.1 r:  96.1 OK
Italy_Veneto=Confirmed i: 109  51  75          . p:   19820   19483 e:   1.7 r:  96.2 OK
Italy_Veneto=Confirmed i: 110  52  76  5/12/2020 p:   19224   19483 e:  -1.3 r:  96.4 OK
Italy_Veneto=Confirmed i: 111  53  77          . p:   19224   19483 e:  -1.3 r:  96.6 OK
Italy_Veneto=Confirmed i: 112  54  78  5/14/2020 p:   19224   19483 e:  -1.3 r:  96.7 OK
Italy_Veneto=Confirmed i: 113  55  79          . p:   19497   19483 e:   0.1 r:  96.9 OK
Italy_Veneto=Confirmed i: 114  56  80  5/16/2020 p:   19497   19483 e:   0.1 r:  97.1 OK
Italy_Veneto=Confirmed i: 115  57  81          . p:   19497   19483 e:   0.1 r:  97.2 OK
Italy_Veneto=Confirmed i: 116  58  82  5/18/2020 p:   19231   19483 e:  -1.3 r:  97.3 OK
Italy_Veneto=Confirmed i: 117  59  83          . p:   19428   19483 e:  -0.3 r:  97.5 OK
Italy_Veneto=Confirmed i: 118  60  84  5/20/2020 p:   19497   19483 e:   0.1 r:  97.7 OK
Italy_Veneto=Confirmed i: 119  61  85          . p:   19497   19483 e:   0.1 r:  97.7 OK
Italy_Veneto=Confirmed i: 120  62  86  5/22/2020 p:   19428   19483 e:  -0.3 r:  97.8 OK
Italy_Veneto=Confirmed i: 121  63  87          . p:   19431   19483 e:  -0.3 r:  97.9 OK
Italy_Veneto=Confirmed i: 122  64  88  5/24/2020 p:   19431   19483 e:  -0.3 r:  98.0 OK
Italy_Veneto=Confirmed i: 123  65  89          . p:   19431   19483 e:  -0.3 r:  98.0 OK
Italy_Veneto=Confirmed i: 124  66  90  5/26/2020 p:   19431   19483 e:  -0.3 r:  98.1 OK
Italy_Veneto=Confirmed i: 125  67  91          . p:   19237   19483 e:  -1.3 r:  98.1 OK
Italy_Veneto=Confirmed i: 126  68  92  5/28/2020 p:   19237   19483 e:  -1.3 r:  98.2 OK
Italy_Veneto=Confirmed i: 127  69  93          . p:   19497   19483 e:   0.1 r:  98.2 OK
Italy_Veneto=Confirmed i: 128  70  94  5/30/2020 p:   19497   19483 e:   0.1 r:  98.3 OK
Italy_Veneto=Confirmed i: 129  71  95          . p:   19497   19483 e:   0.1 r:  98.3 OK
Italy_Veneto=Confirmed i: 130  72  96   6/1/2020 p:   19237   19483 e:  -1.3 r:  98.3 OK
Italy_Veneto=Confirmed i: 131  73  97          . p:   19237   19483 e:  -1.3 r:  98.3 OK
Italy_Veneto=Confirmed i: 132  74  98   6/3/2020 p:   19237   19483 e:  -1.3 r:  98.4 OK
Italy_Veneto=Confirmed i: 133  75  99          . p:   19237   19483 e:  -1.3 r:  98.4 OK
Italy_Veneto=Confirmed i: 134  76 100   6/5/2020 p:   19497   19483 e:   0.1 r:  98.4 OK
Italy_Veneto=Confirmed i: 135  77 101          . p:   19497   19483 e:   0.1 r:  98.5 OK
Italy_Veneto=Confirmed i: 136  78 102   6/7/2020 p:   19497   19483 e:   0.1 r:  98.5 OK
Italy_Veneto=Confirmed i: 137  79 103          . p:   19497   19483 e:   0.1 r:  98.5 OK
Italy_Veneto=Confirmed i: 138  80 104   6/9/2020 p:   19431   19483 e:  -0.3 r:  98.5 OK
