
  # Process COVID TAB data
p1= 11442 il= 138
p1= 11487 il= 137
p1= 11487 il= 136
p1= 11487 il= 135
p1= 10780 il= 134
US_Minnesota_Hennepin=Confirmed nl = 139, n1= 5 s1= 11336.6 s2= 128596254.2 SD= 278.845190024861 frac%= 2.4596897661103
US_Minnesota_Hennepin=Confirmed i:  58  58  -2  3/21/2020 p:     176   11336 e: -98.4 r:   0.5   
US_Minnesota_Hennepin=Confirmed i:  59  59  -1          . p:     176   11336 e: -98.4 r:   0.5   
US_Minnesota_Hennepin=Confirmed i:  60  60   0  3/23/2020 p:     176   11336 e: -98.4 r:   0.8   
US_Minnesota_Hennepin=Confirmed i:  61  61   1          . p:     176   11336 e: -98.4 r:   0.9   
US_Minnesota_Hennepin=Confirmed i:  62  62   2  3/25/2020 p:     176   11336 e: -98.4 r:   1.0   
US_Minnesota_Hennepin=Confirmed i:  63  63   3          . p:     176   11336 e: -98.4 r:   1.1   
US_Minnesota_Hennepin=Confirmed i:  64  64   4  3/27/2020 p:     176   11336 e: -98.4 r:   1.2   
US_Minnesota_Hennepin=Confirmed i:  65  65   5          . p:     249   11336 e: -97.8 r:   1.3   
US_Minnesota_Hennepin=Confirmed i:  66  66   6  3/29/2020 p:     265   11336 e: -97.7 r:   1.5   
US_Minnesota_Hennepin=Confirmed i:  67  67   7          . p:     176   11336 e: -98.4 r:   1.7   
US_Minnesota_Hennepin=Confirmed i:  68  68   8  3/31/2020 p:     176   11336 e: -98.4 r:   1.8   
US_Minnesota_Hennepin=Confirmed i:  69  69   9          . p:     326   11336 e: -97.1 r:   1.9   
US_Minnesota_Hennepin=Confirmed i:  70  70  10   4/2/2020 p:     366   11336 e: -96.8 r:   2.1   
US_Minnesota_Hennepin=Confirmed i:  71  71  11          . p:     380   11336 e: -96.6 r:   2.1   
US_Minnesota_Hennepin=Confirmed i:  72  72  12   4/4/2020 p:     345   11336 e: -97.0 r:   2.2   
US_Minnesota_Hennepin=Confirmed i:  73  73  13          . p:     352   11336 e: -96.9 r:   2.4   
US_Minnesota_Hennepin=Confirmed i:  74  74  14   4/6/2020 p:     379   11336 e: -96.7 r:   2.5   
US_Minnesota_Hennepin=Confirmed i:  75  75  15          . p:     530   11336 e: -95.3 r:   2.7   
US_Minnesota_Hennepin=Confirmed i:  76  76  16   4/8/2020 p:     555   11336 e: -95.1 r:   3.0   
US_Minnesota_Hennepin=Confirmed i:  77  77  17          . p:     530   11336 e: -95.3 r:   3.3   
US_Minnesota_Hennepin=Confirmed i:  78  78  18  4/10/2020 p:     883   11336 e: -92.2 r:   3.7   
US_Minnesota_Hennepin=Confirmed i:  79  79  19          . p:    1237   11336 e: -89.1 r:   4.1   
US_Minnesota_Hennepin=Confirmed i:  80  80  20  4/12/2020 p:    1944   11336 e: -82.9 r:   4.9   
US_Minnesota_Hennepin=Confirmed i:  81  81  21          . p:    1944   11336 e: -82.9 r:   4.9   
US_Minnesota_Hennepin=Confirmed i:  82  82  22  4/14/2020 p:    1590   11336 e: -86.0 r:   4.9   
US_Minnesota_Hennepin=Confirmed i:  83  83  23          . p:    1590   11336 e: -86.0 r:   5.7   
US_Minnesota_Hennepin=Confirmed i:  84  84  24  4/16/2020 p:    1944   11336 e: -82.9 r:   6.4   
US_Minnesota_Hennepin=Confirmed i:  85  85  25          . p:    4418   11336 e: -61.0 r:   7.1   
US_Minnesota_Hennepin=Confirmed i:  86  86  26  4/18/2020 p:    5478   11336 e: -51.7 r:   7.7   
US_Minnesota_Hennepin=Confirmed i:  87  87  27          . p:    1237   11336 e: -89.1 r:   8.2   
US_Minnesota_Hennepin=Confirmed i:  88  88  28  4/20/2020 p:    1237   11336 e: -89.1 r:   8.6   
US_Minnesota_Hennepin=Confirmed i:  89  89  29          . p:    1237   11336 e: -89.1 r:   8.9   
US_Minnesota_Hennepin=Confirmed i:  90  90  30  4/22/2020 p:    1237   11336 e: -89.1 r:   9.5   
US_Minnesota_Hennepin=Confirmed i:  91  91  31          . p:    1590   11336 e: -86.0 r:  10.0   
US_Minnesota_Hennepin=Confirmed i:  92  92  32  4/24/2020 p:    2297   11336 e: -79.7 r:  10.6   
US_Minnesota_Hennepin=Confirmed i:  93  93  33          . p:    2650   11336 e: -76.6 r:  11.4   
US_Minnesota_Hennepin=Confirmed i:  94  94  34  4/26/2020 p:    2650   11336 e: -76.6 r:  11.7   
US_Minnesota_Hennepin=Confirmed i:  95  95  35          . p:    3004   11336 e: -73.5 r:  12.5   
US_Minnesota_Hennepin=Confirmed i:  96  96  36  4/28/2020 p:    4064   11336 e: -64.2 r:  13.4   
US_Minnesota_Hennepin=Confirmed i:  97  97  37          . p:    5125   11336 e: -54.8 r:  14.4   
US_Minnesota_Hennepin=Confirmed i:  98  98  38  4/30/2020 p:    6185   11336 e: -45.4 r:  15.3   
US_Minnesota_Hennepin=Confirmed i:  99  99  39          . p:    7245   11336 e: -36.1 r:  16.1   
US_Minnesota_Hennepin=Confirmed i: 100 100  40   5/2/2020 p:    9366   11336 e: -17.4 r:  17.5   
US_Minnesota_Hennepin=Confirmed i: 101 101  41          . p:   13961   11336 e:  23.1 r:  19.0   
US_Minnesota_Hennepin=Confirmed i: 102 102  42   5/4/2020 p:    6538   11336 e: -42.3 r:  20.3   
US_Minnesota_Hennepin=Confirmed i: 103 103  43          . p:    7245   11336 e: -36.1 r:  22.2   
US_Minnesota_Hennepin=Confirmed i: 104 104  44   5/6/2020 p:    8659   11336 e: -23.6 r:  24.4   
US_Minnesota_Hennepin=Confirmed i: 105 105  45          . p:   14668   11336 e:  29.4 r:  26.1   
US_Minnesota_Hennepin=Confirmed i: 106 106  46   5/8/2020 p:    9366   11336 e: -17.4 r:  27.8   
US_Minnesota_Hennepin=Confirmed i: 107 107  47          . p:    5832   11336 e: -48.6 r:  29.8   
US_Minnesota_Hennepin=Confirmed i: 108 108  48  5/10/2020 p:    5832   11336 e: -48.6 r:  31.4   
US_Minnesota_Hennepin=Confirmed i: 109 109  49          . p:    5832   11336 e: -48.6 r:  33.0   
US_Minnesota_Hennepin=Confirmed i: 110   0  50  5/12/2020 p:   11133   11336 e:  -1.8 r:  35.6 OK 1st
US_Minnesota_Hennepin=Confirmed i: 111   1  51          . p:    8306   11336 e: -26.7 r:  36.9   
US_Minnesota_Hennepin=Confirmed i: 112   2  52  5/14/2020 p:    7599   11336 e: -33.0 r:  38.2   
US_Minnesota_Hennepin=Confirmed i: 113   3  53          . p:   17849   11336 e:  57.4 r:  41.2   
US_Minnesota_Hennepin=Confirmed i: 114   4  54  5/16/2020 p:   12547   11336 e:  10.7 r:  43.5 OK
US_Minnesota_Hennepin=Confirmed i: 115   5  55          . p:   13961   11336 e:  23.1 r:  45.5   
US_Minnesota_Hennepin=Confirmed i: 116   6  56  5/18/2020 p:   15021   11336 e:  32.5 r:  47.7   
US_Minnesota_Hennepin=Confirmed i: 117   7  57          . p:   16082   11336 e:  41.9 r:  49.8   
US_Minnesota_Hennepin=Confirmed i: 118   8  58  5/20/2020 p:   15021   11336 e:  32.5 r:  51.5   
US_Minnesota_Hennepin=Confirmed i: 119   9  59          . p:    8306   11336 e: -26.7 r:  53.2   
US_Minnesota_Hennepin=Confirmed i: 120  10  60  5/22/2020 p:   15021   11336 e:  32.5 r:  56.0   
US_Minnesota_Hennepin=Confirmed i: 121  11  61          . p:   22090   11336 e:  94.9 r:  58.7   
US_Minnesota_Hennepin=Confirmed i: 122  12  62  5/24/2020 p:   17142   11336 e:  51.2 r:  61.0   
US_Minnesota_Hennepin=Confirmed i: 123  13  63          . p:   17849   11336 e:  57.4 r:  63.2   
US_Minnesota_Hennepin=Confirmed i: 124  14  64  5/26/2020 p:   23858   11336 e: 110.5 r:  65.5   
US_Minnesota_Hennepin=Confirmed i: 125  15  65          . p:   21030   11336 e:  85.5 r:  66.5   
US_Minnesota_Hennepin=Confirmed i: 126  16  66  5/28/2020 p:   16789   11336 e:  48.1 r:  67.9   
US_Minnesota_Hennepin=Confirmed i: 127  17  67          . p:   16082   11336 e:  41.9 r:  70.0   
US_Minnesota_Hennepin=Confirmed i: 128  18  68  5/30/2020 p:   16082   11336 e:  41.9 r:  72.2   
US_Minnesota_Hennepin=Confirmed i: 129  19  69          . p:   15728   11336 e:  38.7 r:  74.0   
US_Minnesota_Hennepin=Confirmed i: 130  20  70   6/1/2020 p:   15021   11336 e:  32.5 r:  75.1   
US_Minnesota_Hennepin=Confirmed i: 131  21  71          . p:   14668   11336 e:  29.4 r:  75.8   
US_Minnesota_Hennepin=Confirmed i: 132  22  72   6/3/2020 p:   10426   11336 e:  -8.0 r:  77.1 OK
US_Minnesota_Hennepin=Confirmed i: 133  23  73          . p:   10426   11336 e:  -8.0 r:  78.2 OK
US_Minnesota_Hennepin=Confirmed i: 134  24  74   6/5/2020 p:   10780   11336 e:  -4.9 r:  80.3 OK
US_Minnesota_Hennepin=Confirmed i: 135  25  75          . p:   11487   11336 e:   1.3 r:  81.6 OK
US_Minnesota_Hennepin=Confirmed i: 136  26  76   6/7/2020 p:   11487   11336 e:   1.3 r:  82.7 OK
US_Minnesota_Hennepin=Confirmed i: 137  27  77          . p:   11487   11336 e:   1.3 r:  83.6 OK
US_Minnesota_Hennepin=Confirmed i: 138  28  78   6/9/2020 p:   11442   11336 e:   0.9 r:  84.4 OK
