
  # Process COVID TAB data
p1= 8653 il= 138
p1= 8890 il= 137
p1= 8653 il= 136
p1= 12683 il= 135
p1= 8179 il= 134
US_California_San_Bernardino=Confirmed nl = 139, n1= 5 s1= 9411.6 s2= 91307089.6 SD= 1651.93070072567 frac%= 17.5520708564502
US_California_San_Bernardino=Confirmed i:  59  59  -7          . p:     714    9411 e: -92.4 r:   0.2   
US_California_San_Bernardino=Confirmed i:  61  61  -5          . p:    1066    9411 e: -88.7 r:   0.3   
US_California_San_Bernardino=Confirmed i:  62  62  -4  3/25/2020 p:     829    9411 e: -91.2 r:   0.4   
US_California_San_Bernardino=Confirmed i:  63  63  -3          . p:    1778    9411 e: -81.1 r:   0.6   
US_California_San_Bernardino=Confirmed i:  64  64  -2  3/27/2020 p:     117    9411 e: -98.8 r:   0.6   
US_California_San_Bernardino=Confirmed i:  65  65  -1          . p:     180    9411 e: -98.1 r:   0.8   
US_California_San_Bernardino=Confirmed i:  66  66   0  3/29/2020 p:     125    9411 e: -98.7 r:   0.8   
US_California_San_Bernardino=Confirmed i:  67  67   1          . p:     829    9411 e: -91.2 r:   1.2   
US_California_San_Bernardino=Confirmed i:  68  68   2  3/31/2020 p:     829    9411 e: -91.2 r:   1.3   
US_California_San_Bernardino=Confirmed i:  69  69   3          . p:    1778    9411 e: -81.1 r:   1.9   
US_California_San_Bernardino=Confirmed i:  70  70   4   4/2/2020 p:    6282    9411 e: -33.3 r:   2.7   
US_California_San_Bernardino=Confirmed i:  71  71   5          . p:   11498    9411 e:  22.2 r:   3.2   
US_California_San_Bernardino=Confirmed i:  72  72   6   4/4/2020 p:     829    9411 e: -91.2 r:   3.8   
US_California_San_Bernardino=Confirmed i:  73  73   7          . p:     592    9411 e: -93.7 r:   4.0   
US_California_San_Bernardino=Confirmed i:  74  74   8   4/6/2020 p:     355    9411 e: -96.2 r:   4.0   
US_California_San_Bernardino=Confirmed i:  75  75   9          . p:    2252    9411 e: -76.1 r:   5.6   
US_California_San_Bernardino=Confirmed i:  76  76  10   4/8/2020 p:    1291    9411 e: -86.3 r:   5.8   
US_California_San_Bernardino=Confirmed i:  77  77  11          . p:    1540    9411 e: -83.6 r:   6.8   
US_California_San_Bernardino=Confirmed i:  78  78  12  4/10/2020 p:    6519    9411 e: -30.7 r:   7.7   
US_California_San_Bernardino=Confirmed i:  79  79  13          . p:    7704    9411 e: -18.1 r:   8.6   
US_California_San_Bernardino=Confirmed i:  80  80  14  4/12/2020 p:    1357    9411 e: -85.6 r:   9.0   
US_California_San_Bernardino=Confirmed i:  81  81  15          . p:    1047    9411 e: -88.9 r:   9.4   
US_California_San_Bernardino=Confirmed i:  82  82  16  4/14/2020 p:    1819    9411 e: -80.7 r:  10.4   
US_California_San_Bernardino=Confirmed i:  83  83  17          . p:    1688    9411 e: -82.1 r:  10.5   
US_California_San_Bernardino=Confirmed i:  84  84  18  4/16/2020 p:    1520    9411 e: -83.8 r:  10.6   
US_California_San_Bernardino=Confirmed i:  85  85  19          . p:    1098    9411 e: -88.3 r:  11.0   
US_California_San_Bernardino=Confirmed i:  86  86  20  4/18/2020 p:    1825    9411 e: -80.6 r:  13.0   
US_California_San_Bernardino=Confirmed i:  87  87  21          . p:    2029    9411 e: -78.4 r:  13.7   
US_California_San_Bernardino=Confirmed i:  88  88  22  4/20/2020 p:    2963    9411 e: -68.5 r:  14.9   
US_California_San_Bernardino=Confirmed i:  89  89  23          . p:    2963    9411 e: -68.5 r:  15.8   
US_California_San_Bernardino=Confirmed i:  90  90  24  4/22/2020 p:    2726    9411 e: -71.0 r:  16.4   
US_California_San_Bernardino=Confirmed i:  91  91  25          . p:    2963    9411 e: -68.5 r:  17.1   
US_California_San_Bernardino=Confirmed i:  92  92  26  4/24/2020 p:    2963    9411 e: -68.5 r:  17.7   
US_California_San_Bernardino=Confirmed i:  93  93  27          . p:    2963    9411 e: -68.5 r:  18.1   
US_California_San_Bernardino=Confirmed i:  94  94  28  4/26/2020 p:    1866    9411 e: -80.2 r:  18.4   
US_California_San_Bernardino=Confirmed i:  95  95  29          . p:    2855    9411 e: -69.7 r:  18.8   
US_California_San_Bernardino=Confirmed i:  96  96  30  4/28/2020 p:    2814    9411 e: -70.1 r:  19.4   
US_California_San_Bernardino=Confirmed i:  97  97  31          . p:    2726    9411 e: -71.0 r:  20.5   
US_California_San_Bernardino=Confirmed i:  98  98  32  4/30/2020 p:    2948    9411 e: -68.7 r:  21.9   
US_California_San_Bernardino=Confirmed i:  99  99  33          . p:    2963    9411 e: -68.5 r:  22.5   
US_California_San_Bernardino=Confirmed i: 100 100  34   5/2/2020 p:    2963    9411 e: -68.5 r:  23.2   
US_California_San_Bernardino=Confirmed i: 101 101  35          . p:    2963    9411 e: -68.5 r:  23.2   
US_California_San_Bernardino=Confirmed i: 102 102  36   5/4/2020 p:    2963    9411 e: -68.5 r:  23.2   
US_California_San_Bernardino=Confirmed i: 103 103  37          . p:    3200    9411 e: -66.0 r:  24.7   
US_California_San_Bernardino=Confirmed i: 104 104  38   5/6/2020 p:    3200    9411 e: -66.0 r:  25.8   
US_California_San_Bernardino=Confirmed i: 105 105  39          . p:    3437    9411 e: -63.5 r:  27.2   
US_California_San_Bernardino=Confirmed i: 106 106  40   5/8/2020 p:    3437    9411 e: -63.5 r:  27.9   
US_California_San_Bernardino=Confirmed i: 107 107  41          . p:    3911    9411 e: -58.4 r:  30.8   
US_California_San_Bernardino=Confirmed i: 108 108  42  5/10/2020 p:    4148    9411 e: -55.9 r:  31.4   
US_California_San_Bernardino=Confirmed i: 109 109  43          . p:    4148    9411 e: -55.9 r:  32.0   
US_California_San_Bernardino=Confirmed i: 110 110  44  5/12/2020 p:    4385    9411 e: -53.4 r:  32.7   
US_California_San_Bernardino=Confirmed i: 111 111  45          . p:    4385    9411 e: -53.4 r:  33.5   
US_California_San_Bernardino=Confirmed i: 112 112  46  5/14/2020 p:    4385    9411 e: -53.4 r:  34.0   
US_California_San_Bernardino=Confirmed i: 113 113  47          . p:    4622    9411 e: -50.9 r:  35.2   
US_California_San_Bernardino=Confirmed i: 114 114  48  5/16/2020 p:    4622    9411 e: -50.9 r:  36.8   
US_California_San_Bernardino=Confirmed i: 115 115  49          . p:    4860    9411 e: -48.4 r:  37.3   
US_California_San_Bernardino=Confirmed i: 116 116  50  5/18/2020 p:    4860    9411 e: -48.4 r:  38.2   
US_California_San_Bernardino=Confirmed i: 117 117  51          . p:    5097    9411 e: -45.8 r:  39.4   
US_California_San_Bernardino=Confirmed i: 118 118  52  5/20/2020 p:    5097    9411 e: -45.8 r:  40.3   
US_California_San_Bernardino=Confirmed i: 119 119  53          . p:    5334    9411 e: -43.3 r:  42.3   
US_California_San_Bernardino=Confirmed i: 120 120  54  5/22/2020 p:    5808    9411 e: -38.3 r:  44.1   
US_California_San_Bernardino=Confirmed i: 121 121  55          . p:    5808    9411 e: -38.3 r:  45.8   
US_California_San_Bernardino=Confirmed i: 122 122  56  5/24/2020 p:    6045    9411 e: -35.8 r:  46.4   
US_California_San_Bernardino=Confirmed i: 123 123  57          . p:    6282    9411 e: -33.3 r:  46.4   
US_California_San_Bernardino=Confirmed i: 124 124  58  5/26/2020 p:    6282    9411 e: -33.3 r:  48.5   
US_California_San_Bernardino=Confirmed i: 125 125  59          . p:    6519    9411 e: -30.7 r:  50.4   
US_California_San_Bernardino=Confirmed i: 126 126  60  5/28/2020 p:    6519    9411 e: -30.7 r:  52.2   
US_California_San_Bernardino=Confirmed i: 127 127  61          . p:    6756    9411 e: -28.2 r:  53.5   
US_California_San_Bernardino=Confirmed i: 128 128  62  5/30/2020 p:    6993    9411 e: -25.7 r:  55.3   
US_California_San_Bernardino=Confirmed i: 129 129  63          . p:    7230    9411 e: -23.2 r:  55.7   
US_California_San_Bernardino=Confirmed i: 130 130  64   6/1/2020 p:    5808    9411 e: -38.3 r:  56.9   
US_California_San_Bernardino=Confirmed i: 131 131  65          . p:    7467    9411 e: -20.7 r:  58.4   
US_California_San_Bernardino=Confirmed i: 132 132  66   6/3/2020 p:    7704    9411 e: -18.1 r:  60.0   
US_California_San_Bernardino=Confirmed i: 133 133  67          . p:    7942    9411 e: -15.6 r:  61.5   
US_California_San_Bernardino=Confirmed i: 134   0  68   6/5/2020 p:    8179    9411 e: -13.1 r:  63.0 OK 1st
US_California_San_Bernardino=Confirmed i: 135   1  69          . p:   12683    9411 e:  34.8 r:  64.2   
US_California_San_Bernardino=Confirmed i: 136   2  70   6/7/2020 p:    8653    9411 e:  -8.1 r:  65.3 OK
US_California_San_Bernardino=Confirmed i: 137   3  71          . p:    8890    9411 e:  -5.5 r:  66.4 OK
US_California_San_Bernardino=Confirmed i: 138   4  72   6/9/2020 p:    8653    9411 e:  -8.1 r:  68.2 OK
