
  # Process COVID TAB data
p1= 29704 il= 138
p1= 29453 il= 137
p1= 29467 il= 136
p1= 29704 il= 135
p1= 29704 il= 134
France=Deaths nl = 139, n1= 5 s1= 29606.4 s2= 876553229.2 SD= 119.617055640112 frac%= 0.404024317850571
France=Deaths i:  38  38  -8   3/1/2020 p:       0   29606 e: -100.0 r:   0.0   
France=Deaths i:  39  39  -7          . p:     540   29606 e: -98.2 r:   0.0   
France=Deaths i:  40  40  -6   3/3/2020 p:     540   29606 e: -98.2 r:   0.0   
France=Deaths i:  41  41  -5          . p:     540   29606 e: -98.2 r:   0.0   
France=Deaths i:  42  42  -4   3/5/2020 p:   58868   29606 e:  98.8 r:   0.0   
France=Deaths i:  46  46   0   3/9/2020 p:    3780   29606 e: -87.2 r:   0.1   
France=Deaths i:  49  49   3          . p:     540   29606 e: -98.2 r:   0.2   
France=Deaths i:  50  50   4  3/13/2020 p:   83712   29606 e: 182.7 r:   0.3   
France=Deaths i:  51  51   5          . p:     540   29606 e: -98.2 r:   0.3   
France=Deaths i:  52  52   6  3/15/2020 p:     540   29606 e: -98.2 r:   0.3   
France=Deaths i:  53  53   7          . p:    1620   29606 e: -94.5 r:   0.5   
France=Deaths i:  54  54   8  3/17/2020 p:     540   29606 e: -98.2 r:   0.5   
France=Deaths i:  55  55   9          . p:     540   29606 e: -98.2 r:   0.5   
France=Deaths i:  56  56  10  3/19/2020 p:    4860   29606 e: -83.6 r:   0.8   
France=Deaths i:  59  59  13          . p:    1620   29606 e: -94.5 r:   2.3   
France=Deaths i:  60  60  14  3/23/2020 p:    1620   29606 e: -94.5 r:   2.9   
France=Deaths i:  61  61  15          . p:    3780   29606 e: -87.2 r:   3.7   
France=Deaths i:  62  62  16  3/25/2020 p:    4860   29606 e: -83.6 r:   4.5   
France=Deaths i:  63  63  17          . p:    8101   29606 e: -72.6 r:   5.7   
France=Deaths i:  64  64  18  3/27/2020 p:    5940   29606 e: -79.9 r:   6.7   
France=Deaths i:  65  65  19          . p:    7021   29606 e: -76.3 r:   7.8   
France=Deaths i:  66  66  20  3/29/2020 p:    9181   29606 e: -69.0 r:   8.8   
France=Deaths i:  67  67  21          . p:    8101   29606 e: -72.6 r:  10.2   
France=Deaths i:  68  68  22  3/31/2020 p:   13502   29606 e: -54.4 r:  11.9   
France=Deaths i:  69  69  23          . p:   24303   29606 e: -17.9 r:  14.9   
France=Deaths i:  70   0  24   4/2/2020 p:   29704   29606 e:   0.3 r:  18.2 OK 1st
France=Deaths i:  71   1  25          . p:   56708   29606 e:  91.5 r:  22.0   
France=Deaths i:  72   2  26   4/4/2020 p:   84792   29606 e: 186.4 r:  25.5   
France=Deaths i:  73   3  27          . p:   12421   29606 e: -58.0 r:  27.3   
France=Deaths i:  74   4  28   4/6/2020 p:       0   29606 e: -100.0 r:  30.1   
France=Deaths i:  75   5  29          . p:   19983   29606 e: -32.5 r:  34.9   
France=Deaths i:  76   6  30   4/8/2020 p:   17822   29606 e: -39.8 r:  36.7   
France=Deaths i:  77   7  31          . p:       0   29606 e: -100.0 r:  41.2   
France=Deaths i:  78   8  32  4/10/2020 p:   32945   29606 e:  11.3 r:  44.6 OK
France=Deaths i:  79   9  33          . p:   71830   29606 e: 142.6 r:  46.7   
France=Deaths i:  80  10  34  4/12/2020 p:   22143   29606 e: -25.2 r:  48.6   
France=Deaths i:  81  11  35          . p:   21063   29606 e: -28.9 r:  50.6   
France=Deaths i:  82  12  36  4/14/2020 p:   21063   29606 e: -28.9 r:  53.1   
France=Deaths i:  83  13  37          . p:   26464   29606 e: -10.6 r:  57.9 OK
France=Deaths i:  84  14  38  4/16/2020 p:   29704   29606 e:   0.3 r:  60.5 OK
France=Deaths i:  85  15  39          . p:   26464   29606 e: -10.6 r:  63.0 OK
France=Deaths i:  86  16  40  4/18/2020 p:   29704   29606 e:   0.3 r:  65.2 OK
France=Deaths i:  87  17  41          . p:   28624   29606 e:  -3.3 r:  66.5 OK
France=Deaths i:  88  18  42  4/20/2020 p:   28624   29606 e:  -3.3 r:  68.4 OK
France=Deaths i:  89  19  43          . p:   27544   29606 e:  -7.0 r:  70.1 OK
France=Deaths i:  90  20  44  4/22/2020 p:   27544   29606 e:  -7.0 r:  72.0 OK
France=Deaths i:  91  21  45          . p:   27544   29606 e:  -7.0 r:  73.7 OK
France=Deaths i:  92  22  46  4/24/2020 p:   26464   29606 e: -10.6 r:  75.0 OK
France=Deaths i:  93  23  47          . p:   26464   29606 e: -10.6 r:  76.3 OK
France=Deaths i:  94  24  48  4/26/2020 p:   26464   29606 e: -10.6 r:  77.1 OK
France=Deaths i:  95  25  49          . p:   26464   29606 e: -10.6 r:  78.6 OK
France=Deaths i:  96  26  50  4/28/2020 p:   26464   29606 e: -10.6 r:  79.8 OK
France=Deaths i:  97  27  51          . p:   27544   29606 e:  -7.0 r:  81.3 OK
France=Deaths i:  98  28  52  4/30/2020 p:   27544   29606 e:  -7.0 r:  82.2 OK
France=Deaths i:  99  29  53          . p:   27326   29606 e:  -7.7 r:  83.0 OK
France=Deaths i: 100  30  54   5/2/2020 p:   27355   29606 e:  -7.6 r:  83.5 OK
France=Deaths i: 101  31  55          . p:   27364   29606 e:  -7.6 r:  84.0 OK
France=Deaths i: 102  32  56   5/4/2020 p:   27391   29606 e:  -7.5 r:  85.0 OK
France=Deaths i: 103  33  57          . p:   27388   29606 e:  -7.5 r:  86.1 OK
France=Deaths i: 104  34  58   5/6/2020 p:   27544   29606 e:  -7.0 r:  87.0 OK
France=Deaths i: 105  35  59          . p:   28624   29606 e:  -3.3 r:  87.6 OK
France=Deaths i: 106  36  60   5/8/2020 p:   28624   29606 e:  -3.3 r:  88.5 OK
France=Deaths i: 107  37  61          . p:   28176   29606 e:  -4.8 r:  88.7 OK
France=Deaths i: 108  38  62  5/10/2020 p:   28161   29606 e:  -4.9 r:  89.0 OK
France=Deaths i: 109  39  63          . p:   28142   29606 e:  -4.9 r:  89.9 OK
France=Deaths i: 110  40  64  5/12/2020 p:   28339   29606 e:  -4.3 r:  91.0 OK
France=Deaths i: 111  41  65          . p:   28624   29606 e:  -3.3 r:  91.3 OK
France=Deaths i: 112  42  66  5/14/2020 p:   28624   29606 e:  -3.3 r:  92.5 OK
France=Deaths i: 113  43  67          . p:   28624   29606 e:  -3.3 r:  92.7 OK
France=Deaths i: 114  44  68  5/16/2020 p:   28733   29606 e:  -3.0 r:  92.8 OK
France=Deaths i: 115  45  69          . p:   29704   29606 e:   0.3 r:  94.8 OK
France=Deaths i: 116  46  70  5/18/2020 p:   29704   29606 e:   0.3 r:  95.2 OK
France=Deaths i: 117  47  71          . p:   29704   29606 e:   0.3 r:  94.5 OK
France=Deaths i: 118  48  72  5/20/2020 p:   29704   29606 e:   0.3 r:  94.9 OK
France=Deaths i: 119  49  73          . p:   29704   29606 e:   0.3 r:  95.1 OK
France=Deaths i: 120  50  74  5/22/2020 p:   29190   29606 e:  -1.4 r:  95.4 OK
France=Deaths i: 121  51  75          . p:   29258   29606 e:  -1.2 r:  95.5 OK
France=Deaths i: 122  52  76  5/24/2020 p:   29276   29606 e:  -1.1 r:  95.6 OK
France=Deaths i: 123  53  77          . p:   29276   29606 e:  -1.1 r:  95.9 OK
France=Deaths i: 124  54  78  5/26/2020 p:   29276   29606 e:  -1.1 r:  96.2 OK
France=Deaths i: 125  55  79          . p:   29704   29606 e:   0.3 r:  96.4 OK
France=Deaths i: 126  56  80  5/28/2020 p:   29704   29606 e:   0.3 r:  96.6 OK
France=Deaths i: 127  57  81          . p:   29704   29606 e:   0.3 r:  96.8 OK
France=Deaths i: 128  58  82  5/30/2020 p:   29332   29606 e:  -0.9 r:  97.0 OK
France=Deaths i: 129  59  83          . p:   29258   29606 e:  -1.2 r:  97.1 OK
France=Deaths i: 130  60  84   6/1/2020 p:   29288   29606 e:  -1.1 r:  97.2 OK
France=Deaths i: 131  61  85          . p:   29704   29606 e:   0.3 r:  97.6 OK
France=Deaths i: 132  62  86   6/3/2020 p:   29704   29606 e:   0.3 r:  97.8 OK
France=Deaths i: 133  63  87          . p:   29704   29606 e:   0.3 r:  98.0 OK
France=Deaths i: 134  64  88   6/5/2020 p:   29704   29606 e:   0.3 r:  98.1 OK
France=Deaths i: 135  65  89          . p:   29704   29606 e:   0.3 r:  98.2 OK
France=Deaths i: 136  66  90   6/7/2020 p:   29467   29606 e:  -0.5 r:  98.3 OK
France=Deaths i: 137  67  91          . p:   29453   29606 e:  -0.5 r:  98.5 OK
France=Deaths i: 138  68  92   6/9/2020 p:   29704   29606 e:   0.3 r:  98.8 OK
