
  # Process COVID TAB data
p1= 1373 il= 138
p1= 1359 il= 137
p1= 1359 il= 136
p1= 1359 il= 135
p1= 1359 il= 134
US_Connecticut_Hartford=Deaths nl = 139, n1= 5 s1= 1361.8 s2= 1854530.6 SD= 5.60000000000915 frac%= 0.411220443531293
US_Connecticut_Hartford=Deaths i:  71  71   0          . p:      23    1361 e: -98.3 r:   1.3   
US_Connecticut_Hartford=Deaths i:  72  72   1   4/4/2020 p:      71    1361 e: -94.8 r:   1.9   
US_Connecticut_Hartford=Deaths i:  73  73   2          . p:      71    1361 e: -94.8 r:   2.1   
US_Connecticut_Hartford=Deaths i:  74  74   3   4/6/2020 p:      71    1361 e: -94.8 r:   2.3   
US_Connecticut_Hartford=Deaths i:  75  75   4          . p:     214    1361 e: -84.3 r:   3.5   
US_Connecticut_Hartford=Deaths i:  76  76   5   4/8/2020 p:     166    1361 e: -87.8 r:   3.5   
US_Connecticut_Hartford=Deaths i:  77  77   6          . p:     453    1361 e: -66.7 r:   5.5   
US_Connecticut_Hartford=Deaths i:  78  78   7  4/10/2020 p:     643    1361 e: -52.8 r:   6.5   
US_Connecticut_Hartford=Deaths i:  79  79   8          . p:     166    1361 e: -87.8 r:   7.4   
US_Connecticut_Hartford=Deaths i:  80  80   9  4/12/2020 p:     166    1361 e: -87.8 r:   8.5   
US_Connecticut_Hartford=Deaths i:  81  81  10          . p:     214    1361 e: -84.3 r:   9.8   
US_Connecticut_Hartford=Deaths i:  82  82  11  4/14/2020 p:     310    1361 e: -77.2 r:  11.2   
US_Connecticut_Hartford=Deaths i:  83   0  12          . p:    1263    1361 e:  -7.3 r:  15.6 OK 1st
US_Connecticut_Hartford=Deaths i:  84   1  13  4/16/2020 p:    1788    1361 e:  31.3 r:  17.8   
US_Connecticut_Hartford=Deaths i:  85   2  14          . p:    1407    1361 e:   3.3 r:  19.5 OK
US_Connecticut_Hartford=Deaths i:  86   3  15  4/18/2020 p:     357    1361 e: -73.8 r:  21.2   
US_Connecticut_Hartford=Deaths i:  87   4  16          . p:    1645    1361 e:  20.8 r:  21.7   
US_Connecticut_Hartford=Deaths i:  88   5  17  4/20/2020 p:    2122    1361 e:  55.8 r:  27.1   
US_Connecticut_Hartford=Deaths i:  89   6  18          . p:    1788    1361 e:  31.3 r:  29.5   
US_Connecticut_Hartford=Deaths i:  90   7  19  4/22/2020 p:    1740    1361 e:  27.8 r:  32.5   
US_Connecticut_Hartford=Deaths i:  91   8  20          . p:    1759    1361 e:  29.2 r:  34.4   
US_Connecticut_Hartford=Deaths i:  92   9  21  4/24/2020 p:    2249    1361 e:  65.1 r:  37.5   
US_Connecticut_Hartford=Deaths i:  93  10  22          . p:    1428    1361 e:   4.9 r:  40.6 OK
US_Connecticut_Hartford=Deaths i:  94  11  23  4/26/2020 p:    1850    1361 e:  35.8 r:  42.5   
US_Connecticut_Hartford=Deaths i:  95  12  24          . p:    1245    1361 e:  -8.6 r:  44.9 OK
US_Connecticut_Hartford=Deaths i:  96  13  25  4/28/2020 p:    1322    1361 e:  -2.9 r:  47.2 OK
US_Connecticut_Hartford=Deaths i:  97  14  26          . p:     880    1361 e: -35.4 r:  49.2   
US_Connecticut_Hartford=Deaths i:  98  15  27  4/30/2020 p:     980    1361 e: -28.0 r:  51.3   
US_Connecticut_Hartford=Deaths i:  99  16  28          . p:     922    1361 e: -32.3 r:  52.5   
US_Connecticut_Hartford=Deaths i: 100  17  29   5/2/2020 p:     966    1361 e: -29.1 r:  54.4   
US_Connecticut_Hartford=Deaths i: 101  18  30          . p:     856    1361 e: -37.1 r:  54.4   
US_Connecticut_Hartford=Deaths i: 102  19  31   5/4/2020 p:     908    1361 e: -33.3 r:  56.8   
US_Connecticut_Hartford=Deaths i: 103  20  32          . p:     977    1361 e: -28.3 r:  59.0   
US_Connecticut_Hartford=Deaths i: 104  21  33   5/6/2020 p:    1073    1361 e: -21.2 r:  61.8   
US_Connecticut_Hartford=Deaths i: 105  22  34          . p:    1120    1361 e: -17.8 r:  63.7   
US_Connecticut_Hartford=Deaths i: 106  23  35   5/8/2020 p:    1120    1361 e: -17.8 r:  64.9   
US_Connecticut_Hartford=Deaths i: 107  24  36          . p:    1120    1361 e: -17.8 r:  66.2   
US_Connecticut_Hartford=Deaths i: 108  25  37  5/10/2020 p:    1127    1361 e: -17.2 r:  66.7   
US_Connecticut_Hartford=Deaths i: 109  26  38          . p:    1113    1361 e: -18.3 r:  67.6   
US_Connecticut_Hartford=Deaths i: 110  27  39  5/12/2020 p:    1099    1361 e: -19.3 r:  68.4   
US_Connecticut_Hartford=Deaths i: 111  28  40          . p:    1121    1361 e: -17.7 r:  70.7   
US_Connecticut_Hartford=Deaths i: 112  29  41  5/14/2020 p:    1169    1361 e: -14.2 r:  73.4 OK
US_Connecticut_Hartford=Deaths i: 113  30  42          . p:    1216    1361 e: -10.7 r:  75.3 OK
US_Connecticut_Hartford=Deaths i: 114  31  43  5/16/2020 p:    1216    1361 e: -10.7 r:  76.7 OK
US_Connecticut_Hartford=Deaths i: 115  32  44          . p:    1263    1361 e:  -7.3 r:  78.5 OK
US_Connecticut_Hartford=Deaths i: 116  33  45  5/18/2020 p:    1263    1361 e:  -7.3 r:  79.6 OK
US_Connecticut_Hartford=Deaths i: 117  34  46          . p:    1274    1361 e:  -6.4 r:  80.0 OK
US_Connecticut_Hartford=Deaths i: 118  35  47  5/20/2020 p:    1288    1361 e:  -5.4 r:  82.0 OK
US_Connecticut_Hartford=Deaths i: 119  36  48          . p:    1306    1361 e:  -4.1 r:  83.2 OK
US_Connecticut_Hartford=Deaths i: 120  37  49  5/22/2020 p:    1311    1361 e:  -3.7 r:  84.8 OK
US_Connecticut_Hartford=Deaths i: 121  38  50          . p:    1359    1361 e:  -0.2 r:  85.8 OK
US_Connecticut_Hartford=Deaths i: 122  39  51  5/24/2020 p:    1346    1361 e:  -1.2 r:  86.3 OK
US_Connecticut_Hartford=Deaths i: 123  40  52          . p:    1345    1361 e:  -1.2 r:  87.2 OK
US_Connecticut_Hartford=Deaths i: 124  41  53  5/26/2020 p:    1341    1361 e:  -1.5 r:  87.6 OK
US_Connecticut_Hartford=Deaths i: 125  42  54          . p:    1341    1361 e:  -1.5 r:  88.3 OK
US_Connecticut_Hartford=Deaths i: 126  43  55  5/28/2020 p:    1342    1361 e:  -1.5 r:  88.7 OK
US_Connecticut_Hartford=Deaths i: 127  44  56          . p:    1359    1361 e:  -0.2 r:  89.7 OK
US_Connecticut_Hartford=Deaths i: 128  45  57  5/30/2020 p:    1359    1361 e:  -0.2 r:  90.9 OK
US_Connecticut_Hartford=Deaths i: 129  46  58          . p:    1359    1361 e:  -0.2 r:  91.8 OK
US_Connecticut_Hartford=Deaths i: 130  47  59   6/1/2020 p:    1359    1361 e:  -0.2 r:  91.9 OK
US_Connecticut_Hartford=Deaths i: 131  48  60          . p:    1359    1361 e:  -0.2 r:  92.0 OK
US_Connecticut_Hartford=Deaths i: 132  49  61   6/3/2020 p:    1368    1361 e:   0.5 r:  92.5 OK
US_Connecticut_Hartford=Deaths i: 133  50  62          . p:    1358    1361 e:  -0.3 r:  93.0 OK
US_Connecticut_Hartford=Deaths i: 134  51  63   6/5/2020 p:    1359    1361 e:  -0.2 r:  93.8 OK
US_Connecticut_Hartford=Deaths i: 135  52  64          . p:    1359    1361 e:  -0.2 r:  93.9 OK
US_Connecticut_Hartford=Deaths i: 136  53  65   6/7/2020 p:    1359    1361 e:  -0.2 r:  94.5 OK
US_Connecticut_Hartford=Deaths i: 137  54  66          . p:    1359    1361 e:  -0.2 r:  94.8 OK
US_Connecticut_Hartford=Deaths i: 138  55  67   6/9/2020 p:    1373    1361 e:   0.8 r:  94.8 OK
