
  # Process COVID TAB data
p1= 41447 il= 138
p1= 41423 il= 137
p1= 41468 il= 136
p1= 41485 il= 135
p1= 41635 il= 134
US_New_York_Nassau=Confirmed nl = 139, n1= 5 s1= 41491.6 s2= 1721558442.4 SD= 74.6447586917701 frac%= 0.179903302576353
US_New_York_Nassau=Confirmed i:  51  51  -1          . p:     757   41491 e: -98.2 r:   0.2   
US_New_York_Nassau=Confirmed i:  53  53   1          . p:     742   41491 e: -98.2 r:   0.3   
US_New_York_Nassau=Confirmed i:  54  54   2  3/17/2020 p:     757   41491 e: -98.2 r:   0.3   
US_New_York_Nassau=Confirmed i:  55  55   3          . p:    3785   41491 e: -90.9 r:   0.7   
US_New_York_Nassau=Confirmed i:  56  56   4  3/19/2020 p:   11355   41491 e: -72.6 r:   0.9   
US_New_York_Nassau=Confirmed i:  60  60   8  3/23/2020 p:   17411   41491 e: -58.0 r:   5.9   
US_New_York_Nassau=Confirmed i:  61  61   9          . p:    3785   41491 e: -90.9 r:   6.9   
US_New_York_Nassau=Confirmed i:  62  62  10  3/25/2020 p:    3785   41491 e: -90.9 r:   7.9   
US_New_York_Nassau=Confirmed i:  63  63  11          . p:    6813   41491 e: -83.6 r:   9.4   
US_New_York_Nassau=Confirmed i:  64  64  12  3/27/2020 p:    8327   41491 e: -79.9 r:  11.2   
US_New_York_Nassau=Confirmed i:  65  65  13          . p:    9841   41491 e: -76.3 r:  13.3   
US_New_York_Nassau=Confirmed i:  66  66  14  3/29/2020 p:   11355   41491 e: -72.6 r:  15.5   
US_New_York_Nassau=Confirmed i:  67  67  15          . p:   14383   41491 e: -65.3 r:  17.7   
US_New_York_Nassau=Confirmed i:  68  68  16  3/31/2020 p:   17411   41491 e: -58.0 r:  20.6   
US_New_York_Nassau=Confirmed i:  69  69  17          . p:   18925   41491 e: -54.4 r:  23.0   
US_New_York_Nassau=Confirmed i:  70  70  18   4/2/2020 p:   20768   41491 e: -49.9 r:  25.5   
US_New_York_Nassau=Confirmed i:  71  71  19          . p:   23011   41491 e: -44.5 r:  29.0   
US_New_York_Nassau=Confirmed i:  72  72  20   4/4/2020 p:   25900   41491 e: -37.6 r:  32.2   
US_New_York_Nassau=Confirmed i:  73  73  21          . p:   27383   41491 e: -34.0 r:  34.7   
US_New_York_Nassau=Confirmed i:  74  74  22   4/6/2020 p:   28517   41491 e: -31.3 r:  37.6   
US_New_York_Nassau=Confirmed i:  75  75  23          . p:   29469   41491 e: -29.0 r:  40.0   
US_New_York_Nassau=Confirmed i:  76  76  24   4/8/2020 p:   50719   41491 e:  22.2 r:  44.7   
US_New_York_Nassau=Confirmed i:  77   0  25          . p:   35579   41491 e: -14.3 r:  48.5 OK 1st
US_New_York_Nassau=Confirmed i:  78   1  26  4/10/2020 p:   37093   41491 e: -10.6 r:  51.8 OK
US_New_York_Nassau=Confirmed i:  79   2  27          . p:   38708   41491 e:  -6.7 r:  54.4 OK
US_New_York_Nassau=Confirmed i:  80   3  28  4/12/2020 p:   54680   41491 e:  31.8 r:  56.8   
US_New_York_Nassau=Confirmed i:  81   4  29          . p:   39020   41491 e:  -6.0 r:  58.7 OK
US_New_York_Nassau=Confirmed i:  82   5  30  4/14/2020 p:   29489   41491 e: -28.9 r:  60.9   
US_New_York_Nassau=Confirmed i:  83   6  31          . p:   40121   41491 e:  -3.3 r:  64.4 OK
US_New_York_Nassau=Confirmed i:  84   7  32  4/16/2020 p:   40121   41491 e:  -3.3 r:  66.9 OK
US_New_York_Nassau=Confirmed i:  85   8  33          . p:   40121   41491 e:  -3.3 r:  68.8 OK
US_New_York_Nassau=Confirmed i:  86   9  34  4/18/2020 p:   40663   41491 e:  -2.0 r:  70.3 OK
US_New_York_Nassau=Confirmed i:  87  10  35          . p:   40544   41491 e:  -2.3 r:  72.3 OK
US_New_York_Nassau=Confirmed i:  88  11  36  4/20/2020 p:   40193   41491 e:  -3.1 r:  73.9 OK
US_New_York_Nassau=Confirmed i:  89  12  37          . p:   40064   41491 e:  -3.4 r:  74.9 OK
US_New_York_Nassau=Confirmed i:  90  13  38  4/22/2020 p:   36660   41491 e: -11.6 r:  76.1 OK
US_New_York_Nassau=Confirmed i:  91  14  39          . p:   39311   41491 e:  -5.3 r:  77.4 OK
US_New_York_Nassau=Confirmed i:  92  15  40  4/24/2020 p:   40121   41491 e:  -3.3 r:  79.0 OK
US_New_York_Nassau=Confirmed i:  93  16  41          . p:   40121   41491 e:  -3.3 r:  81.5 OK
US_New_York_Nassau=Confirmed i:  94  17  42  4/26/2020 p:   40121   41491 e:  -3.3 r:  83.2 OK
US_New_York_Nassau=Confirmed i:  95  18  43          . p:   40121   41491 e:  -3.3 r:  84.0 OK
US_New_York_Nassau=Confirmed i:  96  19  44  4/28/2020 p:   40121   41491 e:  -3.3 r:  84.6 OK
US_New_York_Nassau=Confirmed i:  97  20  45          . p:   40127   41491 e:  -3.3 r:  85.6 OK
US_New_York_Nassau=Confirmed i:  98  21  46  4/30/2020 p:   40193   41491 e:  -3.1 r:  86.4 OK
US_New_York_Nassau=Confirmed i:  99  22  47          . p:   40121   41491 e:  -3.3 r:  87.2 OK
US_New_York_Nassau=Confirmed i: 100  23  48   5/2/2020 p:   40121   41491 e:  -3.3 r:  88.0 OK
US_New_York_Nassau=Confirmed i: 101  24  49          . p:   40135   41491 e:  -3.3 r:  88.6 OK
US_New_York_Nassau=Confirmed i: 102  25  50   5/4/2020 p:   40173   41491 e:  -3.2 r:  89.1 OK
US_New_York_Nassau=Confirmed i: 103  26  51          . p:   40261   41491 e:  -3.0 r:  89.5 OK
US_New_York_Nassau=Confirmed i: 104  27  52   5/6/2020 p:   39861   41491 e:  -3.9 r:  90.0 OK
US_New_York_Nassau=Confirmed i: 105  28  53          . p:   39758   41491 e:  -4.2 r:  90.6 OK
US_New_York_Nassau=Confirmed i: 106  29  54   5/8/2020 p:   40121   41491 e:  -3.3 r:  91.1 OK
US_New_York_Nassau=Confirmed i: 107  30  55          . p:   40121   41491 e:  -3.3 r:  91.7 OK
US_New_York_Nassau=Confirmed i: 108  31  56  5/10/2020 p:   40121   41491 e:  -3.3 r:  92.1 OK
US_New_York_Nassau=Confirmed i: 109  32  57          . p:   40107   41491 e:  -3.3 r:  92.4 OK
US_New_York_Nassau=Confirmed i: 110  33  58  5/12/2020 p:   40239   41491 e:  -3.0 r:  92.6 OK
US_New_York_Nassau=Confirmed i: 111  34  59          . p:   40261   41491 e:  -3.0 r:  93.0 OK
US_New_York_Nassau=Confirmed i: 112  35  60  5/14/2020 p:   40112   41491 e:  -3.3 r:  93.4 OK
US_New_York_Nassau=Confirmed i: 113  36  61          . p:   40121   41491 e:  -3.3 r:  93.7 OK
US_New_York_Nassau=Confirmed i: 114  37  62  5/16/2020 p:   40121   41491 e:  -3.3 r:  94.1 OK
US_New_York_Nassau=Confirmed i: 115  38  63          . p:   40121   41491 e:  -3.3 r:  94.3 OK
US_New_York_Nassau=Confirmed i: 116  39  64  5/18/2020 p:   40212   41491 e:  -3.1 r:  94.5 OK
US_New_York_Nassau=Confirmed i: 117  40  65          . p:   40239   41491 e:  -3.0 r:  94.7 OK
US_New_York_Nassau=Confirmed i: 118  41  66  5/20/2020 p:   40261   41491 e:  -3.0 r:  94.9 OK
US_New_York_Nassau=Confirmed i: 119  42  67          . p:   40121   41491 e:  -3.3 r:  95.2 OK
US_New_York_Nassau=Confirmed i: 120  43  68  5/22/2020 p:   40121   41491 e:  -3.3 r:  95.5 OK
US_New_York_Nassau=Confirmed i: 121  44  69          . p:   40121   41491 e:  -3.3 r:  95.7 OK
US_New_York_Nassau=Confirmed i: 122  45  70  5/24/2020 p:   40121   41491 e:  -3.3 r:  96.0 OK
US_New_York_Nassau=Confirmed i: 123  46  71          . p:   40121   41491 e:  -3.3 r:  96.2 OK
US_New_York_Nassau=Confirmed i: 124  47  72  5/26/2020 p:   40121   41491 e:  -3.3 r:  96.3 OK
US_New_York_Nassau=Confirmed i: 125  48  73          . p:   40468   41491 e:  -2.5 r:  96.5 OK
US_New_York_Nassau=Confirmed i: 126  49  74  5/28/2020 p:   40646   41491 e:  -2.0 r:  96.7 OK
US_New_York_Nassau=Confirmed i: 127  50  75          . p:   41635   41491 e:   0.3 r:  96.9 OK
US_New_York_Nassau=Confirmed i: 128  51  76  5/30/2020 p:   41635   41491 e:   0.3 r:  97.1 OK
US_New_York_Nassau=Confirmed i: 129  52  77          . p:   41635   41491 e:   0.3 r:  97.4 OK
US_New_York_Nassau=Confirmed i: 130  53  78   6/1/2020 p:   41635   41491 e:   0.3 r:  97.6 OK
US_New_York_Nassau=Confirmed i: 131  54  79          . p:   41635   41491 e:   0.3 r:  97.8 OK
US_New_York_Nassau=Confirmed i: 132  55  80   6/3/2020 p:   41635   41491 e:   0.3 r:  98.0 OK
US_New_York_Nassau=Confirmed i: 133  56  81          . p:   41635   41491 e:   0.3 r:  98.1 OK
US_New_York_Nassau=Confirmed i: 134  57  82   6/5/2020 p:   41635   41491 e:   0.3 r:  98.3 OK
US_New_York_Nassau=Confirmed i: 135  58  83          . p:   41485   41491 e:  -0.0 r:  98.5 OK
US_New_York_Nassau=Confirmed i: 136  59  84   6/7/2020 p:   41468   41491 e:  -0.1 r:  98.6 OK
US_New_York_Nassau=Confirmed i: 137  60  85          . p:   41423   41491 e:  -0.2 r:  98.7 OK
US_New_York_Nassau=Confirmed i: 138  61  86   6/9/2020 p:   41447   41491 e:  -0.1 r:  98.8 OK
