
  # Process COVID TAB data
p1= 33091 il= 138
p1= 32073 il= 137
p1= 31055 il= 136
p1= 31055 il= 135
p1= 34110 il= 134
Poland=Confirmed nl = 139, n1= 5 s1= 32276.8 s2= 1043201952 SD= 1187.49053048856 frac%= 3.67908383262453
Poland=Confirmed i:  49  49  -1          . p:     491   32276 e: -98.5 r:   0.2   
Poland=Confirmed i:  50  50   0  3/13/2020 p:     509   32276 e: -98.4 r:   0.2   
Poland=Confirmed i:  51  51   1          . p:    1527   32276 e: -95.3 r:   0.3   
Poland=Confirmed i:  52  52   2  3/15/2020 p:    1527   32276 e: -95.3 r:   0.4   
Poland=Confirmed i:  53  53   3          . p:    1527   32276 e: -95.3 r:   0.5   
Poland=Confirmed i:  54  54   4  3/17/2020 p:   16800   32276 e: -48.0 r:   0.7   
Poland=Confirmed i:  55  55   5          . p:     999   32276 e: -96.9 r:   0.8   
Poland=Confirmed i:  56  56   6  3/19/2020 p:    3814   32276 e: -88.2 r:   1.1   
Poland=Confirmed i:  57  57   7          . p:    1953   32276 e: -93.9 r:   1.3   
Poland=Confirmed i:  58  58   8  3/21/2020 p:    4581   32276 e: -85.8 r:   1.7   
Poland=Confirmed i:  59  59   9          . p:    5600   32276 e: -82.7 r:   2.0   
Poland=Confirmed i:  60  60  10  3/23/2020 p:    1875   32276 e: -94.2 r:   2.3   
Poland=Confirmed i:  61  61  11          . p:    7611   32276 e: -76.4 r:   2.8   
Poland=Confirmed i:  62  62  12  3/25/2020 p:   10924   32276 e: -66.2 r:   3.3   
Poland=Confirmed i:  63  63  13          . p:    8938   32276 e: -72.3 r:   3.8   
Poland=Confirmed i:  64  64  14  3/27/2020 p:    9905   32276 e: -69.3 r:   4.3   
Poland=Confirmed i:  65  65  15          . p:    8802   32276 e: -72.7 r:   5.1   
Poland=Confirmed i:  66  66  16  3/29/2020 p:   12727   32276 e: -60.6 r:   5.8   
Poland=Confirmed i:  67  67  17          . p:    9838   32276 e: -69.5 r:   6.4   
Poland=Confirmed i:  68  68  18  3/31/2020 p:   10231   32276 e: -68.3 r:   7.2   
Poland=Confirmed i:  69  69  19          . p:   12039   32276 e: -62.7 r:   7.9   
Poland=Confirmed i:  70  70  20   4/2/2020 p:   13745   32276 e: -57.4 r:   9.1   
Poland=Confirmed i:  71  71  21          . p:   16800   32276 e: -48.0 r:  10.5   
Poland=Confirmed i:  72  72  22   4/4/2020 p:   16800   32276 e: -48.0 r:  11.2   
Poland=Confirmed i:  73  73  23          . p:   18836   32276 e: -41.6 r:  12.7   
Poland=Confirmed i:  74  74  24   4/6/2020 p:   19855   32276 e: -38.5 r:  13.7   
Poland=Confirmed i:  75  75  25          . p:   13629   32276 e: -57.8 r:  15.0   
Poland=Confirmed i:  76  76  26   4/8/2020 p:   19774   32276 e: -38.7 r:  16.1   
Poland=Confirmed i:  77  77  27          . p:   12202   32276 e: -62.2 r:  17.3   
Poland=Confirmed i:  78  78  28  4/10/2020 p:   12340   32276 e: -61.8 r:  18.4   
Poland=Confirmed i:  79  79  29          . p:   26000   32276 e: -19.4 r:  19.7   
Poland=Confirmed i:  80  80  30  4/12/2020 p:   20677   32276 e: -35.9 r:  20.7   
Poland=Confirmed i:  81  81  31          . p:   21717   32276 e: -32.7 r:  21.5   
Poland=Confirmed i:  82  82  32  4/14/2020 p:   19436   32276 e: -39.8 r:  22.3   
Poland=Confirmed i:  83  83  33          . p:   18684   32276 e: -42.1 r:  23.5   
Poland=Confirmed i:  84  84  34  4/16/2020 p:   11709   32276 e: -63.7 r:  24.5   
Poland=Confirmed i:  85  85  35          . p:   17818   32276 e: -44.8 r:  26.0   
Poland=Confirmed i:  86  86  36  4/18/2020 p:   17818   32276 e: -44.8 r:  27.1   
Poland=Confirmed i:  87  87  37          . p:   17818   32276 e: -44.8 r:  28.8   
Poland=Confirmed i:  88  88  38  4/20/2020 p:   17818   32276 e: -44.8 r:  29.7   
Poland=Confirmed i:  89  89  39          . p:   17818   32276 e: -44.8 r:  30.5   
Poland=Confirmed i:  90  90  40  4/22/2020 p:   18056   32276 e: -44.1 r:  31.5   
Poland=Confirmed i:  91  91  41          . p:   18100   32276 e: -43.9 r:  32.6   
Poland=Confirmed i:  92  92  42  4/24/2020 p:   17818   32276 e: -44.8 r:  33.7   
Poland=Confirmed i:  93  93  43          . p:   17818   32276 e: -44.8 r:  34.9   
Poland=Confirmed i:  94  94  44  4/26/2020 p:   17818   32276 e: -44.8 r:  36.0   
Poland=Confirmed i:  95  95  45          . p:   18836   32276 e: -41.6 r:  36.9   
Poland=Confirmed i:  96  96  46  4/28/2020 p:   18541   32276 e: -42.6 r:  37.9   
Poland=Confirmed i:  97  97  47          . p:   18809   32276 e: -41.7 r:  39.2   
Poland=Confirmed i:  98  98  48  4/30/2020 p:   18710   32276 e: -42.0 r:  39.9   
Poland=Confirmed i:  99  99  49          . p:   18882   32276 e: -41.5 r:  40.6   
Poland=Confirmed i: 100 100  50   5/2/2020 p:   18854   32276 e: -41.6 r:  41.4   
Poland=Confirmed i: 101 101  51          . p:   19023   32276 e: -41.1 r:  42.4   
Poland=Confirmed i: 102 102  52   5/4/2020 p:   18836   32276 e: -41.6 r:  43.4   
Poland=Confirmed i: 103 103  53          . p:   19855   32276 e: -38.5 r:  44.7   
Poland=Confirmed i: 104 104  54   5/6/2020 p:   19855   32276 e: -38.5 r:  45.7   
Poland=Confirmed i: 105 105  55          . p:   19855   32276 e: -38.5 r:  46.6   
Poland=Confirmed i: 106 106  56   5/8/2020 p:   19855   32276 e: -38.5 r:  47.6   
Poland=Confirmed i: 107 107  57          . p:   20873   32276 e: -35.3 r:  48.5   
Poland=Confirmed i: 108 108  58  5/10/2020 p:   20873   32276 e: -35.3 r:  49.6   
Poland=Confirmed i: 109 109  59          . p:   20873   32276 e: -35.3 r:  50.6   
Poland=Confirmed i: 110 110  60  5/12/2020 p:   21891   32276 e: -32.2 r:  52.4   
Poland=Confirmed i: 111 111  61          . p:   21891   32276 e: -32.2 r:  53.3   
Poland=Confirmed i: 112 112  62  5/14/2020 p:   21891   32276 e: -32.2 r:  54.6   
Poland=Confirmed i: 113 113  63          . p:   22909   32276 e: -29.0 r:  55.8   
Poland=Confirmed i: 114 114  64  5/16/2020 p:   22909   32276 e: -29.0 r:  56.6   
Poland=Confirmed i: 115 115  65          . p:   23927   32276 e: -25.9 r:  57.4   
Poland=Confirmed i: 116 116  66  5/18/2020 p:   23927   32276 e: -25.9 r:  58.5   
Poland=Confirmed i: 117 117  67          . p:   23927   32276 e: -25.9 r:  59.7   
Poland=Confirmed i: 118 118  68  5/20/2020 p:   24946   32276 e: -22.7 r:  61.2   
Poland=Confirmed i: 119 119  69          . p:   24946   32276 e: -22.7 r:  62.4   
Poland=Confirmed i: 120 120  70  5/22/2020 p:   24946   32276 e: -22.7 r:  63.9   
Poland=Confirmed i: 121 121  71          . p:   26982   32276 e: -16.4 r:  64.8   
Poland=Confirmed i: 122 122  72  5/24/2020 p:   25964   32276 e: -19.6 r:  66.1   
Poland=Confirmed i: 123 123  73          . p:   26982   32276 e: -16.4 r:  67.0   
Poland=Confirmed i: 124 124  74  5/26/2020 p:   26982   32276 e: -16.4 r:  68.4   
Poland=Confirmed i: 125   0  75          . p:   28000   32276 e: -13.3 r:  69.6 OK 1st
Poland=Confirmed i: 126   1  76  5/28/2020 p:   28000   32276 e: -13.3 r:  70.7 OK
Poland=Confirmed i: 127   2  77          . p:   29341   32276 e:  -9.1 r:  71.7 OK
Poland=Confirmed i: 128   3  78  5/30/2020 p:   28190   32276 e: -12.7 r:  73.0 OK
Poland=Confirmed i: 129   4  79          . p:   29171   32276 e:  -9.6 r:  73.7 OK
Poland=Confirmed i: 130   5  80   6/1/2020 p:   29083   32276 e:  -9.9 r:  74.9 OK
Poland=Confirmed i: 131   6  81          . p:   29434   32276 e:  -8.8 r:  75.6 OK
Poland=Confirmed i: 132   7  82   6/3/2020 p:   29395   32276 e:  -8.9 r:  76.5 OK
Poland=Confirmed i: 133   8  83          . p:   33091   32276 e:   2.5 r:  77.6 OK
Poland=Confirmed i: 134   9  84   6/5/2020 p:   34110   32276 e:   5.7 r:  78.7 OK
Poland=Confirmed i: 135  10  85          . p:   31055   32276 e:  -3.8 r:  80.5 OK
Poland=Confirmed i: 136  11  86   6/7/2020 p:   31055   32276 e:  -3.8 r:  82.3 OK
Poland=Confirmed i: 137  12  87          . p:   32073   32276 e:  -0.6 r:  84.1 OK
Poland=Confirmed i: 138  13  88   6/9/2020 p:   33091   32276 e:   2.5 r:  85.4 OK
