
  # Process COVID TAB data
p1= 58784 il= 138
p1= 58784 il= 137
p1= 58738 il= 136
p1= 58685 il= 135
p1= 58887 il= 134
Canada_Quebec=Confirmed nl = 139, n1= 5 s1= 58775.6 s2= 3454575590 SD= 66.5930927374853 frac%= 0.113300574962204
Canada_Quebec=Confirmed i:  45  45 -10          . p:     982   58775 e: -98.3 r:   0.0   
Canada_Quebec=Confirmed i:  46  46  -9   3/9/2020 p:     982   58775 e: -98.3 r:   0.0   
Canada_Quebec=Confirmed i:  47  47  -8          . p:     982   58775 e: -98.3 r:   0.0   
Canada_Quebec=Confirmed i:  48  48  -7  3/11/2020 p:   18666   58775 e: -68.2 r:   0.0   
Canada_Quebec=Confirmed i:  49  49  -6          . p:    4912   58775 e: -91.6 r:   0.0   
Canada_Quebec=Confirmed i:  51  51  -4          . p:   83509   58775 e:  42.1 r:   0.0   
Canada_Quebec=Confirmed i:  52  52  -3  3/15/2020 p:     982   58775 e: -98.3 r:   0.0   
Canada_Quebec=Confirmed i:  56  56   1  3/19/2020 p:     982   58775 e: -98.3 r:   0.2   
Canada_Quebec=Confirmed i:  57  57   2          . p:     982   58775 e: -98.3 r:   0.2   
Canada_Quebec=Confirmed i:  58  58   3  3/21/2020 p:     982   58775 e: -98.3 r:   0.3   
Canada_Quebec=Confirmed i:  59  59   4          . p:     982   58775 e: -98.3 r:   0.4   
Canada_Quebec=Confirmed i:  63  63   8          . p:    2947   58775 e: -95.0 r:   2.8   
Canada_Quebec=Confirmed i:  64  64   9  3/27/2020 p:    2947   58775 e: -95.0 r:   3.4   
Canada_Quebec=Confirmed i:  65  65  10          . p:    4912   58775 e: -91.6 r:   4.3   
Canada_Quebec=Confirmed i:  66  66  11  3/29/2020 p:    4912   58775 e: -91.6 r:   4.8   
Canada_Quebec=Confirmed i:  67  67  12          . p:    6877   58775 e: -88.3 r:   5.8   
Canada_Quebec=Confirmed i:  68  68  13  3/31/2020 p:    8842   58775 e: -85.0 r:   7.1   
Canada_Quebec=Confirmed i:  69  69  14          . p:    8842   58775 e: -85.0 r:   7.8   
Canada_Quebec=Confirmed i:  70  70  15   4/2/2020 p:   10807   58775 e: -81.6 r:   9.4   
Canada_Quebec=Confirmed i:  71  71  16          . p:   10807   58775 e: -81.6 r:  10.4   
Canada_Quebec=Confirmed i:  72  72  17   4/4/2020 p:   10807   58775 e: -81.6 r:  10.4   
Canada_Quebec=Confirmed i:  73  73  18          . p:   14736   58775 e: -74.9 r:  13.5   
Canada_Quebec=Confirmed i:  74  74  19   4/6/2020 p:   16701   58775 e: -71.6 r:  14.6   
Canada_Quebec=Confirmed i:  75  75  20          . p:   18666   58775 e: -68.2 r:  15.9   
Canada_Quebec=Confirmed i:  76  76  21   4/8/2020 p:   18666   58775 e: -68.2 r:  17.1   
Canada_Quebec=Confirmed i:  77  77  22          . p:   34386   58775 e: -41.5 r:  18.6   
Canada_Quebec=Confirmed i:  78  78  23  4/10/2020 p:   20631   58775 e: -64.9 r:  19.9   
Canada_Quebec=Confirmed i:  79  79  24          . p:   24561   58775 e: -58.2 r:  20.9   
Canada_Quebec=Confirmed i:  80  80  25  4/12/2020 p:   22596   58775 e: -61.6 r:  21.9   
Canada_Quebec=Confirmed i:  81  81  26          . p:   20631   58775 e: -64.9 r:  23.1   
Canada_Quebec=Confirmed i:  82  82  27  4/14/2020 p:   21280   58775 e: -63.8 r:  24.2   
Canada_Quebec=Confirmed i:  83  83  28          . p:   21453   58775 e: -63.5 r:  25.3   
Canada_Quebec=Confirmed i:  84  84  29  4/16/2020 p:   24561   58775 e: -58.2 r:  27.0   
Canada_Quebec=Confirmed i:  85  85  30          . p:   26526   58775 e: -54.9 r:  28.6   
Canada_Quebec=Confirmed i:  86  86  31  4/18/2020 p:   28491   58775 e: -51.5 r:  29.8   
Canada_Quebec=Confirmed i:  87  87  32          . p:   28491   58775 e: -51.5 r:  30.5   
Canada_Quebec=Confirmed i:  88  88  33  4/20/2020 p:   30456   58775 e: -48.2 r:  32.9   
Canada_Quebec=Confirmed i:  89  89  34          . p:   30456   58775 e: -48.2 r:  34.2   
Canada_Quebec=Confirmed i:  90  90  35  4/22/2020 p:   28491   58775 e: -51.5 r:  35.7   
Canada_Quebec=Confirmed i:  91  91  36          . p:   30456   58775 e: -48.2 r:  37.2   
Canada_Quebec=Confirmed i:  92  92  37  4/24/2020 p:   30390   58775 e: -48.3 r:  38.5   
Canada_Quebec=Confirmed i:  93  93  38          . p:   31347   58775 e: -46.7 r:  39.6   
Canada_Quebec=Confirmed i:  94  94  39  4/26/2020 p:   31850   58775 e: -45.8 r:  41.0   
Canada_Quebec=Confirmed i:  95  95  40          . p:   32873   58775 e: -44.1 r:  42.5   
Canada_Quebec=Confirmed i:  96  96  41  4/28/2020 p:   34386   58775 e: -41.5 r:  43.8   
Canada_Quebec=Confirmed i:  97  97  42          . p:   34386   58775 e: -41.5 r:  45.3   
Canada_Quebec=Confirmed i:  98  98  43  4/30/2020 p:   36351   58775 e: -38.2 r:  46.9   
Canada_Quebec=Confirmed i:  99  99  44          . p:   36351   58775 e: -38.2 r:  48.8   
Canada_Quebec=Confirmed i: 100 100  45   5/2/2020 p:   38316   58775 e: -34.8 r:  50.5   
Canada_Quebec=Confirmed i: 101 101  46          . p:   40281   58775 e: -31.5 r:  54.2   
Canada_Quebec=Confirmed i: 102 102  47   5/4/2020 p:   42245   58775 e: -28.1 r:  55.5   
Canada_Quebec=Confirmed i: 103 103  48          . p:   44210   58775 e: -24.8 r:  56.9   
Canada_Quebec=Confirmed i: 104 104  49   5/6/2020 p:   44210   58775 e: -24.8 r:  58.4   
Canada_Quebec=Confirmed i: 105 105  50          . p:   46175   58775 e: -21.4 r:  60.0   
Canada_Quebec=Confirmed i: 106 106  51   5/8/2020 p:   48140   58775 e: -18.1 r:  61.5   
Canada_Quebec=Confirmed i: 107 107  52          . p:   48140   58775 e: -18.1 r:  62.9   
Canada_Quebec=Confirmed i: 108 108  53  5/10/2020 p:   48558   58775 e: -17.4 r:  64.2   
Canada_Quebec=Confirmed i: 109 109  54          . p:   49778   58775 e: -15.3 r:  65.5   
Canada_Quebec=Confirmed i: 110 110  55  5/12/2020 p:   49534   58775 e: -15.7 r:  66.8   
Canada_Quebec=Confirmed i: 111   0  56          . p:   50175   58775 e: -14.6 r:  68.0 OK 1st
Canada_Quebec=Confirmed i: 112   1  57  5/14/2020 p:   50431   58775 e: -14.2 r:  69.3 OK
Canada_Quebec=Confirmed i: 113   2  58          . p:   51119   58775 e: -13.0 r:  70.5 OK
Canada_Quebec=Confirmed i: 114   3  59  5/16/2020 p:   51510   58775 e: -12.4 r:  71.8 OK
Canada_Quebec=Confirmed i: 115   4  60          . p:   52049   58775 e: -11.4 r:  73.0 OK
Canada_Quebec=Confirmed i: 116   5  61  5/18/2020 p:   52612   58775 e: -10.5 r:  74.2 OK
Canada_Quebec=Confirmed i: 117   6  62          . p:   53320   58775 e:  -9.3 r:  75.2 OK
Canada_Quebec=Confirmed i: 118   7  63  5/20/2020 p:   53774   58775 e:  -8.5 r:  76.2 OK
Canada_Quebec=Confirmed i: 119   8  64          . p:   54188   58775 e:  -7.8 r:  77.4 OK
Canada_Quebec=Confirmed i: 120   9  65  5/22/2020 p:   54035   58775 e:  -8.1 r:  78.5 OK
Canada_Quebec=Confirmed i: 121  10  66          . p:   56000   58775 e:  -4.7 r:  79.7 OK
Canada_Quebec=Confirmed i: 122  11  67  5/24/2020 p:   56000   58775 e:  -4.7 r:  80.7 OK
Canada_Quebec=Confirmed i: 123  12  68          . p:   55823   58775 e:  -5.0 r:  81.7 OK
Canada_Quebec=Confirmed i: 124  13  69  5/26/2020 p:   56375   58775 e:  -4.1 r:  82.7 OK
Canada_Quebec=Confirmed i: 125  14  70          . p:   57170   58775 e:  -2.7 r:  83.6 OK
Canada_Quebec=Confirmed i: 126  15  71  5/28/2020 p:   56863   58775 e:  -3.3 r:  84.6 OK
Canada_Quebec=Confirmed i: 127  16  72          . p:   57527   58775 e:  -2.1 r:  85.5 OK
Canada_Quebec=Confirmed i: 128  17  73  5/30/2020 p:   66412   58775 e:  13.0 r:  86.2 OK
Canada_Quebec=Confirmed i: 129  18  74          . p:   58314   58775 e:  -0.8 r:  86.9 OK
Canada_Quebec=Confirmed i: 130  19  75   6/1/2020 p:   58314   58775 e:  -0.8 r:  87.4 OK
Canada_Quebec=Confirmed i: 131  20  76          . p:   58068   58775 e:  -1.2 r:  87.8 OK
Canada_Quebec=Confirmed i: 132  21  77   6/3/2020 p:   58816   58775 e:   0.1 r:  88.3 OK
Canada_Quebec=Confirmed i: 133  22  78          . p:   58887   58775 e:   0.2 r:  88.7 OK
Canada_Quebec=Confirmed i: 134  23  79   6/5/2020 p:   58887   58775 e:   0.2 r:  89.1 OK
Canada_Quebec=Confirmed i: 135  24  80          . p:   58685   58775 e:  -0.2 r:  89.5 OK
Canada_Quebec=Confirmed i: 136  25  81   6/7/2020 p:   58738   58775 e:  -0.1 r:  89.9 OK
Canada_Quebec=Confirmed i: 137  26  82          . p:   58784   58775 e:   0.0 r:  90.3 OK
Canada_Quebec=Confirmed i: 138  27  83   6/9/2020 p:   58784   58775 e:   0.0 r:  90.5 OK
