
  # Process COVID TAB data
p1= 111 il= 138
p1= 109 il= 137
p1= 110 il= 136
p1= 114 il= 135
p1= 114 il= 134
Luxembourg=Deaths nl = 139, n1= 5 s1= 111.6 s2= 12458.8 SD= 2.05912602819735 frac%= 1.84509500734529
Luxembourg=Deaths i:  59  59  -6          . p:      30     111 e: -73.1 r:   7.2   
Luxembourg=Deaths i:  60  60  -5  3/23/2020 p:      14     111 e: -87.5 r:   7.2   
Luxembourg=Deaths i:  61  61  -4          . p:      12     111 e: -89.2 r:   7.2   
Luxembourg=Deaths i:  62  62  -3  3/25/2020 p:      10     111 e: -91.0 r:   7.2   
Luxembourg=Deaths i:  63  63  -2          . p:       9     111 e: -91.9 r:   8.1   
Luxembourg=Deaths i:  65  65   0          . p:      54     111 e: -51.6 r:  16.1   
Luxembourg=Deaths i:  66  66   1  3/29/2020 p:      66     111 e: -40.9 r:  18.8   
Luxembourg=Deaths i:  67  67   2          . p:      22     111 e: -80.3 r:  19.7   
Luxembourg=Deaths i:  68  68   3  3/31/2020 p:      22     111 e: -80.3 r:  20.6   
Luxembourg=Deaths i:  69  69   4          . p:      75     111 e: -32.8 r:  26.0   
Luxembourg=Deaths i:  70  70   5   4/2/2020 p:      47     111 e: -57.9 r:  26.9   
Luxembourg=Deaths i:  71  71   6          . p:      94     111 e: -15.8 r:  27.8   
Luxembourg=Deaths i:  72  72   7   4/4/2020 p:      31     111 e: -72.2 r:  27.8   
Luxembourg=Deaths i:  73  73   8          . p:      62     111 e: -44.4 r:  32.3   
Luxembourg=Deaths i:  74  74   9   4/6/2020 p:      75     111 e: -32.8 r:  36.7   
Luxembourg=Deaths i:  75  75  10          . p:      83     111 e: -25.6 r:  39.4   
Luxembourg=Deaths i:  76   0  11   4/8/2020 p:     103     111 e:  -7.7 r:  41.2 OK 1st
Luxembourg=Deaths i:  77   1  12          . p:      99     111 e: -11.3 r:  46.6 OK
Luxembourg=Deaths i:  78   2  13  4/10/2020 p:     107     111 e:  -4.1 r:  48.4 OK
Luxembourg=Deaths i:  79   3  14          . p:     127     111 e:  13.8 r:  55.6 OK
Luxembourg=Deaths i:  80   4  15  4/12/2020 p:     140     111 e:  25.4 r:  59.1   
Luxembourg=Deaths i:  81   5  16          . p:     148     111 e:  32.6 r:  61.8   
Luxembourg=Deaths i:  82   6  17  4/14/2020 p:     148     111 e:  32.6 r:  60.0   
Luxembourg=Deaths i:  83   7  18          . p:     138     111 e:  23.7 r:  61.8   
Luxembourg=Deaths i:  84   8  19  4/16/2020 p:     132     111 e:  18.3 r:  61.8   
Luxembourg=Deaths i:  85   9  20          . p:     129     111 e:  15.6 r:  64.5   
Luxembourg=Deaths i:  86  10  21  4/18/2020 p:     120     111 e:   7.5 r:  64.5 OK
Luxembourg=Deaths i:  87  11  22          . p:      74     111 e: -33.7 r:  65.4   
Luxembourg=Deaths i:  88  12  23  4/20/2020 p:      79     111 e: -29.2 r:  67.2   
Luxembourg=Deaths i:  89  13  24          . p:     107     111 e:  -4.1 r:  69.9 OK
Luxembourg=Deaths i:  90  14  25  4/22/2020 p:     103     111 e:  -7.7 r:  71.7 OK
Luxembourg=Deaths i:  91  15  26          . p:     103     111 e:  -7.7 r:  74.4 OK
Luxembourg=Deaths i:  92  16  27  4/24/2020 p:      99     111 e: -11.3 r:  76.2 OK
Luxembourg=Deaths i:  93  17  28          . p:      99     111 e: -11.3 r:  76.2 OK
Luxembourg=Deaths i:  94  18  29  4/26/2020 p:     103     111 e:  -7.7 r:  78.9 OK
Luxembourg=Deaths i:  95  19  30          . p:     103     111 e:  -7.7 r:  78.9 OK
Luxembourg=Deaths i:  96  20  31  4/28/2020 p:     103     111 e:  -7.7 r:  79.7 OK
Luxembourg=Deaths i:  97  21  32          . p:      99     111 e: -11.3 r:  79.7 OK
Luxembourg=Deaths i:  98  22  33  4/30/2020 p:     100     111 e: -10.4 r:  80.6 OK
Luxembourg=Deaths i:  99  23  34          . p:     101     111 e:  -9.5 r:  82.4 OK
Luxembourg=Deaths i: 100  24  35   5/2/2020 p:      99     111 e: -11.3 r:  82.4 OK
Luxembourg=Deaths i: 101  25  36          . p:     104     111 e:  -6.8 r:  86.0 OK
Luxembourg=Deaths i: 102  26  37   5/4/2020 p:     107     111 e:  -4.1 r:  86.0 OK
Luxembourg=Deaths i: 103  27  38          . p:     107     111 e:  -4.1 r:  86.0 OK
Luxembourg=Deaths i: 104  28  39   5/6/2020 p:     107     111 e:  -4.1 r:  87.8 OK
Luxembourg=Deaths i: 105  29  40          . p:     107     111 e:  -4.1 r:  89.6 OK
Luxembourg=Deaths i: 106  30  41   5/8/2020 p:     107     111 e:  -4.1 r:  89.6 OK
Luxembourg=Deaths i: 107  31  42          . p:     107     111 e:  -4.1 r:  90.5 OK
Luxembourg=Deaths i: 108  32  43  5/10/2020 p:     108     111 e:  -3.2 r:  90.5 OK
Luxembourg=Deaths i: 109  33  44          . p:     109     111 e:  -2.3 r:  90.5 OK
Luxembourg=Deaths i: 110  34  45  5/12/2020 p:     107     111 e:  -4.1 r:  91.4 OK
Luxembourg=Deaths i: 111  35  46          . p:     107     111 e:  -4.1 r:  92.3 OK
Luxembourg=Deaths i: 112  36  47  5/14/2020 p:     107     111 e:  -4.1 r:  92.3 OK
Luxembourg=Deaths i: 113  37  48          . p:     107     111 e:  -4.1 r:  93.2 OK
Luxembourg=Deaths i: 114  38  49  5/16/2020 p:     107     111 e:  -4.1 r:  93.2 OK
Luxembourg=Deaths i: 115  39  50          . p:     111     111 e:  -0.5 r:  95.9 OK
Luxembourg=Deaths i: 116  40  51  5/18/2020 p:     111     111 e:  -0.5 r:  95.9 OK
Luxembourg=Deaths i: 117  41  52          . p:     115     111 e:   3.0 r:  97.7 OK
Luxembourg=Deaths i: 118  42  53  5/20/2020 p:     115     111 e:   3.0 r:  97.7 OK
Luxembourg=Deaths i: 119  43  54          . p:     115     111 e:   3.0 r:  97.7 OK
Luxembourg=Deaths i: 120  44  55  5/22/2020 p:     115     111 e:   3.0 r:  97.7 OK
Luxembourg=Deaths i: 121  45  56          . p:     115     111 e:   3.0 r:  97.7 OK
Luxembourg=Deaths i: 122  46  57  5/24/2020 p:     115     111 e:   3.0 r:  98.6 OK
Luxembourg=Deaths i: 123  47  58          . p:     115     111 e:   3.0 r:  98.6 OK
Luxembourg=Deaths i: 124  48  59  5/26/2020 p:     115     111 e:   3.0 r:  98.6 OK
Luxembourg=Deaths i: 125  49  60          . p:     113     111 e:   1.3 r:  98.6 OK
Luxembourg=Deaths i: 126  50  61  5/28/2020 p:     115     111 e:   3.0 r:  98.6 OK
Luxembourg=Deaths i: 127  51  62          . p:     113     111 e:   1.3 r:  98.6 OK
Luxembourg=Deaths i: 128  52  63  5/30/2020 p:     113     111 e:   1.3 r:  98.6 OK
Luxembourg=Deaths i: 129  53  64          . p:     113     111 e:   1.3 r:  98.6 OK
Luxembourg=Deaths i: 130  54  65   6/1/2020 p:     113     111 e:   1.3 r:  98.6 OK
Luxembourg=Deaths i: 131  55  66          . p:     113     111 e:   1.3 r:  98.6 OK
Luxembourg=Deaths i: 132  56  67   6/3/2020 p:     113     111 e:   1.3 r:  98.6 OK
Luxembourg=Deaths i: 133  57  68          . p:     113     111 e:   1.3 r:  98.6 OK
Luxembourg=Deaths i: 134  58  69   6/5/2020 p:     114     111 e:   2.2 r:  98.6 OK
Luxembourg=Deaths i: 135  59  70          . p:     114     111 e:   2.2 r:  98.6 OK
Luxembourg=Deaths i: 136  60  71   6/7/2020 p:     110     111 e:  -1.4 r:  98.6 OK
Luxembourg=Deaths i: 137  61  72          . p:     109     111 e:  -2.3 r:  98.6 OK
Luxembourg=Deaths i: 138  62  73   6/9/2020 p:     111     111 e:  -0.5 r:  98.6 OK
