
  # Process COVID TAB data
p1= 303 il= 138
p1= 303 il= 137
p1= 303 il= 136
p1= 303 il= 135
p1= 292 il= 134
Israel=Deaths nl = 139, n1= 5 s1= 300.8 s2= 90500 SD= 4.39999999999841 frac%= 1.46276595744628
Israel=Deaths i:  64  64  -4  3/27/2020 p:      82     300 e: -72.7 r:   4.0   
Israel=Deaths i:  65  65  -3          . p:      28     300 e: -90.7 r:   4.0   
Israel=Deaths i:  66  66  -2  3/29/2020 p:      20     300 e: -93.4 r:   5.0   
Israel=Deaths i:  67  67  -1          . p:      17     300 e: -94.3 r:   5.3   
Israel=Deaths i:  69  69   1          . p:      49     300 e: -83.7 r:   8.6   
Israel=Deaths i:  70  70   2   4/2/2020 p:     115     300 e: -61.8 r:  12.0   
Israel=Deaths i:  71  71   3          . p:     127     300 e: -57.8 r:  13.3   
Israel=Deaths i:  72  72   4   4/4/2020 p:      60     300 e: -80.1 r:  14.6   
Israel=Deaths i:  73  73   5          . p:      60     300 e: -80.1 r:  16.3   
Israel=Deaths i:  74  74   6   4/6/2020 p:      93     300 e: -69.1 r:  18.9   
Israel=Deaths i:  75  75   7          . p:     149     300 e: -50.5 r:  21.6   
Israel=Deaths i:  76  76   8   4/8/2020 p:     237     300 e: -21.2 r:  24.3   
Israel=Deaths i:  77  77   9          . p:     193     300 e: -35.8 r:  28.6   
Israel=Deaths i:  78  78  10  4/10/2020 p:     226     300 e: -24.9 r:  31.6   
Israel=Deaths i:  79  79  11          . p:     248     300 e: -17.6 r:  33.6   
Israel=Deaths i:  80  80  12  4/12/2020 p:     230     300 e: -23.5 r:  34.2   
Israel=Deaths i:  81  81  13          . p:     181     300 e: -39.8 r:  38.6   
Israel=Deaths i:  82  82  14  4/14/2020 p:     238     300 e: -20.9 r:  40.9   
Israel=Deaths i:  83  83  15          . p:     237     300 e: -21.2 r:  43.2   
Israel=Deaths i:  84  84  16  4/16/2020 p:     248     300 e: -17.6 r:  47.2   
Israel=Deaths i:  85   0  17          . p:     281     300 e:  -6.6 r:  50.2 OK 1st
Israel=Deaths i:  86   1  18  4/18/2020 p:     281     300 e:  -6.6 r:  54.5 OK
Israel=Deaths i:  87   2  19          . p:     370     300 e:  23.0 r:  57.2   
Israel=Deaths i:  88   3  20  4/20/2020 p:     336     300 e:  11.7 r:  58.8 OK
Israel=Deaths i:  89   4  21          . p:     334     300 e:  11.0 r:  61.2 OK
Israel=Deaths i:  90   5  22  4/22/2020 p:     295     300 e:  -1.9 r:  62.8 OK
Israel=Deaths i:  91   6  23          . p:     293     300 e:  -2.6 r:  63.8 OK
Israel=Deaths i:  92   7  24  4/24/2020 p:     284     300 e:  -5.6 r:  64.5 OK
Israel=Deaths i:  93   8  25          . p:     277     300 e:  -7.9 r:  66.2 OK
Israel=Deaths i:  94   9  26  4/26/2020 p:     264     300 e: -12.2 r:  66.8 OK
Israel=Deaths i:  95  10  27          . p:     214     300 e: -28.9 r:  67.8   
Israel=Deaths i:  96  11  28  4/28/2020 p:     248     300 e: -17.6 r:  69.8   
Israel=Deaths i:  97  12  29          . p:     248     300 e: -17.6 r:  71.5   
Israel=Deaths i:  98  13  30  4/30/2020 p:     259     300 e: -13.9 r:  73.8 OK
Israel=Deaths i:  99  14  31          . p:     259     300 e: -13.9 r:  74.8 OK
Israel=Deaths i: 100  15  32   5/2/2020 p:     259     300 e: -13.9 r:  76.1 OK
Israel=Deaths i: 101  16  33          . p:     259     300 e: -13.9 r:  77.1 OK
Israel=Deaths i: 102  17  34   5/4/2020 p:     270     300 e: -10.2 r:  78.1 OK
Israel=Deaths i: 103  18  35          . p:     266     300 e: -11.6 r:  79.1 OK
Israel=Deaths i: 104  19  36   5/6/2020 p:     267     300 e: -11.2 r:  79.5 OK
Israel=Deaths i: 105  20  37          . p:     264     300 e: -12.2 r:  79.8 OK
Israel=Deaths i: 106  21  38   5/8/2020 p:     266     300 e: -11.6 r:  81.4 OK
Israel=Deaths i: 107  22  39          . p:     270     300 e: -10.2 r:  82.1 OK
Israel=Deaths i: 108  23  40  5/10/2020 p:     270     300 e: -10.2 r:  83.8 OK
Israel=Deaths i: 109  24  41          . p:     281     300 e:  -6.6 r:  85.8 OK
Israel=Deaths i: 110  25  42  5/12/2020 p:     281     300 e:  -6.6 r:  86.4 OK
Israel=Deaths i: 111  26  43          . p:     281     300 e:  -6.6 r:  87.8 OK
Israel=Deaths i: 112  27  44  5/14/2020 p:     281     300 e:  -6.6 r:  88.1 OK
Israel=Deaths i: 113  28  45          . p:     287     300 e:  -4.6 r:  88.4 OK
Israel=Deaths i: 114  29  46  5/16/2020 p:     290     300 e:  -3.6 r:  89.1 OK
Israel=Deaths i: 115  30  47          . p:     290     300 e:  -3.6 r:  90.4 OK
Israel=Deaths i: 116  31  48  5/18/2020 p:     292     300 e:  -2.9 r:  91.8 OK
Israel=Deaths i: 117  32  49          . p:     292     300 e:  -2.9 r:  92.4 OK
Israel=Deaths i: 118  33  50  5/20/2020 p:     292     300 e:  -2.9 r:  92.8 OK
Israel=Deaths i: 119  34  51          . p:     292     300 e:  -2.9 r:  92.8 OK
Israel=Deaths i: 120  35  52  5/22/2020 p:     297     300 e:  -1.3 r:  92.8 OK
Israel=Deaths i: 121  36  53          . p:     297     300 e:  -1.3 r:  92.8 OK
Israel=Deaths i: 122  37  54  5/24/2020 p:     296     300 e:  -1.6 r:  92.8 OK
Israel=Deaths i: 123  38  55          . p:     295     300 e:  -1.9 r:  93.4 OK
Israel=Deaths i: 124  39  56  5/26/2020 p:     296     300 e:  -1.6 r:  93.4 OK
Israel=Deaths i: 125  40  57          . p:     292     300 e:  -2.9 r:  93.4 OK
Israel=Deaths i: 126  41  58  5/28/2020 p:     292     300 e:  -2.9 r:  94.4 OK
Israel=Deaths i: 127  42  59          . p:     292     300 e:  -2.9 r:  94.4 OK
Israel=Deaths i: 128  43  60  5/30/2020 p:     292     300 e:  -2.9 r:  94.4 OK
Israel=Deaths i: 129  44  61          . p:     292     300 e:  -2.9 r:  94.7 OK
Israel=Deaths i: 130  45  62   6/1/2020 p:     292     300 e:  -2.9 r:  94.7 OK
Israel=Deaths i: 131  46  63          . p:     292     300 e:  -2.9 r:  96.4 OK
Israel=Deaths i: 132  47  64   6/3/2020 p:     292     300 e:  -2.9 r:  96.7 OK
Israel=Deaths i: 133  48  65          . p:     292     300 e:  -2.9 r:  96.7 OK
Israel=Deaths i: 134  49  66   6/5/2020 p:     292     300 e:  -2.9 r:  96.7 OK
Israel=Deaths i: 135  50  67          . p:     303     300 e:   0.7 r:  98.1 OK
Israel=Deaths i: 136  51  68   6/7/2020 p:     303     300 e:   0.7 r:  99.1 OK
Israel=Deaths i: 137  52  69          . p:     303     300 e:   0.7 r:  99.1 OK
Israel=Deaths i: 138  53  70   6/9/2020 p:     303     300 e:   0.7 r:  99.4 OK
