
  # Process COVID TAB data
p1= 99520 il= 138
p1= 99455 il= 137
p1= 99985 il= 136
p1= 99672 il= 135
p1= 99354 il= 134
US_Illinois_Cook=Confirmed nl = 139, n1= 5 s1= 99597.2 s2= 9919650510 SD= 219.686503909201 frac%= 0.220574979928352
US_Illinois_Cook=Confirmed i:  12  12 -41   2/4/2020 p:       0   99597 e: -100.0 r:   0.0   
US_Illinois_Cook=Confirmed i:  13  13 -40          . p:   51212   99597 e: -48.6 r:   0.0   
US_Illinois_Cook=Confirmed i:  14  14 -39   2/6/2020 p:  155332   99597 e:  56.0 r:   0.0   
US_Illinois_Cook=Confirmed i:  15  15 -38          . p:   81758   99597 e: -17.9 r:   0.0   
US_Illinois_Cook=Confirmed i:  16  16 -37   2/8/2020 p:       0   99597 e: -100.0 r:   0.0   
US_Illinois_Cook=Confirmed i:  17  17 -36          . p:  162416   99597 e:  63.1 r:   0.0   
US_Illinois_Cook=Confirmed i:  18  18 -35  2/10/2020 p:  162416   99597 e:  63.1 r:   0.0   
US_Illinois_Cook=Confirmed i:  19  19 -34          . p:       0   99597 e: -100.0 r:   0.0   
US_Illinois_Cook=Confirmed i:  20  20 -33  2/12/2020 p:       0   99597 e: -100.0 r:   0.0   
US_Illinois_Cook=Confirmed i:  21  21 -32          . p:       0   99597 e: -100.0 r:   0.0   
US_Illinois_Cook=Confirmed i:  22  22 -31  2/14/2020 p:  143238   99597 e:  43.8 r:   0.0   
US_Illinois_Cook=Confirmed i:  24  24 -29  2/16/2020 p:       0   99597 e: -100.0 r:   0.0   
US_Illinois_Cook=Confirmed i:  27  27 -26          . p:  144858   99597 e:  45.4 r:   0.0   
US_Illinois_Cook=Confirmed i:  28  28 -25  2/20/2020 p:  144858   99597 e:  45.4 r:   0.0   
US_Illinois_Cook=Confirmed i:  29  29 -24          . p:       0   99597 e: -100.0 r:   0.0   
US_Illinois_Cook=Confirmed i:  30  30 -23  2/22/2020 p:  144180   99597 e:  44.8 r:   0.0   
US_Illinois_Cook=Confirmed i:  31  31 -22          . p:  144955   99597 e:  45.5 r:   0.0   
US_Illinois_Cook=Confirmed i:  32  32 -21  2/24/2020 p:       0   99597 e: -100.0 r:   0.0   
US_Illinois_Cook=Confirmed i:  40  40 -13   3/3/2020 p:    1538   99597 e: -98.5 r:   0.0   
US_Illinois_Cook=Confirmed i:  41  41 -12          . p:    1538   99597 e: -98.5 r:   0.0   
US_Illinois_Cook=Confirmed i:  42  42 -11   3/5/2020 p:    1538   99597 e: -98.5 r:   0.0   
US_Illinois_Cook=Confirmed i:  43  43 -10          . p:    1538   99597 e: -98.5 r:   0.0   
US_Illinois_Cook=Confirmed i:  44  44  -9   3/7/2020 p:    1538   99597 e: -98.5 r:   0.0   
US_Illinois_Cook=Confirmed i:  45  45  -8          . p:    1538   99597 e: -98.5 r:   0.0   
US_Illinois_Cook=Confirmed i:  46  46  -7   3/9/2020 p:    1538   99597 e: -98.5 r:   0.0   
US_Illinois_Cook=Confirmed i:  47  47  -6          . p:       0   99597 e: -100.0 r:   0.0   
US_Illinois_Cook=Confirmed i:  51  51  -2          . p:    1538   99597 e: -98.5 r:   0.1   
US_Illinois_Cook=Confirmed i:  52  52  -1  3/15/2020 p:    1538   99597 e: -98.5 r:   0.1   
US_Illinois_Cook=Confirmed i:  53  53   0          . p:    1538   99597 e: -98.5 r:   0.1   
US_Illinois_Cook=Confirmed i:  54  54   1  3/17/2020 p:    1538   99597 e: -98.5 r:   0.1   
US_Illinois_Cook=Confirmed i:  57  57   4          . p:   13844   99597 e: -86.1 r:   0.3   
US_Illinois_Cook=Confirmed i:  60  60   7  3/23/2020 p:   59991   99597 e: -39.8 r:   0.9   
US_Illinois_Cook=Confirmed i:  61  61   8          . p:   13844   99597 e: -86.1 r:   1.2   
US_Illinois_Cook=Confirmed i:  62  62   9  3/25/2020 p:    1538   99597 e: -98.5 r:   1.4   
US_Illinois_Cook=Confirmed i:  63  63  10          . p:    1538   99597 e: -98.5 r:   1.4   
US_Illinois_Cook=Confirmed i:  64  64  11  3/27/2020 p:   10767   99597 e: -89.2 r:   2.2   
US_Illinois_Cook=Confirmed i:  65  65  12          . p:   16920   99597 e: -83.0 r:   2.6   
US_Illinois_Cook=Confirmed i:  66  66  13  3/29/2020 p:   26149   99597 e: -73.7 r:   3.5   
US_Illinois_Cook=Confirmed i:  67  67  14          . p:   29226   99597 e: -70.7 r:   3.7   
US_Illinois_Cook=Confirmed i:  68  68  15  3/31/2020 p:   32302   99597 e: -67.6 r:   4.5   
US_Illinois_Cook=Confirmed i:  69  69  16          . p:   29226   99597 e: -70.7 r:   5.2   
US_Illinois_Cook=Confirmed i:  70  70  17   4/2/2020 p:   29226   99597 e: -70.7 r:   5.6   
US_Illinois_Cook=Confirmed i:  71  71  18          . p:   23073   99597 e: -76.8 r:   6.1   
US_Illinois_Cook=Confirmed i:  72  72  19   4/4/2020 p:   29226   99597 e: -70.7 r:   7.5   
US_Illinois_Cook=Confirmed i:  73  73  20          . p:   29226   99597 e: -70.7 r:   8.1   
US_Illinois_Cook=Confirmed i:  74  74  21   4/6/2020 p:   29226   99597 e: -70.7 r:   8.8   
US_Illinois_Cook=Confirmed i:  75  75  22          . p:   29226   99597 e: -70.7 r:   9.5   
US_Illinois_Cook=Confirmed i:  76  76  23   4/8/2020 p:   29226   99597 e: -70.7 r:  10.6   
US_Illinois_Cook=Confirmed i:  77  77  24          . p:   29226   99597 e: -70.7 r:  11.5   
US_Illinois_Cook=Confirmed i:  78  78  25  4/10/2020 p:   32302   99597 e: -67.6 r:  12.5   
US_Illinois_Cook=Confirmed i:  79  79  26          . p:   32302   99597 e: -67.6 r:  13.5   
US_Illinois_Cook=Confirmed i:  80  80  27  4/12/2020 p:   35379   99597 e: -64.5 r:  14.6   
US_Illinois_Cook=Confirmed i:  81  81  28          . p:   35379   99597 e: -64.5 r:  15.5   
US_Illinois_Cook=Confirmed i:  82  82  29  4/14/2020 p:   35379   99597 e: -64.5 r:  16.4   
US_Illinois_Cook=Confirmed i:  83  83  30          . p:   35379   99597 e: -64.5 r:  17.4   
US_Illinois_Cook=Confirmed i:  84  84  31  4/16/2020 p:   35379   99597 e: -64.5 r:  18.2   
US_Illinois_Cook=Confirmed i:  85  85  32          . p:   38455   99597 e: -61.4 r:  19.5   
US_Illinois_Cook=Confirmed i:  86  86  33  4/18/2020 p:   38455   99597 e: -61.4 r:  20.5   
US_Illinois_Cook=Confirmed i:  87  87  34          . p:   41532   99597 e: -58.3 r:  21.4   
US_Illinois_Cook=Confirmed i:  88  88  35  4/20/2020 p:   41532   99597 e: -58.3 r:  22.2   
US_Illinois_Cook=Confirmed i:  89  89  36          . p:   41532   99597 e: -58.3 r:  23.3   
US_Illinois_Cook=Confirmed i:  90  90  37  4/22/2020 p:   41532   99597 e: -58.3 r:  24.6   
US_Illinois_Cook=Confirmed i:  91  91  38          . p:   44608   99597 e: -55.2 r:  25.9   
US_Illinois_Cook=Confirmed i:  92  92  39  4/24/2020 p:   47685   99597 e: -52.1 r:  27.7   
US_Illinois_Cook=Confirmed i:  93  93  40          . p:   47685   99597 e: -52.1 r:  29.2   
US_Illinois_Cook=Confirmed i:  94  94  41  4/26/2020 p:   50761   99597 e: -49.0 r:  30.7   
US_Illinois_Cook=Confirmed i:  95  95  42          . p:   53838   99597 e: -45.9 r:  32.1   
US_Illinois_Cook=Confirmed i:  96  96  43  4/28/2020 p:   53838   99597 e: -45.9 r:  33.6   
US_Illinois_Cook=Confirmed i:  97  97  44          . p:   56914   99597 e: -42.9 r:  35.0   
US_Illinois_Cook=Confirmed i:  98  98  45  4/30/2020 p:   59991   99597 e: -39.8 r:  36.7   
US_Illinois_Cook=Confirmed i:  99  99  46          . p:   63067   99597 e: -36.7 r:  38.8   
US_Illinois_Cook=Confirmed i: 100 100  47   5/2/2020 p:   63067   99597 e: -36.7 r:  40.4   
US_Illinois_Cook=Confirmed i: 101 101  48          . p:   66144   99597 e: -33.6 r:  42.5   
US_Illinois_Cook=Confirmed i: 102 102  49   5/4/2020 p:   69220   99597 e: -30.5 r:  43.9   
US_Illinois_Cook=Confirmed i: 103 103  50          . p:   72297   99597 e: -27.4 r:  45.4   
US_Illinois_Cook=Confirmed i: 104 104  51   5/6/2020 p:   75373   99597 e: -24.3 r:  46.9   
US_Illinois_Cook=Confirmed i: 105 105  52          . p:   75373   99597 e: -24.3 r:  48.5   
US_Illinois_Cook=Confirmed i: 106 106  53   5/8/2020 p:   78449   99597 e: -21.2 r:  50.4   
US_Illinois_Cook=Confirmed i: 107 107  54          . p:   81526   99597 e: -18.1 r:  51.9   
US_Illinois_Cook=Confirmed i: 108 108  55  5/10/2020 p:   81526   99597 e: -18.1 r:  52.9   
US_Illinois_Cook=Confirmed i: 109 109  56          . p:   84602   99597 e: -15.1 r:  53.6   
US_Illinois_Cook=Confirmed i: 110 110  57  5/12/2020 p:   84602   99597 e: -15.1 r:  55.7   
US_Illinois_Cook=Confirmed i: 111 111  58          . p:   84602   99597 e: -15.1 r:  56.6   
US_Illinois_Cook=Confirmed i: 112 112  59  5/14/2020 p:   84602   99597 e: -15.1 r:  58.7   
US_Illinois_Cook=Confirmed i: 113   0  60          . p:   90755   99597 e:  -8.9 r:  60.1 OK 1st
US_Illinois_Cook=Confirmed i: 114   1  61  5/16/2020 p:   90755   99597 e:  -8.9 r:  61.5 OK
US_Illinois_Cook=Confirmed i: 115   2  62          . p:   90755   99597 e:  -8.9 r:  62.5 OK
US_Illinois_Cook=Confirmed i: 116   3  63  5/18/2020 p:   90755   99597 e:  -8.9 r:  63.9 OK
US_Illinois_Cook=Confirmed i: 117   4  64          . p:   92326   99597 e:  -7.3 r:  65.0 OK
US_Illinois_Cook=Confirmed i: 118   5  65  5/20/2020 p:   96908   99597 e:  -2.7 r:  66.5 OK
US_Illinois_Cook=Confirmed i: 119   6  66          . p:   93832   99597 e:  -5.8 r:  67.8 OK
US_Illinois_Cook=Confirmed i: 120   7  67  5/22/2020 p:   99985   99597 e:   0.4 r:  69.2 OK
US_Illinois_Cook=Confirmed i: 121   8  68          . p:  103061   99597 e:   3.5 r:  70.7 OK
US_Illinois_Cook=Confirmed i: 122   9  69  5/24/2020 p:   96908   99597 e:  -2.7 r:  72.3 OK
US_Illinois_Cook=Confirmed i: 123  10  70          . p:  109214   99597 e:   9.7 r:  73.4 OK
US_Illinois_Cook=Confirmed i: 124  11  71  5/26/2020 p:  124783   99597 e:  25.3 r:  74.1   
US_Illinois_Cook=Confirmed i: 125  12  72          . p:  107277   99597 e:   7.7 r:  74.8 OK
US_Illinois_Cook=Confirmed i: 126  13  73  5/28/2020 p:  105648   99597 e:   6.1 r:  75.6 OK
US_Illinois_Cook=Confirmed i: 127  14  74          . p:  104889   99597 e:   5.3 r:  76.6 OK
US_Illinois_Cook=Confirmed i: 128  15  75  5/30/2020 p:   99985   99597 e:   0.4 r:  77.4 OK
US_Illinois_Cook=Confirmed i: 129  16  76          . p:  103061   99597 e:   3.5 r:  78.2 OK
US_Illinois_Cook=Confirmed i: 130  17  77   6/1/2020 p:  101645   99597 e:   2.1 r:  78.8 OK
US_Illinois_Cook=Confirmed i: 131  18  78          . p:  103061   99597 e:   3.5 r:  80.0 OK
US_Illinois_Cook=Confirmed i: 132  19  79   6/3/2020 p:   99985   99597 e:   0.4 r:  80.5 OK
US_Illinois_Cook=Confirmed i: 133  20  80          . p:   99788   99597 e:   0.2 r:  81.0 OK
US_Illinois_Cook=Confirmed i: 134  21  81   6/5/2020 p:   99354   99597 e:  -0.2 r:  81.7 OK
US_Illinois_Cook=Confirmed i: 135  22  82          . p:   99672   99597 e:   0.1 r:  82.3 OK
US_Illinois_Cook=Confirmed i: 136  23  83   6/7/2020 p:   99985   99597 e:   0.4 r:  82.8 OK
US_Illinois_Cook=Confirmed i: 137  24  84          . p:   99455   99597 e:  -0.1 r:  83.2 OK
US_Illinois_Cook=Confirmed i: 138  25  85   6/9/2020 p:   99520   99597 e:  -0.1 r:  83.6 OK
