
  # Process COVID TAB data
p1= 142 il= 138
p1= 144 il= 137
p1= 144 il= 136
p1= 144 il= 135
p1= 144 il= 134
US_New_York_Dutchess=Deaths nl = 139, n1= 5 s1= 143.6 s2= 20621.6 SD= 0.799999999999636 frac%= 0.557103064066599
US_New_York_Dutchess=Deaths i:  69  69 -16          . p:      18     143 e: -87.5 r:   2.8   
US_New_York_Dutchess=Deaths i:  70  70 -15   4/2/2020 p:      34     143 e: -76.3 r:   3.5   
US_New_York_Dutchess=Deaths i:  71  71 -14          . p:       7     143 e: -95.1 r:   3.5   
US_New_York_Dutchess=Deaths i:  72  72 -13   4/4/2020 p:       7     143 e: -95.1 r:   3.5   
US_New_York_Dutchess=Deaths i:  73  73 -12          . p:      97     143 e: -32.5 r:   5.6   
US_New_York_Dutchess=Deaths i:  74  74 -11   4/6/2020 p:      86     143 e: -40.1 r:   6.3   
US_New_York_Dutchess=Deaths i:  75  75 -10          . p:       7     143 e: -95.1 r:   6.3   
US_New_York_Dutchess=Deaths i:  76  76  -9   4/8/2020 p:      13     143 e: -90.9 r:   7.0   
US_New_York_Dutchess=Deaths i:  77  77  -8          . p:       8     143 e: -94.4 r:   7.0   
US_New_York_Dutchess=Deaths i:  78  78  -7  4/10/2020 p:       9     143 e: -93.7 r:   7.0   
US_New_York_Dutchess=Deaths i:  79  79  -6          . p:      13     143 e: -90.9 r:   7.7   
US_New_York_Dutchess=Deaths i:  80  80  -5  4/12/2020 p:      13     143 e: -90.9 r:   8.4   
US_New_York_Dutchess=Deaths i:  81  81  -4          . p:      18     143 e: -87.5 r:   9.1   
US_New_York_Dutchess=Deaths i:  82  82  -3  4/14/2020 p:      46     143 e: -68.0 r:  11.8   
US_New_York_Dutchess=Deaths i:  83  83  -2          . p:      55     143 e: -61.7 r:  12.5   
US_New_York_Dutchess=Deaths i:  84  84  -1  4/16/2020 p:      23     143 e: -84.0 r:  13.2   
US_New_York_Dutchess=Deaths i:  85  85   0          . p:      18     143 e: -87.5 r:  13.2   
US_New_York_Dutchess=Deaths i:  86  86   1  4/18/2020 p:      97     143 e: -32.5 r:  18.1   
US_New_York_Dutchess=Deaths i:  87   0   2          . p:     138     143 e:  -3.9 r:  19.5 OK 1st
US_New_York_Dutchess=Deaths i:  88   1   3  4/20/2020 p:      28     143 e: -80.5 r:  19.5   
US_New_York_Dutchess=Deaths i:  89   2   4          . p:      28     143 e: -80.5 r:  19.5   
US_New_York_Dutchess=Deaths i:  90   3   5  4/22/2020 p:      28     143 e: -80.5 r:  19.5   
US_New_York_Dutchess=Deaths i:  91   4   6          . p:     133     143 e:  -7.4 r:  24.4 OK
US_New_York_Dutchess=Deaths i:  92   5   7  4/24/2020 p:     128     143 e: -10.9 r:  24.4 OK
US_New_York_Dutchess=Deaths i:  93   6   8          . p:      44     143 e: -69.4 r:  24.4   
US_New_York_Dutchess=Deaths i:  94   7   9  4/26/2020 p:     107     143 e: -25.5 r:  24.4   
US_New_York_Dutchess=Deaths i:  95   8  10          . p:      36     143 e: -74.9 r:  25.1   
US_New_York_Dutchess=Deaths i:  96   9  11  4/28/2020 p:      35     143 e: -75.6 r:  25.1   
US_New_York_Dutchess=Deaths i:  97  10  12          . p:      36     143 e: -74.9 r:  25.1   
US_New_York_Dutchess=Deaths i:  98  11  13  4/30/2020 p:      39     143 e: -72.8 r:  25.8   
US_New_York_Dutchess=Deaths i:  99  12  14          . p:      39     143 e: -72.8 r:  25.8   
US_New_York_Dutchess=Deaths i: 100  13  15   5/2/2020 p:      39     143 e: -72.8 r:  25.8   
US_New_York_Dutchess=Deaths i: 101  14  16          . p:      36     143 e: -74.9 r:  25.8   
US_New_York_Dutchess=Deaths i: 102  15  17   5/4/2020 p:      43     143 e: -70.1 r:  27.9   
US_New_York_Dutchess=Deaths i: 103  16  18          . p:      44     143 e: -69.4 r:  27.9   
US_New_York_Dutchess=Deaths i: 104  17  19   5/6/2020 p:      44     143 e: -69.4 r:  27.9   
US_New_York_Dutchess=Deaths i: 105  18  20          . p:      44     143 e: -69.4 r:  27.9   
US_New_York_Dutchess=Deaths i: 108  21  23  5/10/2020 p:      97     143 e: -32.5 r:  68.2   
US_New_York_Dutchess=Deaths i: 109  22  24          . p:      97     143 e: -32.5 r:  68.2   
US_New_York_Dutchess=Deaths i: 110  23  25  5/12/2020 p:     104     143 e: -27.6 r:  71.7   
US_New_York_Dutchess=Deaths i: 111  24  26          . p:     109     143 e: -24.1 r:  75.2   
US_New_York_Dutchess=Deaths i: 112  25  27  5/14/2020 p:     118     143 e: -17.8 r:  79.4   
US_New_York_Dutchess=Deaths i: 113  26  28          . p:     123     143 e: -14.3 r:  81.5 OK
US_New_York_Dutchess=Deaths i: 114  27  29  5/16/2020 p:     123     143 e: -14.3 r:  83.6 OK
US_New_York_Dutchess=Deaths i: 115  28  30          . p:     123     143 e: -14.3 r:  83.6 OK
US_New_York_Dutchess=Deaths i: 116  29  31  5/18/2020 p:     121     143 e: -15.7 r:  83.6   
US_New_York_Dutchess=Deaths i: 117  30  32          . p:     133     143 e:  -7.4 r:  87.7 OK
US_New_York_Dutchess=Deaths i: 118  31  33  5/20/2020 p:     133     143 e:  -7.4 r:  87.7 OK
US_New_York_Dutchess=Deaths i: 119  32  34          . p:     128     143 e: -10.9 r:  87.7 OK
US_New_York_Dutchess=Deaths i: 120  33  35  5/22/2020 p:     128     143 e: -10.9 r:  87.7 OK
US_New_York_Dutchess=Deaths i: 121  34  36          . p:     144     143 e:   0.3 r:  92.6 OK
US_New_York_Dutchess=Deaths i: 122  35  37  5/24/2020 p:     138     143 e:  -3.9 r:  92.6 OK
US_New_York_Dutchess=Deaths i: 123  36  38          . p:     144     143 e:   0.3 r:  95.4 OK
US_New_York_Dutchess=Deaths i: 124  37  39  5/26/2020 p:     144     143 e:   0.3 r:  95.4 OK
US_New_York_Dutchess=Deaths i: 125  38  40          . p:     144     143 e:   0.3 r:  96.1 OK
US_New_York_Dutchess=Deaths i: 126  39  41  5/28/2020 p:     144     143 e:   0.3 r:  96.1 OK
US_New_York_Dutchess=Deaths i: 127  40  42          . p:     139     143 e:  -3.2 r:  96.8 OK
US_New_York_Dutchess=Deaths i: 128  41  43  5/30/2020 p:     139     143 e:  -3.2 r:  96.8 OK
US_New_York_Dutchess=Deaths i: 129  42  44          . p:     141     143 e:  -1.8 r:  96.8 OK
US_New_York_Dutchess=Deaths i: 130  43  45   6/1/2020 p:     141     143 e:  -1.8 r:  98.9 OK
US_New_York_Dutchess=Deaths i: 131  44  46          . p:     144     143 e:   0.3 r:  98.9 OK
US_New_York_Dutchess=Deaths i: 132  45  47   6/3/2020 p:     144     143 e:   0.3 r:  98.9 OK
US_New_York_Dutchess=Deaths i: 133  46  48          . p:     144     143 e:   0.3 r:  98.9 OK
US_New_York_Dutchess=Deaths i: 134  47  49   6/5/2020 p:     144     143 e:   0.3 r:  98.9 OK
US_New_York_Dutchess=Deaths i: 135  48  50          . p:     144     143 e:   0.3 r:  98.9 OK
US_New_York_Dutchess=Deaths i: 136  49  51   6/7/2020 p:     144     143 e:   0.3 r:  98.9 OK
US_New_York_Dutchess=Deaths i: 137  50  52          . p:     144     143 e:   0.3 r:  98.9 OK
US_New_York_Dutchess=Deaths i: 138  51  53   6/9/2020 p:     142     143 e:  -1.1 r:  98.9 OK
