
  # Process COVID TAB data
p1= 586 il= 138
p1= 573 il= 137
p1= 559 il= 136
p1= 532 il= 135
p1= 519 il= 134
Nigeria=Deaths nl = 139, n1= 5 s1= 553.8 s2= 307318.2 SD= 24.9751876869838 frac%= 4.50978470331957
Nigeria=Deaths i:  72  72 -14   4/4/2020 p:      87     553 e: -84.3 r:   0.7   
Nigeria=Deaths i:  73  73 -13          . p:       6     553 e: -98.9 r:   0.9   
Nigeria=Deaths i:  74  74 -12   4/6/2020 p:       6     553 e: -98.9 r:   0.9   
Nigeria=Deaths i:  75  75 -11          . p:       6     553 e: -98.9 r:   1.1   
Nigeria=Deaths i:  76  76 -10   4/8/2020 p:       6     553 e: -98.9 r:   1.1   
Nigeria=Deaths i:  77  77  -9          . p:       6     553 e: -98.9 r:   1.3   
Nigeria=Deaths i:  78  78  -8  4/10/2020 p:       6     553 e: -98.9 r:   1.3   
Nigeria=Deaths i:  79  79  -7          . p:      60     553 e: -89.2 r:   1.8   
Nigeria=Deaths i:  80  80  -6  4/12/2020 p:      33     553 e: -94.0 r:   1.8   
Nigeria=Deaths i:  81  81  -5          . p:      33     553 e: -94.0 r:   1.8   
Nigeria=Deaths i:  82  82  -4  4/14/2020 p:      20     553 e: -96.4 r:   2.0   
Nigeria=Deaths i:  83  83  -3          . p:      20     553 e: -96.4 r:   2.2   
Nigeria=Deaths i:  84  84  -2  4/16/2020 p:      20     553 e: -96.4 r:   2.3   
Nigeria=Deaths i:  85  85  -1          . p:      60     553 e: -89.2 r:   3.1   
Nigeria=Deaths i:  86  86   0  4/18/2020 p:     101     553 e: -81.8 r:   3.4   
Nigeria=Deaths i:  87  87   1          . p:     330     553 e: -40.4 r:   3.8   
Nigeria=Deaths i:  88  88   2  4/20/2020 p:     168     553 e: -69.7 r:   4.0   
Nigeria=Deaths i:  89  89   3          . p:      20     553 e: -96.4 r:   4.0   
Nigeria=Deaths i:  90  90   4  4/22/2020 p:     249     553 e: -55.0 r:   5.1   
Nigeria=Deaths i:  91  91   5          . p:     370     553 e: -33.2 r:   5.6   
Nigeria=Deaths i:  92  92   6  4/24/2020 p:     707     553 e:  27.7 r:   5.8   
Nigeria=Deaths i:  93  93   7          . p:      47     553 e: -91.5 r:   6.3   
Nigeria=Deaths i:  94  94   8  4/26/2020 p:      87     553 e: -84.3 r:   7.2   
Nigeria=Deaths i:  95  95   9          . p:     128     553 e: -76.9 r:   7.2   
Nigeria=Deaths i:  96  96  10  4/28/2020 p:     128     553 e: -76.9 r:   7.9   
Nigeria=Deaths i:  97  97  11          . p:     249     553 e: -55.0 r:   9.2   
Nigeria=Deaths i:  98  98  12  4/30/2020 p:       0     553 e: -100.0 r:  10.5   
Nigeria=Deaths i:  99  99  13          . p:       0     553 e: -100.0 r:  12.3   
Nigeria=Deaths i: 102 102  16   5/4/2020 p:     101     553 e: -81.8 r:  16.8   
Nigeria=Deaths i: 103 103  17          . p:     114     553 e: -79.4 r:  17.7   
Nigeria=Deaths i: 104 104  18   5/6/2020 p:     114     553 e: -79.4 r:  18.6   
Nigeria=Deaths i: 105 105  19          . p:     114     553 e: -79.4 r:  19.3   
Nigeria=Deaths i: 106 106  20   5/8/2020 p:     155     553 e: -72.0 r:  21.1   
Nigeria=Deaths i: 107 107  21          . p:     195     553 e: -64.8 r:  23.1   
Nigeria=Deaths i: 108 108  22  5/10/2020 p:     316     553 e: -42.9 r:  25.8   
Nigeria=Deaths i: 109 109  23          . p:     316     553 e: -42.9 r:  27.1   
Nigeria=Deaths i: 110 110  24  5/12/2020 p:     209     553 e: -62.3 r:  28.5   
Nigeria=Deaths i: 111 111  25          . p:     182     553 e: -67.1 r:  29.6   
Nigeria=Deaths i: 112 112  26  5/14/2020 p:     182     553 e: -67.1 r:  30.2   
Nigeria=Deaths i: 113 113  27          . p:     182     553 e: -67.1 r:  30.9   
Nigeria=Deaths i: 114 114  28  5/16/2020 p:     182     553 e: -67.1 r:  31.8   
Nigeria=Deaths i: 115 115  29          . p:     249     553 e: -55.0 r:  32.9   
Nigeria=Deaths i: 116 116  30  5/18/2020 p:     262     553 e: -52.7 r:  34.5   
Nigeria=Deaths i: 117 117  31          . p:     249     553 e: -55.0 r:  34.7   
Nigeria=Deaths i: 118 118  32  5/20/2020 p:     262     553 e: -52.7 r:  36.1   
Nigeria=Deaths i: 119 119  33          . p:     276     553 e: -50.2 r:  38.1   
Nigeria=Deaths i: 120 120  34  5/22/2020 p:     316     553 e: -42.9 r:  39.9   
Nigeria=Deaths i: 121 121  35          . p:     316     553 e: -42.9 r:  39.9   
Nigeria=Deaths i: 122 122  36  5/24/2020 p:     316     553 e: -42.9 r:  40.8   
Nigeria=Deaths i: 123 123  37          . p:     316     553 e: -42.9 r:  42.1   
Nigeria=Deaths i: 124 124  38  5/26/2020 p:     343     553 e: -38.1 r:  45.0   
Nigeria=Deaths i: 125 125  39          . p:     357     553 e: -35.5 r:  45.9   
Nigeria=Deaths i: 126 126  40  5/28/2020 p:     357     553 e: -35.5 r:  46.8   
Nigeria=Deaths i: 127 127  41          . p:     357     553 e: -35.5 r:  47.1   
Nigeria=Deaths i: 128 128  42  5/30/2020 p:     384     553 e: -30.7 r:  49.3   
Nigeria=Deaths i: 129 129  43          . p:     397     553 e: -28.3 r:  51.8   
Nigeria=Deaths i: 130 130  44   6/1/2020 p:     438     553 e: -20.9 r:  54.0   
Nigeria=Deaths i: 131   0  45          . p:     478     553 e: -13.7 r:  56.7 OK 1st
Nigeria=Deaths i: 132   1  46   6/3/2020 p:     492     553 e: -11.2 r:  56.9 OK
Nigeria=Deaths i: 133   2  47          . p:     505     553 e:  -8.8 r:  58.3 OK
Nigeria=Deaths i: 134   3  48   6/5/2020 p:     519     553 e:  -6.3 r:  60.1 OK
Nigeria=Deaths i: 135   4  49          . p:     532     553 e:  -3.9 r:  61.8 OK
Nigeria=Deaths i: 136   5  50   6/7/2020 p:     559     553 e:   0.9 r:  63.9 OK
Nigeria=Deaths i: 137   6  51          . p:     573     553 e:   3.5 r:  65.2 OK
Nigeria=Deaths i: 138   7  52   6/9/2020 p:     586     553 e:   5.8 r:  65.9 OK
