
  # Process COVID TAB data
p1= 823 il= 138
p1= 823 il= 137
p1= 798 il= 136
p1= 798 il= 135
p1= 798 il= 134
US_Minnesota_Hennepin=Deaths nl = 139, n1= 5 s1= 808 s2= 653014 SD= 12.2474487139159 frac%= 1.51577335568266
US_Minnesota_Hennepin=Deaths i:  72  72  -4   4/4/2020 p:      16     808 e: -98.0 r:   1.1   
US_Minnesota_Hennepin=Deaths i:  73  73  -3          . p:      38     808 e: -95.3 r:   1.4   
US_Minnesota_Hennepin=Deaths i:  74  74  -2   4/6/2020 p:      63     808 e: -92.2 r:   1.7   
US_Minnesota_Hennepin=Deaths i:  75  75  -1          . p:      38     808 e: -95.3 r:   2.0   
US_Minnesota_Hennepin=Deaths i:  76  76   0   4/8/2020 p:      12     808 e: -98.5 r:   2.2   
US_Minnesota_Hennepin=Deaths i:  77  77   1          . p:     570     808 e: -29.5 r:   3.1   
US_Minnesota_Hennepin=Deaths i:  78  78   2  4/10/2020 p:     544     808 e: -32.7 r:   3.3   
US_Minnesota_Hennepin=Deaths i:  79  79   3          . p:      63     808 e: -92.2 r:   3.7   
US_Minnesota_Hennepin=Deaths i:  80  80   4  4/12/2020 p:      38     808 e: -95.3 r:   4.2   
US_Minnesota_Hennepin=Deaths i:  81  81   5          . p:     280     808 e: -65.3 r:   4.2   
US_Minnesota_Hennepin=Deaths i:  82  82   6  4/14/2020 p:      63     808 e: -92.2 r:   5.0   
US_Minnesota_Hennepin=Deaths i:  83  83   7          . p:     114     808 e: -85.9 r:   5.7   
US_Minnesota_Hennepin=Deaths i:  84  84   8  4/16/2020 p:      88     808 e: -89.1 r:   5.7   
US_Minnesota_Hennepin=Deaths i:  85  85   9          . p:     342     808 e: -57.7 r:   7.5   
US_Minnesota_Hennepin=Deaths i:  86  86  10  4/18/2020 p:     392     808 e: -51.5 r:   8.5   
US_Minnesota_Hennepin=Deaths i:  87  87  11          . p:     595     808 e: -26.4 r:   9.3   
US_Minnesota_Hennepin=Deaths i:  88  88  12  4/20/2020 p:     595     808 e: -26.4 r:   9.9   
US_Minnesota_Hennepin=Deaths i:  89   0  13          . p:     823     808 e:   1.9 r:  11.8 OK 1st
US_Minnesota_Hennepin=Deaths i:  90   1  14  4/22/2020 p:    1355     808 e:  67.7 r:  14.0   
US_Minnesota_Hennepin=Deaths i:  91   2  15          . p:       0     808 e: -100.0 r:  15.2   
US_Minnesota_Hennepin=Deaths i:  92   3  16  4/24/2020 p:     620     808 e: -23.3 r:  17.1   
US_Minnesota_Hennepin=Deaths i:  93   4  17          . p:     316     808 e: -60.9 r:  19.2   
US_Minnesota_Hennepin=Deaths i:  94   5  18  4/26/2020 p:     772     808 e:  -4.5 r:  21.9 OK
US_Minnesota_Hennepin=Deaths i:  95   6  19          . p:     519     808 e: -35.8 r:  23.3   
US_Minnesota_Hennepin=Deaths i:  96   7  20  4/28/2020 p:     316     808 e: -60.9 r:  23.9   
US_Minnesota_Hennepin=Deaths i:  97   8  21          . p:     316     808 e: -60.9 r:  25.9   
US_Minnesota_Hennepin=Deaths i:  98   9  22  4/30/2020 p:     342     808 e: -57.7 r:  27.8   
US_Minnesota_Hennepin=Deaths i:  99  10  23          . p:     418     808 e: -48.3 r:  30.1   
US_Minnesota_Hennepin=Deaths i: 100  11  24   5/2/2020 p:     494     808 e: -38.9 r:  32.1   
US_Minnesota_Hennepin=Deaths i: 101  12  25          . p:     544     808 e: -32.7 r:  34.3   
US_Minnesota_Hennepin=Deaths i: 102  13  26   5/4/2020 p:     519     808 e: -35.8 r:  35.1   
US_Minnesota_Hennepin=Deaths i: 103  14  27          . p:     544     808 e: -32.7 r:  37.5   
US_Minnesota_Hennepin=Deaths i: 104  15  28   5/6/2020 p:     696     808 e: -13.9 r:  40.2 OK
US_Minnesota_Hennepin=Deaths i: 105  16  29          . p:     646     808 e: -20.0 r:  42.3   
US_Minnesota_Hennepin=Deaths i: 106  17  30   5/8/2020 p:     696     808 e: -13.9 r:  44.8 OK
US_Minnesota_Hennepin=Deaths i: 107  18  31          . p:     722     808 e: -10.6 r:  46.3 OK
US_Minnesota_Hennepin=Deaths i: 108  19  32  5/10/2020 p:     731     808 e:  -9.5 r:  48.1 OK
US_Minnesota_Hennepin=Deaths i: 109  20  33          . p:     453     808 e: -43.9 r:  49.3   
US_Minnesota_Hennepin=Deaths i: 110  21  34  5/12/2020 p:     773     808 e:  -4.3 r:  51.0 OK
US_Minnesota_Hennepin=Deaths i: 111  22  35          . p:     745     808 e:  -7.8 r:  52.7 OK
US_Minnesota_Hennepin=Deaths i: 112  23  36  5/14/2020 p:     722     808 e: -10.6 r:  54.6 OK
US_Minnesota_Hennepin=Deaths i: 113  24  37          . p:     683     808 e: -15.5 r:  55.6   
US_Minnesota_Hennepin=Deaths i: 114  25  38  5/16/2020 p:     681     808 e: -15.7 r:  56.2   
US_Minnesota_Hennepin=Deaths i: 115  26  39          . p:     657     808 e: -18.7 r:  57.2   
US_Minnesota_Hennepin=Deaths i: 116  27  40  5/18/2020 p:     634     808 e: -21.5 r:  57.8   
US_Minnesota_Hennepin=Deaths i: 117  28  41          . p:     519     808 e: -35.8 r:  58.9   
US_Minnesota_Hennepin=Deaths i: 118  29  42  5/20/2020 p:     544     808 e: -32.7 r:  60.0   
US_Minnesota_Hennepin=Deaths i: 119  30  43          . p:     595     808 e: -26.4 r:  62.1   
US_Minnesota_Hennepin=Deaths i: 120  31  44  5/22/2020 p:     646     808 e: -20.0 r:  64.1   
US_Minnesota_Hennepin=Deaths i: 121  32  45          . p:     646     808 e: -20.0 r:  64.9   
US_Minnesota_Hennepin=Deaths i: 122  33  46  5/24/2020 p:     671     808 e: -17.0 r:  66.1   
US_Minnesota_Hennepin=Deaths i: 123  34  47          . p:     671     808 e: -17.0 r:  66.7   
US_Minnesota_Hennepin=Deaths i: 124  35  48  5/26/2020 p:     671     808 e: -17.0 r:  67.9   
US_Minnesota_Hennepin=Deaths i: 125  36  49          . p:     696     808 e: -13.9 r:  69.9 OK
US_Minnesota_Hennepin=Deaths i: 126  37  50  5/28/2020 p:     722     808 e: -10.6 r:  71.9 OK
US_Minnesota_Hennepin=Deaths i: 127  38  51          . p:     722     808 e: -10.6 r:  73.4 OK
US_Minnesota_Hennepin=Deaths i: 128  39  52  5/30/2020 p:     747     808 e:  -7.5 r:  75.0 OK
US_Minnesota_Hennepin=Deaths i: 129  40  53          . p:     747     808 e:  -7.5 r:  75.9 OK
US_Minnesota_Hennepin=Deaths i: 130  41  54   6/1/2020 p:     772     808 e:  -4.5 r:  76.2 OK
US_Minnesota_Hennepin=Deaths i: 131  42  55          . p:     772     808 e:  -4.5 r:  77.6 OK
US_Minnesota_Hennepin=Deaths i: 132  43  56   6/3/2020 p:     798     808 e:  -1.2 r:  78.3 OK
US_Minnesota_Hennepin=Deaths i: 133  44  57          . p:     772     808 e:  -4.5 r:  79.3 OK
US_Minnesota_Hennepin=Deaths i: 134  45  58   6/5/2020 p:     798     808 e:  -1.2 r:  81.3 OK
US_Minnesota_Hennepin=Deaths i: 135  46  59          . p:     798     808 e:  -1.2 r:  82.5 OK
US_Minnesota_Hennepin=Deaths i: 136  47  60   6/7/2020 p:     798     808 e:  -1.2 r:  83.7 OK
US_Minnesota_Hennepin=Deaths i: 137  48  61          . p:     823     808 e:   1.9 r:  84.3 OK
US_Minnesota_Hennepin=Deaths i: 138  49  62   6/9/2020 p:     823     808 e:   1.9 r:  84.9 OK
