
  # Process COVID TAB data
p1= 34783 il= 138
p1= 34667 il= 137
p1= 34579 il= 136
p1= 34579 il= 135
p1= 34579 il= 134
US_New_York_Westchester=Confirmed nl = 139, n1= 5 s1= 34637.4 s2= 1199755940.2 SD= 80.3830827976709 frac%= 0.232070198102834
US_New_York_Westchester=Confirmed i:  50  50   3  3/13/2020 p:     628   34637 e: -98.2 r:   0.5   
US_New_York_Westchester=Confirmed i:  51  51   4          . p:     625   34637 e: -98.2 r:   0.5   
US_New_York_Westchester=Confirmed i:  53  53   6          . p:     628   34637 e: -98.2 r:   0.6   
US_New_York_Westchester=Confirmed i:  54  54   7  3/17/2020 p:    1886   34637 e: -94.6 r:   1.1   
US_New_York_Westchester=Confirmed i:  55  55   8          . p:    1886   34637 e: -94.6 r:   1.6   
US_New_York_Westchester=Confirmed i:  56  56   9  3/19/2020 p:    4401   34637 e: -87.3 r:   2.3   
US_New_York_Westchester=Confirmed i:  57  57  10          . p:   10688   34637 e: -69.1 r:   3.1   
US_New_York_Westchester=Confirmed i:  58  58  11  3/21/2020 p:    5658   34637 e: -83.7 r:   4.0   
US_New_York_Westchester=Confirmed i:  59  59  12          . p:   11945   34637 e: -65.5 r:   5.4   
US_New_York_Westchester=Confirmed i:  60  60  13  3/23/2020 p:       0   34637 e: -100.0 r:   8.4   
US_New_York_Westchester=Confirmed i:  63  63  16          . p:   16975   34637 e: -51.0 r:  17.2   
US_New_York_Westchester=Confirmed i:  64  64  17  3/27/2020 p:   20747   34637 e: -40.1 r:  20.7   
US_New_York_Westchester=Confirmed i:  65  65  18          . p:   15717   34637 e: -54.6 r:  22.7   
US_New_York_Westchester=Confirmed i:  66  66  19  3/29/2020 p:   10688   34637 e: -69.1 r:  24.6   
US_New_York_Westchester=Confirmed i:  67  67  20          . p:   11945   34637 e: -65.5 r:  26.9   
US_New_York_Westchester=Confirmed i:  68  68  21  3/31/2020 p:   13203   34637 e: -61.9 r:  28.8   
US_New_York_Westchester=Confirmed i:  69  69  22          . p:   13203   34637 e: -61.9 r:  30.8   
US_New_York_Westchester=Confirmed i:  70  70  23   4/2/2020 p:   14460   34637 e: -58.3 r:  33.4   
US_New_York_Westchester=Confirmed i:  71  71  24          . p:   16975   34637 e: -51.0 r:  35.7   
US_New_York_Westchester=Confirmed i:  72  72  25   4/4/2020 p:   16975   34637 e: -51.0 r:  37.8   
US_New_York_Westchester=Confirmed i:  73  73  26          . p:   18232   34637 e: -47.4 r:  39.6   
US_New_York_Westchester=Confirmed i:  74  74  27   4/6/2020 p:   19435   34637 e: -43.9 r:  41.3   
US_New_York_Westchester=Confirmed i:  75  75  28          . p:   17521   34637 e: -49.4 r:  41.3   
US_New_York_Westchester=Confirmed i:  76  76  29   4/8/2020 p:   19299   34637 e: -44.3 r:  45.9   
US_New_York_Westchester=Confirmed i:  77  77  30          . p:   20747   34637 e: -40.1 r:  49.1   
US_New_York_Westchester=Confirmed i:  78  78  31  4/10/2020 p:   23262   34637 e: -32.8 r:  52.2   
US_New_York_Westchester=Confirmed i:  79  79  32          . p:   24519   34637 e: -29.2 r:  54.1   
US_New_York_Westchester=Confirmed i:  80  80  33  4/12/2020 p:   24519   34637 e: -29.2 r:  55.8   
US_New_York_Westchester=Confirmed i:  81  81  34          . p:   24519   34637 e: -29.2 r:  57.1   
US_New_York_Westchester=Confirmed i:  82  82  35  4/14/2020 p:   24972   34637 e: -27.9 r:  58.3   
US_New_York_Westchester=Confirmed i:  83  83  36          . p:   25506   34637 e: -26.4 r:  60.5   
US_New_York_Westchester=Confirmed i:  84  84  37  4/16/2020 p:   27034   34637 e: -22.0 r:  63.0   
US_New_York_Westchester=Confirmed i:  85  85  38          . p:   27034   34637 e: -22.0 r:  64.9   
US_New_York_Westchester=Confirmed i:  86  86  39  4/18/2020 p:   28292   34637 e: -18.3 r:  66.9   
US_New_York_Westchester=Confirmed i:  87  87  40          . p:   28292   34637 e: -18.3 r:  68.7   
US_New_York_Westchester=Confirmed i:  88   0  41  4/20/2020 p:   29549   34637 e: -14.7 r:  70.2 OK 1st
US_New_York_Westchester=Confirmed i:  89   1  42          . p:   29141   34637 e: -15.9 r:  71.2   
US_New_York_Westchester=Confirmed i:  90   2  43  4/22/2020 p:   29340   34637 e: -15.3 r:  73.0   
US_New_York_Westchester=Confirmed i:  91   3  44          . p:   29943   34637 e: -13.6 r:  74.9 OK
US_New_York_Westchester=Confirmed i:  92   4  45  4/24/2020 p:   30807   34637 e: -11.1 r:  76.9 OK
US_New_York_Westchester=Confirmed i:  93   5  46          . p:   30807   34637 e: -11.1 r:  78.6 OK
US_New_York_Westchester=Confirmed i:  94   6  47  4/26/2020 p:   32064   34637 e:  -7.4 r:  79.9 OK
US_New_York_Westchester=Confirmed i:  95   7  48          . p:   37953   34637 e:   9.6 r:  80.9 OK
US_New_York_Westchester=Confirmed i:  96   8  49  4/28/2020 p:   32112   34637 e:  -7.3 r:  81.5 OK
US_New_York_Westchester=Confirmed i:  97   9  50          . p:   32395   34637 e:  -6.5 r:  82.6 OK
US_New_York_Westchester=Confirmed i:  98  10  51  4/30/2020 p:   32442   34637 e:  -6.3 r:  83.6 OK
US_New_York_Westchester=Confirmed i:  99  11  52          . p:   33255   34637 e:  -4.0 r:  84.4 OK
US_New_York_Westchester=Confirmed i: 100  12  53   5/2/2020 p:   33321   34637 e:  -3.8 r:  85.5 OK
US_New_York_Westchester=Confirmed i: 101  13  54          . p:   33119   34637 e:  -4.4 r:  86.3 OK
US_New_York_Westchester=Confirmed i: 102  14  55   5/4/2020 p:   32983   34637 e:  -4.8 r:  86.9 OK
US_New_York_Westchester=Confirmed i: 103  15  56          . p:   33031   34637 e:  -4.6 r:  87.3 OK
US_New_York_Westchester=Confirmed i: 104  16  57   5/6/2020 p:   33054   34637 e:  -4.6 r:  87.8 OK
US_New_York_Westchester=Confirmed i: 105  17  58          . p:   33321   34637 e:  -3.8 r:  88.7 OK
US_New_York_Westchester=Confirmed i: 106  18  59   5/8/2020 p:   33321   34637 e:  -3.8 r:  89.2 OK
US_New_York_Westchester=Confirmed i: 107  19  60          . p:   33321   34637 e:  -3.8 r:  89.7 OK
US_New_York_Westchester=Confirmed i: 108  20  61  5/10/2020 p:   33321   34637 e:  -3.8 r:  90.3 OK
US_New_York_Westchester=Confirmed i: 109  21  62          . p:   33758   34637 e:  -2.5 r:  90.6 OK
US_New_York_Westchester=Confirmed i: 110  22  63  5/12/2020 p:   33431   34637 e:  -3.5 r:  90.9 OK
US_New_York_Westchester=Confirmed i: 111  23  64          . p:   33438   34637 e:  -3.5 r:  91.3 OK
US_New_York_Westchester=Confirmed i: 112  24  65  5/14/2020 p:   33321   34637 e:  -3.8 r:  91.8 OK
US_New_York_Westchester=Confirmed i: 113  25  66          . p:   33321   34637 e:  -3.8 r:  92.2 OK
US_New_York_Westchester=Confirmed i: 114  26  67  5/16/2020 p:   33321   34637 e:  -3.8 r:  92.7 OK
US_New_York_Westchester=Confirmed i: 115  27  68          . p:   33321   34637 e:  -3.8 r:  93.0 OK
US_New_York_Westchester=Confirmed i: 116  28  69  5/18/2020 p:   33321   34637 e:  -3.8 r:  93.3 OK
US_New_York_Westchester=Confirmed i: 117  29  70          . p:   33766   34637 e:  -2.5 r:  93.5 OK
US_New_York_Westchester=Confirmed i: 118  30  71  5/20/2020 p:   33722   34637 e:  -2.6 r:  93.9 OK
US_New_York_Westchester=Confirmed i: 119  31  72          . p:   33321   34637 e:  -3.8 r:  94.3 OK
US_New_York_Westchester=Confirmed i: 120  32  73  5/22/2020 p:   33321   34637 e:  -3.8 r:  94.6 OK
US_New_York_Westchester=Confirmed i: 121  33  74          . p:   34579   34637 e:  -0.2 r:  94.9 OK
US_New_York_Westchester=Confirmed i: 122  34  75  5/24/2020 p:   34579   34637 e:  -0.2 r:  95.2 OK
US_New_York_Westchester=Confirmed i: 123  35  76          . p:   34011   34637 e:  -1.8 r:  95.4 OK
US_New_York_Westchester=Confirmed i: 124  36  77  5/26/2020 p:   34094   34637 e:  -1.6 r:  95.6 OK
US_New_York_Westchester=Confirmed i: 125  37  78          . p:   34094   34637 e:  -1.6 r:  95.8 OK
US_New_York_Westchester=Confirmed i: 126  38  79  5/28/2020 p:   34579   34637 e:  -0.2 r:  96.1 OK
US_New_York_Westchester=Confirmed i: 127  39  80          . p:   34579   34637 e:  -0.2 r:  96.3 OK
US_New_York_Westchester=Confirmed i: 128  40  81  5/30/2020 p:   34579   34637 e:  -0.2 r:  96.5 OK
US_New_York_Westchester=Confirmed i: 129  41  82          . p:   34403   34637 e:  -0.7 r:  96.7 OK
US_New_York_Westchester=Confirmed i: 130  42  83   6/1/2020 p:   34438   34637 e:  -0.6 r:  96.9 OK
US_New_York_Westchester=Confirmed i: 131  43  84          . p:   34579   34637 e:  -0.2 r:  97.1 OK
US_New_York_Westchester=Confirmed i: 132  44  85   6/3/2020 p:   34579   34637 e:  -0.2 r:  97.3 OK
US_New_York_Westchester=Confirmed i: 133  45  86          . p:   34579   34637 e:  -0.2 r:  97.5 OK
US_New_York_Westchester=Confirmed i: 134  46  87   6/5/2020 p:   34579   34637 e:  -0.2 r:  97.7 OK
US_New_York_Westchester=Confirmed i: 135  47  88          . p:   34579   34637 e:  -0.2 r:  97.9 OK
US_New_York_Westchester=Confirmed i: 136  48  89   6/7/2020 p:   34579   34637 e:  -0.2 r:  98.0 OK
US_New_York_Westchester=Confirmed i: 137  49  90          . p:   34667   34637 e:   0.1 r:  98.2 OK
US_New_York_Westchester=Confirmed i: 138  50  91   6/9/2020 p:   34783   34637 e:   0.4 r:  98.3 OK
