
  # Process COVID TAB data
p1= 13497 il= 138
p1= 13465 il= 137
p1= 13514 il= 136
p1= 13566 il= 135
p1= 13566 il= 134
US_New_York_Rockland=Confirmed nl = 139, n1= 5 s1= 13521.6 s2= 182835228.4 SD= 39.5201214573485 frac%= 0.292274002021569
US_New_York_Rockland=Confirmed i:  53  53  -3          . p:     246   13521 e: -98.2 r:   0.1   
US_New_York_Rockland=Confirmed i:  54  54  -2  3/17/2020 p:     739   13521 e: -94.5 r:   0.2   
US_New_York_Rockland=Confirmed i:  60  60   4  3/23/2020 p:   22446   13521 e:  66.0 r:   4.4   
US_New_York_Rockland=Confirmed i:  61  61   5          . p:     739   13521 e: -94.5 r:   5.0   
US_New_York_Rockland=Confirmed i:  62  62   6  3/25/2020 p:    2219   13521 e: -83.6 r:   7.2   
US_New_York_Rockland=Confirmed i:  63  63   7          . p:    2713   13521 e: -79.9 r:   8.9   
US_New_York_Rockland=Confirmed i:  64  64   8  3/27/2020 p:    2713   13521 e: -79.9 r:  10.8   
US_New_York_Rockland=Confirmed i:  65  65   9          . p:    4193   13521 e: -69.0 r:  14.0   
US_New_York_Rockland=Confirmed i:  66  66  10  3/29/2020 p:    4686   13521 e: -65.3 r:  16.3   
US_New_York_Rockland=Confirmed i:  67  67  11          . p:    5179   13521 e: -61.7 r:  18.6   
US_New_York_Rockland=Confirmed i:  68  68  12  3/31/2020 p:    5179   13521 e: -61.7 r:  21.2   
US_New_York_Rockland=Confirmed i:  69  69  13          . p:    6166   13521 e: -54.4 r:  24.6   
US_New_York_Rockland=Confirmed i:  70  70  14   4/2/2020 p:    7153   13521 e: -47.1 r:  27.7   
US_New_York_Rockland=Confirmed i:  71  71  15          . p:    8139   13521 e: -39.8 r:  31.7   
US_New_York_Rockland=Confirmed i:  72  72  16   4/4/2020 p:    9126   13521 e: -32.5 r:  36.0   
US_New_York_Rockland=Confirmed i:  73  73  17          . p:   10113   13521 e: -25.2 r:  39.4   
US_New_York_Rockland=Confirmed i:  74  74  18   4/6/2020 p:   10432   13521 e: -22.8 r:  42.2   
US_New_York_Rockland=Confirmed i:  75  75  19          . p:   10128   13521 e: -25.1 r:  44.3   
US_New_York_Rockland=Confirmed i:  76  76  20   4/8/2020 p:   10430   13521 e: -22.9 r:  47.4   
US_New_York_Rockland=Confirmed i:  77  77  21          . p:   10658   13521 e: -21.2 r:  49.3   
US_New_York_Rockland=Confirmed i:  78  78  22  4/10/2020 p:    9466   13521 e: -30.0 r:  52.7   
US_New_York_Rockland=Confirmed i:  79  79  23          . p:   10606   13521 e: -21.6 r:  55.3   
US_New_York_Rockland=Confirmed i:  80  80  24  4/12/2020 p:   10797   13521 e: -20.1 r:  57.1   
US_New_York_Rockland=Confirmed i:  81  81  25          . p:   10587   13521 e: -21.7 r:  58.9   
US_New_York_Rockland=Confirmed i:  82  82  26  4/14/2020 p:   10735   13521 e: -20.6 r:  61.6   
US_New_York_Rockland=Confirmed i:  83  83  27          . p:   10596   13521 e: -21.6 r:  62.7   
US_New_York_Rockland=Confirmed i:  84  84  28  4/16/2020 p:   10688   13521 e: -21.0 r:  64.7   
US_New_York_Rockland=Confirmed i:  85  85  29          . p:   10848   13521 e: -19.8 r:  66.5   
US_New_York_Rockland=Confirmed i:  86  86  30  4/18/2020 p:   10954   13521 e: -19.0 r:  67.8   
US_New_York_Rockland=Confirmed i:  87  87  31          . p:   11046   13521 e: -18.3 r:  69.3   
US_New_York_Rockland=Confirmed i:  88  88  32  4/20/2020 p:   10952   13521 e: -19.0 r:  69.9   
US_New_York_Rockland=Confirmed i:  89  89  33          . p:   10915   13521 e: -19.3 r:  70.8   
US_New_York_Rockland=Confirmed i:  90  90  34  4/22/2020 p:   10806   13521 e: -20.1 r:  71.7   
US_New_York_Rockland=Confirmed i:  91  91  35          . p:   10816   13521 e: -20.0 r:  72.7   
US_New_York_Rockland=Confirmed i:  92  92  36  4/24/2020 p:   11099   13521 e: -17.9 r:  74.6   
US_New_York_Rockland=Confirmed i:  96  96  40  4/28/2020 p:   11468   13521 e: -15.2 r:  84.7   
US_New_York_Rockland=Confirmed i:  97   0  41          . p:   11732   13521 e: -13.2 r:  85.7 OK 1st
US_New_York_Rockland=Confirmed i:  98   1  42  4/30/2020 p:   11874   13521 e: -12.2 r:  86.6 OK
US_New_York_Rockland=Confirmed i:  99   2  43          . p:   12086   13521 e: -10.6 r:  87.4 OK
US_New_York_Rockland=Confirmed i: 100   3  44   5/2/2020 p:   12086   13521 e: -10.6 r:  88.3 OK
US_New_York_Rockland=Confirmed i: 101   4  45          . p:   12371   13521 e:  -8.5 r:  88.9 OK
US_New_York_Rockland=Confirmed i: 102   5  46   5/4/2020 p:   13185   13521 e:  -2.5 r:  89.4 OK
US_New_York_Rockland=Confirmed i: 103   6  47          . p:   12327   13521 e:  -8.8 r:  89.8 OK
US_New_York_Rockland=Confirmed i: 104   7  48   5/6/2020 p:   12459   13521 e:  -7.9 r:  90.3 OK
US_New_York_Rockland=Confirmed i: 105   8  49          . p:   12709   13521 e:  -6.0 r:  90.8 OK
US_New_York_Rockland=Confirmed i: 106   9  50   5/8/2020 p:   13073   13521 e:  -3.3 r:  91.3 OK
US_New_York_Rockland=Confirmed i: 107  10  51          . p:   13073   13521 e:  -3.3 r:  91.7 OK
US_New_York_Rockland=Confirmed i: 108  11  52  5/10/2020 p:   12701   13521 e:  -6.1 r:  92.1 OK
US_New_York_Rockland=Confirmed i: 109  12  53          . p:   12717   13521 e:  -6.0 r:  92.3 OK
US_New_York_Rockland=Confirmed i: 110  13  54  5/12/2020 p:   12728   13521 e:  -5.9 r:  92.5 OK
US_New_York_Rockland=Confirmed i: 111  14  55          . p:   12728   13521 e:  -5.9 r:  92.8 OK
US_New_York_Rockland=Confirmed i: 112  15  56  5/14/2020 p:   13073   13521 e:  -3.3 r:  93.2 OK
US_New_York_Rockland=Confirmed i: 113  16  57          . p:   13073   13521 e:  -3.3 r:  93.5 OK
US_New_York_Rockland=Confirmed i: 114  17  58  5/16/2020 p:   13073   13521 e:  -3.3 r:  93.8 OK
US_New_York_Rockland=Confirmed i: 115  18  59          . p:   13073   13521 e:  -3.3 r:  94.4 OK
US_New_York_Rockland=Confirmed i: 116  19  60  5/18/2020 p:   13073   13521 e:  -3.3 r:  94.5 OK
US_New_York_Rockland=Confirmed i: 117  20  61          . p:   13073   13521 e:  -3.3 r:  94.6 OK
US_New_York_Rockland=Confirmed i: 118  21  62  5/20/2020 p:   13073   13521 e:  -3.3 r:  94.9 OK
US_New_York_Rockland=Confirmed i: 119  22  63          . p:   13085   13521 e:  -3.2 r:  95.2 OK
US_New_York_Rockland=Confirmed i: 120  23  64  5/22/2020 p:   13073   13521 e:  -3.3 r:  95.4 OK
US_New_York_Rockland=Confirmed i: 121  24  65          . p:   13073   13521 e:  -3.3 r:  95.7 OK
US_New_York_Rockland=Confirmed i: 122  25  66  5/24/2020 p:   13073   13521 e:  -3.3 r:  95.9 OK
US_New_York_Rockland=Confirmed i: 123  26  67          . p:   13566   13521 e:   0.3 r:  96.1 OK
US_New_York_Rockland=Confirmed i: 124  27  68  5/26/2020 p:   13230   13521 e:  -2.2 r:  96.3 OK
US_New_York_Rockland=Confirmed i: 125  28  69          . p:   13247   13521 e:  -2.0 r:  96.5 OK
US_New_York_Rockland=Confirmed i: 126  29  70  5/28/2020 p:   13210   13521 e:  -2.3 r:  96.7 OK
US_New_York_Rockland=Confirmed i: 127  30  71          . p:   13199   13521 e:  -2.4 r:  96.9 OK
US_New_York_Rockland=Confirmed i: 128  31  72  5/30/2020 p:   13566   13521 e:   0.3 r:  97.1 OK
US_New_York_Rockland=Confirmed i: 129  32  73          . p:   13323   13521 e:  -1.5 r:  97.3 OK
US_New_York_Rockland=Confirmed i: 130  33  74   6/1/2020 p:   13566   13521 e:   0.3 r:  97.5 OK
US_New_York_Rockland=Confirmed i: 131  34  75          . p:   13566   13521 e:   0.3 r:  97.8 OK
US_New_York_Rockland=Confirmed i: 132  35  76   6/3/2020 p:   13566   13521 e:   0.3 r:  98.1 OK
US_New_York_Rockland=Confirmed i: 133  36  77          . p:   13566   13521 e:   0.3 r:  98.2 OK
US_New_York_Rockland=Confirmed i: 134  37  78   6/5/2020 p:   13566   13521 e:   0.3 r:  98.3 OK
US_New_York_Rockland=Confirmed i: 135  38  79          . p:   13566   13521 e:   0.3 r:  98.5 OK
US_New_York_Rockland=Confirmed i: 136  39  80   6/7/2020 p:   13514   13521 e:  -0.1 r:  98.5 OK
US_New_York_Rockland=Confirmed i: 137  40  81          . p:   13465   13521 e:  -0.4 r:  98.7 OK
US_New_York_Rockland=Confirmed i: 138  41  82   6/9/2020 p:   13497   13521 e:  -0.2 r:  98.8 OK
