
  # Process COVID TAB data
p1= 6127 il= 138
p1= 6127 il= 137
p1= 6127 il= 136
p1= 6127 il= 135
p1= 6127 il= 134
Netherlands=Deaths nl = 139, n1= 5 s1= 6127 s2= 37540129 SD= 0 frac%= 0
Netherlands=Deaths i:  50  50  -2  3/13/2020 p:     111    6127 e: -98.2 r:   0.2   
Netherlands=Deaths i:  51  51  -1          . p:     111    6127 e: -98.2 r:   0.2   
Netherlands=Deaths i:  52  52   0  3/15/2020 p:    8355    6127 e:  36.4 r:   0.3   
Netherlands=Deaths i:  53  53   1          . p:     334    6127 e: -94.5 r:   0.4   
Netherlands=Deaths i:  56  56   4  3/19/2020 p:    1893    6127 e: -69.1 r:   1.2   
Netherlands=Deaths i:  57  57   5          . p:    1893    6127 e: -69.1 r:   1.7   
Netherlands=Deaths i:  58  58   6  3/21/2020 p:     557    6127 e: -90.9 r:   2.2   
Netherlands=Deaths i:  59  59   7          . p:    1225    6127 e: -80.0 r:   2.9   
Netherlands=Deaths i:  60  60   8  3/23/2020 p:    1002    6127 e: -83.6 r:   3.5   
Netherlands=Deaths i:  61  61   9          . p:    3008    6127 e: -50.9 r:   4.5   
Netherlands=Deaths i:  62  62  10  3/25/2020 p:    4122    6127 e: -32.7 r:   5.8   
Netherlands=Deaths i:  63   0  11          . p:    5904    6127 e:  -3.6 r:   7.1 OK 1st
Netherlands=Deaths i:  64   1  12  3/27/2020 p:   12811    6127 e: 109.1 r:   8.9   
Netherlands=Deaths i:  65   2  13          . p:   12811    6127 e: 109.1 r:  10.4   
Netherlands=Deaths i:  66   3  14  3/29/2020 p:    5236    6127 e: -14.5 r:  12.6 OK
Netherlands=Deaths i:  67   4  15          . p:    2562    6127 e: -58.2 r:  14.1   
Netherlands=Deaths i:  68   5  16  3/31/2020 p:    7018    6127 e:  14.5 r:  17.0 OK
Netherlands=Deaths i:  69   6  17          . p:    6350    6127 e:   3.6 r:  19.1 OK
Netherlands=Deaths i:  70   7  18   4/2/2020 p:    7241    6127 e:  18.2 r:  21.9   
Netherlands=Deaths i:  71   8  19          . p:    5904    6127 e:  -3.6 r:  24.3 OK
Netherlands=Deaths i:  72   9  20   4/4/2020 p:    8936    6127 e:  45.8 r:  26.9   
Netherlands=Deaths i:  73  10  21          . p:    4932    6127 e: -19.5 r:  28.8   
Netherlands=Deaths i:  74  11  22   4/6/2020 p:    2578    6127 e: -57.9 r:  30.5   
Netherlands=Deaths i:  75  12  23          . p:    4641    6127 e: -24.3 r:  34.3   
Netherlands=Deaths i:  76  13  24   4/8/2020 p:    4667    6127 e: -23.8 r:  36.7   
Netherlands=Deaths i:  77  14  25          . p:    4790    6127 e: -21.8 r:  39.1   
Netherlands=Deaths i:  78  15  26  4/10/2020 p:    4712    6127 e: -23.1 r:  41.0   
Netherlands=Deaths i:  79  16  27          . p:    4657    6127 e: -24.0 r:  43.1   
Netherlands=Deaths i:  80  17  28  4/12/2020 p:    4300    6127 e: -29.8 r:  44.7   
Netherlands=Deaths i:  81  18  29          . p:    4007    6127 e: -34.6 r:  46.1   
Netherlands=Deaths i:  82  19  30  4/14/2020 p:    3985    6127 e: -35.0 r:  48.1   
Netherlands=Deaths i:  83  20  31          . p:    4567    6127 e: -25.5 r:  51.2   
Netherlands=Deaths i:  84  21  32  4/16/2020 p:    4790    6127 e: -21.8 r:  54.1   
Netherlands=Deaths i:  85  22  33          . p:    5013    6127 e: -18.2 r:  56.5   
Netherlands=Deaths i:  86  23  34  4/18/2020 p:    5236    6127 e: -14.5 r:  58.8 OK
Netherlands=Deaths i:  87  24  35          . p:    5458    6127 e: -10.9 r:  60.1 OK
Netherlands=Deaths i:  88  25  36  4/20/2020 p:    5260    6127 e: -14.2 r:  61.2 OK
Netherlands=Deaths i:  89  26  37          . p:    5302    6127 e: -13.5 r:  63.9 OK
Netherlands=Deaths i:  90  27  38  4/22/2020 p:    5400    6127 e: -11.9 r:  66.2 OK
Netherlands=Deaths i:  91  28  39          . p:    5458    6127 e: -10.9 r:  68.2 OK
Netherlands=Deaths i:  92  29  40  4/24/2020 p:    5681    6127 e:  -7.3 r:  70.0 OK
Netherlands=Deaths i:  93  30  41          . p:    5681    6127 e:  -7.3 r:  72.0 OK
Netherlands=Deaths i:  94  31  42  4/26/2020 p:    5724    6127 e:  -6.6 r:  73.0 OK
Netherlands=Deaths i:  95  32  43          . p:    5728    6127 e:  -6.5 r:  73.7 OK
Netherlands=Deaths i:  96  33  44  4/28/2020 p:    5732    6127 e:  -6.4 r:  74.5 OK
Netherlands=Deaths i:  97  34  45          . p:    5740    6127 e:  -6.3 r:  76.9 OK
Netherlands=Deaths i:  98  35  46  4/30/2020 p:    5778    6127 e:  -5.7 r:  78.3 OK
Netherlands=Deaths i:  99  36  47          . p:    5904    6127 e:  -3.6 r:  79.9 OK
Netherlands=Deaths i: 100  37  48   5/2/2020 p:    5904    6127 e:  -3.6 r:  81.4 OK
Netherlands=Deaths i: 101  38  49          . p:    5904    6127 e:  -3.6 r:  82.5 OK
Netherlands=Deaths i: 102  39  50   5/4/2020 p:    5970    6127 e:  -2.6 r:  82.9 OK
Netherlands=Deaths i: 103  40  51          . p:    5970    6127 e:  -2.6 r:  84.3 OK
Netherlands=Deaths i: 104  41  52   5/6/2020 p:    5975    6127 e:  -2.5 r:  84.9 OK
Netherlands=Deaths i: 105  42  53          . p:    6127    6127 e:   0.0 r:  86.3 OK
Netherlands=Deaths i: 106  43  54   5/8/2020 p:    6127    6127 e:   0.0 r:  87.5 OK
Netherlands=Deaths i: 107  44  55          . p:    6127    6127 e:   0.0 r:  88.5 OK
Netherlands=Deaths i: 108  45  56  5/10/2020 p:    6127    6127 e:   0.0 r:  88.8 OK
Netherlands=Deaths i: 109  46  57          . p:    6102    6127 e:  -0.4 r:  89.0 OK
Netherlands=Deaths i: 110  47  58  5/12/2020 p:    6104    6127 e:  -0.4 r:  89.9 OK
Netherlands=Deaths i: 111  48  59          . p:    6127    6127 e:   0.0 r:  90.8 OK
Netherlands=Deaths i: 112  49  60  5/14/2020 p:    6127    6127 e:   0.0 r:  91.2 OK
Netherlands=Deaths i: 113  50  61          . p:    6127    6127 e:   0.0 r:  92.1 OK
Netherlands=Deaths i: 114  51  62  5/16/2020 p:    6127    6127 e:   0.0 r:  92.5 OK
Netherlands=Deaths i: 115  52  63          . p:    6156    6127 e:   0.5 r:  92.7 OK
Netherlands=Deaths i: 116  53  64  5/18/2020 p:    6105    6127 e:  -0.4 r:  92.9 OK
Netherlands=Deaths i: 117  54  65          . p:    6105    6127 e:  -0.4 r:  93.3 OK
Netherlands=Deaths i: 118  55  66  5/20/2020 p:    6127    6127 e:   0.0 r:  93.8 OK
Netherlands=Deaths i: 119  56  67          . p:    6127    6127 e:   0.0 r:  94.3 OK
Netherlands=Deaths i: 120  57  68  5/22/2020 p:    6127    6127 e:   0.0 r:  94.5 OK
Netherlands=Deaths i: 121  58  69          . p:    6127    6127 e:   0.0 r:  94.8 OK
Netherlands=Deaths i: 122  59  70  5/24/2020 p:    6127    6127 e:   0.0 r:  95.0 OK
Netherlands=Deaths i: 123  60  71          . p:    6102    6127 e:  -0.4 r:  95.2 OK
Netherlands=Deaths i: 124  61  72  5/26/2020 p:    6102    6127 e:  -0.4 r:  95.6 OK
Netherlands=Deaths i: 125  62  73          . p:    6104    6127 e:  -0.4 r:  95.8 OK
Netherlands=Deaths i: 126  63  74  5/28/2020 p:    6127    6127 e:   0.0 r:  96.3 OK
Netherlands=Deaths i: 127  64  75          . p:    6127    6127 e:   0.0 r:  96.8 OK
Netherlands=Deaths i: 128  65  76  5/30/2020 p:    6127    6127 e:   0.0 r:  97.1 OK
Netherlands=Deaths i: 129  66  77          . p:    6127    6127 e:   0.0 r:  97.2 OK
Netherlands=Deaths i: 130  67  78   6/1/2020 p:    6127    6127 e:   0.0 r:  97.3 OK
Netherlands=Deaths i: 131  68  79          . p:    6139    6127 e:   0.2 r:  97.4 OK
Netherlands=Deaths i: 132  69  80   6/3/2020 p:    6152    6127 e:   0.4 r:  97.6 OK
Netherlands=Deaths i: 133  70  81          . p:    6127    6127 e:   0.0 r:  97.8 OK
Netherlands=Deaths i: 134  71  82   6/5/2020 p:    6127    6127 e:   0.0 r:  98.0 OK
Netherlands=Deaths i: 135  72  83          . p:    6127    6127 e:   0.0 r:  98.1 OK
Netherlands=Deaths i: 136  73  84   6/7/2020 p:    6127    6127 e:   0.0 r:  98.1 OK
Netherlands=Deaths i: 137  74  85          . p:    6127    6127 e:   0.0 r:  98.2 OK
Netherlands=Deaths i: 138  75  86   6/9/2020 p:    6127    6127 e:   0.0 r:  98.4 OK
