
  # Process COVID TAB data
p1= 19326 il= 138
p1= 18754 il= 137
p1= 17608 il= 136
p1= 17036 il= 135
p1= 16177 il= 134
India=Deaths nl = 139, n1= 5 s1= 17780.2 s2= 317433816.2 SD= 1139.43150737548 frac%= 6.40842908052487
India=Deaths i:  56  56  -8  3/19/2020 p:     143   17780 e: -99.2 r:   0.0   
India=Deaths i:  57  57  -7          . p:     143   17780 e: -99.2 r:   0.0   
India=Deaths i:  58  58  -6  3/21/2020 p:     143   17780 e: -99.2 r:   0.0   
India=Deaths i:  59  59  -5          . p:   11596   17780 e: -34.8 r:   0.0   
India=Deaths i:  61  61  -3          . p:     143   17780 e: -99.2 r:   0.1   
India=Deaths i:  62  62  -2  3/25/2020 p:     143   17780 e: -99.2 r:   0.1   
India=Deaths i:  63  63  -1          . p:    1288   17780 e: -92.8 r:   0.1   
India=Deaths i:  64  64   0  3/27/2020 p:     143   17780 e: -99.2 r:   0.1   
India=Deaths i:  65  65   1          . p:     143   17780 e: -99.2 r:   0.1   
India=Deaths i:  66  66   2  3/29/2020 p:     143   17780 e: -99.2 r:   0.2   
India=Deaths i:  67  67   3          . p:     143   17780 e: -99.2 r:   0.2   
India=Deaths i:  68  68   4  3/31/2020 p:     143   17780 e: -99.2 r:   0.2   
India=Deaths i:  69  69   5          . p:    3865   17780 e: -78.3 r:   0.3   
India=Deaths i:  71  71   7          . p:       0   17780 e: -100.0 r:   0.4   
India=Deaths i:  72  72   8   4/4/2020 p:     143   17780 e: -99.2 r:   0.5   
India=Deaths i:  73  73   9          . p:     143   17780 e: -99.2 r:   0.6   
India=Deaths i:  74  74  10   4/6/2020 p:     715   17780 e: -96.0 r:   0.8   
India=Deaths i:  75  75  11          . p:     715   17780 e: -96.0 r:   0.8   
India=Deaths i:  76  76  12   4/8/2020 p:    1002   17780 e: -94.4 r:   1.0   
India=Deaths i:  77  77  13          . p:    6155   17780 e: -65.4 r:   1.3   
India=Deaths i:  78  78  14  4/10/2020 p:     715   17780 e: -96.0 r:   1.4   
India=Deaths i:  79  79  15          . p:    1002   17780 e: -94.4 r:   1.6   
India=Deaths i:  80  80  16  4/12/2020 p:    1002   17780 e: -94.4 r:   1.9   
India=Deaths i:  81  81  17          . p:     715   17780 e: -96.0 r:   2.0   
India=Deaths i:  82  82  18  4/14/2020 p:     715   17780 e: -96.0 r:   2.2   
India=Deaths i:  83  83  19          . p:     715   17780 e: -96.0 r:   2.3   
India=Deaths i:  84  84  20  4/16/2020 p:     715   17780 e: -96.0 r:   2.5   
India=Deaths i:  85  85  21          . p:     715   17780 e: -96.0 r:   2.7   
India=Deaths i:  86  86  22  4/18/2020 p:    1002   17780 e: -94.4 r:   2.9   
India=Deaths i:  87  87  23          . p:    1002   17780 e: -94.4 r:   3.1   
India=Deaths i:  88  88  24  4/20/2020 p:    1002   17780 e: -94.4 r:   3.3   
India=Deaths i:  89  89  25          . p:    1288   17780 e: -92.8 r:   3.6   
India=Deaths i:  90  90  26  4/22/2020 p:    1288   17780 e: -92.8 r:   3.8   
India=Deaths i:  91  91  27          . p:    1302   17780 e: -92.7 r:   4.1   
India=Deaths i:  92  92  28  4/24/2020 p:    1574   17780 e: -91.1 r:   4.4   
India=Deaths i:  93  93  29          . p:    1574   17780 e: -91.1 r:   4.6   
India=Deaths i:  94  94  30  4/26/2020 p:    1861   17780 e: -89.5 r:   5.0   
India=Deaths i:  95  95  31          . p:    1861   17780 e: -89.5 r:   5.3   
India=Deaths i:  96  96  32  4/28/2020 p:    2147   17780 e: -87.9 r:   5.7   
India=Deaths i:  97  97  33          . p:    2433   17780 e: -86.3 r:   6.1   
India=Deaths i:  98  98  34  4/30/2020 p:    2720   17780 e: -84.7 r:   6.5   
India=Deaths i:  99  99  35          . p:    3006   17780 e: -83.1 r:   6.9   
India=Deaths i: 100 100  36   5/2/2020 p:    3292   17780 e: -81.5 r:   7.4   
India=Deaths i: 101 101  37          . p:    3292   17780 e: -81.5 r:   7.8   
India=Deaths i: 102 102  38   5/4/2020 p:    3865   17780 e: -78.3 r:   8.8   
India=Deaths i: 103 103  39          . p:    4724   17780 e: -73.4 r:   9.5   
India=Deaths i: 104 104  40   5/6/2020 p:    5297   17780 e: -70.2 r:  10.0   
India=Deaths i: 105 105  41          . p:    5869   17780 e: -67.0 r:  10.6   
India=Deaths i: 106 106  42   5/8/2020 p:    6155   17780 e: -65.4 r:  11.2   
India=Deaths i: 107 107  43          . p:    6728   17780 e: -62.2 r:  11.8   
India=Deaths i: 108 108  44  5/10/2020 p:    7014   17780 e: -60.6 r:  12.4   
India=Deaths i: 109 109  45          . p:    7301   17780 e: -58.9 r:  12.9   
India=Deaths i: 110 110  46  5/12/2020 p:    7587   17780 e: -57.3 r:  13.6   
India=Deaths i: 111 111  47          . p:    7873   17780 e: -55.7 r:  14.3   
India=Deaths i: 112 112  48  5/14/2020 p:    8160   17780 e: -54.1 r:  14.9   
India=Deaths i: 113 113  49          . p:    8446   17780 e: -52.5 r:  15.5   
India=Deaths i: 114 114  50  5/16/2020 p:    8446   17780 e: -52.5 r:  16.1   
India=Deaths i: 115 115  51          . p:    8732   17780 e: -50.9 r:  17.0   
India=Deaths i: 116 116  52  5/18/2020 p:    9019   17780 e: -49.3 r:  17.8   
India=Deaths i: 117 117  53          . p:    9305   17780 e: -47.7 r:  18.6   
India=Deaths i: 118 118  54  5/20/2020 p:    9591   17780 e: -46.1 r:  19.3   
India=Deaths i: 119 119  55          . p:    9878   17780 e: -44.4 r:  20.2   
India=Deaths i: 120 120  56  5/22/2020 p:    9878   17780 e: -44.4 r:  21.0   
India=Deaths i: 121 121  57          . p:   10450   17780 e: -41.2 r:  21.8   
India=Deaths i: 122 122  58  5/24/2020 p:   11309   17780 e: -36.4 r:  22.6   
India=Deaths i: 123 123  59          . p:   10737   17780 e: -39.6 r:  23.5   
India=Deaths i: 124 124  60  5/26/2020 p:   11023   17780 e: -38.0 r:  24.4   
India=Deaths i: 125 125  61          . p:   11309   17780 e: -36.4 r:  25.5   
India=Deaths i: 126 126  62  5/28/2020 p:   11596   17780 e: -34.8 r:  26.5   
India=Deaths i: 127 127  63          . p:   12168   17780 e: -31.6 r:  28.0   
India=Deaths i: 128 128  64  5/30/2020 p:   12741   17780 e: -28.3 r:  29.2   
India=Deaths i: 129 129  65          . p:   13027   17780 e: -26.7 r:  30.4   
India=Deaths i: 130 130  66   6/1/2020 p:   13600   17780 e: -23.5 r:  31.5   
India=Deaths i: 131 131  67          . p:   14173   17780 e: -20.3 r:  32.8   
India=Deaths i: 132 132  68   6/3/2020 p:   14745   17780 e: -17.1 r:  34.2   
India=Deaths i: 133   0  69          . p:   15318   17780 e: -13.8 r:  35.8 OK 1st
India=Deaths i: 134   1  70   6/5/2020 p:   16177   17780 e:  -9.0 r:  37.4 OK
India=Deaths i: 135   2  71          . p:   17036   17780 e:  -4.2 r:  39.1 OK
India=Deaths i: 136   3  72   6/7/2020 p:   17608   17780 e:  -1.0 r:  40.5 OK
India=Deaths i: 137   4  73          . p:   18754   17780 e:   5.5 r:  42.0 OK
India=Deaths i: 138   5  74   6/9/2020 p:   19326   17780 e:   8.7 r:  43.6 OK
