
  # Process COVID TAB data
p1= - il= 138
p1= - il= 137
p1= 342128 il= 136
p1= 332943 il= 135
p1= 323759 il= 134
Mexico=Confirmed nl = 139, n1= 5 s1= 199766 s2= 66544499942.8 SD= 163211.657631433 frac%= 81.7014194765039
Mexico=Confirmed i:  46  46  -8   3/9/2020 p:    2296  199766 e: -98.9 r:   0.0   
Mexico=Confirmed i:  47  47  -7          . p:    2296  199766 e: -98.9 r:   0.0   
Mexico=Confirmed i:  48  48  -6  3/11/2020 p:    2296  199766 e: -98.9 r:   0.0   
Mexico=Confirmed i:  49  49  -5          . p:    2296  199766 e: -98.9 r:   0.0   
Mexico=Confirmed i:  50  50  -4  3/13/2020 p:   11480  199766 e: -94.3 r:   0.0   
Mexico=Confirmed i:  53  53  -1          . p:    2296  199766 e: -98.9 r:   0.0   
Mexico=Confirmed i:  54  54   0  3/17/2020 p:    2296  199766 e: -98.9 r:   0.0   
Mexico=Confirmed i:  55  55   1          . p:    2296  199766 e: -98.9 r:   0.1   
Mexico=Confirmed i:  56  56   2  3/19/2020 p:    2296  199766 e: -98.9 r:   0.1   
Mexico=Confirmed i:  57  57   3          . p:    2296  199766 e: -98.9 r:   0.1   
Mexico=Confirmed i:  58  58   4  3/21/2020 p:    2296  199766 e: -98.9 r:   0.1   
Mexico=Confirmed i:  59  59   5          . p:    2296  199766 e: -98.9 r:   0.2   
Mexico=Confirmed i:  60  60   6  3/23/2020 p:    2296  199766 e: -98.9 r:   0.2   
Mexico=Confirmed i:  61  61   7          . p:    2296  199766 e: -98.9 r:   0.2   
Mexico=Confirmed i:  62  62   8  3/25/2020 p:    2296  199766 e: -98.9 r:   0.2   
Mexico=Confirmed i:  63  63   9          . p:    2296  199766 e: -98.9 r:   0.3   
Mexico=Confirmed i:  64  64  10  3/27/2020 p:    6888  199766 e: -96.6 r:   0.4   
Mexico=Confirmed i:  65  65  11          . p:    2296  199766 e: -98.9 r:   0.4   
Mexico=Confirmed i:  66  66  12  3/29/2020 p:    6888  199766 e: -96.6 r:   0.5   
Mexico=Confirmed i:  67  67  13          . p:    6888  199766 e: -96.6 r:   0.5   
Mexico=Confirmed i:  68  68  14  3/31/2020 p:    6888  199766 e: -96.6 r:   0.6   
Mexico=Confirmed i:  69  69  15          . p:    6888  199766 e: -96.6 r:   0.7   
Mexico=Confirmed i:  70  70  16   4/2/2020 p:    6888  199766 e: -96.6 r:   0.8   
Mexico=Confirmed i:  71  71  17          . p:   11480  199766 e: -94.3 r:   0.8   
Mexico=Confirmed i:  72  72  18   4/4/2020 p:   11480  199766 e: -94.3 r:   0.9   
Mexico=Confirmed i:  73  73  19          . p:   11480  199766 e: -94.3 r:   1.1   
Mexico=Confirmed i:  74  74  20   4/6/2020 p:   16073  199766 e: -92.0 r:   1.2   
Mexico=Confirmed i:  75  75  21          . p:   11480  199766 e: -94.3 r:   1.4   
Mexico=Confirmed i:  76  76  22   4/8/2020 p:   11480  199766 e: -94.3 r:   1.6   
Mexico=Confirmed i:  77  77  23          . p:   16073  199766 e: -92.0 r:   1.7   
Mexico=Confirmed i:  78  78  24  4/10/2020 p:   16073  199766 e: -92.0 r:   1.9   
Mexico=Confirmed i:  79  79  25          . p:   20665  199766 e: -89.7 r:   2.1   
Mexico=Confirmed i:  80  80  26  4/12/2020 p:   20665  199766 e: -89.7 r:   2.3   
Mexico=Confirmed i:  81  81  27          . p:   25257  199766 e: -87.4 r:   2.5   
Mexico=Confirmed i:  82  82  28  4/14/2020 p:   25257  199766 e: -87.4 r:   2.7   
Mexico=Confirmed i:  83  83  29          . p:   25681  199766 e: -87.1 r:   2.9   
Mexico=Confirmed i:  84  84  30  4/16/2020 p:   17753  199766 e: -91.1 r:   3.2   
Mexico=Confirmed i:  85  85  31          . p:   29850  199766 e: -85.1 r:   3.4   
Mexico=Confirmed i:  86  86  32  4/18/2020 p:   29850  199766 e: -85.1 r:   3.8   
Mexico=Confirmed i:  87  87  33          . p:   34442  199766 e: -82.8 r:   4.1   
Mexico=Confirmed i:  88  88  34  4/20/2020 p:   34442  199766 e: -82.8 r:   4.4   
Mexico=Confirmed i:  89  89  35          . p:   61996  199766 e: -69.0 r:   4.8   
Mexico=Confirmed i:  90  90  36  4/22/2020 p:   43627  199766 e: -78.2 r:   5.3   
Mexico=Confirmed i:  91  91  37          . p:   48219  199766 e: -75.9 r:   5.8   
Mexico=Confirmed i:  92  92  38  4/24/2020 p:   52811  199766 e: -73.6 r:   6.4   
Mexico=Confirmed i:  93  93  39          . p:   57404  199766 e: -71.3 r:   6.9   
Mexico=Confirmed i:  94  94  40  4/26/2020 p:   61996  199766 e: -69.0 r:   7.3   
Mexico=Confirmed i:  95  95  41          . p:   71181  199766 e: -64.4 r:   7.8   
Mexico=Confirmed i:  96  96  42  4/28/2020 p:   75773  199766 e: -62.1 r:   8.4   
Mexico=Confirmed i:  97  97  43          . p:   34442  199766 e: -82.8 r:   8.9   
Mexico=Confirmed i:  98  98  44  4/30/2020 p:   84958  199766 e: -57.5 r:   9.6   
Mexico=Confirmed i:  99  99  45          . p:   89550  199766 e: -55.2 r:  10.4   
Mexico=Confirmed i: 100 100  46   5/2/2020 p:   94142  199766 e: -52.9 r:  11.1   
Mexico=Confirmed i: 101 101  47          . p:  149250  199766 e: -25.3 r:  11.7   
Mexico=Confirmed i: 102 102  48   5/4/2020 p:  107919  199766 e: -46.0 r:  12.5   
Mexico=Confirmed i: 103 103  49          . p:  112512  199766 e: -43.7 r:  13.0   
Mexico=Confirmed i: 104 104  50   5/6/2020 p:  117104  199766 e: -41.4 r:  13.8   
Mexico=Confirmed i: 105 105  51          . p:  126289  199766 e: -36.8 r:  14.8   
Mexico=Confirmed i: 106 106  52   5/8/2020 p:       0  199766 e: -100.0 r:  15.8   
Mexico=Confirmed i: 107 107  53          . p:  135473  199766 e: -32.2 r:  16.7   
Mexico=Confirmed i: 108 108  54  5/10/2020 p:       0  199766 e: -100.0 r:  17.5   
Mexico=Confirmed i: 109 109  55          . p:  241097  199766 e:  20.7 r:  18.2   
Mexico=Confirmed i: 110 110  56  5/12/2020 p:  150481  199766 e: -24.7 r:  19.2   
Mexico=Confirmed i: 111 111  57          . p:  155099  199766 e: -22.4 r:  20.1   
Mexico=Confirmed i: 112 112  58  5/14/2020 p:  163027  199766 e: -18.4 r:  21.3   
Mexico=Confirmed i: 113 113  59          . p:  167620  199766 e: -16.1 r:  22.5   
Mexico=Confirmed i: 114 114  60  5/16/2020 p:       0  199766 e: -100.0 r:  23.6   
Mexico=Confirmed i: 115 115  61          . p:  291612  199766 e:  46.0 r:  24.6   
Mexico=Confirmed i: 116   0  62  5/18/2020 p:  185989  199766 e:  -6.9 r:  25.8 OK 1st
Mexico=Confirmed i: 117   1  63          . p:  195174  199766 e:  -2.3 r:  27.2 OK
Mexico=Confirmed i: 118   2  64  5/20/2020 p:       0  199766 e: -100.0 r:  28.3   
Mexico=Confirmed i: 119   3  65          . p:       0  199766 e: -100.0 r:  29.8   
Mexico=Confirmed i: 120   4  66  5/22/2020 p:  213543  199766 e:   6.9 r:  31.3 OK
Mexico=Confirmed i: 121   5  67          . p:  222728  199766 e:  11.5 r:  33.0 OK
Mexico=Confirmed i: 122   6  68  5/24/2020 p:  231912  199766 e:  16.1 r:  34.4   
Mexico=Confirmed i: 123   7  69          . p:  236505  199766 e:  18.4 r:  35.6   
Mexico=Confirmed i: 124   8  70  5/26/2020 p:       0  199766 e: -100.0 r:  37.3   
Mexico=Confirmed i: 125   9  71          . p:  254874  199766 e:  27.6 r:  39.1   
Mexico=Confirmed i: 126  10  72  5/28/2020 p:       0  199766 e: -100.0 r:  40.7   
Mexico=Confirmed i: 127  11  73          . p:       0  199766 e: -100.0 r:  42.4   
Mexico=Confirmed i: 128  12  74  5/30/2020 p:       0  199766 e: -100.0 r:  43.8   
Mexico=Confirmed i: 129  13  75          . p:  287020  199766 e:  43.7 r:  45.4   
Mexico=Confirmed i: 130  14  76   6/1/2020 p:       0  199766 e: -100.0 r:  46.8   
Mexico=Confirmed i: 131  15  77          . p:  300797  199766 e:  50.6 r:  48.7   
Mexico=Confirmed i: 132  16  78   6/3/2020 p:  309982  199766 e:  55.2 r:  50.7   
Mexico=Confirmed i: 133  17  79          . p:       0  199766 e: -100.0 r:  52.9   
Mexico=Confirmed i: 134  18  80   6/5/2020 p:  323759  199766 e:  62.1 r:  55.1   
Mexico=Confirmed i: 135  19  81          . p:  332943  199766 e:  66.7 r:  56.9   
Mexico=Confirmed i: 136  20  82   6/7/2020 p:  342128  199766 e:  71.3 r:  58.6   
Mexico=Confirmed i: 137  21  83          . p:       0  199766 e: -100.0 r:  60.1   
Mexico=Confirmed i: 138  22  84   6/9/2020 p:       0  199766 e: -100.0 r:  62.2   
