
  # Process COVID TAB data
p1= 128 il= 138
p1= 128 il= 137
p1= 128 il= 136
p1= 128 il= 135
p1= 128 il= 134
China_non_Hubei=Deaths nl = 139, n1= 5 s1= 128 s2= 16384 SD= 0 frac%= 0
China_non_Hubei=Deaths i:   6   6  -9  1/29/2020 p:      12     128 e: -90.6 r:   6.2   
China_non_Hubei=Deaths i:   7   7  -8          . p:      11     128 e: -91.4 r:   7.0   
China_non_Hubei=Deaths i:   8   8  -7  1/31/2020 p:       9     128 e: -93.0 r:   7.0   
China_non_Hubei=Deaths i:  10  10  -5   2/2/2020 p:      12     128 e: -90.6 r:   8.6   
China_non_Hubei=Deaths i:  11  11  -4          . p:      12     128 e: -90.6 r:   8.6   
China_non_Hubei=Deaths i:  12  12  -3   2/4/2020 p:      12     128 e: -90.6 r:   9.4   
China_non_Hubei=Deaths i:  19  19   4          . p:      76     128 e: -40.6 r:  34.4   
China_non_Hubei=Deaths i:  20  20   5  2/12/2020 p:      62     128 e: -51.6 r:  38.3   
China_non_Hubei=Deaths i:  21   0   6          . p:     128     128 e:   0.0 r:  46.1 OK 1st
China_non_Hubei=Deaths i:  22   1   7  2/14/2020 p:     114     128 e: -10.9 r:  49.2 OK
China_non_Hubei=Deaths i:  23   2   8          . p:     104     128 e: -18.8 r:  52.3   
China_non_Hubei=Deaths i:  24   3   9  2/16/2020 p:      90     128 e: -29.7 r:  54.7   
China_non_Hubei=Deaths i:  25   4  10          . p:      95     128 e: -25.8 r:  58.6   
China_non_Hubei=Deaths i:  26   5  11  2/18/2020 p:     114     128 e: -10.9 r:  64.1 OK
China_non_Hubei=Deaths i:  27   6  12          . p:     118     128 e:  -7.8 r:  68.0 OK
China_non_Hubei=Deaths i:  28   7  13  2/20/2020 p:     132     128 e:   3.1 r:  73.4 OK
China_non_Hubei=Deaths i:  29   8  14          . p:     128     128 e:   0.0 r:  73.4 OK
China_non_Hubei=Deaths i:  30   9  15  2/22/2020 p:     123     128 e:  -3.9 r:  75.8 OK
China_non_Hubei=Deaths i:  31  10  16          . p:     121     128 e:  -5.5 r:  77.3 OK
China_non_Hubei=Deaths i:  32  11  17  2/24/2020 p:     102     128 e: -20.3 r:  78.1   
China_non_Hubei=Deaths i:  33  12  18          . p:     106     128 e: -17.2 r:  79.7   
China_non_Hubei=Deaths i:  34  13  19  2/26/2020 p:     105     128 e: -18.0 r:  79.7   
China_non_Hubei=Deaths i:  35  14  20          . p:     114     128 e: -10.9 r:  82.0 OK
China_non_Hubei=Deaths i:  36  15  21  2/28/2020 p:     114     128 e: -10.9 r:  84.4 OK
China_non_Hubei=Deaths i:  37  16  22          . p:     118     128 e:  -7.8 r:  85.9 OK
China_non_Hubei=Deaths i:  38  17  23   3/1/2020 p:     118     128 e:  -7.8 r:  86.7 OK
China_non_Hubei=Deaths i:  39  18  24          . p:     118     128 e:  -7.8 r:  86.7 OK
China_non_Hubei=Deaths i:  40  19  25   3/3/2020 p:     118     128 e:  -7.8 r:  87.5 OK
China_non_Hubei=Deaths i:  41  20  26          . p:     117     128 e:  -8.6 r:  87.5 OK
China_non_Hubei=Deaths i:  42  21  27   3/5/2020 p:     116     128 e:  -9.4 r:  88.3 OK
China_non_Hubei=Deaths i:  43  22  28          . p:     117     128 e:  -8.6 r:  88.3 OK
China_non_Hubei=Deaths i:  44  23  29   3/7/2020 p:     115     128 e: -10.2 r:  88.3 OK
China_non_Hubei=Deaths i:  45  24  30          . p:     114     128 e: -10.9 r:  89.1 OK
China_non_Hubei=Deaths i:  46  25  31   3/9/2020 p:     118     128 e:  -7.8 r:  89.8 OK
China_non_Hubei=Deaths i:  47  26  32          . p:     118     128 e:  -7.8 r:  89.8 OK
China_non_Hubei=Deaths i:  48  27  33  3/11/2020 p:     118     128 e:  -7.8 r:  89.8 OK
China_non_Hubei=Deaths i:  49  28  34          . p:     118     128 e:  -7.8 r:  90.6 OK
China_non_Hubei=Deaths i:  50  29  35  3/13/2020 p:     118     128 e:  -7.8 r:  92.2 OK
China_non_Hubei=Deaths i:  51  30  36          . p:     118     128 e:  -7.8 r:  92.2 OK
China_non_Hubei=Deaths i:  52  31  37  3/15/2020 p:     118     128 e:  -7.8 r:  92.2 OK
China_non_Hubei=Deaths i:  53  32  38          . p:     118     128 e:  -7.8 r:  92.2 OK
China_non_Hubei=Deaths i:  54  33  39  3/17/2020 p:     118     128 e:  -7.8 r:  93.0 OK
China_non_Hubei=Deaths i:  55  34  40          . p:     118     128 e:  -7.8 r:  93.0 OK
China_non_Hubei=Deaths i:  56  35  41  3/19/2020 p:     118     128 e:  -7.8 r:  93.0 OK
China_non_Hubei=Deaths i:  57  36  42          . p:     123     128 e:  -3.9 r:  93.8 OK
China_non_Hubei=Deaths i:  58  37  43  3/21/2020 p:     123     128 e:  -3.9 r:  93.8 OK
China_non_Hubei=Deaths i:  59  38  44          . p:     123     128 e:  -3.9 r:  94.5 OK
China_non_Hubei=Deaths i:  60  39  45  3/23/2020 p:     123     128 e:  -3.9 r:  94.5 OK
China_non_Hubei=Deaths i:  61  40  46          . p:     123     128 e:  -3.9 r:  94.5 OK
China_non_Hubei=Deaths i:  62  41  47  3/25/2020 p:     123     128 e:  -3.9 r:  95.3 OK
China_non_Hubei=Deaths i:  63  42  48          . p:     123     128 e:  -3.9 r:  95.3 OK
China_non_Hubei=Deaths i:  64  43  49  3/27/2020 p:     123     128 e:  -3.9 r:  95.3 OK
China_non_Hubei=Deaths i:  65  44  50          . p:     124     128 e:  -3.1 r:  95.3 OK
China_non_Hubei=Deaths i:  66  45  51  3/29/2020 p:     125     128 e:  -2.3 r:  95.3 OK
China_non_Hubei=Deaths i:  67  46  52          . p:     123     128 e:  -3.9 r:  95.3 OK
China_non_Hubei=Deaths i:  68  47  53  3/31/2020 p:     124     128 e:  -3.1 r:  95.3 OK
China_non_Hubei=Deaths i:  69  48  54          . p:     123     128 e:  -3.9 r:  96.1 OK
China_non_Hubei=Deaths i:  70  49  55   4/2/2020 p:     123     128 e:  -3.9 r:  96.1 OK
China_non_Hubei=Deaths i:  71  50  56          . p:     125     128 e:  -2.3 r:  96.1 OK
China_non_Hubei=Deaths i:  72  51  57   4/4/2020 p:     124     128 e:  -3.1 r:  96.1 OK
China_non_Hubei=Deaths i:  73  52  58          . p:     124     128 e:  -3.1 r:  96.1 OK
China_non_Hubei=Deaths i:  74  53  59   4/6/2020 p:     124     128 e:  -3.1 r:  96.1 OK
China_non_Hubei=Deaths i:  75  54  60          . p:     124     128 e:  -3.1 r:  96.1 OK
China_non_Hubei=Deaths i:  76  55  61   4/8/2020 p:     123     128 e:  -3.9 r:  96.9 OK
China_non_Hubei=Deaths i:  77  56  62          . p:     123     128 e:  -3.9 r:  96.9 OK
China_non_Hubei=Deaths i:  78  57  63  4/10/2020 p:     123     128 e:  -3.9 r:  96.9 OK
China_non_Hubei=Deaths i:  79  58  64          . p:     123     128 e:  -3.9 r:  96.9 OK
China_non_Hubei=Deaths i:  80  59  65  4/12/2020 p:     123     128 e:  -3.9 r:  96.9 OK
China_non_Hubei=Deaths i:  81  60  66          . p:     123     128 e:  -3.9 r:  96.9 OK
China_non_Hubei=Deaths i:  82  61  67  4/14/2020 p:     126     128 e:  -1.6 r:  96.9 OK
China_non_Hubei=Deaths i:  83  62  68          . p:     126     128 e:  -1.6 r:  96.9 OK
China_non_Hubei=Deaths i:  84  63  69  4/16/2020 p:     124     128 e:  -3.1 r:  96.9 OK
China_non_Hubei=Deaths i:  85  64  70          . p:     124     128 e:  -3.1 r:  96.9 OK
China_non_Hubei=Deaths i:  86  65  71  4/18/2020 p:     126     128 e:  -1.6 r:  96.9 OK
China_non_Hubei=Deaths i:  87  66  72          . p:     124     128 e:  -3.1 r:  96.9 OK
China_non_Hubei=Deaths i:  88  67  73  4/20/2020 p:     124     128 e:  -3.1 r:  96.9 OK
China_non_Hubei=Deaths i:  89  68  74          . p:     124     128 e:  -3.1 r:  96.9 OK
China_non_Hubei=Deaths i:  90  69  75  4/22/2020 p:     124     128 e:  -3.1 r:  96.9 OK
China_non_Hubei=Deaths i:  91  70  76          . p:     123     128 e:  -3.9 r:  96.9 OK
China_non_Hubei=Deaths i:  92  71  77  4/24/2020 p:     123     128 e:  -3.9 r:  96.9 OK
China_non_Hubei=Deaths i:  93  72  78          . p:     123     128 e:  -3.9 r:  96.9 OK
China_non_Hubei=Deaths i:  94  73  79  4/26/2020 p:     128     128 e:   0.0 r:  97.7 OK
China_non_Hubei=Deaths i:  95  74  80          . p:     128     128 e:   0.0 r:  97.7 OK
China_non_Hubei=Deaths i:  96  75  81  4/28/2020 p:     128     128 e:   0.0 r:  97.7 OK
China_non_Hubei=Deaths i:  97  76  82          . p:     128     128 e:   0.0 r:  97.7 OK
China_non_Hubei=Deaths i:  98  77  83  4/30/2020 p:     128     128 e:   0.0 r:  97.7 OK
China_non_Hubei=Deaths i:  99  78  84          . p:     128     128 e:   0.0 r:  97.7 OK
China_non_Hubei=Deaths i: 100  79  85   5/2/2020 p:     127     128 e:  -0.8 r:  97.7 OK
China_non_Hubei=Deaths i: 101  80  86          . p:     127     128 e:  -0.8 r:  97.7 OK
China_non_Hubei=Deaths i: 102  81  87   5/4/2020 p:     127     128 e:  -0.8 r:  97.7 OK
China_non_Hubei=Deaths i: 103  82  88          . p:     127     128 e:  -0.8 r:  97.7 OK
China_non_Hubei=Deaths i: 104  83  89   5/6/2020 p:     122     128 e:  -4.7 r:  97.7 OK
China_non_Hubei=Deaths i: 105  84  90          . p:     122     128 e:  -4.7 r:  97.7 OK
China_non_Hubei=Deaths i: 106  85  91   5/8/2020 p:     122     128 e:  -4.7 r:  97.7 OK
China_non_Hubei=Deaths i: 107  86  92          . p:     122     128 e:  -4.7 r:  97.7 OK
China_non_Hubei=Deaths i: 108  87  93  5/10/2020 p:     122     128 e:  -4.7 r:  97.7 OK
China_non_Hubei=Deaths i: 109  88  94          . p:     124     128 e:  -3.1 r:  97.7 OK
China_non_Hubei=Deaths i: 110  89  95  5/12/2020 p:     124     128 e:  -3.1 r:  97.7 OK
China_non_Hubei=Deaths i: 111  90  96          . p:     124     128 e:  -3.1 r:  97.7 OK
China_non_Hubei=Deaths i: 112  91  97  5/14/2020 p:     124     128 e:  -3.1 r:  97.7 OK
China_non_Hubei=Deaths i: 113  92  98          . p:     124     128 e:  -3.1 r:  97.7 OK
China_non_Hubei=Deaths i: 115  94 100          . p:     141     128 e:  10.2 r:  98.4 OK
China_non_Hubei=Deaths i: 116  95 101  5/18/2020 p:     155     128 e:  21.1 r:  98.4   
China_non_Hubei=Deaths i: 117  96 102          . p:     132     128 e:   3.1 r:  98.4 OK
China_non_Hubei=Deaths i: 118  97 103  5/20/2020 p:     132     128 e:   3.1 r:  98.4 OK
China_non_Hubei=Deaths i: 119  98 104          . p:     128     128 e:   0.0 r:  98.4 OK
China_non_Hubei=Deaths i: 120  99 105  5/22/2020 p:     128     128 e:   0.0 r:  98.4 OK
China_non_Hubei=Deaths i: 121 100 106          . p:     128     128 e:   0.0 r:  98.4 OK
China_non_Hubei=Deaths i: 122 101 107  5/24/2020 p:     128     128 e:   0.0 r:  98.4 OK
China_non_Hubei=Deaths i: 123 102 108          . p:     128     128 e:   0.0 r:  98.4 OK
China_non_Hubei=Deaths i: 124 103 109  5/26/2020 p:     128     128 e:   0.0 r:  98.4 OK
China_non_Hubei=Deaths i: 125 104 110          . p:     128     128 e:   0.0 r:  98.4 OK
China_non_Hubei=Deaths i: 126 105 111  5/28/2020 p:     128     128 e:   0.0 r:  98.4 OK
China_non_Hubei=Deaths i: 127 106 112          . p:     128     128 e:   0.0 r:  98.4 OK
China_non_Hubei=Deaths i: 128 107 113  5/30/2020 p:     128     128 e:   0.0 r:  98.4 OK
China_non_Hubei=Deaths i: 129 108 114          . p:     128     128 e:   0.0 r:  98.4 OK
China_non_Hubei=Deaths i: 130 109 115   6/1/2020 p:     128     128 e:   0.0 r:  98.4 OK
China_non_Hubei=Deaths i: 131 110 116          . p:     128     128 e:   0.0 r:  98.4 OK
China_non_Hubei=Deaths i: 132 111 117   6/3/2020 p:     128     128 e:   0.0 r:  98.4 OK
China_non_Hubei=Deaths i: 133 112 118          . p:     128     128 e:   0.0 r:  98.4 OK
China_non_Hubei=Deaths i: 134 113 119   6/5/2020 p:     128     128 e:   0.0 r:  98.4 OK
China_non_Hubei=Deaths i: 135 114 120          . p:     128     128 e:   0.0 r:  98.4 OK
China_non_Hubei=Deaths i: 136 115 121   6/7/2020 p:     128     128 e:   0.0 r:  98.4 OK
China_non_Hubei=Deaths i: 137 116 122          . p:     128     128 e:   0.0 r:  98.4 OK
China_non_Hubei=Deaths i: 138 117 123   6/9/2020 p:     128     128 e:   0.0 r:  98.4 OK
