
  # Process COVID TAB data
p1= 23468 il= 138
p1= 23468 il= 137
p1= 23468 il= 136
p1= 22672 il= 135
p1= 21877 il= 134
US_Michigan_Wayne=Confirmed nl = 139, n1= 5 s1= 22990.6 s2= 528972757 SD= 636.450029460322 frac%= 2.76830543552723
US_Michigan_Wayne=Confirmed i:  56  56  -1  3/19/2020 p:    1193   22990 e: -94.8 r:   0.2   
US_Michigan_Wayne=Confirmed i:  57  57   0          . p:    4375   22990 e: -81.0 r:   0.3   
US_Michigan_Wayne=Confirmed i:  58  58   1  3/21/2020 p:   16308   22990 e: -29.1 r:   0.4   
US_Michigan_Wayne=Confirmed i:  62  62   5  3/25/2020 p:    1193   22990 e: -94.8 r:   4.9   
US_Michigan_Wayne=Confirmed i:  63  63   6          . p:    1988   22990 e: -91.4 r:   6.0   
US_Michigan_Wayne=Confirmed i:  64  64   7  3/27/2020 p:    2784   22990 e: -87.9 r:   7.9   
US_Michigan_Wayne=Confirmed i:  65  65   8          . p:    4375   22990 e: -81.0 r:  10.1   
US_Michigan_Wayne=Confirmed i:  66  66   9  3/29/2020 p:    4375   22990 e: -81.0 r:  11.8   
US_Michigan_Wayne=Confirmed i:  67  67  10          . p:    5171   22990 e: -77.5 r:  13.9   
US_Michigan_Wayne=Confirmed i:  68  68  11  3/31/2020 p:    6440   22990 e: -72.0 r:  16.2   
US_Michigan_Wayne=Confirmed i:  69  69  12          . p:    8049   22990 e: -65.0 r:  19.4   
US_Michigan_Wayne=Confirmed i:  70  70  13   4/2/2020 p:    9148   22990 e: -60.2 r:  22.0   
US_Michigan_Wayne=Confirmed i:  71  71  14          . p:   11535   22990 e: -49.8 r:  26.5   
US_Michigan_Wayne=Confirmed i:  72  72  15   4/4/2020 p:   13126   22990 e: -42.9 r:  29.4   
US_Michigan_Wayne=Confirmed i:  73  73  16          . p:   36381   22990 e:  58.2 r:  32.7   
US_Michigan_Wayne=Confirmed i:  74  74  17   4/6/2020 p:   32397   22990 e:  40.9 r:  36.0   
US_Michigan_Wayne=Confirmed i:  75  75  18          . p:   30025   22990 e:  30.6 r:  39.3   
US_Michigan_Wayne=Confirmed i:  76  76  19   4/8/2020 p:   17860   22990 e: -22.3 r:  41.9   
US_Michigan_Wayne=Confirmed i:  77  77  20          . p:   16885   22990 e: -26.6 r:  43.9   
US_Michigan_Wayne=Confirmed i:  78  78  21  4/10/2020 p:   16310   22990 e: -29.1 r:  45.8   
US_Michigan_Wayne=Confirmed i:  79  79  22          . p:   15989   22990 e: -30.5 r:  47.6   
US_Michigan_Wayne=Confirmed i:  80  80  23  4/12/2020 p:   15489   22990 e: -32.6 r:  48.6   
US_Michigan_Wayne=Confirmed i:  81  81  24          . p:   13353   22990 e: -41.9 r:  50.7   
US_Michigan_Wayne=Confirmed i:  82  82  25  4/14/2020 p:   14564   22990 e: -36.7 r:  53.1   
US_Michigan_Wayne=Confirmed i:  83  83  26          . p:   15513   22990 e: -32.5 r:  54.6   
US_Michigan_Wayne=Confirmed i:  84  84  27  4/16/2020 p:   15513   22990 e: -32.5 r:  56.1   
US_Michigan_Wayne=Confirmed i:  85  85  28          . p:   15598   22990 e: -32.2 r:  57.6   
US_Michigan_Wayne=Confirmed i:  86  86  29  4/18/2020 p:   15497   22990 e: -32.6 r:  58.6   
US_Michigan_Wayne=Confirmed i:  87  87  30          . p:   15822   22990 e: -31.2 r:  59.6   
US_Michigan_Wayne=Confirmed i:  88  88  31  4/20/2020 p:   15794   22990 e: -31.3 r:  60.5   
US_Michigan_Wayne=Confirmed i:  89  89  32          . p:   15663   22990 e: -31.9 r:  60.5   
US_Michigan_Wayne=Confirmed i:  90  90  33  4/22/2020 p:   15910   22990 e: -30.8 r:  63.3   
US_Michigan_Wayne=Confirmed i:  91  91  34          . p:   16308   22990 e: -29.1 r:  65.2   
US_Michigan_Wayne=Confirmed i:  92  92  35  4/24/2020 p:   17104   22990 e: -25.6 r:  67.0   
US_Michigan_Wayne=Confirmed i:  93  93  36          . p:   17104   22990 e: -25.6 r:  67.8   
US_Michigan_Wayne=Confirmed i:  94  94  37  4/26/2020 p:   17104   22990 e: -25.6 r:  68.5   
US_Michigan_Wayne=Confirmed i:  95  95  38          . p:   17104   22990 e: -25.6 r:  69.0   
US_Michigan_Wayne=Confirmed i:  96  96  39  4/28/2020 p:   17486   22990 e: -23.9 r:  70.3   
US_Michigan_Wayne=Confirmed i:  97  97  40          . p:   17625   22990 e: -23.3 r:  71.7   
US_Michigan_Wayne=Confirmed i:  98  98  41  4/30/2020 p:   17899   22990 e: -22.1 r:  72.8   
US_Michigan_Wayne=Confirmed i:  99  99  42          . p:   18695   22990 e: -18.7 r:  73.8   
US_Michigan_Wayne=Confirmed i: 100 100  43   5/2/2020 p:   18695   22990 e: -18.7 r:  74.4   
US_Michigan_Wayne=Confirmed i: 101 101  44          . p:   18369   22990 e: -20.1 r:  75.2   
US_Michigan_Wayne=Confirmed i: 102 102  45   5/4/2020 p:   18323   22990 e: -20.3 r:  75.3   
US_Michigan_Wayne=Confirmed i: 103 103  46          . p:   18336   22990 e: -20.2 r:  75.6   
US_Michigan_Wayne=Confirmed i: 104 104  47   5/6/2020 p:   18689   22990 e: -18.7 r:  76.4   
US_Michigan_Wayne=Confirmed i: 105 105  48          . p:   18695   22990 e: -18.7 r:  76.8   
US_Michigan_Wayne=Confirmed i: 106 106  49   5/8/2020 p:   18695   22990 e: -18.7 r:  77.5   
US_Michigan_Wayne=Confirmed i: 107 107  50          . p:   19490   22990 e: -15.2 r:  78.1   
US_Michigan_Wayne=Confirmed i: 108 108  51  5/10/2020 p:   19490   22990 e: -15.2 r:  78.6   
US_Michigan_Wayne=Confirmed i: 109 109  52          . p:   19490   22990 e: -15.2 r:  79.1   
US_Michigan_Wayne=Confirmed i: 110 110  53  5/12/2020 p:   19490   22990 e: -15.2 r:  79.5   
US_Michigan_Wayne=Confirmed i: 111   0  54          . p:   19657   22990 e: -14.5 r:  80.0 OK 1st
US_Michigan_Wayne=Confirmed i: 112   1  55  5/14/2020 p:   20286   22990 e: -11.8 r:  81.6 OK
US_Michigan_Wayne=Confirmed i: 113   2  56          . p:   21081   22990 e:  -8.3 r:  82.1 OK
US_Michigan_Wayne=Confirmed i: 114   3  57  5/16/2020 p:   21081   22990 e:  -8.3 r:  82.7 OK
US_Michigan_Wayne=Confirmed i: 115   4  58          . p:   21081   22990 e:  -8.3 r:  82.9 OK
US_Michigan_Wayne=Confirmed i: 116   5  59  5/18/2020 p:   21081   22990 e:  -8.3 r:  83.2 OK
US_Michigan_Wayne=Confirmed i: 117   6  60          . p:   21081   22990 e:  -8.3 r:  83.9 OK
US_Michigan_Wayne=Confirmed i: 118   7  61  5/20/2020 p:   21081   22990 e:  -8.3 r:  84.5 OK
US_Michigan_Wayne=Confirmed i: 119   8  62          . p:   21081   22990 e:  -8.3 r:  85.0 OK
US_Michigan_Wayne=Confirmed i: 120   9  63  5/22/2020 p:   21081   22990 e:  -8.3 r:  85.3 OK
US_Michigan_Wayne=Confirmed i: 121  10  64          . p:   21511   22990 e:  -6.4 r:  85.7 OK
US_Michigan_Wayne=Confirmed i: 122  11  65  5/24/2020 p:   21489   22990 e:  -6.5 r:  86.0 OK
US_Michigan_Wayne=Confirmed i: 123  12  66          . p:   21583   22990 e:  -6.1 r:  86.2 OK
US_Michigan_Wayne=Confirmed i: 124  13  67  5/26/2020 p:   21081   22990 e:  -8.3 r:  86.7 OK
US_Michigan_Wayne=Confirmed i: 125  14  68          . p:   21081   22990 e:  -8.3 r:  87.0 OK
US_Michigan_Wayne=Confirmed i: 126  15  69  5/28/2020 p:   21081   22990 e:  -8.3 r:  87.2 OK
US_Michigan_Wayne=Confirmed i: 127  16  70          . p:   21877   22990 e:  -4.8 r:  88.0 OK
US_Michigan_Wayne=Confirmed i: 128  17  71  5/30/2020 p:   21877   22990 e:  -4.8 r:  88.1 OK
US_Michigan_Wayne=Confirmed i: 129  18  72          . p:   21877   22990 e:  -4.8 r:  88.8 OK
US_Michigan_Wayne=Confirmed i: 130  19  73   6/1/2020 p:   21877   22990 e:  -4.8 r:  88.9 OK
US_Michigan_Wayne=Confirmed i: 131  20  74          . p:   21877   22990 e:  -4.8 r:  89.0 OK
US_Michigan_Wayne=Confirmed i: 132  21  75   6/3/2020 p:   22166   22990 e:  -3.6 r:  89.3 OK
US_Michigan_Wayne=Confirmed i: 133  22  76          . p:   21920   22990 e:  -4.7 r:  89.6 OK
US_Michigan_Wayne=Confirmed i: 134  23  77   6/5/2020 p:   21877   22990 e:  -4.8 r:  91.5 OK
US_Michigan_Wayne=Confirmed i: 135  24  78          . p:   22672   22990 e:  -1.4 r:  92.1 OK
US_Michigan_Wayne=Confirmed i: 136  25  79   6/7/2020 p:   23468   22990 e:   2.1 r:  93.0 OK
US_Michigan_Wayne=Confirmed i: 137  26  80          . p:   23468   22990 e:   2.1 r:  93.3 OK
US_Michigan_Wayne=Confirmed i: 138  27  81   6/9/2020 p:   23468   22990 e:   2.1 r:  93.7 OK
