
  # Process COVID TAB data
p1= 154 il= 138
p1= 154 il= 137
p1= 154 il= 136
p1= 154 il= 135
p1= 154 il= 134
US_Puerto_Rico=Deaths nl = 139, n1= 5 s1= 154 s2= 23716 SD= 0 frac%= 0
US_Puerto_Rico=Deaths i:  65  65  -8          . p:       4     154 e: -97.4 r:   1.9   
US_Puerto_Rico=Deaths i:  66  66  -7  3/29/2020 p:       3     154 e: -98.1 r:   1.9   
US_Puerto_Rico=Deaths i:  70  70  -3   4/2/2020 p:      18     154 e: -88.3 r:   7.8   
US_Puerto_Rico=Deaths i:  71  71  -2          . p:      23     154 e: -85.1 r:   9.7   
US_Puerto_Rico=Deaths i:  72  72  -1   4/4/2020 p:      49     154 e: -68.2 r:  11.7   
US_Puerto_Rico=Deaths i:  73  73   0          . p:      44     154 e: -71.4 r:  13.0   
US_Puerto_Rico=Deaths i:  74  74   1   4/6/2020 p:      28     154 e: -81.8 r:  13.6   
US_Puerto_Rico=Deaths i:  75  75   2          . p:      28     154 e: -81.8 r:  14.9   
US_Puerto_Rico=Deaths i:  76  76   3   4/8/2020 p:      28     154 e: -81.8 r:  15.6   
US_Puerto_Rico=Deaths i:  77  77   4          . p:     102     154 e: -33.8 r:  21.4   
US_Puerto_Rico=Deaths i:  78   0   5  4/10/2020 p:     170     154 e:  10.4 r:  25.3 OK 1st
US_Puerto_Rico=Deaths i:  79   1   6          . p:     186     154 e:  20.8 r:  27.3   
US_Puerto_Rico=Deaths i:  80   2   7  4/12/2020 p:      47     154 e: -69.5 r:  28.6   
US_Puerto_Rico=Deaths i:  81   3   8          . p:      45     154 e: -70.8 r:  29.2   
US_Puerto_Rico=Deaths i:  82   4   9  4/14/2020 p:      44     154 e: -71.4 r:  29.2   
US_Puerto_Rico=Deaths i:  83   5  10          . p:      98     154 e: -36.4 r:  33.1   
US_Puerto_Rico=Deaths i:  84   6  11  4/16/2020 p:      98     154 e: -36.4 r:  36.4   
US_Puerto_Rico=Deaths i:  85   7  12          . p:      76     154 e: -50.6 r:  37.7   
US_Puerto_Rico=Deaths i:  86   8  13  4/18/2020 p:      97     154 e: -37.0 r:  39.0   
US_Puerto_Rico=Deaths i:  87   9  14          . p:      65     154 e: -57.8 r:  40.3   
US_Puerto_Rico=Deaths i:  88  10  15  4/20/2020 p:      64     154 e: -58.4 r:  40.9   
US_Puerto_Rico=Deaths i:  89  11  16          . p:      65     154 e: -57.8 r:  41.6   
US_Puerto_Rico=Deaths i:  90  12  17  4/22/2020 p:      63     154 e: -59.1 r:  40.9   
US_Puerto_Rico=Deaths i:  91  13  18          . p:      79     154 e: -48.7 r:  44.8   
US_Puerto_Rico=Deaths i:  92  14  19  4/24/2020 p:      99     154 e: -35.7 r:  50.0   
US_Puerto_Rico=Deaths i:  93  15  20          . p:     112     154 e: -27.3 r:  53.9   
US_Puerto_Rico=Deaths i:  94  16  21  4/26/2020 p:     118     154 e: -23.4 r:  54.5   
US_Puerto_Rico=Deaths i:  95  17  22          . p:     118     154 e: -23.4 r:  54.5   
US_Puerto_Rico=Deaths i:  96  18  23  4/28/2020 p:     118     154 e: -23.4 r:  55.8   
US_Puerto_Rico=Deaths i:  97  19  24          . p:      86     154 e: -44.2 r:  55.8   
US_Puerto_Rico=Deaths i:  98  20  25  4/30/2020 p:     118     154 e: -23.4 r:  59.7   
US_Puerto_Rico=Deaths i:  99  21  26          . p:     123     154 e: -20.1 r:  61.0   
US_Puerto_Rico=Deaths i: 100  22  27   5/2/2020 p:     123     154 e: -20.1 r:  61.7   
US_Puerto_Rico=Deaths i: 101  23  28          . p:     123     154 e: -20.1 r:  63.0   
US_Puerto_Rico=Deaths i: 102  24  29   5/4/2020 p:     123     154 e: -20.1 r:  63.0   
US_Puerto_Rico=Deaths i: 103  25  30          . p:     121     154 e: -21.4 r:  64.3   
US_Puerto_Rico=Deaths i: 104  26  31   5/6/2020 p:     122     154 e: -20.8 r:  64.3   
US_Puerto_Rico=Deaths i: 105  27  32          . p:     123     154 e: -20.1 r:  66.2   
US_Puerto_Rico=Deaths i: 106  28  33   5/8/2020 p:     123     154 e: -20.1 r:  69.5   
US_Puerto_Rico=Deaths i: 107  29  34          . p:     128     154 e: -16.9 r:  70.1   
US_Puerto_Rico=Deaths i: 108  30  35  5/10/2020 p:     128     154 e: -16.9 r:  72.1   
US_Puerto_Rico=Deaths i: 109  31  36          . p:     138     154 e: -10.4 r:  73.4 OK
US_Puerto_Rico=Deaths i: 110  32  37  5/12/2020 p:     133     154 e: -13.6 r:  74.0 OK
US_Puerto_Rico=Deaths i: 111  33  38          . p:     133     154 e: -13.6 r:  74.7 OK
US_Puerto_Rico=Deaths i: 112  34  39  5/14/2020 p:     144     154 e:  -6.5 r:  76.0 OK
US_Puerto_Rico=Deaths i: 113  35  40          . p:     138     154 e: -10.4 r:  79.2 OK
US_Puerto_Rico=Deaths i: 114  36  41  5/16/2020 p:     138     154 e: -10.4 r:  79.2 OK
US_Puerto_Rico=Deaths i: 115  37  42          . p:     159     154 e:   3.2 r:  79.9 OK
US_Puerto_Rico=Deaths i: 116  38  43  5/18/2020 p:     144     154 e:  -6.5 r:  80.5 OK
US_Puerto_Rico=Deaths i: 117  39  44          . p:     141     154 e:  -8.4 r:  80.5 OK
US_Puerto_Rico=Deaths i: 118  40  45  5/20/2020 p:     141     154 e:  -8.4 r:  81.2 OK
US_Puerto_Rico=Deaths i: 119  41  46          . p:     144     154 e:  -6.5 r:  81.8 OK
US_Puerto_Rico=Deaths i: 120  42  47  5/22/2020 p:     142     154 e:  -7.8 r:  81.8 OK
US_Puerto_Rico=Deaths i: 121  43  48          . p:     146     154 e:  -5.2 r:  82.5 OK
US_Puerto_Rico=Deaths i: 122  44  49  5/24/2020 p:     140     154 e:  -9.1 r:  82.5 OK
US_Puerto_Rico=Deaths i: 123  45  50          . p:     144     154 e:  -6.5 r:  83.8 OK
US_Puerto_Rico=Deaths i: 124  46  51  5/26/2020 p:     144     154 e:  -6.5 r:  83.8 OK
US_Puerto_Rico=Deaths i: 125  47  52          . p:     144     154 e:  -6.5 r:  83.8 OK
US_Puerto_Rico=Deaths i: 126  48  53  5/28/2020 p:     144     154 e:  -6.5 r:  85.1 OK
US_Puerto_Rico=Deaths i: 127  49  54          . p:     144     154 e:  -6.5 r:  85.7 OK
US_Puerto_Rico=Deaths i: 128  50  55  5/30/2020 p:     144     154 e:  -6.5 r:  86.4 OK
US_Puerto_Rico=Deaths i: 129  51  56          . p:     149     154 e:  -3.2 r:  88.3 OK
US_Puerto_Rico=Deaths i: 130  52  57   6/1/2020 p:     149     154 e:  -3.2 r:  88.3 OK
US_Puerto_Rico=Deaths i: 131  53  58          . p:     149     154 e:  -3.2 r:  89.6 OK
US_Puerto_Rico=Deaths i: 132  54  59   6/3/2020 p:     154     154 e:   0.0 r:  90.9 OK
US_Puerto_Rico=Deaths i: 133  55  60          . p:     149     154 e:  -3.2 r:  90.9 OK
US_Puerto_Rico=Deaths i: 134  56  61   6/5/2020 p:     154     154 e:   0.0 r:  91.6 OK
US_Puerto_Rico=Deaths i: 135  57  62          . p:     154     154 e:   0.0 r:  92.2 OK
US_Puerto_Rico=Deaths i: 136  58  63   6/7/2020 p:     154     154 e:   0.0 r:  92.2 OK
US_Puerto_Rico=Deaths i: 137  59  64          . p:     154     154 e:   0.0 r:  92.2 OK
US_Puerto_Rico=Deaths i: 138  60  65   6/9/2020 p:     154     154 e:   0.0 r:  92.2 OK
