
  # Process COVID TAB data
p1= 21256 il= 138
p1= 20321 il= 137
p1= 19854 il= 136
p1= 18453 il= 135
p1= 17986 il= 134
US_Texas_Dallas=Confirmed nl = 139, n1= 5 s1= 19574 s2= 384590259.6 SD= 1203.6542692983 frac%= 6.14925037957648
US_Texas_Dallas=Confirmed i:  54  54  -4  3/17/2020 p:     260   19574 e: -98.7 r:   0.1   
US_Texas_Dallas=Confirmed i:  55  55  -3          . p:     700   19574 e: -96.4 r:   0.2   
US_Texas_Dallas=Confirmed i:  56  56  -2  3/19/2020 p:    5372   19574 e: -72.6 r:   0.3   
US_Texas_Dallas=Confirmed i:  57  57  -1          . p:    3970   19574 e: -79.7 r:   0.4   
US_Texas_Dallas=Confirmed i:  58  58   0  3/21/2020 p:     233   19574 e: -98.8 r:   0.5   
US_Texas_Dallas=Confirmed i:  59  59   1          . p:    3503   19574 e: -82.1 r:   0.7   
US_Texas_Dallas=Confirmed i:  60  60   2  3/23/2020 p:    1035   19574 e: -94.7 r:   0.8   
US_Texas_Dallas=Confirmed i:  61  61   3          . p:     577   19574 e: -97.1 r:   0.9   
US_Texas_Dallas=Confirmed i:  62  62   4  3/25/2020 p:    1793   19574 e: -90.8 r:   1.3   
US_Texas_Dallas=Confirmed i:  63  63   5          . p:    3970   19574 e: -79.7 r:   1.5   
US_Texas_Dallas=Confirmed i:  64  64   6  3/27/2020 p:    4905   19574 e: -74.9 r:   1.9   
US_Texas_Dallas=Confirmed i:  65  65   7          . p:    5372   19574 e: -72.6 r:   2.2   
US_Texas_Dallas=Confirmed i:  66  66   8  3/29/2020 p:    7097   19574 e: -63.7 r:   2.5   
US_Texas_Dallas=Confirmed i:  67  67   9          . p:     823   19574 e: -95.8 r:   2.8   
US_Texas_Dallas=Confirmed i:  68  68  10  3/31/2020 p:    3772   19574 e: -80.7 r:   3.2   
US_Texas_Dallas=Confirmed i:  69  69  11          . p:    3970   19574 e: -79.7 r:   3.7   
US_Texas_Dallas=Confirmed i:  70  70  12   4/2/2020 p:    3970   19574 e: -79.7 r:   4.2   
US_Texas_Dallas=Confirmed i:  71  71  13          . p:    3970   19574 e: -79.7 r:   4.7   
US_Texas_Dallas=Confirmed i:  72  72  14   4/4/2020 p:    4905   19574 e: -74.9 r:   5.6   
US_Texas_Dallas=Confirmed i:  73  73  15          . p:    4905   19574 e: -74.9 r:   5.7   
US_Texas_Dallas=Confirmed i:  74  74  16   4/6/2020 p:    4046   19574 e: -79.3 r:   5.9   
US_Texas_Dallas=Confirmed i:  75  75  17          . p:    3619   19574 e: -81.5 r:   6.4   
US_Texas_Dallas=Confirmed i:  76  76  18   4/8/2020 p:    1586   19574 e: -91.9 r:   6.8   
US_Texas_Dallas=Confirmed i:  77  77  19          . p:    2569   19574 e: -86.9 r:   7.3   
US_Texas_Dallas=Confirmed i:  78  78  20  4/10/2020 p:    2569   19574 e: -86.9 r:   7.9   
US_Texas_Dallas=Confirmed i:  79  79  21          . p:    3036   19574 e: -84.5 r:   8.4   
US_Texas_Dallas=Confirmed i:  80  80  22  4/12/2020 p:    3036   19574 e: -84.5 r:   8.8   
US_Texas_Dallas=Confirmed i:  81  81  23          . p:    3036   19574 e: -84.5 r:   9.1   
US_Texas_Dallas=Confirmed i:  82  82  24  4/14/2020 p:    3221   19574 e: -83.5 r:   9.6   
US_Texas_Dallas=Confirmed i:  83  83  25          . p:    3227   19574 e: -83.5 r:  10.1   
US_Texas_Dallas=Confirmed i:  84  84  26  4/16/2020 p:    3503   19574 e: -82.1 r:  10.6   
US_Texas_Dallas=Confirmed i:  85  85  27          . p:    3503   19574 e: -82.1 r:  11.2   
US_Texas_Dallas=Confirmed i:  86  86  28  4/18/2020 p:    3503   19574 e: -82.1 r:  11.9   
US_Texas_Dallas=Confirmed i:  87  87  29          . p:    3970   19574 e: -79.7 r:  12.4   
US_Texas_Dallas=Confirmed i:  88  88  30  4/20/2020 p:    3970   19574 e: -79.7 r:  12.8   
US_Texas_Dallas=Confirmed i:  89  89  31          . p:    3970   19574 e: -79.7 r:  13.3   
US_Texas_Dallas=Confirmed i:  90  90  32  4/22/2020 p:    3945   19574 e: -79.8 r:  13.7   
US_Texas_Dallas=Confirmed i:  91  91  33          . p:    4010   19574 e: -79.5 r:  14.1   
US_Texas_Dallas=Confirmed i:  92  92  34  4/24/2020 p:    4041   19574 e: -79.4 r:  14.5   
US_Texas_Dallas=Confirmed i:  93  93  35          . p:    4087   19574 e: -79.1 r:  14.9   
US_Texas_Dallas=Confirmed i:  94  94  36  4/26/2020 p:    4438   19574 e: -77.3 r:  15.4   
US_Texas_Dallas=Confirmed i:  95  95  37          . p:    4438   19574 e: -77.3 r:  16.0   
US_Texas_Dallas=Confirmed i:  96  96  38  4/28/2020 p:    4438   19574 e: -77.3 r:  16.6   
US_Texas_Dallas=Confirmed i:  97  97  39          . p:    4438   19574 e: -77.3 r:  16.6   
US_Texas_Dallas=Confirmed i:  98  98  40  4/30/2020 p:    4905   19574 e: -74.9 r:  18.0   
US_Texas_Dallas=Confirmed i:  99  99  41          . p:    4905   19574 e: -74.9 r:  19.0   
US_Texas_Dallas=Confirmed i: 100 100  42   5/2/2020 p:    5372   19574 e: -72.6 r:  19.9   
US_Texas_Dallas=Confirmed i: 101 101  43          . p:    5839   19574 e: -70.2 r:  21.1   
US_Texas_Dallas=Confirmed i: 102 102  44   5/4/2020 p:    6306   19574 e: -67.8 r:  22.3   
US_Texas_Dallas=Confirmed i: 103 103  45          . p:    6306   19574 e: -67.8 r:  23.6   
US_Texas_Dallas=Confirmed i: 104 104  46   5/6/2020 p:    7241   19574 e: -63.0 r:  24.9   
US_Texas_Dallas=Confirmed i: 105 105  47          . p:    7708   19574 e: -60.6 r:  26.2   
US_Texas_Dallas=Confirmed i: 106 106  48   5/8/2020 p:    8175   19574 e: -58.2 r:  27.4   
US_Texas_Dallas=Confirmed i: 107 107  49          . p:    8642   19574 e: -55.8 r:  28.7   
US_Texas_Dallas=Confirmed i: 108 108  50  5/10/2020 p:    9109   19574 e: -53.5 r:  30.0   
US_Texas_Dallas=Confirmed i: 109 109  51          . p:    9576   19574 e: -51.1 r:  31.3   
US_Texas_Dallas=Confirmed i: 110 110  52  5/12/2020 p:   14248   19574 e: -27.2 r:  32.5   
US_Texas_Dallas=Confirmed i: 111 111  53          . p:   13781   19574 e: -29.6 r:  33.7   
US_Texas_Dallas=Confirmed i: 112 112  54  5/14/2020 p:   13781   19574 e: -29.6 r:  34.9   
US_Texas_Dallas=Confirmed i: 113 113  55          . p:   11445   19574 e: -41.5 r:  35.9   
US_Texas_Dallas=Confirmed i: 114 114  56  5/16/2020 p:   12380   19574 e: -36.8 r:  37.0   
US_Texas_Dallas=Confirmed i: 115 115  57          . p:   12380   19574 e: -36.8 r:  38.1   
US_Texas_Dallas=Confirmed i: 116 116  58  5/18/2020 p:   12380   19574 e: -36.8 r:  39.2   
US_Texas_Dallas=Confirmed i: 117 117  59          . p:   12380   19574 e: -36.8 r:  40.4   
US_Texas_Dallas=Confirmed i: 118 118  60  5/20/2020 p:   12380   19574 e: -36.8 r:  41.3   
US_Texas_Dallas=Confirmed i: 119 119  61          . p:   12380   19574 e: -36.8 r:  42.3   
US_Texas_Dallas=Confirmed i: 120 120  62  5/22/2020 p:   12847   19574 e: -34.4 r:  43.3   
US_Texas_Dallas=Confirmed i: 121 121  63          . p:   12847   19574 e: -34.4 r:  44.2   
US_Texas_Dallas=Confirmed i: 122 122  64  5/24/2020 p:   12847   19574 e: -34.4 r:  45.1   
US_Texas_Dallas=Confirmed i: 123 123  65          . p:   12847   19574 e: -34.4 r:  46.0   
US_Texas_Dallas=Confirmed i: 124 124  66  5/26/2020 p:   12847   19574 e: -34.4 r:  46.9   
US_Texas_Dallas=Confirmed i: 125 125  67          . p:   12847   19574 e: -34.4 r:  47.9   
US_Texas_Dallas=Confirmed i: 126 126  68  5/28/2020 p:   13314   19574 e: -32.0 r:  49.0   
US_Texas_Dallas=Confirmed i: 127 127  69          . p:   13781   19574 e: -29.6 r:  50.0   
US_Texas_Dallas=Confirmed i: 128 128  70  5/30/2020 p:   13781   19574 e: -29.6 r:  51.1   
US_Texas_Dallas=Confirmed i: 129 129  71          . p:   14715   19574 e: -24.8 r:  52.3   
US_Texas_Dallas=Confirmed i: 130 130  72   6/1/2020 p:   15183   19574 e: -22.4 r:  53.4   
US_Texas_Dallas=Confirmed i: 131 131  73          . p:   15650   19574 e: -20.0 r:  54.8   
US_Texas_Dallas=Confirmed i: 132 132  74   6/3/2020 p:   16117   19574 e: -17.7 r:  56.0   
US_Texas_Dallas=Confirmed i: 133   0  75          . p:   17051   19574 e: -12.9 r:  57.4 OK 1st
US_Texas_Dallas=Confirmed i: 134   1  76   6/5/2020 p:   17986   19574 e:  -8.1 r:  59.0 OK
US_Texas_Dallas=Confirmed i: 135   2  77          . p:   18453   19574 e:  -5.7 r:  60.4 OK
US_Texas_Dallas=Confirmed i: 136   3  78   6/7/2020 p:   19854   19574 e:   1.4 r:  61.8 OK
US_Texas_Dallas=Confirmed i: 137   4  79          . p:   20321   19574 e:   3.8 r:  63.1 OK
US_Texas_Dallas=Confirmed i: 138   5  80   6/9/2020 p:   21256   19574 e:   8.6 r:  64.6 OK
