
  # Process COVID TAB data
p1= 8864 il= 138
p1= 8839 il= 137
p1= 9477 il= 136
p1= 9591 il= 135
p1= 9591 il= 134
US_New_Jersey_Monmouth=Confirmed nl = 139, n1= 5 s1= 9272.4 s2= 86097301.6 SD= 346.265562827151 frac%= 3.73436826309425
US_New_Jersey_Monmouth=Confirmed i:  53  53  -5          . p:     157    9272 e: -98.3 r:   0.2   
US_New_Jersey_Monmouth=Confirmed i:  56  56  -2  3/19/2020 p:   18711    9272 e: 101.8 r:   0.5   
US_New_Jersey_Monmouth=Confirmed i:  57  57  -1          . p:     157    9272 e: -98.3 r:   0.6   
US_New_Jersey_Monmouth=Confirmed i:  58  58   0  3/21/2020 p:   21541    9272 e: 132.3 r:   1.0   
US_New_Jersey_Monmouth=Confirmed i:  61  61   3          . p:    5503    9272 e: -40.7 r:   3.1   
US_New_Jersey_Monmouth=Confirmed i:  62  62   4  3/25/2020 p:     471    9272 e: -94.9 r:   3.4   
US_New_Jersey_Monmouth=Confirmed i:  63  63   5          . p:    3930    9272 e: -57.6 r:   5.4   
US_New_Jersey_Monmouth=Confirmed i:  64  64   6  3/27/2020 p:    5503    9272 e: -40.7 r:   6.8   
US_New_Jersey_Monmouth=Confirmed i:  65  65   7          . p:    5817    9272 e: -37.3 r:   8.4   
US_New_Jersey_Monmouth=Confirmed i:  66  66   8  3/29/2020 p:    1415    9272 e: -84.7 r:   9.4   
US_New_Jersey_Monmouth=Confirmed i:  67  67   9          . p:    1729    9272 e: -81.4 r:  11.1   
US_New_Jersey_Monmouth=Confirmed i:  68  68  10  3/31/2020 p:    1729    9272 e: -81.4 r:  12.3   
US_New_Jersey_Monmouth=Confirmed i:  69  69  11          . p:    2673    9272 e: -71.2 r:  14.0   
US_New_Jersey_Monmouth=Confirmed i:  70  70  12   4/2/2020 p:    2987    9272 e: -67.8 r:  15.7   
US_New_Jersey_Monmouth=Confirmed i:  71  71  13          . p:    3930    9272 e: -57.6 r:  18.8   
US_New_Jersey_Monmouth=Confirmed i:  72  72  14   4/4/2020 p:    5503    9272 e: -40.7 r:  22.3   
US_New_Jersey_Monmouth=Confirmed i:  73  73  15          . p:    6761    9272 e: -27.1 r:  25.4   
US_New_Jersey_Monmouth=Confirmed i:  74  74  16   4/6/2020 p:    7075    9272 e: -23.7 r:  27.4   
US_New_Jersey_Monmouth=Confirmed i:  75  75  17          . p:    7390    9272 e: -20.3 r:  29.9   
US_New_Jersey_Monmouth=Confirmed i:  76  76  18   4/8/2020 p:    7704    9272 e: -16.9 r:  32.8   
US_New_Jersey_Monmouth=Confirmed i:  77  77  19          . p:    4661    9272 e: -49.7 r:  35.0   
US_New_Jersey_Monmouth=Confirmed i:  78  78  20  4/10/2020 p:    5442    9272 e: -41.3 r:  37.7   
US_New_Jersey_Monmouth=Confirmed i:  79  79  21          . p:    7472    9272 e: -19.4 r:  39.4   
US_New_Jersey_Monmouth=Confirmed i:  80  80  22  4/12/2020 p:    5105    9272 e: -44.9 r:  40.8   
US_New_Jersey_Monmouth=Confirmed i:  81  81  23          . p:    4719    9272 e: -49.1 r:  41.8   
US_New_Jersey_Monmouth=Confirmed i:  82  82  24  4/14/2020 p:    4404    9272 e: -52.5 r:  43.2   
US_New_Jersey_Monmouth=Confirmed i:  83  83  25          . p:    4698    9272 e: -49.3 r:  44.5   
US_New_Jersey_Monmouth=Confirmed i:  84  84  26  4/16/2020 p:    5188    9272 e: -44.0 r:  46.4   
US_New_Jersey_Monmouth=Confirmed i:  85  85  27          . p:    5188    9272 e: -44.0 r:  47.6   
US_New_Jersey_Monmouth=Confirmed i:  86  86  28  4/18/2020 p:    5503    9272 e: -40.7 r:  48.8   
US_New_Jersey_Monmouth=Confirmed i:  87  87  29          . p:    5503    9272 e: -40.7 r:  50.4   
US_New_Jersey_Monmouth=Confirmed i:  88  88  30  4/20/2020 p:    5751    9272 e: -38.0 r:  51.6   
US_New_Jersey_Monmouth=Confirmed i:  89  89  31          . p:    5811    9272 e: -37.3 r:  51.6   
US_New_Jersey_Monmouth=Confirmed i:  90  90  32  4/22/2020 p:    5856    9272 e: -36.8 r:  54.9   
US_New_Jersey_Monmouth=Confirmed i:  91  91  33          . p:    6132    9272 e: -33.9 r:  56.5   
US_New_Jersey_Monmouth=Confirmed i:  92  92  34  4/24/2020 p:    6446    9272 e: -30.5 r:  57.9   
US_New_Jersey_Monmouth=Confirmed i:  93  93  35          . p:    6446    9272 e: -30.5 r:  59.5   
US_New_Jersey_Monmouth=Confirmed i:  94  94  36  4/26/2020 p:    6761    9272 e: -27.1 r:  61.2   
US_New_Jersey_Monmouth=Confirmed i:  95  95  37          . p:    6761    9272 e: -27.1 r:  62.1   
US_New_Jersey_Monmouth=Confirmed i:  96  96  38  4/28/2020 p:    6886    9272 e: -25.7 r:  62.8   
US_New_Jersey_Monmouth=Confirmed i:  97  97  39          . p:    6735    9272 e: -27.4 r:  63.7   
US_New_Jersey_Monmouth=Confirmed i:  98  98  40  4/30/2020 p:    6801    9272 e: -26.7 r:  65.1   
US_New_Jersey_Monmouth=Confirmed i:  99  99  41          . p:    7075    9272 e: -23.7 r:  66.1   
US_New_Jersey_Monmouth=Confirmed i: 100 100  42   5/2/2020 p:    7075    9272 e: -23.7 r:  66.8   
US_New_Jersey_Monmouth=Confirmed i: 101 101  43          . p:    7075    9272 e: -23.7 r:  67.8   
US_New_Jersey_Monmouth=Confirmed i: 102 102  44   5/4/2020 p:    7136    9272 e: -23.0 r:  68.8   
US_New_Jersey_Monmouth=Confirmed i: 103 103  45          . p:    7390    9272 e: -20.3 r:  70.0   
US_New_Jersey_Monmouth=Confirmed i: 104 104  46   5/6/2020 p:    7390    9272 e: -20.3 r:  70.7   
US_New_Jersey_Monmouth=Confirmed i: 105 105  47          . p:    7390    9272 e: -20.3 r:  71.7   
US_New_Jersey_Monmouth=Confirmed i: 106 106  48   5/8/2020 p:    7390    9272 e: -20.3 r:  72.8   
US_New_Jersey_Monmouth=Confirmed i: 107 107  49          . p:    7392    9272 e: -20.3 r:  73.5   
US_New_Jersey_Monmouth=Confirmed i: 108 108  50  5/10/2020 p:    7498    9272 e: -19.1 r:  74.3   
US_New_Jersey_Monmouth=Confirmed i: 109 109  51          . p:    7566    9272 e: -18.4 r:  75.4   
US_New_Jersey_Monmouth=Confirmed i: 110 110  52  5/12/2020 p:    7554    9272 e: -18.5 r:  75.9   
US_New_Jersey_Monmouth=Confirmed i: 111 111  53          . p:    7642    9272 e: -17.6 r:  76.5   
US_New_Jersey_Monmouth=Confirmed i: 112 112  54  5/14/2020 p:    7681    9272 e: -17.2 r:  77.3   
US_New_Jersey_Monmouth=Confirmed i: 113 113  55          . p:    7706    9272 e: -16.9 r:  77.9   
US_New_Jersey_Monmouth=Confirmed i: 114   0  56  5/16/2020 p:    8648    9272 e:  -6.7 r:  78.7 OK 1st
US_New_Jersey_Monmouth=Confirmed i: 115   1  57          . p:    8648    9272 e:  -6.7 r:  79.1 OK
US_New_Jersey_Monmouth=Confirmed i: 116   2  58  5/18/2020 p:    8648    9272 e:  -6.7 r:  79.9 OK
US_New_Jersey_Monmouth=Confirmed i: 117   3  59          . p:    8648    9272 e:  -6.7 r:  80.6 OK
US_New_Jersey_Monmouth=Confirmed i: 118   4  60  5/20/2020 p:    8648    9272 e:  -6.7 r:  81.3 OK
US_New_Jersey_Monmouth=Confirmed i: 119   5  61          . p:    8648    9272 e:  -6.7 r:  82.4 OK
US_New_Jersey_Monmouth=Confirmed i: 120   6  62  5/22/2020 p:    8962    9272 e:  -3.3 r:  83.0 OK
US_New_Jersey_Monmouth=Confirmed i: 121   7  63          . p:    8962    9272 e:  -3.3 r:  83.3 OK
US_New_Jersey_Monmouth=Confirmed i: 122   8  64  5/24/2020 p:    8333    9272 e: -10.1 r:  84.1 OK
US_New_Jersey_Monmouth=Confirmed i: 123   9  65          . p:    8962    9272 e:  -3.3 r:  84.8 OK
US_New_Jersey_Monmouth=Confirmed i: 124  10  66  5/26/2020 p:    8962    9272 e:  -3.3 r:  85.3 OK
US_New_Jersey_Monmouth=Confirmed i: 125  11  67          . p:    9277    9272 e:   0.0 r:  85.9 OK
US_New_Jersey_Monmouth=Confirmed i: 126  12  68  5/28/2020 p:    9146    9272 e:  -1.4 r:  86.4 OK
US_New_Jersey_Monmouth=Confirmed i: 127  13  69          . p:    9277    9272 e:   0.0 r:  87.4 OK
US_New_Jersey_Monmouth=Confirmed i: 128  14  70  5/30/2020 p:    8648    9272 e:  -6.7 r:  88.0 OK
US_New_Jersey_Monmouth=Confirmed i: 129  15  71          . p:    8648    9272 e:  -6.7 r:  88.6 OK
US_New_Jersey_Monmouth=Confirmed i: 130  16  72   6/1/2020 p:    8648    9272 e:  -6.7 r:  89.0 OK
US_New_Jersey_Monmouth=Confirmed i: 131  17  73          . p:    8583    9272 e:  -7.4 r:  89.4 OK
US_New_Jersey_Monmouth=Confirmed i: 132  18  74   6/3/2020 p:    8674    9272 e:  -6.5 r:  89.9 OK
US_New_Jersey_Monmouth=Confirmed i: 133  19  75          . p:    8669    9272 e:  -6.5 r:  90.4 OK
US_New_Jersey_Monmouth=Confirmed i: 134  20  76   6/5/2020 p:    9591    9272 e:   3.4 r:  90.9 OK
US_New_Jersey_Monmouth=Confirmed i: 135  21  77          . p:    9591    9272 e:   3.4 r:  91.2 OK
US_New_Jersey_Monmouth=Confirmed i: 136  22  78   6/7/2020 p:    9477    9272 e:   2.2 r:  91.4 OK
US_New_Jersey_Monmouth=Confirmed i: 137  23  79          . p:    8839    9272 e:  -4.7 r:  91.6 OK
US_New_Jersey_Monmouth=Confirmed i: 138  24  80   6/9/2020 p:    8864    9272 e:  -4.4 r:  91.8 OK
