
  # Process COVID TAB data
p1= 9836 il= 138
p1= 9732 il= 137
p1= 9694 il= 136
p1= 9772 il= 135
p1= 9772 il= 134
Belgium=Deaths nl = 139, n1= 5 s1= 9761.2 s2= 95283264.8 SD= 47.3218765475811 frac%= 0.484795686468683
Belgium=Deaths i:  60  60   5  3/23/2020 p:     177    9761 e: -98.2 r:   0.9   
Belgium=Deaths i:  61  61   6          . p:     177    9761 e: -98.2 r:   1.2   
Belgium=Deaths i:  62  62   7  3/25/2020 p:    1243    9761 e: -87.3 r:   1.8   
Belgium=Deaths i:  63  63   8          . p:    1599    9761 e: -83.6 r:   2.3   
Belgium=Deaths i:  64  64   9  3/27/2020 p:    3020    9761 e: -69.1 r:   3.0   
Belgium=Deaths i:  65  65  10          . p:    3376    9761 e: -65.4 r:   3.6   
Belgium=Deaths i:  66  66  11  3/29/2020 p:    1599    9761 e: -83.6 r:   4.4   
Belgium=Deaths i:  67  67  12          . p:    1954    9761 e: -80.0 r:   5.3   
Belgium=Deaths i:  68  68  13  3/31/2020 p:    7640    9761 e: -21.7 r:   7.2   
Belgium=Deaths i:  69  69  14          . p:   12260    9761 e:  25.6 r:   8.5   
Belgium=Deaths i:  70  70  15   4/2/2020 p:   16169    9761 e:  65.6 r:  10.4   
Belgium=Deaths i:  71  71  16          . p:       0    9761 e: -100.0 r:  11.7   
Belgium=Deaths i:  72  72  17   4/4/2020 p:   11549    9761 e:  18.3 r:  13.1   
Belgium=Deaths i:  73  73  18          . p:    3179    9761 e: -67.4 r:  14.8   
Belgium=Deaths i:  74  74  19   4/6/2020 p:    7558    9761 e: -22.6 r:  16.7   
Belgium=Deaths i:  75  75  20          . p:   13326    9761 e:  36.5 r:  20.8   
Belgium=Deaths i:  76  76  21   4/8/2020 p:   15458    9761 e:  58.4 r:  22.9   
Belgium=Deaths i:  77  77  22          . p:   15103    9761 e:  54.7 r:  25.8   
Belgium=Deaths i:  78  78  23  4/10/2020 p:   21144    9761 e: 116.6 r:  30.9   
Belgium=Deaths i:  79  79  24          . p:   18301    9761 e:  87.5 r:  34.3   
Belgium=Deaths i:  80  80  25  4/12/2020 p:   18657    9761 e:  91.1 r:  36.9   
Belgium=Deaths i:  81  81  26          . p:    6929    9761 e: -29.0 r:  40.0   
Belgium=Deaths i:  82  82  27  4/14/2020 p:   21655    9761 e: 121.8 r:  42.6   
Belgium=Deaths i:  83  83  28          . p:   17191    9761 e:  76.1 r:  45.5   
Belgium=Deaths i:  84  84  29  4/16/2020 p:   17591    9761 e:  80.2 r:  49.8   
Belgium=Deaths i:  85  85  30          . p:   16524    9761 e:  69.3 r:  52.9   
Belgium=Deaths i:  86  86  31  4/18/2020 p:   16169    9761 e:  65.6 r:  55.9   
Belgium=Deaths i:  87   0  32          . p:    8920    9761 e:  -8.6 r:  58.2 OK 1st
Belgium=Deaths i:  88   1  33  4/20/2020 p:    8514    9761 e: -12.8 r:  59.7 OK
Belgium=Deaths i:  89   2  34          . p:   13924    9761 e:  42.6 r:  61.4   
Belgium=Deaths i:  90   3  35  4/22/2020 p:   13145    9761 e:  34.7 r:  64.2   
Belgium=Deaths i:  91   4  36          . p:    8351    9761 e: -14.4 r:  66.5 OK
Belgium=Deaths i:  92   5  37  4/24/2020 p:    8351    9761 e: -14.4 r:  68.4 OK
Belgium=Deaths i:  93   6  38          . p:    8706    9761 e: -10.8 r:  70.9 OK
Belgium=Deaths i:  94   7  39  4/26/2020 p:    9062    9761 e:  -7.2 r:  72.7 OK
Belgium=Deaths i:  95   8  40          . p:    8885    9761 e:  -9.0 r:  73.8 OK
Belgium=Deaths i:  96   9  41  4/28/2020 p:    8867    9761 e:  -9.2 r:  75.1 OK
Belgium=Deaths i:  97  10  42          . p:    8899    9761 e:  -8.8 r:  76.8 OK
Belgium=Deaths i:  98  11  43  4/30/2020 p:    8864    9761 e:  -9.2 r:  77.8 OK
Belgium=Deaths i:  99  12  44          . p:    8878    9761 e:  -9.0 r:  78.9 OK
Belgium=Deaths i: 100  13  45   5/2/2020 p:    8777    9761 e: -10.1 r:  79.5 OK
Belgium=Deaths i: 101  14  46          . p:    8813    9761 e:  -9.7 r:  80.4 OK
Belgium=Deaths i: 102  15  47   5/4/2020 p:    8691    9761 e: -11.0 r:  81.2 OK
Belgium=Deaths i: 103  16  48          . p:    8709    9761 e: -10.8 r:  82.1 OK
Belgium=Deaths i: 104  17  49   5/6/2020 p:    9135    9761 e:  -6.4 r:  85.4 OK
Belgium=Deaths i: 105  18  50          . p:    9235    9761 e:  -5.4 r:  86.2 OK
Belgium=Deaths i: 106  19  51   5/8/2020 p:    9417    9761 e:  -3.5 r:  87.3 OK
Belgium=Deaths i: 107  20  52          . p:    9421    9761 e:  -3.5 r:  87.9 OK
Belgium=Deaths i: 108  21  53  5/10/2020 p:    9421    9761 e:  -3.5 r:  88.7 OK
Belgium=Deaths i: 109  22  54          . p:    9429    9761 e:  -3.4 r:  89.2 OK
Belgium=Deaths i: 110  23  55  5/12/2020 p:    9535    9761 e:  -2.3 r:  89.8 OK
Belgium=Deaths i: 111  24  56          . p:    9772    9761 e:   0.1 r:  90.6 OK
Belgium=Deaths i: 112  25  57  5/14/2020 p:    9772    9761 e:   0.1 r:  91.2 OK
Belgium=Deaths i: 113  26  58          . p:    9772    9761 e:   0.1 r:  91.8 OK
Belgium=Deaths i: 114  27  59  5/16/2020 p:    9644    9761 e:  -1.2 r:  92.3 OK
Belgium=Deaths i: 115  28  60          . p:    9612    9761 e:  -1.5 r:  92.7 OK
Belgium=Deaths i: 116  29  61  5/18/2020 p:    9641    9761 e:  -1.2 r:  93.0 OK
Belgium=Deaths i: 117  30  62          . p:    9641    9761 e:  -1.2 r:  93.3 OK
Belgium=Deaths i: 118  31  63  5/20/2020 p:    9642    9761 e:  -1.2 r:  93.7 OK
Belgium=Deaths i: 119  32  64          . p:    9628    9761 e:  -1.4 r:  94.1 OK
Belgium=Deaths i: 120  33  65  5/22/2020 p:    9772    9761 e:   0.1 r:  94.4 OK
Belgium=Deaths i: 121  34  66          . p:    9635    9761 e:  -1.3 r:  94.6 OK
Belgium=Deaths i: 122  35  67  5/24/2020 p:    9772    9761 e:   0.1 r:  95.1 OK
Belgium=Deaths i: 123  36  68          . p:    9772    9761 e:   0.1 r:  95.4 OK
Belgium=Deaths i: 124  37  69  5/26/2020 p:    9772    9761 e:   0.1 r:  95.6 OK
Belgium=Deaths i: 125  38  70          . p:    9598    9761 e:  -1.7 r:  95.9 OK
Belgium=Deaths i: 126  39  71  5/28/2020 p:    9603    9761 e:  -1.6 r:  96.2 OK
Belgium=Deaths i: 127  40  72          . p:    9772    9761 e:   0.1 r:  96.6 OK
Belgium=Deaths i: 128  41  73  5/30/2020 p:    9772    9761 e:   0.1 r:  96.8 OK
Belgium=Deaths i: 129  42  74          . p:    9694    9761 e:  -0.7 r:  97.0 OK
Belgium=Deaths i: 130  43  75   6/1/2020 p:    9722    9761 e:  -0.4 r:  97.2 OK
Belgium=Deaths i: 131  44  76          . p:    9732    9761 e:  -0.3 r:  97.4 OK
Belgium=Deaths i: 132  45  77   6/3/2020 p:    9727    9761 e:  -0.4 r:  97.5 OK
Belgium=Deaths i: 133  46  78          . p:    9772    9761 e:   0.1 r:  97.8 OK
Belgium=Deaths i: 134  47  79   6/5/2020 p:    9772    9761 e:   0.1 r:  98.0 OK
Belgium=Deaths i: 135  48  80          . p:    9772    9761 e:   0.1 r:  98.1 OK
Belgium=Deaths i: 136  49  81   6/7/2020 p:    9694    9761 e:  -0.7 r:  98.3 OK
Belgium=Deaths i: 137  50  82          . p:    9732    9761 e:  -0.3 r:  98.4 OK
Belgium=Deaths i: 138  51  83   6/9/2020 p:    9836    9761 e:   0.8 r:  98.5 OK
