
  # Process COVID TAB data
p1= 610 il= 138
p1= 608 il= 137
p1= 610 il= 136
p1= 608 il= 135
p1= 610 il= 134
US_Washington_King=Deaths nl = 139, n1= 5 s1= 609.2 s2= 371125.6 SD= 0.979795897064557 frac%= 0.160833207003374
US_Washington_King=Deaths i:  45  45  -1          . p:      21     609 e: -96.6 r:   2.8   
US_Washington_King=Deaths i:  46  46   0   3/9/2020 p:      20     609 e: -96.7 r:   2.8   
US_Washington_King=Deaths i:  47  47   1          . p:      39     609 e: -93.6 r:   3.4   
US_Washington_King=Deaths i:  48  48   2  3/11/2020 p:      38     609 e: -93.8 r:   3.6   
US_Washington_King=Deaths i:  49  49   3          . p:      74     609 e: -87.9 r:   4.4   
US_Washington_King=Deaths i:  50  50   4  3/13/2020 p:     139     609 e: -77.2 r:   5.3   
US_Washington_King=Deaths i:  51  51   5          . p:     182     609 e: -70.1 r:   5.6   
US_Washington_King=Deaths i:  52  52   6  3/15/2020 p:     117     609 e: -80.8 r:   5.7   
US_Washington_King=Deaths i:  53  53   7          . p:     182     609 e: -70.1 r:   7.1   
US_Washington_King=Deaths i:  54  54   8  3/17/2020 p:     246     609 e: -59.6 r:   7.6   
US_Washington_King=Deaths i:  55  55   9          . p:     396     609 e: -35.0 r:   9.2   
US_Washington_King=Deaths i:  56  56  10  3/19/2020 p:     503     609 e: -17.4 r:   9.8   
US_Washington_King=Deaths i:  57  57  11          . p:     117     609 e: -80.8 r:  11.0   
US_Washington_King=Deaths i:  58  58  12  3/21/2020 p:     160     609 e: -73.7 r:  12.1   
US_Washington_King=Deaths i:  59  59  13          . p:      96     609 e: -84.2 r:  12.3   
US_Washington_King=Deaths i:  60  60  14  3/23/2020 p:     182     609 e: -70.1 r:  14.3   
US_Washington_King=Deaths i:  61  61  15          . p:     174     609 e: -71.4 r:  14.3   
US_Washington_King=Deaths i:  62  62  16  3/25/2020 p:     203     609 e: -66.7 r:  16.6   
US_Washington_King=Deaths i:  63  63  17          . p:    1553     609 e: 154.9 r:  17.9   
US_Washington_King=Deaths i:  64  64  18  3/27/2020 p:     246     609 e: -59.6 r:  17.9   
US_Washington_King=Deaths i:  65  65  19          . p:    1210     609 e:  98.6 r:  22.3   
US_Washington_King=Deaths i:  66  66  20  3/29/2020 p:       0     609 e: -100.0 r:  23.1   
US_Washington_King=Deaths i:  67  67  21          . p:     332     609 e: -45.5 r:  23.6   
US_Washington_King=Deaths i:  68  68  22  3/31/2020 p:     160     609 e: -73.7 r:  24.6   
US_Washington_King=Deaths i:  69  69  23          . p:     156     609 e: -74.4 r:  24.6   
US_Washington_King=Deaths i:  70  70  24   4/2/2020 p:     778     609 e:  27.7 r:  28.7   
US_Washington_King=Deaths i:  71  71  25          . p:    1040     609 e:  70.7 r:  30.5   
US_Washington_King=Deaths i:  72  72  26   4/4/2020 p:    1124     609 e:  84.5 r:  32.8   
US_Washington_King=Deaths i:  73  73  27          . p:     889     609 e:  45.9 r:  34.1   
US_Washington_King=Deaths i:  74  74  28   4/6/2020 p:     482     609 e: -20.9 r:  36.4   
US_Washington_King=Deaths i:  75  75  29          . p:     953     609 e:  56.4 r:  37.8   
US_Washington_King=Deaths i:  76  76  30   4/8/2020 p:     974     609 e:  59.9 r:  40.1   
US_Washington_King=Deaths i:  77  77  31          . p:     996     609 e:  63.5 r:  42.4   
US_Washington_King=Deaths i:  78  78  32  4/10/2020 p:    1189     609 e:  95.2 r:  45.5   
US_Washington_King=Deaths i:  79  79  33          . p:    1124     609 e:  84.5 r:  46.6   
US_Washington_King=Deaths i:  80  80  34  4/12/2020 p:    1138     609 e:  86.8 r:  47.9   
US_Washington_King=Deaths i:  81  81  35          . p:    1058     609 e:  73.7 r:  47.9   
US_Washington_King=Deaths i:  82  82  36  4/14/2020 p:     888     609 e:  45.8 r:  48.6   
US_Washington_King=Deaths i:  83  83  37          . p:     315     609 e: -48.3 r:  49.7   
US_Washington_King=Deaths i:  84   0  38  4/16/2020 p:     696     609 e:  14.2 r:  51.2 OK 1st
US_Washington_King=Deaths i:  85   1  39          . p:     674     609 e:  10.6 r:  54.3 OK
US_Washington_King=Deaths i:  86   2  40  4/18/2020 p:     417     609 e: -31.5 r:  54.3   
US_Washington_King=Deaths i:  87   3  41          . p:     460     609 e: -24.5 r:  56.8   
US_Washington_King=Deaths i:  88   4  42  4/20/2020 p:     439     609 e: -27.9 r:  56.8   
US_Washington_King=Deaths i:  89   5  43          . p:     503     609 e: -17.4 r:  59.1   
US_Washington_King=Deaths i:  90   6  44  4/22/2020 p:     503     609 e: -17.4 r:  61.2   
US_Washington_King=Deaths i:  91   7  45          . p:     546     609 e: -10.4 r:  63.2 OK
US_Washington_King=Deaths i:  92   8  46  4/24/2020 p:     610     609 e:   0.1 r:  64.5 OK
US_Washington_King=Deaths i:  93   9  47          . p:     610     609 e:   0.1 r:  65.7 OK
US_Washington_King=Deaths i:  94  10  48  4/26/2020 p:     589     609 e:  -3.3 r:  67.0 OK
US_Washington_King=Deaths i:  95  11  49          . p:     589     609 e:  -3.3 r:  68.3 OK
US_Washington_King=Deaths i:  96  12  50  4/28/2020 p:     610     609 e:   0.1 r:  70.4 OK
US_Washington_King=Deaths i:  97  13  51          . p:     632     609 e:   3.7 r:  71.9 OK
US_Washington_King=Deaths i:  98  14  52  4/30/2020 p:     632     609 e:   3.7 r:  73.4 OK
US_Washington_King=Deaths i:  99  15  53          . p:     653     609 e:   7.2 r:  74.2 OK
US_Washington_King=Deaths i: 100  16  54   5/2/2020 p:     649     609 e:   6.5 r:  75.0 OK
US_Washington_King=Deaths i: 101  17  55          . p:     635     609 e:   4.2 r:  75.3 OK
US_Washington_King=Deaths i: 102  18  56   5/4/2020 p:     630     609 e:   3.4 r:  76.0 OK
US_Washington_King=Deaths i: 103  19  57          . p:     622     609 e:   2.1 r:  77.0 OK
US_Washington_King=Deaths i: 104  20  58   5/6/2020 p:     632     609 e:   3.7 r:  77.8 OK
US_Washington_King=Deaths i: 105  21  59          . p:     632     609 e:   3.7 r:  78.8 OK
US_Washington_King=Deaths i: 106  22  60   5/8/2020 p:     632     609 e:   3.7 r:  79.9 OK
US_Washington_King=Deaths i: 107  23  61          . p:     632     609 e:   3.7 r:  80.6 OK
US_Washington_King=Deaths i: 108  24  62  5/10/2020 p:     632     609 e:   3.7 r:  82.1 OK
US_Washington_King=Deaths i: 109  25  63          . p:     632     609 e:   3.7 r:  83.1 OK
US_Washington_King=Deaths i: 110  26  64  5/12/2020 p:     632     609 e:   3.7 r:  84.2 OK
US_Washington_King=Deaths i: 111  27  65          . p:     632     609 e:   3.7 r:  85.0 OK
US_Washington_King=Deaths i: 112  28  66  5/14/2020 p:     632     609 e:   3.7 r:  85.2 OK
US_Washington_King=Deaths i: 113  29  67          . p:     632     609 e:   3.7 r:  85.5 OK
US_Washington_King=Deaths i: 114  30  68  5/16/2020 p:     632     609 e:   3.7 r:  86.3 OK
US_Washington_King=Deaths i: 115  31  69          . p:     620     609 e:   1.8 r:  86.5 OK
US_Washington_King=Deaths i: 116  32  70  5/18/2020 p:     621     609 e:   1.9 r:  86.7 OK
US_Washington_King=Deaths i: 117  33  71          . p:     632     609 e:   3.7 r:  87.7 OK
US_Washington_King=Deaths i: 118  34  72  5/20/2020 p:     610     609 e:   0.1 r:  87.8 OK
US_Washington_King=Deaths i: 119  35  73          . p:     610     609 e:   0.1 r:  88.5 OK
US_Washington_King=Deaths i: 120  36  74  5/22/2020 p:     610     609 e:   0.1 r:  89.0 OK
US_Washington_King=Deaths i: 121  37  75          . p:     610     609 e:   0.1 r:  89.0 OK
US_Washington_King=Deaths i: 122  38  76  5/24/2020 p:     610     609 e:   0.1 r:  89.8 OK
US_Washington_King=Deaths i: 123  39  77          . p:     610     609 e:   0.1 r:  90.3 OK
US_Washington_King=Deaths i: 124  40  78  5/26/2020 p:     610     609 e:   0.1 r:  90.6 OK
US_Washington_King=Deaths i: 125  41  79          . p:     610     609 e:   0.1 r:  91.8 OK
US_Washington_King=Deaths i: 126  42  80  5/28/2020 p:     610     609 e:   0.1 r:  92.3 OK
US_Washington_King=Deaths i: 127  43  81          . p:     610     609 e:   0.1 r:  92.6 OK
US_Washington_King=Deaths i: 128  44  82  5/30/2020 p:     610     609 e:   0.1 r:  93.1 OK
US_Washington_King=Deaths i: 129  45  83          . p:     610     609 e:   0.1 r:  93.1 OK
US_Washington_King=Deaths i: 130  46  84   6/1/2020 p:     610     609 e:   0.1 r:  93.4 OK
US_Washington_King=Deaths i: 131  47  85          . p:     610     609 e:   0.1 r:  93.6 OK
US_Washington_King=Deaths i: 132  48  86   6/3/2020 p:     610     609 e:   0.1 r:  94.1 OK
US_Washington_King=Deaths i: 133  49  87          . p:     610     609 e:   0.1 r:  94.2 OK
US_Washington_King=Deaths i: 134  50  88   6/5/2020 p:     610     609 e:   0.1 r:  94.6 OK
US_Washington_King=Deaths i: 135  51  89          . p:     608     609 e:  -0.2 r:  94.6 OK
US_Washington_King=Deaths i: 136  52  90   6/7/2020 p:     610     609 e:   0.1 r:  94.9 OK
US_Washington_King=Deaths i: 137  53  91          . p:     608     609 e:  -0.2 r:  95.0 OK
US_Washington_King=Deaths i: 138  54  92   6/9/2020 p:     610     609 e:   0.1 r:  95.2 OK
