
  # Process COVID TAB data
p1= 39783 il= 138
p1= 38479 il= 137
p1= 38479 il= 136
p1= 38479 il= 135
p1= 37174 il= 134
Portugal=Confirmed nl = 139, n1= 5 s1= 38478.8 s2= 1481298737.6 SD= 825.038277899643 frac%= 2.14413723374857
Portugal=Confirmed i:  45  45  -4          . p:     643   38478 e: -98.3 r:   0.1   
Portugal=Confirmed i:  48  48  -1  3/11/2020 p:     651   38478 e: -98.3 r:   0.2   
Portugal=Confirmed i:  49  49   0          . p:     646   38478 e: -98.3 r:   0.2   
Portugal=Confirmed i:  50  50   1  3/13/2020 p:     652   38478 e: -98.3 r:   0.3   
Portugal=Confirmed i:  51  51   2          . p:   11087   38478 e: -71.2 r:   0.4   
Portugal=Confirmed i:  52  52   3  3/15/2020 p:       0   38478 e: -100.0 r:   0.6   
Portugal=Confirmed i:  53  53   4          . p:    8478   38478 e: -78.0 r:   0.9   
Portugal=Confirmed i:  54  54   5  3/17/2020 p:    1956   38478 e: -94.9 r:   1.2   
Portugal=Confirmed i:  55  55   6          . p:     652   38478 e: -98.3 r:   1.2   
Portugal=Confirmed i:  56   0   7  3/19/2020 p:   39783   38478 e:   3.4 r:   2.0 OK 1st
Portugal=Confirmed i:  57   1   8          . p:   25435   38478 e: -33.9 r:   2.7   
Portugal=Confirmed i:  58   2   9  3/21/2020 p:   31957   38478 e: -16.9 r:   3.3   
Portugal=Confirmed i:  59   3  10          . p:    4565   38478 e: -88.1 r:   4.2   
Portugal=Confirmed i:  60   4  11  3/23/2020 p:       0   38478 e: -100.0 r:   5.4   
Portugal=Confirmed i:  61   5  12          . p:    4565   38478 e: -88.1 r:   6.1   
Portugal=Confirmed i:  62   6  13  3/25/2020 p:       0   38478 e: -100.0 r:   7.8   
Portugal=Confirmed i:  63   7  14          . p:   12391   38478 e: -67.8 r:   9.2   
Portugal=Confirmed i:  64   8  15  3/27/2020 p:   18913   38478 e: -50.8 r:  11.1   
Portugal=Confirmed i:  65   9  16          . p:   29348   38478 e: -23.7 r:  13.4   
Portugal=Confirmed i:  66  10  17  3/29/2020 p:   35870   38478 e:  -6.8 r:  15.5 OK
Portugal=Confirmed i:  67  11  18          . p:   29348   38478 e: -23.7 r:  16.7   
Portugal=Confirmed i:  68  12  19  3/31/2020 p:   52827   38478 e:  37.3 r:  19.3   
Portugal=Confirmed i:  69  13  20          . p:   20217   38478 e: -47.5 r:  21.4   
Portugal=Confirmed i:  70  14  21   4/2/2020 p:   20269   38478 e: -47.3 r:  23.5   
Portugal=Confirmed i:  71  15  22          . p:   20889   38478 e: -45.7 r:  25.7   
Portugal=Confirmed i:  72  16  23   4/4/2020 p:   19998   38478 e: -48.0 r:  27.4   
Portugal=Confirmed i:  73  17  24          . p:   19594   38478 e: -49.1 r:  29.3   
Portugal=Confirmed i:  74  18  25   4/6/2020 p:   18200   38478 e: -52.7 r:  30.5   
Portugal=Confirmed i:  75  19  26          . p:   18491   38478 e: -51.9 r:  32.3   
Portugal=Confirmed i:  76  20  27   4/8/2020 p:   19235   38478 e: -50.0 r:  34.2   
Portugal=Confirmed i:  77  21  28          . p:   21522   38478 e: -44.1 r:  36.3   
Portugal=Confirmed i:  78  22  29  4/10/2020 p:   25435   38478 e: -33.9 r:  40.2   
Portugal=Confirmed i:  79  23  30          . p:   26739   38478 e: -30.5 r:  41.5   
Portugal=Confirmed i:  80  24  31  4/12/2020 p:   26739   38478 e: -30.5 r:  43.1   
Portugal=Confirmed i:  81  25  32          . p:   26199   38478 e: -31.9 r:  44.0   
Portugal=Confirmed i:  82  26  33  4/14/2020 p:   25586   38478 e: -33.5 r:  45.3   
Portugal=Confirmed i:  83  27  34          . p:   25435   38478 e: -33.9 r:  47.0   
Portugal=Confirmed i:  84  28  35  4/16/2020 p:   25435   38478 e: -33.9 r:  49.0   
Portugal=Confirmed i:  85  29  36          . p:   25435   38478 e: -33.9 r:  49.4   
Portugal=Confirmed i:  86  30  37  4/18/2020 p:   25611   38478 e: -33.4 r:  51.2   
Portugal=Confirmed i:  87  31  38          . p:   26018   38478 e: -32.4 r:  52.5   
Portugal=Confirmed i:  88  32  39  4/20/2020 p:   26739   38478 e: -30.5 r:  54.2   
Portugal=Confirmed i:  89  33  40          . p:   26739   38478 e: -30.5 r:  55.6   
Portugal=Confirmed i:  90  34  41  4/22/2020 p:   28044   38478 e: -27.1 r:  57.1   
Portugal=Confirmed i:  91  35  42          . p:   27578   38478 e: -28.3 r:  58.1   
Portugal=Confirmed i:  92  36  43  4/24/2020 p:   27728   38478 e: -27.9 r:  59.2   
Portugal=Confirmed i:  93  37  44          . p:   28149   38478 e: -26.8 r:  60.8   
Portugal=Confirmed i:  94  38  45  4/26/2020 p:   28500   38478 e: -25.9 r:  62.0   
Portugal=Confirmed i:  95  39  46          . p:   28529   38478 e: -25.9 r:  62.4   
Portugal=Confirmed i:  96  40  47  4/28/2020 p:   28650   38478 e: -25.5 r:  63.2   
Portugal=Confirmed i:  97  41  48          . p:   28630   38478 e: -25.6 r:  63.7   
Portugal=Confirmed i:  98  42  49  4/30/2020 p:   28598   38478 e: -25.7 r:  65.1   
Portugal=Confirmed i:  99  43  50          . p:   28573   38478 e: -25.7 r:  65.3   
Portugal=Confirmed i: 100  44  51   5/2/2020 p:   28655   38478 e: -25.5 r:  65.5   
Portugal=Confirmed i: 101  45  52          . p:   28977   38478 e: -24.7 r:  65.7   
Portugal=Confirmed i: 102  46  53   5/4/2020 p:   28393   38478 e: -26.2 r:  66.3   
Portugal=Confirmed i: 103  47  54          . p:   28400   38478 e: -26.2 r:  66.8   
Portugal=Confirmed i: 104  48  55   5/6/2020 p:   28689   38478 e: -25.4 r:  68.0   
Portugal=Confirmed i: 105  49  56          . p:   29268   38478 e: -23.9 r:  69.4   
Portugal=Confirmed i: 106  50  57   5/8/2020 p:   29348   38478 e: -23.7 r:  70.9   
Portugal=Confirmed i: 107  51  58          . p:   29348   38478 e: -23.7 r:  71.2   
Portugal=Confirmed i: 108  52  59  5/10/2020 p:   29348   38478 e: -23.7 r:  71.7   
Portugal=Confirmed i: 109  53  60          . p:   30653   38478 e: -20.3 r:  71.9   
Portugal=Confirmed i: 110  54  61  5/12/2020 p:   30653   38478 e: -20.3 r:  72.5   
Portugal=Confirmed i: 111  55  62          . p:   30653   38478 e: -20.3 r:  73.1   
Portugal=Confirmed i: 112  56  63  5/14/2020 p:   30653   38478 e: -20.3 r:  73.6   
Portugal=Confirmed i: 113  57  64          . p:   30653   38478 e: -20.3 r:  74.3   
Portugal=Confirmed i: 114  58  65  5/16/2020 p:   30653   38478 e: -20.3 r:  74.9   
Portugal=Confirmed i: 115  59  66          . p:   30653   38478 e: -20.3 r:  75.5   
Portugal=Confirmed i: 116  60  67  5/18/2020 p:   31957   38478 e: -16.9 r:  75.9   
Portugal=Confirmed i: 117  61  68          . p:   31957   38478 e: -16.9 r:  76.5   
Portugal=Confirmed i: 118  62  69  5/20/2020 p:   31957   38478 e: -16.9 r:  77.1   
Portugal=Confirmed i: 119  63  70          . p:   31957   38478 e: -16.9 r:  77.7   
Portugal=Confirmed i: 120  64  71  5/22/2020 p:   31957   38478 e: -16.9 r:  78.5   
Portugal=Confirmed i: 121  65  72          . p:   31957   38478 e: -16.9 r:  79.2   
Portugal=Confirmed i: 122  66  73  5/24/2020 p:   31957   38478 e: -16.9 r:  79.6   
Portugal=Confirmed i: 123  67  74          . p:   31957   38478 e: -16.9 r:  80.0   
Portugal=Confirmed i: 124  68  75  5/26/2020 p:   31957   38478 e: -16.9 r:  80.6   
Portugal=Confirmed i: 125  69  76          . p:   31957   38478 e: -16.9 r:  81.3   
Portugal=Confirmed i: 126  70  77  5/28/2020 p:   33261   38478 e: -13.6 r:  82.1 OK
Portugal=Confirmed i: 127  71  78          . p:   33261   38478 e: -13.6 r:  83.0 OK
Portugal=Confirmed i: 128  72  79  5/30/2020 p:   33261   38478 e: -13.6 r:  83.7 OK
Portugal=Confirmed i: 129  73  80          . p:   34566   38478 e: -10.2 r:  84.5 OK
Portugal=Confirmed i: 130  74  81   6/1/2020 p:   34566   38478 e: -10.2 r:  85.0 OK
Portugal=Confirmed i: 131  75  82          . p:   34566   38478 e: -10.2 r:  85.5 OK
Portugal=Confirmed i: 132  76  83   6/3/2020 p:   35870   38478 e:  -6.8 r:  86.4 OK
Portugal=Confirmed i: 133  77  84          . p:   35870   38478 e:  -6.8 r:  87.3 OK
Portugal=Confirmed i: 134  78  85   6/5/2020 p:   37174   38478 e:  -3.4 r:  88.3 OK
Portugal=Confirmed i: 135  79  86          . p:   38479   38478 e:   0.0 r:  89.3 OK
Portugal=Confirmed i: 136  80  87   6/7/2020 p:   38479   38478 e:   0.0 r:  90.2 OK
Portugal=Confirmed i: 137  81  88          . p:   38479   38478 e:   0.0 r:  90.7 OK
Portugal=Confirmed i: 138  82  89   6/9/2020 p:   39783   38478 e:   3.4 r:  91.8 OK
