
  # Process COVID TAB data
p1= 4910 il= 138
p1= 4893 il= 137
p1= 4893 il= 136
p1= 4910 il= 135
p1= 4910 il= 134
Italy_Campania=Confirmed nl = 139, n1= 5 s1= 4903.2 s2= 24041439.6 SD= 8.32826512565067 frac%= 0.16985366955561
Italy_Campania=Confirmed i:  42  42  -2   3/5/2020 p:      89    4903 e: -98.2 r:   0.9   
Italy_Campania=Confirmed i:  43  43  -1          . p:      89    4903 e: -98.2 r:   1.2   
Italy_Campania=Confirmed i:  44  44   0   3/7/2020 p:      95    4903 e: -98.1 r:   1.2   
Italy_Campania=Confirmed i:  47  47   3          . p:     267    4903 e: -94.6 r:   2.6   
Italy_Campania=Confirmed i:  48  48   4  3/11/2020 p:     267    4903 e: -94.6 r:   3.1   
Italy_Campania=Confirmed i:  49  49   5          . p:     289    4903 e: -94.1 r:   3.7   
Italy_Campania=Confirmed i:  50  50   6  3/13/2020 p:     803    4903 e: -83.6 r:   4.5   
Italy_Campania=Confirmed i:  51  51   7          . p:    2231    4903 e: -54.5 r:   5.5   
Italy_Campania=Confirmed i:  52  52   8  3/15/2020 p:    2053    4903 e: -58.1 r:   6.8   
Italy_Campania=Confirmed i:  53  53   9          . p:    2946    4903 e: -39.9 r:   8.2   
Italy_Campania=Confirmed i:  54  54  10  3/17/2020 p:    2589    4903 e: -47.2 r:   9.4   
Italy_Campania=Confirmed i:  55  55  11          . p:    8124    4903 e:  65.7 r:   9.4   
Italy_Campania=Confirmed i:  56   0  12  3/19/2020 p:    5445    4903 e:  11.0 r:  13.3 OK 1st
Italy_Campania=Confirmed i:  57   1  13          . p:    7588    4903 e:  54.8 r:  15.3   
Italy_Campania=Confirmed i:  58   2  14  3/21/2020 p:    9017    4903 e:  83.9 r:  17.2   
Italy_Campania=Confirmed i:  59   3  15          . p:    1339    4903 e: -72.7 r:  19.1   
Italy_Campania=Confirmed i:  60   4  16  3/23/2020 p:    1339    4903 e: -72.7 r:  20.9   
Italy_Campania=Confirmed i:  61   5  17          . p:    1696    4903 e: -65.4 r:  22.5   
Italy_Campania=Confirmed i:  62   6  18  3/25/2020 p:    2264    4903 e: -53.8 r:  24.5   
Italy_Campania=Confirmed i:  63   7  19          . p:    1906    4903 e: -61.1 r:  26.7   
Italy_Campania=Confirmed i:  64   8  20  3/27/2020 p:    2589    4903 e: -47.2 r:  29.7   
Italy_Campania=Confirmed i:  65   9  21          . p:    9374    4903 e:  91.2 r:  32.5   
Italy_Campania=Confirmed i:  66  10  22  3/29/2020 p:    4910    4903 e:   0.1 r:  35.9 OK
Italy_Campania=Confirmed i:  67  11  23          . p:    6517    4903 e:  32.9 r:  39.8   
Italy_Campania=Confirmed i:  68  12  24  3/31/2020 p:    7052    4903 e:  43.8 r:  42.7   
Italy_Campania=Confirmed i:  69  13  25          . p:    7410    4903 e:  51.1 r:  45.5   
Italy_Campania=Confirmed i:  70  14  26   4/2/2020 p:    9195    4903 e:  87.5 r:  50.1   
Italy_Campania=Confirmed i:  71  15  27          . p:   11338    4903 e: 131.2 r:  54.6   
Italy_Campania=Confirmed i:  72  16  28   4/4/2020 p:    9909    4903 e: 102.1 r:  57.7   
Italy_Campania=Confirmed i:  73  17  29          . p:    9909    4903 e: 102.1 r:  60.4   
Italy_Campania=Confirmed i:  74  18  30   4/6/2020 p:   10422    4903 e: 112.6 r:  62.4   
Italy_Campania=Confirmed i:  75  19  31          . p:   10111    4903 e: 106.2 r:  64.2   
Italy_Campania=Confirmed i:  76  20  32   4/8/2020 p:    8279    4903 e:  68.8 r:  66.7   
Italy_Campania=Confirmed i:  77  21  33          . p:    7517    4903 e:  53.3 r:  68.2   
Italy_Campania=Confirmed i:  78  22  34  4/10/2020 p:    3872    4903 e: -21.0 r:  70.2   
Italy_Campania=Confirmed i:  79  23  35          . p:    8054    4903 e:  64.3 r:  71.7   
Italy_Campania=Confirmed i:  80  24  36  4/12/2020 p:    4044    4903 e: -17.5 r:  73.5   
Italy_Campania=Confirmed i:  81  25  37          . p:    4111    4903 e: -16.2 r:  74.8   
Italy_Campania=Confirmed i:  82  26  38  4/14/2020 p:    4248    4903 e: -13.4 r:  76.9 OK
Italy_Campania=Confirmed i:  83  27  39          . p:    4269    4903 e: -12.9 r:  77.6 OK
Italy_Campania=Confirmed i:  84  28  40  4/16/2020 p:    4321    4903 e: -11.9 r:  79.3 OK
Italy_Campania=Confirmed i:  85  29  41          . p:    4403    4903 e: -10.2 r:  80.6 OK
Italy_Campania=Confirmed i:  86  30  42  4/18/2020 p:    4411    4903 e: -10.0 r:  81.3 OK
Italy_Campania=Confirmed i:  87  31  43          . p:    4426    4903 e:  -9.7 r:  82.2 OK
Italy_Campania=Confirmed i:  88  32  44  4/20/2020 p:    4409    4903 e: -10.1 r:  83.1 OK
Italy_Campania=Confirmed i:  89  33  45          . p:    4553    4903 e:  -7.1 r:  84.3 OK
Italy_Campania=Confirmed i:  90  34  46  4/22/2020 p:    4731    4903 e:  -3.5 r:  85.4 OK
Italy_Campania=Confirmed i:  91  35  47          . p:    4731    4903 e:  -3.5 r:  86.4 OK
Italy_Campania=Confirmed i:  92  36  48  4/24/2020 p:    4731    4903 e:  -3.5 r:  87.3 OK
Italy_Campania=Confirmed i:  93  37  49          . p:    4658    4903 e:  -5.0 r:  87.7 OK
Italy_Campania=Confirmed i:  94  38  50  4/26/2020 p:    4630    4903 e:  -5.6 r:  88.3 OK
Italy_Campania=Confirmed i:  95  39  51          . p:    4787    4903 e:  -2.4 r:  88.7 OK
Italy_Campania=Confirmed i:  96  40  52  4/28/2020 p:    4740    4903 e:  -3.3 r:  89.3 OK
Italy_Campania=Confirmed i:  97  41  53          . p:    4731    4903 e:  -3.5 r:  89.9 OK
Italy_Campania=Confirmed i:  98  42  54  4/30/2020 p:    4731    4903 e:  -3.5 r:  90.2 OK
Italy_Campania=Confirmed i:  99  43  55          . p:    4693    4903 e:  -4.3 r:  90.6 OK
Italy_Campania=Confirmed i: 100  44  56   5/2/2020 p:    4697    4903 e:  -4.2 r:  90.9 OK
Italy_Campania=Confirmed i: 101  45  57          . p:    4690    4903 e:  -4.3 r:  91.5 OK
Italy_Campania=Confirmed i: 102  46  58   5/4/2020 p:    4731    4903 e:  -3.5 r:  91.7 OK
Italy_Campania=Confirmed i: 103  47  59          . p:    4731    4903 e:  -3.5 r:  92.1 OK
Italy_Campania=Confirmed i: 104  48  60   5/6/2020 p:    4688    4903 e:  -4.4 r:  92.4 OK
Italy_Campania=Confirmed i: 105  49  61          . p:    4699    4903 e:  -4.2 r:  92.6 OK
Italy_Campania=Confirmed i: 106  50  62   5/8/2020 p:    4684    4903 e:  -4.5 r:  93.0 OK
Italy_Campania=Confirmed i: 107  51  63          . p:    4694    4903 e:  -4.3 r:  93.3 OK
Italy_Campania=Confirmed i: 108  52  64  5/10/2020 p:    4731    4903 e:  -3.5 r:  93.6 OK
Italy_Campania=Confirmed i: 109  53  65          . p:    4736    4903 e:  -3.4 r:  93.9 OK
Italy_Campania=Confirmed i: 110  54  66  5/12/2020 p:    4740    4903 e:  -3.3 r:  94.1 OK
Italy_Campania=Confirmed i: 111  55  67          . p:    4731    4903 e:  -3.5 r:  94.4 OK
Italy_Campania=Confirmed i: 112  56  68  5/14/2020 p:    4724    4903 e:  -3.7 r:  94.6 OK
Italy_Campania=Confirmed i: 113  57  69          . p:    4724    4903 e:  -3.7 r:  94.9 OK
Italy_Campania=Confirmed i: 114  58  70  5/16/2020 p:    4731    4903 e:  -3.5 r:  95.2 OK
Italy_Campania=Confirmed i: 115  59  71          . p:    4731    4903 e:  -3.5 r:  95.5 OK
Italy_Campania=Confirmed i: 116  60  72  5/18/2020 p:    4731    4903 e:  -3.5 r:  95.8 OK
Italy_Campania=Confirmed i: 117  61  73          . p:    4731    4903 e:  -3.5 r:  96.0 OK
Italy_Campania=Confirmed i: 118  62  74  5/20/2020 p:    4787    4903 e:  -2.4 r:  96.1 OK
Italy_Campania=Confirmed i: 119  63  75          . p:    4776    4903 e:  -2.6 r:  96.3 OK
Italy_Campania=Confirmed i: 120  64  76  5/22/2020 p:    4781    4903 e:  -2.5 r:  96.5 OK
Italy_Campania=Confirmed i: 121  65  77          . p:    4910    4903 e:   0.1 r:  96.8 OK
Italy_Campania=Confirmed i: 122  66  78  5/24/2020 p:    4910    4903 e:   0.1 r:  96.9 OK
Italy_Campania=Confirmed i: 123  67  79          . p:    4841    4903 e:  -1.3 r:  97.0 OK
Italy_Campania=Confirmed i: 124  68  80  5/26/2020 p:    4841    4903 e:  -1.3 r:  97.2 OK
Italy_Campania=Confirmed i: 125  69  81          . p:    4910    4903 e:   0.1 r:  97.3 OK
Italy_Campania=Confirmed i: 126  70  82  5/28/2020 p:    4843    4903 e:  -1.2 r:  97.4 OK
Italy_Campania=Confirmed i: 127  71  83          . p:    4910    4903 e:   0.1 r:  97.6 OK
Italy_Campania=Confirmed i: 128  72  84  5/30/2020 p:    4910    4903 e:   0.1 r:  97.8 OK
Italy_Campania=Confirmed i: 129  73  85          . p:    4910    4903 e:   0.1 r:  97.9 OK
Italy_Campania=Confirmed i: 130  74  86   6/1/2020 p:    4841    4903 e:  -1.3 r:  98.0 OK
Italy_Campania=Confirmed i: 131  75  87          . p:    4843    4903 e:  -1.2 r:  98.1 OK
Italy_Campania=Confirmed i: 132  76  88   6/3/2020 p:    4910    4903 e:   0.1 r:  98.3 OK
Italy_Campania=Confirmed i: 133  77  89          . p:    4910    4903 e:   0.1 r:  98.3 OK
Italy_Campania=Confirmed i: 134  78  90   6/5/2020 p:    4910    4903 e:   0.1 r:  98.3 OK
Italy_Campania=Confirmed i: 135  79  91          . p:    4910    4903 e:   0.1 r:  98.3 OK
Italy_Campania=Confirmed i: 136  80  92   6/7/2020 p:    4893    4903 e:  -0.2 r:  98.4 OK
Italy_Campania=Confirmed i: 137  81  93          . p:    4893    4903 e:  -0.2 r:  98.5 OK
Italy_Campania=Confirmed i: 138  82  94   6/9/2020 p:    4910    4903 e:   0.1 r:  98.6 OK
