
  # Process COVID TAB data
p1= 25531 il= 138
p1= 25531 il= 137
p1= 25531 il= 136
p1= 25531 il= 135
p1= 25527 il= 134
Ireland=Confirmed nl = 139, n1= 5 s1= 25530.2 s2= 651791114.6 SD= 1.59999998211861 frac%= 0.00626708753601071
Ireland=Confirmed i:  44  44  -6   3/7/2020 p:    1397   25530 e: -94.5 r:   0.1   
Ireland=Confirmed i:  45  45  -5          . p:     465   25530 e: -98.2 r:   0.1   
Ireland=Confirmed i:  49  49  -1          . p:     465   25530 e: -98.2 r:   0.2   
Ireland=Confirmed i:  50  50   0  3/13/2020 p:    1397   25530 e: -94.5 r:   0.4   
Ireland=Confirmed i:  51  51   1          . p:    3260   25530 e: -87.2 r:   0.5   
Ireland=Confirmed i:  52  52   2  3/15/2020 p:    2328   25530 e: -90.9 r:   0.5   
Ireland=Confirmed i:  53  53   3          . p:     465   25530 e: -98.2 r:   0.7   
Ireland=Confirmed i:  54  54   4  3/17/2020 p:     465   25530 e: -98.2 r:   0.9   
Ireland=Confirmed i:  55  55   5          . p:    6055   25530 e: -76.3 r:   1.1   
Ireland=Confirmed i:  56  56   6  3/19/2020 p:       0   25530 e: -100.0 r:   2.2   
Ireland=Confirmed i:  58  58   8  3/21/2020 p:    2328   25530 e: -90.9 r:   3.1   
Ireland=Confirmed i:  59  59   9          . p:    1397   25530 e: -94.5 r:   3.5   
Ireland=Confirmed i:  60  60  10  3/23/2020 p:    2328   25530 e: -90.9 r:   4.4   
Ireland=Confirmed i:  61  61  11          . p:    2328   25530 e: -90.9 r:   5.2   
Ireland=Confirmed i:  62  62  12  3/25/2020 p:    3260   25530 e: -87.2 r:   6.1   
Ireland=Confirmed i:  63  63  13          . p:    4192   25530 e: -83.6 r:   7.1   
Ireland=Confirmed i:  64  64  14  3/27/2020 p:    5123   25530 e: -79.9 r:   8.3   
Ireland=Confirmed i:  65  65  15          . p:    6055   25530 e: -76.3 r:   9.5   
Ireland=Confirmed i:  66  66  16  3/29/2020 p:    6986   25530 e: -72.6 r:  10.2   
Ireland=Confirmed i:  67  67  17          . p:    6321   25530 e: -75.2 r:  11.4   
Ireland=Confirmed i:  68  68  18  3/31/2020 p:    7407   25530 e: -71.0 r:  12.7   
Ireland=Confirmed i:  69  69  19          . p:    7299   25530 e: -71.4 r:  13.5   
Ireland=Confirmed i:  70  70  20   4/2/2020 p:    8849   25530 e: -65.3 r:  15.1   
Ireland=Confirmed i:  71  71  21          . p:   10713   25530 e: -58.0 r:  16.7   
Ireland=Confirmed i:  72  72  22   4/4/2020 p:   10713   25530 e: -58.0 r:  18.0   
Ireland=Confirmed i:  73  73  23          . p:   10713   25530 e: -58.0 r:  19.6   
Ireland=Confirmed i:  74  74  24   4/6/2020 p:   11052   25530 e: -56.7 r:  21.0   
Ireland=Confirmed i:  75  75  25          . p:   11407   25530 e: -55.3 r:  22.4   
Ireland=Confirmed i:  76  76  26   4/8/2020 p:   12154   25530 e: -52.4 r:  23.8   
Ireland=Confirmed i:  77  77  27          . p:   13156   25530 e: -48.5 r:  25.7   
Ireland=Confirmed i:  78  78  28  4/10/2020 p:   18165   25530 e: -28.8 r:  31.7   
Ireland=Confirmed i:  79   0  29          . p:   22823   25530 e: -10.6 r:  35.0 OK 1st
Ireland=Confirmed i:  80   1  30  4/12/2020 p:   25618   25530 e:   0.3 r:  37.8 OK
Ireland=Confirmed i:  81   2  31          . p:   30276   25530 e:  18.6 r:  41.7   
Ireland=Confirmed i:  82   3  32  4/14/2020 p:   36797   25530 e:  44.1 r:  45.0   
Ireland=Confirmed i:  83   4  33          . p:   42386   25530 e:  66.0 r:  49.1   
Ireland=Confirmed i:  84   5  34  4/16/2020 p:   44249   25530 e:  73.3 r:  52.0   
Ireland=Confirmed i:  85   6  35          . p:   44249   25530 e:  73.3 r:  54.8   
Ireland=Confirmed i:  86   7  36  4/18/2020 p:   47044   25530 e:  84.3 r:  57.8   
Ireland=Confirmed i:  87   8  37          . p:   46112   25530 e:  80.6 r:  59.7   
Ireland=Confirmed i:  88   9  38  4/20/2020 p:   47044   25530 e:  84.3 r:  61.3   
Ireland=Confirmed i:  89  10  39          . p:   43318   25530 e:  69.7 r:  62.8   
Ireland=Confirmed i:  90  11  40  4/22/2020 p:   19829   25530 e: -22.3 r:  65.3   
Ireland=Confirmed i:  91  12  41          . p:   22542   25530 e: -11.7 r:  69.0 OK
Ireland=Confirmed i:  92  13  42  4/24/2020 p:   43318   25530 e:  69.7 r:  71.2   
Ireland=Confirmed i:  93  14  43          . p:   42386   25530 e:  66.0 r:  72.7   
Ireland=Confirmed i:  94  15  44  4/26/2020 p:   42386   25530 e:  66.0 r:  75.4   
Ireland=Confirmed i:  95  16  45          . p:   40523   25530 e:  58.7 r:  77.0   
Ireland=Confirmed i:  96  17  46  4/28/2020 p:   39886   25530 e:  56.2 r:  77.9   
Ireland=Confirmed i:  97  18  47          . p:   37912   25530 e:  48.5 r:  79.3   
Ireland=Confirmed i:  98  19  48  4/30/2020 p:   36164   25530 e:  41.7 r:  80.7   
Ireland=Confirmed i:  99  20  49          . p:   35049   25530 e:  37.3 r:  81.6   
Ireland=Confirmed i: 100  21  50   5/2/2020 p:   24548   25530 e:  -3.8 r:  82.9 OK
Ireland=Confirmed i: 101  22  51          . p:   24586   25530 e:  -3.7 r:  84.2 OK
Ireland=Confirmed i: 102  23  52   5/4/2020 p:   24669   25530 e:  -3.4 r:  85.3 OK
Ireland=Confirmed i: 103  24  53          . p:   24761   25530 e:  -3.0 r:  86.1 OK
Ireland=Confirmed i: 104  25  54   5/6/2020 p:   24771   25530 e:  -3.0 r:  87.1 OK
Ireland=Confirmed i: 105  26  55          . p:   24686   25530 e:  -3.3 r:  87.7 OK
Ireland=Confirmed i: 106  27  56   5/8/2020 p:   24515   25530 e:  -4.0 r:  88.3 OK
Ireland=Confirmed i: 107  28  57          . p:   24496   25530 e:  -4.1 r:  89.1 OK
Ireland=Confirmed i: 108  29  58  5/10/2020 p:   24686   25530 e:  -3.3 r:  90.1 OK
Ireland=Confirmed i: 109  30  59          . p:   24686   25530 e:  -3.3 r:  90.6 OK
Ireland=Confirmed i: 110  31  60  5/12/2020 p:   24781   25530 e:  -2.9 r:  91.0 OK
Ireland=Confirmed i: 111  32  61          . p:   24681   25530 e:  -3.3 r:  91.7 OK
Ireland=Confirmed i: 112  33  62  5/14/2020 p:   25618   25530 e:   0.3 r:  93.3 OK
Ireland=Confirmed i: 113  34  63          . p:   25618   25530 e:   0.3 r:  93.8 OK
Ireland=Confirmed i: 114  35  64  5/16/2020 p:   25618   25530 e:   0.3 r:  94.2 OK
Ireland=Confirmed i: 115  36  65          . p:   25618   25530 e:   0.3 r:  94.4 OK
Ireland=Confirmed i: 116  37  66  5/18/2020 p:   25432   25530 e:  -0.4 r:  94.8 OK
Ireland=Confirmed i: 117  38  67          . p:   25450   25530 e:  -0.3 r:  95.0 OK
Ireland=Confirmed i: 118  39  68  5/20/2020 p:   25471   25530 e:  -0.2 r:  95.2 OK
Ireland=Confirmed i: 119  40  69          . p:   25450   25530 e:  -0.3 r:  95.5 OK
Ireland=Confirmed i: 120  41  70  5/22/2020 p:   25618   25530 e:   0.3 r:  96.0 OK
Ireland=Confirmed i: 121  42  71          . p:   25618   25530 e:   0.3 r:  96.3 OK
Ireland=Confirmed i: 122  43  72  5/24/2020 p:   25618   25530 e:   0.3 r:  96.5 OK
Ireland=Confirmed i: 123  44  73          . p:   25618   25530 e:   0.3 r:  96.7 OK
Ireland=Confirmed i: 124  45  74  5/26/2020 p:   25484   25530 e:  -0.2 r:  96.9 OK
Ireland=Confirmed i: 125  46  75          . p:   25488   25530 e:  -0.2 r:  97.2 OK
Ireland=Confirmed i: 126  47  76  5/28/2020 p:   25522   25530 e:  -0.0 r:  97.3 OK
Ireland=Confirmed i: 127  48  77          . p:   25522   25530 e:  -0.0 r:  97.4 OK
Ireland=Confirmed i: 128  49  78  5/30/2020 p:   25522   25530 e:  -0.0 r:  97.6 OK
Ireland=Confirmed i: 129  50  79          . p:   25618   25530 e:   0.3 r:  97.9 OK
Ireland=Confirmed i: 130  51  80   6/1/2020 p:   25618   25530 e:   0.3 r:  98.2 OK
Ireland=Confirmed i: 131  52  81          . p:   25618   25530 e:   0.3 r:  98.2 OK
Ireland=Confirmed i: 132  53  82   6/3/2020 p:   25441   25530 e:  -0.3 r:  98.4 OK
Ireland=Confirmed i: 133  54  83          . p:   25512   25530 e:  -0.1 r:  98.5 OK
Ireland=Confirmed i: 134  55  84   6/5/2020 p:   25527   25530 e:  -0.0 r:  98.6 OK
Ireland=Confirmed i: 135  56  85          . p:   25531   25530 e:   0.0 r:  98.6 OK
Ireland=Confirmed i: 136  57  86   6/7/2020 p:   25531   25530 e:   0.0 r:  98.7 OK
Ireland=Confirmed i: 137  58  87          . p:   25531   25530 e:   0.0 r:  98.7 OK
Ireland=Confirmed i: 138  59  88   6/9/2020 p:   25531   25530 e:   0.0 r:  98.8 OK
