
  # Process COVID TAB data
p1= 95376 il= 138
p1= 95376 il= 137
p1= 95376 il= 136
p1= 95376 il= 135
p1= 95376 il= 134
Italy_Lombardia=Confirmed nl = 139, n1= 5 s1= 95376 s2= 9096581376 SD= 0 frac%= 0
Italy_Lombardia=Confirmed i:  40  40   9   3/3/2020 p:   51871   95376 e: -45.6 r:   1.6   
Italy_Lombardia=Confirmed i:  41  41  10          . p:   11712   95376 e: -87.7 r:   1.9   
Italy_Lombardia=Confirmed i:  42  42  11   3/5/2020 p:   12961   95376 e: -86.4 r:   2.4   
Italy_Lombardia=Confirmed i:  43  43  12          . p:    5422   95376 e: -94.3 r:   2.7   
Italy_Lombardia=Confirmed i:  44  44  13   3/7/2020 p:   28445   95376 e: -70.2 r:   3.6   
Italy_Lombardia=Confirmed i:  45  45  14          . p:   61910   95376 e: -35.1 r:   4.4   
Italy_Lombardia=Confirmed i:  46  46  15   3/9/2020 p:  259356   95376 e: 171.9 r:   5.7   
Italy_Lombardia=Confirmed i:  47  47  16          . p:  118802   95376 e:  24.6 r:   6.1   
Italy_Lombardia=Confirmed i:  48  48  17  3/11/2020 p:   28445   95376 e: -70.2 r:   7.6   
Italy_Lombardia=Confirmed i:  49  49  18          . p:   65257   95376 e: -31.6 r:   9.1   
Italy_Lombardia=Confirmed i:  50  50  19  3/13/2020 p:   45178   95376 e: -52.6 r:  10.3   
Italy_Lombardia=Confirmed i:  51  51  20          . p:   78643   95376 e: -17.5 r:  12.3   
Italy_Lombardia=Confirmed i:  52  52  21  3/15/2020 p:   38485   95376 e: -59.6 r:  13.9   
Italy_Lombardia=Confirmed i:  53   0  22          . p:   83518   95376 e: -12.4 r:  15.4 OK 1st
Italy_Lombardia=Confirmed i:  54   1  23  3/17/2020 p:   34173   95376 e: -64.2 r:  17.0   
Italy_Lombardia=Confirmed i:  55   2  24          . p:   34395   95376 e: -63.9 r:  18.6   
Italy_Lombardia=Confirmed i:  56   3  25  3/19/2020 p:   57689   95376 e: -39.5 r:  20.8   
Italy_Lombardia=Confirmed i:  57   4  26          . p:   75297   95376 e: -21.1 r:  23.3   
Italy_Lombardia=Confirmed i:  58   5  27  3/21/2020 p:  145574   95376 e:  52.6 r:  26.8   
Italy_Lombardia=Confirmed i:  59   6  28          . p:  152267   95376 e:  59.6 r:  28.5   
Italy_Lombardia=Confirmed i:  60   7  29  3/23/2020 p:  142227   95376 e:  49.1 r:  30.2   
Italy_Lombardia=Confirmed i:  61   8  30          . p:  101450   95376 e:   6.4 r:  32.2 OK
Italy_Lombardia=Confirmed i:  62   9  31  3/25/2020 p:   89953   95376 e:  -5.7 r:  33.9 OK
Italy_Lombardia=Confirmed i:  63  10  32          . p:   88683   95376 e:  -7.0 r:  36.6 OK
Italy_Lombardia=Confirmed i:  64  11  33  3/27/2020 p:   88683   95376 e:  -7.0 r:  39.1 OK
Italy_Lombardia=Confirmed i:  65  12  34          . p:   88683   95376 e:  -7.0 r:  41.3 OK
Italy_Lombardia=Confirmed i:  66  13  35  3/29/2020 p:   85336   95376 e: -10.5 r:  43.0 OK
Italy_Lombardia=Confirmed i:  67  14  36          . p:   81854   95376 e: -14.2 r:  44.2 OK
Italy_Lombardia=Confirmed i:  68  15  37  3/31/2020 p:   66987   95376 e: -29.8 r:  45.3   
Italy_Lombardia=Confirmed i:  69  16  38          . p:   51216   95376 e: -46.3 r:  46.9   
Italy_Lombardia=Confirmed i:  70  17  39   4/2/2020 p:   59026   95376 e: -38.1 r:  48.3   
Italy_Lombardia=Confirmed i:  71  18  40          . p:   58564   95376 e: -38.6 r:  49.8   
Italy_Lombardia=Confirmed i:  72  19  41   4/4/2020 p:   61910   95376 e: -35.1 r:  51.5   
Italy_Lombardia=Confirmed i:  73  20  42          . p:   65257   95376 e: -31.6 r:  52.9   
Italy_Lombardia=Confirmed i:  74  21  43   4/6/2020 p:   65257   95376 e: -31.6 r:  54.0   
Italy_Lombardia=Confirmed i:  75  22  44          . p:   64514   95376 e: -32.4 r:  54.9   
Italy_Lombardia=Confirmed i:  76  23  45   4/8/2020 p:   64624   95376 e: -32.2 r:  56.0   
Italy_Lombardia=Confirmed i:  77  24  46          . p:   67586   95376 e: -29.1 r:  57.5   
Italy_Lombardia=Confirmed i:  78  25  47  4/10/2020 p:   68604   95376 e: -28.1 r:  58.8   
Italy_Lombardia=Confirmed i:  79  26  48          . p:   68604   95376 e: -28.1 r:  60.4   
Italy_Lombardia=Confirmed i:  80  27  49  4/12/2020 p:   71950   95376 e: -24.6 r:  61.9   
Italy_Lombardia=Confirmed i:  81  28  50          . p:   71950   95376 e: -24.6 r:  63.2   
Italy_Lombardia=Confirmed i:  82  29  51  4/14/2020 p:   75297   95376 e: -21.1 r:  64.3   
Italy_Lombardia=Confirmed i:  83  30  52          . p:   75297   95376 e: -21.1 r:  65.2   
Italy_Lombardia=Confirmed i:  84  31  53  4/16/2020 p:   74998   95376 e: -21.4 r:  66.2   
Italy_Lombardia=Confirmed i:  85  32  54          . p:   75508   95376 e: -20.8 r:  67.2   
Italy_Lombardia=Confirmed i:  86  33  55  4/18/2020 p:   75297   95376 e: -21.1 r:  68.6   
Italy_Lombardia=Confirmed i:  87  34  56          . p:   78643   95376 e: -17.5 r:  69.4   
Italy_Lombardia=Confirmed i:  88  35  57  4/20/2020 p:   76762   95376 e: -19.5 r:  70.2   
Italy_Lombardia=Confirmed i:  89  36  58          . p:   78162   95376 e: -18.0 r:  71.2   
Italy_Lombardia=Confirmed i:  90  37  59  4/22/2020 p:   78810   95376 e: -17.4 r:  72.4   
Italy_Lombardia=Confirmed i:  91  38  60          . p:   78643   95376 e: -17.5 r:  73.6   
Italy_Lombardia=Confirmed i:  92  39  61  4/24/2020 p:   81990   95376 e: -14.0 r:  74.7 OK
Italy_Lombardia=Confirmed i:  93  40  62          . p:   81990   95376 e: -14.0 r:  75.5 OK
Italy_Lombardia=Confirmed i:  94  41  63  4/26/2020 p:   81990   95376 e: -14.0 r:  76.4 OK
Italy_Lombardia=Confirmed i:  95  42  64          . p:   82118   95376 e: -13.9 r:  77.0 OK
Italy_Lombardia=Confirmed i:  96  43  65  4/28/2020 p:   82869   95376 e: -13.1 r:  78.0 OK
Italy_Lombardia=Confirmed i:  97  44  66          . p:   98722   95376 e:   3.5 r:  78.8 OK
Italy_Lombardia=Confirmed i:  98  45  67  4/30/2020 p:   83614   95376 e: -12.3 r:  79.4 OK
Italy_Lombardia=Confirmed i:  99  46  68          . p:   84682   95376 e: -11.2 r:  80.2 OK
Italy_Lombardia=Confirmed i: 100  47  69   5/2/2020 p:   84632   95376 e: -11.3 r:  80.7 OK
Italy_Lombardia=Confirmed i: 101  48  70          . p:   85361   95376 e: -10.5 r:  81.3 OK
Italy_Lombardia=Confirmed i: 102  49  71   5/4/2020 p:   85361   95376 e: -10.5 r:  81.9 OK
Italy_Lombardia=Confirmed i: 103  50  72          . p:   85464   95376 e: -10.4 r:  82.4 OK
Italy_Lombardia=Confirmed i: 104  51  73   5/6/2020 p:   92029   95376 e:  -3.5 r:  83.2 OK
Italy_Lombardia=Confirmed i: 105  52  74          . p:   92029   95376 e:  -3.5 r:  84.0 OK
Italy_Lombardia=Confirmed i: 106  53  75   5/8/2020 p:   88683   95376 e:  -7.0 r:  84.6 OK
Italy_Lombardia=Confirmed i: 107  54  76          . p:   88683   95376 e:  -7.0 r:  85.2 OK
Italy_Lombardia=Confirmed i: 108  55  77  5/10/2020 p:   93620   95376 e:  -1.8 r:  85.5 OK
Italy_Lombardia=Confirmed i: 109  56  78          . p:   93192   95376 e:  -2.3 r:  85.8 OK
Italy_Lombardia=Confirmed i: 110  57  79  5/12/2020 p:   94583   95376 e:  -0.8 r:  86.9 OK
Italy_Lombardia=Confirmed i: 111  58  80          . p:   95402   95376 e:   0.0 r:  87.3 OK
Italy_Lombardia=Confirmed i: 112  59  81  5/14/2020 p:   95376   95376 e:   0.0 r:  87.9 OK
Italy_Lombardia=Confirmed i: 113  60  82          . p:   95422   95376 e:   0.0 r:  88.2 OK
Italy_Lombardia=Confirmed i: 114  61  83  5/16/2020 p:   94979   95376 e:  -0.4 r:  88.6 OK
Italy_Lombardia=Confirmed i: 115  62  84          . p:   95299   95376 e:  -0.1 r:  89.0 OK
Italy_Lombardia=Confirmed i: 116  63  85  5/18/2020 p:   95447   95376 e:   0.1 r:  89.1 OK
Italy_Lombardia=Confirmed i: 117  64  86          . p:   95376   95376 e:   0.0 r:  89.6 OK
Italy_Lombardia=Confirmed i: 118  65  87  5/20/2020 p:   95376   95376 e:   0.0 r:  89.9 OK
Italy_Lombardia=Confirmed i: 119  66  88          . p:   95376   95376 e:   0.0 r:  90.3 OK
Italy_Lombardia=Confirmed i: 120  67  89  5/22/2020 p:   92029   95376 e:  -3.5 r:  90.6 OK
Italy_Lombardia=Confirmed i: 121  68  90          . p:   92029   95376 e:  -3.5 r:  91.0 OK
Italy_Lombardia=Confirmed i: 122  69  91  5/24/2020 p:   92029   95376 e:  -3.5 r:  91.3 OK
Italy_Lombardia=Confirmed i: 123  70  92          . p:   94155   95376 e:  -1.3 r:  91.5 OK
Italy_Lombardia=Confirmed i: 124  71  93  5/26/2020 p:   94445   95376 e:  -1.0 r:  91.7 OK
Italy_Lombardia=Confirmed i: 125  72  94          . p:   93504   95376 e:  -2.0 r:  92.1 OK
Italy_Lombardia=Confirmed i: 126  73  95  5/28/2020 p:   92029   95376 e:  -3.5 r:  92.5 OK
Italy_Lombardia=Confirmed i: 127  74  96          . p:   95376   95376 e:   0.0 r:  92.8 OK
Italy_Lombardia=Confirmed i: 128  75  97  5/30/2020 p:   95376   95376 e:   0.0 r:  93.1 OK
Italy_Lombardia=Confirmed i: 129  76  98          . p:   95376   95376 e:   0.0 r:  93.3 OK
Italy_Lombardia=Confirmed i: 130  77  99   6/1/2020 p:   94146   95376 e:  -1.3 r:  93.3 OK
Italy_Lombardia=Confirmed i: 131  78 100          . p:   94445   95376 e:  -1.0 r:  93.5 OK
Italy_Lombardia=Confirmed i: 132  79 101   6/3/2020 p:   95376   95376 e:   0.0 r:  93.8 OK
Italy_Lombardia=Confirmed i: 133  80 102          . p:   95376   95376 e:   0.0 r:  93.9 OK
Italy_Lombardia=Confirmed i: 134  81 103   6/5/2020 p:   95376   95376 e:   0.0 r:  94.3 OK
Italy_Lombardia=Confirmed i: 135  82 104          . p:   95376   95376 e:   0.0 r:  94.4 OK
Italy_Lombardia=Confirmed i: 136  83 105   6/7/2020 p:   95376   95376 e:   0.0 r:  94.6 OK
Italy_Lombardia=Confirmed i: 137  84 106          . p:   95376   95376 e:   0.0 r:  94.8 OK
Italy_Lombardia=Confirmed i: 138  85 107   6/9/2020 p:   95376   95376 e:   0.0 r:  95.0 OK
