
  # Process COVID TAB data
p1= 106 il= 138
p1= 106 il= 137
p1= 110 il= 136
p1= 110 il= 135
p1= 106 il= 134
US_Texas_Travis=Deaths nl = 139, n1= 5 s1= 107.6 s2= 11581.6 SD= 1.95959179422704 frac%= 1.82118196489502
US_Texas_Travis=Deaths i:  71  71 -13          . p:       4     107 e: -96.3 r:   2.8   
US_Texas_Travis=Deaths i:  72  72 -12   4/4/2020 p:       9     107 e: -91.6 r:   3.7   
US_Texas_Travis=Deaths i:  74  74 -10   4/6/2020 p:     240     107 e: 123.0 r:   5.6   
US_Texas_Travis=Deaths i:  75  75  -9          . p:       4     107 e: -96.3 r:   3.7   
US_Texas_Travis=Deaths i:  77  77  -7          . p:      70     107 e: -34.9 r:   6.5   
US_Texas_Travis=Deaths i:  78  78  -6  4/10/2020 p:       5     107 e: -95.4 r:   6.5   
US_Texas_Travis=Deaths i:  79  79  -5          . p:      14     107 e: -87.0 r:   8.4   
US_Texas_Travis=Deaths i:  80  80  -4  4/12/2020 p:       9     107 e: -91.6 r:   8.4   
US_Texas_Travis=Deaths i:  81  81  -3          . p:       8     107 e: -92.6 r:   8.4   
US_Texas_Travis=Deaths i:  82  82  -2  4/14/2020 p:      16     107 e: -85.1 r:  10.2   
US_Texas_Travis=Deaths i:  83  83  -1          . p:      48     107 e: -55.4 r:  13.0   
US_Texas_Travis=Deaths i:  84  84   0  4/16/2020 p:       0     107 e: -100.0 r:  15.8   
US_Texas_Travis=Deaths i:  85  85   1          . p:       0     107 e: -100.0 r:  19.5   
US_Texas_Travis=Deaths i:  86  86   2  4/18/2020 p:      48     107 e: -55.4 r:  19.5   
US_Texas_Travis=Deaths i:  87  87   3          . p:      27     107 e: -74.9 r:  21.4   
US_Texas_Travis=Deaths i:  88  88   4  4/20/2020 p:      30     107 e: -72.1 r:  23.2   
US_Texas_Travis=Deaths i:  89  89   5          . p:      30     107 e: -72.1 r:  24.2   
US_Texas_Travis=Deaths i:  90  90   6  4/22/2020 p:      30     107 e: -72.1 r:  25.1   
US_Texas_Travis=Deaths i:  91  91   7          . p:      45     107 e: -58.2 r:  28.8   
US_Texas_Travis=Deaths i:  92  92   8  4/24/2020 p:      48     107 e: -55.4 r:  29.7   
US_Texas_Travis=Deaths i:  93  93   9          . p:      45     107 e: -58.2 r:  29.7   
US_Texas_Travis=Deaths i:  94  94  10  4/26/2020 p:      52     107 e: -51.7 r:  33.5   
US_Texas_Travis=Deaths i:  95  95  11          . p:      77     107 e: -28.4 r:  36.2   
US_Texas_Travis=Deaths i:  96  96  12  4/28/2020 p:     211     107 e:  96.1 r:  39.0   
US_Texas_Travis=Deaths i:  97  97  13          . p:      85     107 e: -21.0 r:  39.0   
US_Texas_Travis=Deaths i:  98  98  14  4/30/2020 p:     190     107 e:  76.6 r:  43.7   
US_Texas_Travis=Deaths i:  99  99  15          . p:     204     107 e:  89.6 r:  47.4   
US_Texas_Travis=Deaths i: 100 100  16   5/2/2020 p:     193     107 e:  79.4 r:  47.4   
US_Texas_Travis=Deaths i: 101 101  17          . p:     157     107 e:  45.9 r:  48.3   
US_Texas_Travis=Deaths i: 102 102  18   5/4/2020 p:      52     107 e: -51.7 r:  49.3   
US_Texas_Travis=Deaths i: 103   0  19          . p:     110     107 e:   2.2 r:  53.9 OK 1st
US_Texas_Travis=Deaths i: 104   1  20   5/6/2020 p:      78     107 e: -27.5 r:  53.0   
US_Texas_Travis=Deaths i: 105   2  21          . p:      74     107 e: -31.2 r:  54.8   
US_Texas_Travis=Deaths i: 106   3  22   5/8/2020 p:      70     107 e: -34.9 r:  55.8   
US_Texas_Travis=Deaths i: 107   4  23          . p:      67     107 e: -37.7 r:  55.8   
US_Texas_Travis=Deaths i: 108   5  24  5/10/2020 p:      60     107 e: -44.2 r:  55.8   
US_Texas_Travis=Deaths i: 109   6  25          . p:      88     107 e: -18.2 r:  60.4   
US_Texas_Travis=Deaths i: 110   7  26  5/12/2020 p:      96     107 e: -10.8 r:  66.0 OK
US_Texas_Travis=Deaths i: 111   8  27          . p:     117     107 e:   8.7 r:  66.9 OK
US_Texas_Travis=Deaths i: 112   9  28  5/14/2020 p:     106     107 e:  -1.5 r:  68.8 OK
US_Texas_Travis=Deaths i: 113  10  29          . p:     110     107 e:   2.2 r:  71.6 OK
US_Texas_Travis=Deaths i: 114  11  30  5/16/2020 p:     110     107 e:   2.2 r:  71.6 OK
US_Texas_Travis=Deaths i: 115  12  31          . p:     110     107 e:   2.2 r:  71.6 OK
US_Texas_Travis=Deaths i: 116  13  32  5/18/2020 p:     121     107 e:  12.5 r:  71.6 OK
US_Texas_Travis=Deaths i: 117  14  33          . p:     117     107 e:   8.7 r:  73.4 OK
US_Texas_Travis=Deaths i: 118  15  34  5/20/2020 p:     112     107 e:   4.1 r:  75.3 OK
US_Texas_Travis=Deaths i: 119  16  35          . p:     110     107 e:   2.2 r:  76.2 OK
US_Texas_Travis=Deaths i: 120  17  36  5/22/2020 p:     106     107 e:  -1.5 r:  76.2 OK
US_Texas_Travis=Deaths i: 121  18  37          . p:     104     107 e:  -3.3 r:  76.2 OK
US_Texas_Travis=Deaths i: 122  19  38  5/24/2020 p:     102     107 e:  -5.2 r:  77.1 OK
US_Texas_Travis=Deaths i: 123  20  39          . p:      88     107 e: -18.2 r:  78.1   
US_Texas_Travis=Deaths i: 124  21  40  5/26/2020 p:      99     107 e:  -8.0 r:  79.0 OK
US_Texas_Travis=Deaths i: 125  22  41          . p:      99     107 e:  -8.0 r:  81.8 OK
US_Texas_Travis=Deaths i: 126  23  42  5/28/2020 p:     106     107 e:  -1.5 r:  84.6 OK
US_Texas_Travis=Deaths i: 127  24  43          . p:     110     107 e:   2.2 r:  84.6 OK
US_Texas_Travis=Deaths i: 128  25  44  5/30/2020 p:     110     107 e:   2.2 r:  86.4 OK
US_Texas_Travis=Deaths i: 129  26  45          . p:     110     107 e:   2.2 r:  86.4 OK
US_Texas_Travis=Deaths i: 130  27  46   6/1/2020 p:     110     107 e:   2.2 r:  86.4 OK
US_Texas_Travis=Deaths i: 131  28  47          . p:     110     107 e:   2.2 r:  86.4 OK
US_Texas_Travis=Deaths i: 132  29  48   6/3/2020 p:     110     107 e:   2.2 r:  86.4 OK
US_Texas_Travis=Deaths i: 133  30  49          . p:     110     107 e:   2.2 r:  88.3 OK
US_Texas_Travis=Deaths i: 134  31  50   6/5/2020 p:     106     107 e:  -1.5 r:  88.3 OK
US_Texas_Travis=Deaths i: 135  32  51          . p:     110     107 e:   2.2 r:  90.1 OK
US_Texas_Travis=Deaths i: 136  33  52   6/7/2020 p:     110     107 e:   2.2 r:  90.1 OK
US_Texas_Travis=Deaths i: 137  34  53          . p:     106     107 e:  -1.5 r:  90.1 OK
US_Texas_Travis=Deaths i: 138  35  54   6/9/2020 p:     106     107 e:  -1.5 r:  91.1 OK
