
  # Process COVID TAB data
p1= 7367 il= 138
p1= 7367 il= 137
p1= 7367 il= 136
p1= 7108 il= 135
p1= 7108 il= 134
US_Michigan_Macomb=Confirmed nl = 139, n1= 5 s1= 7263.4 s2= 52773079 SD= 126.883568676189 frac%= 1.74688945502366
US_Michigan_Macomb=Confirmed i:  58  58   1  3/21/2020 p:     129    7263 e: -98.2 r:   1.4   
US_Michigan_Macomb=Confirmed i:  59  59   2          . p:     129    7263 e: -98.2 r:   1.9   
US_Michigan_Macomb=Confirmed i:  60  60   3  3/23/2020 p:     243    7263 e: -96.7 r:   2.4   
US_Michigan_Macomb=Confirmed i:  61  61   4          . p:     334    7263 e: -95.4 r:   3.1   
US_Michigan_Macomb=Confirmed i:  62  62   5  3/25/2020 p:     387    7263 e: -94.7 r:   3.9   
US_Michigan_Macomb=Confirmed i:  63  63   6          . p:     646    7263 e: -91.1 r:   4.8   
US_Michigan_Macomb=Confirmed i:  64  64   7  3/27/2020 p:     677    7263 e: -90.7 r:   5.6   
US_Michigan_Macomb=Confirmed i:  65  65   8          . p:    1163    7263 e: -84.0 r:   7.4   
US_Michigan_Macomb=Confirmed i:  66  66   9  3/29/2020 p:    1421    7263 e: -80.4 r:   8.5   
US_Michigan_Macomb=Confirmed i:  67  67  10          . p:    1677    7263 e: -76.9 r:  10.0   
US_Michigan_Macomb=Confirmed i:  68  68  11  3/31/2020 p:    1878    7263 e: -74.1 r:  11.7   
US_Michigan_Macomb=Confirmed i:  69  69  12          . p:    2714    7263 e: -62.6 r:  15.0   
US_Michigan_Macomb=Confirmed i:  70  70  13   4/2/2020 p:    3489    7263 e: -52.0 r:  18.3   
US_Michigan_Macomb=Confirmed i:  71  71  14          . p:    4523    7263 e: -37.7 r:  21.5   
US_Michigan_Macomb=Confirmed i:  72   0  15   4/4/2020 p:    6333    7263 e: -12.8 r:  25.3 OK 1st
US_Michigan_Macomb=Confirmed i:  73   1  16          . p:    3231    7263 e: -55.5 r:  27.6   
US_Michigan_Macomb=Confirmed i:  74   2  17   4/6/2020 p:    2714    7263 e: -62.6 r:  29.7   
US_Michigan_Macomb=Confirmed i:  75   3  18          . p:    3811    7263 e: -47.5 r:  33.2   
US_Michigan_Macomb=Confirmed i:  76   4  19   4/8/2020 p:    4250    7263 e: -41.5 r:  36.2   
US_Michigan_Macomb=Confirmed i:  77   5  20          . p:    4178    7263 e: -42.5 r:  38.3   
US_Michigan_Macomb=Confirmed i:  78   6  21  4/10/2020 p:    4563    7263 e: -37.2 r:  40.9   
US_Michigan_Macomb=Confirmed i:  79   7  22          . p:    4527    7263 e: -37.7 r:  43.6   
US_Michigan_Macomb=Confirmed i:  80   8  23  4/12/2020 p:    4320    7263 e: -40.5 r:  44.8   
US_Michigan_Macomb=Confirmed i:  81   9  24          . p:    4450    7263 e: -38.7 r:  47.1   
US_Michigan_Macomb=Confirmed i:  82  10  25  4/14/2020 p:    5887    7263 e: -18.9 r:  49.8   
US_Michigan_Macomb=Confirmed i:  83  11  26          . p:    5040    7263 e: -30.6 r:  52.2   
US_Michigan_Macomb=Confirmed i:  84  12  27  4/16/2020 p:    6074    7263 e: -16.4 r:  55.0   
US_Michigan_Macomb=Confirmed i:  85  13  28          . p:    6074    7263 e: -16.4 r:  57.1   
US_Michigan_Macomb=Confirmed i:  86  14  29  4/18/2020 p:    5560    7263 e: -23.5 r:  58.5   
US_Michigan_Macomb=Confirmed i:  87  15  30          . p:    5608    7263 e: -22.8 r:  60.0   
US_Michigan_Macomb=Confirmed i:  88  16  31  4/20/2020 p:    6032    7263 e: -17.0 r:  60.9   
US_Michigan_Macomb=Confirmed i:  89  17  32          . p:    5852    7263 e: -19.4 r:  62.6   
US_Michigan_Macomb=Confirmed i:  90  18  33  4/22/2020 p:    5494    7263 e: -24.4 r:  63.7   
US_Michigan_Macomb=Confirmed i:  91  19  34          . p:    5770    7263 e: -20.6 r:  66.9   
US_Michigan_Macomb=Confirmed i:  92  20  35  4/24/2020 p:    6074    7263 e: -16.4 r:  69.1   
US_Michigan_Macomb=Confirmed i:  93  21  36          . p:    6333    7263 e: -12.8 r:  70.8 OK
US_Michigan_Macomb=Confirmed i:  94  22  37  4/26/2020 p:    6333    7263 e: -12.8 r:  71.6 OK
US_Michigan_Macomb=Confirmed i:  95  23  38          . p:    6333    7263 e: -12.8 r:  72.2 OK
US_Michigan_Macomb=Confirmed i:  96  24  39  4/28/2020 p:    6215    7263 e: -14.4 r:  73.5 OK
US_Michigan_Macomb=Confirmed i:  97  25  40          . p:    6271    7263 e: -13.7 r:  74.8 OK
US_Michigan_Macomb=Confirmed i:  98  26  41  4/30/2020 p:    6333    7263 e: -12.8 r:  75.9 OK
US_Michigan_Macomb=Confirmed i:  99  27  42          . p:    6333    7263 e: -12.8 r:  77.4 OK
US_Michigan_Macomb=Confirmed i: 100  28  43   5/2/2020 p:    6333    7263 e: -12.8 r:  78.0 OK
US_Michigan_Macomb=Confirmed i: 101  29  44          . p:    6406    7263 e: -11.8 r:  78.5 OK
US_Michigan_Macomb=Confirmed i: 102  30  45   5/4/2020 p:    6405    7263 e: -11.8 r:  79.0 OK
US_Michigan_Macomb=Confirmed i: 103  31  46          . p:    6407    7263 e: -11.8 r:  79.7 OK
US_Michigan_Macomb=Confirmed i: 104  32  47   5/6/2020 p:    6333    7263 e: -12.8 r:  80.3 OK
US_Michigan_Macomb=Confirmed i: 105  33  48          . p:    6333    7263 e: -12.8 r:  80.9 OK
US_Michigan_Macomb=Confirmed i: 106  34  49   5/8/2020 p:    6333    7263 e: -12.8 r:  82.1 OK
US_Michigan_Macomb=Confirmed i: 107  35  50          . p:    6333    7263 e: -12.8 r:  82.9 OK
US_Michigan_Macomb=Confirmed i: 108  36  51  5/10/2020 p:    6333    7263 e: -12.8 r:  83.2 OK
US_Michigan_Macomb=Confirmed i: 109  37  52          . p:    6333    7263 e: -12.8 r:  83.5 OK
US_Michigan_Macomb=Confirmed i: 110  38  53  5/12/2020 p:    6487    7263 e: -10.7 r:  83.9 OK
US_Michigan_Macomb=Confirmed i: 111  39  54          . p:    6449    7263 e: -11.2 r:  84.5 OK
US_Michigan_Macomb=Confirmed i: 112  40  55  5/14/2020 p:    6591    7263 e:  -9.3 r:  85.8 OK
US_Michigan_Macomb=Confirmed i: 113  41  56          . p:    6591    7263 e:  -9.3 r:  86.4 OK
US_Michigan_Macomb=Confirmed i: 114  42  57  5/16/2020 p:    6591    7263 e:  -9.3 r:  86.8 OK
US_Michigan_Macomb=Confirmed i: 115  43  58          . p:    6591    7263 e:  -9.3 r:  87.4 OK
US_Michigan_Macomb=Confirmed i: 116  44  59  5/18/2020 p:    6850    7263 e:  -5.7 r:  87.5 OK
US_Michigan_Macomb=Confirmed i: 117  45  60          . p:    6655    7263 e:  -8.4 r:  87.7 OK
US_Michigan_Macomb=Confirmed i: 118  46  61  5/20/2020 p:    6650    7263 e:  -8.4 r:  88.0 OK
US_Michigan_Macomb=Confirmed i: 119  47  62          . p:    6644    7263 e:  -8.5 r:  88.4 OK
US_Michigan_Macomb=Confirmed i: 120  48  63  5/22/2020 p:    6850    7263 e:  -5.7 r:  88.7 OK
US_Michigan_Macomb=Confirmed i: 121  49  64          . p:    6850    7263 e:  -5.7 r:  89.2 OK
US_Michigan_Macomb=Confirmed i: 122  50  65  5/24/2020 p:    6850    7263 e:  -5.7 r:  89.5 OK
US_Michigan_Macomb=Confirmed i: 123  51  66          . p:    6850    7263 e:  -5.7 r:  89.7 OK
US_Michigan_Macomb=Confirmed i: 124  52  67  5/26/2020 p:    6850    7263 e:  -5.7 r:  89.9 OK
US_Michigan_Macomb=Confirmed i: 125  53  68          . p:    6761    7263 e:  -6.9 r:  90.3 OK
US_Michigan_Macomb=Confirmed i: 126  54  69  5/28/2020 p:    6850    7263 e:  -5.7 r:  90.7 OK
US_Michigan_Macomb=Confirmed i: 127  55  70          . p:    6850    7263 e:  -5.7 r:  91.1 OK
US_Michigan_Macomb=Confirmed i: 128  56  71  5/30/2020 p:    6850    7263 e:  -5.7 r:  91.2 OK
US_Michigan_Macomb=Confirmed i: 129  57  72          . p:    6850    7263 e:  -5.7 r:  92.2 OK
US_Michigan_Macomb=Confirmed i: 130  58  73   6/1/2020 p:    6850    7263 e:  -5.7 r:  92.3 OK
US_Michigan_Macomb=Confirmed i: 131  59  74          . p:    6850    7263 e:  -5.7 r:  92.5 OK
US_Michigan_Macomb=Confirmed i: 132  60  75   6/3/2020 p:    6850    7263 e:  -5.7 r:  93.2 OK
US_Michigan_Macomb=Confirmed i: 133  61  76          . p:    7108    7263 e:  -2.1 r:  93.5 OK
US_Michigan_Macomb=Confirmed i: 134  62  77   6/5/2020 p:    7108    7263 e:  -2.1 r:  95.0 OK
US_Michigan_Macomb=Confirmed i: 135  63  78          . p:    7108    7263 e:  -2.1 r:  95.5 OK
US_Michigan_Macomb=Confirmed i: 136  64  79   6/7/2020 p:    7367    7263 e:   1.4 r:  96.3 OK
US_Michigan_Macomb=Confirmed i: 137  65  80          . p:    7367    7263 e:   1.4 r:  96.5 OK
US_Michigan_Macomb=Confirmed i: 138  66  81   6/9/2020 p:    7367    7263 e:   1.4 r:  96.3 OK
