
  # Process COVID TAB data
p1= 254 il= 138
p1= 277 il= 137
p1= 277 il= 136
p1= 277 il= 135
p1= 270 il= 134
Cameroon=Deaths nl = 139, n1= 5 s1= 271 s2= 73520.6 SD= 8.92188320927851 frac%= 3.29220782630203
Cameroon=Deaths i:  69  69 -14          . p:     113     271 e: -58.3 r:   2.2   
Cameroon=Deaths i:  71  71 -12          . p:       7     271 e: -97.4 r:   3.0   
Cameroon=Deaths i:  72  72 -11   4/4/2020 p:      11     271 e: -95.9 r:   3.3   
Cameroon=Deaths i:  73  73 -10          . p:      11     271 e: -95.9 r:   3.3   
Cameroon=Deaths i:  74  74  -9   4/6/2020 p:      11     271 e: -95.9 r:   3.3   
Cameroon=Deaths i:  75  75  -8          . p:       8     271 e: -97.0 r:   3.3   
Cameroon=Deaths i:  76  76  -7   4/8/2020 p:       9     271 e: -96.7 r:   3.7   
Cameroon=Deaths i:  77  77  -6          . p:       9     271 e: -96.7 r:   3.7   
Cameroon=Deaths i:  79  79  -4          . p:      27     271 e: -90.0 r:   4.4   
Cameroon=Deaths i:  80  80  -3  4/12/2020 p:      19     271 e: -93.0 r:   4.4   
Cameroon=Deaths i:  81  81  -2          . p:      19     271 e: -93.0 r:   4.4   
Cameroon=Deaths i:  82  82  -1  4/14/2020 p:      35     271 e: -87.1 r:   5.2   
Cameroon=Deaths i:  86  86   3  4/18/2020 p:      58     271 e: -78.6 r:   8.1   
Cameroon=Deaths i:  89  89   6          . p:      43     271 e: -84.1 r:  15.9   
Cameroon=Deaths i:  90  90   7  4/22/2020 p:      43     271 e: -84.1 r:  15.9   
Cameroon=Deaths i:  91  91   8          . p:      43     271 e: -84.1 r:  15.9   
Cameroon=Deaths i:  92  92   9  4/24/2020 p:      43     271 e: -84.1 r:  15.9   
Cameroon=Deaths i:  93  93  10          . p:      82     271 e: -69.7 r:  19.6   
Cameroon=Deaths i:  94  94  11  4/26/2020 p:      66     271 e: -75.6 r:  20.7   
Cameroon=Deaths i:  95  95  12          . p:      66     271 e: -75.6 r:  21.4   
Cameroon=Deaths i:  96  96  13  4/28/2020 p:      66     271 e: -75.6 r:  21.4   
Cameroon=Deaths i:  97  97  14          . p:      66     271 e: -75.6 r:  22.5   
Cameroon=Deaths i:  98  98  15  4/30/2020 p:      66     271 e: -75.6 r:  22.5   
Cameroon=Deaths i:  99  99  16          . p:      66     271 e: -75.6 r:  22.5   
Cameroon=Deaths i: 100 100  17   5/2/2020 p:      66     271 e: -75.6 r:  23.6   
Cameroon=Deaths i: 101 101  18          . p:      66     271 e: -75.6 r:  23.6   
Cameroon=Deaths i: 102 102  19   5/4/2020 p:      66     271 e: -75.6 r:  23.6   
Cameroon=Deaths i: 103 103  20          . p:      66     271 e: -75.6 r:  23.6   
Cameroon=Deaths i: 104 104  21   5/6/2020 p:     473     271 e:  74.5 r:  39.9   
Cameroon=Deaths i: 105 105  22          . p:     614     271 e: 126.6 r:  39.9   
Cameroon=Deaths i: 106 106  23   5/8/2020 p:       0     271 e: -100.0 r:  39.9   
Cameroon=Deaths i: 107 107  24          . p:       0     271 e: -100.0 r:  39.9   
Cameroon=Deaths i: 108 108  25  5/10/2020 p:     113     271 e: -58.3 r:  42.1   
Cameroon=Deaths i: 109 109  26          . p:     137     271 e: -49.4 r:  46.1   
Cameroon=Deaths i: 110 110  27  5/12/2020 p:     129     271 e: -52.4 r:  46.1   
Cameroon=Deaths i: 111 111  28          . p:     152     271 e: -43.9 r:  50.2   
Cameroon=Deaths i: 112 112  29  5/14/2020 p:     152     271 e: -43.9 r:  51.3   
Cameroon=Deaths i: 113 113  30          . p:     152     271 e: -43.9 r:  51.7   
Cameroon=Deaths i: 114 114  31  5/16/2020 p:     152     271 e: -43.9 r:  51.7   
Cameroon=Deaths i: 115 115  32          . p:     137     271 e: -49.4 r:  51.7   
Cameroon=Deaths i: 116 116  33  5/18/2020 p:     144     271 e: -46.9 r:  51.7   
Cameroon=Deaths i: 117 117  34          . p:     144     271 e: -46.9 r:  51.7   
Cameroon=Deaths i: 118 118  35  5/20/2020 p:     152     271 e: -43.9 r:  53.9   
Cameroon=Deaths i: 119 119  36          . p:     177     271 e: -34.7 r:  57.6   
Cameroon=Deaths i: 120 120  37  5/22/2020 p:     184     271 e: -32.1 r:  58.7   
Cameroon=Deaths i: 121 121  38          . p:     176     271 e: -35.1 r:  58.7   
Cameroon=Deaths i: 122 122  39  5/24/2020 p:     184     271 e: -32.1 r:  60.9   
Cameroon=Deaths i: 123 123  40          . p:     184     271 e: -32.1 r:  60.9   
Cameroon=Deaths i: 124 124  41  5/26/2020 p:     199     271 e: -26.6 r:  64.6   
Cameroon=Deaths i: 125 125  42          . p:     199     271 e: -26.6 r:  64.6   
Cameroon=Deaths i: 126 126  43  5/28/2020 p:     199     271 e: -26.6 r:  64.6   
Cameroon=Deaths i: 127 127  44          . p:     199     271 e: -26.6 r:  65.3   
Cameroon=Deaths i: 128   0  45  5/30/2020 p:     254     271 e:  -6.3 r:  70.5 OK 1st
Cameroon=Deaths i: 129   1  46          . p:     262     271 e:  -3.3 r:  70.5 OK
Cameroon=Deaths i: 130   2  47   6/1/2020 p:     270     271 e:  -0.4 r:  73.4 OK
Cameroon=Deaths i: 131   3  48          . p:     246     271 e:  -9.2 r:  73.8 OK
Cameroon=Deaths i: 132   4  49   6/3/2020 p:     246     271 e:  -9.2 r:  73.8 OK
Cameroon=Deaths i: 133   5  50          . p:     270     271 e:  -0.4 r:  74.9 OK
Cameroon=Deaths i: 134   6  51   6/5/2020 p:     270     271 e:  -0.4 r:  75.6 OK
Cameroon=Deaths i: 135   7  52          . p:     277     271 e:   2.2 r:  78.2 OK
Cameroon=Deaths i: 136   8  53   6/7/2020 p:     277     271 e:   2.2 r:  78.2 OK
Cameroon=Deaths i: 137   9  54          . p:     277     271 e:   2.2 r:  78.2 OK
Cameroon=Deaths i: 138  10  55   6/9/2020 p:     254     271 e:  -6.3 r:  78.2 OK
