
  # Process COVID TAB data
p1= 1094 il= 138
p1= 1094 il= 137
p1= 1094 il= 136
p1= 1094 il= 135
p1= 1094 il= 134
Italy_Toscana=Deaths nl = 139, n1= 5 s1= 1094 s2= 1196836 SD= 0 frac%= 0
Italy_Toscana=Deaths i:  53  53  -1          . p:      32    1094 e: -97.1 r:   1.3   
Italy_Toscana=Deaths i:  54  54   0  3/17/2020 p:      59    1094 e: -94.6 r:   1.6   
Italy_Toscana=Deaths i:  55  55   1          . p:      59    1094 e: -94.6 r:   2.0   
Italy_Toscana=Deaths i:  56  56   2  3/19/2020 p:     457    1094 e: -58.2 r:   3.5   
Italy_Toscana=Deaths i:  57  57   3          . p:     497    1094 e: -54.6 r:   4.3   
Italy_Toscana=Deaths i:  58  58   4  3/21/2020 p:    2128    1094 e:  94.5 r:   6.6   
Italy_Toscana=Deaths i:  59  59   5          . p:       0    1094 e: -100.0 r:   8.3   
Italy_Toscana=Deaths i:  60  60   6  3/23/2020 p:     258    1094 e: -76.4 r:  10.0   
Italy_Toscana=Deaths i:  61  61   7          . p:     258    1094 e: -76.4 r:  11.8   
Italy_Toscana=Deaths i:  62  62   8  3/25/2020 p:     218    1094 e: -80.1 r:  13.0   
Italy_Toscana=Deaths i:  63  63   9          . p:     220    1094 e: -79.9 r:  14.4   
Italy_Toscana=Deaths i:  64  64  10  3/27/2020 p:     243    1094 e: -77.8 r:  16.2   
Italy_Toscana=Deaths i:  65  65  11          . p:     297    1094 e: -72.9 r:  18.1   
Italy_Toscana=Deaths i:  66  66  12  3/29/2020 p:     338    1094 e: -69.1 r:  19.7   
Italy_Toscana=Deaths i:  67  67  13          . p:     328    1094 e: -70.0 r:  21.1   
Italy_Toscana=Deaths i:  68  68  14  3/31/2020 p:     443    1094 e: -59.5 r:  22.3   
Italy_Toscana=Deaths i:  69  69  15          . p:     337    1094 e: -69.2 r:  23.1   
Italy_Toscana=Deaths i:  70  70  16   4/2/2020 p:     340    1094 e: -68.9 r:  24.5   
Italy_Toscana=Deaths i:  71  71  17          . p:     371    1094 e: -66.1 r:  26.5   
Italy_Toscana=Deaths i:  72  72  18   4/4/2020 p:     417    1094 e: -61.9 r:  28.1   
Italy_Toscana=Deaths i:  73  73  19          . p:     417    1094 e: -61.9 r:  29.7   
Italy_Toscana=Deaths i:  74  74  20   4/6/2020 p:     457    1094 e: -58.2 r:  32.0   
Italy_Toscana=Deaths i:  75  75  21          . p:     497    1094 e: -54.6 r:  33.7   
Italy_Toscana=Deaths i:  76  76  22   4/8/2020 p:     537    1094 e: -50.9 r:  35.8   
Italy_Toscana=Deaths i:  77  77  23          . p:     537    1094 e: -50.9 r:  37.3   
Italy_Toscana=Deaths i:  78  78  24  4/10/2020 p:     616    1094 e: -43.7 r:  41.5   
Italy_Toscana=Deaths i:  79  79  25          . p:     656    1094 e: -40.0 r:  42.7   
Italy_Toscana=Deaths i:  80  80  26  4/12/2020 p:     696    1094 e: -36.4 r:  45.2   
Italy_Toscana=Deaths i:  81  81  27          . p:     696    1094 e: -36.4 r:  47.3   
Italy_Toscana=Deaths i:  82  82  28  4/14/2020 p:     736    1094 e: -32.7 r:  49.2   
Italy_Toscana=Deaths i:  83  83  29          . p:     775    1094 e: -29.2 r:  50.8   
Italy_Toscana=Deaths i:  84  84  30  4/16/2020 p:     815    1094 e: -25.5 r:  53.5   
Italy_Toscana=Deaths i:  85  85  31          . p:     818    1094 e: -25.2 r:  55.0   
Italy_Toscana=Deaths i:  86  86  32  4/18/2020 p:     836    1094 e: -23.6 r:  56.5   
Italy_Toscana=Deaths i:  87  87  33          . p:     834    1094 e: -23.8 r:  58.2   
Italy_Toscana=Deaths i:  88   0  34  4/20/2020 p:     977    1094 e: -10.7 r:  61.0 OK 1st
Italy_Toscana=Deaths i:  89   1  35          . p:     895    1094 e: -18.2 r:  62.7   
Italy_Toscana=Deaths i:  90   2  36  4/22/2020 p:     935    1094 e: -14.5 r:  64.4 OK
Italy_Toscana=Deaths i:  91   3  37          . p:     935    1094 e: -14.5 r:  66.1 OK
Italy_Toscana=Deaths i:  92   4  38  4/24/2020 p:    1107    1094 e:   1.2 r:  67.8 OK
Italy_Toscana=Deaths i:  93   5  39          . p:    1123    1094 e:   2.7 r:  69.5 OK
Italy_Toscana=Deaths i:  94   6  40  4/26/2020 p:    1134    1094 e:   3.7 r:  71.1 OK
Italy_Toscana=Deaths i:  95   7  41          . p:    1143    1094 e:   4.5 r:  72.7 OK
Italy_Toscana=Deaths i:  96   8  42  4/28/2020 p:    1141    1094 e:   4.3 r:  74.1 OK
Italy_Toscana=Deaths i:  97   9  43          . p:    1157    1094 e:   5.8 r:  75.6 OK
Italy_Toscana=Deaths i:  98  10  44  4/30/2020 p:    1153    1094 e:   5.4 r:  77.0 OK
Italy_Toscana=Deaths i:  99  11  45          . p:    1155    1094 e:   5.6 r:  78.1 OK
Italy_Toscana=Deaths i: 100  12  46   5/2/2020 p:    1055    1094 e:  -3.6 r:  78.9 OK
Italy_Toscana=Deaths i: 101  13  47          . p:    1122    1094 e:   2.6 r:  79.7 OK
Italy_Toscana=Deaths i: 102  14  48   5/4/2020 p:    1100    1094 e:   0.5 r:  80.5 OK
Italy_Toscana=Deaths i: 103  15  49          . p:     946    1094 e: -13.5 r:  81.3 OK
Italy_Toscana=Deaths i: 104  16  50   5/6/2020 p:    1069    1094 e:  -2.3 r:  82.2 OK
Italy_Toscana=Deaths i: 105  17  51          . p:    1054    1094 e:  -3.7 r:  83.6 OK
Italy_Toscana=Deaths i: 106  18  52   5/8/2020 p:    1094    1094 e:   0.0 r:  85.0 OK
Italy_Toscana=Deaths i: 107  19  53          . p:    1094    1094 e:   0.0 r:  85.6 OK
Italy_Toscana=Deaths i: 108  20  54  5/10/2020 p:    1094    1094 e:   0.0 r:  86.1 OK
Italy_Toscana=Deaths i: 109  21  55          . p:    1094    1094 e:   0.0 r:  86.8 OK
Italy_Toscana=Deaths i: 110  22  56  5/12/2020 p:    1083    1094 e:  -1.0 r:  87.7 OK
Italy_Toscana=Deaths i: 111  23  57          . p:    1094    1094 e:   0.0 r:  88.1 OK
Italy_Toscana=Deaths i: 112  24  58  5/14/2020 p:    1094    1094 e:   0.0 r:  88.9 OK
Italy_Toscana=Deaths i: 113  25  59          . p:    1074    1094 e:  -1.8 r:  89.2 OK
Italy_Toscana=Deaths i: 114  26  60  5/16/2020 p:    1078    1094 e:  -1.5 r:  89.5 OK
Italy_Toscana=Deaths i: 115  27  61          . p:    1067    1094 e:  -2.5 r:  89.9 OK
Italy_Toscana=Deaths i: 116  28  62  5/18/2020 p:    1067    1094 e:  -2.5 r:  90.4 OK
Italy_Toscana=Deaths i: 117  29  63          . p:    1054    1094 e:  -3.7 r:  90.7 OK
Italy_Toscana=Deaths i: 118  30  64  5/20/2020 p:    1054    1094 e:  -3.7 r:  91.2 OK
Italy_Toscana=Deaths i: 119  31  65          . p:    1054    1094 e:  -3.7 r:  91.8 OK
Italy_Toscana=Deaths i: 120  32  66  5/22/2020 p:    1054    1094 e:  -3.7 r:  92.2 OK
Italy_Toscana=Deaths i: 121  33  67          . p:    1054    1094 e:  -3.7 r:  92.4 OK
Italy_Toscana=Deaths i: 122  34  68  5/24/2020 p:    1054    1094 e:  -3.7 r:  92.6 OK
Italy_Toscana=Deaths i: 123  35  69          . p:    1067    1094 e:  -2.5 r:  92.8 OK
Italy_Toscana=Deaths i: 124  36  70  5/26/2020 p:    1066    1094 e:  -2.6 r:  93.3 OK
Italy_Toscana=Deaths i: 125  37  71          . p:    1054    1094 e:  -3.7 r:  93.9 OK
Italy_Toscana=Deaths i: 126  38  72  5/28/2020 p:    1094    1094 e:   0.0 r:  94.1 OK
Italy_Toscana=Deaths i: 127  39  73          . p:    1094    1094 e:   0.0 r:  94.2 OK
Italy_Toscana=Deaths i: 128  40  74  5/30/2020 p:    1094    1094 e:   0.0 r:  94.8 OK
Italy_Toscana=Deaths i: 129  41  75          . p:    1094    1094 e:   0.0 r:  95.2 OK
Italy_Toscana=Deaths i: 130  42  76   6/1/2020 p:    1094    1094 e:   0.0 r:  95.8 OK
Italy_Toscana=Deaths i: 131  43  77          . p:    1094    1094 e:   0.0 r:  96.3 OK
Italy_Toscana=Deaths i: 132  44  78   6/3/2020 p:    1094    1094 e:   0.0 r:  96.4 OK
Italy_Toscana=Deaths i: 133  45  79          . p:    1094    1094 e:   0.0 r:  96.8 OK
Italy_Toscana=Deaths i: 134  46  80   6/5/2020 p:    1094    1094 e:   0.0 r:  97.2 OK
Italy_Toscana=Deaths i: 135  47  81          . p:    1094    1094 e:   0.0 r:  97.6 OK
Italy_Toscana=Deaths i: 136  48  82   6/7/2020 p:    1094    1094 e:   0.0 r:  97.8 OK
Italy_Toscana=Deaths i: 137  49  83          . p:    1094    1094 e:   0.0 r:  98.2 OK
Italy_Toscana=Deaths i: 138  50  84   6/9/2020 p:    1094    1094 e:   0.0 r:  98.4 OK
