
  # Process COVID TAB data
p1= 113000 il= 138
p1= 109194 il= 137
p1= 113349 il= 136
p1= 112873 il= 135
p1= 108357 il= 134
Canada=Confirmed nl = 139, n1= 5 s1= 111354.6 s2= 12404375803 SD= 2128.112271474 frac%= 1.91111303122997
Canada=Confirmed i:   9   9 -38          . p:    1814  111354 e: -98.4 r:   0.0   
Canada=Confirmed i:  16  16 -31   2/8/2020 p:    1814  111354 e: -98.4 r:   0.0   
Canada=Confirmed i:  17  17 -30          . p:    1814  111354 e: -98.4 r:   0.0   
Canada=Confirmed i:  18  18 -29  2/10/2020 p:    1814  111354 e: -98.4 r:   0.0   
Canada=Confirmed i:  19  19 -28          . p:    1814  111354 e: -98.4 r:   0.0   
Canada=Confirmed i:  20  20 -27  2/12/2020 p:    1814  111354 e: -98.4 r:   0.0   
Canada=Confirmed i:  21  21 -26          . p:    1814  111354 e: -98.4 r:   0.0   
Canada=Confirmed i:  22  22 -25  2/14/2020 p:    1814  111354 e: -98.4 r:   0.0   
Canada=Confirmed i:  23  23 -24          . p:    1807  111354 e: -98.4 r:   0.0   
Canada=Confirmed i:  28  28 -19  2/20/2020 p:    1658  111354 e: -98.5 r:   0.0   
Canada=Confirmed i:  29  29 -18          . p:    1814  111354 e: -98.4 r:   0.0   
Canada=Confirmed i:  30  30 -17  2/22/2020 p:    1814  111354 e: -98.4 r:   0.0   
Canada=Confirmed i:  31  31 -16          . p:    1814  111354 e: -98.4 r:   0.0   
Canada=Confirmed i:  32  32 -15  2/24/2020 p:    1814  111354 e: -98.4 r:   0.0   
Canada=Confirmed i:  33  33 -14          . p:    1814  111354 e: -98.4 r:   0.0   
Canada=Confirmed i:  34  34 -13  2/26/2020 p:    1814  111354 e: -98.4 r:   0.0   
Canada=Confirmed i:  35  35 -12          . p:    1814  111354 e: -98.4 r:   0.0   
Canada=Confirmed i:  36  36 -11  2/28/2020 p:    1814  111354 e: -98.4 r:   0.0   
Canada=Confirmed i:  37  37 -10          . p:    1814  111354 e: -98.4 r:   0.0   
Canada=Confirmed i:  38  38  -9   3/1/2020 p:    1814  111354 e: -98.4 r:   0.0   
Canada=Confirmed i:  39  39  -8          . p:    1814  111354 e: -98.4 r:   0.0   
Canada=Confirmed i:  40  40  -7   3/3/2020 p:    1814  111354 e: -98.4 r:   0.0   
Canada=Confirmed i:  41  41  -6          . p:    1814  111354 e: -98.4 r:   0.0   
Canada=Confirmed i:  42  42  -5   3/5/2020 p:    1814  111354 e: -98.4 r:   0.0   
Canada=Confirmed i:  43  43  -4          . p:    1814  111354 e: -98.4 r:   0.0   
Canada=Confirmed i:  44  44  -3   3/7/2020 p:    1814  111354 e: -98.4 r:   0.0   
Canada=Confirmed i:  45  45  -2          . p:    5444  111354 e: -95.1 r:   0.1   
Canada=Confirmed i:  46  46  -1   3/9/2020 p:    5444  111354 e: -95.1 r:   0.1   
Canada=Confirmed i:  47  47   0          . p:    1814  111354 e: -98.4 r:   0.1   
Canada=Confirmed i:  49  49   2          . p:  215957  111354 e:  93.9 r:   0.1   
Canada=Confirmed i:  52  52   5  3/15/2020 p:    1814  111354 e: -98.4 r:   0.2   
Canada=Confirmed i:  56  56   9  3/19/2020 p:    1814  111354 e: -98.4 r:   0.7   
Canada=Confirmed i:  57  57  10          . p:    1814  111354 e: -98.4 r:   0.8   
Canada=Confirmed i:  58  58  11  3/21/2020 p:    9073  111354 e: -91.9 r:   1.1   
Canada=Confirmed i:  59  59  12          . p:    9073  111354 e: -91.9 r:   1.3   
Canada=Confirmed i:  60  60  13  3/23/2020 p:  215957  111354 e:  93.9 r:   1.9   
Canada=Confirmed i:  63  63  16          . p:   30851  111354 e: -72.3 r:   3.6   
Canada=Confirmed i:  64  64  17  3/27/2020 p:    9073  111354 e: -91.9 r:   4.2   
Canada=Confirmed i:  65  65  18          . p:   23592  111354 e: -78.8 r:   5.0   
Canada=Confirmed i:  66  66  19  3/29/2020 p:   19962  111354 e: -82.1 r:   5.7   
Canada=Confirmed i:  67  67  20          . p:   27221  111354 e: -75.6 r:   6.6   
Canada=Confirmed i:  68  68  21  3/31/2020 p:   92553  111354 e: -16.9 r:   7.7   
Canada=Confirmed i:  69  69  22          . p:   34480  111354 e: -69.0 r:   8.6   
Canada=Confirmed i:  70  70  23   4/2/2020 p:   48998  111354 e: -56.0 r:  10.1   
Canada=Confirmed i:  71  71  24          . p:   56257  111354 e: -49.5 r:  11.2   
Canada=Confirmed i:  72  72  25   4/4/2020 p:   41739  111354 e: -62.5 r:  11.7   
Canada=Confirmed i:  73  73  26          . p:   56257  111354 e: -49.5 r:  13.8   
Canada=Confirmed i:  74  74  27   4/6/2020 p:   88923  111354 e: -20.1 r:  14.9   
Canada=Confirmed i:  75  75  28          . p:   56257  111354 e: -49.5 r:  16.0   
Canada=Confirmed i:  76  76  29   4/8/2020 p:   56257  111354 e: -49.5 r:  17.2   
Canada=Confirmed i:  77  77  30          . p:   56257  111354 e: -49.5 r:  18.5   
Canada=Confirmed i:  78  78  31  4/10/2020 p:   56257  111354 e: -49.5 r:  19.8   
Canada=Confirmed i:  79  79  32          . p:   56257  111354 e: -49.5 r:  20.9   
Canada=Confirmed i:  80  80  33  4/12/2020 p:   52628  111354 e: -52.7 r:  21.9   
Canada=Confirmed i:  81  81  34          . p:   48998  111354 e: -56.0 r:  23.1   
Canada=Confirmed i:  82  82  35  4/14/2020 p:   45369  111354 e: -59.3 r:  24.3   
Canada=Confirmed i:  83  83  36          . p:   48998  111354 e: -56.0 r:  25.4   
Canada=Confirmed i:  84  84  37  4/16/2020 p:   56257  111354 e: -49.5 r:  27.7   
Canada=Confirmed i:  85  85  38          . p:   59887  111354 e: -46.2 r:  29.5   
Canada=Confirmed i:  86  86  39  4/18/2020 p:   63516  111354 e: -43.0 r:  30.9   
Canada=Confirmed i:  87  87  40          . p:   63516  111354 e: -43.0 r:  32.0   
Canada=Confirmed i:  88  88  41  4/20/2020 p:   67146  111354 e: -39.7 r:  33.8   
Canada=Confirmed i:  89  89  42          . p:   70776  111354 e: -36.4 r:  35.4   
Canada=Confirmed i:  90  90  43  4/22/2020 p:   74405  111354 e: -33.2 r:  37.4   
Canada=Confirmed i:  91  91  44          . p:   74405  111354 e: -33.2 r:  38.9   
Canada=Confirmed i:  92  92  45  4/24/2020 p:   78035  111354 e: -29.9 r:  40.3   
Canada=Confirmed i:  93  93  46          . p:   78035  111354 e: -29.9 r:  41.6   
Canada=Confirmed i:  94  94  47  4/26/2020 p:   78035  111354 e: -29.9 r:  43.2   
Canada=Confirmed i:  95  95  48          . p:   81664  111354 e: -26.7 r:  44.6   
Canada=Confirmed i:  96  96  49  4/28/2020 p:   81664  111354 e: -26.7 r:  45.9   
Canada=Confirmed i:  97  97  50          . p:   85294  111354 e: -23.4 r:  47.5   
Canada=Confirmed i:  98  98  51  4/30/2020 p:   85294  111354 e: -23.4 r:  48.9   
Canada=Confirmed i:  99  99  52          . p:   85294  111354 e: -23.4 r:  50.6   
Canada=Confirmed i: 100 100  53   5/2/2020 p:   88923  111354 e: -20.1 r:  52.0   
Canada=Confirmed i: 101 101  54          . p:   88923  111354 e: -20.1 r:  54.3   
Canada=Confirmed i: 102 102  55   5/4/2020 p:   92553  111354 e: -16.9 r:  55.6   
Canada=Confirmed i: 103 103  56          . p:   92553  111354 e: -16.9 r:  56.8   
Canada=Confirmed i: 104   0  57   5/6/2020 p:   96182  111354 e: -13.6 r:  58.1 OK 1st
Canada=Confirmed i: 105   1  58          . p:   96182  111354 e: -13.6 r:  59.5 OK
Canada=Confirmed i: 106   2  59   5/8/2020 p:   96182  111354 e: -13.6 r:  60.8 OK
Canada=Confirmed i: 107   3  60          . p:   96182  111354 e: -13.6 r:  61.9 OK
Canada=Confirmed i: 108   4  61  5/10/2020 p:   99812  111354 e: -10.4 r:  62.9 OK
Canada=Confirmed i: 109   5  62          . p:   99812  111354 e: -10.4 r:  64.0 OK
Canada=Confirmed i: 110   6  63  5/12/2020 p:  107071  111354 e:  -3.8 r:  65.0 OK
Canada=Confirmed i: 111   7  64          . p:  107071  111354 e:  -3.8 r:  66.1 OK
Canada=Confirmed i: 112   8  65  5/14/2020 p:   99812  111354 e: -10.4 r:  67.2 OK
Canada=Confirmed i: 113   9  66          . p:   99812  111354 e: -10.4 r:  68.2 OK
Canada=Confirmed i: 114  10  67  5/16/2020 p:   99812  111354 e: -10.4 r:  69.3 OK
Canada=Confirmed i: 115  11  68          . p:   99812  111354 e: -10.4 r:  70.3 OK
Canada=Confirmed i: 116  12  69  5/18/2020 p:  101173  111354 e:  -9.1 r:  71.3 OK
Canada=Confirmed i: 117  13  70          . p:  104105  111354 e:  -6.5 r:  72.3 OK
Canada=Confirmed i: 118  14  71  5/20/2020 p:  104655  111354 e:  -6.0 r:  73.3 OK
Canada=Confirmed i: 119  15  72          . p:  106704  111354 e:  -4.2 r:  74.3 OK
Canada=Confirmed i: 120  16  73  5/22/2020 p:  107071  111354 e:  -3.8 r:  75.4 OK
Canada=Confirmed i: 121  17  74          . p:  107071  111354 e:  -3.8 r:  76.5 OK
Canada=Confirmed i: 122  18  75  5/24/2020 p:  110700  111354 e:  -0.6 r:  77.3 OK
Canada=Confirmed i: 123  19  76          . p:  110643  111354 e:  -0.6 r:  78.2 OK
Canada=Confirmed i: 124  20  77  5/26/2020 p:  112085  111354 e:   0.7 r:  79.1 OK
Canada=Confirmed i: 125  21  78          . p:  111860  111354 e:   0.5 r:  79.9 OK
Canada=Confirmed i: 126  22  79  5/28/2020 p:  112270  111354 e:   0.8 r:  80.8 OK
Canada=Confirmed i: 127  23  80          . p:  111499  111354 e:   0.1 r:  81.6 OK
Canada=Confirmed i: 128  24  81  5/30/2020 p:  113455  111354 e:   1.9 r:  82.3 OK
Canada=Confirmed i: 129  25  82          . p:  113349  111354 e:   1.8 r:  83.0 OK
Canada=Confirmed i: 130  26  83   6/1/2020 p:  113371  111354 e:   1.8 r:  83.8 OK
Canada=Confirmed i: 131  27  84          . p:  112975  111354 e:   1.5 r:  84.4 OK
Canada=Confirmed i: 132  28  85   6/3/2020 p:  113119  111354 e:   1.6 r:  85.0 OK
Canada=Confirmed i: 133  29  86          . p:  108235  111354 e:  -2.8 r:  85.6 OK
Canada=Confirmed i: 134  30  87   6/5/2020 p:  108357  111354 e:  -2.7 r:  86.2 OK
Canada=Confirmed i: 135  31  88          . p:  112873  111354 e:   1.4 r:  86.6 OK
Canada=Confirmed i: 136  32  89   6/7/2020 p:  113349  111354 e:   1.8 r:  87.3 OK
Canada=Confirmed i: 137  33  90          . p:  109194  111354 e:  -1.9 r:  87.8 OK
Canada=Confirmed i: 138  34  91   6/9/2020 p:  113000  111354 e:   1.5 r:  88.2 OK
