
  # Process COVID TAB data
p1= 3423 il= 138
p1= 2510 il= 137
p1= 2358 il= 136
p1= 2358 il= 135
p1= 2054 il= 134
Colombia=Deaths nl = 139, n1= 5 s1= 2540.6 s2= 6671254.6 SD= 465.409754947187 frac%= 18.3188914015267
Colombia=Deaths i:  65  65  -5          . p:      25    2540 e: -99.0 r:   0.2   
Colombia=Deaths i:  69  69  -1          . p:      25    2540 e: -99.0 r:   0.7   
Colombia=Deaths i:  70  70   0   4/2/2020 p:      25    2540 e: -99.0 r:   0.7   
Colombia=Deaths i:  71  71   1          . p:      76    2540 e: -97.0 r:   1.0   
Colombia=Deaths i:  72  72   2   4/4/2020 p:     177    2540 e: -93.0 r:   1.3   
Colombia=Deaths i:  73  73   3          . p:     177    2540 e: -93.0 r:   1.4   
Colombia=Deaths i:  74  74   4   4/6/2020 p:     735    2540 e: -71.1 r:   1.8   
Colombia=Deaths i:  75  75   5          . p:     583    2540 e: -77.1 r:   2.0   
Colombia=Deaths i:  76  76   6   4/8/2020 p:    3829    2540 e:  50.7 r:   2.1   
Colombia=Deaths i:  77  77   7          . p:     583    2540 e: -77.1 r:   2.7   
Colombia=Deaths i:  78  78   8  4/10/2020 p:    1090    2540 e: -57.1 r:   3.1   
Colombia=Deaths i:  79  79   9          . p:       0    2540 e: -100.0 r:   3.9   
Colombia=Deaths i:  80  80  10  4/12/2020 p:       0    2540 e: -100.0 r:   4.3   
Colombia=Deaths i:  81  81  11          . p:     126    2540 e: -95.0 r:   4.4   
Colombia=Deaths i:  82  82  12  4/14/2020 p:     177    2540 e: -93.0 r:   5.0   
Colombia=Deaths i:  83  83  13          . p:     148    2540 e: -94.2 r:   5.2   
Colombia=Deaths i:  84  84  14  4/16/2020 p:     177    2540 e: -93.0 r:   5.7   
Colombia=Deaths i:  85  85  15          . p:     228    2540 e: -91.0 r:   6.0   
Colombia=Deaths i:  86  86  16  4/18/2020 p:     191    2540 e: -92.5 r:   6.0   
Colombia=Deaths i:  87  87  17          . p:     329    2540 e: -87.1 r:   7.0   
Colombia=Deaths i:  88  88  18  4/20/2020 p:     329    2540 e: -87.1 r:   7.4   
Colombia=Deaths i:  89  89  19          . p:     329    2540 e: -87.1 r:   7.7   
Colombia=Deaths i:  90  90  20  4/22/2020 p:     329    2540 e: -87.1 r:   8.1   
Colombia=Deaths i:  91  91  21          . p:     348    2540 e: -86.3 r:   8.5   
Colombia=Deaths i:  92  92  22  4/24/2020 p:     348    2540 e: -86.3 r:   8.9   
Colombia=Deaths i:  93  93  23          . p:     354    2540 e: -86.1 r:   9.2   
Colombia=Deaths i:  94  94  24  4/26/2020 p:     353    2540 e: -86.1 r:   9.6   
Colombia=Deaths i:  95  95  25          . p:     364    2540 e: -85.7 r:  10.0   
Colombia=Deaths i:  96  96  26  4/28/2020 p:     380    2540 e: -85.0 r:  10.6   
Colombia=Deaths i:  97  97  27          . p:     431    2540 e: -83.0 r:  10.9   
Colombia=Deaths i:  98  98  28  4/30/2020 p:     431    2540 e: -83.0 r:  11.5   
Colombia=Deaths i:  99  99  29          . p:     481    2540 e: -81.1 r:  12.4   
Colombia=Deaths i: 100 100  30   5/2/2020 p:     532    2540 e: -79.1 r:  12.8   
Colombia=Deaths i: 101 101  31          . p:     532    2540 e: -79.1 r:  13.4   
Colombia=Deaths i: 102 102  32   5/4/2020 p:     583    2540 e: -77.1 r:  14.1   
Colombia=Deaths i: 103 103  33          . p:     583    2540 e: -77.1 r:  14.9   
Colombia=Deaths i: 104 104  34   5/6/2020 p:     634    2540 e: -75.0 r:  15.6   
Colombia=Deaths i: 105 105  35          . p:     684    2540 e: -73.1 r:  16.0   
Colombia=Deaths i: 106 106  36   5/8/2020 p:     684    2540 e: -73.1 r:  16.8   
Colombia=Deaths i: 107 107  37          . p:     735    2540 e: -71.1 r:  17.5   
Colombia=Deaths i: 108 108  38  5/10/2020 p:     786    2540 e: -69.1 r:  18.2   
Colombia=Deaths i: 109 109  39          . p:     786    2540 e: -69.1 r:  18.9   
Colombia=Deaths i: 110 110  40  5/12/2020 p:     836    2540 e: -67.1 r:  19.4   
Colombia=Deaths i: 111 111  41          . p:     836    2540 e: -67.1 r:  20.0   
Colombia=Deaths i: 112 112  42  5/14/2020 p:     887    2540 e: -65.1 r:  20.7   
Colombia=Deaths i: 113 113  43          . p:     887    2540 e: -65.1 r:  21.5   
Colombia=Deaths i: 114 114  44  5/16/2020 p:     887    2540 e: -65.1 r:  22.1   
Colombia=Deaths i: 115 115  45          . p:     923    2540 e: -63.7 r:  22.6   
Colombia=Deaths i: 116 116  46  5/18/2020 p:    1133    2540 e: -55.4 r:  23.3   
Colombia=Deaths i: 117 117  47          . p:     955    2540 e: -62.4 r:  24.1   
Colombia=Deaths i: 118 118  48  5/20/2020 p:     989    2540 e: -61.1 r:  24.8   
Colombia=Deaths i: 119 119  49          . p:    1394    2540 e: -45.1 r:  25.7   
Colombia=Deaths i: 120 120  50  5/22/2020 p:    1039    2540 e: -59.1 r:  26.8   
Colombia=Deaths i: 121 121  51          . p:    1090    2540 e: -57.1 r:  27.7   
Colombia=Deaths i: 122 122  52  5/24/2020 p:    1141    2540 e: -55.1 r:  28.6   
Colombia=Deaths i: 123 123  53          . p:    1192    2540 e: -53.1 r:  29.5   
Colombia=Deaths i: 124 124  54  5/26/2020 p:    1242    2540 e: -51.1 r:  30.5   
Colombia=Deaths i: 125 125  55          . p:    1242    2540 e: -51.1 r:  31.6   
Colombia=Deaths i: 126 126  56  5/28/2020 p:    1344    2540 e: -47.1 r:  32.8   
Colombia=Deaths i: 127 127  57          . p:    1344    2540 e: -47.1 r:  33.7   
Colombia=Deaths i: 128 128  58  5/30/2020 p:    1394    2540 e: -45.1 r:  35.1   
Colombia=Deaths i: 129 129  59          . p:    1496    2540 e: -41.1 r:  36.1   
Colombia=Deaths i: 130 130  60   6/1/2020 p:    1547    2540 e: -39.1 r:  37.9   
Colombia=Deaths i: 131 131  61          . p:    1648    2540 e: -35.1 r:  39.9   
Colombia=Deaths i: 132 132  62   6/3/2020 p:    1750    2540 e: -31.1 r:  41.6   
Colombia=Deaths i: 133 133  63          . p:    1851    2540 e: -27.1 r:  43.3   
Colombia=Deaths i: 134 134  64   6/5/2020 p:    2054    2540 e: -19.2 r:  47.4   
Colombia=Deaths i: 135   0  65          . p:    2358    2540 e:  -7.2 r:  48.6 OK 1st
Colombia=Deaths i: 136   1  66   6/7/2020 p:    2358    2540 e:  -7.2 r:  49.8 OK
Colombia=Deaths i: 137   2  67          . p:    2510    2540 e:  -1.2 r:  54.0 OK
Colombia=Deaths i: 138   3  68   6/9/2020 p:    3423    2540 e:  34.7 r:  54.0   
