
  # Process COVID TAB data
p1= 16577 il= 138
p1= 16577 il= 137
p1= 16577 il= 136
p1= 16577 il= 135
p1= 16577 il= 134
Italy_Lombardia=Deaths nl = 139, n1= 5 s1= 16577 s2= 274796929 SD= 0 frac%= 0
Italy_Lombardia=Deaths i:  43  43   7          . p:    2109   16577 e: -87.3 r:   0.8   
Italy_Lombardia=Deaths i:  44  44   8   3/7/2020 p:     904   16577 e: -94.5 r:   0.9   
Italy_Lombardia=Deaths i:  48  48  12  3/11/2020 p:   35265   16577 e: 112.7 r:   3.7   
Italy_Lombardia=Deaths i:  49  49  13          . p:    2109   16577 e: -87.3 r:   4.5   
Italy_Lombardia=Deaths i:  50  50  14  3/13/2020 p:    2109   16577 e: -87.3 r:   5.4   
Italy_Lombardia=Deaths i:  51  51  15          . p:    1507   16577 e: -90.9 r:   5.8   
Italy_Lombardia=Deaths i:  52  52  16  3/15/2020 p:    3315   16577 e: -80.0 r:   7.3   
Italy_Lombardia=Deaths i:  53  53  17          . p:    3315   16577 e: -80.0 r:   8.6   
Italy_Lombardia=Deaths i:  54  54  18  3/17/2020 p:    5726   16577 e: -65.5 r:   9.9   
Italy_Lombardia=Deaths i:  55  55  19          . p:    6329   16577 e: -61.8 r:  11.8   
Italy_Lombardia=Deaths i:  56  56  20  3/19/2020 p:    5726   16577 e: -65.5 r:  13.1   
Italy_Lombardia=Deaths i:  57   0  21          . p:   14166   16577 e: -14.5 r:  15.4 OK 1st
Italy_Lombardia=Deaths i:  58   1  22  3/21/2020 p:   14769   16577 e: -10.9 r:  18.7 OK
Italy_Lombardia=Deaths i:  59   2  23          . p:   17783   16577 e:   7.3 r:  20.8 OK
Italy_Lombardia=Deaths i:  60   3  24  3/23/2020 p:   18989   16577 e:  14.6 r:  22.8 OK
Italy_Lombardia=Deaths i:  61   4  25          . p:   18989   16577 e:  14.6 r:  25.2 OK
Italy_Lombardia=Deaths i:  62   5  26  3/25/2020 p:   18140   16577 e:   9.4 r:  27.0 OK
Italy_Lombardia=Deaths i:  63   6  27          . p:   17218   16577 e:   3.9 r:  29.3 OK
Italy_Lombardia=Deaths i:  64   7  28  3/27/2020 p:   17783   16577 e:   7.3 r:  32.6 OK
Italy_Lombardia=Deaths i:  65   8  29          . p:   20194   16577 e:  21.8 r:  35.9   
Italy_Lombardia=Deaths i:  66   9  30  3/29/2020 p:   18989   16577 e:  14.6 r:  38.4 OK
Italy_Lombardia=Deaths i:  67  10  31          . p:   19592   16577 e:  18.2 r:  41.1   
Italy_Lombardia=Deaths i:  68  11  32  3/31/2020 p:   19070   16577 e:  15.0 r:  43.4   
Italy_Lombardia=Deaths i:  69  12  33          . p:   15809   16577 e:  -4.6 r:  45.8 OK
Italy_Lombardia=Deaths i:  70  13  34   4/2/2020 p:   18273   16577 e:  10.2 r:  48.0 OK
Italy_Lombardia=Deaths i:  71  14  35          . p:   15162   16577 e:  -8.5 r:  50.1 OK
Italy_Lombardia=Deaths i:  72  15  36   4/4/2020 p:   17835   16577 e:   7.6 r:  52.2 OK
Italy_Lombardia=Deaths i:  73  16  37          . p:   16683   16577 e:   0.6 r:  53.7 OK
Italy_Lombardia=Deaths i:  74  17  38   4/6/2020 p:   11595   16577 e: -30.1 r:  55.5   
Italy_Lombardia=Deaths i:  75  18  39          . p:   12228   16577 e: -26.2 r:  57.2   
Italy_Lombardia=Deaths i:  76  19  40   4/8/2020 p:   12232   16577 e: -26.2 r:  58.6   
Italy_Lombardia=Deaths i:  77  20  41          . p:   13079   16577 e: -21.1 r:  60.5   
Italy_Lombardia=Deaths i:  78  21  42  4/10/2020 p:   14773   16577 e: -10.9 r:  61.8 OK
Italy_Lombardia=Deaths i:  79  22  43          . p:   13209   16577 e: -20.3 r:  63.4   
Italy_Lombardia=Deaths i:  80  23  44  4/12/2020 p:   12942   16577 e: -21.9 r:  64.1   
Italy_Lombardia=Deaths i:  81  24  45          . p:   13093   16577 e: -21.0 r:  65.8   
Italy_Lombardia=Deaths i:  82  25  46  4/14/2020 p:   13563   16577 e: -18.2 r:  67.2   
Italy_Lombardia=Deaths i:  83  26  47          . p:   13563   16577 e: -18.2 r:  68.6   
Italy_Lombardia=Deaths i:  84  27  48  4/16/2020 p:   13563   16577 e: -18.2 r:  70.0   
Italy_Lombardia=Deaths i:  85  28  49          . p:   14166   16577 e: -14.5 r:  71.5 OK
Italy_Lombardia=Deaths i:  86  29  50  4/18/2020 p:   14086   16577 e: -15.0 r:  72.7   
Italy_Lombardia=Deaths i:  87  30  51          . p:   14321   16577 e: -13.6 r:  73.7 OK
Italy_Lombardia=Deaths i:  88  31  52  4/20/2020 p:   14499   16577 e: -12.5 r:  74.7 OK
Italy_Lombardia=Deaths i:  89  32  53          . p:   14505   16577 e: -12.5 r:  75.9 OK
Italy_Lombardia=Deaths i:  90  33  54  4/22/2020 p:   14589   16577 e: -12.0 r:  76.9 OK
Italy_Lombardia=Deaths i:  91  34  55          . p:   14769   16577 e: -10.9 r:  78.1 OK
Italy_Lombardia=Deaths i:  92  35  56  4/24/2020 p:   14769   16577 e: -10.9 r:  79.1 OK
Italy_Lombardia=Deaths i:  93  36  57          . p:   14888   16577 e: -10.2 r:  80.0 OK
Italy_Lombardia=Deaths i:  94  37  58  4/26/2020 p:   14921   16577 e: -10.0 r:  80.4 OK
Italy_Lombardia=Deaths i:  95  38  59          . p:   14873   16577 e: -10.3 r:  81.1 OK
Italy_Lombardia=Deaths i:  96  39  60  4/28/2020 p:   15051   16577 e:  -9.2 r:  81.9 OK
Italy_Lombardia=Deaths i:  97  40  61          . p:   15041   16577 e:  -9.3 r:  82.5 OK
Italy_Lombardia=Deaths i:  98  41  62  4/30/2020 p:   14769   16577 e: -10.9 r:  83.1 OK
Italy_Lombardia=Deaths i:  99  42  63          . p:   15089   16577 e:  -9.0 r:  83.6 OK
Italy_Lombardia=Deaths i: 100  43  64   5/2/2020 p:   15181   16577 e:  -8.4 r:  85.6 OK
Italy_Lombardia=Deaths i: 101  44  65          . p:   15345   16577 e:  -7.4 r:  85.8 OK
Italy_Lombardia=Deaths i: 102  45  66   5/4/2020 p:   15372   16577 e:  -7.3 r:  86.2 OK
Italy_Lombardia=Deaths i: 103  46  67          . p:   15372   16577 e:  -7.3 r:  86.8 OK
Italy_Lombardia=Deaths i: 104  47  68   5/6/2020 p:   15372   16577 e:  -7.3 r:  88.1 OK
Italy_Lombardia=Deaths i: 105  48  69          . p:   15975   16577 e:  -3.6 r:  88.9 OK
Italy_Lombardia=Deaths i: 106  49  70   5/8/2020 p:   15975   16577 e:  -3.6 r:  89.5 OK
Italy_Lombardia=Deaths i: 107  50  71          . p:   15975   16577 e:  -3.6 r:  90.0 OK
Italy_Lombardia=Deaths i: 108  51  72  5/10/2020 p:   15956   16577 e:  -3.7 r:  90.4 OK
Italy_Lombardia=Deaths i: 109  52  73          . p:   16003   16577 e:  -3.5 r:  90.8 OK
Italy_Lombardia=Deaths i: 110  53  74  5/12/2020 p:   16031   16577 e:  -3.3 r:  91.2 OK
Italy_Lombardia=Deaths i: 111  54  75          . p:   15959   16577 e:  -3.7 r:  91.6 OK
Italy_Lombardia=Deaths i: 112  55  76  5/14/2020 p:   15975   16577 e:  -3.6 r:  92.3 OK
Italy_Lombardia=Deaths i: 113  56  77          . p:   16577   16577 e:   0.0 r:  93.0 OK
Italy_Lombardia=Deaths i: 114  57  78  5/16/2020 p:   16577   16577 e:   0.0 r:  93.2 OK
Italy_Lombardia=Deaths i: 115  58  79          . p:   16577   16577 e:   0.0 r:  93.6 OK
Italy_Lombardia=Deaths i: 116  59  80  5/18/2020 p:   16148   16577 e:  -2.6 r:  93.8 OK
Italy_Lombardia=Deaths i: 117  60  81          . p:   16305   16577 e:  -1.6 r:  94.1 OK
Italy_Lombardia=Deaths i: 118  61  82  5/20/2020 p:   16577   16577 e:   0.0 r:  94.5 OK
Italy_Lombardia=Deaths i: 119  62  83          . p:   16577   16577 e:   0.0 r:  94.9 OK
Italy_Lombardia=Deaths i: 120  63  84  5/22/2020 p:   16577   16577 e:   0.0 r:  95.2 OK
Italy_Lombardia=Deaths i: 121  64  85          . p:   16577   16577 e:   0.0 r:  95.6 OK
Italy_Lombardia=Deaths i: 122  65  86  5/24/2020 p:   16577   16577 e:   0.0 r:  95.6 OK
Italy_Lombardia=Deaths i: 123  66  87          . p:   16509   16577 e:  -0.4 r:  95.8 OK
Italy_Lombardia=Deaths i: 124  67  88  5/26/2020 p:   16518   16577 e:  -0.4 r:  95.9 OK
Italy_Lombardia=Deaths i: 125  68  89          . p:   16577   16577 e:   0.0 r:  96.2 OK
Italy_Lombardia=Deaths i: 126  69  90  5/28/2020 p:   16577   16577 e:   0.0 r:  96.4 OK
Italy_Lombardia=Deaths i: 127  70  91          . p:   16577   16577 e:   0.0 r:  96.6 OK
Italy_Lombardia=Deaths i: 128  71  92  5/30/2020 p:   16577   16577 e:   0.0 r:  97.0 OK
Italy_Lombardia=Deaths i: 129  72  93          . p:   16577   16577 e:   0.0 r:  97.2 OK
Italy_Lombardia=Deaths i: 130  73  94   6/1/2020 p:   16577   16577 e:   0.0 r:  97.3 OK
Italy_Lombardia=Deaths i: 131  74  95          . p:   16577   16577 e:   0.0 r:  97.4 OK
Italy_Lombardia=Deaths i: 132  75  96   6/3/2020 p:   16577   16577 e:   0.0 r:  97.6 OK
Italy_Lombardia=Deaths i: 133  76  97          . p:   16647   16577 e:   0.4 r:  97.7 OK
Italy_Lombardia=Deaths i: 134  77  98   6/5/2020 p:   16577   16577 e:   0.0 r:  97.9 OK
Italy_Lombardia=Deaths i: 135  78  99          . p:   16577   16577 e:   0.0 r:  98.0 OK
Italy_Lombardia=Deaths i: 136  79 100   6/7/2020 p:   16577   16577 e:   0.0 r:  98.1 OK
Italy_Lombardia=Deaths i: 137  80 101          . p:   16577   16577 e:   0.0 r:  98.3 OK
Italy_Lombardia=Deaths i: 138  81 102   6/9/2020 p:   16577   16577 e:   0.0 r:  98.4 OK
