
  # Process COVID TAB data
p1= 536 il= 138
p1= 536 il= 137
p1= 515 il= 136
p1= 515 il= 135
p1= 515 il= 134
Belarus=Deaths nl = 139, n1= 5 s1= 523.4 s2= 274053.4 SD= 10.2878569196906 frac%= 1.96558213979568
Belarus=Deaths i:  75  75  -3          . p:     119     523 e: -77.3 r:   2.5   
Belarus=Deaths i:  76  76  -2   4/8/2020 p:      46     523 e: -91.2 r:   2.5   
Belarus=Deaths i:  77  77  -1          . p:      18     523 e: -96.6 r:   3.1   
Belarus=Deaths i:  78  78   0  4/10/2020 p:      25     523 e: -95.2 r:   3.6   
Belarus=Deaths i:  79  79   1          . p:      46     523 e: -91.2 r:   4.4   
Belarus=Deaths i:  80  80   2  4/12/2020 p:      46     523 e: -91.2 r:   5.0   
Belarus=Deaths i:  81  81   3          . p:      57     523 e: -89.1 r:   5.5   
Belarus=Deaths i:  82  82   4  4/14/2020 p:      78     523 e: -85.1 r:   6.3   
Belarus=Deaths i:  83  83   5          . p:      67     523 e: -87.2 r:   6.9   
Belarus=Deaths i:  84  84   6  4/16/2020 p:      80     523 e: -84.7 r:   7.6   
Belarus=Deaths i:  85  85   7          . p:      71     523 e: -86.4 r:   8.0   
Belarus=Deaths i:  86  86   8  4/18/2020 p:      69     523 e: -86.8 r:   8.6   
Belarus=Deaths i:  87  87   9          . p:      58     523 e: -88.9 r:   9.0   
Belarus=Deaths i:  88  88  10  4/20/2020 p:      78     523 e: -85.1 r:   9.7   
Belarus=Deaths i:  89  89  11          . p:      88     523 e: -83.2 r:  10.5   
Belarus=Deaths i:  90  90  12  4/22/2020 p:      88     523 e: -83.2 r:  11.1   
Belarus=Deaths i:  91  91  13          . p:      88     523 e: -83.2 r:  11.5   
Belarus=Deaths i:  92  92  14  4/24/2020 p:      92     523 e: -82.4 r:  12.0   
Belarus=Deaths i:  93  93  15          . p:      99     523 e: -81.1 r:  12.8   
Belarus=Deaths i:  94  94  16  4/26/2020 p:     109     523 e: -79.2 r:  13.8   
Belarus=Deaths i:  95  95  17          . p:     109     523 e: -79.2 r:  14.3   
Belarus=Deaths i:  96  96  18  4/28/2020 p:     119     523 e: -77.3 r:  15.1   
Belarus=Deaths i:  97  97  19          . p:     130     523 e: -75.2 r:  16.0   
Belarus=Deaths i:  98  98  20  4/30/2020 p:     161     523 e: -69.2 r:  17.0   
Belarus=Deaths i:  99  99  21          . p:     151     523 e: -71.2 r:  17.8   
Belarus=Deaths i: 100 100  22   5/2/2020 p:     151     523 e: -71.2 r:  18.5   
Belarus=Deaths i: 101 101  23          . p:     177     523 e: -66.2 r:  18.9   
Belarus=Deaths i: 102 102  24   5/4/2020 p:     159     523 e: -69.6 r:  19.7   
Belarus=Deaths i: 103 103  25          . p:     163     523 e: -68.9 r:  20.4   
Belarus=Deaths i: 104 104  26   5/6/2020 p:     192     523 e: -63.3 r:  21.4   
Belarus=Deaths i: 105 105  27          . p:     203     523 e: -61.2 r:  22.2   
Belarus=Deaths i: 106 106  28   5/8/2020 p:     213     523 e: -59.3 r:  23.1   
Belarus=Deaths i: 107 107  29          . p:     223     523 e: -57.4 r:  24.1   
Belarus=Deaths i: 108 108  30  5/10/2020 p:     400     523 e: -23.6 r:  25.0   
Belarus=Deaths i: 109 109  31          . p:     203     523 e: -61.2 r:  25.8   
Belarus=Deaths i: 110 110  32  5/12/2020 p:     255     523 e: -51.3 r:  27.1   
Belarus=Deaths i: 111   0  33          . p:     473     523 e:  -9.6 r:  27.9 OK 1st
Belarus=Deaths i: 112   1  34  5/14/2020 p:     494     523 e:  -5.6 r:  28.8 OK
Belarus=Deaths i: 113   2  35          . p:     244     523 e: -53.4 r:  29.8   
Belarus=Deaths i: 114   3  36  5/16/2020 p:     296     523 e: -43.4 r:  30.6   
Belarus=Deaths i: 115   4  37          . p:     505     523 e:  -3.5 r:  31.5 OK
Belarus=Deaths i: 116   5  38  5/18/2020 p:     515     523 e:  -1.6 r:  32.7 OK
Belarus=Deaths i: 117   6  39          . p:     515     523 e:  -1.6 r:  33.4 OK
Belarus=Deaths i: 118   7  40  5/20/2020 p:     502     523 e:  -4.1 r:  34.2 OK
Belarus=Deaths i: 119   8  41          . p:     501     523 e:  -4.3 r:  35.3 OK
Belarus=Deaths i: 120   9  42  5/22/2020 p:     504     523 e:  -3.7 r:  36.3 OK
Belarus=Deaths i: 121  10  43          . p:     494     523 e:  -5.6 r:  37.1 OK
Belarus=Deaths i: 122  11  44  5/24/2020 p:     495     523 e:  -5.4 r:  38.0 OK
Belarus=Deaths i: 123  12  45          . p:     493     523 e:  -5.8 r:  39.0 OK
Belarus=Deaths i: 124  13  46  5/26/2020 p:     488     523 e:  -6.8 r:  39.7 OK
Belarus=Deaths i: 125  14  47          . p:     494     523 e:  -5.6 r:  40.9 OK
Belarus=Deaths i: 126  15  48  5/28/2020 p:     494     523 e:  -5.6 r:  41.8 OK
Belarus=Deaths i: 127  16  49          . p:     494     523 e:  -5.6 r:  42.8 OK
Belarus=Deaths i: 128  17  50  5/30/2020 p:     494     523 e:  -5.6 r:  43.8 OK
Belarus=Deaths i: 129  18  51          . p:     505     523 e:  -3.5 r:  44.9 OK
Belarus=Deaths i: 130  19  52   6/1/2020 p:     505     523 e:  -3.5 r:  45.9 OK
Belarus=Deaths i: 131  20  53          . p:     509     523 e:  -2.8 r:  46.4 OK
Belarus=Deaths i: 132  21  54   6/3/2020 p:     507     523 e:  -3.1 r:  47.4 OK
Belarus=Deaths i: 133  22  55          . p:     507     523 e:  -3.1 r:  48.3 OK
Belarus=Deaths i: 134  23  56   6/5/2020 p:     515     523 e:  -1.6 r:  49.5 OK
Belarus=Deaths i: 135  24  57          . p:     515     523 e:  -1.6 r:  50.2 OK
Belarus=Deaths i: 136  25  58   6/7/2020 p:     515     523 e:  -1.6 r:  51.4 OK
Belarus=Deaths i: 137  26  59          . p:     536     523 e:   2.4 r:  52.7 OK
Belarus=Deaths i: 138  27  60   6/9/2020 p:     536     523 e:   2.4 r:  53.9 OK
