
  # Process COVID TAB data
p1= 469 il= 138
p1= 471 il= 137
p1= 471 il= 136
p1= 471 il= 135
p1= 471 il= 134
Italy_P.A._Trento_P_A_Trento=Deaths nl = 139, n1= 5 s1= 470.6 s2= 221465 SD= 0.799999999990541 frac%= 0.169995750104237
Italy_P.A._Trento_P_A_Trento=Deaths i:  56  56  -1  3/19/2020 p:      33     470 e: -93.0 r:   2.5   
Italy_P.A._Trento_P_A_Trento=Deaths i:  57  57   0          . p:      25     470 e: -94.7 r:   2.8   
Italy_P.A._Trento_P_A_Trento=Deaths i:  60  60   3  3/23/2020 p:      77     470 e: -83.6 r:   8.7   
Italy_P.A._Trento_P_A_Trento=Deaths i:  61  61   4          . p:     128     470 e: -72.8 r:  11.9   
Italy_P.A._Trento_P_A_Trento=Deaths i:  62  62   5  3/25/2020 p:     282     470 e: -40.1 r:  15.7   
Italy_P.A._Trento_P_A_Trento=Deaths i:  63  63   6          . p:     265     470 e: -43.7 r:  18.3   
Italy_P.A._Trento_P_A_Trento=Deaths i:  64  64   7  3/27/2020 p:     265     470 e: -43.7 r:  21.7   
Italy_P.A._Trento_P_A_Trento=Deaths i:  65  65   8          . p:     231     470 e: -50.9 r:  25.5   
Italy_P.A._Trento_P_A_Trento=Deaths i:  66  66   9  3/29/2020 p:     199     470 e: -57.7 r:  27.4   
Italy_P.A._Trento_P_A_Trento=Deaths i:  67  67  10          . p:     255     470 e: -45.8 r:  31.2   
Italy_P.A._Trento_P_A_Trento=Deaths i:  68  68  11  3/31/2020 p:     306     470 e: -35.0 r:  34.8   
Italy_P.A._Trento_P_A_Trento=Deaths i:  69  69  12          . p:     279     470 e: -40.7 r:  36.8   
Italy_P.A._Trento_P_A_Trento=Deaths i:  70  70  13   4/2/2020 p:     283     470 e: -39.9 r:  39.7   
Italy_P.A._Trento_P_A_Trento=Deaths i:  71  71  14          . p:     297     470 e: -36.9 r:  43.3   
Italy_P.A._Trento_P_A_Trento=Deaths i:  72  72  15   4/4/2020 p:     302     470 e: -35.8 r:  44.6   
Italy_P.A._Trento_P_A_Trento=Deaths i:  73  73  16          . p:     283     470 e: -39.9 r:  46.1   
Italy_P.A._Trento_P_A_Trento=Deaths i:  74  74  17   4/6/2020 p:     298     470 e: -36.7 r:  48.9   
Italy_P.A._Trento_P_A_Trento=Deaths i:  75  75  18          . p:     310     470 e: -34.1 r:  51.8   
Italy_P.A._Trento_P_A_Trento=Deaths i:  76  76  19   4/8/2020 p:     334     470 e: -29.0 r:  54.2   
Italy_P.A._Trento_P_A_Trento=Deaths i:  77  77  20          . p:     351     470 e: -25.4 r:  56.9   
Italy_P.A._Trento_P_A_Trento=Deaths i:  78  78  21  4/10/2020 p:     351     470 e: -25.4 r:  58.4   
Italy_P.A._Trento_P_A_Trento=Deaths i:  79  79  22          . p:     347     470 e: -26.3 r:  60.3   
Italy_P.A._Trento_P_A_Trento=Deaths i:  80  80  23  4/12/2020 p:     350     470 e: -25.6 r:  62.3   
Italy_P.A._Trento_P_A_Trento=Deaths i:  81  81  24          . p:     363     470 e: -22.9 r:  63.7   
Italy_P.A._Trento_P_A_Trento=Deaths i:  82  82  25  4/14/2020 p:     368     470 e: -21.8 r:  65.9   
Italy_P.A._Trento_P_A_Trento=Deaths i:  83  83  26          . p:     381     470 e: -19.0 r:  67.6   
Italy_P.A._Trento_P_A_Trento=Deaths i:  84  84  27  4/16/2020 p:     371     470 e: -21.2 r:  68.4   
Italy_P.A._Trento_P_A_Trento=Deaths i:  85   0  28          . p:     402     470 e: -14.6 r:  72.7 OK 1st
Italy_P.A._Trento_P_A_Trento=Deaths i:  86   1  29  4/18/2020 p:     402     470 e: -14.6 r:  73.9 OK
Italy_P.A._Trento_P_A_Trento=Deaths i:  87   2  30          . p:     419     470 e: -11.0 r:  76.5 OK
Italy_P.A._Trento_P_A_Trento=Deaths i:  88   3  31  4/20/2020 p:     419     470 e: -11.0 r:  77.8 OK
Italy_P.A._Trento_P_A_Trento=Deaths i:  89   4  32          . p:     437     470 e:  -7.1 r:  79.9 OK
Italy_P.A._Trento_P_A_Trento=Deaths i:  90   5  33  4/22/2020 p:     433     470 e:  -8.0 r:  81.0 OK
Italy_P.A._Trento_P_A_Trento=Deaths i:  91   6  34          . p:     435     470 e:  -7.6 r:  81.2 OK
Italy_P.A._Trento_P_A_Trento=Deaths i:  92   7  35  4/24/2020 p:     434     470 e:  -7.8 r:  82.7 OK
Italy_P.A._Trento_P_A_Trento=Deaths i:  93   8  36          . p:     445     470 e:  -5.4 r:  85.0 OK
Italy_P.A._Trento_P_A_Trento=Deaths i:  94   9  37  4/26/2020 p:     454     470 e:  -3.5 r:  86.1 OK
Italy_P.A._Trento_P_A_Trento=Deaths i:  95  10  38          . p:     454     470 e:  -3.5 r:  86.5 OK
Italy_P.A._Trento_P_A_Trento=Deaths i:  96  11  39  4/28/2020 p:     453     470 e:  -3.7 r:  87.5 OK
Italy_P.A._Trento_P_A_Trento=Deaths i:  97  12  40          . p:     455     470 e:  -3.3 r:  88.4 OK
Italy_P.A._Trento_P_A_Trento=Deaths i:  98  13  41  4/30/2020 p:     453     470 e:  -3.7 r:  88.8 OK
Italy_P.A._Trento_P_A_Trento=Deaths i:  99  14  42          . p:     454     470 e:  -3.5 r:  89.9 OK
Italy_P.A._Trento_P_A_Trento=Deaths i: 100  15  43   5/2/2020 p:     460     470 e:  -2.3 r:  90.3 OK
Italy_P.A._Trento_P_A_Trento=Deaths i: 101  16  44          . p:     459     470 e:  -2.5 r:  91.2 OK
Italy_P.A._Trento_P_A_Trento=Deaths i: 102  17  45   5/4/2020 p:     459     470 e:  -2.5 r:  91.4 OK
Italy_P.A._Trento_P_A_Trento=Deaths i: 103  18  46          . p:     460     470 e:  -2.3 r:  92.0 OK
Italy_P.A._Trento_P_A_Trento=Deaths i: 104  19  47   5/6/2020 p:     471     470 e:   0.1 r:  92.9 OK
Italy_P.A._Trento_P_A_Trento=Deaths i: 105  20  48          . p:     471     470 e:   0.1 r:  93.1 OK
Italy_P.A._Trento_P_A_Trento=Deaths i: 106  21  49   5/8/2020 p:     459     470 e:  -2.5 r:  93.1 OK
Italy_P.A._Trento_P_A_Trento=Deaths i: 107  22  50          . p:     455     470 e:  -3.3 r:  93.1 OK
Italy_P.A._Trento_P_A_Trento=Deaths i: 108  23  51  5/10/2020 p:     455     470 e:  -3.3 r:  93.7 OK
Italy_P.A._Trento_P_A_Trento=Deaths i: 109  24  52          . p:     455     470 e:  -3.3 r:  94.1 OK
Italy_P.A._Trento_P_A_Trento=Deaths i: 110  25  53  5/12/2020 p:     454     470 e:  -3.5 r:  94.6 OK
Italy_P.A._Trento_P_A_Trento=Deaths i: 111  26  54          . p:     454     470 e:  -3.5 r:  94.8 OK
Italy_P.A._Trento_P_A_Trento=Deaths i: 112  27  55  5/14/2020 p:     454     470 e:  -3.5 r:  95.2 OK
Italy_P.A._Trento_P_A_Trento=Deaths i: 113  28  56          . p:     471     470 e:   0.1 r:  95.8 OK
Italy_P.A._Trento_P_A_Trento=Deaths i: 114  29  57  5/16/2020 p:     471     470 e:   0.1 r:  96.3 OK
Italy_P.A._Trento_P_A_Trento=Deaths i: 115  30  58          . p:     471     470 e:   0.1 r:  96.3 OK
Italy_P.A._Trento_P_A_Trento=Deaths i: 116  31  59  5/18/2020 p:     471     470 e:   0.1 r:  96.3 OK
Italy_P.A._Trento_P_A_Trento=Deaths i: 117  32  60          . p:     471     470 e:   0.1 r:  96.7 OK
Italy_P.A._Trento_P_A_Trento=Deaths i: 118  33  61  5/20/2020 p:     463     470 e:  -1.6 r:  96.7 OK
Italy_P.A._Trento_P_A_Trento=Deaths i: 119  34  62          . p:     462     470 e:  -1.8 r:  96.7 OK
Italy_P.A._Trento_P_A_Trento=Deaths i: 120  35  63  5/22/2020 p:     462     470 e:  -1.8 r:  96.7 OK
Italy_P.A._Trento_P_A_Trento=Deaths i: 121  36  64          . p:     462     470 e:  -1.8 r:  96.9 OK
Italy_P.A._Trento_P_A_Trento=Deaths i: 122  37  65  5/24/2020 p:     471     470 e:   0.1 r:  97.1 OK
Italy_P.A._Trento_P_A_Trento=Deaths i: 123  38  66          . p:     471     470 e:   0.1 r:  97.3 OK
Italy_P.A._Trento_P_A_Trento=Deaths i: 124  39  67  5/26/2020 p:     471     470 e:   0.1 r:  98.0 OK
Italy_P.A._Trento_P_A_Trento=Deaths i: 125  40  68          . p:     471     470 e:   0.1 r:  98.2 OK
Italy_P.A._Trento_P_A_Trento=Deaths i: 126  41  69  5/28/2020 p:     471     470 e:   0.1 r:  98.2 OK
Italy_P.A._Trento_P_A_Trento=Deaths i: 127  42  70          . p:     471     470 e:   0.1 r:  98.2 OK
Italy_P.A._Trento_P_A_Trento=Deaths i: 128  43  71  5/30/2020 p:     471     470 e:   0.1 r:  98.2 OK
Italy_P.A._Trento_P_A_Trento=Deaths i: 129  44  72          . p:     471     470 e:   0.1 r:  98.2 OK
Italy_P.A._Trento_P_A_Trento=Deaths i: 130  45  73   6/1/2020 p:     471     470 e:   0.1 r:  98.2 OK
Italy_P.A._Trento_P_A_Trento=Deaths i: 131  46  74          . p:     471     470 e:   0.1 r:  98.4 OK
Italy_P.A._Trento_P_A_Trento=Deaths i: 132  47  75   6/3/2020 p:     471     470 e:   0.1 r:  98.4 OK
Italy_P.A._Trento_P_A_Trento=Deaths i: 133  48  76          . p:     471     470 e:   0.1 r:  98.6 OK
Italy_P.A._Trento_P_A_Trento=Deaths i: 134  49  77   6/5/2020 p:     471     470 e:   0.1 r:  98.6 OK
Italy_P.A._Trento_P_A_Trento=Deaths i: 135  50  78          . p:     471     470 e:   0.1 r:  98.6 OK
Italy_P.A._Trento_P_A_Trento=Deaths i: 136  51  79   6/7/2020 p:     471     470 e:   0.1 r:  98.6 OK
Italy_P.A._Trento_P_A_Trento=Deaths i: 137  52  80          . p:     471     470 e:   0.1 r:  98.6 OK
Italy_P.A._Trento_P_A_Trento=Deaths i: 138  53  81   6/9/2020 p:     469     470 e:  -0.3 r:  98.6 OK
