
  # Process COVID TAB data
p1= 7976 il= 138
p1= 7976 il= 137
p1= 7976 il= 136
p1= 7976 il= 135
p1= 7976 il= 134
Italy_Lazio=Confirmed nl = 139, n1= 5 s1= 7976 s2= 63616576 SD= 0 frac%= 0
Italy_Lazio=Confirmed i:  43  43  -2          . p:     145    7976 e: -98.2 r:   0.7   
Italy_Lazio=Confirmed i:  44  44  -1   3/7/2020 p:     145    7976 e: -98.2 r:   1.0   
Italy_Lazio=Confirmed i:  45  45   0          . p:     145    7976 e: -98.2 r:   1.1   
Italy_Lazio=Confirmed i:  46  46   1   3/9/2020 p:     145    7976 e: -98.2 r:   1.3   
Italy_Lazio=Confirmed i:  47  47   2          . p:     145    7976 e: -98.2 r:   1.5   
Italy_Lazio=Confirmed i:  48  48   3  3/11/2020 p:     435    7976 e: -94.5 r:   1.9   
Italy_Lazio=Confirmed i:  49  49   4          . p:     725    7976 e: -90.9 r:   2.5   
Italy_Lazio=Confirmed i:  50  50   5  3/13/2020 p:    1885    7976 e: -76.4 r:   3.5   
Italy_Lazio=Confirmed i:  51  51   6          . p:    3915    7976 e: -50.9 r:   4.5   
Italy_Lazio=Confirmed i:  52  52   7  3/15/2020 p:    6236    7976 e: -21.8 r:   5.5   
Italy_Lazio=Confirmed i:  53  53   8          . p:    1595    7976 e: -80.0 r:   6.6   
Italy_Lazio=Confirmed i:  54  54   9  3/17/2020 p:    1305    7976 e: -83.6 r:   7.6   
Italy_Lazio=Confirmed i:  55  55  10          . p:    1885    7976 e: -76.4 r:   9.1   
Italy_Lazio=Confirmed i:  56  56  11  3/19/2020 p:    2175    7976 e: -72.7 r:  10.3   
Italy_Lazio=Confirmed i:  57  57  12          . p:    3915    7976 e: -50.9 r:  12.6   
Italy_Lazio=Confirmed i:  58  58  13  3/21/2020 p:    6526    7976 e: -18.2 r:  14.9   
Italy_Lazio=Confirmed i:  59  59  14          . p:   16098    7976 e: 101.8 r:  17.3   
Italy_Lazio=Confirmed i:  60  60  15  3/23/2020 p:   16388    7976 e: 105.5 r:  19.3   
Italy_Lazio=Confirmed i:  61  61  16          . p:   16388    7976 e: 105.5 r:  21.7   
Italy_Lazio=Confirmed i:  62   0  17  3/25/2020 p:    8615    7976 e:   8.0 r:  23.8 OK 1st
Italy_Lazio=Confirmed i:  63   1  18          . p:    8154    7976 e:   2.2 r:  26.3 OK
Italy_Lazio=Confirmed i:  64   2  19  3/27/2020 p:    7846    7976 e:  -1.6 r:  28.8 OK
Italy_Lazio=Confirmed i:  65   3  20          . p:    5951    7976 e: -25.4 r:  31.4   
Italy_Lazio=Confirmed i:  66   4  21  3/29/2020 p:    7651    7976 e:  -4.1 r:  33.9 OK
Italy_Lazio=Confirmed i:  67   5  22          . p:    7718    7976 e:  -3.2 r:  36.5 OK
Italy_Lazio=Confirmed i:  68   6  23  3/31/2020 p:    6387    7976 e: -19.9 r:  38.8   
Italy_Lazio=Confirmed i:  69   7  24          . p:    6270    7976 e: -21.4 r:  40.9   
Italy_Lazio=Confirmed i:  70   8  25   4/2/2020 p:    6082    7976 e: -23.7 r:  43.0   
Italy_Lazio=Confirmed i:  71   9  26          . p:    6906    7976 e: -13.4 r:  45.1 OK
Italy_Lazio=Confirmed i:  72  10  27   4/4/2020 p:    6755    7976 e: -15.3 r:  47.1   
Italy_Lazio=Confirmed i:  73  11  28          . p:    5304    7976 e: -33.5 r:  48.6   
Italy_Lazio=Confirmed i:  74  12  29   4/6/2020 p:    5486    7976 e: -31.2 r:  50.5   
Italy_Lazio=Confirmed i:  75  13  30          . p:    5464    7976 e: -31.5 r:  52.0   
Italy_Lazio=Confirmed i:  76  14  31   4/8/2020 p:    5474    7976 e: -31.4 r:  53.5   
Italy_Lazio=Confirmed i:  77  15  32          . p:    5876    7976 e: -26.3 r:  55.5   
Italy_Lazio=Confirmed i:  78  16  33  4/10/2020 p:    5946    7976 e: -25.5 r:  57.5   
Italy_Lazio=Confirmed i:  79  17  34          . p:    6236    7976 e: -21.8 r:  59.2   
Italy_Lazio=Confirmed i:  80  18  35  4/12/2020 p:    6236    7976 e: -21.8 r:  60.7   
Italy_Lazio=Confirmed i:  81  19  36          . p:    6425    7976 e: -19.4 r:  62.3   
Italy_Lazio=Confirmed i:  82  20  37  4/14/2020 p:    6494    7976 e: -18.6 r:  64.1   
Italy_Lazio=Confirmed i:  83  21  38          . p:    6547    7976 e: -17.9 r:  65.6   
Italy_Lazio=Confirmed i:  84  22  39  4/16/2020 p:    6816    7976 e: -14.5 r:  67.5 OK
Italy_Lazio=Confirmed i:  85  23  40          . p:    7106    7976 e: -10.9 r:  69.3 OK
Italy_Lazio=Confirmed i:  86  24  41  4/18/2020 p:    7106    7976 e: -10.9 r:  71.1 OK
Italy_Lazio=Confirmed i:  87  25  42          . p:    7021    7976 e: -12.0 r:  72.2 OK
Italy_Lazio=Confirmed i:  88  26  43  4/20/2020 p:    7081    7976 e: -11.2 r:  72.9 OK
Italy_Lazio=Confirmed i:  89  27  44          . p:    7091    7976 e: -11.1 r:  73.9 OK
Italy_Lazio=Confirmed i:  90  28  45  4/22/2020 p:    7249    7976 e:  -9.1 r:  74.9 OK
Italy_Lazio=Confirmed i:  91  29  46          . p:    7106    7976 e: -10.9 r:  75.9 OK
Italy_Lazio=Confirmed i:  92  30  47  4/24/2020 p:    7106    7976 e: -10.9 r:  76.9 OK
Italy_Lazio=Confirmed i:  93  31  48          . p:    7106    7976 e: -10.9 r:  78.0 OK
Italy_Lazio=Confirmed i:  94  32  49  4/26/2020 p:    7106    7976 e: -10.9 r:  79.1 OK
Italy_Lazio=Confirmed i:  95  33  50          . p:    7396    7976 e:  -7.3 r:  80.1 OK
Italy_Lazio=Confirmed i:  96  34  51  4/28/2020 p:    7396    7976 e:  -7.3 r:  81.1 OK
Italy_Lazio=Confirmed i:  97  35  52          . p:    7396    7976 e:  -7.3 r:  82.1 OK
Italy_Lazio=Confirmed i:  98  36  53  4/30/2020 p:    7420    7976 e:  -7.0 r:  82.9 OK
Italy_Lazio=Confirmed i:  99  37  54          . p:    7369    7976 e:  -7.6 r:  83.7 OK
Italy_Lazio=Confirmed i: 100  38  55   5/2/2020 p:    7452    7976 e:  -6.6 r:  84.7 OK
Italy_Lazio=Confirmed i: 101  39  56          . p:    7475    7976 e:  -6.3 r:  85.4 OK
Italy_Lazio=Confirmed i: 102  40  57   5/4/2020 p:    7560    7976 e:  -5.2 r:  85.8 OK
Italy_Lazio=Confirmed i: 103  41  58          . p:    7531    7976 e:  -5.6 r:  86.7 OK
Italy_Lazio=Confirmed i: 104  42  59   5/6/2020 p:    7686    7976 e:  -3.6 r:  87.7 OK
Italy_Lazio=Confirmed i: 105  43  60          . p:    7686    7976 e:  -3.6 r:  88.2 OK
Italy_Lazio=Confirmed i: 106  44  61   5/8/2020 p:    7686    7976 e:  -3.6 r:  88.8 OK
Italy_Lazio=Confirmed i: 107  45  62          . p:    7684    7976 e:  -3.7 r:  89.4 OK
Italy_Lazio=Confirmed i: 108  46  63  5/10/2020 p:    7683    7976 e:  -3.7 r:  89.8 OK
Italy_Lazio=Confirmed i: 109  47  64          . p:    7695    7976 e:  -3.5 r:  90.1 OK
Italy_Lazio=Confirmed i: 110  48  65  5/12/2020 p:    7701    7976 e:  -3.4 r:  90.4 OK
Italy_Lazio=Confirmed i: 111  49  66          . p:    7948    7976 e:  -0.4 r:  90.9 OK
Italy_Lazio=Confirmed i: 112  50  67  5/14/2020 p:    7948    7976 e:  -0.4 r:  91.4 OK
Italy_Lazio=Confirmed i: 113  51  68          . p:    7976    7976 e:   0.0 r:  92.3 OK
Italy_Lazio=Confirmed i: 114  52  69  5/16/2020 p:    7976    7976 e:   0.0 r:  92.7 OK
Italy_Lazio=Confirmed i: 115  53  70          . p:    7976    7976 e:   0.0 r:  93.4 OK
Italy_Lazio=Confirmed i: 116  54  71  5/18/2020 p:    7976    7976 e:   0.0 r:  93.8 OK
Italy_Lazio=Confirmed i: 117  55  72          . p:    7976    7976 e:   0.0 r:  94.1 OK
Italy_Lazio=Confirmed i: 118  56  73  5/20/2020 p:    7976    7976 e:   0.0 r:  94.4 OK
Italy_Lazio=Confirmed i: 119  57  74          . p:    7834    7976 e:  -1.8 r:  94.8 OK
Italy_Lazio=Confirmed i: 120  58  75  5/22/2020 p:    8077    7976 e:   1.3 r:  95.1 OK
Italy_Lazio=Confirmed i: 121  59  76          . p:    7976    7976 e:   0.0 r:  95.4 OK
Italy_Lazio=Confirmed i: 122  60  77  5/24/2020 p:    7929    7976 e:  -0.6 r:  95.6 OK
Italy_Lazio=Confirmed i: 123  61  78          . p:    7943    7976 e:  -0.4 r:  95.8 OK
Italy_Lazio=Confirmed i: 124  62  79  5/26/2020 p:    8109    7976 e:   1.7 r:  96.1 OK
Italy_Lazio=Confirmed i: 125  63  80          . p:    7948    7976 e:  -0.4 r:  96.2 OK
Italy_Lazio=Confirmed i: 126  64  81  5/28/2020 p:    8104    7976 e:   1.6 r:  96.5 OK
Italy_Lazio=Confirmed i: 127  65  82          . p:    7976    7976 e:   0.0 r:  96.7 OK
Italy_Lazio=Confirmed i: 128  66  83  5/30/2020 p:    7988    7976 e:   0.2 r:  96.7 OK
Italy_Lazio=Confirmed i: 129  67  84          . p:    7988    7976 e:   0.2 r:  96.9 OK
Italy_Lazio=Confirmed i: 130  68  85   6/1/2020 p:    7948    7976 e:  -0.4 r:  97.0 OK
Italy_Lazio=Confirmed i: 131  69  86          . p:    7948    7976 e:  -0.4 r:  97.1 OK
Italy_Lazio=Confirmed i: 132  70  87   6/3/2020 p:    7948    7976 e:  -0.4 r:  97.2 OK
Italy_Lazio=Confirmed i: 133  71  88          . p:    7917    7976 e:  -0.7 r:  97.3 OK
Italy_Lazio=Confirmed i: 134  72  89   6/5/2020 p:    7976    7976 e:   0.0 r:  97.5 OK
Italy_Lazio=Confirmed i: 135  73  90          . p:    7976    7976 e:   0.0 r:  97.8 OK
Italy_Lazio=Confirmed i: 136  74  91   6/7/2020 p:    7976    7976 e:   0.0 r:  97.9 OK
Italy_Lazio=Confirmed i: 137  75  92          . p:    7976    7976 e:   0.0 r:  98.1 OK
Italy_Lazio=Confirmed i: 138  76  93   6/9/2020 p:    7976    7976 e:   0.0 r:  98.4 OK
