
  # Process COVID TAB data
p1= 21150 il= 138
p1= 21133 il= 137
p1= 21082 il= 136
p1= 21819 il= 135
p1= 21819 il= 134
US_Maryland_Prince_Georges_Prince_George_s=Confirmed nl = 139, n1= 5 s1= 21400.6 s2= 458102887 SD= 342.354553058734 frac%= 1.59974277851431
US_Maryland_Prince_Georges_Prince_George_s=Confirmed i:  53  53  -9          . p:     302   21400 e: -98.6 r:   0.0   
US_Maryland_Prince_Georges_Prince_George_s=Confirmed i:  57  57  -5          . p:     307   21400 e: -98.6 r:   0.1   
US_Maryland_Prince_Georges_Prince_George_s=Confirmed i:  58  58  -4  3/21/2020 p:     307   21400 e: -98.6 r:   0.2   
US_Maryland_Prince_Georges_Prince_George_s=Confirmed i:  59  59  -3          . p:     307   21400 e: -98.6 r:   0.2   
US_Maryland_Prince_Georges_Prince_George_s=Confirmed i:  60  60  -2  3/23/2020 p:     307   21400 e: -98.6 r:   0.2   
US_Maryland_Prince_Georges_Prince_George_s=Confirmed i:  61  61  -1          . p:     307   21400 e: -98.6 r:   0.3   
US_Maryland_Prince_Georges_Prince_George_s=Confirmed i:  62  62   0  3/25/2020 p:     921   21400 e: -95.7 r:   0.4   
US_Maryland_Prince_Georges_Prince_George_s=Confirmed i:  63  63   1          . p:    3995   21400 e: -81.3 r:   0.5   
US_Maryland_Prince_Georges_Prince_George_s=Confirmed i:  67  67   5          . p:     921   21400 e: -95.7 r:   1.4   
US_Maryland_Prince_Georges_Prince_George_s=Confirmed i:  68  68   6  3/31/2020 p:     307   21400 e: -98.6 r:   1.6   
US_Maryland_Prince_Georges_Prince_George_s=Confirmed i:  69  69   7          . p:     921   21400 e: -95.7 r:   1.9   
US_Maryland_Prince_Georges_Prince_George_s=Confirmed i:  70  70   8   4/2/2020 p:     921   21400 e: -95.7 r:   2.2   
US_Maryland_Prince_Georges_Prince_George_s=Confirmed i:  71  71   9          . p:    1536   21400 e: -92.8 r:   2.6   
US_Maryland_Prince_Georges_Prince_George_s=Confirmed i:  72  72  10   4/4/2020 p:    2151   21400 e: -89.9 r:   3.1   
US_Maryland_Prince_Georges_Prince_George_s=Confirmed i:  73  73  11          . p:    3995   21400 e: -81.3 r:   3.7   
US_Maryland_Prince_Georges_Prince_George_s=Confirmed i:  74  74  12   4/6/2020 p:    5224   21400 e: -75.6 r:   4.3   
US_Maryland_Prince_Georges_Prince_George_s=Confirmed i:  75  75  13          . p:    5838   21400 e: -72.7 r:   4.8   
US_Maryland_Prince_Georges_Prince_George_s=Confirmed i:  76  76  14   4/8/2020 p:   14443   21400 e: -32.5 r:   6.1   
US_Maryland_Prince_Georges_Prince_George_s=Confirmed i:  77   0  15          . p:   19360   21400 e:  -9.5 r:   6.9 OK 1st
US_Maryland_Prince_Georges_Prince_George_s=Confirmed i:  78   1  16  4/10/2020 p:   26121   21400 e:  22.1 r:   8.0   
US_Maryland_Prince_Georges_Prince_George_s=Confirmed i:  79   2  17          . p:    5224   21400 e: -75.6 r:   9.0   
US_Maryland_Prince_Georges_Prince_George_s=Confirmed i:  80   3  18  4/12/2020 p:   28579   21400 e:  33.5 r:   9.5   
US_Maryland_Prince_Georges_Prince_George_s=Confirmed i:  81   4  19          . p:    2765   21400 e: -87.1 r:  10.3   
US_Maryland_Prince_Georges_Prince_George_s=Confirmed i:  82   5  20  4/14/2020 p:    3380   21400 e: -84.2 r:  11.0   
US_Maryland_Prince_Georges_Prince_George_s=Confirmed i:  83   6  21          . p:    3380   21400 e: -84.2 r:  11.8   
US_Maryland_Prince_Georges_Prince_George_s=Confirmed i:  84   7  22  4/16/2020 p:    3995   21400 e: -81.3 r:  12.7   
US_Maryland_Prince_Georges_Prince_George_s=Confirmed i:  85   8  23          . p:   10755   21400 e: -49.7 r:  13.9   
US_Maryland_Prince_Georges_Prince_George_s=Confirmed i:  86   9  24  4/18/2020 p:    5224   21400 e: -75.6 r:  14.8   
US_Maryland_Prince_Georges_Prince_George_s=Confirmed i:  87  10  25          . p:    5838   21400 e: -72.7 r:  15.6   
US_Maryland_Prince_Georges_Prince_George_s=Confirmed i:  88  11  26  4/20/2020 p:    6453   21400 e: -69.8 r:  16.7   
US_Maryland_Prince_Georges_Prince_George_s=Confirmed i:  89  12  27          . p:    6556   21400 e: -69.4 r:  17.4   
US_Maryland_Prince_Georges_Prince_George_s=Confirmed i:  90  13  28  4/22/2020 p:    6377   21400 e: -70.2 r:  18.1   
US_Maryland_Prince_Georges_Prince_George_s=Confirmed i:  91  14  29          . p:    8291   21400 e: -61.3 r:  19.3   
US_Maryland_Prince_Georges_Prince_George_s=Confirmed i:  92  15  30  4/24/2020 p:    7682   21400 e: -64.1 r:  20.6   
US_Maryland_Prince_Georges_Prince_George_s=Confirmed i:  93  16  31          . p:    9526   21400 e: -55.5 r:  22.4   
US_Maryland_Prince_Georges_Prince_George_s=Confirmed i:  94  17  32  4/26/2020 p:    9526   21400 e: -55.5 r:  23.3   
US_Maryland_Prince_Georges_Prince_George_s=Confirmed i:  95  18  33          . p:   10141   21400 e: -52.6 r:  24.6   
US_Maryland_Prince_Georges_Prince_George_s=Confirmed i:  96  19  34  4/28/2020 p:   10755   21400 e: -49.7 r:  25.7   
US_Maryland_Prince_Georges_Prince_George_s=Confirmed i:  97  20  35          . p:   10755   21400 e: -49.7 r:  26.8   
US_Maryland_Prince_Georges_Prince_George_s=Confirmed i:  98  21  36  4/30/2020 p:   11370   21400 e: -46.9 r:  28.2   
US_Maryland_Prince_Georges_Prince_George_s=Confirmed i:  99  22  37          . p:   13214   21400 e: -38.3 r:  31.5   
US_Maryland_Prince_Georges_Prince_George_s=Confirmed i: 100  23  38   5/2/2020 p:   14443   21400 e: -32.5 r:  32.9   
US_Maryland_Prince_Georges_Prince_George_s=Confirmed i: 101  24  39          . p:   14443   21400 e: -32.5 r:  34.3   
US_Maryland_Prince_Georges_Prince_George_s=Confirmed i: 102  25  40   5/4/2020 p:   15058   21400 e: -29.6 r:  35.5   
US_Maryland_Prince_Georges_Prince_George_s=Confirmed i: 103  26  41          . p:   15058   21400 e: -29.6 r:  36.6   
US_Maryland_Prince_Georges_Prince_George_s=Confirmed i: 104  27  42   5/6/2020 p:   15672   21400 e: -26.8 r:  38.0   
US_Maryland_Prince_Georges_Prince_George_s=Confirmed i: 105  28  43          . p:   16287   21400 e: -23.9 r:  39.8   
US_Maryland_Prince_Georges_Prince_George_s=Confirmed i: 106  29  44   5/8/2020 p:   16902   21400 e: -21.0 r:  41.6   
US_Maryland_Prince_Georges_Prince_George_s=Confirmed i: 107  30  45          . p:   16902   21400 e: -21.0 r:  43.0   
US_Maryland_Prince_Georges_Prince_George_s=Confirmed i: 108  31  46  5/10/2020 p:   17516   21400 e: -18.2 r:  44.4   
US_Maryland_Prince_Georges_Prince_George_s=Confirmed i: 109  32  47          . p:   17581   21400 e: -17.8 r:  45.3   
US_Maryland_Prince_Georges_Prince_George_s=Confirmed i: 110  33  48  5/12/2020 p:   18105   21400 e: -15.4 r:  46.2   
US_Maryland_Prince_Georges_Prince_George_s=Confirmed i: 111  34  49          . p:   17520   21400 e: -18.1 r:  47.1   
US_Maryland_Prince_Georges_Prince_George_s=Confirmed i: 112  35  50  5/14/2020 p:   18131   21400 e: -15.3 r:  48.8   
US_Maryland_Prince_Georges_Prince_George_s=Confirmed i: 113  36  51          . p:   18131   21400 e: -15.3 r:  50.4   
US_Maryland_Prince_Georges_Prince_George_s=Confirmed i: 114  37  52  5/16/2020 p:   18131   21400 e: -15.3 r:  51.5   
US_Maryland_Prince_Georges_Prince_George_s=Confirmed i: 115  38  53          . p:   18131   21400 e: -15.3 r:  52.9   
US_Maryland_Prince_Georges_Prince_George_s=Confirmed i: 116  39  54  5/18/2020 p:   18131   21400 e: -15.3 r:  54.2   
US_Maryland_Prince_Georges_Prince_George_s=Confirmed i: 117  40  55          . p:   18745   21400 e: -12.4 r:  57.2 OK
US_Maryland_Prince_Georges_Prince_George_s=Confirmed i: 118  41  56  5/20/2020 p:   19360   21400 e:  -9.5 r:  58.2 OK
US_Maryland_Prince_Georges_Prince_George_s=Confirmed i: 119  42  57          . p:   19360   21400 e:  -9.5 r:  60.0 OK
US_Maryland_Prince_Georges_Prince_George_s=Confirmed i: 120  43  58  5/22/2020 p:   19975   21400 e:  -6.7 r:  61.1 OK
US_Maryland_Prince_Georges_Prince_George_s=Confirmed i: 121  44  59          . p:   19975   21400 e:  -6.7 r:  62.3 OK
US_Maryland_Prince_Georges_Prince_George_s=Confirmed i: 122  45  60  5/24/2020 p:   20589   21400 e:  -3.8 r:  63.2 OK
US_Maryland_Prince_Georges_Prince_George_s=Confirmed i: 123  46  61          . p:   20589   21400 e:  -3.8 r:  64.1 OK
US_Maryland_Prince_Georges_Prince_George_s=Confirmed i: 124  47  62  5/26/2020 p:   20302   21400 e:  -5.1 r:  64.6 OK
US_Maryland_Prince_Georges_Prince_George_s=Confirmed i: 125  48  63          . p:   20365   21400 e:  -4.8 r:  65.9 OK
US_Maryland_Prince_Georges_Prince_George_s=Confirmed i: 126  49  64  5/28/2020 p:   20545   21400 e:  -4.0 r:  67.8 OK
US_Maryland_Prince_Georges_Prince_George_s=Confirmed i: 127  50  65          . p:   22433   21400 e:   4.8 r:  69.0 OK
US_Maryland_Prince_Georges_Prince_George_s=Confirmed i: 128  51  66  5/30/2020 p:   22433   21400 e:   4.8 r:  70.2 OK
US_Maryland_Prince_Georges_Prince_George_s=Confirmed i: 129  52  67          . p:   21204   21400 e:  -0.9 r:  71.1 OK
US_Maryland_Prince_Georges_Prince_George_s=Confirmed i: 130  53  68   6/1/2020 p:   22433   21400 e:   4.8 r:  71.7 OK
US_Maryland_Prince_Georges_Prince_George_s=Confirmed i: 131  54  69          . p:   22041   21400 e:   3.0 r:  72.7 OK
US_Maryland_Prince_Georges_Prince_George_s=Confirmed i: 132  55  70   6/3/2020 p:   22052   21400 e:   3.0 r:  73.5 OK
US_Maryland_Prince_Georges_Prince_George_s=Confirmed i: 133  56  71          . p:   21819   21400 e:   2.0 r:  74.5 OK
US_Maryland_Prince_Georges_Prince_George_s=Confirmed i: 134  57  72   6/5/2020 p:   21819   21400 e:   2.0 r:  75.6 OK
US_Maryland_Prince_Georges_Prince_George_s=Confirmed i: 135  58  73          . p:   21819   21400 e:   2.0 r:  76.2 OK
US_Maryland_Prince_Georges_Prince_George_s=Confirmed i: 136  59  74   6/7/2020 p:   21082   21400 e:  -1.5 r:  76.8 OK
US_Maryland_Prince_Georges_Prince_George_s=Confirmed i: 137  60  75          . p:   21133   21400 e:  -1.3 r:  77.2 OK
US_Maryland_Prince_Georges_Prince_George_s=Confirmed i: 138  61  76   6/9/2020 p:   21150   21400 e:  -1.2 r:  77.7 OK
