
  # Process COVID TAB data
p1= 22993 il= 138
p1= 15419 il= 137
p1= 25157 il= 136
p1= 27321 il= 135
p1= 27321 il= 134
Bolivia=Confirmed nl = 139, n1= 5 s1= 23642.2 s2= 578434468.2 SD= 4413.71129096592 frac%= 18.6687841696877
Bolivia=Confirmed i:  57  57 -10          . p:     270   23642 e: -98.9 r:   0.1   
Bolivia=Confirmed i:  58  58  -9  3/21/2020 p:     270   23642 e: -98.9 r:   0.1   
Bolivia=Confirmed i:  59  59  -8          . p:     270   23642 e: -98.9 r:   0.1   
Bolivia=Confirmed i:  60  60  -7  3/23/2020 p:     270   23642 e: -98.9 r:   0.1   
Bolivia=Confirmed i:  61  61  -6          . p:     270   23642 e: -98.9 r:   0.1   
Bolivia=Confirmed i:  62  62  -5  3/25/2020 p:     270   23642 e: -98.9 r:   0.1   
Bolivia=Confirmed i:  63  63  -4          . p:     270   23642 e: -98.9 r:   0.2   
Bolivia=Confirmed i:  64  64  -3  3/27/2020 p:     270   23642 e: -98.9 r:   0.3   
Bolivia=Confirmed i:  65  65  -2          . p:    1352   23642 e: -94.3 r:   0.3   
Bolivia=Confirmed i:  66  66  -1  3/29/2020 p:    1893   23642 e: -92.0 r:   0.3   
Bolivia=Confirmed i:  67  67   0          . p:     270   23642 e: -98.9 r:   0.4   
Bolivia=Confirmed i:  68  68   1  3/31/2020 p:     270   23642 e: -98.9 r:   0.5   
Bolivia=Confirmed i:  69  69   2          . p:     270   23642 e: -98.9 r:   0.5   
Bolivia=Confirmed i:  70  70   3   4/2/2020 p:     270   23642 e: -98.9 r:   0.5   
Bolivia=Confirmed i:  71  71   4          . p:     270   23642 e: -98.9 r:   0.6   
Bolivia=Confirmed i:  72  72   5   4/4/2020 p:     270   23642 e: -98.9 r:   0.6   
Bolivia=Confirmed i:  73  73   6          . p:     270   23642 e: -98.9 r:   0.7   
Bolivia=Confirmed i:  74  74   7   4/6/2020 p:     270   23642 e: -98.9 r:   0.8   
Bolivia=Confirmed i:  75  75   8          . p:     270   23642 e: -98.9 r:   0.8   
Bolivia=Confirmed i:  76  76   9   4/8/2020 p:     270   23642 e: -98.9 r:   0.9   
Bolivia=Confirmed i:  77  77  10          . p:     811   23642 e: -96.6 r:   1.1   
Bolivia=Confirmed i:  78  78  11  4/10/2020 p:     811   23642 e: -96.6 r:   1.1   
Bolivia=Confirmed i:  79  79  12          . p:     811   23642 e: -96.6 r:   1.2   
Bolivia=Confirmed i:  80  80  13  4/12/2020 p:     811   23642 e: -96.6 r:   1.3   
Bolivia=Confirmed i:  81  81  14          . p:     811   23642 e: -96.6 r:   1.4   
Bolivia=Confirmed i:  82  82  15  4/14/2020 p:    1352   23642 e: -94.3 r:   1.5   
Bolivia=Confirmed i:  83  83  16          . p:    1352   23642 e: -94.3 r:   1.7   
Bolivia=Confirmed i:  84  84  17  4/16/2020 p:    1893   23642 e: -92.0 r:   1.9   
Bolivia=Confirmed i:  85  85  18          . p:    1893   23642 e: -92.0 r:   2.0   
Bolivia=Confirmed i:  86  86  19  4/18/2020 p:    2434   23642 e: -89.7 r:   2.1   
Bolivia=Confirmed i:  87  87  20          . p:    2434   23642 e: -89.7 r:   2.2   
Bolivia=Confirmed i:  88  88  21  4/20/2020 p:    2434   23642 e: -89.7 r:   2.4   
Bolivia=Confirmed i:  89  89  22          . p:    2434   23642 e: -89.7 r:   2.5   
Bolivia=Confirmed i:  90  90  23  4/22/2020 p:    2443   23642 e: -89.7 r:   2.6   
Bolivia=Confirmed i:  91  91  24          . p:    2975   23642 e: -87.4 r:   3.0   
Bolivia=Confirmed i:  92  92  25  4/24/2020 p:    3516   23642 e: -85.1 r:   3.4   
Bolivia=Confirmed i:  93  93  26          . p:    4598   23642 e: -80.6 r:   3.7   
Bolivia=Confirmed i:  94  94  27  4/26/2020 p:    5680   23642 e: -76.0 r:   4.0   
Bolivia=Confirmed i:  95  95  28          . p:    6762   23642 e: -71.4 r:   4.3   
Bolivia=Confirmed i:  96  96  29  4/28/2020 p:    1352   23642 e: -94.3 r:   4.5   
Bolivia=Confirmed i:  97  97  30          . p:    1352   23642 e: -94.3 r:   4.7   
Bolivia=Confirmed i:  98  98  31  4/30/2020 p:    1352   23642 e: -94.3 r:   4.9   
Bolivia=Confirmed i:  99  99  32          . p:    1893   23642 e: -92.0 r:   5.2   
Bolivia=Confirmed i: 100 100  33   5/2/2020 p:   11091   23642 e: -53.1 r:   6.2   
Bolivia=Confirmed i: 101 101  34          . p:   13796   23642 e: -41.6 r:   6.7   
Bolivia=Confirmed i: 102 102  35   5/4/2020 p:   15960   23642 e: -32.5 r:   7.1   
Bolivia=Confirmed i: 103 103  36          . p:   18665   23642 e: -21.1 r:   7.6   
Bolivia=Confirmed i: 104 104  37   5/6/2020 p:    2434   23642 e: -89.7 r:   8.0   
Bolivia=Confirmed i: 105   0  38          . p:   24616   23642 e:   4.1 r:   8.8 OK 1st
Bolivia=Confirmed i: 106   1  39   5/8/2020 p:    5680   23642 e: -76.0 r:   9.6   
Bolivia=Confirmed i: 107   2  40          . p:   37060   23642 e:  56.8 r:  10.3   
Bolivia=Confirmed i: 108   3  41  5/10/2020 p:   39765   23642 e:  68.2 r:  10.8   
Bolivia=Confirmed i: 109   4  42          . p:   17583   23642 e: -25.6 r:  12.0   
Bolivia=Confirmed i: 110   5  43  5/12/2020 p:    7844   23642 e: -66.8 r:  12.5   
Bolivia=Confirmed i: 111   6  44          . p:       0   23642 e: -100.0 r:  13.3   
Bolivia=Confirmed i: 112   7  45  5/14/2020 p:       0   23642 e: -100.0 r:  14.3   
Bolivia=Confirmed i: 113   8  46          . p:       0   23642 e: -100.0 r:  15.1   
Bolivia=Confirmed i: 114   9  47  5/16/2020 p:   15960   23642 e: -32.5 r:  16.2   
Bolivia=Confirmed i: 115  10  48          . p:   25698   23642 e:   8.7 r:  17.3 OK
Bolivia=Confirmed i: 116  11  49  5/18/2020 p:   10008   23642 e: -57.7 r:  18.0   
Bolivia=Confirmed i: 117  12  50          . p:       0   23642 e: -100.0 r:  19.0   
Bolivia=Confirmed i: 118  13  51  5/20/2020 p:       0   23642 e: -100.0 r:  20.8   
Bolivia=Confirmed i: 119  14  52          . p:       0   23642 e: -100.0 r:  21.9   
Bolivia=Confirmed i: 120  15  53  5/22/2020 p:       0   23642 e: -100.0 r:  23.6   
Bolivia=Confirmed i: 121  16  54          . p:   39224   23642 e:  65.9 r:  25.0   
Bolivia=Confirmed i: 122  17  55  5/24/2020 p:   11632   23642 e: -50.8 r:  26.5   
Bolivia=Confirmed i: 123  18  56          . p:   15960   23642 e: -32.5 r:  28.2   
Bolivia=Confirmed i: 124  19  57  5/26/2020 p:       0   23642 e: -100.0 r:  30.2   
Bolivia=Confirmed i: 127  22  60          . p:       0   23642 e: -100.0 r:  36.9   
Bolivia=Confirmed i: 129  24  62          . p:   30026   23642 e:  27.0 r:  42.2   
Bolivia=Confirmed i: 130  25  63   6/1/2020 p:   19747   23642 e: -16.5 r:  44.5   
Bolivia=Confirmed i: 131  26  64          . p:   14878   23642 e: -37.1 r:  46.5   
Bolivia=Confirmed i: 132  27  65   6/3/2020 p:   21911   23642 e:  -7.3 r:  49.2 OK
Bolivia=Confirmed i: 133  28  66          . p:   28403   23642 e:  20.1 r:  51.8   
Bolivia=Confirmed i: 134  29  67   6/5/2020 p:   27321   23642 e:  15.6 r:  53.8   
Bolivia=Confirmed i: 135  30  68          . p:   27321   23642 e:  15.6 r:  56.5   
Bolivia=Confirmed i: 136  31  69   6/7/2020 p:   25157   23642 e:   6.4 r:  57.7 OK
Bolivia=Confirmed i: 137  32  70          . p:   15419   23642 e: -34.8 r:  59.0   
Bolivia=Confirmed i: 138  33  71   6/9/2020 p:   22993   23642 e:  -2.7 r:  61.9 OK
