
  # Process COVID TAB data
p1= 682 il= 138
p1= 1824 il= 137
p1= 682 il= 136
p1= 682 il= 133
p1= 657 il= 125
Austria=Deaths nl = 139, n1= 5 s1= 905.4 s2= 1030799.4 SD= 459.402046142592 frac%= 50.7402304111544
Austria=Deaths i:  56  56  -3  3/19/2020 p:      14     905 e: -98.5 r:   0.7   
Austria=Deaths i:  57  57  -2          . p:      11     905 e: -98.8 r:   0.7   
Austria=Deaths i:  58  58  -1  3/21/2020 p:      12     905 e: -98.7 r:   0.9   
Austria=Deaths i:  62  62   3  3/25/2020 p:      37     905 e: -95.9 r:   3.3   
Austria=Deaths i:  64  64   5  3/27/2020 p:    1626     905 e:  79.6 r:   6.4   
Austria=Deaths i:  65  65   6          . p:     260     905 e: -71.3 r:   7.5   
Austria=Deaths i:  66  66   7  3/29/2020 p:     260     905 e: -71.3 r:   9.5   
Austria=Deaths i:  67  67   8          . p:     583     905 e: -35.6 r:  11.9   
Austria=Deaths i:  68  68   9  3/31/2020 p:     707     905 e: -21.9 r:  14.1   
Austria=Deaths i:  69  69  10          . p:     707     905 e: -21.9 r:  16.1   
Austria=Deaths i:  70  70  11   4/2/2020 p:     558     905 e: -38.4 r:  17.5   
Austria=Deaths i:  71  71  12          . p:     186     905 e: -79.5 r:  18.6   
Austria=Deaths i:  72  72  13   4/4/2020 p:     277     905 e: -69.4 r:  20.5   
Austria=Deaths i:  73  73  14          . p:     398     905 e: -56.0 r:  22.5   
Austria=Deaths i:  74  74  15   4/6/2020 p:     335     905 e: -63.0 r:  24.3   
Austria=Deaths i:  75  75  16          . p:     384     905 e: -57.6 r:  26.8   
Austria=Deaths i:  76  76  17   4/8/2020 p:     484     905 e: -46.5 r:  30.2   
Austria=Deaths i:  77  77  18          . p:     533     905 e: -41.1 r:  32.6   
Austria=Deaths i:  78  78  19  4/10/2020 p:     608     905 e: -32.8 r:  35.2   
Austria=Deaths i:  79  79  20          . p:     633     905 e: -30.1 r:  37.2   
Austria=Deaths i:  80  80  21  4/12/2020 p:     633     905 e: -30.1 r:  38.7   
Austria=Deaths i:  81  81  22          . p:     632     905 e: -30.2 r:  40.6   
Austria=Deaths i:  82  82  23  4/14/2020 p:     625     905 e: -31.0 r:  42.4   
Austria=Deaths i:  83  83  24          . p:     606     905 e: -33.1 r:  43.4   
Austria=Deaths i:  84  84  25  4/16/2020 p:     603     905 e: -33.4 r:  45.3   
Austria=Deaths i:  85  85  26          . p:     608     905 e: -32.8 r:  47.6   
Austria=Deaths i:  86  86  27  4/18/2020 p:     608     905 e: -32.8 r:  48.9   
Austria=Deaths i:  87  87  28          . p:     614     905 e: -32.2 r:  49.9   
Austria=Deaths i:  88  88  29  4/20/2020 p:     622     905 e: -31.3 r:  51.9   
Austria=Deaths i:  89  89  30          . p:     633     905 e: -30.1 r:  54.2   
Austria=Deaths i:  90  90  31  4/22/2020 p:     657     905 e: -27.4 r:  56.3   
Austria=Deaths i:  91  91  32          . p:     682     905 e: -24.7 r:  57.7   
Austria=Deaths i:  92  92  33  4/24/2020 p:     680     905 e: -24.9 r:  58.5   
Austria=Deaths i:  93  93  34          . p:     677     905 e: -25.2 r:  59.2   
Austria=Deaths i:  94  94  35  4/26/2020 p:     686     905 e: -24.2 r:  59.9   
Austria=Deaths i:  95  95  36          . p:     670     905 e: -26.0 r:  60.6   
Austria=Deaths i:  96  96  37  4/28/2020 p:     684     905 e: -24.5 r:  62.8   
Austria=Deaths i:  97  97  38          . p:     679     905 e: -25.0 r:  64.1   
Austria=Deaths i:  98  98  39  4/30/2020 p:     682     905 e: -24.7 r:  64.5   
Austria=Deaths i:  99  99  40          . p:     677     905 e: -25.2 r:  65.1   
Austria=Deaths i: 100 100  41   5/2/2020 p:     693     905 e: -23.5 r:  65.8   
Austria=Deaths i: 101 101  42          . p:     676     905 e: -25.3 r:  66.0   
Austria=Deaths i: 102 102  43   5/4/2020 p:     676     905 e: -25.3 r:  66.3   
Austria=Deaths i: 103 103  44          . p:     669     905 e: -26.1 r:  66.9   
Austria=Deaths i: 104 104  45   5/6/2020 p:     669     905 e: -26.1 r:  67.2   
Austria=Deaths i: 105 105  46          . p:     665     905 e: -26.6 r:  67.3   
Austria=Deaths i: 106 106  47   5/8/2020 p:     657     905 e: -27.4 r:  67.8   
Austria=Deaths i: 107 107  48          . p:     659     905 e: -27.2 r:  67.9   
Austria=Deaths i: 108 108  49  5/10/2020 p:     633     905 e: -30.1 r:  68.3   
Austria=Deaths i: 109 109  50          . p:     634     905 e: -30.0 r:  68.5   
Austria=Deaths i: 110 110  51  5/12/2020 p:     633     905 e: -30.1 r:  68.8   
Austria=Deaths i: 111 111  52          . p:     655     905 e: -27.7 r:  68.9   
Austria=Deaths i: 112 112  53  5/14/2020 p:     640     905 e: -29.3 r:  69.1   
Austria=Deaths i: 113 113  54          . p:     653     905 e: -27.9 r:  69.4   
Austria=Deaths i: 114 114  55  5/16/2020 p:     643     905 e: -29.0 r:  69.5   
Austria=Deaths i: 115 115  56          . p:     643     905 e: -29.0 r:  69.5   
Austria=Deaths i: 116 116  57  5/18/2020 p:     640     905 e: -29.3 r:  69.5   
Austria=Deaths i: 117 117  58          . p:     633     905 e: -30.1 r:  69.8   
Austria=Deaths i: 118 118  59  5/20/2020 p:     633     905 e: -30.1 r:  69.9   
Austria=Deaths i: 119 119  60          . p:     633     905 e: -30.1 r:  69.9   
Austria=Deaths i: 120 120  61  5/22/2020 p:     633     905 e: -30.1 r:  70.1   
Austria=Deaths i: 121 121  62          . p:     633     905 e: -30.1 r:  70.6   
Austria=Deaths i: 122 122  63  5/24/2020 p:     633     905 e: -30.1 r:  70.7   
Austria=Deaths i: 123 123  64          . p:     633     905 e: -30.1 r:  70.8   
Austria=Deaths i: 124 124  65  5/26/2020 p:     657     905 e: -27.4 r:  71.0   
Austria=Deaths i: 125 125  66          . p:     657     905 e: -27.4 r:  71.2   
Austria=Deaths i: 133 133  74          . p:     682     905 e: -24.7 r:  74.0   
Austria=Deaths i: 136 136  77   6/7/2020 p:     682     905 e: -24.7 r:  74.2   
Austria=Deaths i: 137 137  78          . p:    1824     905 e: 101.5 r:  74.2   
Austria=Deaths i: 138 138  79   6/9/2020 p:     682     905 e: -24.7 r:  74.2   
