
  # Process COVID TAB data
p1= 723 il= 138
p1= 723 il= 137
p1= 723 il= 136
p1= 723 il= 135
p1= 723 il= 134
Diamond_Princess=Confirmed nl = 139, n1= 5 s1= 723 s2= 522729 SD= 0 frac%= 0
Diamond_Princess=Confirmed i:  21  21   4          . p:     183     723 e: -74.7 r:  24.2   
Diamond_Princess=Confirmed i:  23   0   6          . p:     775     723 e:   7.2 r:  39.4 OK 1st
Diamond_Princess=Confirmed i:  24   1   7  2/16/2020 p:    1249     723 e:  72.8 r:  49.1   
Diamond_Princess=Confirmed i:  25   2   8          . p:       0     723 e: -100.0 r:  62.8   
Diamond_Princess=Confirmed i:  27   4  10          . p:    1591     723 e: 120.1 r:  85.9   
Diamond_Princess=Confirmed i:  28   5  11  2/20/2020 p:     775     723 e:   7.2 r:  87.7 OK
Diamond_Princess=Confirmed i:  29   6  12          . p:     644     723 e: -10.9 r:  87.7 OK
Diamond_Princess=Confirmed i:  30   7  13  2/22/2020 p:     636     723 e: -12.0 r:  87.7 OK
Diamond_Princess=Confirmed i:  31   8  14          . p:     764     723 e:   5.7 r:  95.6 OK
Diamond_Princess=Confirmed i:  32   9  15  2/24/2020 p:     728     723 e:   0.7 r:  95.6 OK
Diamond_Princess=Confirmed i:  33  10  16          . p:     723     723 e:   0.0 r:  95.6 OK
Diamond_Princess=Confirmed i:  34  11  17  2/26/2020 p:     717     723 e:  -0.8 r:  97.5 OK
Diamond_Princess=Confirmed i:  35  12  18          . p:     720     723 e:  -0.4 r:  97.5 OK
Diamond_Princess=Confirmed i:  36  13  19  2/28/2020 p:     709     723 e:  -1.9 r:  97.5 OK
Diamond_Princess=Confirmed i:  37  14  20          . p:     709     723 e:  -1.9 r:  97.5 OK
Diamond_Princess=Confirmed i:  38  15  21   3/1/2020 p:     710     723 e:  -1.8 r:  97.5 OK
Diamond_Princess=Confirmed i:  39  16  22          . p:     710     723 e:  -1.8 r:  97.5 OK
Diamond_Princess=Confirmed i:  43  20  26          . p:     723     723 e:   0.0 r:  97.6 OK
Diamond_Princess=Confirmed i:  44  21  27   3/7/2020 p:     723     723 e:   0.0 r:  97.6 OK
Diamond_Princess=Confirmed i:  45  22  28          . p:     723     723 e:   0.0 r:  97.6 OK
Diamond_Princess=Confirmed i:  46  23  29   3/9/2020 p:     723     723 e:   0.0 r:  97.6 OK
Diamond_Princess=Confirmed i:  47  24  30          . p:     723     723 e:   0.0 r:  97.6 OK
Diamond_Princess=Confirmed i:  48  25  31  3/11/2020 p:     723     723 e:   0.0 r:  97.6 OK
Diamond_Princess=Confirmed i:  52  29  35  3/15/2020 p:       0     723 e: -100.0 r:  97.6   
Diamond_Princess=Confirmed i:  53  30  36          . p:       0     723 e: -100.0 r:  97.6   
Diamond_Princess=Confirmed i:  54  31  37  3/17/2020 p:       0     723 e: -100.0 r:  97.6   
Diamond_Princess=Confirmed i:  58  35  41  3/21/2020 p:     723     723 e:   0.0 r:  98.5 OK
Diamond_Princess=Confirmed i:  59  36  42          . p:     723     723 e:   0.0 r:  98.5 OK
Diamond_Princess=Confirmed i:  60  37  43  3/23/2020 p:     723     723 e:   0.0 r:  98.5 OK
Diamond_Princess=Confirmed i:  61  38  44          . p:       0     723 e: -100.0 r:  98.5   
Diamond_Princess=Confirmed i:  62  39  45  3/25/2020 p:       0     723 e: -100.0 r:  98.5   
Diamond_Princess=Confirmed i:  63  40  46          . p:     723     723 e:   0.0 r:  98.5 OK
Diamond_Princess=Confirmed i:  64  41  47  3/27/2020 p:       0     723 e: -100.0 r:  98.5   
Diamond_Princess=Confirmed i:  65  42  48          . p:     723     723 e:   0.0 r:  98.5 OK
Diamond_Princess=Confirmed i:  66  43  49  3/29/2020 p:     723     723 e:   0.0 r:  98.5 OK
Diamond_Princess=Confirmed i:  67  44  50          . p:     723     723 e:   0.0 r:  98.5 OK
Diamond_Princess=Confirmed i:  68  45  51  3/31/2020 p:     723     723 e:   0.0 r:  98.5 OK
Diamond_Princess=Confirmed i:  69  46  52          . p:     723     723 e:   0.0 r:  98.5 OK
Diamond_Princess=Confirmed i:  70  47  53   4/2/2020 p:     723     723 e:   0.0 r:  98.5 OK
Diamond_Princess=Confirmed i:  71  48  54          . p:     723     723 e:   0.0 r:  98.5 OK
Diamond_Princess=Confirmed i:  72  49  55   4/4/2020 p:     723     723 e:   0.0 r:  98.5 OK
Diamond_Princess=Confirmed i:  73  50  56          . p:     723     723 e:   0.0 r:  98.5 OK
Diamond_Princess=Confirmed i:  74  51  57   4/6/2020 p:     723     723 e:   0.0 r:  98.5 OK
Diamond_Princess=Confirmed i:  75  52  58          . p:     723     723 e:   0.0 r:  98.5 OK
Diamond_Princess=Confirmed i:  76  53  59   4/8/2020 p:     723     723 e:   0.0 r:  98.5 OK
Diamond_Princess=Confirmed i:  77  54  60          . p:     723     723 e:   0.0 r:  98.5 OK
Diamond_Princess=Confirmed i:  78  55  61  4/10/2020 p:     723     723 e:   0.0 r:  98.5 OK
Diamond_Princess=Confirmed i:  79  56  62          . p:     723     723 e:   0.0 r:  98.5 OK
Diamond_Princess=Confirmed i:  80  57  63  4/12/2020 p:     723     723 e:   0.0 r:  98.5 OK
Diamond_Princess=Confirmed i:  81  58  64          . p:     723     723 e:   0.0 r:  98.5 OK
Diamond_Princess=Confirmed i:  82  59  65  4/14/2020 p:     723     723 e:   0.0 r:  98.5 OK
Diamond_Princess=Confirmed i:  83  60  66          . p:       0     723 e: -100.0 r:  98.5   
Diamond_Princess=Confirmed i:  84  61  67  4/16/2020 p:       0     723 e: -100.0 r:  98.5   
Diamond_Princess=Confirmed i:  85  62  68          . p:       0     723 e: -100.0 r:  98.5   
Diamond_Princess=Confirmed i:  86  63  69  4/18/2020 p:       0     723 e: -100.0 r:  98.5   
Diamond_Princess=Confirmed i:  87  64  70          . p:       0     723 e: -100.0 r:  98.5   
Diamond_Princess=Confirmed i:  88  65  71  4/20/2020 p:       0     723 e: -100.0 r:  98.5   
Diamond_Princess=Confirmed i:  89  66  72          . p:       0     723 e: -100.0 r:  98.5   
Diamond_Princess=Confirmed i:  90  67  73  4/22/2020 p:       0     723 e: -100.0 r:  98.5   
Diamond_Princess=Confirmed i:  91  68  74          . p:       0     723 e: -100.0 r:  98.5   
Diamond_Princess=Confirmed i:  92  69  75  4/24/2020 p:     723     723 e:   0.0 r:  98.5 OK
Diamond_Princess=Confirmed i:  93  70  76          . p:       0     723 e: -100.0 r:  98.5   
Diamond_Princess=Confirmed i:  94  71  77  4/26/2020 p:       0     723 e: -100.0 r:  98.5   
Diamond_Princess=Confirmed i:  95  72  78          . p:       0     723 e: -100.0 r:  98.5   
Diamond_Princess=Confirmed i:  96  73  79  4/28/2020 p:       0     723 e: -100.0 r:  98.5   
Diamond_Princess=Confirmed i:  97  74  80          . p:       0     723 e: -100.0 r:  98.5   
Diamond_Princess=Confirmed i:  98  75  81  4/30/2020 p:       0     723 e: -100.0 r:  98.5   
Diamond_Princess=Confirmed i:  99  76  82          . p:       0     723 e: -100.0 r:  98.5   
Diamond_Princess=Confirmed i: 100  77  83   5/2/2020 p:       0     723 e: -100.0 r:  98.5   
Diamond_Princess=Confirmed i: 101  78  84          . p:       0     723 e: -100.0 r:  98.5   
Diamond_Princess=Confirmed i: 102  79  85   5/4/2020 p:       0     723 e: -100.0 r:  98.5   
Diamond_Princess=Confirmed i: 103  80  86          . p:       0     723 e: -100.0 r:  98.5   
Diamond_Princess=Confirmed i: 104  81  87   5/6/2020 p:       0     723 e: -100.0 r:  98.5   
Diamond_Princess=Confirmed i: 105  82  88          . p:       0     723 e: -100.0 r:  98.5   
Diamond_Princess=Confirmed i: 106  83  89   5/8/2020 p:       0     723 e: -100.0 r:  98.5   
Diamond_Princess=Confirmed i: 107  84  90          . p:       0     723 e: -100.0 r:  98.5   
Diamond_Princess=Confirmed i: 108  85  91  5/10/2020 p:       0     723 e: -100.0 r:  98.5   
Diamond_Princess=Confirmed i: 109  86  92          . p:       0     723 e: -100.0 r:  98.5   
Diamond_Princess=Confirmed i: 110  87  93  5/12/2020 p:       0     723 e: -100.0 r:  98.5   
Diamond_Princess=Confirmed i: 111  88  94          . p:       0     723 e: -100.0 r:  98.5   
Diamond_Princess=Confirmed i: 112  89  95  5/14/2020 p:       0     723 e: -100.0 r:  98.5   
Diamond_Princess=Confirmed i: 113  90  96          . p:       0     723 e: -100.0 r:  98.5   
Diamond_Princess=Confirmed i: 114  91  97  5/16/2020 p:       0     723 e: -100.0 r:  98.5   
Diamond_Princess=Confirmed i: 115  92  98          . p:       0     723 e: -100.0 r:  98.5   
Diamond_Princess=Confirmed i: 116  93  99  5/18/2020 p:       0     723 e: -100.0 r:  98.5   
Diamond_Princess=Confirmed i: 117  94 100          . p:       0     723 e: -100.0 r:  98.5   
Diamond_Princess=Confirmed i: 118  95 101  5/20/2020 p:       0     723 e: -100.0 r:  98.5   
Diamond_Princess=Confirmed i: 119  96 102          . p:       0     723 e: -100.0 r:  98.5   
Diamond_Princess=Confirmed i: 120  97 103  5/22/2020 p:       0     723 e: -100.0 r:  98.5   
Diamond_Princess=Confirmed i: 121  98 104          . p:       0     723 e: -100.0 r:  98.5   
Diamond_Princess=Confirmed i: 122  99 105  5/24/2020 p:       0     723 e: -100.0 r:  98.5   
Diamond_Princess=Confirmed i: 123 100 106          . p:       0     723 e: -100.0 r:  98.5   
Diamond_Princess=Confirmed i: 124 101 107  5/26/2020 p:       0     723 e: -100.0 r:  98.5   
Diamond_Princess=Confirmed i: 125 102 108          . p:     723     723 e:   0.0 r:  98.5 OK
Diamond_Princess=Confirmed i: 126 103 109  5/28/2020 p:     723     723 e:   0.0 r:  98.5 OK
Diamond_Princess=Confirmed i: 127 104 110          . p:     723     723 e:   0.0 r:  98.5 OK
Diamond_Princess=Confirmed i: 128 105 111  5/30/2020 p:     723     723 e:   0.0 r:  98.5 OK
Diamond_Princess=Confirmed i: 129 106 112          . p:     723     723 e:   0.0 r:  98.5 OK
Diamond_Princess=Confirmed i: 130 107 113   6/1/2020 p:     723     723 e:   0.0 r:  98.5 OK
Diamond_Princess=Confirmed i: 131 108 114          . p:     723     723 e:   0.0 r:  98.5 OK
Diamond_Princess=Confirmed i: 132 109 115   6/3/2020 p:     723     723 e:   0.0 r:  98.5 OK
Diamond_Princess=Confirmed i: 133 110 116          . p:     723     723 e:   0.0 r:  98.5 OK
Diamond_Princess=Confirmed i: 134 111 117   6/5/2020 p:     723     723 e:   0.0 r:  98.5 OK
Diamond_Princess=Confirmed i: 135 112 118          . p:     723     723 e:   0.0 r:  98.5 OK
Diamond_Princess=Confirmed i: 136 113 119   6/7/2020 p:     723     723 e:   0.0 r:  98.5 OK
Diamond_Princess=Confirmed i: 137 114 120          . p:     723     723 e:   0.0 r:  98.5 OK
Diamond_Princess=Confirmed i: 138 115 121   6/9/2020 p:     723     723 e:   0.0 r:  98.5 OK
