
  # Process COVID TAB data
p1= 4533 il= 138
p1= 4384 il= 137
p1= 4384 il= 136
p1= 4384 il= 135
p1= 5276 il= 134
US_Louisiana_East_Baton_Rouge=Confirmed nl = 139, n1= 5 s1= 4592.2 s2= 21208526.6 SD= 346.735864888537 frac%= 7.55053928157608
US_Louisiana_East_Baton_Rouge=Confirmed i:  61  61  -1          . p:    7059    4592 e:  53.7 r:   1.3   
US_Louisiana_East_Baton_Rouge=Confirmed i:  62  62   0  3/25/2020 p:     183    4592 e: -96.0 r:   1.6   
US_Louisiana_East_Baton_Rouge=Confirmed i:  63  63   1          . p:     308    4592 e: -93.3 r:   2.3   
US_Louisiana_East_Baton_Rouge=Confirmed i:  64  64   2  3/27/2020 p:     275    4592 e: -94.0 r:   2.7   
US_Louisiana_East_Baton_Rouge=Confirmed i:  65  65   3          . p:     336    4592 e: -92.7 r:   3.3   
US_Louisiana_East_Baton_Rouge=Confirmed i:  66  66   4  3/29/2020 p:     241    4592 e: -94.8 r:   3.6   
US_Louisiana_East_Baton_Rouge=Confirmed i:  67  67   5          . p:     262    4592 e: -94.3 r:   4.1   
US_Louisiana_East_Baton_Rouge=Confirmed i:  68  68   6  3/31/2020 p:     371    4592 e: -91.9 r:   5.0   
US_Louisiana_East_Baton_Rouge=Confirmed i:  69  69   7          . p:     406    4592 e: -91.2 r:   5.3   
US_Louisiana_East_Baton_Rouge=Confirmed i:  70  70   8   4/2/2020 p:     668    4592 e: -85.5 r:   7.1   
US_Louisiana_East_Baton_Rouge=Confirmed i:  71  71   9          . p:     817    4592 e: -82.2 r:   8.5   
US_Louisiana_East_Baton_Rouge=Confirmed i:  74  74  12   4/6/2020 p:    3195    4592 e: -30.4 r:  17.8   
US_Louisiana_East_Baton_Rouge=Confirmed i:  75  75  13          . p:    1114    4592 e: -75.7 r:  19.4   
US_Louisiana_East_Baton_Rouge=Confirmed i:  76  76  14   4/8/2020 p:    1114    4592 e: -75.7 r:  20.4   
US_Louisiana_East_Baton_Rouge=Confirmed i:  77  77  15          . p:    1114    4592 e: -75.7 r:  21.8   
US_Louisiana_East_Baton_Rouge=Confirmed i:  78  78  16  4/10/2020 p:    1411    4592 e: -69.3 r:  23.7   
US_Louisiana_East_Baton_Rouge=Confirmed i:  79  79  17          . p:    1411    4592 e: -69.3 r:  25.2   
US_Louisiana_East_Baton_Rouge=Confirmed i:  80  80  18  4/12/2020 p:    1411    4592 e: -69.3 r:  26.6   
US_Louisiana_East_Baton_Rouge=Confirmed i:  81  81  19          . p:    1486    4592 e: -67.6 r:  27.7   
US_Louisiana_East_Baton_Rouge=Confirmed i:  82  82  20  4/14/2020 p:    1479    4592 e: -67.8 r:  28.2   
US_Louisiana_East_Baton_Rouge=Confirmed i:  83  83  21          . p:    1459    4592 e: -68.2 r:  28.9   
US_Louisiana_East_Baton_Rouge=Confirmed i:  84  84  22  4/16/2020 p:    1537    4592 e: -66.5 r:  30.2   
US_Louisiana_East_Baton_Rouge=Confirmed i:  85  85  23          . p:    1574    4592 e: -65.7 r:  31.0   
US_Louisiana_East_Baton_Rouge=Confirmed i:  86  86  24  4/18/2020 p:    1709    4592 e: -62.8 r:  32.1   
US_Louisiana_East_Baton_Rouge=Confirmed i:  87  87  25          . p:    1709    4592 e: -62.8 r:  32.9   
US_Louisiana_East_Baton_Rouge=Confirmed i:  88  88  26  4/20/2020 p:    1676    4592 e: -63.5 r:  33.4   
US_Louisiana_East_Baton_Rouge=Confirmed i:  89  89  27          . p:    1697    4592 e: -63.0 r:  34.0   
US_Louisiana_East_Baton_Rouge=Confirmed i:  90  90  28  4/22/2020 p:    1731    4592 e: -62.3 r:  34.9   
US_Louisiana_East_Baton_Rouge=Confirmed i:  91  91  29          . p:    1857    4592 e: -59.6 r:  35.6   
US_Louisiana_East_Baton_Rouge=Confirmed i:  92  92  30  4/24/2020 p:    1857    4592 e: -59.6 r:  37.0   
US_Louisiana_East_Baton_Rouge=Confirmed i:  93  93  31          . p:    1857    4592 e: -59.6 r:  37.5   
US_Louisiana_East_Baton_Rouge=Confirmed i:  94  94  32  4/26/2020 p:    1857    4592 e: -59.6 r:  37.9   
US_Louisiana_East_Baton_Rouge=Confirmed i:  95  95  33          . p:    1945    4592 e: -57.6 r:  38.6   
US_Louisiana_East_Baton_Rouge=Confirmed i:  96  96  34  4/28/2020 p:    1933    4592 e: -57.9 r:  38.9   
US_Louisiana_East_Baton_Rouge=Confirmed i:  97  97  35          . p:    2006    4592 e: -56.3 r:  39.9   
US_Louisiana_East_Baton_Rouge=Confirmed i:  98  98  36  4/30/2020 p:    2006    4592 e: -56.3 r:  40.8   
US_Louisiana_East_Baton_Rouge=Confirmed i:  99  99  37          . p:    2601    4592 e: -43.4 r:  43.3   
US_Louisiana_East_Baton_Rouge=Confirmed i: 100 100  38   5/2/2020 p:    2898    4592 e: -36.9 r:  44.7   
US_Louisiana_East_Baton_Rouge=Confirmed i: 101 101  39          . p:    3046    4592 e: -33.7 r:  45.4   
US_Louisiana_East_Baton_Rouge=Confirmed i: 102 102  40   5/4/2020 p:    2303    4592 e: -49.8 r:  46.4   
US_Louisiana_East_Baton_Rouge=Confirmed i: 103 103  41          . p:    2303    4592 e: -49.8 r:  47.4   
US_Louisiana_East_Baton_Rouge=Confirmed i: 104 104  42   5/6/2020 p:    2452    4592 e: -46.6 r:  48.4   
US_Louisiana_East_Baton_Rouge=Confirmed i: 105 105  43          . p:    2452    4592 e: -46.6 r:  49.1   
US_Louisiana_East_Baton_Rouge=Confirmed i: 106 106  44   5/8/2020 p:    2452    4592 e: -46.6 r:  49.7   
US_Louisiana_East_Baton_Rouge=Confirmed i: 107 107  45          . p:    3641    4592 e: -20.7 r:  51.1   
US_Louisiana_East_Baton_Rouge=Confirmed i: 108 108  46  5/10/2020 p:    2749    4592 e: -40.1 r:  51.7   
US_Louisiana_East_Baton_Rouge=Confirmed i: 109 109  47          . p:    2749    4592 e: -40.1 r:  52.2   
US_Louisiana_East_Baton_Rouge=Confirmed i: 110 110  48  5/12/2020 p:    3195    4592 e: -30.4 r:  53.2   
US_Louisiana_East_Baton_Rouge=Confirmed i: 111   0  49          . p:    3938    4592 e: -14.2 r:  54.2 OK 1st
US_Louisiana_East_Baton_Rouge=Confirmed i: 112   1  50  5/14/2020 p:    6911    4592 e:  50.5 r:  63.1   
US_Louisiana_East_Baton_Rouge=Confirmed i: 113   2  51          . p:   10032    4592 e: 118.5 r:  64.3   
US_Louisiana_East_Baton_Rouge=Confirmed i: 114   3  52  5/16/2020 p:    3046    4592 e: -33.7 r:  65.5   
US_Louisiana_East_Baton_Rouge=Confirmed i: 115   4  53          . p:    3046    4592 e: -33.7 r:  66.1   
US_Louisiana_East_Baton_Rouge=Confirmed i: 116   5  54  5/18/2020 p:    3046    4592 e: -33.7 r:  66.5   
US_Louisiana_East_Baton_Rouge=Confirmed i: 117   6  55          . p:       0    4592 e: -100.0 r:  68.5   
US_Louisiana_East_Baton_Rouge=Confirmed i: 118   7  56  5/20/2020 p:       0    4592 e: -100.0 r:  70.0   
US_Louisiana_East_Baton_Rouge=Confirmed i: 119   8  57          . p:       0    4592 e: -100.0 r:  72.3   
US_Louisiana_East_Baton_Rouge=Confirmed i: 120   9  58  5/22/2020 p:       0    4592 e: -100.0 r:  73.4   
US_Louisiana_East_Baton_Rouge=Confirmed i: 121  10  59          . p:    3492    4592 e: -24.0 r:  73.4   
US_Louisiana_East_Baton_Rouge=Confirmed i: 122  11  60  5/24/2020 p:    3344    4592 e: -27.2 r:  73.7   
US_Louisiana_East_Baton_Rouge=Confirmed i: 123  12  61          . p:    3641    4592 e: -20.7 r:  74.9   
US_Louisiana_East_Baton_Rouge=Confirmed i: 124  13  62  5/26/2020 p:    3641    4592 e: -20.7 r:  75.4   
US_Louisiana_East_Baton_Rouge=Confirmed i: 125  14  63          . p:    3641    4592 e: -20.7 r:  76.0   
US_Louisiana_East_Baton_Rouge=Confirmed i: 126  15  64  5/28/2020 p:    3641    4592 e: -20.7 r:  76.8   
US_Louisiana_East_Baton_Rouge=Confirmed i: 127  16  65          . p:    3641    4592 e: -20.7 r:  76.8   
US_Louisiana_East_Baton_Rouge=Confirmed i: 128  17  66  5/30/2020 p:    3790    4592 e: -17.5 r:  78.2   
US_Louisiana_East_Baton_Rouge=Confirmed i: 129  18  67          . p:    3790    4592 e: -17.5 r:  78.8   
US_Louisiana_East_Baton_Rouge=Confirmed i: 130  19  68   6/1/2020 p:    3938    4592 e: -14.2 r:  79.8 OK
US_Louisiana_East_Baton_Rouge=Confirmed i: 131  20  69          . p:    3938    4592 e: -14.2 r:  81.2 OK
US_Louisiana_East_Baton_Rouge=Confirmed i: 132  21  70   6/3/2020 p:    4533    4592 e:  -1.3 r:  82.2 OK
US_Louisiana_East_Baton_Rouge=Confirmed i: 133  22  71          . p:    4087    4592 e: -11.0 r:  83.2 OK
US_Louisiana_East_Baton_Rouge=Confirmed i: 134  23  72   6/5/2020 p:    5276    4592 e:  14.9 r:  84.4 OK
US_Louisiana_East_Baton_Rouge=Confirmed i: 135  24  73          . p:    4384    4592 e:  -4.5 r:  85.2 OK
US_Louisiana_East_Baton_Rouge=Confirmed i: 136  25  74   6/7/2020 p:    4384    4592 e:  -4.5 r:  86.0 OK
US_Louisiana_East_Baton_Rouge=Confirmed i: 137  26  75          . p:    4384    4592 e:  -4.5 r:  86.3 OK
US_Louisiana_East_Baton_Rouge=Confirmed i: 138  27  76   6/9/2020 p:    4533    4592 e:  -1.3 r:  87.6 OK
