
  # Process COVID TAB data
p1= 3339 il= 138
p1= 3226 il= 137
p1= 3226 il= 136
p1= 3226 il= 135
p1= 3226 il= 134
US_Washington_Snohomish=Confirmed nl = 139, n1= 5 s1= 3248.6 s2= 10555445 SD= 45.2000000000107 frac%= 1.3913685895466
US_Washington_Snohomish=Confirmed i:  43  43  -5          . p:    1528    3248 e: -53.0 r:   0.6   
US_Washington_Snohomish=Confirmed i:  44  44  -4   3/7/2020 p:     289    3248 e: -91.1 r:   0.8   
US_Washington_Snohomish=Confirmed i:  45  45  -3          . p:      55    3248 e: -98.3 r:   1.0   
US_Washington_Snohomish=Confirmed i:  46  46  -2   3/9/2020 p:      55    3248 e: -98.3 r:   1.0   
US_Washington_Snohomish=Confirmed i:  51  51   3          . p:     283    3248 e: -91.3 r:   4.7   
US_Washington_Snohomish=Confirmed i:  52  52   4  3/15/2020 p:     169    3248 e: -94.8 r:   4.7   
US_Washington_Snohomish=Confirmed i:  53  53   5          . p:     283    3248 e: -91.3 r:   6.2   
US_Washington_Snohomish=Confirmed i:  54  54   6  3/17/2020 p:     849    3248 e: -73.9 r:   8.2   
US_Washington_Snohomish=Confirmed i:  55  55   7          . p:     849    3248 e: -73.9 r:   9.5   
US_Washington_Snohomish=Confirmed i:  56  56   8  3/19/2020 p:     849    3248 e: -73.9 r:  10.7   
US_Washington_Snohomish=Confirmed i:  57  57   9          . p:     509    3248 e: -84.3 r:  11.9   
US_Washington_Snohomish=Confirmed i:  58  58  10  3/21/2020 p:     962    3248 e: -70.4 r:  13.8   
US_Washington_Snohomish=Confirmed i:  59  59  11          . p:     716    3248 e: -78.0 r:  14.8   
US_Washington_Snohomish=Confirmed i:  60  60  12  3/23/2020 p:     984    3248 e: -69.7 r:  16.0   
US_Washington_Snohomish=Confirmed i:  61  61  13          . p:    1301    3248 e: -60.0 r:  18.9   
US_Washington_Snohomish=Confirmed i:  62  62  14  3/25/2020 p:    1265    3248 e: -61.1 r:  19.5   
US_Washington_Snohomish=Confirmed i:  63  63  15          . p:    2660    3248 e: -18.1 r:  23.9   
US_Washington_Snohomish=Confirmed i:  64   0  16  3/27/2020 p:    3339    3248 e:   2.8 r:  28.1 OK 1st
US_Washington_Snohomish=Confirmed i:  65   1  17          . p:    3226    3248 e:  -0.7 r:  28.1 OK
US_Washington_Snohomish=Confirmed i:  66   2  18  3/29/2020 p:    3226    3248 e:  -0.7 r:  28.1 OK
US_Washington_Snohomish=Confirmed i:  67   3  19          . p:    2773    3248 e: -14.6 r:  32.9 OK
US_Washington_Snohomish=Confirmed i:  68   4  20  3/31/2020 p:    3452    3248 e:   6.3 r:  37.8 OK
US_Washington_Snohomish=Confirmed i:  69   5  21          . p:    4018    3248 e:  23.7 r:  40.1   
US_Washington_Snohomish=Confirmed i:  70   6  22   4/2/2020 p:    3905    3248 e:  20.2 r:  42.4   
US_Washington_Snohomish=Confirmed i:  71   7  23          . p:    3907    3248 e:  20.3 r:  44.3   
US_Washington_Snohomish=Confirmed i:  72   8  24   4/4/2020 p:    3926    3248 e:  20.9 r:  46.3   
US_Washington_Snohomish=Confirmed i:  73   9  25          . p:    2106    3248 e: -35.2 r:  48.0   
US_Washington_Snohomish=Confirmed i:  74  10  26   4/6/2020 p:    3669    3248 e:  12.9 r:  49.3 OK
US_Washington_Snohomish=Confirmed i:  75  11  27          . p:    3480    3248 e:   7.1 r:  51.1 OK
US_Washington_Snohomish=Confirmed i:  76  12  28   4/8/2020 p:    3324    3248 e:   2.3 r:  52.2 OK
US_Washington_Snohomish=Confirmed i:  77  13  29          . p:    3196    3248 e:  -1.6 r:  53.7 OK
US_Washington_Snohomish=Confirmed i:  78  14  30  4/10/2020 p:    3113    3248 e:  -4.2 r:  55.5 OK
US_Washington_Snohomish=Confirmed i:  79  15  31          . p:    2825    3248 e: -13.0 r:  56.5 OK
US_Washington_Snohomish=Confirmed i:  80  16  32  4/12/2020 p:    2134    3248 e: -34.3 r:  57.5   
US_Washington_Snohomish=Confirmed i:  81  17  33          . p:    2156    3248 e: -33.6 r:  58.7   
US_Washington_Snohomish=Confirmed i:  82  18  34  4/14/2020 p:    2196    3248 e: -32.4 r:  60.0   
US_Washington_Snohomish=Confirmed i:  83  19  35          . p:    2547    3248 e: -21.6 r:  61.2   
US_Washington_Snohomish=Confirmed i:  84  20  36  4/16/2020 p:    2320    3248 e: -28.6 r:  62.6   
US_Washington_Snohomish=Confirmed i:  85  21  37          . p:    2320    3248 e: -28.6 r:  63.3   
US_Washington_Snohomish=Confirmed i:  86  22  38  4/18/2020 p:    2343    3248 e: -27.9 r:  64.4   
US_Washington_Snohomish=Confirmed i:  87  23  39          . p:    2433    3248 e: -25.1 r:  66.0   
US_Washington_Snohomish=Confirmed i:  88  24  40  4/20/2020 p:    2436    3248 e: -25.0 r:  66.6   
US_Washington_Snohomish=Confirmed i:  89  25  41          . p:    2431    3248 e: -25.2 r:  67.4   
US_Washington_Snohomish=Confirmed i:  90  26  42  4/22/2020 p:    2453    3248 e: -24.5 r:  68.0   
US_Washington_Snohomish=Confirmed i:  91  27  43          . p:    2454    3248 e: -24.5 r:  68.2   
US_Washington_Snohomish=Confirmed i:  92  28  44  4/24/2020 p:    2459    3248 e: -24.3 r:  69.0   
US_Washington_Snohomish=Confirmed i:  93  29  45          . p:    2503    3248 e: -23.0 r:  70.7   
US_Washington_Snohomish=Confirmed i:  94  30  46  4/26/2020 p:    2547    3248 e: -21.6 r:  71.1   
US_Washington_Snohomish=Confirmed i:  95  31  47          . p:    2547    3248 e: -21.6 r:  71.8   
US_Washington_Snohomish=Confirmed i:  96  32  48  4/28/2020 p:    2547    3248 e: -21.6 r:  72.8   
US_Washington_Snohomish=Confirmed i:  97  33  49          . p:    2547    3248 e: -21.6 r:  73.5   
US_Washington_Snohomish=Confirmed i:  98  34  50  4/30/2020 p:    2660    3248 e: -18.1 r:  74.9   
US_Washington_Snohomish=Confirmed i:  99  35  51          . p:    2660    3248 e: -18.1 r:  75.5   
US_Washington_Snohomish=Confirmed i: 100  36  52   5/2/2020 p:    2660    3248 e: -18.1 r:  76.7   
US_Washington_Snohomish=Confirmed i: 101  37  53          . p:    2773    3248 e: -14.6 r:  77.2 OK
US_Washington_Snohomish=Confirmed i: 102  38  54   5/4/2020 p:    2773    3248 e: -14.6 r:  78.1 OK
US_Washington_Snohomish=Confirmed i: 103  39  55          . p:    2773    3248 e: -14.6 r:  78.5 OK
US_Washington_Snohomish=Confirmed i: 104  40  56   5/6/2020 p:    2773    3248 e: -14.6 r:  79.5 OK
US_Washington_Snohomish=Confirmed i: 105  41  57          . p:    2773    3248 e: -14.6 r:  80.9 OK
US_Washington_Snohomish=Confirmed i: 106  42  58   5/8/2020 p:    2773    3248 e: -14.6 r:  81.1 OK
US_Washington_Snohomish=Confirmed i: 107  43  59          . p:    2886    3248 e: -11.2 r:  82.0 OK
US_Washington_Snohomish=Confirmed i: 108  44  60  5/10/2020 p:    2886    3248 e: -11.2 r:  82.5 OK
US_Washington_Snohomish=Confirmed i: 109  45  61          . p:    2866    3248 e: -11.8 r:  82.8 OK
US_Washington_Snohomish=Confirmed i: 110  46  62  5/12/2020 p:    2894    3248 e: -10.9 r:  83.5 OK
US_Washington_Snohomish=Confirmed i: 111  47  63          . p:    2882    3248 e: -11.3 r:  83.7 OK
US_Washington_Snohomish=Confirmed i: 112  48  64  5/14/2020 p:    2886    3248 e: -11.2 r:  84.3 OK
US_Washington_Snohomish=Confirmed i: 113  49  65          . p:    2886    3248 e: -11.2 r:  84.8 OK
US_Washington_Snohomish=Confirmed i: 114  50  66  5/16/2020 p:    2886    3248 e: -11.2 r:  85.4 OK
US_Washington_Snohomish=Confirmed i: 115  51  67          . p:    2886    3248 e: -11.2 r:  85.7 OK
US_Washington_Snohomish=Confirmed i: 116  52  68  5/18/2020 p:    2933    3248 e:  -9.7 r:  86.1 OK
US_Washington_Snohomish=Confirmed i: 117  53  69          . p:    2999    3248 e:  -7.7 r:  86.7 OK
US_Washington_Snohomish=Confirmed i: 118  54  70  5/20/2020 p:    2999    3248 e:  -7.7 r:  87.0 OK
US_Washington_Snohomish=Confirmed i: 119  55  71          . p:    2999    3248 e:  -7.7 r:  87.6 OK
US_Washington_Snohomish=Confirmed i: 120  56  72  5/22/2020 p:    3113    3248 e:  -4.2 r:  88.1 OK
US_Washington_Snohomish=Confirmed i: 121  57  73          . p:    3256    3248 e:   0.2 r:  88.1 OK
US_Washington_Snohomish=Confirmed i: 122  58  74  5/24/2020 p:    3226    3248 e:  -0.7 r:  89.1 OK
US_Washington_Snohomish=Confirmed i: 123  59  75          . p:    3226    3248 e:  -0.7 r:  89.4 OK
US_Washington_Snohomish=Confirmed i: 124  60  76  5/26/2020 p:    3226    3248 e:  -0.7 r:  89.8 OK
US_Washington_Snohomish=Confirmed i: 125  61  77          . p:    3019    3248 e:  -7.1 r:  90.1 OK
US_Washington_Snohomish=Confirmed i: 126  62  78  5/28/2020 p:    3276    3248 e:   0.8 r:  90.4 OK
US_Washington_Snohomish=Confirmed i: 127  63  79          . p:    3259    3248 e:   0.3 r:  90.7 OK
US_Washington_Snohomish=Confirmed i: 128  64  80  5/30/2020 p:    3244    3248 e:  -0.1 r:  91.0 OK
US_Washington_Snohomish=Confirmed i: 129  65  81          . p:    3226    3248 e:  -0.7 r:  91.3 OK
US_Washington_Snohomish=Confirmed i: 130  66  82   6/1/2020 p:    3226    3248 e:  -0.7 r:  91.6 OK
US_Washington_Snohomish=Confirmed i: 131  67  83          . p:    3226    3248 e:  -0.7 r:  91.9 OK
US_Washington_Snohomish=Confirmed i: 132  68  84   6/3/2020 p:    3259    3248 e:   0.3 r:  92.1 OK
US_Washington_Snohomish=Confirmed i: 133  69  85          . p:    3260    3248 e:   0.4 r:  92.3 OK
US_Washington_Snohomish=Confirmed i: 134  70  86   6/5/2020 p:    3226    3248 e:  -0.7 r:  92.8 OK
US_Washington_Snohomish=Confirmed i: 135  71  87          . p:    3226    3248 e:  -0.7 r:  93.1 OK
US_Washington_Snohomish=Confirmed i: 136  72  88   6/7/2020 p:    3226    3248 e:  -0.7 r:  93.4 OK
US_Washington_Snohomish=Confirmed i: 137  73  89          . p:    3226    3248 e:  -0.7 r:  93.5 OK
US_Washington_Snohomish=Confirmed i: 138  74  90   6/9/2020 p:    3339    3248 e:   2.8 r:  94.3 OK
