
  # Process COVID TAB data
p1= 10830 il= 138
p1= 10830 il= 137
p1= 10548 il= 136
p1= 10267 il= 135
p1= 9986 il= 134
US_California_Orange=Confirmed nl = 139, n1= 5 s1= 10492.2 s2= 110193917.8 SD= 328.111200662182 frac%= 3.12719163437775
US_California_Orange=Confirmed i:  45  45 -14          . p:       0   10492 e: -100.0 r:   0.0   
US_California_Orange=Confirmed i:  46  46 -13   3/9/2020 p:     140   10492 e: -98.7 r:   0.0   
US_California_Orange=Confirmed i:  47  47 -12          . p:     140   10492 e: -98.7 r:   0.0   
US_California_Orange=Confirmed i:  48  48 -11  3/11/2020 p:     140   10492 e: -98.7 r:   0.0   
US_California_Orange=Confirmed i:  49  49 -10          . p:     140   10492 e: -98.7 r:   0.1   
US_California_Orange=Confirmed i:  50  50  -9  3/13/2020 p:     140   10492 e: -98.7 r:   0.1   
US_California_Orange=Confirmed i:  51  51  -8          . p:       0   10492 e: -100.0 r:   0.1   
US_California_Orange=Confirmed i:  52  52  -7  3/15/2020 p:       0   10492 e: -100.0 r:   0.1   
US_California_Orange=Confirmed i:  53  53  -6          . p:     140   10492 e: -98.7 r:   0.2   
US_California_Orange=Confirmed i:  54  54  -5  3/17/2020 p:     140   10492 e: -98.7 r:   0.2   
US_California_Orange=Confirmed i:  55  55  -4          . p:     140   10492 e: -98.7 r:   0.3   
US_California_Orange=Confirmed i:  58  58  -1  3/21/2020 p:     421   10492 e: -96.0 r:   0.7   
US_California_Orange=Confirmed i:  59  59   0          . p:     140   10492 e: -98.7 r:   0.9   
US_California_Orange=Confirmed i:  60  60   1  3/23/2020 p:     421   10492 e: -96.0 r:   1.2   
US_California_Orange=Confirmed i:  61  61   2          . p:     421   10492 e: -96.0 r:   1.4   
US_California_Orange=Confirmed i:  62  62   3  3/25/2020 p:     703   10492 e: -93.3 r:   1.8   
US_California_Orange=Confirmed i:  63  63   4          . p:    3797   10492 e: -63.8 r:   2.4   
US_California_Orange=Confirmed i:  64  64   5  3/27/2020 p:   12799   10492 e:  22.0 r:   3.1   
US_California_Orange=Confirmed i:  65  65   6          . p:       0   10492 e: -100.0 r:   3.8   
US_California_Orange=Confirmed i:  66  66   7  3/29/2020 p:     984   10492 e: -90.6 r:   4.1   
US_California_Orange=Confirmed i:  67  67   8          . p:     703   10492 e: -93.3 r:   4.4   
US_California_Orange=Confirmed i:  68  68   9  3/31/2020 p:     703   10492 e: -93.3 r:   4.8   
US_California_Orange=Confirmed i:  69  69  10          . p:    2672   10492 e: -74.5 r:   5.8   
US_California_Orange=Confirmed i:  70  70  11   4/2/2020 p:    1265   10492 e: -87.9 r:   6.3   
US_California_Orange=Confirmed i:  71  71  12          . p:    2109   10492 e: -79.9 r:   6.8   
US_California_Orange=Confirmed i:  72  72  13   4/4/2020 p:    2109   10492 e: -79.9 r:   7.5   
US_California_Orange=Confirmed i:  73  73  14          . p:    1547   10492 e: -85.3 r:   7.9   
US_California_Orange=Confirmed i:  74  74  15   4/6/2020 p:    1547   10492 e: -85.3 r:   8.4   
US_California_Orange=Confirmed i:  75  75  16          . p:    1547   10492 e: -85.3 r:   8.9   
US_California_Orange=Confirmed i:  76  76  17   4/8/2020 p:    1547   10492 e: -85.3 r:   9.7   
US_California_Orange=Confirmed i:  77  77  18          . p:    1828   10492 e: -82.6 r:  10.3   
US_California_Orange=Confirmed i:  78  78  19  4/10/2020 p:    1828   10492 e: -82.6 r:  10.8   
US_California_Orange=Confirmed i:  79  79  20          . p:    2109   10492 e: -79.9 r:  11.6   
US_California_Orange=Confirmed i:  80  80  21  4/12/2020 p:    2109   10492 e: -79.9 r:  12.2   
US_California_Orange=Confirmed i:  81  81  22          . p:    2109   10492 e: -79.9 r:  12.2   
US_California_Orange=Confirmed i:  82  82  23  4/14/2020 p:    2109   10492 e: -79.9 r:  12.4   
US_California_Orange=Confirmed i:  83  83  24          . p:    1828   10492 e: -82.6 r:  13.1   
US_California_Orange=Confirmed i:  84  84  25  4/16/2020 p:    2109   10492 e: -79.9 r:  13.6   
US_California_Orange=Confirmed i:  85  85  26          . p:    2109   10492 e: -79.9 r:  14.3   
US_California_Orange=Confirmed i:  86  86  27  4/18/2020 p:    2109   10492 e: -79.9 r:  14.8   
US_California_Orange=Confirmed i:  87  87  28          . p:    2109   10492 e: -79.9 r:  15.6   
US_California_Orange=Confirmed i:  88  88  29  4/20/2020 p:    2391   10492 e: -77.2 r:  16.0   
US_California_Orange=Confirmed i:  89  89  30          . p:    2391   10492 e: -77.2 r:  16.1   
US_California_Orange=Confirmed i:  90  90  31  4/22/2020 p:    2391   10492 e: -77.2 r:  16.7   
US_California_Orange=Confirmed i:  91  91  32          . p:    2391   10492 e: -77.2 r:  17.4   
US_California_Orange=Confirmed i:  92  92  33  4/24/2020 p:    2391   10492 e: -77.2 r:  17.6   
US_California_Orange=Confirmed i:  93  93  34          . p:    2672   10492 e: -74.5 r:  18.8   
US_California_Orange=Confirmed i:  94  94  35  4/26/2020 p:    2672   10492 e: -74.5 r:  19.8   
US_California_Orange=Confirmed i:  95  95  36          . p:    2672   10492 e: -74.5 r:  20.3   
US_California_Orange=Confirmed i:  96  96  37  4/28/2020 p:    2953   10492 e: -71.9 r:  20.5   
US_California_Orange=Confirmed i:  97  97  38          . p:    2953   10492 e: -71.9 r:  21.5   
US_California_Orange=Confirmed i:  98  98  39  4/30/2020 p:    3234   10492 e: -69.2 r:  22.8   
US_California_Orange=Confirmed i:  99  99  40          . p:    3234   10492 e: -69.2 r:  24.2   
US_California_Orange=Confirmed i: 100 100  41   5/2/2020 p:    3516   10492 e: -66.5 r:  25.1   
US_California_Orange=Confirmed i: 101 101  42          . p:    3797   10492 e: -63.8 r:  26.1   
US_California_Orange=Confirmed i: 102 102  43   5/4/2020 p:    3797   10492 e: -63.8 r:  26.9   
US_California_Orange=Confirmed i: 103 103  44          . p:    4078   10492 e: -61.1 r:  27.4   
US_California_Orange=Confirmed i: 104 104  45   5/6/2020 p:    4078   10492 e: -61.1 r:  28.6   
US_California_Orange=Confirmed i: 105 105  46          . p:    4360   10492 e: -58.4 r:  29.5   
US_California_Orange=Confirmed i: 106 106  47   5/8/2020 p:    4360   10492 e: -58.4 r:  30.9   
US_California_Orange=Confirmed i: 107 107  48          . p:    4641   10492 e: -55.8 r:  32.2   
US_California_Orange=Confirmed i: 108 108  49  5/10/2020 p:    4922   10492 e: -53.1 r:  33.4   
US_California_Orange=Confirmed i: 109 109  50          . p:    4922   10492 e: -53.1 r:  33.9   
US_California_Orange=Confirmed i: 110 110  51  5/12/2020 p:    5204   10492 e: -50.4 r:  34.3   
US_California_Orange=Confirmed i: 111 111  52          . p:    5204   10492 e: -50.4 r:  35.7   
US_California_Orange=Confirmed i: 112 112  53  5/14/2020 p:    5485   10492 e: -47.7 r:  37.8   
US_California_Orange=Confirmed i: 113 113  54          . p:    5766   10492 e: -45.0 r:  39.3   
US_California_Orange=Confirmed i: 114 114  55  5/16/2020 p:    6047   10492 e: -42.4 r:  40.2   
US_California_Orange=Confirmed i: 115 115  56          . p:    6329   10492 e: -39.7 r:  41.7   
US_California_Orange=Confirmed i: 116 116  57  5/18/2020 p:    6329   10492 e: -39.7 r:  42.3   
US_California_Orange=Confirmed i: 117 117  58          . p:    6610   10492 e: -37.0 r:  42.9   
US_California_Orange=Confirmed i: 118 118  59  5/20/2020 p:    6891   10492 e: -34.3 r:  45.2   
US_California_Orange=Confirmed i: 119 119  60          . p:    6891   10492 e: -34.3 r:  46.1   
US_California_Orange=Confirmed i: 120 120  61  5/22/2020 p:    7173   10492 e: -31.6 r:  47.1   
US_California_Orange=Confirmed i: 121 121  62          . p:    7454   10492 e: -29.0 r:  49.2   
US_California_Orange=Confirmed i: 122 122  63  5/24/2020 p:    7735   10492 e: -26.3 r:  50.9   
US_California_Orange=Confirmed i: 123 123  64          . p:    7735   10492 e: -26.3 r:  52.1   
US_California_Orange=Confirmed i: 124 124  65  5/26/2020 p:    8017   10492 e: -23.6 r:  53.2   
US_California_Orange=Confirmed i: 125 125  66          . p:    8298   10492 e: -20.9 r:  53.8   
US_California_Orange=Confirmed i: 126 126  67  5/28/2020 p:    8298   10492 e: -20.9 r:  54.7   
US_California_Orange=Confirmed i: 127 127  68          . p:    8579   10492 e: -18.2 r:  56.5   
US_California_Orange=Confirmed i: 128 128  69  5/30/2020 p:    8579   10492 e: -18.2 r:  58.1   
US_California_Orange=Confirmed i: 129 129  70          . p:    8860   10492 e: -15.6 r:  59.7   
US_California_Orange=Confirmed i: 130   0  71   6/1/2020 p:    9142   10492 e: -12.9 r:  61.7 OK 1st
US_California_Orange=Confirmed i: 131   1  72          . p:    9423   10492 e: -10.2 r:  62.7 OK
US_California_Orange=Confirmed i: 132   2  73   6/3/2020 p:    9704   10492 e:  -7.5 r:  63.6 OK
US_California_Orange=Confirmed i: 133   3  74          . p:    9704   10492 e:  -7.5 r:  64.6 OK
US_California_Orange=Confirmed i: 134   4  75   6/5/2020 p:    9986   10492 e:  -4.8 r:  67.3 OK
US_California_Orange=Confirmed i: 135   5  76          . p:   10267   10492 e:  -2.1 r:  69.8 OK
US_California_Orange=Confirmed i: 136   6  77   6/7/2020 p:   10548   10492 e:   0.5 r:  70.9 OK
US_California_Orange=Confirmed i: 137   7  78          . p:   10830   10492 e:   3.2 r:  71.7 OK
US_California_Orange=Confirmed i: 138   8  79   6/9/2020 p:   10830   10492 e:   3.2 r:  72.6 OK
