
  # Process COVID TAB data
p1= 1717 il= 138
p1= 1717 il= 137
p1= 1717 il= 136
p1= 1717 il= 135
p1= 1717 il= 134
Ireland=Deaths nl = 139, n1= 5 s1= 1717 s2= 2948089 SD= 0 frac%= 0
Ireland=Deaths i:  59  59  -3          . p:      31    1717 e: -98.2 r:   0.2   
Ireland=Deaths i:  62  62   0  3/25/2020 p:      31    1717 e: -98.2 r:   0.6   
Ireland=Deaths i:  66  66   4  3/29/2020 p:     281    1717 e: -83.6 r:   3.2   
Ireland=Deaths i:  67  67   5          . p:      93    1717 e: -94.6 r:   3.8   
Ireland=Deaths i:  68  68   6  3/31/2020 p:     218    1717 e: -87.3 r:   5.0   
Ireland=Deaths i:  69  69   7          . p:     468    1717 e: -72.7 r:   6.0   
Ireland=Deaths i:  70  70   8   4/2/2020 p:     218    1717 e: -87.3 r:   6.9   
Ireland=Deaths i:  71  71   9          . p:     343    1717 e: -80.0 r:   8.4   
Ireland=Deaths i:  72  72  10   4/4/2020 p:     406    1717 e: -76.4 r:   9.7   
Ireland=Deaths i:  73  73  11          . p:     468    1717 e: -72.7 r:  11.2   
Ireland=Deaths i:  74  74  12   4/6/2020 p:     468    1717 e: -72.7 r:  12.3   
Ireland=Deaths i:  75  75  13          . p:     593    1717 e: -65.5 r:  14.9   
Ireland=Deaths i:  76  76  14   4/8/2020 p:     718    1717 e: -58.2 r:  16.6   
Ireland=Deaths i:  77  77  15          . p:     780    1717 e: -54.6 r:  18.6   
Ireland=Deaths i:  78  78  16  4/10/2020 p:     843    1717 e: -50.9 r:  20.3   
Ireland=Deaths i:  79  79  17          . p:     905    1717 e: -47.3 r:  22.6   
Ireland=Deaths i:  80  80  18  4/12/2020 p:     905    1717 e: -47.3 r:  23.6   
Ireland=Deaths i:  81  81  19          . p:     905    1717 e: -47.3 r:  25.8   
Ireland=Deaths i:  82  82  20  4/14/2020 p:    1343    1717 e: -21.8 r:  28.7   
Ireland=Deaths i:  83   0  21          . p:    1592    1717 e:  -7.3 r:  31.4 OK 1st
Ireland=Deaths i:  84   1  22  4/16/2020 p:    1218    1717 e: -29.1 r:  34.4   
Ireland=Deaths i:  85   2  23          . p:    1343    1717 e: -21.8 r:  37.5   
Ireland=Deaths i:  86   3  24  4/18/2020 p:    1468    1717 e: -14.5 r:  40.4 OK
Ireland=Deaths i:  87   4  25          . p:    1530    1717 e: -10.9 r:  43.2 OK
Ireland=Deaths i:  88   5  26  4/20/2020 p:    1780    1717 e:   3.7 r:  48.6 OK
Ireland=Deaths i:  89   6  27          . p:    1842    1717 e:   7.3 r:  51.7 OK
Ireland=Deaths i:  90   7  28  4/22/2020 p:    1967    1717 e:  14.6 r:  54.4 OK
Ireland=Deaths i:  91   8  29          . p:    2092    1717 e:  21.8 r:  56.2   
Ireland=Deaths i:  92   9  30  4/24/2020 p:    2029    1717 e:  18.2 r:  59.1   
Ireland=Deaths i:  93  10  31          . p:    2057    1717 e:  19.8 r:  61.9   
Ireland=Deaths i:  94  11  32  4/26/2020 p:    3243    1717 e:  88.9 r:  63.3   
Ireland=Deaths i:  95  12  33          . p:    2010    1717 e:  17.1 r:  64.2   
Ireland=Deaths i:  96  13  34  4/28/2020 p:    1985    1717 e:  15.6 r:  67.5   
Ireland=Deaths i:  97  14  35          . p:    2069    1717 e:  20.5 r:  69.3   
Ireland=Deaths i:  98  15  36  4/30/2020 p:    1967    1717 e:  14.6 r:  71.8 OK
Ireland=Deaths i:  99  16  37          . p:    1967    1717 e:  14.6 r:  73.7 OK
Ireland=Deaths i: 100  17  38   5/2/2020 p:    1581    1717 e:  -7.9 r:  74.9 OK
Ireland=Deaths i: 101  18  39          . p:    1565    1717 e:  -8.9 r:  75.9 OK
Ireland=Deaths i: 102  19  40   5/4/2020 p:    1868    1717 e:   8.8 r:  76.8 OK
Ireland=Deaths i: 103  20  41          . p:    1526    1717 e: -11.1 r:  78.0 OK
Ireland=Deaths i: 104  21  42   5/6/2020 p:    1842    1717 e:   7.3 r:  80.1 OK
Ireland=Deaths i: 105  22  43          . p:    1842    1717 e:   7.3 r:  81.7 OK
Ireland=Deaths i: 106  23  44   5/8/2020 p:    1780    1717 e:   3.7 r:  83.2 OK
Ireland=Deaths i: 107  24  45          . p:    1780    1717 e:   3.7 r:  84.2 OK
Ireland=Deaths i: 108  25  46  5/10/2020 p:    1780    1717 e:   3.7 r:  84.9 OK
Ireland=Deaths i: 109  26  47          . p:    1760    1717 e:   2.5 r:  85.4 OK
Ireland=Deaths i: 110  27  48  5/12/2020 p:    1755    1717 e:   2.2 r:  86.7 OK
Ireland=Deaths i: 111  28  49          . p:    1691    1717 e:  -1.5 r:  87.2 OK
Ireland=Deaths i: 112  29  50  5/14/2020 p:    1655    1717 e:  -3.6 r:  87.7 OK
Ireland=Deaths i: 113  30  51          . p:    1641    1717 e:  -4.4 r:  88.4 OK
Ireland=Deaths i: 114  31  52  5/16/2020 p:    1659    1717 e:  -3.4 r:  89.3 OK
Ireland=Deaths i: 115  32  53          . p:    1655    1717 e:  -3.6 r:  89.9 OK
Ireland=Deaths i: 116  33  54  5/18/2020 p:    1660    1717 e:  -3.3 r:  90.1 OK
Ireland=Deaths i: 117  34  55          . p:    1654    1717 e:  -3.7 r:  90.9 OK
Ireland=Deaths i: 118  35  56  5/20/2020 p:    1661    1717 e:  -3.3 r:  91.5 OK
Ireland=Deaths i: 119  36  57          . p:    1655    1717 e:  -3.6 r:  92.2 OK
Ireland=Deaths i: 120  37  58  5/22/2020 p:    1717    1717 e:   0.0 r:  92.7 OK
Ireland=Deaths i: 121  38  59          . p:    1717    1717 e:   0.0 r:  93.4 OK
Ireland=Deaths i: 122  39  60  5/24/2020 p:    1693    1717 e:  -1.4 r:  93.5 OK
Ireland=Deaths i: 123  40  61          . p:    1691    1717 e:  -1.5 r:  93.5 OK
Ireland=Deaths i: 124  41  62  5/26/2020 p:    1694    1717 e:  -1.3 r:  94.1 OK
Ireland=Deaths i: 125  42  63          . p:    1717    1717 e:   0.0 r:  95.0 OK
Ireland=Deaths i: 126  43  64  5/28/2020 p:    1717    1717 e:   0.0 r:  95.5 OK
Ireland=Deaths i: 127  44  65          . p:    1717    1717 e:   0.0 r:  95.8 OK
Ireland=Deaths i: 128  45  66  5/30/2020 p:    1717    1717 e:   0.0 r:  96.2 OK
Ireland=Deaths i: 129  46  67          . p:    1701    1717 e:  -0.9 r:  96.2 OK
Ireland=Deaths i: 130  47  68   6/1/2020 p:    1710    1717 e:  -0.4 r:  96.1 OK
Ireland=Deaths i: 131  48  69          . p:    1702    1717 e:  -0.9 r:  96.6 OK
Ireland=Deaths i: 132  49  70   6/3/2020 p:    1702    1717 e:  -0.9 r:  96.6 OK
Ireland=Deaths i: 133  50  71          . p:    1717    1717 e:   0.0 r:  96.9 OK
Ireland=Deaths i: 134  51  72   6/5/2020 p:    1717    1717 e:   0.0 r:  97.3 OK
Ireland=Deaths i: 135  52  73          . p:    1717    1717 e:   0.0 r:  97.7 OK
Ireland=Deaths i: 136  53  74   6/7/2020 p:    1717    1717 e:   0.0 r:  97.8 OK
Ireland=Deaths i: 137  54  75          . p:    1717    1717 e:   0.0 r:  98.0 OK
Ireland=Deaths i: 138  55  76   6/9/2020 p:    1717    1717 e:   0.0 r:  98.5 OK
