
  # Process COVID TAB data
p1= 1144 il= 138
p1= 1144 il= 137
p1= 1144 il= 136
p1= 1144 il= 135
p1= 1144 il= 134
US_Massachusetts_Essex=Deaths nl = 139, n1= 5 s1= 1144 s2= 1308736 SD= 0 frac%= 0
US_Massachusetts_Essex=Deaths i:  70  70   0   4/2/2020 p:     281    1144 e: -75.4 r:   1.6   
US_Massachusetts_Essex=Deaths i:  71  71   1          . p:      18    1144 e: -98.4 r:   2.0   
US_Massachusetts_Essex=Deaths i:  72  72   2   4/4/2020 p:      30    1144 e: -97.4 r:   2.2   
US_Massachusetts_Essex=Deaths i:  73  73   3          . p:      30    1144 e: -97.4 r:   2.4   
US_Massachusetts_Essex=Deaths i:  74  74   4   4/6/2020 p:      34    1144 e: -97.0 r:   2.5   
US_Massachusetts_Essex=Deaths i:  81  81  11          . p:      93    1144 e: -91.9 r:   8.8   
US_Massachusetts_Essex=Deaths i:  82  82  12  4/14/2020 p:      93    1144 e: -91.9 r:   8.8   
US_Massachusetts_Essex=Deaths i:  83  83  13          . p:     243    1144 e: -78.8 r:  12.2   
US_Massachusetts_Essex=Deaths i:  84  84  14  4/16/2020 p:     168    1144 e: -85.3 r:  12.2   
US_Massachusetts_Essex=Deaths i:  85  85  15          . p:     206    1144 e: -82.0 r:  13.9   
US_Massachusetts_Essex=Deaths i:  86  86  16  4/18/2020 p:     243    1144 e: -78.8 r:  15.6   
US_Massachusetts_Essex=Deaths i:  87  87  17          . p:     431    1144 e: -62.3 r:  18.3   
US_Massachusetts_Essex=Deaths i:  88  88  18  4/20/2020 p:     394    1144 e: -65.6 r:  18.3   
US_Massachusetts_Essex=Deaths i:  89  89  19          . p:     544    1144 e: -52.4 r:  21.4   
US_Massachusetts_Essex=Deaths i:  90  90  20  4/22/2020 p:     399    1144 e: -65.1 r:  21.4   
US_Massachusetts_Essex=Deaths i:  91  91  21          . p:     496    1144 e: -56.6 r:  21.4   
US_Massachusetts_Essex=Deaths i:  92  92  22  4/24/2020 p:     266    1144 e: -76.7 r:  21.4   
US_Massachusetts_Essex=Deaths i:  93  93  23          . p:     882    1144 e: -22.9 r:  29.4   
US_Massachusetts_Essex=Deaths i:  94   0  24  4/26/2020 p:    1032    1144 e:  -9.8 r:  30.3 OK 1st
US_Massachusetts_Essex=Deaths i:  95   1  25          . p:    1032    1144 e:  -9.8 r:  31.4 OK
US_Massachusetts_Essex=Deaths i:  96   2  26  4/28/2020 p:    1032    1144 e:  -9.8 r:  33.5 OK
US_Massachusetts_Essex=Deaths i:  97   3  27          . p:    1219    1144 e:   6.6 r:  37.2 OK
US_Massachusetts_Essex=Deaths i:  98   4  28  4/30/2020 p:    1294    1144 e:  13.1 r:  39.2 OK
US_Massachusetts_Essex=Deaths i:  99   5  29          . p:    1219    1144 e:   6.6 r:  40.2 OK
US_Massachusetts_Essex=Deaths i: 100   6  30   5/2/2020 p:    1219    1144 e:   6.6 r:  42.3 OK
US_Massachusetts_Essex=Deaths i: 101   7  31          . p:    1205    1144 e:   5.3 r:  43.6 OK
US_Massachusetts_Essex=Deaths i: 102   8  32   5/4/2020 p:    1177    1144 e:   2.9 r:  44.8 OK
US_Massachusetts_Essex=Deaths i: 103   9  33          . p:     644    1144 e: -43.7 r:  46.1   
US_Massachusetts_Essex=Deaths i: 104  10  34   5/6/2020 p:    1107    1144 e:  -3.2 r:  49.0 OK
US_Massachusetts_Essex=Deaths i: 105  11  35          . p:    1069    1144 e:  -6.6 r:  50.5 OK
US_Massachusetts_Essex=Deaths i: 106  12  36   5/8/2020 p:    1069    1144 e:  -6.6 r:  52.5 OK
US_Massachusetts_Essex=Deaths i: 107  13  37          . p:    1069    1144 e:  -6.6 r:  54.6 OK
US_Massachusetts_Essex=Deaths i: 108  14  38  5/10/2020 p:    1107    1144 e:  -3.2 r:  56.3 OK
US_Massachusetts_Essex=Deaths i: 109  15  39          . p:    1107    1144 e:  -3.2 r:  58.5 OK
US_Massachusetts_Essex=Deaths i: 110  16  40  5/12/2020 p:    1107    1144 e:  -3.2 r:  59.3 OK
US_Massachusetts_Essex=Deaths i: 111  17  41          . p:    1108    1144 e:  -3.1 r:  61.5 OK
US_Massachusetts_Essex=Deaths i: 112  18  42  5/14/2020 p:    1107    1144 e:  -3.2 r:  63.4 OK
US_Massachusetts_Essex=Deaths i: 113  19  43          . p:    1144    1144 e:   0.0 r:  65.6 OK
US_Massachusetts_Essex=Deaths i: 114  20  44  5/16/2020 p:    1144    1144 e:   0.0 r:  67.0 OK
US_Massachusetts_Essex=Deaths i: 115  21  45          . p:    1154    1144 e:   0.9 r:  67.8 OK
US_Massachusetts_Essex=Deaths i: 116  22  46  5/18/2020 p:    1141    1144 e:  -0.3 r:  69.1 OK
US_Massachusetts_Essex=Deaths i: 117  23  47          . p:    1132    1144 e:  -1.0 r:  69.7 OK
US_Massachusetts_Essex=Deaths i: 118  24  48  5/20/2020 p:    1144    1144 e:   0.0 r:  71.4 OK
US_Massachusetts_Essex=Deaths i: 119  25  49          . p:    1144    1144 e:   0.0 r:  72.6 OK
US_Massachusetts_Essex=Deaths i: 120  26  50  5/22/2020 p:    1144    1144 e:   0.0 r:  73.6 OK
US_Massachusetts_Essex=Deaths i: 121  27  51          . p:    1113    1144 e:  -2.7 r:  74.1 OK
US_Massachusetts_Essex=Deaths i: 122  28  52  5/24/2020 p:    1113    1144 e:  -2.7 r:  75.1 OK
US_Massachusetts_Essex=Deaths i: 123  29  53          . p:    1102    1144 e:  -3.7 r:  75.4 OK
US_Massachusetts_Essex=Deaths i: 124  30  54  5/26/2020 p:    1091    1144 e:  -4.6 r:  76.0 OK
US_Massachusetts_Essex=Deaths i: 125  31  55          . p:    1080    1144 e:  -5.6 r:  76.7 OK
US_Massachusetts_Essex=Deaths i: 126  32  56  5/28/2020 p:    1032    1144 e:  -9.8 r:  78.2 OK
US_Massachusetts_Essex=Deaths i: 127  33  57          . p:    1032    1144 e:  -9.8 r:  79.2 OK
US_Massachusetts_Essex=Deaths i: 128  34  58  5/30/2020 p:    1032    1144 e:  -9.8 r:  79.5 OK
US_Massachusetts_Essex=Deaths i: 129  35  59          . p:    1032    1144 e:  -9.8 r:  80.9 OK
US_Massachusetts_Essex=Deaths i: 130  36  60   6/1/2020 p:    1113    1144 e:  -2.7 r:  84.6 OK
US_Massachusetts_Essex=Deaths i: 131  37  61          . p:    1124    1144 e:  -1.7 r:  84.9 OK
US_Massachusetts_Essex=Deaths i: 132  38  62   6/3/2020 p:    1144    1144 e:   0.0 r:  85.6 OK
US_Massachusetts_Essex=Deaths i: 133  39  63          . p:    1144    1144 e:   0.0 r:  86.2 OK
US_Massachusetts_Essex=Deaths i: 134  40  64   6/5/2020 p:    1144    1144 e:   0.0 r:  86.5 OK
US_Massachusetts_Essex=Deaths i: 135  41  65          . p:    1144    1144 e:   0.0 r:  87.2 OK
US_Massachusetts_Essex=Deaths i: 136  42  66   6/7/2020 p:    1144    1144 e:   0.0 r:  87.7 OK
US_Massachusetts_Essex=Deaths i: 137  43  67          . p:    1144    1144 e:   0.0 r:  87.9 OK
US_Massachusetts_Essex=Deaths i: 138  44  68   6/9/2020 p:    1144    1144 e:   0.0 r:  88.8 OK
