
  # Process COVID TAB data
p1= 147 il= 138
p1= 134 il= 137
p1= 131 il= 136
p1= 134 il= 135
p1= 142 il= 134
US_Virginia_Prince_William=Deaths nl = 139, n1= 5 s1= 137.6 s2= 18969.2 SD= 5.95315042645508 frac%= 4.32641746108654
US_Virginia_Prince_William=Deaths i:  93  93  -3          . p:      19     137 e: -86.2 r:  13.8   
US_Virginia_Prince_William=Deaths i:  94  94  -2  4/26/2020 p:      19     137 e: -86.2 r:  13.8   
US_Virginia_Prince_William=Deaths i:  95  95  -1          . p:      20     137 e: -85.5 r:  14.5   
US_Virginia_Prince_William=Deaths i:  96  96   0  4/28/2020 p:      20     137 e: -85.5 r:  14.5   
US_Virginia_Prince_William=Deaths i:  97  97   1          . p:      23     137 e: -83.3 r:  16.0   
US_Virginia_Prince_William=Deaths i:  98  98   2  4/30/2020 p:      28     137 e: -79.7 r:  17.4   
US_Virginia_Prince_William=Deaths i:  99  99   3          . p:      32     137 e: -76.7 r:  20.3   
US_Virginia_Prince_William=Deaths i: 100 100   4   5/2/2020 p:      32     137 e: -76.7 r:  21.1   
US_Virginia_Prince_William=Deaths i: 101 101   5          . p:      32     137 e: -76.7 r:  21.8   
US_Virginia_Prince_William=Deaths i: 102 102   6   5/4/2020 p:      37     137 e: -73.1 r:  23.3   
US_Virginia_Prince_William=Deaths i: 103 103   7          . p:      37     137 e: -73.1 r:  24.0   
US_Virginia_Prince_William=Deaths i: 104 104   8   5/6/2020 p:      46     137 e: -66.6 r:  26.9   
US_Virginia_Prince_William=Deaths i: 105 105   9          . p:      46     137 e: -66.6 r:  28.3   
US_Virginia_Prince_William=Deaths i: 106 106  10   5/8/2020 p:      63     137 e: -54.2 r:  33.4   
US_Virginia_Prince_William=Deaths i: 107 107  11          . p:      59     137 e: -57.1 r:  34.2   
US_Virginia_Prince_William=Deaths i: 108 108  12  5/10/2020 p:      59     137 e: -57.1 r:  34.9   
US_Virginia_Prince_William=Deaths i: 109 109  13          . p:      63     137 e: -54.2 r:  38.5   
US_Virginia_Prince_William=Deaths i: 110 110  14  5/12/2020 p:      72     137 e: -47.7 r:  42.2   
US_Virginia_Prince_William=Deaths i: 111 111  15          . p:      85     137 e: -38.2 r:  47.2   
US_Virginia_Prince_William=Deaths i: 112 112  16  5/14/2020 p:      85     137 e: -38.2 r:  48.0   
US_Virginia_Prince_William=Deaths i: 113 113  17          . p:      90     137 e: -34.6 r:  48.7   
US_Virginia_Prince_William=Deaths i: 114 114  18  5/16/2020 p:      90     137 e: -34.6 r:  50.1   
US_Virginia_Prince_William=Deaths i: 115 115  19          . p:      90     137 e: -34.6 r:  50.9   
US_Virginia_Prince_William=Deaths i: 116 116  20  5/18/2020 p:      90     137 e: -34.6 r:  50.9   
US_Virginia_Prince_William=Deaths i: 117 117  21          . p:      90     137 e: -34.6 r:  53.1   
US_Virginia_Prince_William=Deaths i: 118 118  22  5/20/2020 p:      94     137 e: -31.7 r:  57.4   
US_Virginia_Prince_William=Deaths i: 119 119  23          . p:      94     137 e: -31.7 r:  57.4   
US_Virginia_Prince_William=Deaths i: 120 120  24  5/22/2020 p:      94     137 e: -31.7 r:  58.1   
US_Virginia_Prince_William=Deaths i: 121 121  25          . p:     103     137 e: -25.1 r:  61.0   
US_Virginia_Prince_William=Deaths i: 122 122  26  5/24/2020 p:      98     137 e: -28.8 r:  61.0   
US_Virginia_Prince_William=Deaths i: 123 123  27          . p:     116     137 e: -15.7 r:  68.3   
US_Virginia_Prince_William=Deaths i: 124 124  28  5/26/2020 p:     116     137 e: -15.7 r:  69.8   
US_Virginia_Prince_William=Deaths i: 125   0  29          . p:     120     137 e: -12.8 r:  71.9 OK 1st
US_Virginia_Prince_William=Deaths i: 126   1  30  5/28/2020 p:     120     137 e: -12.8 r:  73.4 OK
US_Virginia_Prince_William=Deaths i: 127   2  31          . p:     125     137 e:  -9.2 r:  73.4 OK
US_Virginia_Prince_William=Deaths i: 128   3  32  5/30/2020 p:     125     137 e:  -9.2 r:  75.6 OK
US_Virginia_Prince_William=Deaths i: 129   4  33          . p:     125     137 e:  -9.2 r:  75.6 OK
US_Virginia_Prince_William=Deaths i: 130   5  34   6/1/2020 p:     125     137 e:  -9.2 r:  75.6 OK
US_Virginia_Prince_William=Deaths i: 131   6  35          . p:     125     137 e:  -9.2 r:  75.6 OK
US_Virginia_Prince_William=Deaths i: 132   7  36   6/3/2020 p:     125     137 e:  -9.2 r:  79.2 OK
US_Virginia_Prince_William=Deaths i: 133   8  37          . p:     142     137 e:   3.2 r:  79.9 OK
US_Virginia_Prince_William=Deaths i: 134   9  38   6/5/2020 p:     142     137 e:   3.2 r:  79.9 OK
US_Virginia_Prince_William=Deaths i: 135  10  39          . p:     134     137 e:  -2.6 r:  79.9 OK
US_Virginia_Prince_William=Deaths i: 136  11  40   6/7/2020 p:     131     137 e:  -4.8 r:  85.8 OK
US_Virginia_Prince_William=Deaths i: 137  12  41          . p:     134     137 e:  -2.6 r:  85.8 OK
US_Virginia_Prince_William=Deaths i: 138  13  42   6/9/2020 p:     147     137 e:   6.8 r:  86.5 OK
