
  # Process COVID TAB data
p1= 1542 il= 138
p1= 1618 il= 137
p1= 1575 il= 136
p1= 1563 il= 135
p1= 1570 il= 134
Portugal=Deaths nl = 139, n1= 5 s1= 1573.6 s2= 2476836.4 SD= 24.8885515850242 frac%= 1.58163139203255
Portugal=Deaths i:  60  60   1  3/23/2020 p:     337    1573 e: -78.6 r:   1.5   
Portugal=Deaths i:  61  61   2          . p:     184    1573 e: -88.3 r:   2.1   
Portugal=Deaths i:  62  62   3  3/25/2020 p:     191    1573 e: -87.9 r:   2.7   
Portugal=Deaths i:  63  63   4          . p:     358    1573 e: -77.2 r:   3.8   
Portugal=Deaths i:  64  64   5  3/27/2020 p:     360    1573 e: -77.1 r:   4.8   
Portugal=Deaths i:  65  65   6          . p:     645    1573 e: -59.0 r:   6.4   
Portugal=Deaths i:  66  66   7  3/29/2020 p:     585    1573 e: -62.8 r:   7.6   
Portugal=Deaths i:  67  67   8          . p:     330    1573 e: -79.0 r:   8.9   
Portugal=Deaths i:  68  68   9  3/31/2020 p:     310    1573 e: -80.3 r:  10.2   
Portugal=Deaths i:  69  69  10          . p:     413    1573 e: -73.8 r:  11.9   
Portugal=Deaths i:  70  70  11   4/2/2020 p:     467    1573 e: -70.3 r:  13.3   
Portugal=Deaths i:  71  71  12          . p:     633    1573 e: -59.8 r:  15.6   
Portugal=Deaths i:  72  72  13   4/4/2020 p:     620    1573 e: -60.6 r:  16.9   
Portugal=Deaths i:  73  73  14          . p:     652    1573 e: -58.6 r:  18.7   
Portugal=Deaths i:  74  74  15   4/6/2020 p:     604    1573 e: -61.6 r:  19.8   
Portugal=Deaths i:  75  75  16          . p:     645    1573 e: -59.0 r:  21.9   
Portugal=Deaths i:  76  76  17   4/8/2020 p:     689    1573 e: -56.2 r:  24.1   
Portugal=Deaths i:  77  77  18          . p:     744    1573 e: -52.7 r:  26.0   
Portugal=Deaths i:  78  78  19  4/10/2020 p:     744    1573 e: -52.7 r:  27.6   
Portugal=Deaths i:  79  79  20          . p:     748    1573 e: -52.5 r:  29.9   
Portugal=Deaths i:  80  80  21  4/12/2020 p:     841    1573 e: -46.6 r:  32.0   
Portugal=Deaths i:  81  81  22          . p:     854    1573 e: -45.7 r:  34.0   
Portugal=Deaths i:  82  82  23  4/14/2020 p:     862    1573 e: -45.2 r:  36.0   
Portugal=Deaths i:  83  83  24          . p:     908    1573 e: -42.3 r:  38.1   
Portugal=Deaths i:  84  84  25  4/16/2020 p:     997    1573 e: -36.6 r:  40.0   
Portugal=Deaths i:  85  85  26          . p:    1024    1573 e: -34.9 r:  41.8   
Portugal=Deaths i:  86  86  27  4/18/2020 p:    1233    1573 e: -21.6 r:  43.7   
Portugal=Deaths i:  87  87  28          . p:    1129    1573 e: -28.3 r:  45.4   
Portugal=Deaths i:  88  88  29  4/20/2020 p:    1080    1573 e: -31.4 r:  46.7   
Portugal=Deaths i:  89  89  30          . p:    1070    1573 e: -32.0 r:  48.4   
Portugal=Deaths i:  90  90  31  4/22/2020 p:    1102    1573 e: -30.0 r:  49.9   
Portugal=Deaths i:  91  91  32          . p:    1240    1573 e: -21.2 r:  52.1   
Portugal=Deaths i:  92   0  33  4/24/2020 p:    1350    1573 e: -14.2 r:  54.3 OK 1st
Portugal=Deaths i:  93   1  34          . p:    1350    1573 e: -14.2 r:  55.9 OK
Portugal=Deaths i:  94   2  35  4/26/2020 p:    1185    1573 e: -24.7 r:  57.4   
Portugal=Deaths i:  95   3  36          . p:    1395    1573 e: -11.3 r:  59.0 OK
Portugal=Deaths i:  96   4  37  4/28/2020 p:    1417    1573 e: -10.0 r:  60.2 OK
Portugal=Deaths i:  97   5  38          . p:    1421    1573 e:  -9.7 r:  61.8 OK
Portugal=Deaths i:  98   6  39  4/30/2020 p:    1415    1573 e: -10.1 r:  62.8 OK
Portugal=Deaths i:  99   7  40          . p:    1406    1573 e: -10.7 r:  64.0 OK
Portugal=Deaths i: 100   8  41   5/2/2020 p:    1394    1573 e: -11.4 r:  65.0 OK
Portugal=Deaths i: 101   9  42          . p:    1373    1573 e: -12.7 r:  66.3 OK
Portugal=Deaths i: 102  10  43   5/4/2020 p:    1350    1573 e: -14.2 r:  67.6 OK
Portugal=Deaths i: 103  11  44          . p:    1380    1573 e: -12.3 r:  68.3 OK
Portugal=Deaths i: 104  12  45   5/6/2020 p:    1363    1573 e: -13.4 r:  69.2 OK
Portugal=Deaths i: 105  13  46          . p:    1363    1573 e: -13.4 r:  70.2 OK
Portugal=Deaths i: 106  14  47   5/8/2020 p:    1352    1573 e: -14.1 r:  70.8 OK
Portugal=Deaths i: 107  15  48          . p:    1299    1573 e: -17.5 r:  71.6   
Portugal=Deaths i: 108  16  49  5/10/2020 p:    1285    1573 e: -18.3 r:  72.1   
Portugal=Deaths i: 109  17  50          . p:    1325    1573 e: -15.8 r:  72.7   
Portugal=Deaths i: 110  18  51  5/12/2020 p:    1350    1573 e: -14.2 r:  73.9 OK
Portugal=Deaths i: 111  19  52          . p:    1350    1573 e: -14.2 r:  74.7 OK
Portugal=Deaths i: 112  20  53  5/14/2020 p:    1350    1573 e: -14.2 r:  75.2 OK
Portugal=Deaths i: 113  21  54          . p:    1350    1573 e: -14.2 r:  75.6 OK
Portugal=Deaths i: 114  22  55  5/16/2020 p:    1333    1573 e: -15.3 r:  76.4   
Portugal=Deaths i: 115  23  56          . p:    1375    1573 e: -12.6 r:  77.4 OK
Portugal=Deaths i: 116  24  57  5/18/2020 p:    1350    1573 e: -14.2 r:  78.2 OK
Portugal=Deaths i: 117  25  58          . p:    1350    1573 e: -14.2 r:  79.2 OK
Portugal=Deaths i: 118  26  59  5/20/2020 p:    1405    1573 e: -10.7 r:  80.3 OK
Portugal=Deaths i: 119  27  60          . p:    1405    1573 e: -10.7 r:  81.2 OK
Portugal=Deaths i: 120  28  61  5/22/2020 p:    1405    1573 e: -10.7 r:  81.9 OK
Portugal=Deaths i: 121  29  62          . p:    1405    1573 e: -10.7 r:  82.7 OK
Portugal=Deaths i: 122  30  63  5/24/2020 p:    1460    1573 e:  -7.2 r:  83.6 OK
Portugal=Deaths i: 123  31  64          . p:    1460    1573 e:  -7.2 r:  84.5 OK
Portugal=Deaths i: 124  32  65  5/26/2020 p:    1460    1573 e:  -7.2 r:  85.3 OK
Portugal=Deaths i: 125  33  66          . p:    1515    1573 e:  -3.7 r:  86.2 OK
Portugal=Deaths i: 126  34  67  5/28/2020 p:    1515    1573 e:  -3.7 r:  87.0 OK
Portugal=Deaths i: 127  35  68          . p:    1515    1573 e:  -3.7 r:  87.9 OK
Portugal=Deaths i: 128  36  69  5/30/2020 p:    1515    1573 e:  -3.7 r:  88.7 OK
Portugal=Deaths i: 129  37  70          . p:    1515    1573 e:  -3.7 r:  89.6 OK
Portugal=Deaths i: 130  38  71   6/1/2020 p:    1570    1573 e:  -0.2 r:  90.5 OK
Portugal=Deaths i: 131  39  72          . p:    1570    1573 e:  -0.2 r:  91.3 OK
Portugal=Deaths i: 132  40  73   6/3/2020 p:    1626    1573 e:   3.3 r:  92.0 OK
Portugal=Deaths i: 133  41  74          . p:    1626    1573 e:   3.3 r:  92.5 OK
Portugal=Deaths i: 134  42  75   6/5/2020 p:    1570    1573 e:  -0.2 r:  93.1 OK
Portugal=Deaths i: 135  43  76          . p:    1563    1573 e:  -0.7 r:  93.7 OK
Portugal=Deaths i: 136  44  77   6/7/2020 p:    1575    1573 e:   0.1 r:  94.0 OK
Portugal=Deaths i: 137  45  78          . p:    1618    1573 e:   2.8 r:  94.4 OK
Portugal=Deaths i: 138  46  79   6/9/2020 p:    1542    1573 e:  -2.0 r:  94.8 OK
