
  # Process COVID TAB data
p1= 3253 il= 138
p1= 3253 il= 137
p1= 3253 il= 136
p1= 3153 il= 135
p1= 3153 il= 134
US_California_Los_Angeles=Deaths nl = 139, n1= 5 s1= 3213 s2= 10325769 SD= 48.9897948556636 frac%= 1.52473684580341
US_California_Los_Angeles=Deaths i:  62  62   0  3/25/2020 p:      50    3213 e: -98.4 r:   0.4   
US_California_Los_Angeles=Deaths i:  63  63   1          . p:      50    3213 e: -98.4 r:   0.7   
US_California_Los_Angeles=Deaths i:  64  64   2  3/27/2020 p:      50    3213 e: -98.4 r:   0.8   
US_California_Los_Angeles=Deaths i:  65  65   3          . p:      50    3213 e: -98.4 r:   0.8   
US_California_Los_Angeles=Deaths i:  66  66   4  3/29/2020 p:      50    3213 e: -98.4 r:   1.0   
US_California_Los_Angeles=Deaths i:  67  67   5          . p:     250    3213 e: -92.2 r:   1.4   
US_California_Los_Angeles=Deaths i:  68  68   6  3/31/2020 p:     150    3213 e: -95.3 r:   1.7   
US_California_Los_Angeles=Deaths i:  69  69   7          . p:     250    3213 e: -92.2 r:   2.0   
US_California_Los_Angeles=Deaths i:  70  70   8   4/2/2020 p:     350    3213 e: -89.1 r:   2.4   
US_California_Los_Angeles=Deaths i:  71  71   9          . p:     350    3213 e: -89.1 r:   2.8   
US_California_Los_Angeles=Deaths i:  72  72  10   4/4/2020 p:     450    3213 e: -86.0 r:   2.9   
US_California_Los_Angeles=Deaths i:  73  73  11          . p:     750    3213 e: -76.7 r:   4.1   
US_California_Los_Angeles=Deaths i:  74  74  12   4/6/2020 p:     750    3213 e: -76.7 r:   4.6   
US_California_Los_Angeles=Deaths i:  75  75  13          . p:     851    3213 e: -73.5 r:   5.3   
US_California_Los_Angeles=Deaths i:  76  76  14   4/8/2020 p:    1051    3213 e: -67.3 r:   6.2   
US_California_Los_Angeles=Deaths i:  77  77  15          . p:    1251    3213 e: -61.1 r:   6.9   
US_California_Los_Angeles=Deaths i:  78  78  16  4/10/2020 p:    1251    3213 e: -61.1 r:   7.5   
US_California_Los_Angeles=Deaths i:  79  79  17          . p:     350    3213 e: -89.1 r:   7.6   
US_California_Los_Angeles=Deaths i:  80  80  18  4/12/2020 p:     383    3213 e: -88.1 r:   8.4   
US_California_Los_Angeles=Deaths i:  81  81  19          . p:    1069    3213 e: -66.7 r:  10.0   
US_California_Los_Angeles=Deaths i:  82  82  20  4/14/2020 p:    1251    3213 e: -61.1 r:  11.2   
US_California_Los_Angeles=Deaths i:  83  83  21          . p:    1451    3213 e: -54.8 r:  12.6   
US_California_Los_Angeles=Deaths i:  84  84  22  4/16/2020 p:    1752    3213 e: -45.5 r:  14.2   
US_California_Los_Angeles=Deaths i:  85  85  23          . p:    1952    3213 e: -39.2 r:  15.5   
US_California_Los_Angeles=Deaths i:  86  86  24  4/18/2020 p:    2352    3213 e: -26.8 r:  17.9   
US_California_Los_Angeles=Deaths i:  87  87  25          . p:    2452    3213 e: -23.7 r:  18.7   
US_California_Los_Angeles=Deaths i:  88  88  26  4/20/2020 p:    2452    3213 e: -23.7 r:  19.3   
US_California_Los_Angeles=Deaths i:  89   0  27          . p:    3654    3213 e:  13.7 r:  20.6 OK 1st
US_California_Los_Angeles=Deaths i:  90   1  28  4/22/2020 p:    1318    3213 e: -59.0 r:  22.8   
US_California_Los_Angeles=Deaths i:  91   2  29          . p:    2553    3213 e: -20.5 r:  24.8   
US_California_Los_Angeles=Deaths i:  92   3  30  4/24/2020 p:    3854    3213 e:  20.0 r:  26.5   
US_California_Los_Angeles=Deaths i:  93   4  31          . p:    2753    3213 e: -14.3 r:  27.9 OK
US_California_Los_Angeles=Deaths i:  94   5  32  4/26/2020 p:    3554    3213 e:  10.6 r:  28.5 OK
US_California_Los_Angeles=Deaths i:  95   6  33          . p:    1639    3213 e: -49.0 r:  29.4   
US_California_Los_Angeles=Deaths i:  96   7  34  4/28/2020 p:    2932    3213 e:  -8.7 r:  31.2 OK
US_California_Los_Angeles=Deaths i:  97   8  35          . p:    2547    3213 e: -20.7 r:  32.9   
US_California_Los_Angeles=Deaths i:  98   9  36  4/30/2020 p:    2553    3213 e: -20.5 r:  34.6   
US_California_Los_Angeles=Deaths i:  99  10  37          . p:    2753    3213 e: -14.3 r:  36.5 OK
US_California_Los_Angeles=Deaths i: 100  11  38   5/2/2020 p:    2553    3213 e: -20.5 r:  37.6   
US_California_Los_Angeles=Deaths i: 101  12  39          . p:    2532    3213 e: -21.2 r:  38.3   
US_California_Los_Angeles=Deaths i: 102  13  40   5/4/2020 p:    2504    3213 e: -22.1 r:  39.1   
US_California_Los_Angeles=Deaths i: 103  14  41          . p:    2501    3213 e: -22.2 r:  40.9   
US_California_Los_Angeles=Deaths i: 104  15  42   5/6/2020 p:    2503    3213 e: -22.1 r:  42.6   
US_California_Los_Angeles=Deaths i: 105  16  43          . p:    2452    3213 e: -23.7 r:  44.1   
US_California_Los_Angeles=Deaths i: 106  17  44   5/8/2020 p:    2452    3213 e: -23.7 r:  45.8   
US_California_Los_Angeles=Deaths i: 107  18  45          . p:    2553    3213 e: -20.5 r:  47.2   
US_California_Los_Angeles=Deaths i: 108  19  46  5/10/2020 p:    2508    3213 e: -21.9 r:  47.7   
US_California_Los_Angeles=Deaths i: 109  20  47          . p:    2503    3213 e: -22.1 r:  48.9   
US_California_Los_Angeles=Deaths i: 110  21  48  5/12/2020 p:    2496    3213 e: -22.3 r:  50.3   
US_California_Los_Angeles=Deaths i: 111  22  49          . p:    2553    3213 e: -20.5 r:  51.7   
US_California_Los_Angeles=Deaths i: 112  23  50  5/14/2020 p:    2553    3213 e: -20.5 r:  53.3   
US_California_Los_Angeles=Deaths i: 113  24  51          . p:    2553    3213 e: -20.5 r:  54.6   
US_California_Los_Angeles=Deaths i: 114  25  52  5/16/2020 p:    2553    3213 e: -20.5 r:  55.8   
US_California_Los_Angeles=Deaths i: 115  26  53          . p:    2553    3213 e: -20.5 r:  56.7   
US_California_Los_Angeles=Deaths i: 116  27  54  5/18/2020 p:    2583    3213 e: -19.6 r:  57.3   
US_California_Los_Angeles=Deaths i: 117  28  55          . p:    2610    3213 e: -18.8 r:  59.5   
US_California_Los_Angeles=Deaths i: 118  29  56  5/20/2020 p:    2753    3213 e: -14.3 r:  61.4 OK
US_California_Los_Angeles=Deaths i: 119  30  57          . p:    2753    3213 e: -14.3 r:  62.7 OK
US_California_Los_Angeles=Deaths i: 120  31  58  5/22/2020 p:    2753    3213 e: -14.3 r:  63.9 OK
US_California_Los_Angeles=Deaths i: 121  32  59          . p:    2853    3213 e: -11.2 r:  65.1 OK
US_California_Los_Angeles=Deaths i: 122  33  60  5/24/2020 p:    2858    3213 e: -11.0 r:  65.5 OK
US_California_Los_Angeles=Deaths i: 123  34  61          . p:    2853    3213 e: -11.2 r:  65.9 OK
US_California_Los_Angeles=Deaths i: 124  35  62  5/26/2020 p:    2844    3213 e: -11.5 r:  66.8 OK
US_California_Los_Angeles=Deaths i: 125  36  63          . p:    2841    3213 e: -11.6 r:  68.5 OK
US_California_Los_Angeles=Deaths i: 126  37  64  5/28/2020 p:    2853    3213 e: -11.2 r:  69.7 OK
US_California_Los_Angeles=Deaths i: 127  38  65          . p:    2953    3213 e:  -8.1 r:  71.4 OK
US_California_Los_Angeles=Deaths i: 128  39  66  5/30/2020 p:    2953    3213 e:  -8.1 r:  72.8 OK
US_California_Los_Angeles=Deaths i: 129  40  67          . p:    2953    3213 e:  -8.1 r:  73.5 OK
US_California_Los_Angeles=Deaths i: 130  41  68   6/1/2020 p:    2953    3213 e:  -8.1 r:  74.3 OK
US_California_Los_Angeles=Deaths i: 131  42  69          . p:    3053    3213 e:  -5.0 r:  76.2 OK
US_California_Los_Angeles=Deaths i: 132  43  70   6/3/2020 p:    3053    3213 e:  -5.0 r:  77.5 OK
US_California_Los_Angeles=Deaths i: 133  44  71          . p:    3053    3213 e:  -5.0 r:  78.8 OK
US_California_Los_Angeles=Deaths i: 134  45  72   6/5/2020 p:    3153    3213 e:  -1.9 r:  80.0 OK
US_California_Los_Angeles=Deaths i: 135  46  73          . p:    3153    3213 e:  -1.9 r:  81.7 OK
US_California_Los_Angeles=Deaths i: 136  47  74   6/7/2020 p:    3253    3213 e:   1.2 r:  82.3 OK
US_California_Los_Angeles=Deaths i: 137  48  75          . p:    3253    3213 e:   1.2 r:  82.7 OK
US_California_Los_Angeles=Deaths i: 138  49  76   6/9/2020 p:    3253    3213 e:   1.2 r:  84.3 OK
