
  # Process COVID TAB data
p1= 20001 il= 138
p1= 20085 il= 137
p1= 20109 il= 136
p1= 20076 il= 135
p1= 20052 il= 134
US_Massachusetts_Suffolk=Confirmed nl = 139, n1= 5 s1= 20064.6 s2= 402589517.4 SD= 36.6638786820153 frac%= 0.182729178164605
US_Massachusetts_Suffolk=Confirmed i:  46  46 -11   3/9/2020 p:   27825   20064 e:  38.7 r:   0.0   
US_Massachusetts_Suffolk=Confirmed i:  47  47 -10          . p:     352   20064 e: -98.2 r:   0.0   
US_Massachusetts_Suffolk=Confirmed i:  48  48  -9  3/11/2020 p:     352   20064 e: -98.2 r:   0.1   
US_Massachusetts_Suffolk=Confirmed i:  49  49  -8          . p:     352   20064 e: -98.2 r:   0.1   
US_Massachusetts_Suffolk=Confirmed i:  50  50  -7  3/13/2020 p:     352   20064 e: -98.2 r:   0.1   
US_Massachusetts_Suffolk=Confirmed i:  51  51  -6          . p:     352   20064 e: -98.2 r:   0.1   
US_Massachusetts_Suffolk=Confirmed i:  52  52  -5  3/15/2020 p:     352   20064 e: -98.2 r:   0.1   
US_Massachusetts_Suffolk=Confirmed i:  53  53  -4          . p:     352   20064 e: -98.2 r:   0.2   
US_Massachusetts_Suffolk=Confirmed i:  54  54  -3  3/17/2020 p:     352   20064 e: -98.2 r:   0.2   
US_Massachusetts_Suffolk=Confirmed i:  55  55  -2          . p:     352   20064 e: -98.2 r:   0.3   
US_Massachusetts_Suffolk=Confirmed i:  56  56  -1  3/19/2020 p:     352   20064 e: -98.2 r:   0.4   
US_Massachusetts_Suffolk=Confirmed i:  57  57   0          . p:     352   20064 e: -98.2 r:   0.4   
US_Massachusetts_Suffolk=Confirmed i:  58  58   1  3/21/2020 p:    1056   20064 e: -94.7 r:   0.5   
US_Massachusetts_Suffolk=Confirmed i:  59  59   2          . p:    1056   20064 e: -94.7 r:   0.6   
US_Massachusetts_Suffolk=Confirmed i:  60  60   3  3/23/2020 p:    1056   20064 e: -94.7 r:   0.8   
US_Massachusetts_Suffolk=Confirmed i:  61  61   4          . p:    4578   20064 e: -77.2 r:   1.2   
US_Massachusetts_Suffolk=Confirmed i:  62  62   5  3/25/2020 p:   34869   20064 e:  73.8 r:   1.7   
US_Massachusetts_Suffolk=Confirmed i:  65  65   8          . p:   25007   20064 e:  24.6 r:   4.2   
US_Massachusetts_Suffolk=Confirmed i:  66  66   9  3/29/2020 p:    3169   20064 e: -84.2 r:   4.7   
US_Massachusetts_Suffolk=Confirmed i:  67  67  10          . p:    2465   20064 e: -87.7 r:   5.6   
US_Massachusetts_Suffolk=Confirmed i:  68  68  11  3/31/2020 p:    3874   20064 e: -80.7 r:   6.8   
US_Massachusetts_Suffolk=Confirmed i:  69  69  12          . p:    4578   20064 e: -77.2 r:   8.1   
US_Massachusetts_Suffolk=Confirmed i:  70  70  13   4/2/2020 p:    6692   20064 e: -66.6 r:   9.4   
US_Massachusetts_Suffolk=Confirmed i:  71  71  14          . p:    6692   20064 e: -66.6 r:  10.9   
US_Massachusetts_Suffolk=Confirmed i:  72  72  15   4/4/2020 p:    6692   20064 e: -66.6 r:  12.1   
US_Massachusetts_Suffolk=Confirmed i:  73  73  16          . p:    6692   20064 e: -66.6 r:  13.2   
US_Massachusetts_Suffolk=Confirmed i:  74  74  17   4/6/2020 p:    6692   20064 e: -66.6 r:  14.6   
US_Massachusetts_Suffolk=Confirmed i:  75  75  18          . p:    6692   20064 e: -66.6 r:  16.2   
US_Massachusetts_Suffolk=Confirmed i:  76  76  19   4/8/2020 p:    8101   20064 e: -59.6 r:  17.9   
US_Massachusetts_Suffolk=Confirmed i:  77  77  20          . p:    8805   20064 e: -56.1 r:  20.1   
US_Massachusetts_Suffolk=Confirmed i:  78  78  21  4/10/2020 p:   16554   20064 e: -17.5 r:  22.6   
US_Massachusetts_Suffolk=Confirmed i:  79  79  22          . p:   11623   20064 e: -42.1 r:  24.6   
US_Massachusetts_Suffolk=Confirmed i:  80  80  23  4/12/2020 p:   13736   20064 e: -31.5 r:  26.7   
US_Massachusetts_Suffolk=Confirmed i:  81  81  24          . p:   12327   20064 e: -38.6 r:  27.8   
US_Massachusetts_Suffolk=Confirmed i:  82  82  25  4/14/2020 p:   12327   20064 e: -38.6 r:  29.3   
US_Massachusetts_Suffolk=Confirmed i:  83  83  26          . p:   12327   20064 e: -38.6 r:  31.3   
US_Massachusetts_Suffolk=Confirmed i:  84  84  27  4/16/2020 p:   13032   20064 e: -35.0 r:  34.0   
US_Massachusetts_Suffolk=Confirmed i:  85  85  28          . p:   14440   20064 e: -28.0 r:  36.2   
US_Massachusetts_Suffolk=Confirmed i:  86  86  29  4/18/2020 p:   14440   20064 e: -28.0 r:  38.4   
US_Massachusetts_Suffolk=Confirmed i:  87   0  30          . p:   18667   20064 e:  -7.0 r:  40.2 OK 1st
US_Massachusetts_Suffolk=Confirmed i:  88   1  31  4/20/2020 p:   15145   20064 e: -24.5 r:  41.7   
US_Massachusetts_Suffolk=Confirmed i:  89   2  32          . p:   15145   20064 e: -24.5 r:  43.2   
US_Massachusetts_Suffolk=Confirmed i:  90   3  33  4/22/2020 p:   17258   20064 e: -14.0 r:  45.2 OK
US_Massachusetts_Suffolk=Confirmed i:  91   4  34          . p:   18667   20064 e:  -7.0 r:  48.5 OK
US_Massachusetts_Suffolk=Confirmed i:  92   5  35  4/24/2020 p:   25007   20064 e:  24.6 r:  53.4   
US_Massachusetts_Suffolk=Confirmed i:  93   6  36          . p:   19371   20064 e:  -3.5 r:  55.9 OK
US_Massachusetts_Suffolk=Confirmed i:  94   7  37  4/26/2020 p:   19371   20064 e:  -3.5 r:  57.5 OK
US_Massachusetts_Suffolk=Confirmed i:  95   8  38          . p:   20076   20064 e:   0.1 r:  59.2 OK
US_Massachusetts_Suffolk=Confirmed i:  96   9  39  4/28/2020 p:   20076   20064 e:   0.1 r:  60.5 OK
US_Massachusetts_Suffolk=Confirmed i:  97  10  40          . p:   20780   20064 e:   3.6 r:  62.5 OK
US_Massachusetts_Suffolk=Confirmed i:  98  11  41  4/30/2020 p:   27120   20064 e:  35.2 r:  64.2   
US_Massachusetts_Suffolk=Confirmed i:  99  12  42          . p:   20780   20064 e:   3.6 r:  66.3 OK
US_Massachusetts_Suffolk=Confirmed i: 100  13  43   5/2/2020 p:   25007   20064 e:  24.6 r:  67.8   
US_Massachusetts_Suffolk=Confirmed i: 101  14  44          . p:   20780   20064 e:   3.6 r:  68.7 OK
US_Massachusetts_Suffolk=Confirmed i: 102  15  45   5/4/2020 p:   22189   20064 e:  10.6 r:  69.5 OK
US_Massachusetts_Suffolk=Confirmed i: 103  16  46          . p:   20780   20064 e:   3.6 r:  70.6 OK
US_Massachusetts_Suffolk=Confirmed i: 104  17  47   5/6/2020 p:   20076   20064 e:   0.1 r:  72.1 OK
US_Massachusetts_Suffolk=Confirmed i: 105  18  48          . p:   20076   20064 e:   0.1 r:  73.4 OK
US_Massachusetts_Suffolk=Confirmed i: 106  19  49   5/8/2020 p:   20076   20064 e:   0.1 r:  74.5 OK
US_Massachusetts_Suffolk=Confirmed i: 107  20  50          . p:   20076   20064 e:   0.1 r:  75.4 OK
US_Massachusetts_Suffolk=Confirmed i: 108  21  51  5/10/2020 p:   19371   20064 e:  -3.5 r:  76.1 OK
US_Massachusetts_Suffolk=Confirmed i: 109  22  52          . p:   19371   20064 e:  -3.5 r:  76.5 OK
US_Massachusetts_Suffolk=Confirmed i: 110  23  53  5/12/2020 p:   19371   20064 e:  -3.5 r:  77.0 OK
US_Massachusetts_Suffolk=Confirmed i: 111  24  54          . p:   18667   20064 e:  -7.0 r:  77.7 OK
US_Massachusetts_Suffolk=Confirmed i: 112  25  55  5/14/2020 p:   17258   20064 e: -14.0 r:  79.1 OK
US_Massachusetts_Suffolk=Confirmed i: 113  26  56          . p:   18667   20064 e:  -7.0 r:  79.7 OK
US_Massachusetts_Suffolk=Confirmed i: 114  27  57  5/16/2020 p:   18667   20064 e:  -7.0 r:  81.5 OK
US_Massachusetts_Suffolk=Confirmed i: 115  28  58          . p:   18667   20064 e:  -7.0 r:  82.1 OK
US_Massachusetts_Suffolk=Confirmed i: 116  29  59  5/18/2020 p:   18667   20064 e:  -7.0 r:  83.1 OK
US_Massachusetts_Suffolk=Confirmed i: 117  30  60          . p:   18667   20064 e:  -7.0 r:  83.9 OK
US_Massachusetts_Suffolk=Confirmed i: 118  31  61  5/20/2020 p:   18667   20064 e:  -7.0 r:  84.5 OK
US_Massachusetts_Suffolk=Confirmed i: 119  32  62          . p:   18667   20064 e:  -7.0 r:  85.2 OK
US_Massachusetts_Suffolk=Confirmed i: 120  33  63  5/22/2020 p:   19371   20064 e:  -3.5 r:  85.6 OK
US_Massachusetts_Suffolk=Confirmed i: 121  34  64          . p:   19090   20064 e:  -4.9 r:  86.2 OK
US_Massachusetts_Suffolk=Confirmed i: 122  35  65  5/24/2020 p:   19090   20064 e:  -4.9 r:  86.8 OK
US_Massachusetts_Suffolk=Confirmed i: 123  36  66          . p:   19003   20064 e:  -5.3 r:  87.1 OK
US_Massachusetts_Suffolk=Confirmed i: 124  37  67  5/26/2020 p:   19030   20064 e:  -5.2 r:  87.4 OK
US_Massachusetts_Suffolk=Confirmed i: 125  38  68          . p:   19027   20064 e:  -5.2 r:  87.7 OK
US_Massachusetts_Suffolk=Confirmed i: 126  39  69  5/28/2020 p:   19124   20064 e:  -4.7 r:  88.2 OK
US_Massachusetts_Suffolk=Confirmed i: 127  40  70          . p:   19371   20064 e:  -3.5 r:  88.6 OK
US_Massachusetts_Suffolk=Confirmed i: 128  41  71  5/30/2020 p:   19371   20064 e:  -3.5 r:  89.1 OK
US_Massachusetts_Suffolk=Confirmed i: 129  42  72          . p:   19371   20064 e:  -3.5 r:  89.4 OK
US_Massachusetts_Suffolk=Confirmed i: 130  43  73   6/1/2020 p:   19429   20064 e:  -3.2 r:  92.6 OK
US_Massachusetts_Suffolk=Confirmed i: 131  44  74          . p:   19669   20064 e:  -2.0 r:  92.9 OK
US_Massachusetts_Suffolk=Confirmed i: 132  45  75   6/3/2020 p:   19891   20064 e:  -0.9 r:  93.4 OK
US_Massachusetts_Suffolk=Confirmed i: 133  46  76          . p:   19857   20064 e:  -1.0 r:  93.6 OK
US_Massachusetts_Suffolk=Confirmed i: 134  47  77   6/5/2020 p:   20052   20064 e:  -0.1 r:  94.0 OK
US_Massachusetts_Suffolk=Confirmed i: 135  48  78          . p:   20076   20064 e:   0.1 r:  94.5 OK
US_Massachusetts_Suffolk=Confirmed i: 136  49  79   6/7/2020 p:   20109   20064 e:   0.2 r:  94.7 OK
US_Massachusetts_Suffolk=Confirmed i: 137  50  80          . p:   20085   20064 e:   0.1 r:  94.8 OK
US_Massachusetts_Suffolk=Confirmed i: 138  51  81   6/9/2020 p:   20001   20064 e:  -0.3 r:  95.0 OK
