
  # Process COVID TAB data
p1= 75373 il= 138
p1= 73416 il= 137
p1= 94951 il= 136
p1= 61669 il= 132
p1= 53838 il= 131
South_Africa=Confirmed nl = 139, n1= 5 s1= 71849.4 s2= 5357657278.2 SD= 13975.7288840332 frac%= 19.4514204489296
South_Africa=Confirmed i:  49  49  -5          . p:     978   71849 e: -98.6 r:   0.0   
South_Africa=Confirmed i:  50  50  -4  3/13/2020 p:     978   71849 e: -98.6 r:   0.0   
South_Africa=Confirmed i:  51  51  -3          . p:     978   71849 e: -98.6 r:   0.1   
South_Africa=Confirmed i:  52  52  -2  3/15/2020 p:     516   71849 e: -99.3 r:   0.1   
South_Africa=Confirmed i:  53  53  -1          . p:     970   71849 e: -98.6 r:   0.1   
South_Africa=Confirmed i:  55  55   1          . p:     978   71849 e: -98.6 r:   0.2   
South_Africa=Confirmed i:  56  56   2  3/19/2020 p:    2936   71849 e: -95.9 r:   0.2   
South_Africa=Confirmed i:  57  57   3          . p:    4894   71849 e: -93.2 r:   0.3   
South_Africa=Confirmed i:  58  58   4  3/21/2020 p:    4894   71849 e: -93.2 r:   0.3   
South_Africa=Confirmed i:  59  59   5          . p:    1091   71849 e: -98.5 r:   0.4   
South_Africa=Confirmed i:  60  60   6  3/23/2020 p:    6852   71849 e: -90.5 r:   0.6   
South_Africa=Confirmed i:  61  61   7          . p:   14683   71849 e: -79.6 r:   0.8   
South_Africa=Confirmed i:  62   0   8  3/25/2020 p:   61669   71849 e: -14.2 r:   1.0 OK 1st
South_Africa=Confirmed i:  63   1   9          . p:   53838   71849 e: -25.1 r:   1.3   
South_Africa=Confirmed i:  64   2  10  3/27/2020 p:    6852   71849 e: -90.5 r:   1.6   
South_Africa=Confirmed i:  65   3  11          . p:    2936   71849 e: -95.9 r:   1.7   
South_Africa=Confirmed i:  66   4  12  3/29/2020 p:     978   71849 e: -98.6 r:   1.8   
South_Africa=Confirmed i:  67   5  13          . p:    1306   71849 e: -98.2 r:   1.8   
South_Africa=Confirmed i:  68   6  14  3/31/2020 p:    1327   71849 e: -98.2 r:   1.9   
South_Africa=Confirmed i:  69   7  15          . p:    1440   71849 e: -98.0 r:   1.9   
South_Africa=Confirmed i:  70   8  16   4/2/2020 p:    1593   71849 e: -97.8 r:   2.0   
South_Africa=Confirmed i:  71   9  17          . p:    1637   71849 e: -97.7 r:   2.1   
South_Africa=Confirmed i:  72  10  18   4/4/2020 p:     978   71849 e: -98.6 r:   2.2   
South_Africa=Confirmed i:  73  11  19          . p:    2936   71849 e: -95.9 r:   2.3   
South_Africa=Confirmed i:  74  12  20   4/6/2020 p:    2936   71849 e: -95.9 r:   2.3   
South_Africa=Confirmed i:  75  13  21          . p:    2936   71849 e: -95.9 r:   2.4   
South_Africa=Confirmed i:  76  14  22   4/8/2020 p:    2936   71849 e: -95.9 r:   2.6   
South_Africa=Confirmed i:  77  15  23          . p:    2936   71849 e: -95.9 r:   2.7   
South_Africa=Confirmed i:  78  16  24  4/10/2020 p:    2936   71849 e: -95.9 r:   2.8   
South_Africa=Confirmed i:  79  17  25          . p:    2936   71849 e: -95.9 r:   2.8   
South_Africa=Confirmed i:  80  18  26  4/12/2020 p:    2936   71849 e: -95.9 r:   3.0   
South_Africa=Confirmed i:  81  19  27          . p:    2936   71849 e: -95.9 r:   3.2   
South_Africa=Confirmed i:  82  20  28  4/14/2020 p:    2936   71849 e: -95.9 r:   3.4   
South_Africa=Confirmed i:  83  21  29          . p:    2936   71849 e: -95.9 r:   3.5   
South_Africa=Confirmed i:  84  22  30  4/16/2020 p:    2936   71849 e: -95.9 r:   3.6   
South_Africa=Confirmed i:  85  23  31          . p:    2936   71849 e: -95.9 r:   3.9   
South_Africa=Confirmed i:  86  24  32  4/18/2020 p:    2936   71849 e: -95.9 r:   4.2   
South_Africa=Confirmed i:  87  25  33          . p:    4894   71849 e: -93.2 r:   4.4   
South_Africa=Confirmed i:  88  26  34  4/20/2020 p:    4894   71849 e: -93.2 r:   4.6   
South_Africa=Confirmed i:  89  27  35          . p:    4894   71849 e: -93.2 r:   4.8   
South_Africa=Confirmed i:  90  28  36  4/22/2020 p:    4894   71849 e: -93.2 r:   5.1   
South_Africa=Confirmed i:  91  29  37          . p:    4894   71849 e: -93.2 r:   5.5   
South_Africa=Confirmed i:  92  30  38  4/24/2020 p:    4894   71849 e: -93.2 r:   5.9   
South_Africa=Confirmed i:  93  31  39          . p:    6852   71849 e: -90.5 r:   6.1   
South_Africa=Confirmed i:  94  32  40  4/26/2020 p:    6852   71849 e: -90.5 r:   6.3   
South_Africa=Confirmed i:  95  33  41          . p:    6852   71849 e: -90.5 r:   6.7   
South_Africa=Confirmed i:  96  34  42  4/28/2020 p:   14683   71849 e: -79.6 r:   7.0   
South_Africa=Confirmed i:  97  35  43          . p:   16641   71849 e: -76.8 r:   7.4   
South_Africa=Confirmed i:  98  36  44  4/30/2020 p:   44049   71849 e: -38.7 r:   7.9   
South_Africa=Confirmed i:  99  37  45          . p:       0   71849 e: -100.0 r:   8.3   
South_Africa=Confirmed i: 103  41  49          . p:       0   71849 e: -100.0 r:  10.5   
South_Africa=Confirmed i: 104  42  50   5/6/2020 p:    8809   71849 e: -87.7 r:  10.9   
South_Africa=Confirmed i: 105  43  51          . p:   10767   71849 e: -85.0 r:  11.5   
South_Africa=Confirmed i: 106  44  52   5/8/2020 p:   67542   71849 e:  -6.0 r:  12.4 OK
South_Africa=Confirmed i: 110  48  56  5/12/2020 p:   81247   71849 e:  13.1 r:  15.8 OK
South_Africa=Confirmed i: 111  49  57          . p:       0   71849 e: -100.0 r:  16.8   
South_Africa=Confirmed i: 112  50  58  5/14/2020 p:  143895   71849 e: 100.3 r:  17.7   
South_Africa=Confirmed i: 113  51  59          . p:   94951   71849 e:  32.2 r:  18.8   
South_Africa=Confirmed i: 114  52  60  5/16/2020 p:       0   71849 e: -100.0 r:  20.0   
South_Africa=Confirmed i: 117  55  63          . p:   49923   71849 e: -30.5 r:  23.9   
South_Africa=Confirmed i: 118  56  64  5/20/2020 p:   24472   71849 e: -65.9 r:  25.1   
South_Africa=Confirmed i: 119  57  65          . p:   36218   71849 e: -49.6 r:  26.6   
South_Africa=Confirmed i: 120  58  66  5/22/2020 p:   49923   71849 e: -30.5 r:  28.0   
South_Africa=Confirmed i: 121  59  67          . p:   96909   71849 e:  34.9 r:  29.7   
South_Africa=Confirmed i: 122  60  68  5/24/2020 p:       0   71849 e: -100.0 r:  31.4   
South_Africa=Confirmed i: 123  61  69          . p:   87120   71849 e:  21.3 r:  32.9   
South_Africa=Confirmed i: 124  62  70  5/26/2020 p:   30345   71849 e: -57.8 r:  33.8   
South_Africa=Confirmed i: 125  63  71          . p:   75373   71849 e:   4.9 r:  36.1 OK
South_Africa=Confirmed i: 126  64  72  5/28/2020 p:       0   71849 e: -100.0 r:  38.1   
South_Africa=Confirmed i: 129  67  75          . p:       0   71849 e: -100.0 r:  45.5   
South_Africa=Confirmed i: 130  68  76   6/1/2020 p:  100824   71849 e:  40.3 r:  47.8   
South_Africa=Confirmed i: 131  69  77          . p:   53838   71849 e: -25.1 r:  49.8   
South_Africa=Confirmed i: 132  70  78   6/3/2020 p:   61669   71849 e: -14.2 r:  52.2 OK
South_Africa=Confirmed i: 136  74  82   6/7/2020 p:   94951   71849 e:  32.2 r:  67.2   
South_Africa=Confirmed i: 137  75  83          . p:   73416   71849 e:   2.2 r:  70.8 OK
South_Africa=Confirmed i: 138  76  84   6/9/2020 p:   75373   71849 e:   4.9 r:  73.8 OK
