
  # Process COVID TAB data
p1= 4803 il= 138
p1= 4800 il= 137
p1= 5149 il= 136
p1= 4814 il= 135
p1= 4814 il= 134
US_Illinois_Cook=Deaths nl = 139, n1= 5 s1= 4876 s2= 23794040.4 SD= 136.617714810337 frac%= 2.80183992638098
US_Illinois_Cook=Deaths i:  63  63  -1          . p:      74    4876 e: -98.5 r:   0.4   
US_Illinois_Cook=Deaths i:  64  64   0  3/27/2020 p:      74    4876 e: -98.5 r:   0.4   
US_Illinois_Cook=Deaths i:  65  65   1          . p:     119    4876 e: -97.6 r:   0.6   
US_Illinois_Cook=Deaths i:  66  66   2  3/29/2020 p:     518    4876 e: -89.4 r:   0.8   
US_Illinois_Cook=Deaths i:  67  67   3          . p:     370    4876 e: -92.4 r:   0.9   
US_Illinois_Cook=Deaths i:  68  68   4  3/31/2020 p:     814    4876 e: -83.3 r:   1.3   
US_Illinois_Cook=Deaths i:  69  69   5          . p:       0    4876 e: -100.0 r:   1.9   
US_Illinois_Cook=Deaths i:  70  70   6   4/2/2020 p:       0    4876 e: -100.0 r:   2.2   
US_Illinois_Cook=Deaths i:  72  72   8   4/4/2020 p:     370    4876 e: -92.4 r:   3.4   
US_Illinois_Cook=Deaths i:  73  73   9          . p:     222    4876 e: -95.4 r:   3.8   
US_Illinois_Cook=Deaths i:  74  74  10   4/6/2020 p:     370    4876 e: -92.4 r:   4.3   
US_Illinois_Cook=Deaths i:  75  75  11          . p:     442    4876 e: -90.9 r:   5.1   
US_Illinois_Cook=Deaths i:  76  76  12   4/8/2020 p:     962    4876 e: -80.3 r:   6.4   
US_Illinois_Cook=Deaths i:  77  77  13          . p:    1703    4876 e: -65.1 r:   7.2   
US_Illinois_Cook=Deaths i:  78  78  14  4/10/2020 p:    1851    4876 e: -62.0 r:   8.2   
US_Illinois_Cook=Deaths i:  79  79  15          . p:    2000    4876 e: -59.0 r:   9.3   
US_Illinois_Cook=Deaths i:  80  80  16  4/12/2020 p:     741    4876 e: -84.8 r:   9.9   
US_Illinois_Cook=Deaths i:  81  81  17          . p:    3598    4876 e: -26.2 r:  11.1   
US_Illinois_Cook=Deaths i:  82  82  18  4/14/2020 p:    1036    4876 e: -78.8 r:  11.8   
US_Illinois_Cook=Deaths i:  83  83  19          . p:    1022    4876 e: -79.0 r:  12.9   
US_Illinois_Cook=Deaths i:  84  84  20  4/16/2020 p:    1851    4876 e: -62.0 r:  14.8   
US_Illinois_Cook=Deaths i:  85  85  21          . p:    2000    4876 e: -59.0 r:  15.6   
US_Illinois_Cook=Deaths i:  86  86  22  4/18/2020 p:    2592    4876 e: -46.8 r:  17.6   
US_Illinois_Cook=Deaths i:  87  87  23          . p:    2740    4876 e: -43.8 r:  18.0   
US_Illinois_Cook=Deaths i:  88  88  24  4/20/2020 p:    2229    4876 e: -54.3 r:  18.8   
US_Illinois_Cook=Deaths i:  89  89  25          . p:    2142    4876 e: -56.1 r:  20.5   
US_Illinois_Cook=Deaths i:  90  90  26  4/22/2020 p:    2528    4876 e: -48.2 r:  22.0   
US_Illinois_Cook=Deaths i:  91  91  27          . p:    2592    4876 e: -46.8 r:  23.4   
US_Illinois_Cook=Deaths i:  92  92  28  4/24/2020 p:    2592    4876 e: -46.8 r:  25.0   
US_Illinois_Cook=Deaths i:  93  93  29          . p:    2592    4876 e: -46.8 r:  26.0   
US_Illinois_Cook=Deaths i:  94  94  30  4/26/2020 p:    2655    4876 e: -45.5 r:  26.9   
US_Illinois_Cook=Deaths i:  95  95  31          . p:    2580    4876 e: -47.1 r:  27.6   
US_Illinois_Cook=Deaths i:  96  96  32  4/28/2020 p:    2734    4876 e: -43.9 r:  29.9   
US_Illinois_Cook=Deaths i:  97  97  33          . p:    2860    4876 e: -41.3 r:  31.1   
US_Illinois_Cook=Deaths i:  98  98  34  4/30/2020 p:    2740    4876 e: -43.8 r:  33.0   
US_Illinois_Cook=Deaths i:  99  99  35          . p:    2888    4876 e: -40.8 r:  34.3   
US_Illinois_Cook=Deaths i: 100 100  36   5/2/2020 p:    2888    4876 e: -40.8 r:  35.7   
US_Illinois_Cook=Deaths i: 101 101  37          . p:    2957    4876 e: -39.4 r:  36.6   
US_Illinois_Cook=Deaths i: 102 102  38   5/4/2020 p:    2936    4876 e: -39.8 r:  37.0   
US_Illinois_Cook=Deaths i: 103 103  39          . p:    2990    4876 e: -38.7 r:  39.4   
US_Illinois_Cook=Deaths i: 104 104  40   5/6/2020 p:    3085    4876 e: -36.7 r:  41.1   
US_Illinois_Cook=Deaths i: 105 105  41          . p:    3185    4876 e: -34.7 r:  43.3   
US_Illinois_Cook=Deaths i: 106 106  42   5/8/2020 p:    3333    4876 e: -31.6 r:  45.1   
US_Illinois_Cook=Deaths i: 107 107  43          . p:    3481    4876 e: -28.6 r:  46.4   
US_Illinois_Cook=Deaths i: 108 108  44  5/10/2020 p:    3481    4876 e: -28.6 r:  47.5   
US_Illinois_Cook=Deaths i: 109 109  45          . p:    3497    4876 e: -28.3 r:  48.4   
US_Illinois_Cook=Deaths i: 110 110  46  5/12/2020 p:    3586    4876 e: -26.5 r:  50.2   
US_Illinois_Cook=Deaths i: 111 111  47          . p:    3777    4876 e: -22.5 r:  53.1   
US_Illinois_Cook=Deaths i: 112 112  48  5/14/2020 p:    3925    4876 e: -19.5 r:  54.9   
US_Illinois_Cook=Deaths i: 113 113  49          . p:    4074    4876 e: -16.4 r:  56.6   
US_Illinois_Cook=Deaths i: 114 114  50  5/16/2020 p:    4074    4876 e: -16.4 r:  57.7   
US_Illinois_Cook=Deaths i: 115 115  51          . p:    4065    4876 e: -16.6 r:  58.2   
US_Illinois_Cook=Deaths i: 116 116  52  5/18/2020 p:    4098    4876 e: -16.0 r:  59.2   
US_Illinois_Cook=Deaths i: 117   0  53          . p:    4188    4876 e: -14.1 r:  61.1 OK 1st
US_Illinois_Cook=Deaths i: 118   1  54  5/20/2020 p:    4213    4876 e: -13.6 r:  63.0 OK
US_Illinois_Cook=Deaths i: 119   2  55          . p:    4370    4876 e: -10.4 r:  63.9 OK
US_Illinois_Cook=Deaths i: 120   3  56  5/22/2020 p:    4370    4876 e: -10.4 r:  65.4 OK
US_Illinois_Cook=Deaths i: 121   4  57          . p:    4370    4876 e: -10.4 r:  66.6 OK
US_Illinois_Cook=Deaths i: 122   5  58  5/24/2020 p:    4370    4876 e: -10.4 r:  67.8 OK
US_Illinois_Cook=Deaths i: 123   6  59          . p:    4441    4876 e:  -8.9 r:  68.2 OK
US_Illinois_Cook=Deaths i: 124   7  60  5/26/2020 p:    4439    4876 e:  -9.0 r:  68.8 OK
US_Illinois_Cook=Deaths i: 125   8  61          . p:    4480    4876 e:  -8.1 r:  70.9 OK
US_Illinois_Cook=Deaths i: 126   9  62  5/28/2020 p:    4604    4876 e:  -5.6 r:  72.2 OK
US_Illinois_Cook=Deaths i: 127  10  63          . p:    4666    4876 e:  -4.3 r:  73.2 OK
US_Illinois_Cook=Deaths i: 128  11  64  5/30/2020 p:    4666    4876 e:  -4.3 r:  73.9 OK
US_Illinois_Cook=Deaths i: 129  12  65          . p:    4647    4876 e:  -4.7 r:  74.7 OK
US_Illinois_Cook=Deaths i: 130  13  66   6/1/2020 p:    4575    4876 e:  -6.2 r:  75.0 OK
US_Illinois_Cook=Deaths i: 131  14  67          . p:    4608    4876 e:  -5.5 r:  76.4 OK
US_Illinois_Cook=Deaths i: 132  15  68   6/3/2020 p:    4608    4876 e:  -5.5 r:  77.5 OK
US_Illinois_Cook=Deaths i: 133  16  69          . p:    4814    4876 e:  -1.3 r:  78.9 OK
US_Illinois_Cook=Deaths i: 134  17  70   6/5/2020 p:    4814    4876 e:  -1.3 r:  79.6 OK
US_Illinois_Cook=Deaths i: 135  18  71          . p:    4814    4876 e:  -1.3 r:  80.3 OK
US_Illinois_Cook=Deaths i: 136  19  72   6/7/2020 p:    5149    4876 e:   5.6 r:  80.9 OK
US_Illinois_Cook=Deaths i: 137  20  73          . p:    4800    4876 e:  -1.6 r:  81.2 OK
US_Illinois_Cook=Deaths i: 138  21  74   6/9/2020 p:    4803    4876 e:  -1.5 r:  82.2 OK
