
  # Process COVID TAB data
p1= 48669 il= 138
p1= 48669 il= 137
p1= 48669 il= 136
p1= 48669 il= 135
p1= 48669 il= 134
Netherlands=Confirmed nl = 139, n1= 5 s1= 48669 s2= 2368671561 SD= 0 frac%= 0
Netherlands=Confirmed i:  42  42   0   3/5/2020 p:     884   48669 e: -98.2 r:   0.2   
Netherlands=Confirmed i:  43  43   1          . p:    2654   48669 e: -94.5 r:   0.3   
Netherlands=Confirmed i:  44  44   2   3/7/2020 p:    2654   48669 e: -94.5 r:   0.4   
Netherlands=Confirmed i:  45  45   3          . p:     884   48669 e: -98.2 r:   0.5   
Netherlands=Confirmed i:  46  46   4   3/9/2020 p:     910   48669 e: -98.1 r:   0.7   
Netherlands=Confirmed i:  47  47   5          . p:     878   48669 e: -98.2 r:   0.8   
Netherlands=Confirmed i:  48  48   6  3/11/2020 p:    1525   48669 e: -96.9 r:   1.0   
Netherlands=Confirmed i:  49  49   7          . p:    2654   48669 e: -94.5 r:   1.3   
Netherlands=Confirmed i:  50  50   8  3/13/2020 p:    2654   48669 e: -94.5 r:   1.7   
Netherlands=Confirmed i:  51  51   9          . p:    4424   48669 e: -90.9 r:   2.0   
Netherlands=Confirmed i:  52  52  10  3/15/2020 p:    3550   48669 e: -92.7 r:   2.3   
Netherlands=Confirmed i:  53  53  11          . p:    6194   48669 e: -87.3 r:   2.9   
Netherlands=Confirmed i:  54  54  12  3/17/2020 p:    7964   48669 e: -83.6 r:   3.5   
Netherlands=Confirmed i:  55  55  13          . p:    9733   48669 e: -80.0 r:   4.2   
Netherlands=Confirmed i:  56  56  14  3/19/2020 p:   11503   48669 e: -76.4 r:   5.1   
Netherlands=Confirmed i:  57  57  15          . p:   16812   48669 e: -65.5 r:   6.2   
Netherlands=Confirmed i:  58  58  16  3/21/2020 p:   15043   48669 e: -69.1 r:   7.5   
Netherlands=Confirmed i:  59  59  17          . p:   18582   48669 e: -61.8 r:   8.6   
Netherlands=Confirmed i:  60  60  18  3/23/2020 p:   30971   48669 e: -36.4 r:   9.8   
Netherlands=Confirmed i:  61  61  19          . p:   25661   48669 e: -47.3 r:  11.4   
Netherlands=Confirmed i:  62  62  20  3/25/2020 p:   39820   48669 e: -18.2 r:  13.2   
Netherlands=Confirmed i:  63  63  21          . p:   98223   48669 e: 101.8 r:  15.3   
Netherlands=Confirmed i:  64  64  22  3/27/2020 p:   38050   48669 e: -21.8 r:  17.7   
Netherlands=Confirmed i:  65   0  23          . p:   43359   48669 e: -10.9 r:  20.1 OK 1st
Netherlands=Confirmed i:  66   1  24  3/29/2020 p:   50438   48669 e:   3.6 r:  22.3 OK
Netherlands=Confirmed i:  67   2  25          . p:   20352   48669 e: -58.2 r:  24.1   
Netherlands=Confirmed i:  68   3  26  3/31/2020 p:   74370   48669 e:  52.8 r:  25.9   
Netherlands=Confirmed i:  69   4  27          . p:   20517   48669 e: -57.8 r:  28.0   
Netherlands=Confirmed i:  70   5  28   4/2/2020 p:   24067   48669 e: -50.5 r:  30.2   
Netherlands=Confirmed i:  71   6  29          . p:   25661   48669 e: -47.3 r:  32.3   
Netherlands=Confirmed i:  72   7  30   4/4/2020 p:   26857   48669 e: -44.8 r:  34.2   
Netherlands=Confirmed i:  73   8  31          . p:   30043   48669 e: -38.3 r:  36.7   
Netherlands=Confirmed i:  74   9  32   4/6/2020 p:   31863   48669 e: -34.5 r:  38.6   
Netherlands=Confirmed i:  75  10  33          . p:   31727   48669 e: -34.8 r:  40.2   
Netherlands=Confirmed i:  76  11  34   4/8/2020 p:   32482   48669 e: -33.3 r:  42.2   
Netherlands=Confirmed i:  77  12  35          . p:   35366   48669 e: -27.3 r:  44.7   
Netherlands=Confirmed i:  78  13  36  4/10/2020 p:   38050   48669 e: -21.8 r:  47.5   
Netherlands=Confirmed i:  79  14  37          . p:   41589   48669 e: -14.5 r:  50.2 OK
Netherlands=Confirmed i:  80  15  38  4/12/2020 p:   43359   48669 e: -10.9 r:  52.6 OK
Netherlands=Confirmed i:  81  16  39          . p:   45129   48669 e:  -7.3 r:  54.6 OK
Netherlands=Confirmed i:  82  17  40  4/14/2020 p:   45515   48669 e:  -6.5 r:  56.3 OK
Netherlands=Confirmed i:  83  18  41          . p:   45597   48669 e:  -6.3 r:  57.8 OK
Netherlands=Confirmed i:  84  19  42  4/16/2020 p:   52435   48669 e:   7.7 r:  60.0 OK
Netherlands=Confirmed i:  85  20  43          . p:   46899   48669 e:  -3.6 r:  62.6 OK
Netherlands=Confirmed i:  86  21  44  4/18/2020 p:   48669   48669 e:   0.0 r:  64.9 OK
Netherlands=Confirmed i:  87  22  45          . p:   52208   48669 e:   7.3 r:  67.1 OK
Netherlands=Confirmed i:  88  23  46  4/20/2020 p:   52208   48669 e:   7.3 r:  68.6 OK
Netherlands=Confirmed i:  89  24  47          . p:   49848   48669 e:   2.4 r:  70.1 OK
Netherlands=Confirmed i:  90  25  48  4/22/2020 p:   49878   48669 e:   2.5 r:  71.6 OK
Netherlands=Confirmed i:  91  26  49          . p:   52331   48669 e:   7.5 r:  73.4 OK
Netherlands=Confirmed i:  92  27  50  4/24/2020 p:   52208   48669 e:   7.3 r:  75.1 OK
Netherlands=Confirmed i:  93  28  51          . p:   51861   48669 e:   6.6 r:  76.4 OK
Netherlands=Confirmed i:  94  29  52  4/26/2020 p:   50300   48669 e:   3.4 r:  77.8 OK
Netherlands=Confirmed i:  95  30  53          . p:   52002   48669 e:   6.8 r:  78.6 OK
Netherlands=Confirmed i:  96  31  54  4/28/2020 p:   51502   48669 e:   5.8 r:  78.9 OK
Netherlands=Confirmed i:  97  32  55          . p:   49449   48669 e:   1.6 r:  79.7 OK
Netherlands=Confirmed i:  98  33  56  4/30/2020 p:   48957   48669 e:   0.6 r:  80.8 OK
Netherlands=Confirmed i:  99  34  57          . p:   48669   48669 e:   0.0 r:  81.8 OK
Netherlands=Confirmed i: 100  35  58   5/2/2020 p:   48669   48669 e:   0.0 r:  82.7 OK
Netherlands=Confirmed i: 101  36  59          . p:   48669   48669 e:   0.0 r:  83.4 OK
Netherlands=Confirmed i: 102  37  60   5/4/2020 p:   48669   48669 e:   0.0 r:  83.8 OK
Netherlands=Confirmed i: 103  38  61          . p:   48935   48669 e:   0.5 r:  84.4 OK
Netherlands=Confirmed i: 104  39  62   5/6/2020 p:   47053   48669 e:  -3.3 r:  84.9 OK
Netherlands=Confirmed i: 105  40  63          . p:   46899   48669 e:  -3.6 r:  85.8 OK
Netherlands=Confirmed i: 106  41  64   5/8/2020 p:   46899   48669 e:  -3.6 r:  86.5 OK
Netherlands=Confirmed i: 107  42  65          . p:   46899   48669 e:  -3.6 r:  87.1 OK
Netherlands=Confirmed i: 108  43  66  5/10/2020 p:   46899   48669 e:  -3.6 r:  87.6 OK
Netherlands=Confirmed i: 109  44  67          . p:   46574   48669 e:  -4.3 r:  87.9 OK
Netherlands=Confirmed i: 110  45  68  5/12/2020 p:   46584   48669 e:  -4.3 r:  88.3 OK
Netherlands=Confirmed i: 111  46  69          . p:   45647   48669 e:  -6.2 r:  88.8 OK
Netherlands=Confirmed i: 112  47  70  5/14/2020 p:   46899   48669 e:  -3.6 r:  89.3 OK
Netherlands=Confirmed i: 113  48  71          . p:   46899   48669 e:  -3.6 r:  89.8 OK
Netherlands=Confirmed i: 114  49  72  5/16/2020 p:   46899   48669 e:  -3.6 r:  90.1 OK
Netherlands=Confirmed i: 115  50  73          . p:   46454   48669 e:  -4.6 r:  90.4 OK
Netherlands=Confirmed i: 116  51  74  5/18/2020 p:   46596   48669 e:  -4.3 r:  90.7 OK
Netherlands=Confirmed i: 117  52  75          . p:   46601   48669 e:  -4.2 r:  90.9 OK
Netherlands=Confirmed i: 118  53  76  5/20/2020 p:   46572   48669 e:  -4.3 r:  91.3 OK
Netherlands=Confirmed i: 119  54  77          . p:   46899   48669 e:  -3.6 r:  91.8 OK
Netherlands=Confirmed i: 120  55  78  5/22/2020 p:   46899   48669 e:  -3.6 r:  92.2 OK
Netherlands=Confirmed i: 121  56  79          . p:   46899   48669 e:  -3.6 r:  92.6 OK
Netherlands=Confirmed i: 122  57  80  5/24/2020 p:   46899   48669 e:  -3.6 r:  92.9 OK
Netherlands=Confirmed i: 123  58  81          . p:   46899   48669 e:  -3.6 r:  93.4 OK
Netherlands=Confirmed i: 124  59  82  5/26/2020 p:   46899   48669 e:  -3.6 r:  93.6 OK
Netherlands=Confirmed i: 125  60  83          . p:   46899   48669 e:  -3.6 r:  94.0 OK
Netherlands=Confirmed i: 126  61  84  5/28/2020 p:   46899   48669 e:  -3.6 r:  94.4 OK
Netherlands=Confirmed i: 127  62  85          . p:   46899   48669 e:  -3.6 r:  94.8 OK
Netherlands=Confirmed i: 128  63  86  5/30/2020 p:   46899   48669 e:  -3.6 r:  95.0 OK
Netherlands=Confirmed i: 129  64  87          . p:   46899   48669 e:  -3.6 r:  95.4 OK
Netherlands=Confirmed i: 130  65  88   6/1/2020 p:   48070   48669 e:  -1.2 r:  95.6 OK
Netherlands=Confirmed i: 131  66  89          . p:   48011   48669 e:  -1.4 r:  95.8 OK
Netherlands=Confirmed i: 132  67  90   6/3/2020 p:   47922   48669 e:  -1.5 r:  96.0 OK
Netherlands=Confirmed i: 133  68  91          . p:   48669   48669 e:   0.0 r:  96.5 OK
Netherlands=Confirmed i: 134  69  92   6/5/2020 p:   48669   48669 e:   0.0 r:  96.9 OK
Netherlands=Confirmed i: 135  70  93          . p:   48669   48669 e:   0.0 r:  97.3 OK
Netherlands=Confirmed i: 136  71  94   6/7/2020 p:   48669   48669 e:   0.0 r:  97.8 OK
Netherlands=Confirmed i: 137  72  95          . p:   48669   48669 e:   0.0 r:  98.1 OK
Netherlands=Confirmed i: 138  73  96   6/9/2020 p:   48669   48669 e:   0.0 r:  98.4 OK
