
  # Process COVID TAB data
p1= 1108 il= 138
p1= 1108 il= 137
p1= 1108 il= 136
p1= 1108 il= 135
p1= 1108 il= 134
US_New_Jersey_Middlesex=Deaths nl = 139, n1= 5 s1= 1108 s2= 1227664 SD= 0 frac%= 0
US_New_Jersey_Middlesex=Deaths i:  71  71   3          . p:     252    1108 e: -77.3 r:   5.1   
US_New_Jersey_Middlesex=Deaths i:  72  72   4   4/4/2020 p:     330    1108 e: -70.2 r:   6.9   
US_New_Jersey_Middlesex=Deaths i:  73  73   5          . p:     142    1108 e: -87.2 r:   7.2   
US_New_Jersey_Middlesex=Deaths i:  74  74   6   4/6/2020 p:      94    1108 e: -91.5 r:   7.9   
US_New_Jersey_Middlesex=Deaths i:  75  75   7          . p:     127    1108 e: -88.5 r:   9.0   
US_New_Jersey_Middlesex=Deaths i:  78  78  10  4/10/2020 p:     408    1108 e: -63.2 r:  15.2   
US_New_Jersey_Middlesex=Deaths i:  79  79  11          . p:     200    1108 e: -81.9 r:  16.0   
US_New_Jersey_Middlesex=Deaths i:  80  80  12  4/12/2020 p:     240    1108 e: -78.3 r:  17.4   
US_New_Jersey_Middlesex=Deaths i:  81  81  13          . p:     237    1108 e: -78.6 r:  18.4   
US_New_Jersey_Middlesex=Deaths i:  82  82  14  4/14/2020 p:     309    1108 e: -72.1 r:  19.5   
US_New_Jersey_Middlesex=Deaths i:  83  83  15          . p:     364    1108 e: -67.1 r:  22.4   
US_New_Jersey_Middlesex=Deaths i:  84  84  16  4/16/2020 p:     433    1108 e: -60.9 r:  25.1   
US_New_Jersey_Middlesex=Deaths i:  85  85  17          . p:     914    1108 e: -17.5 r:  27.9   
US_New_Jersey_Middlesex=Deaths i:  86  86  18  4/18/2020 p:     525    1108 e: -52.6 r:  28.2   
US_New_Jersey_Middlesex=Deaths i:  87  87  19          . p:     555    1108 e: -49.9 r:  29.7   
US_New_Jersey_Middlesex=Deaths i:  88  88  20  4/20/2020 p:     383    1108 e: -65.4 r:  31.1   
US_New_Jersey_Middlesex=Deaths i:  89  89  21          . p:     369    1108 e: -66.7 r:  31.1   
US_New_Jersey_Middlesex=Deaths i:  90  90  22  4/22/2020 p:     525    1108 e: -52.6 r:  33.3   
US_New_Jersey_Middlesex=Deaths i:  91  91  23          . p:     641    1108 e: -42.1 r:  35.7   
US_New_Jersey_Middlesex=Deaths i:  92  92  24  4/24/2020 p:     564    1108 e: -49.1 r:  37.3   
US_New_Jersey_Middlesex=Deaths i:  93  93  25          . p:     680    1108 e: -38.6 r:  38.9   
US_New_Jersey_Middlesex=Deaths i:  94  94  26  4/26/2020 p:     680    1108 e: -38.6 r:  39.9   
US_New_Jersey_Middlesex=Deaths i:  95  95  27          . p:     680    1108 e: -38.6 r:  41.1   
US_New_Jersey_Middlesex=Deaths i:  96  96  28  4/28/2020 p:     836    1108 e: -24.5 r:  46.5   
US_New_Jersey_Middlesex=Deaths i:  97  97  29          . p:     914    1108 e: -17.5 r:  47.9   
US_New_Jersey_Middlesex=Deaths i:  98  98  30  4/30/2020 p:    1731    1108 e:  56.2 r:  51.5   
US_New_Jersey_Middlesex=Deaths i:  99   0  31          . p:    1186    1108 e:   7.0 r:  53.3 OK 1st
US_New_Jersey_Middlesex=Deaths i: 100   1  32   5/2/2020 p:    1264    1108 e:  14.1 r:  55.8 OK
US_New_Jersey_Middlesex=Deaths i: 101   2  33          . p:     914    1108 e: -17.5 r:  57.7   
US_New_Jersey_Middlesex=Deaths i: 102   3  34   5/4/2020 p:     680    1108 e: -38.6 r:  57.9   
US_New_Jersey_Middlesex=Deaths i: 103   4  35          . p:     758    1108 e: -31.6 r:  60.2   
US_New_Jersey_Middlesex=Deaths i: 104   5  36   5/6/2020 p:    2003    1108 e:  80.8 r:  63.7   
US_New_Jersey_Middlesex=Deaths i: 105   6  37          . p:    1069    1108 e:  -3.5 r:  66.5 OK
US_New_Jersey_Middlesex=Deaths i: 106   7  38   5/8/2020 p:    1069    1108 e:  -3.5 r:  67.5 OK
US_New_Jersey_Middlesex=Deaths i: 107   8  39          . p:     991    1108 e: -10.6 r:  68.5 OK
US_New_Jersey_Middlesex=Deaths i: 108   9  40  5/10/2020 p:    1458    1108 e:  31.6 r:  71.6   
US_New_Jersey_Middlesex=Deaths i: 109  10  41          . p:    1794    1108 e:  61.9 r:  71.7   
US_New_Jersey_Middlesex=Deaths i: 110  11  42  5/12/2020 p:     993    1108 e: -10.4 r:  72.3 OK
US_New_Jersey_Middlesex=Deaths i: 111  12  43          . p:    1553    1108 e:  40.2 r:  73.9   
US_New_Jersey_Middlesex=Deaths i: 112  13  44  5/14/2020 p:    1005    1108 e:  -9.3 r:  75.9 OK
US_New_Jersey_Middlesex=Deaths i: 113  14  45          . p:    1069    1108 e:  -3.5 r:  78.1 OK
US_New_Jersey_Middlesex=Deaths i: 114  15  46  5/16/2020 p:    1380    1108 e:  24.5 r:  78.7   
US_New_Jersey_Middlesex=Deaths i: 115  16  47          . p:    1342    1108 e:  21.1 r:  79.8   
US_New_Jersey_Middlesex=Deaths i: 116  17  48  5/18/2020 p:    1285    1108 e:  16.0 r:  80.1   
US_New_Jersey_Middlesex=Deaths i: 117  18  49          . p:    1248    1108 e:  12.6 r:  81.5 OK
US_New_Jersey_Middlesex=Deaths i: 118  19  50  5/20/2020 p:    1030    1108 e:  -7.0 r:  82.4 OK
US_New_Jersey_Middlesex=Deaths i: 119  20  51          . p:    1069    1108 e:  -3.5 r:  83.1 OK
US_New_Jersey_Middlesex=Deaths i: 120  21  52  5/22/2020 p:    1069    1108 e:  -3.5 r:  84.4 OK
US_New_Jersey_Middlesex=Deaths i: 121  22  53          . p:    1069    1108 e:  -3.5 r:  85.0 OK
US_New_Jersey_Middlesex=Deaths i: 122  23  54  5/24/2020 p:    1069    1108 e:  -3.5 r:  86.2 OK
US_New_Jersey_Middlesex=Deaths i: 123  24  55          . p:    1059    1108 e:  -4.4 r:  86.2 OK
US_New_Jersey_Middlesex=Deaths i: 124  25  56  5/26/2020 p:    1054    1108 e:  -4.9 r:  86.6 OK
US_New_Jersey_Middlesex=Deaths i: 125  26  57          . p:    1051    1108 e:  -5.1 r:  87.0 OK
US_New_Jersey_Middlesex=Deaths i: 126  27  58  5/28/2020 p:    1040    1108 e:  -6.1 r:  87.4 OK
US_New_Jersey_Middlesex=Deaths i: 127  28  59          . p:    1030    1108 e:  -7.0 r:  87.7 OK
US_New_Jersey_Middlesex=Deaths i: 128  29  60  5/30/2020 p:    1052    1108 e:  -5.1 r:  89.3 OK
US_New_Jersey_Middlesex=Deaths i: 129  30  61          . p:    1064    1108 e:  -4.0 r:  89.7 OK
US_New_Jersey_Middlesex=Deaths i: 130  31  62   6/1/2020 p:    1069    1108 e:  -3.5 r:  89.9 OK
US_New_Jersey_Middlesex=Deaths i: 131  32  63          . p:    1069    1108 e:  -3.5 r:  90.0 OK
US_New_Jersey_Middlesex=Deaths i: 132  33  64   6/3/2020 p:    1069    1108 e:  -3.5 r:  90.6 OK
US_New_Jersey_Middlesex=Deaths i: 133  34  65          . p:    1069    1108 e:  -3.5 r:  91.6 OK
US_New_Jersey_Middlesex=Deaths i: 134  35  66   6/5/2020 p:    1108    1108 e:   0.0 r:  92.5 OK
US_New_Jersey_Middlesex=Deaths i: 135  36  67          . p:    1108    1108 e:   0.0 r:  93.1 OK
US_New_Jersey_Middlesex=Deaths i: 136  37  68   6/7/2020 p:    1108    1108 e:   0.0 r:  93.9 OK
US_New_Jersey_Middlesex=Deaths i: 137  38  69          . p:    1108    1108 e:   0.0 r:  94.1 OK
US_New_Jersey_Middlesex=Deaths i: 138  39  70   6/9/2020 p:    1108    1108 e:   0.0 r:  95.0 OK
