
  # Process COVID TAB data
p1= 8713 il= 138
p1= 8713 il= 137
p1= 8713 il= 136
p1= 8713 il= 135
p1= 8713 il= 134
Norway=Confirmed nl = 139, n1= 5 s1= 8713 s2= 75916369 SD= 0 frac%= 0
Norway=Confirmed i:  41  41  -1          . p:     155    8713 e: -98.2 r:   0.6   
Norway=Confirmed i:  42  42   0   3/5/2020 p:     158    8713 e: -98.2 r:   1.0   
Norway=Confirmed i:  43  43   1          . p:     475    8713 e: -94.5 r:   1.2   
Norway=Confirmed i:  44  44   2   3/7/2020 p:     475    8713 e: -94.5 r:   1.7   
Norway=Confirmed i:  45  45   3          . p:     475    8713 e: -94.5 r:   2.0   
Norway=Confirmed i:  46  46   4   3/9/2020 p:     339    8713 e: -96.1 r:   2.4   
Norway=Confirmed i:  50  50   8  3/13/2020 p:    4277    8713 e: -50.9 r:  11.4   
Norway=Confirmed i:  51  51   9          . p:    2376    8713 e: -72.7 r:  12.5   
Norway=Confirmed i:  52  52  10  3/15/2020 p:    1742    8713 e: -80.0 r:  14.0   
Norway=Confirmed i:  53  53  11          . p:    1742    8713 e: -80.0 r:  15.3   
Norway=Confirmed i:  54  54  12  3/17/2020 p:    1742    8713 e: -80.0 r:  16.8   
Norway=Confirmed i:  55  55  13          . p:    1842    8713 e: -78.9 r:  17.8   
Norway=Confirmed i:  56  56  14  3/19/2020 p:    6178    8713 e: -29.1 r:  20.0   
Norway=Confirmed i:  57  57  15          . p:    5227    8713 e: -40.0 r:  22.0   
Norway=Confirmed i:  58  58  16  3/21/2020 p:    4911    8713 e: -43.6 r:  24.3   
Norway=Confirmed i:  59  59  17          . p:    5227    8713 e: -40.0 r:  27.4   
Norway=Confirmed i:  60  60  18  3/23/2020 p:    5227    8713 e: -40.0 r:  30.1   
Norway=Confirmed i:  61  61  19          . p:    5544    8713 e: -36.4 r:  32.9   
Norway=Confirmed i:  62  62  20  3/25/2020 p:    5861    8713 e: -32.7 r:  35.4   
Norway=Confirmed i:  63  63  21          . p:    6178    8713 e: -29.1 r:  38.7   
Norway=Confirmed i:  64  64  22  3/27/2020 p:    6812    8713 e: -21.8 r:  43.1   
Norway=Confirmed i:  65   0  23          . p:    7445    8713 e: -14.6 r:  46.1 OK 1st
Norway=Confirmed i:  66   1  24  3/29/2020 p:    7762    8713 e: -10.9 r:  49.2 OK
Norway=Confirmed i:  67   2  25          . p:    8079    8713 e:  -7.3 r:  51.0 OK
Norway=Confirmed i:  68   3  26  3/31/2020 p:    8079    8713 e:  -7.3 r:  53.3 OK
Norway=Confirmed i:  69   4  27          . p:    8020    8713 e:  -8.0 r:  55.8 OK
Norway=Confirmed i:  70   5  28   4/2/2020 p:    8396    8713 e:  -3.6 r:  59.1 OK
Norway=Confirmed i:  71   6  29          . p:    8396    8713 e:  -3.6 r:  61.6 OK
Norway=Confirmed i:  72   7  30   4/4/2020 p:    8713    8713 e:   0.0 r:  63.7 OK
Norway=Confirmed i:  73   8  31          . p:    8488    8713 e:  -2.6 r:  65.3 OK
Norway=Confirmed i:  74   9  32   4/6/2020 p:    8473    8713 e:  -2.8 r:  67.3 OK
Norway=Confirmed i:  75  10  33          . p:    8691    8713 e:  -0.3 r:  69.8 OK
Norway=Confirmed i:  76  11  34   4/8/2020 p:    8495    8713 e:  -2.5 r:  70.6 OK
Norway=Confirmed i:  77  12  35          . p:    8496    8713 e:  -2.5 r:  71.3 OK
Norway=Confirmed i:  78  13  36  4/10/2020 p:    8300    8713 e:  -4.7 r:  72.5 OK
Norway=Confirmed i:  79  14  37          . p:    8240    8713 e:  -5.4 r:  73.6 OK
Norway=Confirmed i:  80  15  38  4/12/2020 p:    7128    8713 e: -18.2 r:  74.9   
Norway=Confirmed i:  81  16  39          . p:    8079    8713 e:  -7.3 r:  75.8 OK
Norway=Confirmed i:  82  17  40  4/14/2020 p:    7128    8713 e: -18.2 r:  76.0   
Norway=Confirmed i:  83  18  41          . p:    7204    8713 e: -17.3 r:  77.4   
Norway=Confirmed i:  84  19  42  4/16/2020 p:    7762    8713 e: -10.9 r:  79.1 OK
Norway=Confirmed i:  85  20  43          . p:    7762    8713 e: -10.9 r:  79.6 OK
Norway=Confirmed i:  86  21  44  4/18/2020 p:    7762    8713 e: -10.9 r:  80.8 OK
Norway=Confirmed i:  87  22  45          . p:    7658    8713 e: -12.1 r:  81.2 OK
Norway=Confirmed i:  88  23  46  4/20/2020 p:    7707    8713 e: -11.5 r:  82.1 OK
Norway=Confirmed i:  89  24  47          . p:    7837    8713 e: -10.1 r:  82.5 OK
Norway=Confirmed i:  90  25  48  4/22/2020 p:    7891    8713 e:  -9.4 r:  84.2 OK
Norway=Confirmed i:  91  26  49          . p:    8079    8713 e:  -7.3 r:  84.9 OK
Norway=Confirmed i:  92  27  50  4/24/2020 p:    8079    8713 e:  -7.3 r:  85.7 OK
Norway=Confirmed i:  93  28  51          . p:    8079    8713 e:  -7.3 r:  86.1 OK
Norway=Confirmed i:  94  29  52  4/26/2020 p:    7983    8713 e:  -8.4 r:  86.4 OK
Norway=Confirmed i:  95  30  53          . p:    8059    8713 e:  -7.5 r:  87.2 OK
Norway=Confirmed i:  96  31  54  4/28/2020 p:    8079    8713 e:  -7.3 r:  87.9 OK
Norway=Confirmed i:  97  32  55          . p:    8079    8713 e:  -7.3 r:  88.5 OK
Norway=Confirmed i:  98  33  56  4/30/2020 p:    8079    8713 e:  -7.3 r:  88.8 OK
Norway=Confirmed i:  99  34  57          . p:    8157    8713 e:  -6.4 r:  89.3 OK
Norway=Confirmed i: 100  35  58   5/2/2020 p:    8158    8713 e:  -6.4 r:  89.6 OK
Norway=Confirmed i: 101  36  59          . p:    8163    8713 e:  -6.3 r:  90.1 OK
Norway=Confirmed i: 102  37  60   5/4/2020 p:    8396    8713 e:  -3.6 r:  90.7 OK
Norway=Confirmed i: 103  38  61          . p:    8396    8713 e:  -3.6 r:  91.3 OK
Norway=Confirmed i: 104  39  62   5/6/2020 p:    8396    8713 e:  -3.6 r:  91.8 OK
Norway=Confirmed i: 105  40  63          . p:    8396    8713 e:  -3.6 r:  92.2 OK
Norway=Confirmed i: 106  41  64   5/8/2020 p:    8396    8713 e:  -3.6 r:  92.6 OK
Norway=Confirmed i: 107  42  65          . p:    8396    8713 e:  -3.6 r:  93.0 OK
Norway=Confirmed i: 108  43  66  5/10/2020 p:    8387    8713 e:  -3.7 r:  93.0 OK
Norway=Confirmed i: 109  44  67          . p:    8406    8713 e:  -3.5 r:  93.3 OK
Norway=Confirmed i: 110  45  68  5/12/2020 p:    8417    8713 e:  -3.4 r:  93.6 OK
Norway=Confirmed i: 111  46  69          . p:    8396    8713 e:  -3.6 r:  93.8 OK
Norway=Confirmed i: 112  47  70  5/14/2020 p:    8396    8713 e:  -3.6 r:  94.1 OK
Norway=Confirmed i: 113  48  71          . p:    8396    8713 e:  -3.6 r:  94.3 OK
Norway=Confirmed i: 114  49  72  5/16/2020 p:    8527    8713 e:  -2.1 r:  94.5 OK
Norway=Confirmed i: 115  50  73          . p:    8501    8713 e:  -2.4 r:  94.7 OK
Norway=Confirmed i: 116  51  74  5/18/2020 p:    8510    8713 e:  -2.3 r:  94.8 OK
Norway=Confirmed i: 117  52  75          . p:    8510    8713 e:  -2.3 r:  94.9 OK
Norway=Confirmed i: 118  53  76  5/20/2020 p:    8510    8713 e:  -2.3 r:  95.0 OK
Norway=Confirmed i: 119  54  77          . p:    8396    8713 e:  -3.6 r:  95.4 OK
Norway=Confirmed i: 120  55  78  5/22/2020 p:    8396    8713 e:  -3.6 r:  95.6 OK
Norway=Confirmed i: 121  56  79          . p:    8713    8713 e:   0.0 r:  95.8 OK
Norway=Confirmed i: 122  57  80  5/24/2020 p:    8713    8713 e:   0.0 r:  95.9 OK
Norway=Confirmed i: 123  58  81          . p:    8713    8713 e:   0.0 r:  96.0 OK
Norway=Confirmed i: 124  59  82  5/26/2020 p:    8713    8713 e:   0.0 r:  96.2 OK
Norway=Confirmed i: 125  60  83          . p:    8713    8713 e:   0.0 r:  96.4 OK
Norway=Confirmed i: 126  61  84  5/28/2020 p:    8713    8713 e:   0.0 r:  96.5 OK
Norway=Confirmed i: 127  62  85          . p:    8713    8713 e:   0.0 r:  96.7 OK
Norway=Confirmed i: 128  63  86  5/30/2020 p:    8713    8713 e:   0.0 r:  96.8 OK
Norway=Confirmed i: 129  64  87          . p:    8586    8713 e:  -1.5 r:  96.9 OK
Norway=Confirmed i: 130  65  88   6/1/2020 p:    8593    8713 e:  -1.4 r:  96.9 OK
Norway=Confirmed i: 131  66  89          . p:    8595    8713 e:  -1.4 r:  97.0 OK
Norway=Confirmed i: 132  67  90   6/3/2020 p:    8713    8713 e:   0.0 r:  97.3 OK
Norway=Confirmed i: 133  68  91          . p:    8713    8713 e:   0.0 r:  97.6 OK
Norway=Confirmed i: 134  69  92   6/5/2020 p:    8713    8713 e:   0.0 r:  97.8 OK
Norway=Confirmed i: 135  70  93          . p:    8713    8713 e:   0.0 r:  97.9 OK
Norway=Confirmed i: 136  71  94   6/7/2020 p:    8713    8713 e:   0.0 r:  98.1 OK
Norway=Confirmed i: 137  72  95          . p:    8713    8713 e:   0.0 r:  98.3 OK
Norway=Confirmed i: 138  73  96   6/9/2020 p:    8713    8713 e:   0.0 r:  98.4 OK
