
  # Process COVID TAB data
p1= 249 il= 138
p1= 174 il= 137
p1= 433 il= 136
p1= - il= 135
p1= 256 il= 134
US_California_Orange=Deaths nl = 139, n1= 5 s1= 222.4 s2= 69060.4 SD= 139.995142772883 frac%= 62.9474562827713
US_California_Orange=Deaths i:  69  69 -13          . p:      30     222 e: -86.5 r:   4.5   
US_California_Orange=Deaths i:  70  70 -12   4/2/2020 p:      58     222 e: -73.9 r:   5.8   
US_California_Orange=Deaths i:  71  71 -11          . p:      58     222 e: -73.9 r:   5.8   
US_California_Orange=Deaths i:  72  72 -10   4/4/2020 p:      14     222 e: -93.7 r:   6.3   
US_California_Orange=Deaths i:  73  73  -9          . p:      13     222 e: -94.2 r:   6.3   
US_California_Orange=Deaths i:  74  74  -8   4/6/2020 p:      13     222 e: -94.2 r:   6.3   
US_California_Orange=Deaths i:  75  75  -7          . p:      17     222 e: -92.4 r:   6.7   
US_California_Orange=Deaths i:  77  77  -5          . p:      17     222 e: -92.4 r:   7.6   
US_California_Orange=Deaths i:  78  78  -4  4/10/2020 p:      17     222 e: -92.4 r:   7.6   
US_California_Orange=Deaths i:  79  79  -3          . p:      17     222 e: -92.4 r:   8.1   
US_California_Orange=Deaths i:  80  80  -2  4/12/2020 p:      23     222 e: -89.7 r:   8.5   
US_California_Orange=Deaths i:  81  81  -1          . p:      17     222 e: -92.4 r:   8.5   
US_California_Orange=Deaths i:  82  82   0  4/14/2020 p:      20     222 e: -91.0 r:   8.5   
US_California_Orange=Deaths i:  87  87   5          . p:     481     222 e: 116.3 r:  14.4   
US_California_Orange=Deaths i:  88  88   6  4/20/2020 p:      30     222 e: -86.5 r:  14.8   
US_California_Orange=Deaths i:  89  89   7          . p:      30     222 e: -86.5 r:  14.8   
US_California_Orange=Deaths i:  90  90   8  4/22/2020 p:      37     222 e: -83.4 r:  15.3   
US_California_Orange=Deaths i:  91  91   9          . p:      44     222 e: -80.2 r:  16.2   
US_California_Orange=Deaths i:  92  92  10  4/24/2020 p:      37     222 e: -83.4 r:  16.2   
US_California_Orange=Deaths i:  93  93  11          . p:      44     222 e: -80.2 r:  17.1   
US_California_Orange=Deaths i:  94  94  12  4/26/2020 p:      44     222 e: -80.2 r:  17.5   
US_California_Orange=Deaths i:  95  95  13          . p:      44     222 e: -80.2 r:  17.5   
US_California_Orange=Deaths i:  96  96  14  4/28/2020 p:      58     222 e: -73.9 r:  18.9   
US_California_Orange=Deaths i:  97  97  15          . p:      64     222 e: -71.2 r:  19.8   
US_California_Orange=Deaths i:  98  98  16  4/30/2020 p:      64     222 e: -71.2 r:  20.2   
US_California_Orange=Deaths i:  99  99  17          . p:      78     222 e: -64.9 r:  22.5   
US_California_Orange=Deaths i: 100 100  18   5/2/2020 p:      85     222 e: -61.8 r:  23.4   
US_California_Orange=Deaths i: 101 101  19          . p:      92     222 e: -58.6 r:  23.4   
US_California_Orange=Deaths i: 102 102  20   5/4/2020 p:      99     222 e: -55.5 r:  25.6   
US_California_Orange=Deaths i: 103 103  21          . p:     167     222 e: -24.9 r:  31.0   
US_California_Orange=Deaths i: 104 104  22   5/6/2020 p:      64     222 e: -71.2 r:  29.2   
US_California_Orange=Deaths i: 105 105  23          . p:      64     222 e: -71.2 r:  29.7   
US_California_Orange=Deaths i: 106 106  24   5/8/2020 p:     187     222 e: -15.9 r:  31.9   
US_California_Orange=Deaths i: 107 107  25          . p:     180     222 e: -19.1 r:  33.3   
US_California_Orange=Deaths i: 108 108  26  5/10/2020 p:      78     222 e: -64.9 r:  34.2   
US_California_Orange=Deaths i: 109 109  27          . p:      78     222 e: -64.9 r:  34.2   
US_California_Orange=Deaths i: 110 110  28  5/12/2020 p:      78     222 e: -64.9 r:  34.6   
US_California_Orange=Deaths i: 111 111  29          . p:      85     222 e: -61.8 r:  36.0   
US_California_Orange=Deaths i: 112 112  30  5/14/2020 p:      85     222 e: -61.8 r:  36.0   
US_California_Orange=Deaths i: 113 113  31          . p:      92     222 e: -58.6 r:  37.8   
US_California_Orange=Deaths i: 114 114  32  5/16/2020 p:      99     222 e: -55.5 r:  38.7   
US_California_Orange=Deaths i: 115 115  33          . p:     105     222 e: -52.8 r:  39.6   
US_California_Orange=Deaths i: 116 116  34  5/18/2020 p:      99     222 e: -55.5 r:  39.6   
US_California_Orange=Deaths i: 117 117  35          . p:      99     222 e: -55.5 r:  39.6   
US_California_Orange=Deaths i: 118 118  36  5/20/2020 p:     155     222 e: -30.3 r:  44.1   
US_California_Orange=Deaths i: 119 119  37          . p:     454     222 e: 104.1 r:  50.4   
US_California_Orange=Deaths i: 120 120  38  5/22/2020 p:       0     222 e: -100.0 r:  53.1   
US_California_Orange=Deaths i: 121 121  39          . p:     358     222 e:  61.0 r:  58.5   
US_California_Orange=Deaths i: 122   0  40  5/24/2020 p:     208     222 e:  -6.5 r:  58.9 OK 1st
US_California_Orange=Deaths i: 123   1  41          . p:     133     222 e: -40.2 r:  59.8   
US_California_Orange=Deaths i: 124   2  42  5/26/2020 p:     133     222 e: -40.2 r:  58.9   
US_California_Orange=Deaths i: 125   3  43          . p:     140     222 e: -37.1 r:  61.2   
US_California_Orange=Deaths i: 126   4  44  5/28/2020 p:     153     222 e: -31.2 r:  63.8   
US_California_Orange=Deaths i: 127   5  45          . p:     153     222 e: -31.2 r:  65.2   
US_California_Orange=Deaths i: 128   6  46  5/30/2020 p:     153     222 e: -31.2 r:  65.6   
US_California_Orange=Deaths i: 129   7  47          . p:     153     222 e: -31.2 r:  66.1   
US_California_Orange=Deaths i: 130   8  48   6/1/2020 p:     153     222 e: -31.2 r:  66.1   
US_California_Orange=Deaths i: 131   9  49          . p:     153     222 e: -31.2 r:  67.4   
US_California_Orange=Deaths i: 132  10  50   6/3/2020 p:     180     222 e: -19.1 r:  71.0   
US_California_Orange=Deaths i: 133  11  51          . p:     358     222 e:  61.0 r:  74.2   
US_California_Orange=Deaths i: 134  12  52   6/5/2020 p:     256     222 e:  15.1 r:  78.2   
US_California_Orange=Deaths i: 135  13  53          . p:       0     222 e: -100.0 r:  79.1   
US_California_Orange=Deaths i: 136  14  54   6/7/2020 p:     433     222 e:  94.7 r:  79.6   
US_California_Orange=Deaths i: 137  15  55          . p:     174     222 e: -21.8 r:  79.6   
US_California_Orange=Deaths i: 138  16  56   6/9/2020 p:     249     222 e:  12.0 r:  83.2 OK
