
  # Process COVID TAB data
p1= 3509 il= 138
p1= 3509 il= 137
p1= 3509 il= 136
p1= 3444 il= 135
p1= 3444 il= 134
Italy_Sicilia=Confirmed nl = 139, n1= 5 s1= 3483 s2= 12132303 SD= 31.8433666561813 frac%= 0.914251124208479
Italy_Sicilia=Confirmed i:  43  43  -5          . p:      63    3483 e: -98.2 r:   0.7   
Italy_Sicilia=Confirmed i:  44  44  -4   3/7/2020 p:      63    3483 e: -98.2 r:   1.0   
Italy_Sicilia=Confirmed i:  45  45  -3          . p:     319    3483 e: -90.8 r:   1.5   
Italy_Sicilia=Confirmed i:  46  46  -2   3/9/2020 p:     191    3483 e: -94.5 r:   1.6   
Italy_Sicilia=Confirmed i:  47  47  -1          . p:      63    3483 e: -98.2 r:   1.8   
Italy_Sicilia=Confirmed i:  48  48   0  3/11/2020 p:     191    3483 e: -94.5 r:   2.4   
Italy_Sicilia=Confirmed i:  49  49   1          . p:     701    3483 e: -79.9 r:   3.3   
Italy_Sicilia=Confirmed i:  50  50   2  3/13/2020 p:     829    3483 e: -76.2 r:   3.7   
Italy_Sicilia=Confirmed i:  51  51   3          . p:     574    3483 e: -83.5 r:   4.5   
Italy_Sicilia=Confirmed i:  52  52   4  3/15/2020 p:     446    3483 e: -87.2 r:   5.4   
Italy_Sicilia=Confirmed i:  53  53   5          . p:     446    3483 e: -87.2 r:   6.1   
Italy_Sicilia=Confirmed i:  54  54   6  3/17/2020 p:    1339    3483 e: -61.6 r:   6.8   
Italy_Sicilia=Confirmed i:  55  55   7          . p:    1467    3483 e: -57.9 r:   8.1   
Italy_Sicilia=Confirmed i:  56   0   8  3/19/2020 p:    3636    3483 e:   4.4 r:   9.8 OK 1st
Italy_Sicilia=Confirmed i:  57   1   9          . p:    2743    3483 e: -21.2 r:  11.7   
Italy_Sicilia=Confirmed i:  58   2  10  3/21/2020 p:    4402    3483 e:  26.4 r:  14.1   
Italy_Sicilia=Confirmed i:  59   3  11          . p:   10272    3483 e: 194.9 r:  18.1   
Italy_Sicilia=Confirmed i:  60   4  12  3/23/2020 p:       0    3483 e: -100.0 r:  20.7   
Italy_Sicilia=Confirmed i:  61   5  13          . p:    9123    3483 e: 161.9 r:  24.3   
Italy_Sicilia=Confirmed i:  62   6  14  3/25/2020 p:    4147    3483 e:  19.1 r:  28.5   
Italy_Sicilia=Confirmed i:  63   7  15          . p:    7082    3483 e: 103.3 r:  33.4   
Italy_Sicilia=Confirmed i:  64   8  16  3/27/2020 p:    5295    3483 e:  52.0 r:  35.9   
Italy_Sicilia=Confirmed i:  65   9  17          . p:    2360    3483 e: -32.2 r:  39.0   
Italy_Sicilia=Confirmed i:  66  10  18  3/29/2020 p:    1850    3483 e: -46.9 r:  41.9   
Italy_Sicilia=Confirmed i:  67  11  19          . p:    1977    3483 e: -43.2 r:  44.6   
Italy_Sicilia=Confirmed i:  68  12  20  3/31/2020 p:    2233    3483 e: -35.9 r:  47.3   
Italy_Sicilia=Confirmed i:  69  13  21          . p:    2233    3483 e: -35.9 r:  49.3   
Italy_Sicilia=Confirmed i:  70  14  22   4/2/2020 p:    2233    3483 e: -35.9 r:  51.4   
Italy_Sicilia=Confirmed i:  71  15  23          . p:    2360    3483 e: -32.2 r:  53.4   
Italy_Sicilia=Confirmed i:  72  16  24   4/4/2020 p:    2374    3483 e: -31.8 r:  55.5   
Italy_Sicilia=Confirmed i:  73  17  25          . p:    2352    3483 e: -32.5 r:  57.2   
Italy_Sicilia=Confirmed i:  74  18  26   4/6/2020 p:    2391    3483 e: -31.4 r:  58.7   
Italy_Sicilia=Confirmed i:  75  19  27          . p:    2442    3483 e: -29.9 r:  60.2   
Italy_Sicilia=Confirmed i:  76  20  28   4/8/2020 p:    2469    3483 e: -29.1 r:  62.0   
Italy_Sicilia=Confirmed i:  77  21  29          . p:    2615    3483 e: -24.9 r:  64.1   
Italy_Sicilia=Confirmed i:  78  22  30  4/10/2020 p:    2615    3483 e: -24.9 r:  66.1   
Italy_Sicilia=Confirmed i:  79  23  31          . p:    2743    3483 e: -21.2 r:  67.9   
Italy_Sicilia=Confirmed i:  80  24  32  4/12/2020 p:    2743    3483 e: -21.2 r:  69.4   
Italy_Sicilia=Confirmed i:  81  25  33          . p:    2798    3483 e: -19.7 r:  70.6   
Italy_Sicilia=Confirmed i:  82  26  34  4/14/2020 p:    2822    3483 e: -19.0 r:  71.8   
Italy_Sicilia=Confirmed i:  83  27  35          . p:    2852    3483 e: -18.1 r:  72.8   
Italy_Sicilia=Confirmed i:  84  28  36  4/16/2020 p:    2889    3483 e: -17.1 r:  74.0   
Italy_Sicilia=Confirmed i:  85  29  37          . p:    2998    3483 e: -13.9 r:  75.4 OK
Italy_Sicilia=Confirmed i:  86  30  38  4/18/2020 p:    2998    3483 e: -13.9 r:  76.7 OK
Italy_Sicilia=Confirmed i:  87  31  39          . p:    2998    3483 e: -13.9 r:  78.0 OK
Italy_Sicilia=Confirmed i:  88  32  40  4/20/2020 p:    3126    3483 e: -10.2 r:  79.2 OK
Italy_Sicilia=Confirmed i:  89  33  41          . p:    3126    3483 e: -10.2 r:  81.4 OK
Italy_Sicilia=Confirmed i:  90  34  42  4/22/2020 p:    3126    3483 e: -10.2 r:  82.8 OK
Italy_Sicilia=Confirmed i:  91  35  43          . p:    3253    3483 e:  -6.6 r:  84.0 OK
Italy_Sicilia=Confirmed i:  92  36  44  4/24/2020 p:    3381    3483 e:  -2.9 r:  85.6 OK
Italy_Sicilia=Confirmed i:  93  37  45          . p:    3381    3483 e:  -2.9 r:  86.7 OK
Italy_Sicilia=Confirmed i:  94  38  46  4/26/2020 p:    3381    3483 e:  -2.9 r:  87.7 OK
Italy_Sicilia=Confirmed i:  95  39  47          . p:    3458    3483 e:  -0.7 r:  88.6 OK
Italy_Sicilia=Confirmed i:  96  40  48  4/28/2020 p:    3418    3483 e:  -1.9 r:  89.6 OK
Italy_Sicilia=Confirmed i:  97  41  49          . p:    3429    3483 e:  -1.6 r:  90.2 OK
Italy_Sicilia=Confirmed i:  98  42  50  4/30/2020 p:    3461    3483 e:  -0.6 r:  90.9 OK
Italy_Sicilia=Confirmed i:  99  43  51          . p:    3448    3483 e:  -1.0 r:  91.7 OK
Italy_Sicilia=Confirmed i: 100  44  52   5/2/2020 p:    3480    3483 e:  -0.1 r:  92.2 OK
Italy_Sicilia=Confirmed i: 101  45  53          . p:    3509    3483 e:   0.7 r:  93.0 OK
Italy_Sicilia=Confirmed i: 102  46  54   5/4/2020 p:    3494    3483 e:   0.3 r:  93.5 OK
Italy_Sicilia=Confirmed i: 103  47  55          . p:    3483    3483 e:   0.0 r:  93.8 OK
Italy_Sicilia=Confirmed i: 104  48  56   5/6/2020 p:    3486    3483 e:   0.1 r:  94.2 OK
Italy_Sicilia=Confirmed i: 105  49  57          . p:    3488    3483 e:   0.1 r:  94.4 OK
Italy_Sicilia=Confirmed i: 106  50  58   5/8/2020 p:    3491    3483 e:   0.2 r:  94.8 OK
Italy_Sicilia=Confirmed i: 107  51  59          . p:    3483    3483 e:   0.0 r:  95.1 OK
Italy_Sicilia=Confirmed i: 108  52  60  5/10/2020 p:    3509    3483 e:   0.7 r:  95.5 OK
Italy_Sicilia=Confirmed i: 109  53  61          . p:    3509    3483 e:   0.7 r:  95.9 OK
Italy_Sicilia=Confirmed i: 110  54  62  5/12/2020 p:    3480    3483 e:  -0.1 r:  96.0 OK
Italy_Sicilia=Confirmed i: 111  55  63          . p:    3492    3483 e:   0.3 r:  96.3 OK
Italy_Sicilia=Confirmed i: 112  56  64  5/14/2020 p:    3491    3483 e:   0.2 r:  96.6 OK
Italy_Sicilia=Confirmed i: 113  57  65          . p:    3509    3483 e:   0.7 r:  96.9 OK
Italy_Sicilia=Confirmed i: 114  58  66  5/16/2020 p:    3465    3483 e:  -0.5 r:  97.1 OK
Italy_Sicilia=Confirmed i: 115  59  67          . p:    3495    3483 e:   0.3 r:  97.3 OK
Italy_Sicilia=Confirmed i: 116  60  68  5/18/2020 p:    3496    3483 e:   0.4 r:  97.5 OK
Italy_Sicilia=Confirmed i: 117  61  69          . p:    3486    3483 e:   0.1 r:  97.7 OK
Italy_Sicilia=Confirmed i: 118  62  70  5/20/2020 p:    3509    3483 e:   0.7 r:  97.9 OK
Italy_Sicilia=Confirmed i: 119  63  71          . p:    3509    3483 e:   0.7 r:  98.1 OK
Italy_Sicilia=Confirmed i: 120  64  72  5/22/2020 p:    3495    3483 e:   0.3 r:  98.2 OK
Italy_Sicilia=Confirmed i: 121  65  73          . p:    3496    3483 e:   0.4 r:  98.2 OK
Italy_Sicilia=Confirmed i: 122  66  74  5/24/2020 p:    3496    3483 e:   0.4 r:  98.3 OK
Italy_Sicilia=Confirmed i: 123  67  75          . p:    3444    3483 e:  -1.1 r:  98.4 OK
Italy_Sicilia=Confirmed i: 124  68  76  5/26/2020 p:    3509    3483 e:   0.7 r:  98.5 OK
Italy_Sicilia=Confirmed i: 125  69  77          . p:    3509    3483 e:   0.7 r:  98.6 OK
Italy_Sicilia=Confirmed i: 126  70  78  5/28/2020 p:    3509    3483 e:   0.7 r:  98.7 OK
Italy_Sicilia=Confirmed i: 127  71  79          . p:    3509    3483 e:   0.7 r:  98.8 OK
Italy_Sicilia=Confirmed i: 128  72  80  5/30/2020 p:    3509    3483 e:   0.7 r:  98.8 OK
Italy_Sicilia=Confirmed i: 129  73  81          . p:    3492    3483 e:   0.3 r:  98.9 OK
Italy_Sicilia=Confirmed i: 130  74  82   6/1/2020 p:    3444    3483 e:  -1.1 r:  98.9 OK
Italy_Sicilia=Confirmed i: 131  75  83          . p:    3509    3483 e:   0.7 r:  99.0 OK
Italy_Sicilia=Confirmed i: 132  76  84   6/3/2020 p:    3509    3483 e:   0.7 r:  99.0 OK
Italy_Sicilia=Confirmed i: 133  77  85          . p:    3509    3483 e:   0.7 r:  99.0 OK
Italy_Sicilia=Confirmed i: 134  78  86   6/5/2020 p:    3444    3483 e:  -1.1 r:  99.0 OK
Italy_Sicilia=Confirmed i: 135  79  87          . p:    3444    3483 e:  -1.1 r:  99.1 OK
Italy_Sicilia=Confirmed i: 136  80  88   6/7/2020 p:    3509    3483 e:   0.7 r:  99.1 OK
Italy_Sicilia=Confirmed i: 137  81  89          . p:    3509    3483 e:   0.7 r:  99.1 OK
Italy_Sicilia=Confirmed i: 138  82  90   6/9/2020 p:    3509    3483 e:   0.7 r:  99.2 OK
