
  # Process COVID TAB data
p1= 5079 il= 138
p1= 5079 il= 137
p1= 4932 il= 136
p1= 4784 il= 135
p1= 4784 il= 134
US_California_Alameda=Confirmed nl = 139, n1= 5 s1= 4931.6 s2= 24338083.6 SD= 131.928162270226 frac%= 2.67515942635709
US_California_Alameda=Confirmed i:  49  49 -10          . p:     662    4931 e: -86.6 r:   0.1   
US_California_Alameda=Confirmed i:  50  50  -9  3/13/2020 p:      73    4931 e: -98.5 r:   0.1   
US_California_Alameda=Confirmed i:  52  52  -7  3/15/2020 p:     220    4931 e: -95.5 r:   0.2   
US_California_Alameda=Confirmed i:  56  56  -3  3/19/2020 p:      73    4931 e: -98.5 r:   0.8   
US_California_Alameda=Confirmed i:  57  57  -2          . p:      73    4931 e: -98.5 r:   1.0   
US_California_Alameda=Confirmed i:  58  58  -1  3/21/2020 p:     809    4931 e: -83.6 r:   1.4   
US_California_Alameda=Confirmed i:  59  59   0          . p:     368    4931 e: -92.5 r:   1.4   
US_California_Alameda=Confirmed i:  62  62   3  3/25/2020 p:     220    4931 e: -95.5 r:   2.7   
US_California_Alameda=Confirmed i:  63  63   4          . p:     368    4931 e: -92.5 r:   3.6   
US_California_Alameda=Confirmed i:  64  64   5  3/27/2020 p:     515    4931 e: -89.6 r:   4.5   
US_California_Alameda=Confirmed i:  65  65   6          . p:     515    4931 e: -89.6 r:   4.5   
US_California_Alameda=Confirmed i:  66  66   7  3/29/2020 p:     662    4931 e: -86.6 r:   5.5   
US_California_Alameda=Confirmed i:  67  67   8          . p:     515    4931 e: -89.6 r:   5.7   
US_California_Alameda=Confirmed i:  68  68   9  3/31/2020 p:     515    4931 e: -89.6 r:   6.3   
US_California_Alameda=Confirmed i:  69  69  10          . p:     368    4931 e: -92.5 r:   6.3   
US_California_Alameda=Confirmed i:  70  70  11   4/2/2020 p:     515    4931 e: -89.6 r:   7.3   
US_California_Alameda=Confirmed i:  71  71  12          . p:    1104    4931 e: -77.6 r:   9.0   
US_California_Alameda=Confirmed i:  72  72  13   4/4/2020 p:    1693    4931 e: -65.7 r:  10.2   
US_California_Alameda=Confirmed i:  73  73  14          . p:    1987    4931 e: -59.7 r:  11.5   
US_California_Alameda=Confirmed i:  74  74  15   4/6/2020 p:    2134    4931 e: -56.7 r:  11.9   
US_California_Alameda=Confirmed i:  75  75  16          . p:    2134    4931 e: -56.7 r:  12.9   
US_California_Alameda=Confirmed i:  76  76  17   4/8/2020 p:    2134    4931 e: -56.7 r:  13.7   
US_California_Alameda=Confirmed i:  77  77  18          . p:    1987    4931 e: -59.7 r:  14.6   
US_California_Alameda=Confirmed i:  78  78  19  4/10/2020 p:    1987    4931 e: -59.7 r:  15.5   
US_California_Alameda=Confirmed i:  79  79  20          . p:    1987    4931 e: -59.7 r:  16.3   
US_California_Alameda=Confirmed i:  80  80  21  4/12/2020 p:    1962    4931 e: -60.2 r:  17.1   
US_California_Alameda=Confirmed i:  81  81  22          . p:    1919    4931 e: -61.1 r:  18.0   
US_California_Alameda=Confirmed i:  82  82  23  4/14/2020 p:    1878    4931 e: -61.9 r:  18.8   
US_California_Alameda=Confirmed i:  83  83  24          . p:    1878    4931 e: -61.9 r:  19.5   
US_California_Alameda=Confirmed i:  84  84  25  4/16/2020 p:    1827    4931 e: -63.0 r:  20.4   
US_California_Alameda=Confirmed i:  85  85  26          . p:    1840    4931 e: -62.7 r:  21.6   
US_California_Alameda=Confirmed i:  86  86  27  4/18/2020 p:    1840    4931 e: -62.7 r:  22.6   
US_California_Alameda=Confirmed i:  87  87  28          . p:    1987    4931 e: -59.7 r:  23.6   
US_California_Alameda=Confirmed i:  88  88  29  4/20/2020 p:    1987    4931 e: -59.7 r:  24.2   
US_California_Alameda=Confirmed i:  89  89  30          . p:    1974    4931 e: -60.0 r:  25.2   
US_California_Alameda=Confirmed i:  90  90  31  4/22/2020 p:    1956    4931 e: -60.3 r:  25.2   
US_California_Alameda=Confirmed i:  91  91  32          . p:    2035    4931 e: -58.7 r:  27.4   
US_California_Alameda=Confirmed i:  92  92  33  4/24/2020 p:    2134    4931 e: -56.7 r:  28.4   
US_California_Alameda=Confirmed i:  93  93  34          . p:    2281    4931 e: -53.7 r:  29.2   
US_California_Alameda=Confirmed i:  94  94  35  4/26/2020 p:    2281    4931 e: -53.7 r:  29.8   
US_California_Alameda=Confirmed i:  95  95  36          . p:    2190    4931 e: -55.6 r:  30.4   
US_California_Alameda=Confirmed i:  96  96  37  4/28/2020 p:    2346    4931 e: -52.4 r:  31.1   
US_California_Alameda=Confirmed i:  97  97  38          . p:    2209    4931 e: -55.2 r:  31.8   
US_California_Alameda=Confirmed i:  98  98  39  4/30/2020 p:    2281    4931 e: -53.7 r:  32.5   
US_California_Alameda=Confirmed i:  99  99  40          . p:    2281    4931 e: -53.7 r:  33.2   
US_California_Alameda=Confirmed i: 100 100  41   5/2/2020 p:    2281    4931 e: -53.7 r:  34.6   
US_California_Alameda=Confirmed i: 101 101  42          . p:    2429    4931 e: -50.7 r:  35.5   
US_California_Alameda=Confirmed i: 102 102  43   5/4/2020 p:    2429    4931 e: -50.7 r:  36.0   
US_California_Alameda=Confirmed i: 103 103  44          . p:    2429    4931 e: -50.7 r:  36.7   
US_California_Alameda=Confirmed i: 104 104  45   5/6/2020 p:    2429    4931 e: -50.7 r:  37.8   
US_California_Alameda=Confirmed i: 105 105  46          . p:    2429    4931 e: -50.7 r:  38.9   
US_California_Alameda=Confirmed i: 106 106  47   5/8/2020 p:    2576    4931 e: -47.8 r:  39.8   
US_California_Alameda=Confirmed i: 107 107  48          . p:    2576    4931 e: -47.8 r:  41.0   
US_California_Alameda=Confirmed i: 108 108  49  5/10/2020 p:    2576    4931 e: -47.8 r:  41.9   
US_California_Alameda=Confirmed i: 109 109  50          . p:    2723    4931 e: -44.8 r:  42.6   
US_California_Alameda=Confirmed i: 110 110  51  5/12/2020 p:    2723    4931 e: -44.8 r:  43.3   
US_California_Alameda=Confirmed i: 111 111  52          . p:    2723    4931 e: -44.8 r:  44.2   
US_California_Alameda=Confirmed i: 112 112  53  5/14/2020 p:    2723    4931 e: -44.8 r:  45.3   
US_California_Alameda=Confirmed i: 113 113  54          . p:    2870    4931 e: -41.8 r:  46.5   
US_California_Alameda=Confirmed i: 114 114  55  5/16/2020 p:    2870    4931 e: -41.8 r:  47.7   
US_California_Alameda=Confirmed i: 115 115  56          . p:    3018    4931 e: -38.8 r:  48.5   
US_California_Alameda=Confirmed i: 116 116  57  5/18/2020 p:    3018    4931 e: -38.8 r:  49.8   
US_California_Alameda=Confirmed i: 117 117  58          . p:    3165    4931 e: -35.8 r:  51.1   
US_California_Alameda=Confirmed i: 118 118  59  5/20/2020 p:    3165    4931 e: -35.8 r:  51.9   
US_California_Alameda=Confirmed i: 119 119  60          . p:    3165    4931 e: -35.8 r:  52.9   
US_California_Alameda=Confirmed i: 120 120  61  5/22/2020 p:    3312    4931 e: -32.8 r:  54.9   
US_California_Alameda=Confirmed i: 121 121  62          . p:    3459    4931 e: -29.9 r:  56.0   
US_California_Alameda=Confirmed i: 122 122  63  5/24/2020 p:    3459    4931 e: -29.9 r:  57.7   
US_California_Alameda=Confirmed i: 123 123  64          . p:    3607    4931 e: -26.9 r:  58.3   
US_California_Alameda=Confirmed i: 124 124  65  5/26/2020 p:    3607    4931 e: -26.9 r:  60.5   
US_California_Alameda=Confirmed i: 125 125  66          . p:    3754    4931 e: -23.9 r:  61.8   
US_California_Alameda=Confirmed i: 126 126  67  5/28/2020 p:    3901    4931 e: -20.9 r:  62.8   
US_California_Alameda=Confirmed i: 127 127  68          . p:    3901    4931 e: -20.9 r:  64.8   
US_California_Alameda=Confirmed i: 128 128  69  5/30/2020 p:    4048    4931 e: -17.9 r:  66.7   
US_California_Alameda=Confirmed i: 129   0  70          . p:    4195    4931 e: -14.9 r:  68.7 OK 1st
US_California_Alameda=Confirmed i: 130   1  71   6/1/2020 p:    4343    4931 e: -11.9 r:  70.4 OK
US_California_Alameda=Confirmed i: 131   2  72          . p:    4490    4931 e:  -9.0 r:  71.3 OK
US_California_Alameda=Confirmed i: 132   3  73   6/3/2020 p:    4490    4931 e:  -9.0 r:  71.9 OK
US_California_Alameda=Confirmed i: 133   4  74          . p:    4637    4931 e:  -6.0 r:  73.8 OK
US_California_Alameda=Confirmed i: 134   5  75   6/5/2020 p:    4784    4931 e:  -3.0 r:  75.5 OK
US_California_Alameda=Confirmed i: 135   6  76          . p:    4784    4931 e:  -3.0 r:  77.2 OK
US_California_Alameda=Confirmed i: 136   7  77   6/7/2020 p:    4932    4931 e:   0.0 r:  78.6 OK
US_California_Alameda=Confirmed i: 137   8  78          . p:    5079    4931 e:   3.0 r:  80.0 OK
US_California_Alameda=Confirmed i: 138   9  79   6/9/2020 p:    5079    4931 e:   3.0 r:  80.8 OK
