
  # Process COVID TAB data
p1= 246 il= 138
p1= 238 il= 137
p1= 238 il= 136
p1= 238 il= 135
p1= 238 il= 134
US_Arizona_Pima=Deaths nl = 139, n1= 5 s1= 239.6 s2= 57418.4 SD= 3.20000000000082 frac%= 1.33555926544275
US_Arizona_Pima=Deaths i:  71  71  -8          . p:      58     239 e: -75.8 r:   4.6   
US_Arizona_Pima=Deaths i:  72  72  -7   4/4/2020 p:      33     239 e: -86.2 r:   4.6   
US_Arizona_Pima=Deaths i:  73  73  -6          . p:      12     239 e: -95.0 r:   5.0   
US_Arizona_Pima=Deaths i:  74  74  -5   4/6/2020 p:      12     239 e: -95.0 r:   5.4   
US_Arizona_Pima=Deaths i:  75  75  -4          . p:      11     239 e: -95.4 r:   5.4   
US_Arizona_Pima=Deaths i:  76  76  -3   4/8/2020 p:      21     239 e: -91.2 r:   6.7   
US_Arizona_Pima=Deaths i:  77  77  -2          . p:      19     239 e: -92.1 r:   6.7   
US_Arizona_Pima=Deaths i:  78  78  -1  4/10/2020 p:      19     239 e: -92.1 r:   6.7   
US_Arizona_Pima=Deaths i:  79  79   0          . p:      19     239 e: -92.1 r:   6.7   
US_Arizona_Pima=Deaths i:  83   0   4          . p:     238     239 e:  -0.7 r:  12.1 OK 1st
US_Arizona_Pima=Deaths i:  84   1   5  4/16/2020 p:      82     239 e: -65.8 r:  12.1   
US_Arizona_Pima=Deaths i:  85   2   6          . p:      74     239 e: -69.1 r:  12.1   
US_Arizona_Pima=Deaths i:  88   5   9  4/20/2020 p:      58     239 e: -75.8 r:  24.2   
US_Arizona_Pima=Deaths i:  89   6  10          . p:      74     239 e: -69.1 r:  27.1   
US_Arizona_Pima=Deaths i:  90   7  11  4/22/2020 p:      74     239 e: -69.1 r:  28.4   
US_Arizona_Pima=Deaths i:  91   8  12          . p:      74     239 e: -69.1 r:  29.2   
US_Arizona_Pima=Deaths i:  92   9  13  4/24/2020 p:      82     239 e: -65.8 r:  30.9   
US_Arizona_Pima=Deaths i:  93  10  14          . p:      82     239 e: -65.8 r:  31.7   
US_Arizona_Pima=Deaths i:  94  11  15  4/26/2020 p:      82     239 e: -65.8 r:  31.7   
US_Arizona_Pima=Deaths i:  95  12  16          . p:      82     239 e: -65.8 r:  31.7   
US_Arizona_Pima=Deaths i:  96  13  17  4/28/2020 p:      82     239 e: -65.8 r:  31.7   
US_Arizona_Pima=Deaths i:  97  14  18          . p:      82     239 e: -65.8 r:  33.4   
US_Arizona_Pima=Deaths i:  98  15  19  4/30/2020 p:      82     239 e: -65.8 r:  33.4   
US_Arizona_Pima=Deaths i:  99  16  20          . p:      82     239 e: -65.8 r:  33.8   
US_Arizona_Pima=Deaths i: 100  17  21   5/2/2020 p:      82     239 e: -65.8 r:  33.8   
US_Arizona_Pima=Deaths i: 101  18  22          . p:      80     239 e: -66.6 r:  33.8   
US_Arizona_Pima=Deaths i: 102  19  23   5/4/2020 p:      81     239 e: -66.2 r:  33.8   
US_Arizona_Pima=Deaths i: 103  20  24          . p:     170     239 e: -29.0 r:  43.8   
US_Arizona_Pima=Deaths i: 104  21  25   5/6/2020 p:     205     239 e: -14.4 r:  48.4 OK
US_Arizona_Pima=Deaths i: 105  22  26          . p:     215     239 e: -10.3 r:  49.2 OK
US_Arizona_Pima=Deaths i: 106  23  27   5/8/2020 p:     262     239 e:   9.3 r:  54.7 OK
US_Arizona_Pima=Deaths i: 107  24  28          . p:     277     239 e:  15.6 r:  55.5   
US_Arizona_Pima=Deaths i: 108  25  29  5/10/2020 p:     285     239 e:  18.9 r:  55.9   
US_Arizona_Pima=Deaths i: 109  26  30          . p:     137     239 e: -42.8 r:  55.9   
US_Arizona_Pima=Deaths i: 110  27  31  5/12/2020 p:     137     239 e: -42.8 r:  56.8   
US_Arizona_Pima=Deaths i: 111  28  32          . p:     270     239 e:  12.7 r:  60.1 OK
US_Arizona_Pima=Deaths i: 112  29  33  5/14/2020 p:     285     239 e:  18.9 r:  63.4   
US_Arizona_Pima=Deaths i: 113  30  34          . p:     285     239 e:  18.9 r:  64.7   
US_Arizona_Pima=Deaths i: 114  31  35  5/16/2020 p:     285     239 e:  18.9 r:  65.5   
US_Arizona_Pima=Deaths i: 115  32  36          . p:     285     239 e:  18.9 r:  65.5   
US_Arizona_Pima=Deaths i: 116  33  37  5/18/2020 p:     277     239 e:  15.6 r:  65.5   
US_Arizona_Pima=Deaths i: 117  34  38          . p:     158     239 e: -34.1 r:  65.9   
US_Arizona_Pima=Deaths i: 118  35  39  5/20/2020 p:     205     239 e: -14.4 r:  69.7 OK
US_Arizona_Pima=Deaths i: 119  36  40          . p:     270     239 e:  12.7 r:  72.6 OK
US_Arizona_Pima=Deaths i: 120  37  41  5/22/2020 p:     270     239 e:  12.7 r:  72.6 OK
US_Arizona_Pima=Deaths i: 121  38  42          . p:     262     239 e:   9.3 r:  72.2 OK
US_Arizona_Pima=Deaths i: 122  39  43  5/24/2020 p:     254     239 e:   6.0 r:  71.8 OK
US_Arizona_Pima=Deaths i: 123  40  44          . p:     172     239 e: -28.2 r:  72.2   
US_Arizona_Pima=Deaths i: 124  41  45  5/26/2020 p:     247     239 e:   3.1 r:  72.2 OK
US_Arizona_Pima=Deaths i: 125  42  46          . p:     242     239 e:   1.0 r:  73.0 OK
US_Arizona_Pima=Deaths i: 126  43  47  5/28/2020 p:     240     239 e:   0.2 r:  75.1 OK
US_Arizona_Pima=Deaths i: 127  44  48          . p:     238     239 e:  -0.7 r:  77.2 OK
US_Arizona_Pima=Deaths i: 128  45  49  5/30/2020 p:     223     239 e:  -6.9 r:  77.2 OK
US_Arizona_Pima=Deaths i: 129  46  50          . p:     223     239 e:  -6.9 r:  77.2 OK
US_Arizona_Pima=Deaths i: 130  47  51   6/1/2020 p:     199     239 e: -16.9 r:  77.2   
US_Arizona_Pima=Deaths i: 131  48  52          . p:     223     239 e:  -6.9 r:  79.7 OK
US_Arizona_Pima=Deaths i: 132  49  53   6/3/2020 p:     223     239 e:  -6.9 r:  81.8 OK
US_Arizona_Pima=Deaths i: 133  50  54          . p:     230     239 e:  -4.0 r:  84.3 OK
US_Arizona_Pima=Deaths i: 134  51  55   6/5/2020 p:     238     239 e:  -0.7 r:  84.3 OK
US_Arizona_Pima=Deaths i: 135  52  56          . p:     238     239 e:  -0.7 r:  85.6 OK
US_Arizona_Pima=Deaths i: 136  53  57   6/7/2020 p:     238     239 e:  -0.7 r:  85.6 OK
US_Arizona_Pima=Deaths i: 137  54  58          . p:     238     239 e:  -0.7 r:  85.6 OK
US_Arizona_Pima=Deaths i: 138  55  59   6/9/2020 p:     246     239 e:   2.7 r:  88.5 OK
