
  # Process COVID TAB data
p1= 16189 il= 138
p1= 15282 il= 137
p1= 14374 il= 136
p1= 13466 il= 135
p1= 12255 il= 134
Azerbaijan=Confirmed nl = 139, n1= 5 s1= 14313.2 s2= 206750660.4 SD= 1372.21214103359 frac%= 9.58703952319252
Azerbaijan=Confirmed i:  45  45 -17          . p:     150   14313 e: -99.0 r:   0.1   
Azerbaijan=Confirmed i:  50  50 -12  3/13/2020 p:     151   14313 e: -98.9 r:   0.1   
Azerbaijan=Confirmed i:  51  51 -11          . p:     151   14313 e: -98.9 r:   0.1   
Azerbaijan=Confirmed i:  52  52 -10  3/15/2020 p:     151   14313 e: -98.9 r:   0.2   
Azerbaijan=Confirmed i:  53  53  -9          . p:    1664   14313 e: -88.4 r:   0.2   
Azerbaijan=Confirmed i:  54  54  -8  3/17/2020 p:     151   14313 e: -98.9 r:   0.2   
Azerbaijan=Confirmed i:  55  55  -7          . p:     151   14313 e: -98.9 r:   0.2   
Azerbaijan=Confirmed i:  56  56  -6  3/19/2020 p:    3480   14313 e: -75.7 r:   0.3   
Azerbaijan=Confirmed i:  57  57  -5          . p:     151   14313 e: -98.9 r:   0.3   
Azerbaijan=Confirmed i:  58  58  -4  3/21/2020 p:     151   14313 e: -98.9 r:   0.4   
Azerbaijan=Confirmed i:  59  59  -3          . p:     151   14313 e: -98.9 r:   0.5   
Azerbaijan=Confirmed i:  60  60  -2  3/23/2020 p:     151   14313 e: -98.9 r:   0.5   
Azerbaijan=Confirmed i:  61  61  -1          . p:     151   14313 e: -98.9 r:   0.6   
Azerbaijan=Confirmed i:  62  62   0  3/25/2020 p:     151   14313 e: -98.9 r:   0.6   
Azerbaijan=Confirmed i:  63  63   1          . p:    1664   14313 e: -88.4 r:   0.9   
Azerbaijan=Confirmed i:  66  66   4  3/29/2020 p:     453   14313 e: -96.8 r:   1.5   
Azerbaijan=Confirmed i:  68  68   6  3/31/2020 p:    3782   14313 e: -73.6 r:   2.1   
Azerbaijan=Confirmed i:  69  69   7          . p:    4387   14313 e: -69.3 r:   2.5   
Azerbaijan=Confirmed i:  70  70   8   4/2/2020 p:    1059   14313 e: -92.6 r:   2.8   
Azerbaijan=Confirmed i:  71  71   9          . p:     756   14313 e: -94.7 r:   3.1   
Azerbaijan=Confirmed i:  72  72  10   4/4/2020 p:    1966   14313 e: -86.3 r:   3.6   
Azerbaijan=Confirmed i:  73  73  11          . p:    2572   14313 e: -82.0 r:   4.1   
Azerbaijan=Confirmed i:  74  74  12   4/6/2020 p:    2572   14313 e: -82.0 r:   4.5   
Azerbaijan=Confirmed i:  75  75  13          . p:    2874   14313 e: -79.9 r:   5.0   
Azerbaijan=Confirmed i:  76  76  14   4/8/2020 p:    5295   14313 e: -63.0 r:   5.7   
Azerbaijan=Confirmed i:  77  77  15          . p:    5295   14313 e: -63.0 r:   6.5   
Azerbaijan=Confirmed i:  78  78  16  4/10/2020 p:   11953   14313 e: -16.5 r:   6.9   
Azerbaijan=Confirmed i:  79  79  17          . p:    6203   14313 e: -56.7 r:   7.4   
Azerbaijan=Confirmed i:  80  80  18  4/12/2020 p:    1361   14313 e: -90.5 r:   7.7   
Azerbaijan=Confirmed i:  81  81  19          . p:    1361   14313 e: -90.5 r:   8.0   
Azerbaijan=Confirmed i:  82  82  20  4/14/2020 p:    1361   14313 e: -90.5 r:   8.4   
Azerbaijan=Confirmed i:  83  83  21          . p:    1664   14313 e: -88.4 r:   8.8   
Azerbaijan=Confirmed i:  84  84  22  4/16/2020 p:    1664   14313 e: -88.4 r:   9.0   
Azerbaijan=Confirmed i:  85  85  23          . p:    1664   14313 e: -88.4 r:   9.4   
Azerbaijan=Confirmed i:  86  86  24  4/18/2020 p:    1664   14313 e: -88.4 r:   9.6   
Azerbaijan=Confirmed i:  87  87  25          . p:    1664   14313 e: -88.4 r:   9.8   
Azerbaijan=Confirmed i:  88  88  26  4/20/2020 p:    1664   14313 e: -88.4 r:  10.0   
Azerbaijan=Confirmed i:  89  89  27          . p:    1664   14313 e: -88.4 r:  10.3   
Azerbaijan=Confirmed i:  90  90  28  4/22/2020 p:    1966   14313 e: -86.3 r:  10.6   
Azerbaijan=Confirmed i:  91  91  29          . p:    1966   14313 e: -86.3 r:  10.8   
Azerbaijan=Confirmed i:  92  92  30  4/24/2020 p:    1966   14313 e: -86.3 r:  11.1   
Azerbaijan=Confirmed i:  93  93  31          . p:    1869   14313 e: -86.9 r:  11.3   
Azerbaijan=Confirmed i:  94  94  32  4/26/2020 p:    1863   14313 e: -87.0 r:  11.5   
Azerbaijan=Confirmed i:  95  95  33          . p:    1916   14313 e: -86.6 r:  11.7   
Azerbaijan=Confirmed i:  96  96  34  4/28/2020 p:    1938   14313 e: -86.5 r:  12.0   
Azerbaijan=Confirmed i:  97  97  35          . p:    1966   14313 e: -86.3 r:  12.3   
Azerbaijan=Confirmed i:  98  98  36  4/30/2020 p:    1966   14313 e: -86.3 r:  12.6   
Azerbaijan=Confirmed i:  99  99  37          . p:    2269   14313 e: -84.1 r:  13.0   
Azerbaijan=Confirmed i: 100 100  38   5/2/2020 p:    2269   14313 e: -84.1 r:  13.2   
Azerbaijan=Confirmed i: 101 101  39          . p:    2269   14313 e: -84.1 r:  13.5   
Azerbaijan=Confirmed i: 102 102  40   5/4/2020 p:    2269   14313 e: -84.1 r:  13.9   
Azerbaijan=Confirmed i: 103 103  41          . p:    2269   14313 e: -84.1 r:  14.4   
Azerbaijan=Confirmed i: 104 104  42   5/6/2020 p:    2572   14313 e: -82.0 r:  14.9   
Azerbaijan=Confirmed i: 105 105  43          . p:    2572   14313 e: -82.0 r:  15.4   
Azerbaijan=Confirmed i: 106 106  44   5/8/2020 p:    2874   14313 e: -79.9 r:  15.9   
Azerbaijan=Confirmed i: 107 107  45          . p:    2874   14313 e: -79.9 r:  16.9   
Azerbaijan=Confirmed i: 108 108  46  5/10/2020 p:    3177   14313 e: -77.8 r:  17.6   
Azerbaijan=Confirmed i: 109 109  47          . p:    3480   14313 e: -75.7 r:  18.1   
Azerbaijan=Confirmed i: 110 110  48  5/12/2020 p:    3480   14313 e: -75.7 r:  18.8   
Azerbaijan=Confirmed i: 111 111  49          . p:    3782   14313 e: -73.6 r:  19.3   
Azerbaijan=Confirmed i: 112 112  50  5/14/2020 p:    3782   14313 e: -73.6 r:  20.1   
Azerbaijan=Confirmed i: 113 113  51          . p:    4085   14313 e: -71.5 r:  20.8   
Azerbaijan=Confirmed i: 114 114  52  5/16/2020 p:    4387   14313 e: -69.3 r:  21.9   
Azerbaijan=Confirmed i: 115 115  53          . p:    4690   14313 e: -67.2 r:  22.9   
Azerbaijan=Confirmed i: 116 116  54  5/18/2020 p:    4690   14313 e: -67.2 r:  23.7   
Azerbaijan=Confirmed i: 117 117  55          . p:    4993   14313 e: -65.1 r:  24.6   
Azerbaijan=Confirmed i: 118 118  56  5/20/2020 p:    5295   14313 e: -63.0 r:  25.4   
Azerbaijan=Confirmed i: 119 119  57          . p:    5598   14313 e: -60.9 r:  26.2   
Azerbaijan=Confirmed i: 120 120  58  5/22/2020 p:    5900   14313 e: -58.8 r:  26.9   
Azerbaijan=Confirmed i: 121 121  59          . p:    5900   14313 e: -58.8 r:  27.8   
Azerbaijan=Confirmed i: 122 122  60  5/24/2020 p:    6203   14313 e: -56.7 r:  28.8   
Azerbaijan=Confirmed i: 123 123  61          . p:    6506   14313 e: -54.5 r:  29.8   
Azerbaijan=Confirmed i: 124 124  62  5/26/2020 p:    6808   14313 e: -52.4 r:  30.8   
Azerbaijan=Confirmed i: 125 125  63          . p:    7111   14313 e: -50.3 r:  31.9   
Azerbaijan=Confirmed i: 126 126  64  5/28/2020 p:    7414   14313 e: -48.2 r:  33.2   
Azerbaijan=Confirmed i: 127 127  65          . p:    8019   14313 e: -44.0 r:  34.9   
Azerbaijan=Confirmed i: 128 128  66  5/30/2020 p:    8321   14313 e: -41.9 r:  36.7   
Azerbaijan=Confirmed i: 129 129  67          . p:    8927   14313 e: -37.6 r:  38.4   
Azerbaijan=Confirmed i: 130 130  68   6/1/2020 p:    9532   14313 e: -33.4 r:  39.6   
Azerbaijan=Confirmed i: 131 131  69          . p:   10137   14313 e: -29.2 r:  41.5   
Azerbaijan=Confirmed i: 132 132  70   6/3/2020 p:   10742   14313 e: -25.0 r:  43.7   
Azerbaijan=Confirmed i: 133 133  71          . p:   11650   14313 e: -18.6 r:  45.6   
Azerbaijan=Confirmed i: 134   0  72   6/5/2020 p:   12255   14313 e: -14.4 r:  47.9 OK 1st
Azerbaijan=Confirmed i: 135   1  73          . p:   13466   14313 e:  -5.9 r:  50.6 OK
Azerbaijan=Confirmed i: 136   2  74   6/7/2020 p:   14374   14313 e:   0.4 r:  52.8 OK
Azerbaijan=Confirmed i: 137   3  75          . p:   15282   14313 e:   6.8 r:  55.0 OK
Azerbaijan=Confirmed i: 138   4  76   6/9/2020 p:   16189   14313 e:  13.1 r:  57.2 OK
