
  # Process COVID TAB data
p1= 4110 il= 138
p1= 4110 il= 137
p1= 4110 il= 136
p1= 4110 il= 135
p1= 4110 il= 134
Luxembourg=Confirmed nl = 139, n1= 5 s1= 4110 s2= 16892100 SD= 0 frac%= 0
Luxembourg=Confirmed i:  46  46  -7   3/9/2020 p:      74    4110 e: -98.2 r:   0.1   
Luxembourg=Confirmed i:  47  47  -6          . p:      74    4110 e: -98.2 r:   0.1   
Luxembourg=Confirmed i:  48  48  -5  3/11/2020 p:    9940    4110 e: 141.8 r:   0.2   
Luxembourg=Confirmed i:  52  52  -1  3/15/2020 p:      74    4110 e: -98.2 r:   1.4   
Luxembourg=Confirmed i:  53  53   0          . p:      74    4110 e: -98.2 r:   1.9   
Luxembourg=Confirmed i:  54  54   1  3/17/2020 p:       0    4110 e: -100.0 r:   3.4   
Luxembourg=Confirmed i:  55  55   2          . p:    6651    4110 e:  61.8 r:   4.9   
Luxembourg=Confirmed i:  58  58   5  3/21/2020 p:    9790    4110 e: 138.2 r:  16.3   
Luxembourg=Confirmed i:  59  59   6          . p:    2316    4110 e: -43.6 r:  19.4   
Luxembourg=Confirmed i:  60  60   7  3/23/2020 p:    1121    4110 e: -72.7 r:  21.3   
Luxembourg=Confirmed i:  61  61   8          . p:    2017    4110 e: -50.9 r:  26.7   
Luxembourg=Confirmed i:  62  62   9  3/25/2020 p:    2765    4110 e: -32.7 r:  32.4   
Luxembourg=Confirmed i:  63  63  10          . p:    2615    4110 e: -36.4 r:  35.4   
Luxembourg=Confirmed i:  64  64  11  3/27/2020 p:    2615    4110 e: -36.4 r:  39.1   
Luxembourg=Confirmed i:  65  65  12          . p:    3064    4110 e: -25.5 r:  44.5   
Luxembourg=Confirmed i:  66  66  13  3/29/2020 p:    3064    4110 e: -25.5 r:  47.4   
Luxembourg=Confirmed i:  67  67  14          . p:    2914    4110 e: -29.1 r:  48.4   
Luxembourg=Confirmed i:  68  68  15  3/31/2020 p:    2914    4110 e: -29.1 r:  53.0   
Luxembourg=Confirmed i:  69  69  16          . p:    3213    4110 e: -21.8 r:  56.4   
Luxembourg=Confirmed i:  70  70  17   4/2/2020 p:    3213    4110 e: -21.8 r:  60.5   
Luxembourg=Confirmed i:  71  71  18          . p:    3363    4110 e: -18.2 r:  63.6   
Luxembourg=Confirmed i:  72   0  19   4/4/2020 p:    3512    4110 e: -14.5 r:  66.4 OK 1st
Luxembourg=Confirmed i:  73   1  20          . p:    3506    4110 e: -14.7 r:  68.2 OK
Luxembourg=Confirmed i:  74   2  21   4/6/2020 p:    3573    4110 e: -13.1 r:  69.2 OK
Luxembourg=Confirmed i:  75   3  22          . p:    3474    4110 e: -15.5 r:  72.3   
Luxembourg=Confirmed i:  76   4  23   4/8/2020 p:    3510    4110 e: -14.6 r:  73.8 OK
Luxembourg=Confirmed i:  77   5  24          . p:    3662    4110 e: -10.9 r:  75.8 OK
Luxembourg=Confirmed i:  78   6  25  4/10/2020 p:    3662    4110 e: -10.9 r:  78.4 OK
Luxembourg=Confirmed i:  79   7  26          . p:    3662    4110 e: -10.9 r:  79.6 OK
Luxembourg=Confirmed i:  80   8  27  4/12/2020 p:    3662    4110 e: -10.9 r:  79.8 OK
Luxembourg=Confirmed i:  81   9  28          . p:    3699    4110 e: -10.0 r:  80.1 OK
Luxembourg=Confirmed i:  82  10  29  4/14/2020 p:    3630    4110 e: -11.7 r:  80.5 OK
Luxembourg=Confirmed i:  83  11  30          . p:    3618    4110 e: -12.0 r:  82.1 OK
Luxembourg=Confirmed i:  84  12  31  4/16/2020 p:    3660    4110 e: -10.9 r:  83.8 OK
Luxembourg=Confirmed i:  85  13  32          . p:    3662    4110 e: -10.9 r:  84.7 OK
Luxembourg=Confirmed i:  86  14  33  4/18/2020 p:    3811    4110 e:  -7.3 r:  86.1 OK
Luxembourg=Confirmed i:  87  15  34          . p:    3811    4110 e:  -7.3 r:  86.4 OK
Luxembourg=Confirmed i:  88  16  35  4/20/2020 p:    3728    4110 e:  -9.3 r:  86.6 OK
Luxembourg=Confirmed i:  89  17  36          . p:    3811    4110 e:  -7.3 r:  88.0 OK
Luxembourg=Confirmed i:  90  18  37  4/22/2020 p:    3811    4110 e:  -7.3 r:  88.9 OK
Luxembourg=Confirmed i:  91  19  38          . p:    3811    4110 e:  -7.3 r:  89.2 OK
Luxembourg=Confirmed i:  92  20  39  4/24/2020 p:    3812    4110 e:  -7.3 r:  89.9 OK
Luxembourg=Confirmed i:  93  21  40          . p:    3877    4110 e:  -5.7 r:  90.3 OK
Luxembourg=Confirmed i:  94  22  41  4/26/2020 p:    3848    4110 e:  -6.4 r:  90.6 OK
Luxembourg=Confirmed i:  95  23  42          . p:    3854    4110 e:  -6.2 r:  90.7 OK
Luxembourg=Confirmed i:  96  24  43  4/28/2020 p:    3857    4110 e:  -6.2 r:  91.0 OK
Luxembourg=Confirmed i:  97  25  44          . p:    3857    4110 e:  -6.2 r:  91.7 OK
Luxembourg=Confirmed i:  98  26  45  4/30/2020 p:    3961    4110 e:  -3.6 r:  92.1 OK
Luxembourg=Confirmed i:  99  27  46          . p:    3961    4110 e:  -3.6 r:  92.5 OK
Luxembourg=Confirmed i: 100  28  47   5/2/2020 p:    3961    4110 e:  -3.6 r:  92.7 OK
Luxembourg=Confirmed i: 101  29  48          . p:    3961    4110 e:  -3.6 r:  93.0 OK
Luxembourg=Confirmed i: 102  30  49   5/4/2020 p:    3887    4110 e:  -5.4 r:  93.1 OK
Luxembourg=Confirmed i: 103  31  50          . p:    3891    4110 e:  -5.3 r:  93.4 OK
Luxembourg=Confirmed i: 104  32  51   5/6/2020 p:    3961    4110 e:  -3.6 r:  93.7 OK
Luxembourg=Confirmed i: 105  33  52          . p:    3961    4110 e:  -3.6 r:  93.9 OK
Luxembourg=Confirmed i: 106  34  53   5/8/2020 p:    3961    4110 e:  -3.6 r:  94.2 OK
Luxembourg=Confirmed i: 107  35  54          . p:    3944    4110 e:  -4.0 r:  94.3 OK
Luxembourg=Confirmed i: 108  36  55  5/10/2020 p:    3962    4110 e:  -3.6 r:  94.5 OK
Luxembourg=Confirmed i: 109  37  56          . p:    3974    4110 e:  -3.3 r:  94.6 OK
Luxembourg=Confirmed i: 110  38  57  5/12/2020 p:    3974    4110 e:  -3.3 r:  94.7 OK
Luxembourg=Confirmed i: 111  39  58          . p:    3961    4110 e:  -3.6 r:  95.0 OK
Luxembourg=Confirmed i: 112  40  59  5/14/2020 p:    3961    4110 e:  -3.6 r:  95.3 OK
Luxembourg=Confirmed i: 113  41  60          . p:    3961    4110 e:  -3.6 r:  95.5 OK
Luxembourg=Confirmed i: 114  42  61  5/16/2020 p:    3961    4110 e:  -3.6 r:  95.6 OK
Luxembourg=Confirmed i: 115  43  62          . p:    3961    4110 e:  -3.6 r:  96.0 OK
Luxembourg=Confirmed i: 116  44  63  5/18/2020 p:    3961    4110 e:  -3.6 r:  96.0 OK
Luxembourg=Confirmed i: 117  45  64          . p:    3961    4110 e:  -3.6 r:  96.3 OK
Luxembourg=Confirmed i: 118  46  65  5/20/2020 p:    4110    4110 e:   0.0 r:  96.6 OK
Luxembourg=Confirmed i: 119  47  66          . p:    4110    4110 e:   0.0 r:  96.8 OK
Luxembourg=Confirmed i: 120  48  67  5/22/2020 p:    4110    4110 e:   0.0 r:  96.9 OK
Luxembourg=Confirmed i: 121  49  68          . p:    4110    4110 e:   0.0 r:  97.1 OK
Luxembourg=Confirmed i: 122  50  69  5/24/2020 p:    4110    4110 e:   0.0 r:  97.1 OK
Luxembourg=Confirmed i: 123  51  70          . p:    4054    4110 e:  -1.4 r:  97.2 OK
Luxembourg=Confirmed i: 124  52  71  5/26/2020 p:    4035    4110 e:  -1.8 r:  97.2 OK
Luxembourg=Confirmed i: 125  53  72          . p:    4046    4110 e:  -1.6 r:  97.3 OK
Luxembourg=Confirmed i: 126  54  73  5/28/2020 p:    4110    4110 e:   0.0 r:  97.5 OK
Luxembourg=Confirmed i: 127  55  74          . p:    4110    4110 e:   0.0 r:  97.6 OK
Luxembourg=Confirmed i: 128  56  75  5/30/2020 p:    4110    4110 e:   0.0 r:  97.7 OK
Luxembourg=Confirmed i: 129  57  76          . p:    4110    4110 e:   0.0 r:  97.8 OK
Luxembourg=Confirmed i: 130  58  77   6/1/2020 p:    4110    4110 e:   0.0 r:  97.8 OK
Luxembourg=Confirmed i: 131  59  78          . p:    4054    4110 e:  -1.4 r:  97.8 OK
Luxembourg=Confirmed i: 132  60  79   6/3/2020 p:    4054    4110 e:  -1.4 r:  97.9 OK
Luxembourg=Confirmed i: 133  61  80          . p:    4110    4110 e:   0.0 r:  98.0 OK
Luxembourg=Confirmed i: 134  62  81   6/5/2020 p:    4110    4110 e:   0.0 r:  98.1 OK
Luxembourg=Confirmed i: 135  63  82          . p:    4110    4110 e:   0.0 r:  98.2 OK
Luxembourg=Confirmed i: 136  64  83   6/7/2020 p:    4110    4110 e:   0.0 r:  98.3 OK
Luxembourg=Confirmed i: 137  65  84          . p:    4110    4110 e:   0.0 r:  98.3 OK
Luxembourg=Confirmed i: 138  66  85   6/9/2020 p:    4110    4110 e:   0.0 r:  98.4 OK
