
  # Process COVID TAB data
p1= 3897 il= 138
p1= 3558 il= 137
p1= 2993 il= 136
p1= 3106 il= 135
p1= 3106 il= 134
Greece=Confirmed nl = 139, n1= 5 s1= 3332 s2= 11219698.8 SD= 342.745970071131 frac%= 10.2864936996138
Greece=Confirmed i:  40  40  -9   3/3/2020 p:      56    3332 e: -98.3 r:   0.2   
Greece=Confirmed i:  44  44  -5   3/7/2020 p:      56    3332 e: -98.3 r:   1.4   
Greece=Confirmed i:  45  45  -4          . p:     169    3332 e: -94.9 r:   2.2   
Greece=Confirmed i:  46  46  -3   3/9/2020 p:      56    3332 e: -98.3 r:   2.2   
Greece=Confirmed i:  47  47  -2          . p:     169    3332 e: -94.9 r:   2.7   
Greece=Confirmed i:  48  48  -1  3/11/2020 p:     169    3332 e: -94.9 r:   3.0   
Greece=Confirmed i:  49  49   0          . p:     117    3332 e: -96.5 r:   3.0   
Greece=Confirmed i:  50   0   1  3/13/2020 p:    2872    3332 e: -13.8 r:   5.7 OK 1st
Greece=Confirmed i:  51   1   2          . p:    5319    3332 e:  59.6 r:   6.8   
Greece=Confirmed i:  52   2   3  3/15/2020 p:       0    3332 e: -100.0 r:   9.9   
Greece=Confirmed i:  53   3   4          . p:     734    3332 e: -78.0 r:  10.8   
Greece=Confirmed i:  54   4   5  3/17/2020 p:     395    3332 e: -88.1 r:  11.6   
Greece=Confirmed i:  55   5   6          . p:     508    3332 e: -84.8 r:  12.5   
Greece=Confirmed i:  56   6   7  3/19/2020 p:     508    3332 e: -84.8 r:  13.7   
Greece=Confirmed i:  57   7   8          . p:     621    3332 e: -81.4 r:  14.9   
Greece=Confirmed i:  58   8   9  3/21/2020 p:     621    3332 e: -81.4 r:  15.9   
Greece=Confirmed i:  59   9  10          . p:    1412    3332 e: -57.6 r:  18.7   
Greece=Confirmed i:  60  10  11  3/23/2020 p:    1525    3332 e: -54.2 r:  20.9   
Greece=Confirmed i:  61  11  12          . p:    1525    3332 e: -54.2 r:  22.3   
Greece=Confirmed i:  62  12  13  3/25/2020 p:    1751    3332 e: -47.4 r:  24.6   
Greece=Confirmed i:  63  13  14          . p:    1864    3332 e: -44.1 r:  26.8   
Greece=Confirmed i:  64  14  15  3/27/2020 p:    1977    3332 e: -40.7 r:  29.0   
Greece=Confirmed i:  65  15  16          . p:    2203    3332 e: -33.9 r:  31.8   
Greece=Confirmed i:  66  16  17  3/29/2020 p:    2315    3332 e: -30.5 r:  34.7   
Greece=Confirmed i:  67  17  18          . p:    2428    3332 e: -27.1 r:  36.4   
Greece=Confirmed i:  68  18  19  3/31/2020 p:    2654    3332 e: -20.3 r:  39.4   
Greece=Confirmed i:  69  19  20          . p:    2880    3332 e: -13.6 r:  42.5 OK
Greece=Confirmed i:  70  20  21   4/2/2020 p:    3332    3332 e:   0.0 r:  46.3 OK
Greece=Confirmed i:  71  21  22          . p:    3445    3332 e:   3.4 r:  48.4 OK
Greece=Confirmed i:  72  22  23   4/4/2020 p:    3558    3332 e:   6.8 r:  50.2 OK
Greece=Confirmed i:  73  23  24          . p:    3515    3332 e:   5.5 r:  52.1 OK
Greece=Confirmed i:  74  24  25   4/6/2020 p:    3499    3332 e:   5.0 r:  52.7 OK
Greece=Confirmed i:  75  25  26          . p:    3346    3332 e:   0.4 r:  55.0 OK
Greece=Confirmed i:  76  26  27   4/8/2020 p:    3226    3332 e:  -3.2 r:  56.5 OK
Greece=Confirmed i:  77  27  28          . p:    3219    3332 e:  -3.4 r:  58.7 OK
Greece=Confirmed i:  78  28  29  4/10/2020 p:    3106    3332 e:  -6.8 r:  60.4 OK
Greece=Confirmed i:  79  29  30          . p:    3106    3332 e:  -6.8 r:  62.5 OK
Greece=Confirmed i:  80  30  31  4/12/2020 p:    3106    3332 e:  -6.8 r:  63.4 OK
Greece=Confirmed i:  81  31  32          . p:    3125    3332 e:  -6.2 r:  64.4 OK
Greece=Confirmed i:  82  32  33  4/14/2020 p:    3001    3332 e:  -9.9 r:  65.1 OK
Greece=Confirmed i:  83  33  34          . p:    3003    3332 e:  -9.9 r:  65.8 OK
Greece=Confirmed i:  84  34  35  4/16/2020 p:    2262    3332 e: -32.1 r:  66.2   
Greece=Confirmed i:  85  35  36          . p:    2796    3332 e: -16.1 r:  66.7   
Greece=Confirmed i:  86  36  37  4/18/2020 p:    2290    3332 e: -31.3 r:  67.1   
Greece=Confirmed i:  87  37  38          . p:    2259    3332 e: -32.2 r:  67.1   
Greece=Confirmed i:  88  38  39  4/20/2020 p:    2270    3332 e: -31.9 r:  67.4   
Greece=Confirmed i:  89  39  40          . p:    2716    3332 e: -18.5 r:  72.1   
Greece=Confirmed i:  90  40  41  4/22/2020 p:    2744    3332 e: -17.6 r:  72.3   
Greece=Confirmed i:  91  41  42          . p:    2801    3332 e: -15.9 r:  73.9   
Greece=Confirmed i:  92  42  43  4/24/2020 p:    2815    3332 e: -15.5 r:  74.7   
Greece=Confirmed i:  93  43  44          . p:    2815    3332 e: -15.5 r:  75.2   
Greece=Confirmed i:  94  44  45  4/26/2020 p:    2815    3332 e: -15.5 r:  75.5   
Greece=Confirmed i:  95  45  46          . p:    2815    3332 e: -15.5 r:  76.1   
Greece=Confirmed i:  96  46  47  4/28/2020 p:    2815    3332 e: -15.5 r:  77.0   
Greece=Confirmed i:  97  47  48          . p:    2767    3332 e: -17.0 r:  77.3   
Greece=Confirmed i:  98  48  49  4/30/2020 p:    2767    3332 e: -17.0 r:  77.8   
Greece=Confirmed i:  99  49  50          . p:    2767    3332 e: -17.0 r:  78.4   
Greece=Confirmed i: 100  50  51   5/2/2020 p:    2824    3332 e: -15.2 r:  78.6   
Greece=Confirmed i: 101  51  52          . p:    2815    3332 e: -15.5 r:  78.8   
Greece=Confirmed i: 102  52  53   5/4/2020 p:    2687    3332 e: -19.4 r:  79.0   
Greece=Confirmed i: 103  53  54          . p:    2687    3332 e: -19.4 r:  79.3   
Greece=Confirmed i: 104  54  55   5/6/2020 p:    2800    3332 e: -16.0 r:  79.9   
Greece=Confirmed i: 105  55  56          . p:    2767    3332 e: -17.0 r:  80.4   
Greece=Confirmed i: 106  56  57   5/8/2020 p:    2767    3332 e: -17.0 r:  80.8   
Greece=Confirmed i: 107  57  58          . p:    2767    3332 e: -17.0 r:  81.3   
Greece=Confirmed i: 108  58  59  5/10/2020 p:    2767    3332 e: -17.0 r:  81.5   
Greece=Confirmed i: 109  59  60          . p:    2767    3332 e: -17.0 r:  81.8   
Greece=Confirmed i: 110  60  61  5/12/2020 p:    2880    3332 e: -13.6 r:  82.4 OK
Greece=Confirmed i: 111  61  62          . p:    2880    3332 e: -13.6 r:  82.8 OK
Greece=Confirmed i: 112  62  63  5/14/2020 p:    2880    3332 e: -13.6 r:  83.1 OK
Greece=Confirmed i: 113  63  64          . p:    2880    3332 e: -13.6 r:  84.3 OK
Greece=Confirmed i: 114  64  65  5/16/2020 p:    2880    3332 e: -13.6 r:  84.6 OK
Greece=Confirmed i: 115  65  66          . p:    2880    3332 e: -13.6 r:  85.1 OK
Greece=Confirmed i: 116  66  67  5/18/2020 p:    2993    3332 e: -10.2 r:  85.1 OK
Greece=Confirmed i: 117  67  68          . p:    2993    3332 e: -10.2 r:  85.2 OK
Greece=Confirmed i: 118  68  69  5/20/2020 p:    2993    3332 e: -10.2 r:  85.5 OK
Greece=Confirmed i: 119  69  70          . p:    2993    3332 e: -10.2 r:  85.6 OK
Greece=Confirmed i: 120  70  71  5/22/2020 p:    2993    3332 e: -10.2 r:  86.3 OK
Greece=Confirmed i: 121  71  72          . p:    2993    3332 e: -10.2 r:  86.3 OK
Greece=Confirmed i: 122  72  73  5/24/2020 p:    2993    3332 e: -10.2 r:  86.4 OK
Greece=Confirmed i: 123  73  74          . p:    2993    3332 e: -10.2 r:  86.5 OK
Greece=Confirmed i: 124  74  75  5/26/2020 p:    2965    3332 e: -11.0 r:  86.8 OK
Greece=Confirmed i: 125  75  76          . p:    2993    3332 e: -10.2 r:  87.1 OK
Greece=Confirmed i: 126  76  77  5/28/2020 p:    2993    3332 e: -10.2 r:  87.2 OK
Greece=Confirmed i: 127  77  78          . p:    2993    3332 e: -10.2 r:  87.3 OK
Greece=Confirmed i: 128  78  79  5/30/2020 p:    2993    3332 e: -10.2 r:  87.5 OK
Greece=Confirmed i: 129  79  80          . p:    2970    3332 e: -10.9 r:  87.5 OK
Greece=Confirmed i: 130  80  81   6/1/2020 p:    2972    3332 e: -10.8 r:  87.6 OK
Greece=Confirmed i: 131  81  82          . p:    2993    3332 e: -10.2 r:  88.1 OK
Greece=Confirmed i: 132  82  83   6/3/2020 p:    2993    3332 e: -10.2 r:  88.1 OK
Greece=Confirmed i: 133  83  84          . p:    2993    3332 e: -10.2 r:  88.6 OK
Greece=Confirmed i: 134  84  85   6/5/2020 p:    3106    3332 e:  -6.8 r:  89.0 OK
Greece=Confirmed i: 135  85  86          . p:    3106    3332 e:  -6.8 r:  89.4 OK
Greece=Confirmed i: 136  86  87   6/7/2020 p:    2993    3332 e: -10.2 r:  89.9 OK
Greece=Confirmed i: 137  87  88          . p:    3558    3332 e:   6.8 r:  91.5 OK
Greece=Confirmed i: 138  88  89   6/9/2020 p:    3897    3332 e:  17.0 r:  91.8   
