
  # Process COVID TAB data
p1= 8579 il= 138
p1= 10912 il= 137
p1= 8361 il= 136
p1= 8361 il= 135
p1= 8361 il= 134
US_Pennsylvania_Montgomery=Confirmed nl = 139, n1= 5 s1= 8914.8 s2= 80477989.6 SD= 1002.16294084346 frac%= 11.2415639256456
US_Pennsylvania_Montgomery=Confirmed i:  51  51  -7          . p:     140    8914 e: -98.4 r:   0.2   
US_Pennsylvania_Montgomery=Confirmed i:  53  53  -5          . p:     228    8914 e: -97.4 r:   0.3   
US_Pennsylvania_Montgomery=Confirmed i:  54  54  -4  3/17/2020 p:     141    8914 e: -98.4 r:   0.4   
US_Pennsylvania_Montgomery=Confirmed i:  55  55  -3          . p:     425    8914 e: -95.2 r:   0.5   
US_Pennsylvania_Montgomery=Confirmed i:  56  56  -2  3/19/2020 p:    1558    8914 e: -82.5 r:   0.6   
US_Pennsylvania_Montgomery=Confirmed i:  57  57  -1          . p:     992    8914 e: -88.9 r:   0.8   
US_Pennsylvania_Montgomery=Confirmed i:  58  58   0  3/21/2020 p:     425    8914 e: -95.2 r:   0.9   
US_Pennsylvania_Montgomery=Confirmed i:  65  65   7          . p:     708    8914 e: -92.1 r:   4.6   
US_Pennsylvania_Montgomery=Confirmed i:  66  66   8  3/29/2020 p:     992    8914 e: -88.9 r:   5.5   
US_Pennsylvania_Montgomery=Confirmed i:  67  67   9          . p:     992    8914 e: -88.9 r:   6.1   
US_Pennsylvania_Montgomery=Confirmed i:  68  68  10  3/31/2020 p:     708    8914 e: -92.1 r:   6.4   
US_Pennsylvania_Montgomery=Confirmed i:  69  69  11          . p:     992    8914 e: -88.9 r:   7.3   
US_Pennsylvania_Montgomery=Confirmed i:  70  70  12   4/2/2020 p:    1275    8914 e: -85.7 r:   8.2   
US_Pennsylvania_Montgomery=Confirmed i:  71  71  13          . p:    1842    8914 e: -79.3 r:   9.8   
US_Pennsylvania_Montgomery=Confirmed i:  72  72  14   4/4/2020 p:    2692    8914 e: -69.8 r:  11.0   
US_Pennsylvania_Montgomery=Confirmed i:  73  73  15          . p:    3543    8914 e: -60.3 r:  12.5   
US_Pennsylvania_Montgomery=Confirmed i:  74  74  16   4/6/2020 p:    4393    8914 e: -50.7 r:  13.8   
US_Pennsylvania_Montgomery=Confirmed i:  75  75  17          . p:    4960    8914 e: -44.4 r:  15.2   
US_Pennsylvania_Montgomery=Confirmed i:  76  76  18   4/8/2020 p:    5527    8914 e: -38.0 r:  17.1   
US_Pennsylvania_Montgomery=Confirmed i:  77  77  19          . p:    6944    8914 e: -22.1 r:  19.0   
US_Pennsylvania_Montgomery=Confirmed i:  78   0  20  4/10/2020 p:    8644    8914 e:  -3.0 r:  21.2 OK 1st
US_Pennsylvania_Montgomery=Confirmed i:  79   1  21          . p:   10629    8914 e:  19.2 r:  23.0   
US_Pennsylvania_Montgomery=Confirmed i:  80   2  22  4/12/2020 p:   10345    8914 e:  16.0 r:  24.3   
US_Pennsylvania_Montgomery=Confirmed i:  81   3  23          . p:    6660    8914 e: -25.3 r:  25.6   
US_Pennsylvania_Montgomery=Confirmed i:  82   4  24  4/14/2020 p:    2657    8914 e: -70.2 r:  26.4   
US_Pennsylvania_Montgomery=Confirmed i:  83   5  25          . p:    2945    8914 e: -67.0 r:  27.8   
US_Pennsylvania_Montgomery=Confirmed i:  84   6  26  4/16/2020 p:    2946    8914 e: -67.0 r:  28.5   
US_Pennsylvania_Montgomery=Confirmed i:  85   7  27          . p:    6093    8914 e: -31.7 r:  30.1   
US_Pennsylvania_Montgomery=Confirmed i:  86   8  28  4/18/2020 p:    3543    8914 e: -60.3 r:  31.2   
US_Pennsylvania_Montgomery=Confirmed i:  87   9  29          . p:    3826    8914 e: -57.1 r:  32.7   
US_Pennsylvania_Montgomery=Confirmed i:  88  10  30  4/20/2020 p:    4109    8914 e: -53.9 r:  34.1   
US_Pennsylvania_Montgomery=Confirmed i:  89  11  31          . p:    4393    8914 e: -50.7 r:  35.4   
US_Pennsylvania_Montgomery=Confirmed i:  90  12  32  4/22/2020 p:    4393    8914 e: -50.7 r:  36.9   
US_Pennsylvania_Montgomery=Confirmed i:  91  13  33          . p:    4676    8914 e: -47.5 r:  38.1   
US_Pennsylvania_Montgomery=Confirmed i:  92  14  34  4/24/2020 p:    4960    8914 e: -44.4 r:  39.5   
US_Pennsylvania_Montgomery=Confirmed i:  93  15  35          . p:    5103    8914 e: -42.8 r:  40.7   
US_Pennsylvania_Montgomery=Confirmed i:  94  16  36  4/26/2020 p:    5445    8914 e: -38.9 r:  41.9   
US_Pennsylvania_Montgomery=Confirmed i:  95  17  37          . p:    5469    8914 e: -38.7 r:  42.8   
US_Pennsylvania_Montgomery=Confirmed i:  96  18  38  4/28/2020 p:    5810    8914 e: -34.8 r:  45.4   
US_Pennsylvania_Montgomery=Confirmed i:  97  19  39          . p:    5810    8914 e: -34.8 r:  46.9   
US_Pennsylvania_Montgomery=Confirmed i:  98  20  40  4/30/2020 p:    6093    8914 e: -31.7 r:  48.3   
US_Pennsylvania_Montgomery=Confirmed i:  99  21  41          . p:    6093    8914 e: -31.7 r:  49.4   
US_Pennsylvania_Montgomery=Confirmed i: 100  22  42   5/2/2020 p:    6272    8914 e: -29.6 r:  50.3   
US_Pennsylvania_Montgomery=Confirmed i: 101  23  43          . p:    6292    8914 e: -29.4 r:  51.1   
US_Pennsylvania_Montgomery=Confirmed i: 102  24  44   5/4/2020 p:    6350    8914 e: -28.8 r:  52.1   
US_Pennsylvania_Montgomery=Confirmed i: 103  25  45          . p:    6269    8914 e: -29.7 r:  52.6   
US_Pennsylvania_Montgomery=Confirmed i: 104  26  46   5/6/2020 p:    6377    8914 e: -28.5 r:  54.1   
US_Pennsylvania_Montgomery=Confirmed i: 105  27  47          . p:    6377    8914 e: -28.5 r:  55.1   
US_Pennsylvania_Montgomery=Confirmed i: 106  28  48   5/8/2020 p:    6660    8914 e: -25.3 r:  56.5   
US_Pennsylvania_Montgomery=Confirmed i: 107  29  49          . p:    6660    8914 e: -25.3 r:  57.4   
US_Pennsylvania_Montgomery=Confirmed i: 108  30  50  5/10/2020 p:    6660    8914 e: -25.3 r:  59.0   
US_Pennsylvania_Montgomery=Confirmed i: 109  31  51          . p:    6660    8914 e: -25.3 r:  59.4   
US_Pennsylvania_Montgomery=Confirmed i: 110  32  52  5/12/2020 p:    6944    8914 e: -22.1 r:  61.0   
US_Pennsylvania_Montgomery=Confirmed i: 111  33  53          . p:    6944    8914 e: -22.1 r:  61.8   
US_Pennsylvania_Montgomery=Confirmed i: 112  34  54  5/14/2020 p:    6944    8914 e: -22.1 r:  62.6   
US_Pennsylvania_Montgomery=Confirmed i: 113  35  55          . p:    6944    8914 e: -22.1 r:  63.9   
US_Pennsylvania_Montgomery=Confirmed i: 114  36  56  5/16/2020 p:    6944    8914 e: -22.1 r:  65.0   
US_Pennsylvania_Montgomery=Confirmed i: 115  37  57          . p:    8361    8914 e:  -6.2 r:  65.9 OK
US_Pennsylvania_Montgomery=Confirmed i: 116  38  58  5/18/2020 p:    7227    8914 e: -18.9 r:  67.4   
US_Pennsylvania_Montgomery=Confirmed i: 117  39  59          . p:    7227    8914 e: -18.9 r:  68.0   
US_Pennsylvania_Montgomery=Confirmed i: 118  40  60  5/20/2020 p:    7227    8914 e: -18.9 r:  69.0   
US_Pennsylvania_Montgomery=Confirmed i: 119  41  61          . p:    7511    8914 e: -15.7 r:  70.3   
US_Pennsylvania_Montgomery=Confirmed i: 120  42  62  5/22/2020 p:    7511    8914 e: -15.7 r:  71.4   
US_Pennsylvania_Montgomery=Confirmed i: 121  43  63          . p:    7511    8914 e: -15.7 r:  72.5   
US_Pennsylvania_Montgomery=Confirmed i: 122  44  64  5/24/2020 p:    7794    8914 e: -12.6 r:  73.2 OK
US_Pennsylvania_Montgomery=Confirmed i: 123  45  65          . p:    7659    8914 e: -14.1 r:  73.8 OK
US_Pennsylvania_Montgomery=Confirmed i: 124  46  66  5/26/2020 p:    7686    8914 e: -13.8 r:  74.0 OK
US_Pennsylvania_Montgomery=Confirmed i: 125  47  67          . p:    7753    8914 e: -13.0 r:  75.6 OK
US_Pennsylvania_Montgomery=Confirmed i: 126  48  68  5/28/2020 p:    7811    8914 e: -12.4 r:  76.4 OK
US_Pennsylvania_Montgomery=Confirmed i: 127  49  69          . p:    7794    8914 e: -12.6 r:  77.5 OK
US_Pennsylvania_Montgomery=Confirmed i: 128  50  70  5/30/2020 p:    8078    8914 e:  -9.4 r:  78.6 OK
US_Pennsylvania_Montgomery=Confirmed i: 129  51  71          . p:    8078    8914 e:  -9.4 r:  79.2 OK
US_Pennsylvania_Montgomery=Confirmed i: 130  52  72   6/1/2020 p:    8080    8914 e:  -9.4 r:  79.6 OK
US_Pennsylvania_Montgomery=Confirmed i: 131  53  73          . p:    8138    8914 e:  -8.7 r:  80.5 OK
US_Pennsylvania_Montgomery=Confirmed i: 132  54  74   6/3/2020 p:    9470    8914 e:   6.2 r:  81.2 OK
US_Pennsylvania_Montgomery=Confirmed i: 133  55  75          . p:    8361    8914 e:  -6.2 r:  82.5 OK
US_Pennsylvania_Montgomery=Confirmed i: 134  56  76   6/5/2020 p:    8361    8914 e:  -6.2 r:  83.2 OK
US_Pennsylvania_Montgomery=Confirmed i: 135  57  77          . p:    8361    8914 e:  -6.2 r:  84.6 OK
US_Pennsylvania_Montgomery=Confirmed i: 136  58  78   6/7/2020 p:    8361    8914 e:  -6.2 r:  85.0 OK
US_Pennsylvania_Montgomery=Confirmed i: 137  59  79          . p:   10912    8914 e:  22.4 r:  85.4   
US_Pennsylvania_Montgomery=Confirmed i: 138  60  80   6/9/2020 p:    8579    8914 e:  -3.8 r:  86.1 OK
