
  # Process COVID TAB data
p1= 179 il= 138
p1= 136 il= 137
p1= 124 il= 136
p1= 128 il= 135
p1= 96 il= 134
US_Michigan_Kent=Deaths nl = 139, n1= 5 s1= 132.6 s2= 18302.6 SD= 26.8298341403744 frac%= 20.2336607393472
US_Michigan_Kent=Deaths i:  73  73 -12          . p:       9     132 e: -93.2 r:   2.3   
US_Michigan_Kent=Deaths i:  76  76  -9   4/8/2020 p:     274     132 e: 106.6 r:   6.0   
US_Michigan_Kent=Deaths i:  77  77  -8          . p:      13     132 e: -90.2 r:   6.8   
US_Michigan_Kent=Deaths i:  78  78  -7  4/10/2020 p:     286     132 e: 115.7 r:   9.8   
US_Michigan_Kent=Deaths i:  79  79  -6          . p:      65     132 e: -51.0 r:   9.8   
US_Michigan_Kent=Deaths i:  80  80  -5  4/12/2020 p:      33     132 e: -75.1 r:   9.8   
US_Michigan_Kent=Deaths i:  81  81  -4          . p:      21     132 e: -84.2 r:   9.8   
US_Michigan_Kent=Deaths i:  82  82  -3  4/14/2020 p:      13     132 e: -90.2 r:  10.6   
US_Michigan_Kent=Deaths i:  83  83  -2          . p:      17     132 e: -87.2 r:  12.1   
US_Michigan_Kent=Deaths i:  84  84  -1  4/16/2020 p:      17     132 e: -87.2 r:  12.1   
US_Michigan_Kent=Deaths i:  85  85   0          . p:      33     132 e: -75.1 r:  15.1   
US_Michigan_Kent=Deaths i:  86  86   1  4/18/2020 p:      41     132 e: -69.1 r:  17.3   
US_Michigan_Kent=Deaths i:  87  87   2          . p:      45     132 e: -66.1 r:  18.9   
US_Michigan_Kent=Deaths i:  88  88   3  4/20/2020 p:      25     132 e: -81.1 r:  18.1   
US_Michigan_Kent=Deaths i:  89  89   4          . p:      41     132 e: -69.1 r:  18.9   
US_Michigan_Kent=Deaths i:  90  90   5  4/22/2020 p:      41     132 e: -69.1 r:  18.9   
US_Michigan_Kent=Deaths i:  91  91   6          . p:      37     132 e: -72.1 r:  20.4   
US_Michigan_Kent=Deaths i:  92  92   7  4/24/2020 p:      41     132 e: -69.1 r:  21.9   
US_Michigan_Kent=Deaths i:  93  93   8          . p:      45     132 e: -66.1 r:  24.1   
US_Michigan_Kent=Deaths i:  94  94   9  4/26/2020 p:      45     132 e: -66.1 r:  24.1   
US_Michigan_Kent=Deaths i:  95  95  10          . p:      49     132 e: -63.0 r:  25.6   
US_Michigan_Kent=Deaths i:  96  96  11  4/28/2020 p:      45     132 e: -66.1 r:  25.6   
US_Michigan_Kent=Deaths i:  97  97  12          . p:      45     132 e: -66.1 r:  24.9   
US_Michigan_Kent=Deaths i:  98  98  13  4/30/2020 p:      33     132 e: -75.1 r:  24.9   
US_Michigan_Kent=Deaths i:  99  99  14          . p:      43     132 e: -67.6 r:  27.1   
US_Michigan_Kent=Deaths i: 100 100  15   5/2/2020 p:      46     132 e: -65.3 r:  27.1   
US_Michigan_Kent=Deaths i: 101 101  16          . p:      48     132 e: -63.8 r:  29.4   
US_Michigan_Kent=Deaths i: 102 102  17   5/4/2020 p:      49     132 e: -63.0 r:  29.4   
US_Michigan_Kent=Deaths i: 103 103  18          . p:      50     132 e: -62.3 r:  30.2   
US_Michigan_Kent=Deaths i: 104 104  19   5/6/2020 p:      47     132 e: -64.6 r:  30.2   
US_Michigan_Kent=Deaths i: 105 105  20          . p:      48     132 e: -63.8 r:  30.9   
US_Michigan_Kent=Deaths i: 106 106  21   5/8/2020 p:      48     132 e: -63.8 r:  30.9   
US_Michigan_Kent=Deaths i: 107 107  22          . p:      46     132 e: -65.3 r:  30.9   
US_Michigan_Kent=Deaths i: 108 108  23  5/10/2020 p:      48     132 e: -63.8 r:  30.9   
US_Michigan_Kent=Deaths i: 109 109  24          . p:      45     132 e: -66.1 r:  31.7   
US_Michigan_Kent=Deaths i: 110 110  25  5/12/2020 p:      50     132 e: -62.3 r:  33.9   
US_Michigan_Kent=Deaths i: 111 111  26          . p:      53     132 e: -60.0 r:  35.4   
US_Michigan_Kent=Deaths i: 112 112  27  5/14/2020 p:      53     132 e: -60.0 r:  36.2   
US_Michigan_Kent=Deaths i: 115 115  30          . p:      57     132 e: -57.0 r:  41.5   
US_Michigan_Kent=Deaths i: 116 116  31  5/18/2020 p:      57     132 e: -57.0 r:  42.2   
US_Michigan_Kent=Deaths i: 117 117  32          . p:      65     132 e: -51.0 r:  43.7   
US_Michigan_Kent=Deaths i: 118 118  33  5/20/2020 p:      69     132 e: -48.0 r:  45.2   
US_Michigan_Kent=Deaths i: 119 119  34          . p:      80     132 e: -39.7 r:  46.8   
US_Michigan_Kent=Deaths i: 120   0  35  5/22/2020 p:     116     132 e: -12.5 r:  49.0 OK 1st
US_Michigan_Kent=Deaths i: 121   1  36          . p:     124     132 e:  -6.5 r:  50.5 OK
US_Michigan_Kent=Deaths i: 122   2  37  5/24/2020 p:     116     132 e: -12.5 r:  50.5 OK
US_Michigan_Kent=Deaths i: 123   3  38          . p:      69     132 e: -48.0 r:  51.3   
US_Michigan_Kent=Deaths i: 124   4  39  5/26/2020 p:     128     132 e:  -3.5 r:  54.3 OK
US_Michigan_Kent=Deaths i: 125   5  40          . p:     175     132 e:  32.0 r:  57.3   
US_Michigan_Kent=Deaths i: 126   6  41  5/28/2020 p:     286     132 e: 115.7 r:  59.6   
US_Michigan_Kent=Deaths i: 127   7  42          . p:      92     132 e: -30.6 r:  60.3   
US_Michigan_Kent=Deaths i: 128   8  43  5/30/2020 p:     132     132 e:  -0.5 r:  63.3 OK
US_Michigan_Kent=Deaths i: 129   9  44          . p:     104     132 e: -21.6 r:  64.1   
US_Michigan_Kent=Deaths i: 130  10  45   6/1/2020 p:     132     132 e:  -0.5 r:  67.1 OK
US_Michigan_Kent=Deaths i: 131  11  46          . p:     231     132 e:  74.2 r:  70.1   
US_Michigan_Kent=Deaths i: 132  12  47   6/3/2020 p:     159     132 e:  19.9 r:  70.1   
US_Michigan_Kent=Deaths i: 133  13  48          . p:     132     132 e:  -0.5 r:  71.6 OK
US_Michigan_Kent=Deaths i: 134  14  49   6/5/2020 p:      96     132 e: -27.6 r:  72.4   
US_Michigan_Kent=Deaths i: 135  15  50          . p:     128     132 e:  -3.5 r:  75.4 OK
US_Michigan_Kent=Deaths i: 136  16  51   6/7/2020 p:     124     132 e:  -6.5 r:  76.2 OK
US_Michigan_Kent=Deaths i: 137  17  52          . p:     136     132 e:   2.6 r:  78.4 OK
US_Michigan_Kent=Deaths i: 138  18  53   6/9/2020 p:     179     132 e:  35.0 r:  80.7   
