
  # Process COVID TAB data
p1= 3318 il= 138
p1= 3318 il= 137
p1= 3318 il= 136
p1= 3318 il= 135
p1= 3318 il= 134
Italy_Abruzzo=Confirmed nl = 139, n1= 5 s1= 3318 s2= 11009124 SD= 0 frac%= 0
Italy_Abruzzo=Confirmed i:  43  43  -7          . p:      60    3318 e: -98.2 r:   0.3   
Italy_Abruzzo=Confirmed i:  44  44  -6   3/7/2020 p:      60    3318 e: -98.2 r:   0.3   
Italy_Abruzzo=Confirmed i:  45  45  -5          . p:      60    3318 e: -98.2 r:   0.5   
Italy_Abruzzo=Confirmed i:  46  46  -4   3/9/2020 p:    2473    3318 e: -25.5 r:   0.9   
Italy_Abruzzo=Confirmed i:  48  48  -2  3/11/2020 p:      60    3318 e: -98.2 r:   1.1   
Italy_Abruzzo=Confirmed i:  51  51   1          . p:     301    3318 e: -90.9 r:   3.4   
Italy_Abruzzo=Confirmed i:  52  52   2  3/15/2020 p:     180    3318 e: -94.6 r:   4.1   
Italy_Abruzzo=Confirmed i:  53  53   3          . p:     301    3318 e: -90.9 r:   5.3   
Italy_Abruzzo=Confirmed i:  54  54   4  3/17/2020 p:     663    3318 e: -80.0 r:   6.9   
Italy_Abruzzo=Confirmed i:  55  55   5          . p:     663    3318 e: -80.0 r:   7.9   
Italy_Abruzzo=Confirmed i:  56  56   6  3/19/2020 p:    6213    3318 e:  87.3 r:  11.6   
Italy_Abruzzo=Confirmed i:  57  57   7          . p:    9351    3318 e: 181.8 r:  13.5   
Italy_Abruzzo=Confirmed i:  58  58   8  3/21/2020 p:    3921    3318 e:  18.2 r:  15.9   
Italy_Abruzzo=Confirmed i:  59  59   9          . p:     904    3318 e: -72.8 r:  17.7   
Italy_Abruzzo=Confirmed i:  60  60  10  3/23/2020 p:     904    3318 e: -72.8 r:  20.0   
Italy_Abruzzo=Confirmed i:  61  61  11          . p:     904    3318 e: -72.8 r:  20.8   
Italy_Abruzzo=Confirmed i:  62   0  12  3/25/2020 p:    2956    3318 e: -10.9 r:  24.5 OK 1st
Italy_Abruzzo=Confirmed i:  63   1  13          . p:    4162    3318 e:  25.4 r:  28.5   
Italy_Abruzzo=Confirmed i:  64   2  14  3/27/2020 p:    3800    3318 e:  14.5 r:  30.7 OK
Italy_Abruzzo=Confirmed i:  65   3  15          . p:    2714    3318 e: -18.2 r:  34.1   
Italy_Abruzzo=Confirmed i:  66   4  16  3/29/2020 p:    4283    3318 e:  29.1 r:  39.0   
Italy_Abruzzo=Confirmed i:  67   5  17          . p:    3318    3318 e:   0.0 r:  40.5 OK
Italy_Abruzzo=Confirmed i:  68   6  18  3/31/2020 p:    3787    3318 e:  14.1 r:  42.2 OK
Italy_Abruzzo=Confirmed i:  69   7  19          . p:    1521    3318 e: -54.2 r:  43.3   
Italy_Abruzzo=Confirmed i:  70   8  20   4/2/2020 p:    1642    3318 e: -50.5 r:  45.1   
Italy_Abruzzo=Confirmed i:  71   9  21          . p:    2352    3318 e: -29.1 r:  47.1   
Italy_Abruzzo=Confirmed i:  72  10  22   4/4/2020 p:    2232    3318 e: -32.7 r:  49.1   
Italy_Abruzzo=Confirmed i:  73  11  23          . p:    2232    3318 e: -32.7 r:  51.3   
Italy_Abruzzo=Confirmed i:  74  12  24   4/6/2020 p:    2232    3318 e: -32.7 r:  51.9   
Italy_Abruzzo=Confirmed i:  75  13  25          . p:    2232    3318 e: -32.7 r:  54.2   
Italy_Abruzzo=Confirmed i:  76  14  26   4/8/2020 p:    2277    3318 e: -31.4 r:  56.0   
Italy_Abruzzo=Confirmed i:  77  15  27          . p:    2352    3318 e: -29.1 r:  58.2   
Italy_Abruzzo=Confirmed i:  78  16  28  4/10/2020 p:    2473    3318 e: -25.5 r:  60.7   
Italy_Abruzzo=Confirmed i:  79  17  29          . p:    2714    3318 e: -18.2 r:  63.9   
Italy_Abruzzo=Confirmed i:  80  18  30  4/12/2020 p:    2714    3318 e: -18.2 r:  65.1   
Italy_Abruzzo=Confirmed i:  81  19  31          . p:    2835    3318 e: -14.6 r:  66.7 OK
Italy_Abruzzo=Confirmed i:  82  20  32  4/14/2020 p:    2835    3318 e: -14.6 r:  67.7 OK
Italy_Abruzzo=Confirmed i:  83  21  33          . p:    2765    3318 e: -16.7 r:  68.5   
Italy_Abruzzo=Confirmed i:  84  22  34  4/16/2020 p:    2811    3318 e: -15.3 r:  70.7   
Italy_Abruzzo=Confirmed i:  85  23  35          . p:    2898    3318 e: -12.7 r:  73.6 OK
Italy_Abruzzo=Confirmed i:  86  24  36  4/18/2020 p:    2956    3318 e: -10.9 r:  75.0 OK
Italy_Abruzzo=Confirmed i:  87  25  37          . p:    2956    3318 e: -10.9 r:  76.0 OK
Italy_Abruzzo=Confirmed i:  88  26  38  4/20/2020 p:    3076    3318 e:  -7.3 r:  78.7 OK
Italy_Abruzzo=Confirmed i:  89  27  39          . p:    3076    3318 e:  -7.3 r:  80.4 OK
Italy_Abruzzo=Confirmed i:  90  28  40  4/22/2020 p:    3197    3318 e:  -3.6 r:  82.4 OK
Italy_Abruzzo=Confirmed i:  91  29  41          . p:    3318    3318 e:   0.0 r:  83.9 OK
Italy_Abruzzo=Confirmed i:  92  30  42  4/24/2020 p:    3318    3318 e:   0.0 r:  84.5 OK
Italy_Abruzzo=Confirmed i:  93  31  43          . p:    3285    3318 e:  -1.0 r:  85.4 OK
Italy_Abruzzo=Confirmed i:  94  32  44  4/26/2020 p:    3304    3318 e:  -0.4 r:  86.2 OK
Italy_Abruzzo=Confirmed i:  95  33  45          . p:    3304    3318 e:  -0.4 r:  86.6 OK
Italy_Abruzzo=Confirmed i:  96  34  46  4/28/2020 p:    3306    3318 e:  -0.4 r:  87.4 OK
Italy_Abruzzo=Confirmed i:  97  35  47          . p:    3307    3318 e:  -0.3 r:  88.1 OK
Italy_Abruzzo=Confirmed i:  98  36  48  4/30/2020 p:    3295    3318 e:  -0.7 r:  88.3 OK
Italy_Abruzzo=Confirmed i:  99  37  49          . p:    3289    3318 e:  -0.9 r:  88.8 OK
Italy_Abruzzo=Confirmed i: 100  38  50   5/2/2020 p:    3263    3318 e:  -1.7 r:  89.3 OK
Italy_Abruzzo=Confirmed i: 101  39  51          . p:    3318    3318 e:   0.0 r:  90.3 OK
Italy_Abruzzo=Confirmed i: 102  40  52   5/4/2020 p:    3318    3318 e:   0.0 r:  90.4 OK
Italy_Abruzzo=Confirmed i: 103  41  53          . p:    3318    3318 e:   0.0 r:  91.2 OK
Italy_Abruzzo=Confirmed i: 104  42  54   5/6/2020 p:    3318    3318 e:   0.0 r:  91.8 OK
Italy_Abruzzo=Confirmed i: 105  43  55          . p:    3318    3318 e:   0.0 r:  92.6 OK
Italy_Abruzzo=Confirmed i: 106  44  56   5/8/2020 p:    3318    3318 e:   0.0 r:  92.8 OK
Italy_Abruzzo=Confirmed i: 107  45  57          . p:    3247    3318 e:  -2.1 r:  93.0 OK
Italy_Abruzzo=Confirmed i: 108  46  58  5/10/2020 p:    3267    3318 e:  -1.5 r:  93.5 OK
Italy_Abruzzo=Confirmed i: 109  47  59          . p:    3263    3318 e:  -1.7 r:  93.6 OK
Italy_Abruzzo=Confirmed i: 110  48  60  5/12/2020 p:    3271    3318 e:  -1.4 r:  93.9 OK
Italy_Abruzzo=Confirmed i: 111  49  61          . p:    3318    3318 e:   0.0 r:  94.2 OK
Italy_Abruzzo=Confirmed i: 112  50  62  5/14/2020 p:    3318    3318 e:   0.0 r:  94.5 OK
Italy_Abruzzo=Confirmed i: 113  51  63          . p:    3318    3318 e:   0.0 r:  94.9 OK
Italy_Abruzzo=Confirmed i: 114  52  64  5/16/2020 p:    3318    3318 e:   0.0 r:  95.8 OK
Italy_Abruzzo=Confirmed i: 115  53  65          . p:    3318    3318 e:   0.0 r:  96.0 OK
Italy_Abruzzo=Confirmed i: 116  54  66  5/18/2020 p:    3318    3318 e:   0.0 r:  96.2 OK
Italy_Abruzzo=Confirmed i: 117  55  67          . p:    3318    3318 e:   0.0 r:  96.4 OK
Italy_Abruzzo=Confirmed i: 118  56  68  5/20/2020 p:    3318    3318 e:   0.0 r:  96.6 OK
Italy_Abruzzo=Confirmed i: 119  57  69          . p:    3318    3318 e:   0.0 r:  96.8 OK
Italy_Abruzzo=Confirmed i: 120  58  70  5/22/2020 p:    3318    3318 e:   0.0 r:  97.0 OK
Italy_Abruzzo=Confirmed i: 121  59  71          . p:    3291    3318 e:  -0.8 r:  97.1 OK
Italy_Abruzzo=Confirmed i: 122  60  72  5/24/2020 p:    3306    3318 e:  -0.4 r:  97.2 OK
Italy_Abruzzo=Confirmed i: 123  61  73          . p:    3306    3318 e:  -0.4 r:  97.3 OK
Italy_Abruzzo=Confirmed i: 124  62  74  5/26/2020 p:    3306    3318 e:  -0.4 r:  97.3 OK
Italy_Abruzzo=Confirmed i: 125  63  75          . p:    3318    3318 e:   0.0 r:  97.5 OK
Italy_Abruzzo=Confirmed i: 126  64  76  5/28/2020 p:    3318    3318 e:   0.0 r:  97.6 OK
Italy_Abruzzo=Confirmed i: 127  65  77          . p:    3305    3318 e:  -0.4 r:  97.6 OK
Italy_Abruzzo=Confirmed i: 128  66  78  5/30/2020 p:    3256    3318 e:  -1.9 r:  97.6 OK
Italy_Abruzzo=Confirmed i: 129  67  79          . p:    3318    3318 e:   0.0 r:  97.8 OK
Italy_Abruzzo=Confirmed i: 130  68  80   6/1/2020 p:    3318    3318 e:   0.0 r:  97.8 OK
Italy_Abruzzo=Confirmed i: 131  69  81          . p:    3318    3318 e:   0.0 r:  97.9 OK
Italy_Abruzzo=Confirmed i: 132  70  82   6/3/2020 p:    3318    3318 e:   0.0 r:  98.0 OK
Italy_Abruzzo=Confirmed i: 133  71  83          . p:    3318    3318 e:   0.0 r:  98.1 OK
Italy_Abruzzo=Confirmed i: 134  72  84   6/5/2020 p:    3318    3318 e:   0.0 r:  98.2 OK
Italy_Abruzzo=Confirmed i: 135  73  85          . p:    3318    3318 e:   0.0 r:  98.2 OK
Italy_Abruzzo=Confirmed i: 136  74  86   6/7/2020 p:    3318    3318 e:   0.0 r:  98.4 OK
Italy_Abruzzo=Confirmed i: 137  75  87          . p:    3318    3318 e:   0.0 r:  98.4 OK
Italy_Abruzzo=Confirmed i: 138  76  88   6/9/2020 p:    3318    3318 e:   0.0 r:  98.4 OK
