
  # Process COVID TAB data
p1= 31483 il= 138
p1= 31483 il= 137
p1= 31483 il= 136
p1= 31483 il= 135
p1= 31483 il= 134
Switzerland=Confirmed nl = 139, n1= 5 s1= 31483 s2= 991179289 SD= 0 frac%= 0
Switzerland=Confirmed i:  41  41   0          . p:     580   31483 e: -98.2 r:   0.3   
Switzerland=Confirmed i:  42  42   1   3/5/2020 p:     565   31483 e: -98.2 r:   0.4   
Switzerland=Confirmed i:  43  43   2          . p:    1717   31483 e: -94.5 r:   0.7   
Switzerland=Confirmed i:  44  44   3   3/7/2020 p:    2862   31483 e: -90.9 r:   0.9   
Switzerland=Confirmed i:  45  45   4          . p:    2862   31483 e: -90.9 r:   1.1   
Switzerland=Confirmed i:  46  46   5   3/9/2020 p:     571   31483 e: -98.2 r:   1.2   
Switzerland=Confirmed i:  47  47   6          . p:     883   31483 e: -97.2 r:   1.6   
Switzerland=Confirmed i:  48  48   7  3/11/2020 p:    2862   31483 e: -90.9 r:   2.1   
Switzerland=Confirmed i:  49  49   8          . p:    1717   31483 e: -94.5 r:   2.1   
Switzerland=Confirmed i:  50  50   9  3/13/2020 p:    7277   31483 e: -76.9 r:   3.6   
Switzerland=Confirmed i:  51  51  10          . p:   10876   31483 e: -65.5 r:   4.3   
Switzerland=Confirmed i:  52   0  11  3/15/2020 p:   32628   31483 e:   3.6 r:   7.0 OK 1st
Switzerland=Confirmed i:  53   1  12          . p:   42932   31483 e:  36.4 r:   7.8   
Switzerland=Confirmed i:  54   2  13  3/17/2020 p:    2862   31483 e: -90.9 r:   8.6   
Switzerland=Confirmed i:  55   3  14          . p:    4007   31483 e: -87.3 r:   9.6   
Switzerland=Confirmed i:  56   4  15  3/19/2020 p:   18890   31483 e: -40.0 r:  12.9   
Switzerland=Confirmed i:  57   5  16          . p:   42932   31483 e:  36.4 r:  16.8   
Switzerland=Confirmed i:  58   6  17  3/21/2020 p:       0   31483 e: -100.0 r:  20.9   
Switzerland=Confirmed i:  59   7  18          . p:   58960   31483 e:  87.3 r:  23.7   
Switzerland=Confirmed i:  60   8  19  3/23/2020 p:   16600   31483 e: -47.3 r:  27.9   
Switzerland=Confirmed i:  61   9  20          . p:   17745   31483 e: -43.6 r:  31.4   
Switzerland=Confirmed i:  62  10  21  3/25/2020 p:   17745   31483 e: -43.6 r:  34.6   
Switzerland=Confirmed i:  63  11  22          . p:   17745   31483 e: -43.6 r:  37.5   
Switzerland=Confirmed i:  64  12  23  3/27/2020 p:   20035   31483 e: -36.4 r:  41.1   
Switzerland=Confirmed i:  65  13  24          . p:   25634   31483 e: -18.6 r:  44.7   
Switzerland=Confirmed i:  66  14  25  3/29/2020 p:   22091   31483 e: -29.8 r:  47.1   
Switzerland=Confirmed i:  67  15  26          . p:   30485   31483 e:  -3.2 r:  50.6 OK
Switzerland=Confirmed i:  68  16  27  3/31/2020 p:   23213   31483 e: -26.3 r:  52.7   
Switzerland=Confirmed i:  69  17  28          . p:   27586   31483 e: -12.4 r:  56.4 OK
Switzerland=Confirmed i:  70  18  29   4/2/2020 p:   28049   31483 e: -10.9 r:  59.8 OK
Switzerland=Confirmed i:  71  19  30          . p:   26472   31483 e: -15.9 r:  62.3   
Switzerland=Confirmed i:  72  20  31   4/4/2020 p:   29810   31483 e:  -5.3 r:  65.1 OK
Switzerland=Confirmed i:  73  21  32          . p:   29839   31483 e:  -5.2 r:  67.0 OK
Switzerland=Confirmed i:  74  22  33   4/6/2020 p:   30129   31483 e:  -4.3 r:  68.8 OK
Switzerland=Confirmed i:  75  23  34          . p:   29425   31483 e:  -6.5 r:  70.7 OK
Switzerland=Confirmed i:  76  24  35   4/8/2020 p:   30338   31483 e:  -3.6 r:  73.9 OK
Switzerland=Confirmed i:  77  25  36          . p:   30338   31483 e:  -3.6 r:  76.4 OK
Switzerland=Confirmed i:  78  26  37  4/10/2020 p:   30338   31483 e:  -3.6 r:  78.0 OK
Switzerland=Confirmed i:  79  27  38          . p:   33390   31483 e:   6.1 r:  79.7 OK
Switzerland=Confirmed i:  80  28  39  4/12/2020 p:   32183   31483 e:   2.2 r:  80.7 OK
Switzerland=Confirmed i:  81  29  40          . p:   31231   31483 e:  -0.8 r:  81.6 OK
Switzerland=Confirmed i:  82  30  41  4/14/2020 p:   30437   31483 e:  -3.3 r:  82.4 OK
Switzerland=Confirmed i:  83  31  42          . p:   30353   31483 e:  -3.6 r:  83.7 OK
Switzerland=Confirmed i:  84  32  43  4/16/2020 p:   30338   31483 e:  -3.6 r:  84.9 OK
Switzerland=Confirmed i:  85  33  44          . p:   30338   31483 e:  -3.6 r:  86.0 OK
Switzerland=Confirmed i:  86  34  45  4/18/2020 p:   30338   31483 e:  -3.6 r:  87.0 OK
Switzerland=Confirmed i:  87  35  46          . p:   30338   31483 e:  -3.6 r:  88.1 OK
Switzerland=Confirmed i:  88  36  47  4/20/2020 p:   30338   31483 e:  -3.6 r:  88.8 OK
Switzerland=Confirmed i:  89  37  48          . p:   30386   31483 e:  -3.5 r:  89.1 OK
Switzerland=Confirmed i:  90  38  49  4/22/2020 p:   30414   31483 e:  -3.4 r:  89.8 OK
Switzerland=Confirmed i:  91  39  50          . p:   30427   31483 e:  -3.4 r:  90.5 OK
Switzerland=Confirmed i:  92  40  51  4/24/2020 p:   30338   31483 e:  -3.6 r:  91.1 OK
Switzerland=Confirmed i:  93  41  52          . p:   30338   31483 e:  -3.6 r:  91.8 OK
Switzerland=Confirmed i:  94  42  53  4/26/2020 p:   30338   31483 e:  -3.6 r:  92.3 OK
Switzerland=Confirmed i:  95  43  54          . p:   30407   31483 e:  -3.4 r:  92.6 OK
Switzerland=Confirmed i:  96  44  55  4/28/2020 p:   30427   31483 e:  -3.4 r:  93.0 OK
Switzerland=Confirmed i:  97  45  56          . p:   30751   31483 e:  -2.3 r:  93.4 OK
Switzerland=Confirmed i:  98  46  57  4/30/2020 p:   30338   31483 e:  -3.6 r:  94.0 OK
Switzerland=Confirmed i:  99  47  58          . p:   30338   31483 e:  -3.6 r:  94.4 OK
Switzerland=Confirmed i: 100  48  59   5/2/2020 p:   30338   31483 e:  -3.6 r:  94.7 OK
Switzerland=Confirmed i: 101  49  60          . p:   30636   31483 e:  -2.7 r:  95.0 OK
Switzerland=Confirmed i: 102  50  61   5/4/2020 p:   30733   31483 e:  -2.4 r:  95.2 OK
Switzerland=Confirmed i: 103  51  62          . p:   31064   31483 e:  -1.3 r:  95.3 OK
Switzerland=Confirmed i: 104  52  63   5/6/2020 p:   30754   31483 e:  -2.3 r:  95.5 OK
Switzerland=Confirmed i: 105  53  64          . p:   30754   31483 e:  -2.3 r:  95.7 OK
Switzerland=Confirmed i: 106  54  65   5/8/2020 p:   30338   31483 e:  -3.6 r:  95.9 OK
Switzerland=Confirmed i: 107  55  66          . p:   30338   31483 e:  -3.6 r:  96.1 OK
Switzerland=Confirmed i: 108  56  67  5/10/2020 p:   30338   31483 e:  -3.6 r:  96.3 OK
Switzerland=Confirmed i: 109  57  68          . p:   30614   31483 e:  -2.8 r:  96.4 OK
Switzerland=Confirmed i: 110  58  69  5/12/2020 p:   30743   31483 e:  -2.4 r:  96.5 OK
Switzerland=Confirmed i: 111  59  70          . p:   30754   31483 e:  -2.3 r:  96.6 OK
Switzerland=Confirmed i: 112  60  71  5/14/2020 p:   31059   31483 e:  -1.3 r:  96.8 OK
Switzerland=Confirmed i: 113  61  72          . p:   31483   31483 e:   0.0 r:  96.9 OK
Switzerland=Confirmed i: 114  62  73  5/16/2020 p:   31483   31483 e:   0.0 r:  97.1 OK
Switzerland=Confirmed i: 115  63  74          . p:   31483   31483 e:   0.0 r:  97.2 OK
Switzerland=Confirmed i: 116  64  75  5/18/2020 p:   31028   31483 e:  -1.4 r:  97.2 OK
Switzerland=Confirmed i: 117  65  76          . p:   31064   31483 e:  -1.3 r:  97.3 OK
Switzerland=Confirmed i: 118  66  77  5/20/2020 p:   31064   31483 e:  -1.3 r:  97.4 OK
Switzerland=Confirmed i: 119  67  78          . p:   31483   31483 e:   0.0 r:  97.5 OK
Switzerland=Confirmed i: 120  68  79  5/22/2020 p:   31483   31483 e:   0.0 r:  97.5 OK
Switzerland=Confirmed i: 121  69  80          . p:   31483   31483 e:   0.0 r:  97.6 OK
Switzerland=Confirmed i: 122  70  81  5/24/2020 p:   31064   31483 e:  -1.3 r:  97.6 OK
Switzerland=Confirmed i: 125  73  84          . p:   30966   31483 e:  -1.6 r:  97.8 OK
Switzerland=Confirmed i: 126  74  85  5/28/2020 p:   31483   31483 e:   0.0 r:  97.8 OK
Switzerland=Confirmed i: 127  75  86          . p:   31483   31483 e:   0.0 r:  97.9 OK
Switzerland=Confirmed i: 128  76  87  5/30/2020 p:   31483   31483 e:   0.0 r:  98.0 OK
Switzerland=Confirmed i: 129  77  88          . p:   31483   31483 e:   0.0 r:  98.0 OK
Switzerland=Confirmed i: 130  78  89   6/1/2020 p:   31483   31483 e:   0.0 r:  98.1 OK
Switzerland=Confirmed i: 131  79  90          . p:   31483   31483 e:   0.0 r:  98.1 OK
Switzerland=Confirmed i: 132  80  91   6/3/2020 p:   31483   31483 e:   0.0 r:  98.1 OK
Switzerland=Confirmed i: 133  81  92          . p:   31483   31483 e:   0.0 r:  98.2 OK
Switzerland=Confirmed i: 134  82  93   6/5/2020 p:   31483   31483 e:   0.0 r:  98.3 OK
Switzerland=Confirmed i: 135  83  94          . p:   31483   31483 e:   0.0 r:  98.3 OK
Switzerland=Confirmed i: 136  84  95   6/7/2020 p:   31483   31483 e:   0.0 r:  98.4 OK
Switzerland=Confirmed i: 137  85  96          . p:   31483   31483 e:   0.0 r:  98.4 OK
Switzerland=Confirmed i: 138  86  97   6/9/2020 p:   31483   31483 e:   0.0 r:  98.4 OK
