
  # Process COVID TAB data
p1= 58089 il= 138
p1= 37049 il= 137
p1= 38879 il= 136
p1= 52601 il= 135
p1= 53515 il= 134
Argentina=Confirmed nl = 139, n1= 5 s1= 48026.6 s2= 2377851477.8 SD= 8443.7651696385 frac%= 17.5814343918547
Argentina=Confirmed i:  46  46 -10   3/9/2020 p:     457   48026 e: -99.0 r:   0.0   
Argentina=Confirmed i:  50  50  -6  3/13/2020 p:     457   48026 e: -99.0 r:   0.1   
Argentina=Confirmed i:  51  51  -5          . p:     457   48026 e: -99.0 r:   0.1   
Argentina=Confirmed i:  52  52  -4  3/15/2020 p:     457   48026 e: -99.0 r:   0.1   
Argentina=Confirmed i:  53  53  -3          . p:     457   48026 e: -99.0 r:   0.1   
Argentina=Confirmed i:  54  54  -2  3/17/2020 p:     457   48026 e: -99.0 r:   0.1   
Argentina=Confirmed i:  55  55  -1          . p:     457   48026 e: -99.0 r:   0.2   
Argentina=Confirmed i:  56  56   0  3/19/2020 p:     457   48026 e: -99.0 r:   0.2   
Argentina=Confirmed i:  57  57   1          . p:     457   48026 e: -99.0 r:   0.3   
Argentina=Confirmed i:  58  58   2  3/21/2020 p:     457   48026 e: -99.0 r:   0.3   
Argentina=Confirmed i:  59  59   3          . p:    4116   48026 e: -91.4 r:   0.6   
Argentina=Confirmed i:  60  60   4  3/23/2020 p:    8690   48026 e: -81.9 r:   0.6   
Argentina=Confirmed i:  61  61   5          . p:   12349   48026 e: -74.3 r:   0.8   
Argentina=Confirmed i:  62  62   6  3/25/2020 p:     457   48026 e: -99.0 r:   0.9   
Argentina=Confirmed i:  63  63   7          . p:     457   48026 e: -99.0 r:   1.0   
Argentina=Confirmed i:  64  64   8  3/27/2020 p:    1372   48026 e: -97.1 r:   1.2   
Argentina=Confirmed i:  65  65   9          . p:    1372   48026 e: -97.1 r:   1.4   
Argentina=Confirmed i:  66  66  10  3/29/2020 p:    1372   48026 e: -97.1 r:   1.6   
Argentina=Confirmed i:  67  67  11          . p:    1372   48026 e: -97.1 r:   1.7   
Argentina=Confirmed i:  68  68  12  3/31/2020 p:    3201   48026 e: -93.3 r:   2.2   
Argentina=Confirmed i:  69  69  13          . p:    3201   48026 e: -93.3 r:   2.3   
Argentina=Confirmed i:  70  70  14   4/2/2020 p:    3201   48026 e: -93.3 r:   2.4   
Argentina=Confirmed i:  71  71  15          . p:    3201   48026 e: -93.3 r:   2.6   
Argentina=Confirmed i:  72  72  16   4/4/2020 p:    3323   48026 e: -93.1 r:   3.0   
Argentina=Confirmed i:  73  73  17          . p:    3201   48026 e: -93.3 r:   3.1   
Argentina=Confirmed i:  74  74  18   4/6/2020 p:    3201   48026 e: -93.3 r:   3.2   
Argentina=Confirmed i:  75  75  19          . p:    2868   48026 e: -94.0 r:   3.4   
Argentina=Confirmed i:  76  76  20   4/8/2020 p:    2274   48026 e: -95.3 r:   3.6   
Argentina=Confirmed i:  77  77  21          . p:    3201   48026 e: -93.3 r:   3.7   
Argentina=Confirmed i:  78  78  22  4/10/2020 p:    3201   48026 e: -93.3 r:   4.1   
Argentina=Confirmed i:  79  79  23          . p:    3201   48026 e: -93.3 r:   4.3   
Argentina=Confirmed i:  80  80  24  4/12/2020 p:    3201   48026 e: -93.3 r:   4.5   
Argentina=Confirmed i:  81  81  25          . p:    3201   48026 e: -93.3 r:   4.6   
Argentina=Confirmed i:  82  82  26  4/14/2020 p:    3201   48026 e: -93.3 r:   4.7   
Argentina=Confirmed i:  83  83  27          . p:    4116   48026 e: -91.4 r:   5.1   
Argentina=Confirmed i:  84  84  28  4/16/2020 p:    4116   48026 e: -91.4 r:   5.4   
Argentina=Confirmed i:  85  85  29          . p:    4116   48026 e: -91.4 r:   5.6   
Argentina=Confirmed i:  86  86  30  4/18/2020 p:    4116   48026 e: -91.4 r:   5.7   
Argentina=Confirmed i:  87  87  31          . p:    4116   48026 e: -91.4 r:   5.9   
Argentina=Confirmed i:  88  88  32  4/20/2020 p:    4264   48026 e: -91.1 r:   6.1   
Argentina=Confirmed i:  89  89  33          . p:    4716   48026 e: -90.2 r:   6.3   
Argentina=Confirmed i:  90  90  34  4/22/2020 p:    4116   48026 e: -91.4 r:   6.5   
Argentina=Confirmed i:  91  91  35          . p:    5031   48026 e: -89.5 r:   7.2   
Argentina=Confirmed i:  92  92  36  4/24/2020 p:    5031   48026 e: -89.5 r:   7.5   
Argentina=Confirmed i:  93  93  37          . p:    5946   48026 e: -87.6 r:   7.9   
Argentina=Confirmed i:  94  94  38  4/26/2020 p:    5946   48026 e: -87.6 r:   8.1   
Argentina=Confirmed i:  95  95  39          . p:    5946   48026 e: -87.6 r:   8.3   
Argentina=Confirmed i:  96  96  40  4/28/2020 p:    5946   48026 e: -87.6 r:   8.6   
Argentina=Confirmed i:  97  97  41          . p:    5946   48026 e: -87.6 r:   8.9   
Argentina=Confirmed i:  98  98  42  4/30/2020 p:    6861   48026 e: -85.7 r:   9.2   
Argentina=Confirmed i:  99  99  43          . p:    6861   48026 e: -85.7 r:   9.4   
Argentina=Confirmed i: 100 100  44   5/2/2020 p:    6861   48026 e: -85.7 r:   9.7   
Argentina=Confirmed i: 101 101  45          . p:    7096   48026 e: -85.2 r:  10.0   
Argentina=Confirmed i: 102 102  46   5/4/2020 p:    6961   48026 e: -85.5 r:  10.2   
Argentina=Confirmed i: 103 103  47          . p:    7047   48026 e: -85.3 r:  10.5   
Argentina=Confirmed i: 104 104  48   5/6/2020 p:    6861   48026 e: -85.7 r:  10.8   
Argentina=Confirmed i: 105 105  49          . p:    7775   48026 e: -83.8 r:  11.2   
Argentina=Confirmed i: 106 106  50   5/8/2020 p:    7775   48026 e: -83.8 r:  11.7   
Argentina=Confirmed i: 107 107  51          . p:    7775   48026 e: -83.8 r:  12.0   
Argentina=Confirmed i: 108 108  52  5/10/2020 p:    8690   48026 e: -81.9 r:  12.6   
Argentina=Confirmed i: 109 109  53          . p:    8690   48026 e: -81.9 r:  13.1   
Argentina=Confirmed i: 110 110  54  5/12/2020 p:    9605   48026 e: -80.0 r:  13.7   
Argentina=Confirmed i: 111 111  55          . p:    9605   48026 e: -80.0 r:  14.3   
Argentina=Confirmed i: 112 112  56  5/14/2020 p:   10520   48026 e: -78.1 r:  14.9   
Argentina=Confirmed i: 113 113  57          . p:   10520   48026 e: -78.1 r:  15.6   
Argentina=Confirmed i: 114 114  58  5/16/2020 p:   11435   48026 e: -76.2 r:  16.3   
Argentina=Confirmed i: 115 115  59          . p:   12349   48026 e: -74.3 r:  16.8   
Argentina=Confirmed i: 116 116  60  5/18/2020 p:   12349   48026 e: -74.3 r:  17.4   
Argentina=Confirmed i: 117 117  61          . p:   13264   48026 e: -72.4 r:  18.3   
Argentina=Confirmed i: 118 118  62  5/20/2020 p:   14179   48026 e: -70.5 r:  19.3   
Argentina=Confirmed i: 119 119  63          . p:   16009   48026 e: -66.7 r:  20.7   
Argentina=Confirmed i: 120 120  64  5/22/2020 p:   17838   48026 e: -62.9 r:  22.2   
Argentina=Confirmed i: 121 121  65          . p:   19668   48026 e: -59.0 r:  23.6   
Argentina=Confirmed i: 122 122  66  5/24/2020 p:   21497   48026 e: -55.2 r:  25.1   
Argentina=Confirmed i: 123 123  67          . p:   23327   48026 e: -51.4 r:  26.3   
Argentina=Confirmed i: 124 124  68  5/26/2020 p:   25157   48026 e: -47.6 r:  27.5   
Argentina=Confirmed i: 125 125  69          . p:   25157   48026 e: -47.6 r:  29.0   
Argentina=Confirmed i: 126 126  70  5/28/2020 p:   29731   48026 e: -38.1 r:  30.6   
Argentina=Confirmed i: 127 127  71          . p:   30645   48026 e: -36.2 r:  32.1   
Argentina=Confirmed i: 128 128  72  5/30/2020 p:   35219   48026 e: -26.7 r:  33.8   
Argentina=Confirmed i: 129 129  73          . p:   33390   48026 e: -30.5 r:  35.1   
Argentina=Confirmed i: 130 130  74   6/1/2020 p:   23327   48026 e: -51.4 r:  36.3   
Argentina=Confirmed i: 131 131  75          . p:   37964   48026 e: -21.0 r:  38.1   
Argentina=Confirmed i: 132   0  76   6/3/2020 p:   46197   48026 e:  -3.8 r:  40.1 OK 1st
Argentina=Confirmed i: 133   1  77          . p:   71811   48026 e:  49.5 r:  42.1   
Argentina=Confirmed i: 134   2  78   6/5/2020 p:   53515   48026 e:  11.4 r:  43.8 OK
Argentina=Confirmed i: 135   3  79          . p:   52601   48026 e:   9.5 r:  45.8 OK
Argentina=Confirmed i: 136   4  80   6/7/2020 p:   38879   48026 e: -19.0 r:  47.5   
Argentina=Confirmed i: 137   5  81          . p:   37049   48026 e: -22.9 r:  49.2   
Argentina=Confirmed i: 138   6  82   6/9/2020 p:   58089   48026 e:  21.0 r:  51.6   
