
  # Process COVID TAB data
p1= 171 il= 138
p1= 171 il= 137
p1= 165 il= 136
p1= 159 il= 135
p1= 159 il= 134
North_Macedonia=Deaths nl = 139, n1= 5 s1= 165 s2= 27253.8 SD= 5.36656314599943 frac%= 3.25246251272693
North_Macedonia=Deaths i:  65  65  -8          . p:       4     165 e: -97.6 r:   2.4   
North_Macedonia=Deaths i:  66  66  -7  3/29/2020 p:      78     165 e: -52.7 r:   3.6   
North_Macedonia=Deaths i:  67   0  -6          . p:     147     165 e: -10.9 r:   4.2 OK 1st
North_Macedonia=Deaths i:  68   1  -5  3/31/2020 p:       0     165 e: -100.0 r:   5.5   
North_Macedonia=Deaths i:  69   2  -4          . p:      37     165 e: -77.6 r:   6.7   
North_Macedonia=Deaths i:  70   3  -3   4/2/2020 p:       0     165 e: -100.0 r:   6.7   
North_Macedonia=Deaths i:  71   4  -2          . p:      14     165 e: -91.5 r:   7.3   
North_Macedonia=Deaths i:  72   5  -1   4/4/2020 p:       0     165 e: -100.0 r:  10.3   
North_Macedonia=Deaths i:  73   6   0          . p:      89     165 e: -46.1 r:  10.9   
North_Macedonia=Deaths i:  74   7   1   4/6/2020 p:     252     165 e:  52.7 r:  13.9   
North_Macedonia=Deaths i:  75   8   2          . p:     113     165 e: -31.5 r:  15.8   
North_Macedonia=Deaths i:  76   9   3   4/8/2020 p:      43     165 e: -73.9 r:  17.6   
North_Macedonia=Deaths i:  77  10   4          . p:      37     165 e: -77.6 r:  18.2   
North_Macedonia=Deaths i:  78  11   5  4/10/2020 p:      35     165 e: -78.8 r:  19.4   
North_Macedonia=Deaths i:  79  12   6          . p:      38     165 e: -77.0 r:  20.6   
North_Macedonia=Deaths i:  80  13   7  4/12/2020 p:      36     165 e: -78.2 r:  20.6   
North_Macedonia=Deaths i:  81  14   8          . p:      60     165 e: -63.6 r:  23.0   
North_Macedonia=Deaths i:  82  15   9  4/14/2020 p:      78     165 e: -52.7 r:  26.7   
North_Macedonia=Deaths i:  83  16  10          . p:      84     165 e: -49.1 r:  27.3   
North_Macedonia=Deaths i:  84  17  11  4/16/2020 p:      78     165 e: -52.7 r:  27.9   
North_Macedonia=Deaths i:  85  18  12          . p:      78     165 e: -52.7 r:  29.7   
North_Macedonia=Deaths i:  86  19  13  4/18/2020 p:      74     165 e: -55.2 r:  29.7   
North_Macedonia=Deaths i:  87  20  14          . p:      72     165 e: -56.4 r:  30.9   
North_Macedonia=Deaths i:  88  21  15  4/20/2020 p:      72     165 e: -56.4 r:  32.7   
North_Macedonia=Deaths i:  89  22  16          . p:      72     165 e: -56.4 r:  33.3   
North_Macedonia=Deaths i:  90  23  17  4/22/2020 p:      72     165 e: -56.4 r:  33.9   
North_Macedonia=Deaths i:  91  24  18          . p:      69     165 e: -58.2 r:  33.9   
North_Macedonia=Deaths i:  92  25  19  4/24/2020 p:      57     165 e: -65.5 r:  34.5   
North_Macedonia=Deaths i:  93  26  20          . p:      67     165 e: -59.4 r:  35.8   
North_Macedonia=Deaths i:  94  27  21  4/26/2020 p:      72     165 e: -56.4 r:  37.0   
North_Macedonia=Deaths i:  95  28  22          . p:      78     165 e: -52.7 r:  39.4   
North_Macedonia=Deaths i:  96  29  23  4/28/2020 p:      89     165 e: -46.1 r:  43.0   
North_Macedonia=Deaths i:  97  30  24          . p:      95     165 e: -42.4 r:  44.2   
North_Macedonia=Deaths i:  98  31  25  4/30/2020 p:     101     165 e: -38.8 r:  46.7   
North_Macedonia=Deaths i:  99  32  26          . p:     107     165 e: -35.2 r:  49.1   
North_Macedonia=Deaths i: 100  33  27   5/2/2020 p:     113     165 e: -31.5 r:  49.7   
North_Macedonia=Deaths i: 101  34  28          . p:      89     165 e: -46.1 r:  50.9   
North_Macedonia=Deaths i: 102  35  29   5/4/2020 p:      89     165 e: -46.1 r:  51.5   
North_Macedonia=Deaths i: 103  36  30          . p:      89     165 e: -46.1 r:  52.1   
North_Macedonia=Deaths i: 104  37  31   5/6/2020 p:     118     165 e: -28.5 r:  53.3   
North_Macedonia=Deaths i: 105  38  32          . p:     118     165 e: -28.5 r:  53.9   
North_Macedonia=Deaths i: 106  39  33   5/8/2020 p:     118     165 e: -28.5 r:  54.5   
North_Macedonia=Deaths i: 107  40  34          . p:      95     165 e: -42.4 r:  55.2   
North_Macedonia=Deaths i: 108  41  35  5/10/2020 p:     115     165 e: -30.3 r:  55.2   
North_Macedonia=Deaths i: 109  42  36          . p:     114     165 e: -30.9 r:  55.2   
North_Macedonia=Deaths i: 110  43  37  5/12/2020 p:      94     165 e: -43.0 r:  55.8   
North_Macedonia=Deaths i: 111  44  38          . p:     113     165 e: -31.5 r:  57.6   
North_Macedonia=Deaths i: 112  45  39  5/14/2020 p:     113     165 e: -31.5 r:  57.6   
North_Macedonia=Deaths i: 113  46  40          . p:     113     165 e: -31.5 r:  58.8   
North_Macedonia=Deaths i: 114  47  41  5/16/2020 p:     113     165 e: -31.5 r:  59.4   
North_Macedonia=Deaths i: 115  48  42          . p:     118     165 e: -28.5 r:  61.2   
North_Macedonia=Deaths i: 116  49  43  5/18/2020 p:     118     165 e: -28.5 r:  63.0   
North_Macedonia=Deaths i: 117  50  44          . p:     130     165 e: -21.2 r:  64.2   
North_Macedonia=Deaths i: 118  51  45  5/20/2020 p:     142     165 e: -13.9 r:  66.7 OK
North_Macedonia=Deaths i: 119  52  46          . p:     147     165 e: -10.9 r:  67.3 OK
North_Macedonia=Deaths i: 120  53  47  5/22/2020 p:     130     165 e: -21.2 r:  67.9   
North_Macedonia=Deaths i: 121  54  48          . p:     130     165 e: -21.2 r:  68.5   
North_Macedonia=Deaths i: 122  55  49  5/24/2020 p:     153     165 e:  -7.3 r:  68.5 OK
North_Macedonia=Deaths i: 123  56  50          . p:     147     165 e: -10.9 r:  68.5 OK
North_Macedonia=Deaths i: 124  57  51  5/26/2020 p:     147     165 e: -10.9 r:  70.3 OK
North_Macedonia=Deaths i: 125  58  52          . p:     153     165 e:  -7.3 r:  72.1 OK
North_Macedonia=Deaths i: 126  59  53  5/28/2020 p:     159     165 e:  -3.6 r:  73.3 OK
North_Macedonia=Deaths i: 127  60  54          . p:     171     165 e:   3.6 r:  76.4 OK
North_Macedonia=Deaths i: 128  61  55  5/30/2020 p:     194     165 e:  17.6 r:  79.4   
North_Macedonia=Deaths i: 129  62  56          . p:     211     165 e:  27.9 r:  80.6   
North_Macedonia=Deaths i: 130  63  57   6/1/2020 p:     258     165 e:  56.4 r:  84.8   
North_Macedonia=Deaths i: 131  64  58          . p:     281     165 e:  70.3 r:  85.5   
North_Macedonia=Deaths i: 132  65  59   6/3/2020 p:     321     165 e:  94.5 r:  87.9   
North_Macedonia=Deaths i: 133  66  60          . p:     159     165 e:  -3.6 r:  89.1 OK
North_Macedonia=Deaths i: 134  67  61   6/5/2020 p:     159     165 e:  -3.6 r:  90.3 OK
North_Macedonia=Deaths i: 135  68  62          . p:     159     165 e:  -3.6 r:  91.5 OK
North_Macedonia=Deaths i: 136  69  63   6/7/2020 p:     165     165 e:   0.0 r:  92.7 OK
North_Macedonia=Deaths i: 137  70  64          . p:     171     165 e:   3.6 r:  94.5 OK
North_Macedonia=Deaths i: 138  71  65   6/9/2020 p:     171     165 e:   3.6 r:  95.2 OK
