
  # Process COVID TAB data
p1= 8757 il= 138
p1= 8757 il= 137
p1= 8163 il= 136
p1= 8163 il= 135
p1= 8163 il= 134
US_Florida_Broward=Confirmed nl = 139, n1= 5 s1= 8400.6 s2= 70654761 SD= 290.999381442643 frac%= 3.46403091972767
US_Florida_Broward=Confirmed i:  53  53  -3          . p:    5788    8400 e: -31.1 r:   0.4   
US_Florida_Broward=Confirmed i:  54  54  -2  3/17/2020 p:     148    8400 e: -98.2 r:   0.6   
US_Florida_Broward=Confirmed i:  55  55  -1          . p:     445    8400 e: -94.7 r:   0.9   
US_Florida_Broward=Confirmed i:  56  56   0  3/19/2020 p:     742    8400 e: -91.2 r:   1.1   
US_Florida_Broward=Confirmed i:  57  57   1          . p:    1038    8400 e: -87.6 r:   1.5   
US_Florida_Broward=Confirmed i:  58  58   2  3/21/2020 p:    1632    8400 e: -80.6 r:   2.0   
US_Florida_Broward=Confirmed i:  59  59   3          . p:    2820    8400 e: -66.4 r:   2.6   
US_Florida_Broward=Confirmed i:  60  60   4  3/23/2020 p:    4007    8400 e: -52.3 r:   3.1   
US_Florida_Broward=Confirmed i:  61  61   5          . p:    1038    8400 e: -87.6 r:   3.7   
US_Florida_Broward=Confirmed i:  62  62   6  3/25/2020 p:    1030    8400 e: -87.7 r:   4.2   
US_Florida_Broward=Confirmed i:  63  63   7          . p:    4892    8400 e: -41.8 r:   6.0   
US_Florida_Broward=Confirmed i:  64   0   8  3/27/2020 p:    7569    8400 e:  -9.9 r:   7.3 OK 1st
US_Florida_Broward=Confirmed i:  65   1   9          . p:       0    8400 e: -100.0 r:   9.7   
US_Florida_Broward=Confirmed i:  66   2  10  3/29/2020 p:    3413    8400 e: -59.4 r:  10.0   
US_Florida_Broward=Confirmed i:  67   3  11          . p:   10538    8400 e:  25.4 r:  13.7   
US_Florida_Broward=Confirmed i:  68   4  12  3/31/2020 p:    3413    8400 e: -59.4 r:  14.5   
US_Florida_Broward=Confirmed i:  69   5  13          . p:       0    8400 e: -100.0 r:  14.7   
US_Florida_Broward=Confirmed i:  70   6  14   4/2/2020 p:    2450    8400 e: -70.8 r:  17.6   
US_Florida_Broward=Confirmed i:  71   7  15          . p:    2543    8400 e: -69.7 r:  19.0   
US_Florida_Broward=Confirmed i:  72   8  16   4/4/2020 p:    3116    8400 e: -62.9 r:  21.0   
US_Florida_Broward=Confirmed i:  73   9  17          . p:    3116    8400 e: -62.9 r:  22.5   
US_Florida_Broward=Confirmed i:  74  10  18   4/6/2020 p:    3710    8400 e: -55.8 r:  24.6   
US_Florida_Broward=Confirmed i:  75  11  19          . p:    7272    8400 e: -13.4 r:  26.5 OK
US_Florida_Broward=Confirmed i:  76  12  20   4/8/2020 p:    4931    8400 e: -41.3 r:  28.1   
US_Florida_Broward=Confirmed i:  77  13  21          . p:    3774    8400 e: -55.1 r:  29.2   
US_Florida_Broward=Confirmed i:  78  14  22  4/10/2020 p:    4035    8400 e: -52.0 r:  31.5   
US_Florida_Broward=Confirmed i:  79  15  23          . p:    4283    8400 e: -49.0 r:  33.4   
US_Florida_Broward=Confirmed i:  80  16  24  4/12/2020 p:    4898    8400 e: -41.7 r:  35.1   
US_Florida_Broward=Confirmed i:  81  17  25          . p:    5194    8400 e: -38.2 r:  37.8   
US_Florida_Broward=Confirmed i:  82  18  26  4/14/2020 p:    5788    8400 e: -31.1 r:  38.8   
US_Florida_Broward=Confirmed i:  83  19  27          . p:    5025    8400 e: -40.2 r:  40.0   
US_Florida_Broward=Confirmed i:  84  20  28  4/16/2020 p:    5672    8400 e: -32.5 r:  41.3   
US_Florida_Broward=Confirmed i:  85  21  29          . p:    5710    8400 e: -32.0 r:  43.9   
US_Florida_Broward=Confirmed i:  86  22  30  4/18/2020 p:    5548    8400 e: -34.0 r:  45.7   
US_Florida_Broward=Confirmed i:  87  23  31          . p:    5788    8400 e: -31.1 r:  47.3   
US_Florida_Broward=Confirmed i:  88  24  32  4/20/2020 p:    5788    8400 e: -31.1 r:  48.5   
US_Florida_Broward=Confirmed i:  89  25  33          . p:    5773    8400 e: -31.3 r:  49.6   
US_Florida_Broward=Confirmed i:  90  26  34  4/22/2020 p:    5715    8400 e: -32.0 r:  50.3   
US_Florida_Broward=Confirmed i:  91  27  35          . p:    5849    8400 e: -30.4 r:  52.7   
US_Florida_Broward=Confirmed i:  92  28  36  4/24/2020 p:    5975    8400 e: -28.9 r:  54.7   
US_Florida_Broward=Confirmed i:  93  29  37          . p:    6085    8400 e: -27.6 r:  55.5   
US_Florida_Broward=Confirmed i:  94  30  38  4/26/2020 p:    6063    8400 e: -27.8 r:  56.3   
US_Florida_Broward=Confirmed i:  95  31  39          . p:    6062    8400 e: -27.8 r:  57.1   
US_Florida_Broward=Confirmed i:  96  32  40  4/28/2020 p:    6073    8400 e: -27.7 r:  57.7   
US_Florida_Broward=Confirmed i:  97  33  41          . p:    6016    8400 e: -28.4 r:  58.3   
US_Florida_Broward=Confirmed i:  98  34  42  4/30/2020 p:    6022    8400 e: -28.3 r:  59.0   
US_Florida_Broward=Confirmed i:  99  35  43          . p:    6083    8400 e: -27.6 r:  61.2   
US_Florida_Broward=Confirmed i: 100  36  44   5/2/2020 p:    6462    8400 e: -23.1 r:  62.6   
US_Florida_Broward=Confirmed i: 101  37  45          . p:    6382    8400 e: -24.0 r:  63.2   
US_Florida_Broward=Confirmed i: 102  38  46   5/4/2020 p:    6258    8400 e: -25.5 r:  64.1   
US_Florida_Broward=Confirmed i: 103  39  47          . p:    6309    8400 e: -24.9 r:  65.4   
US_Florida_Broward=Confirmed i: 104  40  48   5/6/2020 p:    6383    8400 e: -24.0 r:  66.1   
US_Florida_Broward=Confirmed i: 105  41  49          . p:    6382    8400 e: -24.0 r:  67.6   
US_Florida_Broward=Confirmed i: 106  42  50   5/8/2020 p:    6382    8400 e: -24.0 r:  67.7   
US_Florida_Broward=Confirmed i: 107  43  51          . p:    6382    8400 e: -24.0 r:  68.8   
US_Florida_Broward=Confirmed i: 108  44  52  5/10/2020 p:    6603    8400 e: -21.4 r:  69.7   
US_Florida_Broward=Confirmed i: 109  45  53          . p:    6577    8400 e: -21.7 r:  70.0   
US_Florida_Broward=Confirmed i: 110  46  54  5/12/2020 p:    6679    8400 e: -20.5 r:  71.1   
US_Florida_Broward=Confirmed i: 111  47  55          . p:    6660    8400 e: -20.7 r:  71.4   
US_Florida_Broward=Confirmed i: 112  48  56  5/14/2020 p:    6634    8400 e: -21.0 r:  72.1   
US_Florida_Broward=Confirmed i: 113  49  57          . p:    6976    8400 e: -17.0 r:  73.0   
US_Florida_Broward=Confirmed i: 114  50  58  5/16/2020 p:    7272    8400 e: -13.4 r:  73.8 OK
US_Florida_Broward=Confirmed i: 115  51  59          . p:    7272    8400 e: -13.4 r:  74.3 OK
US_Florida_Broward=Confirmed i: 116  52  60  5/18/2020 p:    7272    8400 e: -13.4 r:  75.3 OK
US_Florida_Broward=Confirmed i: 117  53  61          . p:    7272    8400 e: -13.4 r:  75.8 OK
US_Florida_Broward=Confirmed i: 118  54  62  5/20/2020 p:    6929    8400 e: -17.5 r:  76.3   
US_Florida_Broward=Confirmed i: 119  55  63          . p:    6976    8400 e: -17.0 r:  77.5   
US_Florida_Broward=Confirmed i: 120  56  64  5/22/2020 p:    7272    8400 e: -13.4 r:  78.3 OK
US_Florida_Broward=Confirmed i: 121  57  65          . p:    7272    8400 e: -13.4 r:  79.1 OK
US_Florida_Broward=Confirmed i: 122  58  66  5/24/2020 p:    7272    8400 e: -13.4 r:  79.7 OK
US_Florida_Broward=Confirmed i: 123  59  67          . p:    7272    8400 e: -13.4 r:  80.5 OK
US_Florida_Broward=Confirmed i: 124  60  68  5/26/2020 p:    7272    8400 e: -13.4 r:  80.9 OK
US_Florida_Broward=Confirmed i: 125  61  69          . p:    7301    8400 e: -13.1 r:  81.2 OK
US_Florida_Broward=Confirmed i: 126  62  70  5/28/2020 p:    7264    8400 e: -13.5 r:  81.8 OK
US_Florida_Broward=Confirmed i: 127  63  71          . p:    7272    8400 e: -13.4 r:  83.0 OK
US_Florida_Broward=Confirmed i: 128  64  72  5/30/2020 p:    7569    8400 e:  -9.9 r:  84.1 OK
US_Florida_Broward=Confirmed i: 129  65  73          . p:    7569    8400 e:  -9.9 r:  84.8 OK
US_Florida_Broward=Confirmed i: 130  66  74   6/1/2020 p:    7569    8400 e:  -9.9 r:  85.7 OK
US_Florida_Broward=Confirmed i: 131  67  75          . p:    7866    8400 e:  -6.4 r:  86.3 OK
US_Florida_Broward=Confirmed i: 132  68  76   6/3/2020 p:    7866    8400 e:  -6.4 r:  87.4 OK
US_Florida_Broward=Confirmed i: 133  69  77          . p:    7866    8400 e:  -6.4 r:  88.8 OK
US_Florida_Broward=Confirmed i: 134  70  78   6/5/2020 p:    8163    8400 e:  -2.8 r:  90.1 OK
US_Florida_Broward=Confirmed i: 135  71  79          . p:    8163    8400 e:  -2.8 r:  91.5 OK
US_Florida_Broward=Confirmed i: 136  72  80   6/7/2020 p:    8163    8400 e:  -2.8 r:  92.9 OK
US_Florida_Broward=Confirmed i: 137  73  81          . p:    8757    8400 e:   4.2 r:  94.3 OK
US_Florida_Broward=Confirmed i: 138  74  82   6/9/2020 p:    8757    8400 e:   4.2 r:  95.6 OK
