
  # Process COVID TAB data
p1= 62656 il= 138
p1= 61181 il= 137
p1= 62656 il= 136
p1= 61181 il= 135
p1= 61181 il= 134
United_Arab_Emirates=Confirmed nl = 139, n1= 5 s1= 61771 s2= 3816178591 SD= 722.599474121038 frac%= 1.16980374952816
United_Arab_Emirates=Confirmed i:  18  18 -36  2/10/2020 p:     737   61771 e: -98.8 r:   0.0   
United_Arab_Emirates=Confirmed i:  19  19 -35          . p:     737   61771 e: -98.8 r:   0.0   
United_Arab_Emirates=Confirmed i:  20  20 -34  2/12/2020 p:     737   61771 e: -98.8 r:   0.0   
United_Arab_Emirates=Confirmed i:  21  21 -33          . p:     737   61771 e: -98.8 r:   0.0   
United_Arab_Emirates=Confirmed i:  22  22 -32  2/14/2020 p:     737   61771 e: -98.8 r:   0.0   
United_Arab_Emirates=Confirmed i:  23  23 -31          . p:     737   61771 e: -98.8 r:   0.0   
United_Arab_Emirates=Confirmed i:  24  24 -30  2/16/2020 p:     737   61771 e: -98.8 r:   0.0   
United_Arab_Emirates=Confirmed i:  27  27 -27          . p:     384   61771 e: -99.4 r:   0.0   
United_Arab_Emirates=Confirmed i:  28  28 -26  2/20/2020 p:     701   61771 e: -98.9 r:   0.0   
United_Arab_Emirates=Confirmed i:  29  29 -25          . p:     701   61771 e: -98.9 r:   0.0   
United_Arab_Emirates=Confirmed i:  30  30 -24  2/22/2020 p:     737   61771 e: -98.8 r:   0.0   
United_Arab_Emirates=Confirmed i:  31  31 -23          . p:    2211   61771 e: -96.4 r:   0.0   
United_Arab_Emirates=Confirmed i:  32  32 -22  2/24/2020 p:    2211   61771 e: -96.4 r:   0.0   
United_Arab_Emirates=Confirmed i:  33  33 -21          . p:     737   61771 e: -98.8 r:   0.0   
United_Arab_Emirates=Confirmed i:  34  34 -20  2/26/2020 p:     737   61771 e: -98.8 r:   0.0   
United_Arab_Emirates=Confirmed i:  35  35 -19          . p:     737   61771 e: -98.8 r:   0.0   
United_Arab_Emirates=Confirmed i:  38  38 -16   3/1/2020 p:     737   61771 e: -98.8 r:   0.0   
United_Arab_Emirates=Confirmed i:  39  39 -15          . p:     737   61771 e: -98.8 r:   0.0   
United_Arab_Emirates=Confirmed i:  40  40 -14   3/3/2020 p:     737   61771 e: -98.8 r:   0.0   
United_Arab_Emirates=Confirmed i:  41  41 -13          . p:     737   61771 e: -98.8 r:   0.0   
United_Arab_Emirates=Confirmed i:  42  42 -12   3/5/2020 p:     737   61771 e: -98.8 r:   0.0   
United_Arab_Emirates=Confirmed i:  43  43 -11          . p:     737   61771 e: -98.8 r:   0.0   
United_Arab_Emirates=Confirmed i:  48  48  -6  3/11/2020 p:    5159   61771 e: -91.6 r:   0.1   
United_Arab_Emirates=Confirmed i:  49  49  -5          . p:     737   61771 e: -98.8 r:   0.1   
United_Arab_Emirates=Confirmed i:  50  50  -4  3/13/2020 p:     737   61771 e: -98.8 r:   0.1   
United_Arab_Emirates=Confirmed i:  51  51  -3          . p:     737   61771 e: -98.8 r:   0.1   
United_Arab_Emirates=Confirmed i:  52  52  -2  3/15/2020 p:     737   61771 e: -98.8 r:   0.2   
United_Arab_Emirates=Confirmed i:  53  53  -1          . p:     737   61771 e: -98.8 r:   0.2   
United_Arab_Emirates=Confirmed i:  54  54   0  3/17/2020 p:     737   61771 e: -98.8 r:   0.2   
United_Arab_Emirates=Confirmed i:  55  55   1          . p:     737   61771 e: -98.8 r:   0.2   
United_Arab_Emirates=Confirmed i:  56  56   2  3/19/2020 p:     737   61771 e: -98.8 r:   0.2   
United_Arab_Emirates=Confirmed i:  57  57   3          . p:     737   61771 e: -98.8 r:   0.2   
United_Arab_Emirates=Confirmed i:  58  58   4  3/21/2020 p:     737   61771 e: -98.8 r:   0.2   
United_Arab_Emirates=Confirmed i:  59  59   5          . p:     737   61771 e: -98.8 r:   0.2   
United_Arab_Emirates=Confirmed i:  60  60   6  3/23/2020 p:     737   61771 e: -98.8 r:   0.3   
United_Arab_Emirates=Confirmed i:  61  61   7          . p:    6634   61771 e: -89.3 r:   0.4   
United_Arab_Emirates=Confirmed i:  64  64  10  3/27/2020 p:     737   61771 e: -98.8 r:   0.7   
United_Arab_Emirates=Confirmed i:  65  65  11          . p:     737   61771 e: -98.8 r:   0.8   
United_Arab_Emirates=Confirmed i:  66  66  12  3/29/2020 p:    2211   61771 e: -96.4 r:   0.9   
United_Arab_Emirates=Confirmed i:  67  67  13          . p:    2211   61771 e: -96.4 r:   1.0   
United_Arab_Emirates=Confirmed i:  68  68  14  3/31/2020 p:     737   61771 e: -98.8 r:   1.1   
United_Arab_Emirates=Confirmed i:  69  69  15          . p:    3685   61771 e: -94.0 r:   1.3   
United_Arab_Emirates=Confirmed i:  70  70  16   4/2/2020 p:   16953   61771 e: -72.6 r:   1.7   
United_Arab_Emirates=Confirmed i:  73  73  19          . p:   24325   61771 e: -60.6 r:   2.9   
United_Arab_Emirates=Confirmed i:  74  74  20   4/6/2020 p:    8108   61771 e: -86.9 r:   3.4   
United_Arab_Emirates=Confirmed i:  75  75  21          . p:    6634   61771 e: -89.3 r:   3.8   
United_Arab_Emirates=Confirmed i:  76  76  22   4/8/2020 p:    6634   61771 e: -89.3 r:   4.3   
United_Arab_Emirates=Confirmed i:  77  77  23          . p:    8108   61771 e: -86.9 r:   4.8   
United_Arab_Emirates=Confirmed i:  78  78  24  4/10/2020 p:    9582   61771 e: -84.5 r:   5.4   
United_Arab_Emirates=Confirmed i:  79  79  25          . p:   11056   61771 e: -82.1 r:   6.0   
United_Arab_Emirates=Confirmed i:  80  80  26  4/12/2020 p:   12531   61771 e: -79.7 r:   6.7   
United_Arab_Emirates=Confirmed i:  81  81  27          . p:   12531   61771 e: -79.7 r:   7.3   
United_Arab_Emirates=Confirmed i:  82  82  28  4/14/2020 p:   15479   61771 e: -74.9 r:   8.0   
United_Arab_Emirates=Confirmed i:  83  83  29          . p:   18428   61771 e: -70.2 r:   8.7   
United_Arab_Emirates=Confirmed i:  84  84  30  4/16/2020 p:   15479   61771 e: -74.9 r:   9.4   
United_Arab_Emirates=Confirmed i:  85  85  31          . p:   24325   61771 e: -60.6 r:  10.2   
United_Arab_Emirates=Confirmed i:  86  86  32  4/18/2020 p:   15479   61771 e: -74.9 r:  10.6   
United_Arab_Emirates=Confirmed i:  87  87  33          . p:   15479   61771 e: -74.9 r:  11.0   
United_Arab_Emirates=Confirmed i:  88  88  34  4/20/2020 p:   14005   61771 e: -77.3 r:  11.8   
United_Arab_Emirates=Confirmed i:  89  89  35          . p:   14005   61771 e: -77.3 r:  12.6   
United_Arab_Emirates=Confirmed i:  90  90  36  4/22/2020 p:   16953   61771 e: -72.6 r:  13.3   
United_Arab_Emirates=Confirmed i:  91  91  37          . p:   18428   61771 e: -70.2 r:  14.2   
United_Arab_Emirates=Confirmed i:  92  92  38  4/24/2020 p:   19902   61771 e: -67.8 r:  15.0   
United_Arab_Emirates=Confirmed i:  93  93  39          . p:   19902   61771 e: -67.8 r:  15.9   
United_Arab_Emirates=Confirmed i:  94  94  40  4/26/2020 p:   19902   61771 e: -67.8 r:  16.8   
United_Arab_Emirates=Confirmed i:  95  95  41          . p:   22851   61771 e: -63.0 r:  17.5   
United_Arab_Emirates=Confirmed i:  96  96  42  4/28/2020 p:   22851   61771 e: -63.0 r:  18.4   
United_Arab_Emirates=Confirmed i:  97  97  43          . p:   22851   61771 e: -63.0 r:  19.3   
United_Arab_Emirates=Confirmed i:  98  98  44  4/30/2020 p:   24325   61771 e: -60.6 r:  20.2   
United_Arab_Emirates=Confirmed i:  99  99  45          . p:   24325   61771 e: -60.6 r:  21.1   
United_Arab_Emirates=Confirmed i: 100 100  46   5/2/2020 p:   25799   61771 e: -58.2 r:  22.0   
United_Arab_Emirates=Confirmed i: 101 101  47          . p:   25799   61771 e: -58.2 r:  22.9   
United_Arab_Emirates=Confirmed i: 102 102  48   5/4/2020 p:   27273   61771 e: -55.8 r:  23.8   
United_Arab_Emirates=Confirmed i: 103 103  49          . p:   36119   61771 e: -41.5 r:  24.6   
United_Arab_Emirates=Confirmed i: 104 104  50   5/6/2020 p:   36119   61771 e: -41.5 r:  25.5   
United_Arab_Emirates=Confirmed i: 105 105  51          . p:   34645   61771 e: -43.9 r:  26.3   
United_Arab_Emirates=Confirmed i: 106 106  52   5/8/2020 p:   34645   61771 e: -43.9 r:  27.2   
United_Arab_Emirates=Confirmed i: 107 107  53          . p:   36119   61771 e: -41.5 r:  28.2   
United_Arab_Emirates=Confirmed i: 108 108  54  5/10/2020 p:   31696   61771 e: -48.7 r:  29.5   
United_Arab_Emirates=Confirmed i: 109 109  55          . p:   31696   61771 e: -48.7 r:  30.6   
United_Arab_Emirates=Confirmed i: 110 110  56  5/12/2020 p:   33170   61771 e: -46.3 r:  31.8   
United_Arab_Emirates=Confirmed i: 111 111  57          . p:   36119   61771 e: -41.5 r:  33.0   
United_Arab_Emirates=Confirmed i: 112 112  58  5/14/2020 p:   36119   61771 e: -41.5 r:  34.1   
United_Arab_Emirates=Confirmed i: 113 113  59          . p:   37593   61771 e: -39.1 r:  35.3   
United_Arab_Emirates=Confirmed i: 114 114  60  5/16/2020 p:   39067   61771 e: -36.8 r:  36.6   
United_Arab_Emirates=Confirmed i: 115 115  61          . p:   40542   61771 e: -34.4 r:  37.8   
United_Arab_Emirates=Confirmed i: 116 116  62  5/18/2020 p:   42016   61771 e: -32.0 r:  39.2   
United_Arab_Emirates=Confirmed i: 117 117  63          . p:   43490   61771 e: -29.6 r:  40.6   
United_Arab_Emirates=Confirmed i: 118 118  64  5/20/2020 p:   44964   61771 e: -27.2 r:  42.1   
United_Arab_Emirates=Confirmed i: 119 119  65          . p:   46439   61771 e: -24.8 r:  43.5   
United_Arab_Emirates=Confirmed i: 120 120  66  5/22/2020 p:   49387   61771 e: -20.0 r:  45.2   
United_Arab_Emirates=Confirmed i: 121 121  67          . p:   50861   61771 e: -17.7 r:  46.5   
United_Arab_Emirates=Confirmed i: 122 122  68  5/24/2020 p:   52336   61771 e: -15.3 r:  47.7   
United_Arab_Emirates=Confirmed i: 123   0  69          . p:   53810   61771 e: -12.9 r:  49.1 OK 1st
United_Arab_Emirates=Confirmed i: 124   1  70  5/26/2020 p:   53810   61771 e: -12.9 r:  50.3 OK
United_Arab_Emirates=Confirmed i: 125   2  71          . p:   56759   61771 e:  -8.1 r:  51.8 OK
United_Arab_Emirates=Confirmed i: 126   3  72  5/28/2020 p:   56759   61771 e:  -8.1 r:  52.7 OK
United_Arab_Emirates=Confirmed i: 127   4  73          . p:   58233   61771 e:  -5.7 r:  53.7 OK
United_Arab_Emirates=Confirmed i: 128   5  74  5/30/2020 p:   58233   61771 e:  -5.7 r:  54.9 OK
United_Arab_Emirates=Confirmed i: 129   6  75          . p:   59707   61771 e:  -3.3 r:  55.9 OK
United_Arab_Emirates=Confirmed i: 130   7  76   6/1/2020 p:   59707   61771 e:  -3.3 r:  57.0 OK
United_Arab_Emirates=Confirmed i: 131   8  77          . p:   59707   61771 e:  -3.3 r:  57.9 OK
United_Arab_Emirates=Confirmed i: 132   9  78   6/3/2020 p:   61181   61771 e:  -1.0 r:  58.9 OK
United_Arab_Emirates=Confirmed i: 133  10  79          . p:   62656   61771 e:   1.4 r:  59.9 OK
United_Arab_Emirates=Confirmed i: 134  11  80   6/5/2020 p:   61181   61771 e:  -1.0 r:  60.9 OK
United_Arab_Emirates=Confirmed i: 135  12  81          . p:   61181   61771 e:  -1.0 r:  62.0 OK
United_Arab_Emirates=Confirmed i: 136  13  82   6/7/2020 p:   62656   61771 e:   1.4 r:  62.8 OK
United_Arab_Emirates=Confirmed i: 137  14  83          . p:   61181   61771 e:  -1.0 r:  63.7 OK
United_Arab_Emirates=Confirmed i: 138  15  84   6/9/2020 p:   62656   61771 e:   1.4 r:  64.6 OK
