
  # Process COVID TAB data
p1= 135 il= 138
p1= 196 il= 137
p1= 201 il= 136
p1= 206 il= 135
p1= 193 il= 134
US_Georgia_DeKalb=Deaths nl = 139, n1= 5 s1= 186.2 s2= 35345.4 SD= 25.9799923017696 frac%= 13.952734855945
US_Georgia_DeKalb=Deaths i:  73  73 -11          . p:      12     186 e: -93.6 r:   4.8   
US_Georgia_DeKalb=Deaths i:  74  74 -10   4/6/2020 p:      10     186 e: -94.6 r:   5.4   
US_Georgia_DeKalb=Deaths i:  75  75  -9          . p:      13     186 e: -93.0 r:   5.9   
US_Georgia_DeKalb=Deaths i:  76  76  -8   4/8/2020 p:      12     186 e: -93.6 r:   5.9   
US_Georgia_DeKalb=Deaths i:  77  77  -7          . p:      14     186 e: -92.5 r:   6.4   
US_Georgia_DeKalb=Deaths i:  78  78  -6  4/10/2020 p:      14     186 e: -92.5 r:   7.0   
US_Georgia_DeKalb=Deaths i:  79  79  -5          . p:      14     186 e: -92.5 r:   7.0   
US_Georgia_DeKalb=Deaths i:  80  80  -4  4/12/2020 p:      15     186 e: -91.9 r:   7.5   
US_Georgia_DeKalb=Deaths i:  81  81  -3          . p:      15     186 e: -91.9 r:   7.5   
US_Georgia_DeKalb=Deaths i:  82  82  -2  4/14/2020 p:      16     186 e: -91.4 r:   8.1   
US_Georgia_DeKalb=Deaths i:  83  83  -1          . p:      16     186 e: -91.4 r:   8.1   
US_Georgia_DeKalb=Deaths i:  87  87   3          . p:      22     186 e: -88.2 r:  12.9   
US_Georgia_DeKalb=Deaths i:  88  88   4  4/20/2020 p:      32     186 e: -82.8 r:  14.5   
US_Georgia_DeKalb=Deaths i:  89  89   5          . p:      37     186 e: -80.1 r:  15.6   
US_Georgia_DeKalb=Deaths i:  90  90   6  4/22/2020 p:      42     186 e: -77.4 r:  16.6   
US_Georgia_DeKalb=Deaths i:  91  91   7          . p:      47     186 e: -74.8 r:  18.3   
US_Georgia_DeKalb=Deaths i:  92  92   8  4/24/2020 p:      67     186 e: -64.0 r:  19.3   
US_Georgia_DeKalb=Deaths i:  93  93   9          . p:      47     186 e: -74.8 r:  19.3   
US_Georgia_DeKalb=Deaths i:  94  94  10  4/26/2020 p:      47     186 e: -74.8 r:  19.3   
US_Georgia_DeKalb=Deaths i:  95  95  11          . p:      67     186 e: -64.0 r:  22.6   
US_Georgia_DeKalb=Deaths i:  96  96  12  4/28/2020 p:      87     186 e: -53.3 r:  23.1   
US_Georgia_DeKalb=Deaths i:  97  97  13          . p:      77     186 e: -58.6 r:  24.7   
US_Georgia_DeKalb=Deaths i:  98  98  14  4/30/2020 p:      52     186 e: -72.1 r:  25.2   
US_Georgia_DeKalb=Deaths i:  99  99  15          . p:      82     186 e: -56.0 r:  26.3   
US_Georgia_DeKalb=Deaths i: 100 100  16   5/2/2020 p:      87     186 e: -53.3 r:  27.9   
US_Georgia_DeKalb=Deaths i: 101 101  17          . p:      87     186 e: -53.3 r:  28.5   
US_Georgia_DeKalb=Deaths i: 102   0  18   5/4/2020 p:     186     186 e:  -0.1 r:  30.6 OK 1st
US_Georgia_DeKalb=Deaths i: 103   1  19          . p:     107     186 e: -42.5 r:  31.7   
US_Georgia_DeKalb=Deaths i: 104   2  20   5/6/2020 p:     137     186 e: -26.4 r:  32.8   
US_Georgia_DeKalb=Deaths i: 105   3  21          . p:     109     186 e: -41.5 r:  33.3   
US_Georgia_DeKalb=Deaths i: 106   4  22   5/8/2020 p:     137     186 e: -26.4 r:  37.1   
US_Georgia_DeKalb=Deaths i: 107   5  23          . p:     137     186 e: -26.4 r:  37.1   
US_Georgia_DeKalb=Deaths i: 108   6  24  5/10/2020 p:     137     186 e: -26.4 r:  37.1   
US_Georgia_DeKalb=Deaths i: 109   7  25          . p:     131     186 e: -29.6 r:  38.1   
US_Georgia_DeKalb=Deaths i: 110   8  26  5/12/2020 p:     160     186 e: -14.1 r:  38.7 OK
US_Georgia_DeKalb=Deaths i: 111   9  27          . p:     119     186 e: -36.1 r:  39.2   
US_Georgia_DeKalb=Deaths i: 112  10  28  5/14/2020 p:     117     186 e: -37.2 r:  40.3   
US_Georgia_DeKalb=Deaths i: 113  11  29          . p:     123     186 e: -33.9 r:  43.0   
US_Georgia_DeKalb=Deaths i: 114  12  30  5/16/2020 p:     137     186 e: -26.4 r:  43.5   
US_Georgia_DeKalb=Deaths i: 115  13  31          . p:     122     186 e: -34.5 r:  44.0   
US_Georgia_DeKalb=Deaths i: 116  14  32  5/18/2020 p:     142     186 e: -23.7 r:  46.2   
US_Georgia_DeKalb=Deaths i: 117  15  33          . p:     142     186 e: -23.7 r:  46.7   
US_Georgia_DeKalb=Deaths i: 118  16  34  5/20/2020 p:     142     186 e: -23.7 r:  47.3   
US_Georgia_DeKalb=Deaths i: 119  17  35          . p:     166     186 e: -10.8 r:  51.6 OK
US_Georgia_DeKalb=Deaths i: 120  18  36  5/22/2020 p:     176     186 e:  -5.5 r:  53.7 OK
US_Georgia_DeKalb=Deaths i: 121  19  37          . p:     176     186 e:  -5.5 r:  54.8 OK
US_Georgia_DeKalb=Deaths i: 122  20  38  5/24/2020 p:     181     186 e:  -2.8 r:  54.8 OK
US_Georgia_DeKalb=Deaths i: 123  21  39          . p:     181     186 e:  -2.8 r:  55.9 OK
US_Georgia_DeKalb=Deaths i: 124  22  40  5/26/2020 p:     186     186 e:  -0.1 r:  57.5 OK
US_Georgia_DeKalb=Deaths i: 125  23  41          . p:     196     186 e:   5.3 r:  59.6 OK
US_Georgia_DeKalb=Deaths i: 126  24  42  5/28/2020 p:     196     186 e:   5.3 r:  60.2 OK
US_Georgia_DeKalb=Deaths i: 127  25  43          . p:     196     186 e:   5.3 r:  60.2 OK
US_Georgia_DeKalb=Deaths i: 128  26  44  5/30/2020 p:     196     186 e:   5.3 r:  60.2 OK
US_Georgia_DeKalb=Deaths i: 129  27  45          . p:     196     186 e:   5.3 r:  64.4 OK
US_Georgia_DeKalb=Deaths i: 130  28  46   6/1/2020 p:     206     186 e:  10.6 r:  65.0 OK
US_Georgia_DeKalb=Deaths i: 131  29  47          . p:     201     186 e:   7.9 r:  65.0 OK
US_Georgia_DeKalb=Deaths i: 132  30  48   6/3/2020 p:     201     186 e:   7.9 r:  65.5 OK
US_Georgia_DeKalb=Deaths i: 133  31  49          . p:     195     186 e:   4.7 r:  65.5 OK
US_Georgia_DeKalb=Deaths i: 134  32  50   6/5/2020 p:     193     186 e:   3.7 r:  66.6 OK
US_Georgia_DeKalb=Deaths i: 135  33  51          . p:     206     186 e:  10.6 r:  67.1 OK
US_Georgia_DeKalb=Deaths i: 136  34  52   6/7/2020 p:     201     186 e:   7.9 r:  67.1 OK
US_Georgia_DeKalb=Deaths i: 137  35  53          . p:     196     186 e:   5.3 r:  67.1 OK
US_Georgia_DeKalb=Deaths i: 138  36  54   6/9/2020 p:     135     186 e: -27.5 r:  72.5   
