
  # Process COVID TAB data
p1= 17733 il= 138
p1= 17733 il= 137
p1= 17170 il= 136
p1= 16607 il= 135
p1= 16044 il= 134
US_Texas_Harris=Confirmed nl = 139, n1= 5 s1= 17057.4 s2= 291385972.6 SD= 656.565183359561 frac%= 3.84915159027496
US_Texas_Harris=Confirmed i:  49  49 -11          . p:     281   17057 e: -98.4 r:   0.1   
US_Texas_Harris=Confirmed i:  50  50 -10  3/13/2020 p:     281   17057 e: -98.4 r:   0.1   
US_Texas_Harris=Confirmed i:  51  51  -9          . p:     281   17057 e: -98.4 r:   0.1   
US_Texas_Harris=Confirmed i:  52  52  -8  3/15/2020 p:     281   17057 e: -98.4 r:   0.1   
US_Texas_Harris=Confirmed i:  53  53  -7          . p:     281   17057 e: -98.4 r:   0.1   
US_Texas_Harris=Confirmed i:  54  54  -6  3/17/2020 p:     281   17057 e: -98.4 r:   0.1   
US_Texas_Harris=Confirmed i:  55  55  -5          . p:    1407   17057 e: -91.8 r:   0.1   
US_Texas_Harris=Confirmed i:  59  59  -1          . p:     281   17057 e: -98.4 r:   0.4   
US_Texas_Harris=Confirmed i:  60  60   0  3/23/2020 p:     281   17057 e: -98.4 r:   0.5   
US_Texas_Harris=Confirmed i:  61  61   1          . p:    4222   17057 e: -75.2 r:   0.8   
US_Texas_Harris=Confirmed i:  63   0   3          . p:   18859   17057 e:  10.6 r:   1.2 OK 1st
US_Texas_Harris=Confirmed i:  64   1   4  3/27/2020 p:     281   17057 e: -98.4 r:   1.3   
US_Texas_Harris=Confirmed i:  67   4   7          . p:     844   17057 e: -95.1 r:   3.3   
US_Texas_Harris=Confirmed i:  68   5   8  3/31/2020 p:     844   17057 e: -95.1 r:   4.0   
US_Texas_Harris=Confirmed i:  69   6   9          . p:    1970   17057 e: -88.5 r:   5.0   
US_Texas_Harris=Confirmed i:  70   7  10   4/2/2020 p:    1407   17057 e: -91.8 r:   5.6   
US_Texas_Harris=Confirmed i:  71   8  11          . p:    3096   17057 e: -81.8 r:   6.5   
US_Texas_Harris=Confirmed i:  72   9  12   4/4/2020 p:    4222   17057 e: -75.2 r:   7.5   
US_Texas_Harris=Confirmed i:  73  10  13          . p:    2533   17057 e: -85.2 r:   8.2   
US_Texas_Harris=Confirmed i:  74  11  14   4/6/2020 p:    8726   17057 e: -48.8 r:  10.6   
US_Texas_Harris=Confirmed i:  75  12  15          . p:   12103   17057 e: -29.0 r:  12.6   
US_Texas_Harris=Confirmed i:  76  13  16   4/8/2020 p:   13792   17057 e: -19.1 r:  13.7   
US_Texas_Harris=Confirmed i:  77  14  17          . p:       0   17057 e: -100.0 r:  17.9   
US_Texas_Harris=Confirmed i:  78  15  18  4/10/2020 p:       0   17057 e: -100.0 r:  19.1   
US_Texas_Harris=Confirmed i:  79  16  19          . p:       0   17057 e: -100.0 r:  20.9   
US_Texas_Harris=Confirmed i:  80  17  20  4/12/2020 p:   35185   17057 e: 106.3 r:  21.3   
US_Texas_Harris=Confirmed i:  81  18  21          . p:    3659   17057 e: -78.5 r:  21.9   
US_Texas_Harris=Confirmed i:  82  19  22  4/14/2020 p:    4222   17057 e: -75.2 r:  22.9   
US_Texas_Harris=Confirmed i:  83  20  23          . p:    4785   17057 e: -71.9 r:  24.0   
US_Texas_Harris=Confirmed i:  84  21  24  4/16/2020 p:    4785   17057 e: -71.9 r:  25.2   
US_Texas_Harris=Confirmed i:  85  22  25          . p:    5348   17057 e: -68.6 r:  26.1   
US_Texas_Harris=Confirmed i:  86  23  26  4/18/2020 p:    5348   17057 e: -68.6 r:  27.3   
US_Texas_Harris=Confirmed i:  87  24  27          . p:    5348   17057 e: -68.6 r:  28.3   
US_Texas_Harris=Confirmed i:  88  25  28  4/20/2020 p:    5911   17057 e: -65.3 r:  29.2   
US_Texas_Harris=Confirmed i:  89  26  29          . p:    5911   17057 e: -65.3 r:  30.2   
US_Texas_Harris=Confirmed i:  90  27  30  4/22/2020 p:    6069   17057 e: -64.4 r:  30.5   
US_Texas_Harris=Confirmed i:  91  28  31          . p:    6202   17057 e: -63.6 r:  31.2   
US_Texas_Harris=Confirmed i:  92  29  32  4/24/2020 p:    6470   17057 e: -62.1 r:  32.1   
US_Texas_Harris=Confirmed i:  93  30  33          . p:    6547   17057 e: -61.6 r:  32.6   
US_Texas_Harris=Confirmed i:  94  31  34  4/26/2020 p:    6373   17057 e: -62.6 r:  33.0   
US_Texas_Harris=Confirmed i:  95  32  35          . p:    6199   17057 e: -63.7 r:  33.0   
US_Texas_Harris=Confirmed i:  96  33  36  4/28/2020 p:    6592   17057 e: -61.4 r:  34.2   
US_Texas_Harris=Confirmed i:  97  34  37          . p:    6920   17057 e: -59.4 r:  36.1   
US_Texas_Harris=Confirmed i:  98  35  38  4/30/2020 p:    7600   17057 e: -55.4 r:  37.3   
US_Texas_Harris=Confirmed i:  99  36  39          . p:    7600   17057 e: -55.4 r:  38.4   
US_Texas_Harris=Confirmed i: 100  37  40   5/2/2020 p:    7600   17057 e: -55.4 r:  39.3   
US_Texas_Harris=Confirmed i: 101  38  41          . p:    8163   17057 e: -52.1 r:  40.1   
US_Texas_Harris=Confirmed i: 102  39  42   5/4/2020 p:    8163   17057 e: -52.1 r:  40.8   
US_Texas_Harris=Confirmed i: 103  40  43          . p:    8163   17057 e: -52.1 r:  41.8   
US_Texas_Harris=Confirmed i: 104  41  44   5/6/2020 p:    8163   17057 e: -52.1 r:  42.5   
US_Texas_Harris=Confirmed i: 105  42  45          . p:    8726   17057 e: -48.8 r:  43.2   
US_Texas_Harris=Confirmed i: 106  43  46   5/8/2020 p:    8726   17057 e: -48.8 r:  44.5   
US_Texas_Harris=Confirmed i: 107  44  47          . p:    8726   17057 e: -48.8 r:  45.7   
US_Texas_Harris=Confirmed i: 108  45  48  5/10/2020 p:    9289   17057 e: -45.5 r:  46.2   
US_Texas_Harris=Confirmed i: 109  46  49          . p:    9289   17057 e: -45.5 r:  47.9   
US_Texas_Harris=Confirmed i: 110  47  50  5/12/2020 p:    9851   17057 e: -42.2 r:  49.3   
US_Texas_Harris=Confirmed i: 111  48  51          . p:    9851   17057 e: -42.2 r:  50.5   
US_Texas_Harris=Confirmed i: 112  49  52  5/14/2020 p:    9851   17057 e: -42.2 r:  51.7   
US_Texas_Harris=Confirmed i: 113  50  53          . p:   10414   17057 e: -38.9 r:  53.1   
US_Texas_Harris=Confirmed i: 114  51  54  5/16/2020 p:   10414   17057 e: -38.9 r:  53.5   
US_Texas_Harris=Confirmed i: 115  52  55          . p:   10977   17057 e: -35.6 r:  55.5   
US_Texas_Harris=Confirmed i: 116  53  56  5/18/2020 p:   10977   17057 e: -35.6 r:  56.5   
US_Texas_Harris=Confirmed i: 117  54  57          . p:   11540   17057 e: -32.3 r:  57.8   
US_Texas_Harris=Confirmed i: 118  55  58  5/20/2020 p:   11540   17057 e: -32.3 r:  59.2   
US_Texas_Harris=Confirmed i: 119  56  59          . p:   12103   17057 e: -29.0 r:  60.3   
US_Texas_Harris=Confirmed i: 120  57  60  5/22/2020 p:   12103   17057 e: -29.0 r:  61.7   
US_Texas_Harris=Confirmed i: 121  58  61          . p:   12666   17057 e: -25.7 r:  63.1   
US_Texas_Harris=Confirmed i: 122  59  62  5/24/2020 p:   12666   17057 e: -25.7 r:  64.0   
US_Texas_Harris=Confirmed i: 123  60  63          . p:   12666   17057 e: -25.7 r:  64.5   
US_Texas_Harris=Confirmed i: 124  61  64  5/26/2020 p:   13229   17057 e: -22.4 r:  66.1   
US_Texas_Harris=Confirmed i: 125  62  65          . p:   13229   17057 e: -22.4 r:  67.7   
US_Texas_Harris=Confirmed i: 126  63  66  5/28/2020 p:   13792   17057 e: -19.1 r:  69.0   
US_Texas_Harris=Confirmed i: 127  64  67          . p:   13792   17057 e: -19.1 r:  70.4   
US_Texas_Harris=Confirmed i: 128  65  68  5/30/2020 p:   14355   17057 e: -15.8 r:  71.6   
US_Texas_Harris=Confirmed i: 129  66  69          . p:   14355   17057 e: -15.8 r:  72.0   
US_Texas_Harris=Confirmed i: 130  67  70   6/1/2020 p:   14918   17057 e: -12.5 r:  74.2 OK
US_Texas_Harris=Confirmed i: 131  68  71          . p:   14918   17057 e: -12.5 r:  76.4 OK
US_Texas_Harris=Confirmed i: 132  69  72   6/3/2020 p:   15481   17057 e:  -9.2 r:  77.8 OK
US_Texas_Harris=Confirmed i: 133  70  73          . p:   15481   17057 e:  -9.2 r:  79.7 OK
US_Texas_Harris=Confirmed i: 134  71  74   6/5/2020 p:   16044   17057 e:  -5.9 r:  81.7 OK
US_Texas_Harris=Confirmed i: 135  72  75          . p:   16607   17057 e:  -2.6 r:  84.6 OK
US_Texas_Harris=Confirmed i: 136  73  76   6/7/2020 p:   17170   17057 e:   0.7 r:  85.5 OK
US_Texas_Harris=Confirmed i: 137  74  77          . p:   17733   17057 e:   4.0 r:  87.5 OK
US_Texas_Harris=Confirmed i: 138  75  78   6/9/2020 p:   17733   17057 e:   4.0 r:  89.3 OK
