
  # Process COVID TAB data
p1= 4226 il= 138
p1= 3878 il= 137
p1= 4110 il= 136
p1= 3994 il= 135
p1= 3994 il= 134
US_Pennsylvania_Chester=Confirmed nl = 139, n1= 5 s1= 4040.4 s2= 16338826.4 SD= 118.297252715354 frac%= 2.92785993256493
US_Pennsylvania_Chester=Confirmed i:  56  56  -7  3/19/2020 p:      57    4040 e: -98.6 r:   0.2   
US_Pennsylvania_Chester=Confirmed i:  57  57  -6          . p:      57    4040 e: -98.6 r:   0.4   
US_Pennsylvania_Chester=Confirmed i:  58  58  -5  3/21/2020 p:      56    4040 e: -98.6 r:   0.5   
US_Pennsylvania_Chester=Confirmed i:  59  59  -4          . p:      56    4040 e: -98.6 r:   0.6   
US_Pennsylvania_Chester=Confirmed i:  60  60  -3  3/23/2020 p:     289    4040 e: -92.8 r:   1.0   
US_Pennsylvania_Chester=Confirmed i:  61  61  -2          . p:     173    4040 e: -95.7 r:   1.0   
US_Pennsylvania_Chester=Confirmed i:  62  62  -1  3/25/2020 p:     173    4040 e: -95.7 r:   1.3   
US_Pennsylvania_Chester=Confirmed i:  63  63   0          . p:    1099    4040 e: -72.8 r:   2.1   
US_Pennsylvania_Chester=Confirmed i:  64  64   1  3/27/2020 p:    2489    4040 e: -38.4 r:   2.6   
US_Pennsylvania_Chester=Confirmed i:  65  65   2          . p:     405    4040 e: -90.0 r:   2.9   
US_Pennsylvania_Chester=Confirmed i:  66  66   3  3/29/2020 p:     289    4040 e: -92.8 r:   3.4   
US_Pennsylvania_Chester=Confirmed i:  67  67   4          . p:     169    4040 e: -95.8 r:   3.6   
US_Pennsylvania_Chester=Confirmed i:  68  68   5  3/31/2020 p:     185    4040 e: -95.4 r:   3.9   
US_Pennsylvania_Chester=Confirmed i:  69  69   6          . p:     289    4040 e: -92.8 r:   4.5   
US_Pennsylvania_Chester=Confirmed i:  70  70   7   4/2/2020 p:     405    4040 e: -90.0 r:   5.2   
US_Pennsylvania_Chester=Confirmed i:  71  71   8          . p:     405    4040 e: -90.0 r:   5.6   
US_Pennsylvania_Chester=Confirmed i:  72  72   9   4/4/2020 p:     521    4040 e: -87.1 r:   6.2   
US_Pennsylvania_Chester=Confirmed i:  73  73  10          . p:     573    4040 e: -85.8 r:   6.7   
US_Pennsylvania_Chester=Confirmed i:  74  74  11   4/6/2020 p:     636    4040 e: -84.3 r:   7.6   
US_Pennsylvania_Chester=Confirmed i:  75  75  12          . p:     636    4040 e: -84.3 r:   8.3   
US_Pennsylvania_Chester=Confirmed i:  76  76  13   4/8/2020 p:     752    4040 e: -81.4 r:   9.2   
US_Pennsylvania_Chester=Confirmed i:  77  77  14          . p:     984    4040 e: -75.6 r:  10.5   
US_Pennsylvania_Chester=Confirmed i:  78  78  15  4/10/2020 p:    1215    4040 e: -69.9 r:  12.0   
US_Pennsylvania_Chester=Confirmed i:  79  79  16          . p:    1331    4040 e: -67.1 r:  13.2   
US_Pennsylvania_Chester=Confirmed i:  80  80  17  4/12/2020 p:    1447    4040 e: -64.2 r:  13.9   
US_Pennsylvania_Chester=Confirmed i:  81  81  18          . p:    1447    4040 e: -64.2 r:  14.7   
US_Pennsylvania_Chester=Confirmed i:  82  82  19  4/14/2020 p:    1563    4040 e: -61.3 r:  15.7   
US_Pennsylvania_Chester=Confirmed i:  83  83  20          . p:    1794    4040 e: -55.6 r:  16.7   
US_Pennsylvania_Chester=Confirmed i:  84  84  21  4/16/2020 p:    1563    4040 e: -61.3 r:  17.9   
US_Pennsylvania_Chester=Confirmed i:  85  85  22          . p:    1613    4040 e: -60.1 r:  18.3   
US_Pennsylvania_Chester=Confirmed i:  86  86  23  4/18/2020 p:    1619    4040 e: -59.9 r:  19.7   
US_Pennsylvania_Chester=Confirmed i:  87  87  24          . p:    1794    4040 e: -55.6 r:  21.7   
US_Pennsylvania_Chester=Confirmed i:  88  88  25  4/20/2020 p:    2026    4040 e: -49.9 r:  22.6   
US_Pennsylvania_Chester=Confirmed i:  89  89  26          . p:    1910    4040 e: -52.7 r:  23.3   
US_Pennsylvania_Chester=Confirmed i:  90  90  27  4/22/2020 p:    1843    4040 e: -54.4 r:  23.5   
US_Pennsylvania_Chester=Confirmed i:  91  91  28          . p:    1800    4040 e: -55.4 r:  24.5   
US_Pennsylvania_Chester=Confirmed i:  92  92  29  4/24/2020 p:    1845    4040 e: -54.3 r:  26.3   
US_Pennsylvania_Chester=Confirmed i:  93  93  30          . p:    2026    4040 e: -49.9 r:  28.1   
US_Pennsylvania_Chester=Confirmed i:  94  94  31  4/26/2020 p:    2257    4040 e: -44.1 r:  29.1   
US_Pennsylvania_Chester=Confirmed i:  95  95  32          . p:    2257    4040 e: -44.1 r:  30.0   
US_Pennsylvania_Chester=Confirmed i:  96  96  33  4/28/2020 p:    2257    4040 e: -44.1 r:  31.1   
US_Pennsylvania_Chester=Confirmed i:  97  97  34          . p:    2499    4040 e: -38.1 r:  32.3   
US_Pennsylvania_Chester=Confirmed i:  98  98  35  4/30/2020 p:    2605    4040 e: -35.5 r:  34.0   
US_Pennsylvania_Chester=Confirmed i:  99  99  36          . p:    2720    4040 e: -32.7 r:  35.4   
US_Pennsylvania_Chester=Confirmed i: 100 100  37   5/2/2020 p:    2836    4040 e: -29.8 r:  36.4   
US_Pennsylvania_Chester=Confirmed i: 101 101  38          . p:    2836    4040 e: -29.8 r:  37.2   
US_Pennsylvania_Chester=Confirmed i: 102 102  39   5/4/2020 p:    2943    4040 e: -27.2 r:  38.6   
US_Pennsylvania_Chester=Confirmed i: 103 103  40          . p:    2854    4040 e: -29.4 r:  39.6   
US_Pennsylvania_Chester=Confirmed i: 104 104  41   5/6/2020 p:    2836    4040 e: -29.8 r:  40.5   
US_Pennsylvania_Chester=Confirmed i: 105 105  42          . p:    2867    4040 e: -29.0 r:  41.4   
US_Pennsylvania_Chester=Confirmed i: 106 106  43   5/8/2020 p:    2881    4040 e: -28.7 r:  42.8   
US_Pennsylvania_Chester=Confirmed i: 107 107  44          . p:    2952    4040 e: -26.9 r:  43.9   
US_Pennsylvania_Chester=Confirmed i: 108 108  45  5/10/2020 p:    3068    4040 e: -24.1 r:  46.2   
US_Pennsylvania_Chester=Confirmed i: 109 109  46          . p:    3068    4040 e: -24.1 r:  46.6   
US_Pennsylvania_Chester=Confirmed i: 110 110  47  5/12/2020 p:    3184    4040 e: -21.2 r:  47.7   
US_Pennsylvania_Chester=Confirmed i: 111 111  48          . p:    3184    4040 e: -21.2 r:  48.4   
US_Pennsylvania_Chester=Confirmed i: 112 112  49  5/14/2020 p:    3174    4040 e: -21.4 r:  49.7   
US_Pennsylvania_Chester=Confirmed i: 113 113  50          . p:    3184    4040 e: -21.2 r:  51.0   
US_Pennsylvania_Chester=Confirmed i: 114 114  51  5/16/2020 p:    3299    4040 e: -18.3 r:  52.0   
US_Pennsylvania_Chester=Confirmed i: 115   0  52          . p:    3647    4040 e:  -9.7 r:  52.4 OK 1st
US_Pennsylvania_Chester=Confirmed i: 116   1  53  5/18/2020 p:    3259    4040 e: -19.3 r:  53.3   
US_Pennsylvania_Chester=Confirmed i: 117   2  54          . p:    3263    4040 e: -19.2 r:  54.4   
US_Pennsylvania_Chester=Confirmed i: 118   3  55  5/20/2020 p:    3299    4040 e: -18.3 r:  54.9   
US_Pennsylvania_Chester=Confirmed i: 119   4  56          . p:    3299    4040 e: -18.3 r:  56.1   
US_Pennsylvania_Chester=Confirmed i: 120   5  57  5/22/2020 p:    3415    4040 e: -15.5 r:  57.4   
US_Pennsylvania_Chester=Confirmed i: 121   6  58          . p:    3531    4040 e: -12.6 r:  58.5 OK
US_Pennsylvania_Chester=Confirmed i: 122   7  59  5/24/2020 p:    3531    4040 e: -12.6 r:  59.2 OK
US_Pennsylvania_Chester=Confirmed i: 123   8  60          . p:    3531    4040 e: -12.6 r:  60.1 OK
US_Pennsylvania_Chester=Confirmed i: 124   9  61  5/26/2020 p:    3531    4040 e: -12.6 r:  60.7 OK
US_Pennsylvania_Chester=Confirmed i: 125  10  62          . p:    3531    4040 e: -12.6 r:  62.0 OK
US_Pennsylvania_Chester=Confirmed i: 126  11  63  5/28/2020 p:    3647    4040 e:  -9.7 r:  63.2 OK
US_Pennsylvania_Chester=Confirmed i: 127  12  64          . p:    3415    4040 e: -15.5 r:  64.5   
US_Pennsylvania_Chester=Confirmed i: 128  13  65  5/30/2020 p:    3531    4040 e: -12.6 r:  66.1 OK
US_Pennsylvania_Chester=Confirmed i: 129  14  66          . p:    3647    4040 e:  -9.7 r:  67.5 OK
US_Pennsylvania_Chester=Confirmed i: 130  15  67   6/1/2020 p:    3415    4040 e: -15.5 r:  68.9   
US_Pennsylvania_Chester=Confirmed i: 131  16  68          . p:    3763    4040 e:  -6.9 r:  69.9 OK
US_Pennsylvania_Chester=Confirmed i: 132  17  69   6/3/2020 p:    3878    4040 e:  -4.0 r:  70.9 OK
US_Pennsylvania_Chester=Confirmed i: 133  18  70          . p:    3878    4040 e:  -4.0 r:  71.8 OK
US_Pennsylvania_Chester=Confirmed i: 134  19  71   6/5/2020 p:    3994    4040 e:  -1.1 r:  73.2 OK
US_Pennsylvania_Chester=Confirmed i: 135  20  72          . p:    3994    4040 e:  -1.1 r:  74.6 OK
US_Pennsylvania_Chester=Confirmed i: 136  21  73   6/7/2020 p:    4110    4040 e:   1.7 r:  75.6 OK
US_Pennsylvania_Chester=Confirmed i: 137  22  74          . p:    3878    4040 e:  -4.0 r:  76.8 OK
US_Pennsylvania_Chester=Confirmed i: 138  23  75   6/9/2020 p:    4226    4040 e:   4.6 r:  77.6 OK
