
  # Process COVID TAB data
p1= - il= 138
p1= - il= 137
p1= - il= 136
p1= 366 il= 135
p1= - il= 134
US_Minnesota_Ramsey=Deaths nl = 139, n1= 5 s1= 73.2 s2= 26791.2 SD= 146.4 frac%= 200
US_Minnesota_Ramsey=Deaths i:  67  67 -27          . p:       0      73 e: -100.0 r:   2.7   
US_Minnesota_Ramsey=Deaths i:  68  68 -26  3/31/2020 p:       0      73 e: -100.0 r:   2.7   
US_Minnesota_Ramsey=Deaths i:  69  69 -25          . p:       0      73 e: -100.0 r:   2.7   
US_Minnesota_Ramsey=Deaths i:  72  72 -22   4/4/2020 p:       0      73 e: -100.0 r:   2.7   
US_Minnesota_Ramsey=Deaths i:  74  74 -20   4/6/2020 p:       7      73 e: -90.4 r:   4.1   
US_Minnesota_Ramsey=Deaths i:  75  75 -19          . p:       5      73 e: -93.2 r:   4.1   
US_Minnesota_Ramsey=Deaths i:  76  76 -18   4/8/2020 p:       4      73 e: -94.5 r:   4.1   
US_Minnesota_Ramsey=Deaths i:  79  79 -15          . p:       9      73 e: -87.7 r:   8.2   
US_Minnesota_Ramsey=Deaths i:  80  80 -14  4/12/2020 p:       9      73 e: -87.7 r:   8.2   
US_Minnesota_Ramsey=Deaths i:  81  81 -13          . p:       3      73 e: -95.9 r:   8.2   
US_Minnesota_Ramsey=Deaths i:  82  82 -12  4/14/2020 p:       9      73 e: -87.7 r:   9.6   
US_Minnesota_Ramsey=Deaths i:  83  83 -11          . p:       9      73 e: -87.7 r:   9.6   
US_Minnesota_Ramsey=Deaths i:  84  84 -10  4/16/2020 p:       9      73 e: -87.7 r:   9.6   
US_Minnesota_Ramsey=Deaths i:  85  85  -9          . p:      21      73 e: -71.3 r:  12.3   
US_Minnesota_Ramsey=Deaths i:  86  86  -8  4/18/2020 p:      15      73 e: -79.5 r:  12.3   
US_Minnesota_Ramsey=Deaths i:  87  87  -7          . p:      15      73 e: -79.5 r:  12.3   
US_Minnesota_Ramsey=Deaths i:  88  88  -6  4/20/2020 p:      15      73 e: -79.5 r:  13.7   
US_Minnesota_Ramsey=Deaths i:  89  89  -5          . p:      15      73 e: -79.5 r:  15.0   
US_Minnesota_Ramsey=Deaths i:  90  90  -4  4/22/2020 p:      15      73 e: -79.5 r:  15.0   
US_Minnesota_Ramsey=Deaths i:  91  91  -3          . p:      39      73 e: -46.7 r:  19.1   
US_Minnesota_Ramsey=Deaths i:  92  92  -2  4/24/2020 p:     426      73 e: 482.0 r:  24.6   
US_Minnesota_Ramsey=Deaths i:  94  94   0  4/26/2020 p:      21      73 e: -71.3 r:  27.3   
US_Minnesota_Ramsey=Deaths i:  95  95   1          . p:      27      73 e: -63.1 r:  30.1   
US_Minnesota_Ramsey=Deaths i:  96  96   2  4/28/2020 p:      21      73 e: -71.3 r:  30.1   
US_Minnesota_Ramsey=Deaths i:  97  97   3          . p:      27      73 e: -63.1 r:  32.8   
US_Minnesota_Ramsey=Deaths i:  98  98   4  4/30/2020 p:      33      73 e: -54.9 r:  35.5   
US_Minnesota_Ramsey=Deaths i:  99  99   5          . p:      51      73 e: -30.3 r:  39.6   
US_Minnesota_Ramsey=Deaths i: 100 100   6   5/2/2020 p:      51      73 e: -30.3 r:  42.3   
US_Minnesota_Ramsey=Deaths i: 101   0   7          . p:      63      73 e: -13.9 r:  46.4 OK 1st
US_Minnesota_Ramsey=Deaths i: 102   1   8   5/4/2020 p:      57      73 e: -22.1 r:  46.4   
US_Minnesota_Ramsey=Deaths i: 103   2   9          . p:      51      73 e: -30.3 r:  50.5   
US_Minnesota_Ramsey=Deaths i: 104   3  10   5/6/2020 p:      63      73 e: -13.9 r:  51.9 OK
US_Minnesota_Ramsey=Deaths i: 105   4  11          . p:      45      73 e: -38.5 r:  53.3   
US_Minnesota_Ramsey=Deaths i: 106   5  12   5/8/2020 p:      63      73 e: -13.9 r:  57.4 OK
US_Minnesota_Ramsey=Deaths i: 107   6  13          . p:      69      73 e:  -5.7 r:  58.7 OK
US_Minnesota_Ramsey=Deaths i: 108   7  14  5/10/2020 p:      69      73 e:  -5.7 r:  61.5 OK
US_Minnesota_Ramsey=Deaths i: 109   8  15          . p:      69      73 e:  -5.7 r:  64.2 OK
US_Minnesota_Ramsey=Deaths i: 110   9  16  5/12/2020 p:      75      73 e:   2.5 r:  66.9 OK
US_Minnesota_Ramsey=Deaths i: 111  10  17          . p:      99      73 e:  35.2 r:  75.1   
US_Minnesota_Ramsey=Deaths i: 112  11  18  5/14/2020 p:     112      73 e:  53.0 r:  76.5   
US_Minnesota_Ramsey=Deaths i: 113  12  19          . p:     130      73 e:  77.6 r:  83.3   
US_Minnesota_Ramsey=Deaths i: 114  13  20  5/16/2020 p:     196      73 e: 167.8 r:  91.5   
US_Minnesota_Ramsey=Deaths i: 115  14  21          . p:     251      73 e: 242.9 r:  97.0   
US_Minnesota_Ramsey=Deaths i: 116  15  22  5/18/2020 p:       0      73 e: -100.0 r:  98.4   
US_Minnesota_Ramsey=Deaths i: 117  16  23          . p:      81      73 e:  10.7 r: 101.1 OK
US_Minnesota_Ramsey=Deaths i: 118  17  24  5/20/2020 p:     305      73 e: 316.7 r: 109.3   
US_Minnesota_Ramsey=Deaths i: 119  18  25          . p:     366      73 e: 400.0 r: 117.5   
US_Minnesota_Ramsey=Deaths i: 120  19  26  5/22/2020 p:     481      73 e: 557.1 r: 127.0   
US_Minnesota_Ramsey=Deaths i: 121  20  27          . p:     487      73 e: 565.3 r: 128.4   
US_Minnesota_Ramsey=Deaths i: 122  21  28  5/24/2020 p:       0      73 e: -100.0 r: 132.5   
US_Minnesota_Ramsey=Deaths i: 123  22  29          . p:      99      73 e:  35.2 r: 132.5   
US_Minnesota_Ramsey=Deaths i: 124  23  30  5/26/2020 p:      99      73 e:  35.2 r: 133.9   
US_Minnesota_Ramsey=Deaths i: 125  24  31          . p:     451      73 e: 516.1 r: 140.7   
US_Minnesota_Ramsey=Deaths i: 126  25  32  5/28/2020 p:       0      73 e: -100.0 r: 150.3   
US_Minnesota_Ramsey=Deaths i: 127  26  33          . p:       0      73 e: -100.0 r: 157.1   
US_Minnesota_Ramsey=Deaths i: 128  27  34  5/30/2020 p:     257      73 e: 251.1 r: 166.7   
US_Minnesota_Ramsey=Deaths i: 129  28  35          . p:     269      73 e: 267.5 r: 169.4   
US_Minnesota_Ramsey=Deaths i: 130  29  36   6/1/2020 p:       0      73 e: -100.0 r: 174.9   
US_Minnesota_Ramsey=Deaths i: 131  30  37          . p:       0      73 e: -100.0 r: 181.7   
US_Minnesota_Ramsey=Deaths i: 132  31  38   6/3/2020 p:     148      73 e: 102.2 r: 183.1   
US_Minnesota_Ramsey=Deaths i: 133  32  39          . p:       0      73 e: -100.0 r: 191.3   
US_Minnesota_Ramsey=Deaths i: 134  33  40   6/5/2020 p:       0      73 e: -100.0 r: 203.6   
US_Minnesota_Ramsey=Deaths i: 135  34  41          . p:     366      73 e: 400.0 r: 207.7   
US_Minnesota_Ramsey=Deaths i: 136  35  42   6/7/2020 p:       0      73 e: -100.0 r: 211.7   
US_Minnesota_Ramsey=Deaths i: 137  36  43          . p:       0      73 e: -100.0 r: 215.8   
US_Minnesota_Ramsey=Deaths i: 138  37  44   6/9/2020 p:       0      73 e: -100.0 r: 224.0   
