
  # Process COVID TAB data
p1= 37986 il= 138
p1= 42692 il= 137
p1= 42692 il= 136
p1= 35297 il= 135
p1= - il= 134
Oman=Confirmed nl = 139, n1= 5 s1= 31733.4 s2= 1266805626.6 SD= 16118.2179858693 frac%= 50.7925970298464
Oman=Confirmed i:  42  42 -20   3/5/2020 p:     336   31733 e: -98.9 r:   0.1   
Oman=Confirmed i:  43  43 -19          . p:     336   31733 e: -98.9 r:   0.1   
Oman=Confirmed i:  44  44 -18   3/7/2020 p:     336   31733 e: -98.9 r:   0.1   
Oman=Confirmed i:  45  45 -17          . p:     336   31733 e: -98.9 r:   0.1   
Oman=Confirmed i:  48  48 -14  3/11/2020 p:     336   31733 e: -98.9 r:   0.1   
Oman=Confirmed i:  49  49 -13          . p:     336   31733 e: -98.9 r:   0.1   
Oman=Confirmed i:  50  50 -12  3/13/2020 p:     336   31733 e: -98.9 r:   0.1   
Oman=Confirmed i:  51  51 -11          . p:     336   31733 e: -98.9 r:   0.1   
Oman=Confirmed i:  52  52 -10  3/15/2020 p:     336   31733 e: -98.9 r:   0.1   
Oman=Confirmed i:  53  53  -9          . p:     336   31733 e: -98.9 r:   0.1   
Oman=Confirmed i:  54  54  -8  3/17/2020 p:     336   31733 e: -98.9 r:   0.1   
Oman=Confirmed i:  55  55  -7          . p:     336   31733 e: -98.9 r:   0.1   
Oman=Confirmed i:  56  56  -6  3/19/2020 p:     336   31733 e: -98.9 r:   0.2   
Oman=Confirmed i:  57  57  -5          . p:     336   31733 e: -98.9 r:   0.2   
Oman=Confirmed i:  58  58  -4  3/21/2020 p:     336   31733 e: -98.9 r:   0.2   
Oman=Confirmed i:  59  59  -3          . p:     336   31733 e: -98.9 r:   0.2   
Oman=Confirmed i:  60  60  -2  3/23/2020 p:     336   31733 e: -98.9 r:   0.2   
Oman=Confirmed i:  61  61  -1          . p:     336   31733 e: -98.9 r:   0.3   
Oman=Confirmed i:  62  62   0  3/25/2020 p:     336   31733 e: -98.9 r:   0.3   
Oman=Confirmed i:  63  63   1          . p:    1008   31733 e: -96.8 r:   0.3   
Oman=Confirmed i:  64  64   2  3/27/2020 p:     336   31733 e: -98.9 r:   0.4   
Oman=Confirmed i:  65  65   3          . p:    1008   31733 e: -96.8 r:   0.5   
Oman=Confirmed i:  66  66   4  3/29/2020 p:     336   31733 e: -98.9 r:   0.5   
Oman=Confirmed i:  67  67   5          . p:     336   31733 e: -98.9 r:   0.6   
Oman=Confirmed i:  68  68   6  3/31/2020 p:     336   31733 e: -98.9 r:   0.6   
Oman=Confirmed i:  69  69   7          . p:     336   31733 e: -98.9 r:   0.7   
Oman=Confirmed i:  70  70   8   4/2/2020 p:     336   31733 e: -98.9 r:   0.7   
Oman=Confirmed i:  71  71   9          . p:     336   31733 e: -98.9 r:   0.8   
Oman=Confirmed i:  72  72  10   4/4/2020 p:    1008   31733 e: -96.8 r:   0.9   
Oman=Confirmed i:  73  73  11          . p:    1008   31733 e: -96.8 r:   0.9   
Oman=Confirmed i:  74  74  12   4/6/2020 p:    1008   31733 e: -96.8 r:   1.0   
Oman=Confirmed i:  75  75  13          . p:    1680   31733 e: -94.7 r:   1.2   
Oman=Confirmed i:  76  76  14   4/8/2020 p:    2353   31733 e: -92.6 r:   1.3   
Oman=Confirmed i:  77  77  15          . p:    3025   31733 e: -90.5 r:   1.4   
Oman=Confirmed i:  78  78  16  4/10/2020 p:    3697   31733 e: -88.3 r:   1.5   
Oman=Confirmed i:  79  79  17          . p:    5042   31733 e: -84.1 r:   1.7   
Oman=Confirmed i:  80  80  18  4/12/2020 p:    6387   31733 e: -79.9 r:   1.9   
Oman=Confirmed i:  81   0  19          . p:   27901   31733 e: -12.1 r:   2.3 OK 1st
Oman=Confirmed i:  82   1  20  4/14/2020 p:   37314   31733 e:  17.6 r:   2.6   
Oman=Confirmed i:  83   2  21          . p:   51433   31733 e:  62.1 r:   2.9   
Oman=Confirmed i:  84   3  22  4/16/2020 p:       0   31733 e: -100.0 r:   3.2   
Oman=Confirmed i:  85   4  23          . p:    1680   31733 e: -94.7 r:   3.4   
Oman=Confirmed i:  86   5  24  4/18/2020 p:    2353   31733 e: -92.6 r:   3.7   
Oman=Confirmed i:  87   6  25          . p:    2353   31733 e: -92.6 r:   4.0   
Oman=Confirmed i:  88   7  26  4/20/2020 p:    3025   31733 e: -90.5 r:   4.4   
Oman=Confirmed i:  89   8  27          . p:    3697   31733 e: -88.3 r:   4.8   
Oman=Confirmed i:  90   9  28  4/22/2020 p:    3697   31733 e: -88.3 r:   5.1   
Oman=Confirmed i:  91  10  29          . p:    3025   31733 e: -90.5 r:   5.4   
Oman=Confirmed i:  92  11  30  4/24/2020 p:    3697   31733 e: -88.3 r:   5.6   
Oman=Confirmed i:  93  12  31          . p:    3697   31733 e: -88.3 r:   6.0   
Oman=Confirmed i:  94  13  32  4/26/2020 p:    4370   31733 e: -86.2 r:   6.3   
Oman=Confirmed i:  95  14  33          . p:    3025   31733 e: -90.5 r:   6.5   
Oman=Confirmed i:  96  15  34  4/28/2020 p:    3025   31733 e: -90.5 r:   6.7   
Oman=Confirmed i:  97  16  35          . p:    3697   31733 e: -88.3 r:   7.2   
Oman=Confirmed i:  98  17  36  4/30/2020 p:    3697   31733 e: -88.3 r:   7.4   
Oman=Confirmed i:  99  18  37          . p:    3697   31733 e: -88.3 r:   7.7   
Oman=Confirmed i: 100  19  38   5/2/2020 p:    3697   31733 e: -88.3 r:   7.8   
Oman=Confirmed i: 101  20  39          . p:    3697   31733 e: -88.3 r:   8.1   
Oman=Confirmed i: 102  21  40   5/4/2020 p:    3697   31733 e: -88.3 r:   8.3   
Oman=Confirmed i: 103  22  41          . p:    3697   31733 e: -88.3 r:   8.6   
Oman=Confirmed i: 104  23  42   5/6/2020 p:    4370   31733 e: -86.2 r:   9.1   
Oman=Confirmed i: 105  24  43          . p:    4370   31733 e: -86.2 r:   9.3   
Oman=Confirmed i: 106  25  44   5/8/2020 p:    5042   31733 e: -84.1 r:   9.8   
Oman=Confirmed i: 107  26  45          . p:    5042   31733 e: -84.1 r:  10.2   
Oman=Confirmed i: 108  27  46  5/10/2020 p:    5714   31733 e: -82.0 r:  10.7   
Oman=Confirmed i: 109  28  47          . p:    5714   31733 e: -82.0 r:  11.3   
Oman=Confirmed i: 110  29  48  5/12/2020 p:    6387   31733 e: -79.9 r:  11.7   
Oman=Confirmed i: 111  30  49          . p:    7731   31733 e: -75.6 r:  12.7   
Oman=Confirmed i: 112  31  50  5/14/2020 p:    9076   31733 e: -71.4 r:  13.7   
Oman=Confirmed i: 113  32  51          . p:   10421   31733 e: -67.2 r:  14.6   
Oman=Confirmed i: 114  33  52  5/16/2020 p:   15799   31733 e: -50.2 r:  15.8   
Oman=Confirmed i: 115  34  53          . p:   17816   31733 e: -43.9 r:  16.3   
Oman=Confirmed i: 116  35  54  5/18/2020 p:   19833   31733 e: -37.5 r:  17.0   
Oman=Confirmed i: 117  36  55          . p:   21178   31733 e: -33.3 r:  17.9   
Oman=Confirmed i: 118  37  56  5/20/2020 p:   23867   31733 e: -24.8 r:  19.0   
Oman=Confirmed i: 119  38  57          . p:   26557   31733 e: -16.3 r:  20.1   
Oman=Confirmed i: 120  39  58  5/22/2020 p:   29246   31733 e:  -7.8 r:  21.4 OK
Oman=Confirmed i: 121  40  59          . p:   35969   31733 e:  13.3 r:  22.9 OK
Oman=Confirmed i: 122  41  60  5/24/2020 p:   42692   31733 e:  34.5 r:  24.5   
Oman=Confirmed i: 123  42  61          . p:   47399   31733 e:  49.4 r:  25.0   
Oman=Confirmed i: 124  43  62  5/26/2020 p:   45382   31733 e:  43.0 r:  25.6   
Oman=Confirmed i: 125  44  63          . p:   47399   31733 e:  49.4 r:  26.4   
Oman=Confirmed i: 126  45  64  5/28/2020 p:   50760   31733 e:  60.0 r:  28.4   
Oman=Confirmed i: 127  46  65          . p:       0   31733 e: -100.0 r:  30.9   
Oman=Confirmed i: 128  47  66  5/30/2020 p:       0   31733 e: -100.0 r:  32.8   
Oman=Confirmed i: 129  48  67          . p:       0   31733 e: -100.0 r:  36.0   
Oman=Confirmed i: 130  49  68   6/1/2020 p:       0   31733 e: -100.0 r:  38.5   
Oman=Confirmed i: 131  50  69          . p:       0   31733 e: -100.0 r:  40.3   
Oman=Confirmed i: 132  51  70   6/3/2020 p:       0   31733 e: -100.0 r:  42.7   
Oman=Confirmed i: 133  52  71          . p:       0   31733 e: -100.0 r:  45.1   
Oman=Confirmed i: 134  53  72   6/5/2020 p:       0   31733 e: -100.0 r:  47.5   
Oman=Confirmed i: 135  54  73          . p:   35297   31733 e:  11.2 r:  50.5 OK
Oman=Confirmed i: 136  55  74   6/7/2020 p:   42692   31733 e:  34.5 r:  53.2   
Oman=Confirmed i: 137  56  75          . p:   42692   31733 e:  34.5 r:  55.1   
Oman=Confirmed i: 138  57  76   6/9/2020 p:   37986   31733 e:  19.7 r:  57.3   
