
  # Process COVID TAB data
p1= - il= 138
p1= - il= 137
p1= - il= 136
p1= 785 il= 135
p1= - il= 134
Honduras=Deaths nl = 139, n1= 5 s1= 157 s2= 123245 SD= 314 frac%= 200
Honduras=Deaths i:  69  69  -3          . p:      16     157 e: -89.8 r:   6.4   
Honduras=Deaths i:  70  70  -2   4/2/2020 p:      23     157 e: -85.4 r:   8.9   
Honduras=Deaths i:  71  71  -1          . p:      20     157 e: -87.3 r:   9.6   
Honduras=Deaths i:  72  72   0   4/4/2020 p:      16     157 e: -89.8 r:   9.6   
Honduras=Deaths i:  73  73   1          . p:      45     157 e: -71.3 r:  14.0   
Honduras=Deaths i:  74  74   2   4/6/2020 p:      34     157 e: -78.3 r:  14.0   
Honduras=Deaths i:  75  75   3          . p:      30     157 e: -80.9 r:  14.0   
Honduras=Deaths i:  76  76   4   4/8/2020 p:      25     157 e: -84.1 r:  14.0   
Honduras=Deaths i:  77  77   5          . p:      23     157 e: -85.4 r:  14.6   
Honduras=Deaths i:  78  78   6  4/10/2020 p:      23     157 e: -85.4 r:  14.6   
Honduras=Deaths i:  79  79   7          . p:      25     157 e: -84.1 r:  15.3   
Honduras=Deaths i:  80  80   8  4/12/2020 p:      25     157 e: -84.1 r:  15.9   
Honduras=Deaths i:  81  81   9          . p:      25     157 e: -84.1 r:  15.9   
Honduras=Deaths i:  82  82  10  4/14/2020 p:      25     157 e: -84.1 r:  16.6   
Honduras=Deaths i:  87  87  15          . p:      65     157 e: -58.6 r:  29.3   
Honduras=Deaths i:  88  88  16  4/20/2020 p:      45     157 e: -71.3 r:  29.3   
Honduras=Deaths i:  89  89  17          . p:      45     157 e: -71.3 r:  29.3   
Honduras=Deaths i:  90  90  18  4/22/2020 p:      45     157 e: -71.3 r:  29.3   
Honduras=Deaths i:  91  91  19          . p:      45     157 e: -71.3 r:  29.9   
Honduras=Deaths i:  92  92  20  4/24/2020 p:      85     157 e: -45.9 r:  35.0   
Honduras=Deaths i:  93  93  21          . p:      95     157 e: -39.5 r:  37.6   
Honduras=Deaths i:  94  94  22  4/26/2020 p:      95     157 e: -39.5 r:  37.6   
Honduras=Deaths i:  95  95  23          . p:      65     157 e: -58.6 r:  38.9   
Honduras=Deaths i:  96  96  24  4/28/2020 p:      85     157 e: -45.9 r:  40.8   
Honduras=Deaths i:  97  97  25          . p:      75     157 e: -52.2 r:  42.0   
Honduras=Deaths i:  98  98  26  4/30/2020 p:     105     157 e: -33.1 r:  45.2   
Honduras=Deaths i:  99  99  27          . p:     125     157 e: -20.4 r:  47.8   
Honduras=Deaths i: 100 100  28   5/2/2020 p:     125     157 e: -20.4 r:  48.4   
Honduras=Deaths i: 101   0  29          . p:     155     157 e:  -1.3 r:  52.2 OK 1st
Honduras=Deaths i: 102   1  30   5/4/2020 p:     155     157 e:  -1.3 r:  52.9 OK
Honduras=Deaths i: 103   2  31          . p:     225     157 e:  43.3 r:  59.2   
Honduras=Deaths i: 104   3  32   5/6/2020 p:     335     157 e: 113.4 r:  63.1   
Honduras=Deaths i: 105   4  33          . p:     235     157 e:  49.7 r:  66.9   
Honduras=Deaths i: 106   5  34   5/8/2020 p:     605     157 e: 285.4 r:  68.2   
Honduras=Deaths i: 107   6  35          . p:     115     157 e: -26.8 r:  68.8   
Honduras=Deaths i: 108   7  36  5/10/2020 p:     105     157 e: -33.1 r:  68.8   
Honduras=Deaths i: 109   8  37          . p:     485     157 e: 208.9 r:  73.9   
Honduras=Deaths i: 110   9  38  5/12/2020 p:       0     157 e: -100.0 r:  77.1   
Honduras=Deaths i: 111  10  39          . p:     555     157 e: 253.5 r:  78.3   
Honduras=Deaths i: 112  11  40  5/14/2020 p:     325     157 e: 107.0 r:  84.7   
Honduras=Deaths i: 113  12  41          . p:     245     157 e:  56.1 r:  85.4   
Honduras=Deaths i: 114  13  42  5/16/2020 p:     235     157 e:  49.7 r:  87.9   
Honduras=Deaths i: 115  14  43          . p:     235     157 e:  49.7 r:  90.4   
Honduras=Deaths i: 116  15  44  5/18/2020 p:     235     157 e:  49.7 r:  93.0   
Honduras=Deaths i: 117  16  45          . p:     165     157 e:   5.1 r:  93.6 OK
Honduras=Deaths i: 118  17  46  5/20/2020 p:     152     157 e:  -3.2 r:  93.6 OK
Honduras=Deaths i: 119  18  47          . p:     222     157 e:  41.4 r:  99.4   
Honduras=Deaths i: 120  19  48  5/22/2020 p:     305     157 e:  94.3 r: 106.4   
Honduras=Deaths i: 121  20  49          . p:     315     157 e: 100.6 r: 106.4   
Honduras=Deaths i: 122  21  50  5/24/2020 p:     535     157 e: 240.8 r: 114.6   
Honduras=Deaths i: 123  22  51          . p:     455     157 e: 189.8 r: 115.9   
Honduras=Deaths i: 124  23  52  5/26/2020 p:     595     157 e: 279.0 r: 119.7   
Honduras=Deaths i: 125  24  53          . p:     555     157 e: 253.5 r: 123.6   
Honduras=Deaths i: 126  25  54  5/28/2020 p:     625     157 e: 298.1 r: 124.8   
Honduras=Deaths i: 127  26  55          . p:     515     157 e: 228.0 r: 124.8   
Honduras=Deaths i: 128  27  56  5/30/2020 p:     215     157 e:  36.9 r: 128.0   
Honduras=Deaths i: 129  28  57          . p:     565     157 e: 259.9 r: 135.0   
Honduras=Deaths i: 130  29  58   6/1/2020 p:     605     157 e: 285.4 r: 138.2   
Honduras=Deaths i: 131  30  59          . p:     595     157 e: 279.0 r: 143.3   
Honduras=Deaths i: 132  31  60   6/3/2020 p:     665     157 e: 323.6 r: 149.0   
Honduras=Deaths i: 133  32  61          . p:     755     157 e: 380.9 r: 154.8   
Honduras=Deaths i: 134  33  62   6/5/2020 p:       0     157 e: -100.0 r: 158.0   
Honduras=Deaths i: 135  34  63          . p:     785     157 e: 400.0 r: 159.2   
Honduras=Deaths i: 136  35  64   6/7/2020 p:       0     157 e: -100.0 r: 164.3   
Honduras=Deaths i: 137  36  65          . p:       0     157 e: -100.0 r: 166.9   
Honduras=Deaths i: 138  37  66   6/9/2020 p:       0     157 e: -100.0 r: 172.6   
